ARM GAS  C:\Users\RECEPC~1\AppData\Local\Temp\ccr8WpXf.s 			page 1


   1              		.syntax unified
   2              		.cpu cortex-m3
   3              		.fpu softvfp
   4              		.eabi_attribute 20, 1
   5              		.eabi_attribute 21, 1
   6              		.eabi_attribute 23, 3
   7              		.eabi_attribute 24, 1
   8              		.eabi_attribute 25, 1
   9              		.eabi_attribute 26, 1
  10              		.eabi_attribute 30, 6
  11              		.eabi_attribute 34, 1
  12              		.eabi_attribute 18, 4
  13              		.thumb
  14              		.file	"AdvantageFlow.c"
  15              		.text
  16              	.Ltext0:
  17              		.cfi_sections	.debug_frame
  18              		.section	.text.GetTransactionByName,"ax",%progbits
  19              		.align	2
  20              		.global	GetTransactionByName
  21              		.thumb
  22              		.thumb_func
  23              		.type	GetTransactionByName, %function
  24              	GetTransactionByName:
  25              	.LFB0:
  26              		.file 1 ".\\AdvantageFlow.c"
   1:.\AdvantageFlow.c **** /* ========================================
   2:.\AdvantageFlow.c ****  *
   3:.\AdvantageFlow.c ****  * Copyright INSEPET SISTEMAS, 2016
   4:.\AdvantageFlow.c ****  * All Rights Reserved
   5:.\AdvantageFlow.c ****  * UNPUBLISHED, LICENSED SOFTWARE.
   6:.\AdvantageFlow.c ****  *
   7:.\AdvantageFlow.c ****  * CONFIDENTIAL AND PROPRIETARY INFORMATION
   8:.\AdvantageFlow.c ****  * WHICH IS THE PROPERTY OF your company.
   9:.\AdvantageFlow.c ****  *
  10:.\AdvantageFlow.c ****  * ========================================
  11:.\AdvantageFlow.c **** @Created By: HIJH
  12:.\AdvantageFlow.c **** @Date: Novembre de 2016
  13:.\AdvantageFlow.c **** */
  14:.\AdvantageFlow.c **** 
  15:.\AdvantageFlow.c **** #include "GlobalDefinitions.h"
  16:.\AdvantageFlow.c **** #include "Dispenser.h"
  17:.\AdvantageFlow.c **** 
  18:.\AdvantageFlow.c **** #ifdef ADVANTAGE_PROTOCOL
  19:.\AdvantageFlow.c ****     
  20:.\AdvantageFlow.c **** void InitiateTransaction(void *pparam);
  21:.\AdvantageFlow.c **** void TerminateTransaction(void *pparam);
  22:.\AdvantageFlow.c **** void TerminateTransactionAndPrint(void *pparam);
  23:.\AdvantageFlow.c **** 
  24:.\AdvantageFlow.c **** //@Created By: HIJH
  25:.\AdvantageFlow.c **** //@Septembre de 2016
  26:.\AdvantageFlow.c **** PumpTransaction *GetTransactionByName(uint8 codename)
  27:.\AdvantageFlow.c **** {
  27              		.loc 1 27 0
  28              		.cfi_startproc
  29              		@ args = 0, pretend = 0, frame = 16
  30              		@ frame_needed = 1, uses_anonymous_args = 0
ARM GAS  C:\Users\RECEPC~1\AppData\Local\Temp\ccr8WpXf.s 			page 2


  31              		@ link register save eliminated.
  32 0000 80B4     		push	{r7}
  33              		.cfi_def_cfa_offset 4
  34              		.cfi_offset 7, -4
  35 0002 85B0     		sub	sp, sp, #20
  36              		.cfi_def_cfa_offset 24
  37 0004 00AF     		add	r7, sp, #0
  38              		.cfi_def_cfa_register 7
  39 0006 0346     		mov	r3, r0
  40 0008 FB71     		strb	r3, [r7, #7]
  28:.\AdvantageFlow.c ****     PumpTransaction *pretval = NULL;
  41              		.loc 1 28 0
  42 000a 0023     		movs	r3, #0
  43 000c FB60     		str	r3, [r7, #12]
  29:.\AdvantageFlow.c ****     PumpTransaction *ptr = _g_standardtransactions;
  44              		.loc 1 29 0
  45 000e 0D4B     		ldr	r3, .L7
  46 0010 BB60     		str	r3, [r7, #8]
  30:.\AdvantageFlow.c ****     while(ptr->_transactionname != 0xFF)
  47              		.loc 1 30 0
  48 0012 0BE0     		b	.L2
  49              	.L5:
  31:.\AdvantageFlow.c ****     {
  32:.\AdvantageFlow.c ****         if(ptr->_transactionname == codename)
  50              		.loc 1 32 0
  51 0014 BB68     		ldr	r3, [r7, #8]
  52 0016 1B78     		ldrb	r3, [r3]	@ zero_extendqisi2
  53 0018 FA79     		ldrb	r2, [r7, #7]	@ zero_extendqisi2
  54 001a 9A42     		cmp	r2, r3
  55 001c 02D1     		bne	.L3
  33:.\AdvantageFlow.c ****         {
  34:.\AdvantageFlow.c ****             pretval = ptr;
  56              		.loc 1 34 0
  57 001e BB68     		ldr	r3, [r7, #8]
  58 0020 FB60     		str	r3, [r7, #12]
  35:.\AdvantageFlow.c ****             break;
  59              		.loc 1 35 0
  60 0022 07E0     		b	.L4
  61              	.L3:
  36:.\AdvantageFlow.c ****         }
  37:.\AdvantageFlow.c ****         ptr++;
  62              		.loc 1 37 0
  63 0024 BB68     		ldr	r3, [r7, #8]
  64 0026 03F56B73 		add	r3, r3, #940
  65 002a BB60     		str	r3, [r7, #8]
  66              	.L2:
  30:.\AdvantageFlow.c ****     {
  67              		.loc 1 30 0
  68 002c BB68     		ldr	r3, [r7, #8]
  69 002e 1B78     		ldrb	r3, [r3]	@ zero_extendqisi2
  70 0030 FF2B     		cmp	r3, #255
  71 0032 EFD1     		bne	.L5
  72              	.L4:
  38:.\AdvantageFlow.c ****     }
  39:.\AdvantageFlow.c ****     return pretval;
  73              		.loc 1 39 0
  74 0034 FB68     		ldr	r3, [r7, #12]
ARM GAS  C:\Users\RECEPC~1\AppData\Local\Temp\ccr8WpXf.s 			page 3


  40:.\AdvantageFlow.c **** }
  75              		.loc 1 40 0
  76 0036 1846     		mov	r0, r3
  77 0038 1437     		adds	r7, r7, #20
  78              		.cfi_def_cfa_offset 4
  79 003a BD46     		mov	sp, r7
  80              		.cfi_def_cfa_register 13
  81              		@ sp needed
  82 003c 5DF8047B 		ldr	r7, [sp], #4
  83              		.cfi_restore 7
  84              		.cfi_def_cfa_offset 0
  85 0040 7047     		bx	lr
  86              	.L8:
  87 0042 00BF     		.align	2
  88              	.L7:
  89 0044 00000000 		.word	_g_standardtransactions
  90              		.cfi_endproc
  91              	.LFE0:
  92              		.size	GetTransactionByName, .-GetTransactionByName
  93              		.global	_g_standardtransactions
  94              		.data
  95              		.align	2
  96              		.type	_g_standardtransactions, %object
  97              		.size	_g_standardtransactions, 15040
  98              	_g_standardtransactions:
  99 0000 0F       		.byte	15
 100 0001 000000   		.space	3
 101 0004 00000000 		.word	PumpDataToPump
 102 0008 00000000 		.word	AcquireDatatoPumpResponse
 103 000c 00000000 		.word	PumpJobTimeout
 104 0010 00000000 		.word	0
 105 0014 5000     		.short	80
 106 0016 0000     		.space	2
 107 0018 14000000 		.word	20
 108 001c 01       		.byte	1
 109 001d 01       		.byte	1
 110 001e 00       		.byte	0
 111 001f 00       		.byte	0
 112 0020 00       		.byte	0
 113 0021 00       		.byte	0
 114 0022 FF       		.byte	-1
 115 0023 FF       		.byte	-1
 116 0024 FF       		.byte	-1
 117 0025 FF       		.byte	-1
 118 0026 01       		.byte	1
 119 0027 00       		.byte	0
 120 0028 00       		.byte	0
 121 0029 00       		.byte	0
 122 002a 0D       		.byte	13
 123 002b FF       		.byte	-1
 124 002c FF       		.byte	-1
 125 002d FF       		.byte	-1
 126 002e 0000     		.space	2
 127 0030 00000000 		.word	0
 128 0034 00000000 		.word	0
 129 0038 00000000 		.word	PumpPresetHose
 130 003c 00000000 		.word	0
ARM GAS  C:\Users\RECEPC~1\AppData\Local\Temp\ccr8WpXf.s 			page 4


 131 0040 00000000 		.word	0
 132 0044 00000000 		.word	0
 133 0048 5000     		.short	80
 134 004a 0000     		.space	2
 135 004c 00000000 		.word	0
 136 0050 00       		.byte	0
 137 0051 00       		.byte	0
 138 0052 01       		.byte	1
 139 0053 00       		.byte	0
 140 0054 00       		.byte	0
 141 0055 00       		.byte	0
 142 0056 0D       		.byte	13
 143 0057 FF       		.byte	-1
 144 0058 FF       		.byte	-1
 145 0059 FF       		.byte	-1
 146 005a 00       		.byte	0
 147 005b 00       		.byte	0
 148 005c 00       		.byte	0
 149 005d 00       		.byte	0
 150 005e FF       		.byte	-1
 151 005f FF       		.byte	-1
 152 0060 FF       		.byte	-1
 153 0061 FF       		.byte	-1
 154 0062 0000     		.space	2
 155 0064 00000000 		.word	0
 156 0068 00000000 		.word	0
 157 006c 00000000 		.word	PumpStateRequest
 158 0070 00000000 		.word	AcquirePumpStateResponse
 159 0074 00000000 		.word	PumpJobTimeout
 160 0078 00000000 		.word	0
 161 007c 5000     		.short	80
 162 007e 0000     		.space	2
 163 0080 00000000 		.word	0
 164 0084 01       		.byte	1
 165 0085 00       		.byte	0
 166 0086 00       		.byte	0
 167 0087 00       		.byte	0
 168 0088 00       		.byte	0
 169 0089 00       		.byte	0
 170 008a FF       		.byte	-1
 171 008b FF       		.byte	-1
 172 008c FF       		.byte	-1
 173 008d FF       		.byte	-1
 174 008e 00       		.byte	0
 175 008f 00       		.byte	0
 176 0090 00       		.byte	0
 177 0091 00       		.byte	0
 178 0092 FF       		.byte	-1
 179 0093 FF       		.byte	-1
 180 0094 FF       		.byte	-1
 181 0095 FF       		.byte	-1
 182 0096 0000     		.space	2
 183 0098 00000000 		.word	0
 184 009c 00000000 		.word	0
 185 00a0 00000000 		.word	PumpAuthorization
 186 00a4 00000000 		.word	0
 187 00a8 00000000 		.word	0
ARM GAS  C:\Users\RECEPC~1\AppData\Local\Temp\ccr8WpXf.s 			page 5


 188 00ac 00000000 		.word	0
 189 00b0 5000     		.short	80
 190 00b2 0000     		.space	2
 191 00b4 00000000 		.word	0
 192 00b8 00       		.byte	0
 193 00b9 00       		.byte	0
 194 00ba 01       		.byte	1
 195 00bb 01       		.byte	1
 196 00bc 00       		.byte	0
 197 00bd 00       		.byte	0
 198 00be 06       		.byte	6
 199 00bf 07       		.byte	7
 200 00c0 FF       		.byte	-1
 201 00c1 FF       		.byte	-1
 202 00c2 00       		.byte	0
 203 00c3 00       		.byte	0
 204 00c4 00       		.byte	0
 205 00c5 00       		.byte	0
 206 00c6 FF       		.byte	-1
 207 00c7 FF       		.byte	-1
 208 00c8 FF       		.byte	-1
 209 00c9 FF       		.byte	-1
 210 00ca 0000     		.space	2
 211 00cc 00000000 		.word	0
 212 00d0 00000000 		.word	0
 213 00d4 00000000 		.word	PumpStateRequest
 214 00d8 00000000 		.word	AcquirePumpStateResponse
 215 00dc 00000000 		.word	PumpJobTimeout
 216 00e0 00000000 		.word	0
 217 00e4 5000     		.short	80
 218 00e6 0000     		.space	2
 219 00e8 00000000 		.word	0
 220 00ec 01       		.byte	1
 221 00ed 00       		.byte	0
 222 00ee 00       		.byte	0
 223 00ef 00       		.byte	0
 224 00f0 00       		.byte	0
 225 00f1 00       		.byte	0
 226 00f2 FF       		.byte	-1
 227 00f3 FF       		.byte	-1
 228 00f4 FF       		.byte	-1
 229 00f5 FF       		.byte	-1
 230 00f6 01       		.byte	1
 231 00f7 01       		.byte	1
 232 00f8 00       		.byte	0
 233 00f9 00       		.byte	0
 234 00fa 08       		.byte	8
 235 00fb 09       		.byte	9
 236 00fc FF       		.byte	-1
 237 00fd FF       		.byte	-1
 238 00fe 0000     		.space	2
 239 0100 00000000 		.word	0
 240 0104 00000000 		.word	PumpPresetNotification
 241 0108 00000000 		.word	0
 242 010c 00000000 		.word	0
 243 0110 00000000 		.word	0
 244 0114 00000000 		.word	0
ARM GAS  C:\Users\RECEPC~1\AppData\Local\Temp\ccr8WpXf.s 			page 6


 245 0118 0000     		.short	0
 246 011a 0000     		.space	2
 247 011c 00000000 		.word	0
 248 0120 00       		.byte	0
 249 0121 00       		.byte	0
 250 0122 00000000 		.space	4
 251 0126 00000000 		.space	4
 252 012a 00000000 		.space	4
 253 012e 00000000 		.space	4
 254 0132 0000     		.space	2
 255 0134 00000000 		.word	0
 256 0138 00000000 		.word	0
 257 013c 00000000 		.space	624
 257      00000000 
 257      00000000 
 257      00000000 
 257      00000000 
 258 03ac 10       		.byte	16
 259 03ad 000000   		.space	3
 260 03b0 00000000 		.word	PumpDataToPump
 261 03b4 00000000 		.word	AcquireDatatoPumpResponse
 262 03b8 00000000 		.word	PumpJobTimeout
 263 03bc 00000000 		.word	0
 264 03c0 5000     		.short	80
 265 03c2 0000     		.space	2
 266 03c4 14000000 		.word	20
 267 03c8 01       		.byte	1
 268 03c9 01       		.byte	1
 269 03ca 00       		.byte	0
 270 03cb 00       		.byte	0
 271 03cc 00       		.byte	0
 272 03cd 00       		.byte	0
 273 03ce FF       		.byte	-1
 274 03cf FF       		.byte	-1
 275 03d0 FF       		.byte	-1
 276 03d1 FF       		.byte	-1
 277 03d2 01       		.byte	1
 278 03d3 00       		.byte	0
 279 03d4 00       		.byte	0
 280 03d5 00       		.byte	0
 281 03d6 0D       		.byte	13
 282 03d7 FF       		.byte	-1
 283 03d8 FF       		.byte	-1
 284 03d9 FF       		.byte	-1
 285 03da 0000     		.space	2
 286 03dc 00000000 		.word	0
 287 03e0 00000000 		.word	0
 288 03e4 00000000 		.word	PumpPresetHose
 289 03e8 00000000 		.word	0
 290 03ec 00000000 		.word	0
 291 03f0 00000000 		.word	0
 292 03f4 5000     		.short	80
 293 03f6 0000     		.space	2
 294 03f8 00000000 		.word	0
 295 03fc 00       		.byte	0
 296 03fd 00       		.byte	0
 297 03fe 01       		.byte	1
ARM GAS  C:\Users\RECEPC~1\AppData\Local\Temp\ccr8WpXf.s 			page 7


 298 03ff 00       		.byte	0
 299 0400 00       		.byte	0
 300 0401 00       		.byte	0
 301 0402 0D       		.byte	13
 302 0403 FF       		.byte	-1
 303 0404 FF       		.byte	-1
 304 0405 FF       		.byte	-1
 305 0406 00       		.byte	0
 306 0407 00       		.byte	0
 307 0408 00       		.byte	0
 308 0409 00       		.byte	0
 309 040a FF       		.byte	-1
 310 040b FF       		.byte	-1
 311 040c FF       		.byte	-1
 312 040d FF       		.byte	-1
 313 040e 0000     		.space	2
 314 0410 00000000 		.word	0
 315 0414 00000000 		.word	0
 316 0418 00000000 		.word	PumpStateRequest
 317 041c 00000000 		.word	AcquirePumpStateResponse
 318 0420 00000000 		.word	PumpJobTimeout
 319 0424 00000000 		.word	0
 320 0428 5000     		.short	80
 321 042a 0000     		.space	2
 322 042c 00000000 		.word	0
 323 0430 01       		.byte	1
 324 0431 00       		.byte	0
 325 0432 00       		.byte	0
 326 0433 00       		.byte	0
 327 0434 00       		.byte	0
 328 0435 00       		.byte	0
 329 0436 FF       		.byte	-1
 330 0437 FF       		.byte	-1
 331 0438 FF       		.byte	-1
 332 0439 FF       		.byte	-1
 333 043a 00       		.byte	0
 334 043b 00       		.byte	0
 335 043c 00       		.byte	0
 336 043d 00       		.byte	0
 337 043e FF       		.byte	-1
 338 043f FF       		.byte	-1
 339 0440 FF       		.byte	-1
 340 0441 FF       		.byte	-1
 341 0442 0000     		.space	2
 342 0444 00000000 		.word	0
 343 0448 00000000 		.word	0
 344 044c 00000000 		.word	PumpAuthorization
 345 0450 00000000 		.word	0
 346 0454 00000000 		.word	0
 347 0458 00000000 		.word	0
 348 045c 5000     		.short	80
 349 045e 0000     		.space	2
 350 0460 00000000 		.word	0
 351 0464 00       		.byte	0
 352 0465 00       		.byte	0
 353 0466 01       		.byte	1
 354 0467 01       		.byte	1
ARM GAS  C:\Users\RECEPC~1\AppData\Local\Temp\ccr8WpXf.s 			page 8


 355 0468 00       		.byte	0
 356 0469 00       		.byte	0
 357 046a 06       		.byte	6
 358 046b 07       		.byte	7
 359 046c FF       		.byte	-1
 360 046d FF       		.byte	-1
 361 046e 00       		.byte	0
 362 046f 00       		.byte	0
 363 0470 00       		.byte	0
 364 0471 00       		.byte	0
 365 0472 FF       		.byte	-1
 366 0473 FF       		.byte	-1
 367 0474 FF       		.byte	-1
 368 0475 FF       		.byte	-1
 369 0476 0000     		.space	2
 370 0478 00000000 		.word	0
 371 047c 00000000 		.word	0
 372 0480 00000000 		.word	PumpStateRequest
 373 0484 00000000 		.word	AcquirePumpStateResponse
 374 0488 00000000 		.word	PumpJobTimeout
 375 048c 00000000 		.word	0
 376 0490 5000     		.short	80
 377 0492 0000     		.space	2
 378 0494 00000000 		.word	0
 379 0498 01       		.byte	1
 380 0499 00       		.byte	0
 381 049a 00       		.byte	0
 382 049b 00       		.byte	0
 383 049c 00       		.byte	0
 384 049d 00       		.byte	0
 385 049e FF       		.byte	-1
 386 049f FF       		.byte	-1
 387 04a0 FF       		.byte	-1
 388 04a1 FF       		.byte	-1
 389 04a2 01       		.byte	1
 390 04a3 01       		.byte	1
 391 04a4 00       		.byte	0
 392 04a5 00       		.byte	0
 393 04a6 08       		.byte	8
 394 04a7 09       		.byte	9
 395 04a8 FF       		.byte	-1
 396 04a9 FF       		.byte	-1
 397 04aa 0000     		.space	2
 398 04ac 00000000 		.word	0
 399 04b0 00000000 		.word	PumpPresetNotification
 400 04b4 00000000 		.word	0
 401 04b8 00000000 		.word	0
 402 04bc 00000000 		.word	0
 403 04c0 00000000 		.word	0
 404 04c4 0000     		.short	0
 405 04c6 0000     		.space	2
 406 04c8 00000000 		.word	0
 407 04cc 00       		.byte	0
 408 04cd 00       		.byte	0
 409 04ce 00000000 		.space	4
 410 04d2 00000000 		.space	4
 411 04d6 00000000 		.space	4
ARM GAS  C:\Users\RECEPC~1\AppData\Local\Temp\ccr8WpXf.s 			page 9


 412 04da 00000000 		.space	4
 413 04de 0000     		.space	2
 414 04e0 00000000 		.word	0
 415 04e4 00000000 		.word	0
 416 04e8 00000000 		.space	624
 416      00000000 
 416      00000000 
 416      00000000 
 416      00000000 
 417 0758 43       		.byte	67
 418 0759 000000   		.space	3
 419 075c 00000000 		.word	PumpDataToPump
 420 0760 00000000 		.word	AcquireDatatoPumpResponse
 421 0764 00000000 		.word	PumpJobTimeout
 422 0768 00000000 		.word	0
 423 076c 0000     		.short	0
 424 076e 0000     		.space	2
 425 0770 14000000 		.word	20
 426 0774 01       		.byte	1
 427 0775 01       		.byte	1
 428 0776 00       		.byte	0
 429 0777 00       		.byte	0
 430 0778 00       		.byte	0
 431 0779 00       		.byte	0
 432 077a FF       		.byte	-1
 433 077b FF       		.byte	-1
 434 077c FF       		.byte	-1
 435 077d FF       		.byte	-1
 436 077e 01       		.byte	1
 437 077f 00       		.byte	0
 438 0780 00       		.byte	0
 439 0781 00       		.byte	0
 440 0782 0D       		.byte	13
 441 0783 FF       		.byte	-1
 442 0784 FF       		.byte	-1
 443 0785 FF       		.byte	-1
 444 0786 0000     		.space	2
 445 0788 00000000 		.word	0
 446 078c 00000000 		.word	0
 447 0790 00000000 		.word	PumpFullPresetHose
 448 0794 00000000 		.word	0
 449 0798 00000000 		.word	0
 450 079c 00000000 		.word	0
 451 07a0 5000     		.short	80
 452 07a2 0000     		.space	2
 453 07a4 00000000 		.word	0
 454 07a8 00       		.byte	0
 455 07a9 00       		.byte	0
 456 07aa 01       		.byte	1
 457 07ab 00       		.byte	0
 458 07ac 00       		.byte	0
 459 07ad 00       		.byte	0
 460 07ae 0D       		.byte	13
 461 07af FF       		.byte	-1
 462 07b0 FF       		.byte	-1
 463 07b1 FF       		.byte	-1
 464 07b2 00       		.byte	0
ARM GAS  C:\Users\RECEPC~1\AppData\Local\Temp\ccr8WpXf.s 			page 10


 465 07b3 00       		.byte	0
 466 07b4 00       		.byte	0
 467 07b5 00       		.byte	0
 468 07b6 FF       		.byte	-1
 469 07b7 FF       		.byte	-1
 470 07b8 FF       		.byte	-1
 471 07b9 FF       		.byte	-1
 472 07ba 0000     		.space	2
 473 07bc 00000000 		.word	0
 474 07c0 00000000 		.word	0
 475 07c4 00000000 		.word	PumpStateRequest
 476 07c8 00000000 		.word	AcquirePumpStateResponse
 477 07cc 00000000 		.word	PumpJobTimeout
 478 07d0 00000000 		.word	0
 479 07d4 5000     		.short	80
 480 07d6 0000     		.space	2
 481 07d8 00000000 		.word	0
 482 07dc 01       		.byte	1
 483 07dd 00       		.byte	0
 484 07de 00       		.byte	0
 485 07df 00       		.byte	0
 486 07e0 00       		.byte	0
 487 07e1 00       		.byte	0
 488 07e2 FF       		.byte	-1
 489 07e3 FF       		.byte	-1
 490 07e4 FF       		.byte	-1
 491 07e5 FF       		.byte	-1
 492 07e6 00       		.byte	0
 493 07e7 00       		.byte	0
 494 07e8 00       		.byte	0
 495 07e9 00       		.byte	0
 496 07ea FF       		.byte	-1
 497 07eb FF       		.byte	-1
 498 07ec FF       		.byte	-1
 499 07ed FF       		.byte	-1
 500 07ee 0000     		.space	2
 501 07f0 00000000 		.word	0
 502 07f4 00000000 		.word	0
 503 07f8 00000000 		.word	PumpAuthorization
 504 07fc 00000000 		.word	0
 505 0800 00000000 		.word	0
 506 0804 00000000 		.word	0
 507 0808 5000     		.short	80
 508 080a 0000     		.space	2
 509 080c 00000000 		.word	0
 510 0810 00       		.byte	0
 511 0811 00       		.byte	0
 512 0812 01       		.byte	1
 513 0813 01       		.byte	1
 514 0814 00       		.byte	0
 515 0815 00       		.byte	0
 516 0816 06       		.byte	6
 517 0817 07       		.byte	7
 518 0818 FF       		.byte	-1
 519 0819 FF       		.byte	-1
 520 081a 00       		.byte	0
 521 081b 00       		.byte	0
ARM GAS  C:\Users\RECEPC~1\AppData\Local\Temp\ccr8WpXf.s 			page 11


 522 081c 00       		.byte	0
 523 081d 00       		.byte	0
 524 081e FF       		.byte	-1
 525 081f FF       		.byte	-1
 526 0820 FF       		.byte	-1
 527 0821 FF       		.byte	-1
 528 0822 0000     		.space	2
 529 0824 00000000 		.word	0
 530 0828 00000000 		.word	0
 531 082c 00000000 		.word	PumpStateRequest
 532 0830 00000000 		.word	AcquirePumpStateResponse
 533 0834 00000000 		.word	PumpJobTimeout
 534 0838 00000000 		.word	0
 535 083c 5000     		.short	80
 536 083e 0000     		.space	2
 537 0840 00000000 		.word	0
 538 0844 01       		.byte	1
 539 0845 00       		.byte	0
 540 0846 00       		.byte	0
 541 0847 00       		.byte	0
 542 0848 00       		.byte	0
 543 0849 00       		.byte	0
 544 084a FF       		.byte	-1
 545 084b FF       		.byte	-1
 546 084c FF       		.byte	-1
 547 084d FF       		.byte	-1
 548 084e 01       		.byte	1
 549 084f 01       		.byte	1
 550 0850 00       		.byte	0
 551 0851 00       		.byte	0
 552 0852 08       		.byte	8
 553 0853 09       		.byte	9
 554 0854 FF       		.byte	-1
 555 0855 FF       		.byte	-1
 556 0856 0000     		.space	2
 557 0858 00000000 		.word	0
 558 085c 00000000 		.word	PumpPresetNotification
 559 0860 00000000 		.word	0
 560 0864 00000000 		.word	0
 561 0868 00000000 		.word	0
 562 086c 00000000 		.word	0
 563 0870 0000     		.short	0
 564 0872 0000     		.space	2
 565 0874 00000000 		.word	0
 566 0878 00       		.byte	0
 567 0879 00       		.byte	0
 568 087a 00000000 		.space	4
 569 087e 00000000 		.space	4
 570 0882 00000000 		.space	4
 571 0886 00000000 		.space	4
 572 088a 0000     		.space	2
 573 088c 00000000 		.word	0
 574 0890 00000000 		.word	0
 575 0894 00000000 		.space	624
 575      00000000 
 575      00000000 
 575      00000000 
ARM GAS  C:\Users\RECEPC~1\AppData\Local\Temp\ccr8WpXf.s 			page 12


 575      00000000 
 576 0b04 44       		.byte	68
 577 0b05 000000   		.space	3
 578 0b08 00000000 		.word	PumpStateRequest
 579 0b0c 00000000 		.word	AcquirePumpStateResponse
 580 0b10 00000000 		.word	PumpJobTimeout
 581 0b14 00000000 		.word	0
 582 0b18 5000     		.short	80
 583 0b1a 0000     		.space	2
 584 0b1c 00000000 		.word	0
 585 0b20 01       		.byte	1
 586 0b21 00       		.byte	0
 587 0b22 00       		.byte	0
 588 0b23 00       		.byte	0
 589 0b24 00       		.byte	0
 590 0b25 00       		.byte	0
 591 0b26 FF       		.byte	-1
 592 0b27 FF       		.byte	-1
 593 0b28 FF       		.byte	-1
 594 0b29 FF       		.byte	-1
 595 0b2a 00       		.byte	0
 596 0b2b 00       		.byte	0
 597 0b2c 00       		.byte	0
 598 0b2d 00       		.byte	0
 599 0b2e FF       		.byte	-1
 600 0b2f FF       		.byte	-1
 601 0b30 FF       		.byte	-1
 602 0b31 FF       		.byte	-1
 603 0b32 0000     		.space	2
 604 0b34 00000000 		.word	0
 605 0b38 00000000 		.word	0
 606 0b3c 00000000 		.word	PumpDataToPump
 607 0b40 00000000 		.word	AcquireDatatoPumpResponse
 608 0b44 00000000 		.word	PumpJobTimeout
 609 0b48 00000000 		.word	0
 610 0b4c 0000     		.short	0
 611 0b4e 0000     		.space	2
 612 0b50 14000000 		.word	20
 613 0b54 01       		.byte	1
 614 0b55 01       		.byte	1
 615 0b56 00       		.byte	0
 616 0b57 00       		.byte	0
 617 0b58 00       		.byte	0
 618 0b59 00       		.byte	0
 619 0b5a FF       		.byte	-1
 620 0b5b FF       		.byte	-1
 621 0b5c FF       		.byte	-1
 622 0b5d FF       		.byte	-1
 623 0b5e 01       		.byte	1
 624 0b5f 00       		.byte	0
 625 0b60 00       		.byte	0
 626 0b61 00       		.byte	0
 627 0b62 0D       		.byte	13
 628 0b63 FF       		.byte	-1
 629 0b64 FF       		.byte	-1
 630 0b65 FF       		.byte	-1
 631 0b66 0000     		.space	2
ARM GAS  C:\Users\RECEPC~1\AppData\Local\Temp\ccr8WpXf.s 			page 13


 632 0b68 00000000 		.word	0
 633 0b6c 00000000 		.word	0
 634 0b70 00000000 		.word	PumpDefault2CreditPpuChange
 635 0b74 00000000 		.word	0
 636 0b78 00000000 		.word	0
 637 0b7c 00000000 		.word	0
 638 0b80 5000     		.short	80
 639 0b82 0000     		.space	2
 640 0b84 00000000 		.word	0
 641 0b88 00       		.byte	0
 642 0b89 00       		.byte	0
 643 0b8a 01       		.byte	1
 644 0b8b 00       		.byte	0
 645 0b8c 00       		.byte	0
 646 0b8d 00       		.byte	0
 647 0b8e 0D       		.byte	13
 648 0b8f FF       		.byte	-1
 649 0b90 FF       		.byte	-1
 650 0b91 FF       		.byte	-1
 651 0b92 00       		.byte	0
 652 0b93 00       		.byte	0
 653 0b94 00       		.byte	0
 654 0b95 00       		.byte	0
 655 0b96 FF       		.byte	-1
 656 0b97 FF       		.byte	-1
 657 0b98 FF       		.byte	-1
 658 0b99 FF       		.byte	-1
 659 0b9a 0000     		.space	2
 660 0b9c 00000000 		.word	0
 661 0ba0 00000000 		.word	0
 662 0ba4 00000000 		.word	PumpStateRequest
 663 0ba8 00000000 		.word	AcquirePumpStateResponse
 664 0bac 00000000 		.word	PumpJobTimeout
 665 0bb0 00000000 		.word	0
 666 0bb4 5000     		.short	80
 667 0bb6 0000     		.space	2
 668 0bb8 00000000 		.word	0
 669 0bbc 01       		.byte	1
 670 0bbd 00       		.byte	0
 671 0bbe 00       		.byte	0
 672 0bbf 00       		.byte	0
 673 0bc0 00       		.byte	0
 674 0bc1 00       		.byte	0
 675 0bc2 FF       		.byte	-1
 676 0bc3 FF       		.byte	-1
 677 0bc4 FF       		.byte	-1
 678 0bc5 FF       		.byte	-1
 679 0bc6 00       		.byte	0
 680 0bc7 00       		.byte	0
 681 0bc8 00       		.byte	0
 682 0bc9 00       		.byte	0
 683 0bca FF       		.byte	-1
 684 0bcb FF       		.byte	-1
 685 0bcc FF       		.byte	-1
 686 0bcd FF       		.byte	-1
 687 0bce 0000     		.space	2
 688 0bd0 00000000 		.word	0
ARM GAS  C:\Users\RECEPC~1\AppData\Local\Temp\ccr8WpXf.s 			page 14


 689 0bd4 00000000 		.word	0
 690 0bd8 00000000 		.word	PumpDataToPump
 691 0bdc 00000000 		.word	AcquireDatatoPumpResponse
 692 0be0 00000000 		.word	PumpJobTimeout
 693 0be4 00000000 		.word	0
 694 0be8 0000     		.short	0
 695 0bea 0000     		.space	2
 696 0bec 14000000 		.word	20
 697 0bf0 01       		.byte	1
 698 0bf1 01       		.byte	1
 699 0bf2 00       		.byte	0
 700 0bf3 00       		.byte	0
 701 0bf4 00       		.byte	0
 702 0bf5 00       		.byte	0
 703 0bf6 FF       		.byte	-1
 704 0bf7 FF       		.byte	-1
 705 0bf8 FF       		.byte	-1
 706 0bf9 FF       		.byte	-1
 707 0bfa 01       		.byte	1
 708 0bfb 00       		.byte	0
 709 0bfc 00       		.byte	0
 710 0bfd 00       		.byte	0
 711 0bfe 0D       		.byte	13
 712 0bff FF       		.byte	-1
 713 0c00 FF       		.byte	-1
 714 0c01 FF       		.byte	-1
 715 0c02 0000     		.space	2
 716 0c04 00000000 		.word	0
 717 0c08 00000000 		.word	0
 718 0c0c 00000000 		.word	PumpCreditPresetHose
 719 0c10 00000000 		.word	0
 720 0c14 00000000 		.word	0
 721 0c18 00000000 		.word	0
 722 0c1c 5000     		.short	80
 723 0c1e 0000     		.space	2
 724 0c20 00000000 		.word	0
 725 0c24 00       		.byte	0
 726 0c25 00       		.byte	0
 727 0c26 01       		.byte	1
 728 0c27 00       		.byte	0
 729 0c28 00       		.byte	0
 730 0c29 00       		.byte	0
 731 0c2a 0D       		.byte	13
 732 0c2b FF       		.byte	-1
 733 0c2c FF       		.byte	-1
 734 0c2d FF       		.byte	-1
 735 0c2e 00       		.byte	0
 736 0c2f 00       		.byte	0
 737 0c30 00       		.byte	0
 738 0c31 00       		.byte	0
 739 0c32 FF       		.byte	-1
 740 0c33 FF       		.byte	-1
 741 0c34 FF       		.byte	-1
 742 0c35 FF       		.byte	-1
 743 0c36 0000     		.space	2
 744 0c38 00000000 		.word	0
 745 0c3c 00000000 		.word	0
ARM GAS  C:\Users\RECEPC~1\AppData\Local\Temp\ccr8WpXf.s 			page 15


 746 0c40 00000000 		.word	PumpStateRequest
 747 0c44 00000000 		.word	AcquirePumpStateResponse
 748 0c48 00000000 		.word	PumpJobTimeout
 749 0c4c 00000000 		.word	0
 750 0c50 5000     		.short	80
 751 0c52 0000     		.space	2
 752 0c54 00000000 		.word	0
 753 0c58 01       		.byte	1
 754 0c59 00       		.byte	0
 755 0c5a 01       		.byte	1
 756 0c5b 00       		.byte	0
 757 0c5c 00       		.byte	0
 758 0c5d 00       		.byte	0
 759 0c5e 0D       		.byte	13
 760 0c5f FF       		.byte	-1
 761 0c60 FF       		.byte	-1
 762 0c61 FF       		.byte	-1
 763 0c62 01       		.byte	1
 764 0c63 01       		.byte	1
 765 0c64 00       		.byte	0
 766 0c65 00       		.byte	0
 767 0c66 06       		.byte	6
 768 0c67 07       		.byte	7
 769 0c68 FF       		.byte	-1
 770 0c69 FF       		.byte	-1
 771 0c6a 0000     		.space	2
 772 0c6c 00000000 		.word	0
 773 0c70 00000000 		.word	PumpCreditPresetNotification
 774 0c74 00000000 		.word	PumpAuthorization
 775 0c78 00000000 		.word	0
 776 0c7c 00000000 		.word	0
 777 0c80 00000000 		.word	0
 778 0c84 5000     		.short	80
 779 0c86 0000     		.space	2
 780 0c88 00000000 		.word	0
 781 0c8c 00       		.byte	0
 782 0c8d 00       		.byte	0
 783 0c8e 01       		.byte	1
 784 0c8f 01       		.byte	1
 785 0c90 00       		.byte	0
 786 0c91 00       		.byte	0
 787 0c92 06       		.byte	6
 788 0c93 07       		.byte	7
 789 0c94 FF       		.byte	-1
 790 0c95 FF       		.byte	-1
 791 0c96 00       		.byte	0
 792 0c97 00       		.byte	0
 793 0c98 00       		.byte	0
 794 0c99 00       		.byte	0
 795 0c9a FF       		.byte	-1
 796 0c9b FF       		.byte	-1
 797 0c9c FF       		.byte	-1
 798 0c9d FF       		.byte	-1
 799 0c9e 0000     		.space	2
 800 0ca0 00000000 		.word	0
 801 0ca4 00000000 		.word	0
 802 0ca8 00000000 		.word	PumpStateRequest
ARM GAS  C:\Users\RECEPC~1\AppData\Local\Temp\ccr8WpXf.s 			page 16


 803 0cac 00000000 		.word	AcquirePumpStateResponse
 804 0cb0 00000000 		.word	PumpJobTimeout
 805 0cb4 00000000 		.word	0
 806 0cb8 5000     		.short	80
 807 0cba 0000     		.space	2
 808 0cbc 00000000 		.word	0
 809 0cc0 01       		.byte	1
 810 0cc1 00       		.byte	0
 811 0cc2 00       		.byte	0
 812 0cc3 00       		.byte	0
 813 0cc4 00       		.byte	0
 814 0cc5 00       		.byte	0
 815 0cc6 FF       		.byte	-1
 816 0cc7 FF       		.byte	-1
 817 0cc8 FF       		.byte	-1
 818 0cc9 FF       		.byte	-1
 819 0cca 00       		.byte	0
 820 0ccb 00       		.byte	0
 821 0ccc 00       		.byte	0
 822 0ccd 00       		.byte	0
 823 0cce FF       		.byte	-1
 824 0ccf FF       		.byte	-1
 825 0cd0 FF       		.byte	-1
 826 0cd1 FF       		.byte	-1
 827 0cd2 0000     		.space	2
 828 0cd4 00000000 		.word	0
 829 0cd8 00000000 		.word	0
 830 0cdc 00000000 		.word	0
 831 0ce0 00000000 		.word	0
 832 0ce4 00000000 		.word	0
 833 0ce8 00000000 		.word	0
 834 0cec 0000     		.short	0
 835 0cee 0000     		.space	2
 836 0cf0 00000000 		.word	0
 837 0cf4 00       		.byte	0
 838 0cf5 00       		.byte	0
 839 0cf6 00000000 		.space	4
 840 0cfa 00000000 		.space	4
 841 0cfe 00000000 		.space	4
 842 0d02 00000000 		.space	4
 843 0d06 0000     		.space	2
 844 0d08 00000000 		.word	0
 845 0d0c 00000000 		.word	0
 846 0d10 00000000 		.space	416
 846      00000000 
 846      00000000 
 846      00000000 
 846      00000000 
 847 0eb0 46       		.byte	70
 848 0eb1 000000   		.space	3
 849 0eb4 00000000 		.word	PumpDataToPump
 850 0eb8 00000000 		.word	AcquireDatatoPumpResponse
 851 0ebc 00000000 		.word	PumpJobTimeout
 852 0ec0 00000000 		.word	0
 853 0ec4 5000     		.short	80
 854 0ec6 0000     		.space	2
 855 0ec8 00000000 		.word	0
ARM GAS  C:\Users\RECEPC~1\AppData\Local\Temp\ccr8WpXf.s 			page 17


 856 0ecc 01       		.byte	1
 857 0ecd 00       		.byte	0
 858 0ece 00       		.byte	0
 859 0ecf 00       		.byte	0
 860 0ed0 00       		.byte	0
 861 0ed1 00       		.byte	0
 862 0ed2 FF       		.byte	-1
 863 0ed3 FF       		.byte	-1
 864 0ed4 FF       		.byte	-1
 865 0ed5 FF       		.byte	-1
 866 0ed6 00       		.byte	0
 867 0ed7 00       		.byte	0
 868 0ed8 00       		.byte	0
 869 0ed9 00       		.byte	0
 870 0eda 0D       		.byte	13
 871 0edb FF       		.byte	-1
 872 0edc FF       		.byte	-1
 873 0edd FF       		.byte	-1
 874 0ede 0000     		.space	2
 875 0ee0 00000000 		.word	0
 876 0ee4 00000000 		.word	0
 877 0ee8 00000000 		.word	PumpCredit2DefaultPpuChange
 878 0eec 00000000 		.word	0
 879 0ef0 00000000 		.word	0
 880 0ef4 00000000 		.word	0
 881 0ef8 0000     		.short	0
 882 0efa 0000     		.space	2
 883 0efc 00000000 		.word	0
 884 0f00 00       		.byte	0
 885 0f01 00       		.byte	0
 886 0f02 01       		.byte	1
 887 0f03 00       		.byte	0
 888 0f04 00       		.byte	0
 889 0f05 00       		.byte	0
 890 0f06 0D       		.byte	13
 891 0f07 FF       		.byte	-1
 892 0f08 FF       		.byte	-1
 893 0f09 FF       		.byte	-1
 894 0f0a 00       		.byte	0
 895 0f0b 00       		.byte	0
 896 0f0c 00       		.byte	0
 897 0f0d 00       		.byte	0
 898 0f0e FF       		.byte	-1
 899 0f0f FF       		.byte	-1
 900 0f10 FF       		.byte	-1
 901 0f11 FF       		.byte	-1
 902 0f12 0000     		.space	2
 903 0f14 00000000 		.word	0
 904 0f18 00000000 		.word	0
 905 0f1c 00000000 		.word	0
 906 0f20 00000000 		.word	0
 907 0f24 00000000 		.word	0
 908 0f28 00000000 		.word	0
 909 0f2c 0000     		.short	0
 910 0f2e 0000     		.space	2
 911 0f30 00000000 		.word	0
 912 0f34 00       		.byte	0
ARM GAS  C:\Users\RECEPC~1\AppData\Local\Temp\ccr8WpXf.s 			page 18


 913 0f35 00       		.byte	0
 914 0f36 00000000 		.space	4
 915 0f3a 00000000 		.space	4
 916 0f3e 00000000 		.space	4
 917 0f42 00000000 		.space	4
 918 0f46 0000     		.space	2
 919 0f48 00000000 		.word	0
 920 0f4c 00000000 		.word	0
 921 0f50 00000000 		.space	780
 921      00000000 
 921      00000000 
 921      00000000 
 921      00000000 
 922 125c 47       		.byte	71
 923 125d 000000   		.space	3
 924 1260 00000000 		.word	PumpTotalsDataRequest
 925 1264 00000000 		.word	ProcessPumpTotalsDataReport
 926 1268 00000000 		.word	PumpJobTimeout
 927 126c 00000000 		.word	AcquirePumpTotalsResponseResolver
 928 1270 E803     		.short	1000
 929 1272 0000     		.space	2
 930 1274 00000000 		.word	0
 931 1278 00       		.byte	0
 932 1279 00       		.byte	0
 933 127a 00       		.byte	0
 934 127b 00       		.byte	0
 935 127c 00       		.byte	0
 936 127d 00       		.byte	0
 937 127e FF       		.byte	-1
 938 127f FF       		.byte	-1
 939 1280 FF       		.byte	-1
 940 1281 FF       		.byte	-1
 941 1282 00       		.byte	0
 942 1283 00       		.byte	0
 943 1284 00       		.byte	0
 944 1285 00       		.byte	0
 945 1286 FF       		.byte	-1
 946 1287 FF       		.byte	-1
 947 1288 FF       		.byte	-1
 948 1289 FF       		.byte	-1
 949 128a 0000     		.space	2
 950 128c 00000000 		.word	0
 951 1290 00000000 		.word	0
 952 1294 00000000 		.word	0
 953 1298 00000000 		.word	0
 954 129c 00000000 		.word	0
 955 12a0 00000000 		.word	0
 956 12a4 0000     		.short	0
 957 12a6 0000     		.space	2
 958 12a8 00000000 		.word	0
 959 12ac 00       		.byte	0
 960 12ad 00       		.byte	0
 961 12ae 00000000 		.space	4
 962 12b2 00000000 		.space	4
 963 12b6 00000000 		.space	4
 964 12ba 00000000 		.space	4
 965 12be 0000     		.space	2
ARM GAS  C:\Users\RECEPC~1\AppData\Local\Temp\ccr8WpXf.s 			page 19


 966 12c0 00000000 		.word	0
 967 12c4 00000000 		.word	0
 968 12c8 00000000 		.space	832
 968      00000000 
 968      00000000 
 968      00000000 
 968      00000000 
 969 1608 45       		.byte	69
 970 1609 000000   		.space	3
 971 160c 00000000 		.word	PumpDataToPump
 972 1610 00000000 		.word	AcquireDatatoPumpResponse
 973 1614 00000000 		.word	PumpJobTimeout
 974 1618 00000000 		.word	0
 975 161c 5000     		.short	80
 976 161e 0000     		.space	2
 977 1620 00000000 		.word	0
 978 1624 01       		.byte	1
 979 1625 00       		.byte	0
 980 1626 00       		.byte	0
 981 1627 00       		.byte	0
 982 1628 00       		.byte	0
 983 1629 00       		.byte	0
 984 162a FF       		.byte	-1
 985 162b FF       		.byte	-1
 986 162c FF       		.byte	-1
 987 162d FF       		.byte	-1
 988 162e 00       		.byte	0
 989 162f 00       		.byte	0
 990 1630 00       		.byte	0
 991 1631 00       		.byte	0
 992 1632 0D       		.byte	13
 993 1633 FF       		.byte	-1
 994 1634 FF       		.byte	-1
 995 1635 FF       		.byte	-1
 996 1636 0000     		.space	2
 997 1638 00000000 		.word	0
 998 163c 00000000 		.word	0
 999 1640 00000000 		.word	PumpPpuChange
 1000 1644 00000000 		.word	0
 1001 1648 00000000 		.word	0
 1002 164c 00000000 		.word	0
 1003 1650 5000     		.short	80
 1004 1652 0000     		.space	2
 1005 1654 00000000 		.word	0
 1006 1658 00       		.byte	0
 1007 1659 00       		.byte	0
 1008 165a 00       		.byte	0
 1009 165b 00       		.byte	0
 1010 165c 00       		.byte	0
 1011 165d 00       		.byte	0
 1012 165e 0D       		.byte	13
 1013 165f FF       		.byte	-1
 1014 1660 FF       		.byte	-1
 1015 1661 FF       		.byte	-1
 1016 1662 00       		.byte	0
 1017 1663 00       		.byte	0
 1018 1664 00       		.byte	0
ARM GAS  C:\Users\RECEPC~1\AppData\Local\Temp\ccr8WpXf.s 			page 20


 1019 1665 00       		.byte	0
 1020 1666 FF       		.byte	-1
 1021 1667 FF       		.byte	-1
 1022 1668 FF       		.byte	-1
 1023 1669 FF       		.byte	-1
 1024 166a 0000     		.space	2
 1025 166c 00000000 		.word	0
 1026 1670 00000000 		.word	0
 1027 1674 00000000 		.word	0
 1028 1678 00000000 		.word	0
 1029 167c 00000000 		.word	0
 1030 1680 00000000 		.word	0
 1031 1684 0000     		.short	0
 1032 1686 0000     		.space	2
 1033 1688 00000000 		.word	0
 1034 168c 00       		.byte	0
 1035 168d 00       		.byte	0
 1036 168e 00000000 		.space	4
 1037 1692 00000000 		.space	4
 1038 1696 00000000 		.space	4
 1039 169a 00000000 		.space	4
 1040 169e 0000     		.space	2
 1041 16a0 00000000 		.word	0
 1042 16a4 00000000 		.word	0
 1043 16a8 00000000 		.space	780
 1043      00000000 
 1043      00000000 
 1043      00000000 
 1043      00000000 
 1044 19b4 48       		.byte	72
 1045 19b5 000000   		.space	3
 1046 19b8 00000000 		.word	PumpStateRequest
 1047 19bc 00000000 		.word	AcquirePumpStateResponse
 1048 19c0 00000000 		.word	PumpStateJobTimeout
 1049 19c4 00000000 		.word	0
 1050 19c8 5000     		.short	80
 1051 19ca 0000     		.space	2
 1052 19cc 00000000 		.word	0
 1053 19d0 01       		.byte	1
 1054 19d1 00       		.byte	0
 1055 19d2 00       		.byte	0
 1056 19d3 00       		.byte	0
 1057 19d4 00       		.byte	0
 1058 19d5 00       		.byte	0
 1059 19d6 FF       		.byte	-1
 1060 19d7 FF       		.byte	-1
 1061 19d8 FF       		.byte	-1
 1062 19d9 FF       		.byte	-1
 1063 19da 00       		.byte	0
 1064 19db 00       		.byte	0
 1065 19dc 00       		.byte	0
 1066 19dd 00       		.byte	0
 1067 19de FF       		.byte	-1
 1068 19df FF       		.byte	-1
 1069 19e0 FF       		.byte	-1
 1070 19e1 FF       		.byte	-1
 1071 19e2 0000     		.space	2
ARM GAS  C:\Users\RECEPC~1\AppData\Local\Temp\ccr8WpXf.s 			page 21


 1072 19e4 00000000 		.word	0
 1073 19e8 00000000 		.word	0
 1074 19ec 00000000 		.word	0
 1075 19f0 00000000 		.word	0
 1076 19f4 00000000 		.word	0
 1077 19f8 00000000 		.word	0
 1078 19fc 0000     		.short	0
 1079 19fe 0000     		.space	2
 1080 1a00 00000000 		.word	0
 1081 1a04 00       		.byte	0
 1082 1a05 00       		.byte	0
 1083 1a06 00000000 		.space	4
 1084 1a0a 00000000 		.space	4
 1085 1a0e 00000000 		.space	4
 1086 1a12 00000000 		.space	4
 1087 1a16 0000     		.space	2
 1088 1a18 00000000 		.word	0
 1089 1a1c 00000000 		.word	0
 1090 1a20 00000000 		.space	832
 1090      00000000 
 1090      00000000 
 1090      00000000 
 1090      00000000 
 1091 1d60 4A       		.byte	74
 1092 1d61 000000   		.space	3
 1093 1d64 00000000 		.word	PumpTransactionDataRequest
 1094 1d68 00000000 		.word	ProcessPumpTransactionData
 1095 1d6c 00000000 		.word	PumpJobTimeout
 1096 1d70 00000000 		.word	AcquirePumpTransactionDataResponseResolver
 1097 1d74 F401     		.short	500
 1098 1d76 0000     		.space	2
 1099 1d78 00000000 		.word	0
 1100 1d7c 00       		.byte	0
 1101 1d7d 00       		.byte	0
 1102 1d7e 00       		.byte	0
 1103 1d7f 00       		.byte	0
 1104 1d80 00       		.byte	0
 1105 1d81 00       		.byte	0
 1106 1d82 FF       		.byte	-1
 1107 1d83 FF       		.byte	-1
 1108 1d84 FF       		.byte	-1
 1109 1d85 FF       		.byte	-1
 1110 1d86 00       		.byte	0
 1111 1d87 00       		.byte	0
 1112 1d88 00       		.byte	0
 1113 1d89 00       		.byte	0
 1114 1d8a FF       		.byte	-1
 1115 1d8b FF       		.byte	-1
 1116 1d8c FF       		.byte	-1
 1117 1d8d FF       		.byte	-1
 1118 1d8e 0000     		.space	2
 1119 1d90 00000000 		.word	0
 1120 1d94 00000000 		.word	TerminateTransactionAndPrint
 1121 1d98 00000000 		.word	PumpStateRequest
 1122 1d9c 00000000 		.word	AcquirePumpStateResponse
 1123 1da0 00000000 		.word	PumpStateJobTimeout
 1124 1da4 00000000 		.word	0
ARM GAS  C:\Users\RECEPC~1\AppData\Local\Temp\ccr8WpXf.s 			page 22


 1125 1da8 5000     		.short	80
 1126 1daa 0000     		.space	2
 1127 1dac 00000000 		.word	0
 1128 1db0 01       		.byte	1
 1129 1db1 00       		.byte	0
 1130 1db2 00       		.byte	0
 1131 1db3 00       		.byte	0
 1132 1db4 00       		.byte	0
 1133 1db5 00       		.byte	0
 1134 1db6 FF       		.byte	-1
 1135 1db7 FF       		.byte	-1
 1136 1db8 FF       		.byte	-1
 1137 1db9 FF       		.byte	-1
 1138 1dba 00       		.byte	0
 1139 1dbb 00       		.byte	0
 1140 1dbc 00       		.byte	0
 1141 1dbd 00       		.byte	0
 1142 1dbe FF       		.byte	-1
 1143 1dbf FF       		.byte	-1
 1144 1dc0 FF       		.byte	-1
 1145 1dc1 FF       		.byte	-1
 1146 1dc2 0000     		.space	2
 1147 1dc4 00000000 		.word	0
 1148 1dc8 00000000 		.word	0
 1149 1dcc 00000000 		.word	PumpStateRequest
 1150 1dd0 00000000 		.word	AcquirePumpStateResponse
 1151 1dd4 00000000 		.word	PumpStateJobTimeout
 1152 1dd8 00000000 		.word	0
 1153 1ddc 5000     		.short	80
 1154 1dde 0000     		.space	2
 1155 1de0 00000000 		.word	0
 1156 1de4 01       		.byte	1
 1157 1de5 00       		.byte	0
 1158 1de6 00       		.byte	0
 1159 1de7 00       		.byte	0
 1160 1de8 00       		.byte	0
 1161 1de9 00       		.byte	0
 1162 1dea FF       		.byte	-1
 1163 1deb FF       		.byte	-1
 1164 1dec FF       		.byte	-1
 1165 1ded FF       		.byte	-1
 1166 1dee 00       		.byte	0
 1167 1def 00       		.byte	0
 1168 1df0 00       		.byte	0
 1169 1df1 00       		.byte	0
 1170 1df2 FF       		.byte	-1
 1171 1df3 FF       		.byte	-1
 1172 1df4 FF       		.byte	-1
 1173 1df5 FF       		.byte	-1
 1174 1df6 0000     		.space	2
 1175 1df8 00000000 		.word	0
 1176 1dfc 00000000 		.word	0
 1177 1e00 00000000 		.word	0
 1178 1e04 00000000 		.word	0
 1179 1e08 00000000 		.word	0
 1180 1e0c 00000000 		.word	0
 1181 1e10 0000     		.short	0
ARM GAS  C:\Users\RECEPC~1\AppData\Local\Temp\ccr8WpXf.s 			page 23


 1182 1e12 0000     		.space	2
 1183 1e14 00000000 		.word	0
 1184 1e18 00       		.byte	0
 1185 1e19 00       		.byte	0
 1186 1e1a 00000000 		.space	4
 1187 1e1e 00000000 		.space	4
 1188 1e22 00000000 		.space	4
 1189 1e26 00000000 		.space	4
 1190 1e2a 0000     		.space	2
 1191 1e2c 00000000 		.word	0
 1192 1e30 00000000 		.word	0
 1193 1e34 00000000 		.space	728
 1193      00000000 
 1193      00000000 
 1193      00000000 
 1193      00000000 
 1194 210c 49       		.byte	73
 1195 210d 000000   		.space	3
 1196 2110 00000000 		.word	PumpTransactionDataRequest
 1197 2114 00000000 		.word	ProcessPumpTransactionData
 1198 2118 00000000 		.word	PumpJobTimeout
 1199 211c 00000000 		.word	AcquirePumpTransactionDataResponseResolver
 1200 2120 F401     		.short	500
 1201 2122 0000     		.space	2
 1202 2124 00000000 		.word	0
 1203 2128 00       		.byte	0
 1204 2129 00       		.byte	0
 1205 212a 00       		.byte	0
 1206 212b 00       		.byte	0
 1207 212c 00       		.byte	0
 1208 212d 00       		.byte	0
 1209 212e FF       		.byte	-1
 1210 212f FF       		.byte	-1
 1211 2130 FF       		.byte	-1
 1212 2131 FF       		.byte	-1
 1213 2132 00       		.byte	0
 1214 2133 00       		.byte	0
 1215 2134 00       		.byte	0
 1216 2135 00       		.byte	0
 1217 2136 FF       		.byte	-1
 1218 2137 FF       		.byte	-1
 1219 2138 FF       		.byte	-1
 1220 2139 FF       		.byte	-1
 1221 213a 0000     		.space	2
 1222 213c 00000000 		.word	0
 1223 2140 00000000 		.word	TerminateTransactionAndPrint
 1224 2144 00000000 		.word	PumpStateRequest
 1225 2148 00000000 		.word	AcquirePumpStateResponse
 1226 214c 00000000 		.word	PumpStateJobTimeout
 1227 2150 00000000 		.word	0
 1228 2154 5000     		.short	80
 1229 2156 0000     		.space	2
 1230 2158 00000000 		.word	0
 1231 215c 01       		.byte	1
 1232 215d 00       		.byte	0
 1233 215e 00       		.byte	0
 1234 215f 00       		.byte	0
ARM GAS  C:\Users\RECEPC~1\AppData\Local\Temp\ccr8WpXf.s 			page 24


 1235 2160 00       		.byte	0
 1236 2161 00       		.byte	0
 1237 2162 FF       		.byte	-1
 1238 2163 FF       		.byte	-1
 1239 2164 FF       		.byte	-1
 1240 2165 FF       		.byte	-1
 1241 2166 00       		.byte	0
 1242 2167 00       		.byte	0
 1243 2168 00       		.byte	0
 1244 2169 00       		.byte	0
 1245 216a FF       		.byte	-1
 1246 216b FF       		.byte	-1
 1247 216c FF       		.byte	-1
 1248 216d FF       		.byte	-1
 1249 216e 0000     		.space	2
 1250 2170 00000000 		.word	0
 1251 2174 00000000 		.word	0
 1252 2178 00000000 		.word	PumpStateRequest
 1253 217c 00000000 		.word	AcquirePumpStateResponse
 1254 2180 00000000 		.word	PumpStateJobTimeout
 1255 2184 00000000 		.word	0
 1256 2188 5000     		.short	80
 1257 218a 0000     		.space	2
 1258 218c 00000000 		.word	0
 1259 2190 01       		.byte	1
 1260 2191 00       		.byte	0
 1261 2192 00       		.byte	0
 1262 2193 00       		.byte	0
 1263 2194 00       		.byte	0
 1264 2195 00       		.byte	0
 1265 2196 FF       		.byte	-1
 1266 2197 FF       		.byte	-1
 1267 2198 FF       		.byte	-1
 1268 2199 FF       		.byte	-1
 1269 219a 00       		.byte	0
 1270 219b 00       		.byte	0
 1271 219c 00       		.byte	0
 1272 219d 00       		.byte	0
 1273 219e FF       		.byte	-1
 1274 219f FF       		.byte	-1
 1275 21a0 FF       		.byte	-1
 1276 21a1 FF       		.byte	-1
 1277 21a2 0000     		.space	2
 1278 21a4 00000000 		.word	0
 1279 21a8 00000000 		.word	0
 1280 21ac 00000000 		.word	0
 1281 21b0 00000000 		.word	0
 1282 21b4 00000000 		.word	0
 1283 21b8 00000000 		.word	0
 1284 21bc 0000     		.short	0
 1285 21be 0000     		.space	2
 1286 21c0 00000000 		.word	0
 1287 21c4 00       		.byte	0
 1288 21c5 00       		.byte	0
 1289 21c6 00000000 		.space	4
 1290 21ca 00000000 		.space	4
 1291 21ce 00000000 		.space	4
ARM GAS  C:\Users\RECEPC~1\AppData\Local\Temp\ccr8WpXf.s 			page 25


 1292 21d2 00000000 		.space	4
 1293 21d6 0000     		.space	2
 1294 21d8 00000000 		.word	0
 1295 21dc 00000000 		.word	0
 1296 21e0 00000000 		.space	728
 1296      00000000 
 1296      00000000 
 1296      00000000 
 1296      00000000 
 1297 24b8 4B       		.byte	75
 1298 24b9 000000   		.space	3
 1299 24bc 00000000 		.word	PumpEnumeratorRequest
 1300 24c0 00000000 		.word	AcquirePumpEnumeratorResponse
 1301 24c4 00000000 		.word	PumpEnumeratorTimeout
 1302 24c8 00000000 		.word	0
 1303 24cc 5000     		.short	80
 1304 24ce 0000     		.space	2
 1305 24d0 00000000 		.word	0
 1306 24d4 01       		.byte	1
 1307 24d5 00       		.byte	0
 1308 24d6 00       		.byte	0
 1309 24d7 00       		.byte	0
 1310 24d8 00       		.byte	0
 1311 24d9 00       		.byte	0
 1312 24da FF       		.byte	-1
 1313 24db FF       		.byte	-1
 1314 24dc FF       		.byte	-1
 1315 24dd FF       		.byte	-1
 1316 24de 00       		.byte	0
 1317 24df 00       		.byte	0
 1318 24e0 00       		.byte	0
 1319 24e1 00       		.byte	0
 1320 24e2 FF       		.byte	-1
 1321 24e3 FF       		.byte	-1
 1322 24e4 FF       		.byte	-1
 1323 24e5 FF       		.byte	-1
 1324 24e6 0000     		.space	2
 1325 24e8 00000000 		.word	0
 1326 24ec 00000000 		.word	0
 1327 24f0 00000000 		.word	0
 1328 24f4 00000000 		.word	0
 1329 24f8 00000000 		.word	0
 1330 24fc 00000000 		.word	0
 1331 2500 0000     		.short	0
 1332 2502 0000     		.space	2
 1333 2504 00000000 		.word	0
 1334 2508 00       		.byte	0
 1335 2509 00       		.byte	0
 1336 250a 00000000 		.space	4
 1337 250e 00000000 		.space	4
 1338 2512 00000000 		.space	4
 1339 2516 00000000 		.space	4
 1340 251a 0000     		.space	2
 1341 251c 00000000 		.word	0
 1342 2520 00000000 		.word	0
 1343 2524 00000000 		.space	832
 1343      00000000 
ARM GAS  C:\Users\RECEPC~1\AppData\Local\Temp\ccr8WpXf.s 			page 26


 1343      00000000 
 1343      00000000 
 1343      00000000 
 1344 2864 4F       		.byte	79
 1345 2865 000000   		.space	3
 1346 2868 00000000 		.word	PumpStartupAuthorization
 1347 286c 00000000 		.word	0
 1348 2870 00000000 		.word	0
 1349 2874 00000000 		.word	0
 1350 2878 0000     		.short	0
 1351 287a 0000     		.space	2
 1352 287c 00000000 		.word	0
 1353 2880 00       		.byte	0
 1354 2881 00       		.byte	0
 1355 2882 00       		.byte	0
 1356 2883 00       		.byte	0
 1357 2884 00       		.byte	0
 1358 2885 00       		.byte	0
 1359 2886 FF       		.byte	-1
 1360 2887 FF       		.byte	-1
 1361 2888 FF       		.byte	-1
 1362 2889 FF       		.byte	-1
 1363 288a 00       		.byte	0
 1364 288b 00       		.byte	0
 1365 288c 00       		.byte	0
 1366 288d 00       		.byte	0
 1367 288e FF       		.byte	-1
 1368 288f FF       		.byte	-1
 1369 2890 FF       		.byte	-1
 1370 2891 FF       		.byte	-1
 1371 2892 0000     		.space	2
 1372 2894 00000000 		.word	0
 1373 2898 00000000 		.word	0
 1374 289c 00000000 		.word	PumpStopRequest
 1375 28a0 00000000 		.word	0
 1376 28a4 00000000 		.word	0
 1377 28a8 00000000 		.word	0
 1378 28ac 0000     		.short	0
 1379 28ae 0000     		.space	2
 1380 28b0 00000000 		.word	0
 1381 28b4 00       		.byte	0
 1382 28b5 00       		.byte	0
 1383 28b6 00       		.byte	0
 1384 28b7 00       		.byte	0
 1385 28b8 00       		.byte	0
 1386 28b9 00       		.byte	0
 1387 28ba FF       		.byte	-1
 1388 28bb FF       		.byte	-1
 1389 28bc FF       		.byte	-1
 1390 28bd FF       		.byte	-1
 1391 28be 00       		.byte	0
 1392 28bf 00       		.byte	0
 1393 28c0 00       		.byte	0
 1394 28c1 00       		.byte	0
 1395 28c2 FF       		.byte	-1
 1396 28c3 FF       		.byte	-1
 1397 28c4 FF       		.byte	-1
ARM GAS  C:\Users\RECEPC~1\AppData\Local\Temp\ccr8WpXf.s 			page 27


 1398 28c5 FF       		.byte	-1
 1399 28c6 0000     		.space	2
 1400 28c8 00000000 		.word	0
 1401 28cc 00000000 		.word	0
 1402 28d0 00000000 		.word	PumpStartupAuthorization
 1403 28d4 00000000 		.word	0
 1404 28d8 00000000 		.word	0
 1405 28dc 00000000 		.word	0
 1406 28e0 0000     		.short	0
 1407 28e2 0000     		.space	2
 1408 28e4 00000000 		.word	0
 1409 28e8 00       		.byte	0
 1410 28e9 00       		.byte	0
 1411 28ea 00       		.byte	0
 1412 28eb 00       		.byte	0
 1413 28ec 00       		.byte	0
 1414 28ed 00       		.byte	0
 1415 28ee FF       		.byte	-1
 1416 28ef FF       		.byte	-1
 1417 28f0 FF       		.byte	-1
 1418 28f1 FF       		.byte	-1
 1419 28f2 00       		.byte	0
 1420 28f3 00       		.byte	0
 1421 28f4 00       		.byte	0
 1422 28f5 00       		.byte	0
 1423 28f6 FF       		.byte	-1
 1424 28f7 FF       		.byte	-1
 1425 28f8 FF       		.byte	-1
 1426 28f9 FF       		.byte	-1
 1427 28fa 0000     		.space	2
 1428 28fc 00000000 		.word	0
 1429 2900 00000000 		.word	0
 1430 2904 00000000 		.word	PumpStopRequest
 1431 2908 00000000 		.word	0
 1432 290c 00000000 		.word	0
 1433 2910 00000000 		.word	0
 1434 2914 0000     		.short	0
 1435 2916 0000     		.space	2
 1436 2918 00000000 		.word	0
 1437 291c 00       		.byte	0
 1438 291d 00       		.byte	0
 1439 291e 00       		.byte	0
 1440 291f 00       		.byte	0
 1441 2920 00       		.byte	0
 1442 2921 00       		.byte	0
 1443 2922 FF       		.byte	-1
 1444 2923 FF       		.byte	-1
 1445 2924 FF       		.byte	-1
 1446 2925 FF       		.byte	-1
 1447 2926 00       		.byte	0
 1448 2927 00       		.byte	0
 1449 2928 00       		.byte	0
 1450 2929 00       		.byte	0
 1451 292a FF       		.byte	-1
 1452 292b FF       		.byte	-1
 1453 292c FF       		.byte	-1
 1454 292d FF       		.byte	-1
ARM GAS  C:\Users\RECEPC~1\AppData\Local\Temp\ccr8WpXf.s 			page 28


 1455 292e 0000     		.space	2
 1456 2930 00000000 		.word	0
 1457 2934 00000000 		.word	0
 1458 2938 00000000 		.word	PumpStartupAuthorization
 1459 293c 00000000 		.word	0
 1460 2940 00000000 		.word	0
 1461 2944 00000000 		.word	0
 1462 2948 0000     		.short	0
 1463 294a 0000     		.space	2
 1464 294c 00000000 		.word	0
 1465 2950 00       		.byte	0
 1466 2951 00       		.byte	0
 1467 2952 00       		.byte	0
 1468 2953 00       		.byte	0
 1469 2954 00       		.byte	0
 1470 2955 00       		.byte	0
 1471 2956 FF       		.byte	-1
 1472 2957 FF       		.byte	-1
 1473 2958 FF       		.byte	-1
 1474 2959 FF       		.byte	-1
 1475 295a 00       		.byte	0
 1476 295b 00       		.byte	0
 1477 295c 00       		.byte	0
 1478 295d 00       		.byte	0
 1479 295e FF       		.byte	-1
 1480 295f FF       		.byte	-1
 1481 2960 FF       		.byte	-1
 1482 2961 FF       		.byte	-1
 1483 2962 0000     		.space	2
 1484 2964 00000000 		.word	0
 1485 2968 00000000 		.word	0
 1486 296c 00000000 		.word	PumpStopRequest
 1487 2970 00000000 		.word	0
 1488 2974 00000000 		.word	0
 1489 2978 00000000 		.word	0
 1490 297c 0000     		.short	0
 1491 297e 0000     		.space	2
 1492 2980 00000000 		.word	0
 1493 2984 00       		.byte	0
 1494 2985 00       		.byte	0
 1495 2986 00       		.byte	0
 1496 2987 00       		.byte	0
 1497 2988 00       		.byte	0
 1498 2989 00       		.byte	0
 1499 298a FF       		.byte	-1
 1500 298b FF       		.byte	-1
 1501 298c FF       		.byte	-1
 1502 298d FF       		.byte	-1
 1503 298e 00       		.byte	0
 1504 298f 00       		.byte	0
 1505 2990 00       		.byte	0
 1506 2991 00       		.byte	0
 1507 2992 FF       		.byte	-1
 1508 2993 FF       		.byte	-1
 1509 2994 FF       		.byte	-1
 1510 2995 FF       		.byte	-1
 1511 2996 0000     		.space	2
ARM GAS  C:\Users\RECEPC~1\AppData\Local\Temp\ccr8WpXf.s 			page 29


 1512 2998 00000000 		.word	0
 1513 299c 00000000 		.word	0
 1514 29a0 00000000 		.word	0
 1515 29a4 00000000 		.word	0
 1516 29a8 00000000 		.word	0
 1517 29ac 00000000 		.word	0
 1518 29b0 0000     		.short	0
 1519 29b2 0000     		.space	2
 1520 29b4 00000000 		.word	0
 1521 29b8 00       		.byte	0
 1522 29b9 00       		.byte	0
 1523 29ba 00000000 		.space	4
 1524 29be 00000000 		.space	4
 1525 29c2 00000000 		.space	4
 1526 29c6 00000000 		.space	4
 1527 29ca 0000     		.space	2
 1528 29cc 00000000 		.word	0
 1529 29d0 00000000 		.word	0
 1530 29d4 00000000 		.space	572
 1530      00000000 
 1530      00000000 
 1530      00000000 
 1530      00000000 
 1531 2c10 4C       		.byte	76
 1532 2c11 000000   		.space	3
 1533 2c14 00000000 		.word	PumpStopRequest
 1534 2c18 00000000 		.word	0
 1535 2c1c 00000000 		.word	0
 1536 2c20 00000000 		.word	0
 1537 2c24 0000     		.short	0
 1538 2c26 0000     		.space	2
 1539 2c28 00000000 		.word	0
 1540 2c2c 00       		.byte	0
 1541 2c2d 00       		.byte	0
 1542 2c2e 00       		.byte	0
 1543 2c2f 00       		.byte	0
 1544 2c30 00       		.byte	0
 1545 2c31 00       		.byte	0
 1546 2c32 FF       		.byte	-1
 1547 2c33 FF       		.byte	-1
 1548 2c34 FF       		.byte	-1
 1549 2c35 FF       		.byte	-1
 1550 2c36 00       		.byte	0
 1551 2c37 00       		.byte	0
 1552 2c38 00       		.byte	0
 1553 2c39 00       		.byte	0
 1554 2c3a FF       		.byte	-1
 1555 2c3b FF       		.byte	-1
 1556 2c3c FF       		.byte	-1
 1557 2c3d FF       		.byte	-1
 1558 2c3e 0000     		.space	2
 1559 2c40 00000000 		.word	0
 1560 2c44 00000000 		.word	0
 1561 2c48 00000000 		.word	0
 1562 2c4c 00000000 		.word	0
 1563 2c50 00000000 		.word	0
 1564 2c54 00000000 		.word	0
ARM GAS  C:\Users\RECEPC~1\AppData\Local\Temp\ccr8WpXf.s 			page 30


 1565 2c58 0000     		.short	0
 1566 2c5a 0000     		.space	2
 1567 2c5c 00000000 		.word	0
 1568 2c60 00       		.byte	0
 1569 2c61 00       		.byte	0
 1570 2c62 00000000 		.space	4
 1571 2c66 00000000 		.space	4
 1572 2c6a 00000000 		.space	4
 1573 2c6e 00000000 		.space	4
 1574 2c72 0000     		.space	2
 1575 2c74 00000000 		.word	0
 1576 2c78 00000000 		.word	0
 1577 2c7c 00000000 		.space	832
 1577      00000000 
 1577      00000000 
 1577      00000000 
 1577      00000000 
 1578 2fbc 4D       		.byte	77
 1579 2fbd 000000   		.space	3
 1580 2fc0 00000000 		.word	PumpStopAllRequest
 1581 2fc4 00000000 		.word	0
 1582 2fc8 00000000 		.word	0
 1583 2fcc 00000000 		.word	0
 1584 2fd0 0000     		.short	0
 1585 2fd2 0000     		.space	2
 1586 2fd4 00000000 		.word	0
 1587 2fd8 00       		.byte	0
 1588 2fd9 00       		.byte	0
 1589 2fda 00       		.byte	0
 1590 2fdb 00       		.byte	0
 1591 2fdc 00       		.byte	0
 1592 2fdd 00       		.byte	0
 1593 2fde FF       		.byte	-1
 1594 2fdf FF       		.byte	-1
 1595 2fe0 FF       		.byte	-1
 1596 2fe1 FF       		.byte	-1
 1597 2fe2 00       		.byte	0
 1598 2fe3 00       		.byte	0
 1599 2fe4 00       		.byte	0
 1600 2fe5 00       		.byte	0
 1601 2fe6 FF       		.byte	-1
 1602 2fe7 FF       		.byte	-1
 1603 2fe8 FF       		.byte	-1
 1604 2fe9 FF       		.byte	-1
 1605 2fea 0000     		.space	2
 1606 2fec 00000000 		.word	0
 1607 2ff0 00000000 		.word	0
 1608 2ff4 00000000 		.word	0
 1609 2ff8 00000000 		.word	0
 1610 2ffc 00000000 		.word	0
 1611 3000 00000000 		.word	0
 1612 3004 0000     		.short	0
 1613 3006 0000     		.space	2
 1614 3008 00000000 		.word	0
 1615 300c 00       		.byte	0
 1616 300d 00       		.byte	0
 1617 300e 00000000 		.space	4
ARM GAS  C:\Users\RECEPC~1\AppData\Local\Temp\ccr8WpXf.s 			page 31


 1618 3012 00000000 		.space	4
 1619 3016 00000000 		.space	4
 1620 301a 00000000 		.space	4
 1621 301e 0000     		.space	2
 1622 3020 00000000 		.word	0
 1623 3024 00000000 		.word	0
 1624 3028 00000000 		.space	832
 1624      00000000 
 1624      00000000 
 1624      00000000 
 1624      00000000 
 1625 3368 4E       		.byte	78
 1626 3369 000000   		.space	3
 1627 336c 00000000 		.word	PumpDataToPump
 1628 3370 00000000 		.word	AcquireDatatoPumpResponse
 1629 3374 00000000 		.word	0
 1630 3378 00000000 		.word	0
 1631 337c 0000     		.short	0
 1632 337e 0000     		.space	2
 1633 3380 14000000 		.word	20
 1634 3384 01       		.byte	1
 1635 3385 01       		.byte	1
 1636 3386 00       		.byte	0
 1637 3387 00       		.byte	0
 1638 3388 00       		.byte	0
 1639 3389 00       		.byte	0
 1640 338a FF       		.byte	-1
 1641 338b FF       		.byte	-1
 1642 338c FF       		.byte	-1
 1643 338d FF       		.byte	-1
 1644 338e 00       		.byte	0
 1645 338f 00       		.byte	0
 1646 3390 00       		.byte	0
 1647 3391 00       		.byte	0
 1648 3392 0D       		.byte	13
 1649 3393 FF       		.byte	-1
 1650 3394 FF       		.byte	-1
 1651 3395 FF       		.byte	-1
 1652 3396 0000     		.space	2
 1653 3398 00000000 		.word	0
 1654 339c 00000000 		.word	0
 1655 33a0 00000000 		.word	PumpCompleteConfiguration
 1656 33a4 00000000 		.word	AcquirePumpCompleteConfiguration
 1657 33a8 00000000 		.word	0
 1658 33ac 00000000 		.word	AcquirePumpSpecialFunctionResponseResolver
 1659 33b0 0000     		.short	0
 1660 33b2 0000     		.space	2
 1661 33b4 00000000 		.word	0
 1662 33b8 00       		.byte	0
 1663 33b9 00       		.byte	0
 1664 33ba 00       		.byte	0
 1665 33bb 00       		.byte	0
 1666 33bc 00       		.byte	0
 1667 33bd 00       		.byte	0
 1668 33be 0D       		.byte	13
 1669 33bf FF       		.byte	-1
 1670 33c0 FF       		.byte	-1
ARM GAS  C:\Users\RECEPC~1\AppData\Local\Temp\ccr8WpXf.s 			page 32


 1671 33c1 FF       		.byte	-1
 1672 33c2 00       		.byte	0
 1673 33c3 00       		.byte	0
 1674 33c4 00       		.byte	0
 1675 33c5 00       		.byte	0
 1676 33c6 FF       		.byte	-1
 1677 33c7 FF       		.byte	-1
 1678 33c8 FF       		.byte	-1
 1679 33c9 FF       		.byte	-1
 1680 33ca 0000     		.space	2
 1681 33cc 00000000 		.word	0
 1682 33d0 00000000 		.word	0
 1683 33d4 00000000 		.word	PumpStateRequest
 1684 33d8 00000000 		.word	AcquirePumpStateResponse
 1685 33dc 00000000 		.word	PumpStateJobTimeout
 1686 33e0 00000000 		.word	0
 1687 33e4 5000     		.short	80
 1688 33e6 0000     		.space	2
 1689 33e8 00000000 		.word	0
 1690 33ec 01       		.byte	1
 1691 33ed 00       		.byte	0
 1692 33ee 00       		.byte	0
 1693 33ef 00       		.byte	0
 1694 33f0 00       		.byte	0
 1695 33f1 00       		.byte	0
 1696 33f2 FF       		.byte	-1
 1697 33f3 FF       		.byte	-1
 1698 33f4 FF       		.byte	-1
 1699 33f5 FF       		.byte	-1
 1700 33f6 00       		.byte	0
 1701 33f7 00       		.byte	0
 1702 33f8 00       		.byte	0
 1703 33f9 00       		.byte	0
 1704 33fa FF       		.byte	-1
 1705 33fb FF       		.byte	-1
 1706 33fc FF       		.byte	-1
 1707 33fd FF       		.byte	-1
 1708 33fe 0000     		.space	2
 1709 3400 00000000 		.word	0
 1710 3404 00000000 		.word	0
 1711 3408 00000000 		.word	0
 1712 340c 00000000 		.word	0
 1713 3410 00000000 		.word	0
 1714 3414 00000000 		.word	0
 1715 3418 0000     		.short	0
 1716 341a 0000     		.space	2
 1717 341c 00000000 		.word	0
 1718 3420 00       		.byte	0
 1719 3421 00       		.byte	0
 1720 3422 00000000 		.space	4
 1721 3426 00000000 		.space	4
 1722 342a 00000000 		.space	4
 1723 342e 00000000 		.space	4
 1724 3432 0000     		.space	2
 1725 3434 00000000 		.word	0
 1726 3438 00000000 		.word	0
 1727 343c 00000000 		.space	728
ARM GAS  C:\Users\RECEPC~1\AppData\Local\Temp\ccr8WpXf.s 			page 33


 1727      00000000 
 1727      00000000 
 1727      00000000 
 1727      00000000 
 1728 3714 FF       		.byte	-1
 1729 3715 000000   		.space	3
 1730 3718 00000000 		.space	936
 1730      00000000 
 1730      00000000 
 1730      00000000 
 1730      00000000 
 1731              		.text
 1732              	.Letext0:
 1733              		.file 2 "c:\\program files (x86)\\cypress\\psoc creator\\3.3\\psoc creator\\import\\gnu\\arm\\4.9.
 1734              		.file 3 "c:\\program files (x86)\\cypress\\psoc creator\\3.3\\psoc creator\\import\\gnu\\arm\\4.9.
 1735              		.file 4 "Generated_Source\\PSoC5/cytypes.h"
 1736              		.file 5 ".\\Advantage.h"
 1737              		.section	.debug_info,"",%progbits
 1738              	.Ldebug_info0:
 1739 0000 5C030000 		.4byte	0x35c
 1740 0004 0400     		.2byte	0x4
 1741 0006 00000000 		.4byte	.Ldebug_abbrev0
 1742 000a 04       		.byte	0x4
 1743 000b 01       		.uleb128 0x1
 1744 000c 50010000 		.4byte	.LASF68
 1745 0010 01       		.byte	0x1
 1746 0011 46020000 		.4byte	.LASF69
 1747 0015 8C030000 		.4byte	.LASF70
 1748 0019 00000000 		.4byte	.Ldebug_ranges0+0
 1749 001d 00000000 		.4byte	0
 1750 0021 00000000 		.4byte	.Ldebug_line0
 1751 0025 02       		.uleb128 0x2
 1752 0026 01       		.byte	0x1
 1753 0027 06       		.byte	0x6
 1754 0028 CC020000 		.4byte	.LASF0
 1755 002c 03       		.uleb128 0x3
 1756 002d 16020000 		.4byte	.LASF9
 1757 0031 02       		.byte	0x2
 1758 0032 1D       		.byte	0x1d
 1759 0033 37000000 		.4byte	0x37
 1760 0037 02       		.uleb128 0x2
 1761 0038 01       		.byte	0x1
 1762 0039 08       		.byte	0x8
 1763 003a 88020000 		.4byte	.LASF1
 1764 003e 02       		.uleb128 0x2
 1765 003f 02       		.byte	0x2
 1766 0040 05       		.byte	0x5
 1767 0041 C5000000 		.4byte	.LASF2
 1768 0045 02       		.uleb128 0x2
 1769 0046 02       		.byte	0x2
 1770 0047 07       		.byte	0x7
 1771 0048 3D030000 		.4byte	.LASF3
 1772 004c 02       		.uleb128 0x2
 1773 004d 04       		.byte	0x4
 1774 004e 05       		.byte	0x5
 1775 004f 5B030000 		.4byte	.LASF4
 1776 0053 02       		.uleb128 0x2
ARM GAS  C:\Users\RECEPC~1\AppData\Local\Temp\ccr8WpXf.s 			page 34


 1777 0054 04       		.byte	0x4
 1778 0055 07       		.byte	0x7
 1779 0056 36040000 		.4byte	.LASF5
 1780 005a 02       		.uleb128 0x2
 1781 005b 08       		.byte	0x8
 1782 005c 05       		.byte	0x5
 1783 005d 42010000 		.4byte	.LASF6
 1784 0061 02       		.uleb128 0x2
 1785 0062 08       		.byte	0x8
 1786 0063 07       		.byte	0x7
 1787 0064 D8020000 		.4byte	.LASF7
 1788 0068 04       		.uleb128 0x4
 1789 0069 04       		.byte	0x4
 1790 006a 05       		.byte	0x5
 1791 006b 696E7400 		.ascii	"int\000"
 1792 006f 02       		.uleb128 0x2
 1793 0070 04       		.byte	0x4
 1794 0071 07       		.byte	0x7
 1795 0072 07050000 		.4byte	.LASF8
 1796 0076 03       		.uleb128 0x3
 1797 0077 F5000000 		.4byte	.LASF10
 1798 007b 03       		.byte	0x3
 1799 007c 15       		.byte	0x15
 1800 007d 2C000000 		.4byte	0x2c
 1801 0081 05       		.uleb128 0x5
 1802 0082 14010000 		.4byte	.LASF11
 1803 0086 04       		.byte	0x4
 1804 0087 3801     		.2byte	0x138
 1805 0089 37000000 		.4byte	0x37
 1806 008d 05       		.uleb128 0x5
 1807 008e E6000000 		.4byte	.LASF12
 1808 0092 04       		.byte	0x4
 1809 0093 3901     		.2byte	0x139
 1810 0095 45000000 		.4byte	0x45
 1811 0099 05       		.uleb128 0x5
 1812 009a 2F040000 		.4byte	.LASF13
 1813 009e 04       		.byte	0x4
 1814 009f 3A01     		.2byte	0x13a
 1815 00a1 53000000 		.4byte	0x53
 1816 00a5 02       		.uleb128 0x2
 1817 00a6 04       		.byte	0x4
 1818 00a7 04       		.byte	0x4
 1819 00a8 3C010000 		.4byte	.LASF14
 1820 00ac 02       		.uleb128 0x2
 1821 00ad 08       		.byte	0x8
 1822 00ae 04       		.byte	0x4
 1823 00af 48040000 		.4byte	.LASF15
 1824 00b3 02       		.uleb128 0x2
 1825 00b4 01       		.byte	0x1
 1826 00b5 08       		.byte	0x8
 1827 00b6 50030000 		.4byte	.LASF16
 1828 00ba 02       		.uleb128 0x2
 1829 00bb 04       		.byte	0x4
 1830 00bc 07       		.byte	0x7
 1831 00bd C7040000 		.4byte	.LASF17
 1832 00c1 06       		.uleb128 0x6
 1833 00c2 04       		.byte	0x4
ARM GAS  C:\Users\RECEPC~1\AppData\Local\Temp\ccr8WpXf.s 			page 35


 1834 00c3 02       		.uleb128 0x2
 1835 00c4 08       		.byte	0x8
 1836 00c5 04       		.byte	0x4
 1837 00c6 80000000 		.4byte	.LASF18
 1838 00ca 07       		.uleb128 0x7
 1839 00cb EF020000 		.4byte	.LASF29
 1840 00cf 01       		.byte	0x1
 1841 00d0 05       		.byte	0x5
 1842 00d1 9B       		.byte	0x9b
 1843 00d2 14010000 		.4byte	0x114
 1844 00d6 08       		.uleb128 0x8
 1845 00d7 82030000 		.4byte	.LASF19
 1846 00db 00       		.sleb128 0
 1847 00dc 08       		.uleb128 0x8
 1848 00dd BD040000 		.4byte	.LASF20
 1849 00e1 06       		.sleb128 6
 1850 00e2 08       		.uleb128 0x8
 1851 00e3 EB030000 		.4byte	.LASF21
 1852 00e7 07       		.sleb128 7
 1853 00e8 08       		.uleb128 0x8
 1854 00e9 2D020000 		.4byte	.LASF22
 1855 00ed 08       		.sleb128 8
 1856 00ee 08       		.uleb128 0x8
 1857 00ef 00000000 		.4byte	.LASF23
 1858 00f3 09       		.sleb128 9
 1859 00f4 08       		.uleb128 0x8
 1860 00f5 0B030000 		.4byte	.LASF24
 1861 00f9 0A       		.sleb128 10
 1862 00fa 08       		.uleb128 0x8
 1863 00fb 98040000 		.4byte	.LASF25
 1864 00ff 0B       		.sleb128 11
 1865 0100 08       		.uleb128 0x8
 1866 0101 24000000 		.4byte	.LASF26
 1867 0105 0C       		.sleb128 12
 1868 0106 08       		.uleb128 0x8
 1869 0107 A2040000 		.4byte	.LASF27
 1870 010b 0D       		.sleb128 13
 1871 010c 08       		.uleb128 0x8
 1872 010d 20020000 		.4byte	.LASF28
 1873 0111 FF01     		.sleb128 255
 1874 0113 00       		.byte	0
 1875 0114 07       		.uleb128 0x7
 1876 0115 A1000000 		.4byte	.LASF30
 1877 0119 01       		.byte	0x1
 1878 011a 05       		.byte	0x5
 1879 011b F0       		.byte	0xf0
 1880 011c 88010000 		.4byte	0x188
 1881 0120 08       		.uleb128 0x8
 1882 0121 70040000 		.4byte	.LASF31
 1883 0125 0F       		.sleb128 15
 1884 0126 08       		.uleb128 0x8
 1885 0127 6C030000 		.4byte	.LASF32
 1886 012b 10       		.sleb128 16
 1887 012c 08       		.uleb128 0x8
 1888 012d 0E040000 		.4byte	.LASF33
 1889 0131 C300     		.sleb128 67
 1890 0133 08       		.uleb128 0x8
ARM GAS  C:\Users\RECEPC~1\AppData\Local\Temp\ccr8WpXf.s 			page 36


 1891 0134 1A010000 		.4byte	.LASF34
 1892 0138 C400     		.sleb128 68
 1893 013a 08       		.uleb128 0x8
 1894 013b 58000000 		.4byte	.LASF35
 1895 013f C500     		.sleb128 69
 1896 0141 08       		.uleb128 0x8
 1897 0142 8C000000 		.4byte	.LASF36
 1898 0146 C600     		.sleb128 70
 1899 0148 08       		.uleb128 0x8
 1900 0149 FD020000 		.4byte	.LASF37
 1901 014d C700     		.sleb128 71
 1902 014f 08       		.uleb128 0x8
 1903 0150 15030000 		.4byte	.LASF38
 1904 0154 C800     		.sleb128 72
 1905 0156 08       		.uleb128 0x8
 1906 0157 0A000000 		.4byte	.LASF39
 1907 015b C900     		.sleb128 73
 1908 015d 08       		.uleb128 0x8
 1909 015e B9020000 		.4byte	.LASF40
 1910 0162 CA00     		.sleb128 74
 1911 0164 08       		.uleb128 0x8
 1912 0165 DE010000 		.4byte	.LASF41
 1913 0169 CB00     		.sleb128 75
 1914 016b 08       		.uleb128 0x8
 1915 016c B1040000 		.4byte	.LASF42
 1916 0170 CC00     		.sleb128 76
 1917 0172 08       		.uleb128 0x8
 1918 0173 65020000 		.4byte	.LASF43
 1919 0177 CD00     		.sleb128 77
 1920 0179 08       		.uleb128 0x8
 1921 017a F8010000 		.4byte	.LASF44
 1922 017e CE00     		.sleb128 78
 1923 0180 08       		.uleb128 0x8
 1924 0181 D0040000 		.4byte	.LASF45
 1925 0185 CF00     		.sleb128 79
 1926 0187 00       		.byte	0
 1927 0188 02       		.uleb128 0x2
 1928 0189 01       		.byte	0x1
 1929 018a 02       		.byte	0x2
 1930 018b 55030000 		.4byte	.LASF46
 1931 018f 09       		.uleb128 0x9
 1932 0190 9A010000 		.4byte	0x19a
 1933 0194 0A       		.uleb128 0xa
 1934 0195 C1000000 		.4byte	0xc1
 1935 0199 00       		.byte	0
 1936 019a 0B       		.uleb128 0xb
 1937 019b 04       		.byte	0x4
 1938 019c 8F010000 		.4byte	0x18f
 1939 01a0 0C       		.uleb128 0xc
 1940 01a1 CF000000 		.4byte	.LASF62
 1941 01a5 34       		.byte	0x34
 1942 01a6 05       		.byte	0x5
 1943 01a7 8E01     		.2byte	0x18e
 1944 01a9 64020000 		.4byte	0x264
 1945 01ad 0D       		.uleb128 0xd
 1946 01ae ED000000 		.4byte	.LASF47
 1947 01b2 05       		.byte	0x5
ARM GAS  C:\Users\RECEPC~1\AppData\Local\Temp\ccr8WpXf.s 			page 37


 1948 01b3 9001     		.2byte	0x190
 1949 01b5 9A010000 		.4byte	0x19a
 1950 01b9 00       		.byte	0
 1951 01ba 0D       		.uleb128 0xd
 1952 01bb 67040000 		.4byte	.LASF48
 1953 01bf 05       		.byte	0x5
 1954 01c0 9101     		.2byte	0x191
 1955 01c2 9A010000 		.4byte	0x19a
 1956 01c6 04       		.byte	0x4
 1957 01c7 0D       		.uleb128 0xd
 1958 01c8 B5000000 		.4byte	.LASF49
 1959 01cc 05       		.byte	0x5
 1960 01cd 9201     		.2byte	0x192
 1961 01cf 9A010000 		.4byte	0x19a
 1962 01d3 08       		.byte	0x8
 1963 01d4 0D       		.uleb128 0xd
 1964 01d5 E4040000 		.4byte	.LASF50
 1965 01d9 05       		.byte	0x5
 1966 01da 9301     		.2byte	0x193
 1967 01dc 7D020000 		.4byte	0x27d
 1968 01e0 0C       		.byte	0xc
 1969 01e1 0D       		.uleb128 0xd
 1970 01e2 31000000 		.4byte	.LASF51
 1971 01e6 05       		.byte	0x5
 1972 01e7 9401     		.2byte	0x194
 1973 01e9 8D000000 		.4byte	0x8d
 1974 01ed 10       		.byte	0x10
 1975 01ee 0D       		.uleb128 0xd
 1976 01ef 74020000 		.4byte	.LASF52
 1977 01f3 05       		.byte	0x5
 1978 01f4 9501     		.2byte	0x195
 1979 01f6 99000000 		.4byte	0x99
 1980 01fa 14       		.byte	0x14
 1981 01fb 0D       		.uleb128 0xd
 1982 01fc F9040000 		.4byte	.LASF53
 1983 0200 05       		.byte	0x5
 1984 0201 9601     		.2byte	0x196
 1985 0203 81000000 		.4byte	0x81
 1986 0207 18       		.byte	0x18
 1987 0208 0D       		.uleb128 0xd
 1988 0209 F8030000 		.4byte	.LASF54
 1989 020d 05       		.byte	0x5
 1990 020e 9801     		.2byte	0x198
 1991 0210 88010000 		.4byte	0x188
 1992 0214 19       		.byte	0x19
 1993 0215 0D       		.uleb128 0xd
 1994 0216 6A000000 		.4byte	.LASF55
 1995 021a 05       		.byte	0x5
 1996 021b 9C01     		.2byte	0x19c
 1997 021d 83020000 		.4byte	0x283
 1998 0221 1A       		.byte	0x1a
 1999 0222 0D       		.uleb128 0xd
 2000 0223 2D010000 		.4byte	.LASF56
 2001 0227 05       		.byte	0x5
 2002 0228 9E01     		.2byte	0x19e
 2003 022a 93020000 		.4byte	0x293
 2004 022e 1E       		.byte	0x1e
ARM GAS  C:\Users\RECEPC~1\AppData\Local\Temp\ccr8WpXf.s 			page 38


 2005 022f 0D       		.uleb128 0xd
 2006 0230 FD000000 		.4byte	.LASF57
 2007 0234 05       		.byte	0x5
 2008 0235 A201     		.2byte	0x1a2
 2009 0237 83020000 		.4byte	0x283
 2010 023b 22       		.byte	0x22
 2011 023c 0D       		.uleb128 0xd
 2012 023d A9020000 		.4byte	.LASF58
 2013 0241 05       		.byte	0x5
 2014 0242 A401     		.2byte	0x1a4
 2015 0244 93020000 		.4byte	0x293
 2016 0248 26       		.byte	0x26
 2017 0249 0D       		.uleb128 0xd
 2018 024a 15000000 		.4byte	.LASF59
 2019 024e 05       		.byte	0x5
 2020 024f A601     		.2byte	0x1a6
 2021 0251 9A010000 		.4byte	0x19a
 2022 0255 2C       		.byte	0x2c
 2023 0256 0D       		.uleb128 0xd
 2024 0257 58020000 		.4byte	.LASF60
 2025 025b 05       		.byte	0x5
 2026 025c A701     		.2byte	0x1a7
 2027 025e 9A010000 		.4byte	0x19a
 2028 0262 30       		.byte	0x30
 2029 0263 00       		.byte	0
 2030 0264 0E       		.uleb128 0xe
 2031 0265 88010000 		.4byte	0x188
 2032 0269 7D020000 		.4byte	0x27d
 2033 026d 0A       		.uleb128 0xa
 2034 026e C1000000 		.4byte	0xc1
 2035 0272 0A       		.uleb128 0xa
 2036 0273 C1000000 		.4byte	0xc1
 2037 0277 0A       		.uleb128 0xa
 2038 0278 8D000000 		.4byte	0x8d
 2039 027c 00       		.byte	0
 2040 027d 0B       		.uleb128 0xb
 2041 027e 04       		.byte	0x4
 2042 027f 64020000 		.4byte	0x264
 2043 0283 0F       		.uleb128 0xf
 2044 0284 88010000 		.4byte	0x188
 2045 0288 93020000 		.4byte	0x293
 2046 028c 10       		.uleb128 0x10
 2047 028d BA000000 		.4byte	0xba
 2048 0291 03       		.byte	0x3
 2049 0292 00       		.byte	0
 2050 0293 0F       		.uleb128 0xf
 2051 0294 81000000 		.4byte	0x81
 2052 0298 A3020000 		.4byte	0x2a3
 2053 029c 10       		.uleb128 0x10
 2054 029d BA000000 		.4byte	0xba
 2055 02a1 03       		.byte	0x3
 2056 02a2 00       		.byte	0
 2057 02a3 05       		.uleb128 0x5
 2058 02a4 96020000 		.4byte	.LASF61
 2059 02a8 05       		.byte	0x5
 2060 02a9 A801     		.2byte	0x1a8
 2061 02ab A0010000 		.4byte	0x1a0
ARM GAS  C:\Users\RECEPC~1\AppData\Local\Temp\ccr8WpXf.s 			page 39


 2062 02af 11       		.uleb128 0x11
 2063 02b0 85040000 		.4byte	.LASF63
 2064 02b4 AC03     		.2byte	0x3ac
 2065 02b6 05       		.byte	0x5
 2066 02b7 AA01     		.2byte	0x1aa
 2067 02b9 D8020000 		.4byte	0x2d8
 2068 02bd 0D       		.uleb128 0xd
 2069 02be 47000000 		.4byte	.LASF64
 2070 02c2 05       		.byte	0x5
 2071 02c3 AC01     		.2byte	0x1ac
 2072 02c5 76000000 		.4byte	0x76
 2073 02c9 00       		.byte	0
 2074 02ca 0D       		.uleb128 0xd
 2075 02cb 37030000 		.4byte	.LASF65
 2076 02cf 05       		.byte	0x5
 2077 02d0 AD01     		.2byte	0x1ad
 2078 02d2 D8020000 		.4byte	0x2d8
 2079 02d6 04       		.byte	0x4
 2080 02d7 00       		.byte	0
 2081 02d8 0F       		.uleb128 0xf
 2082 02d9 A3020000 		.4byte	0x2a3
 2083 02dd E8020000 		.4byte	0x2e8
 2084 02e1 10       		.uleb128 0x10
 2085 02e2 BA000000 		.4byte	0xba
 2086 02e6 11       		.byte	0x11
 2087 02e7 00       		.byte	0
 2088 02e8 05       		.uleb128 0x5
 2089 02e9 1F040000 		.4byte	.LASF66
 2090 02ed 05       		.byte	0x5
 2091 02ee AE01     		.2byte	0x1ae
 2092 02f0 AF020000 		.4byte	0x2af
 2093 02f4 12       		.uleb128 0x12
 2094 02f5 22030000 		.4byte	.LASF71
 2095 02f9 01       		.byte	0x1
 2096 02fa 1A       		.byte	0x1a
 2097 02fb 38030000 		.4byte	0x338
 2098 02ff 00000000 		.4byte	.LFB0
 2099 0303 48000000 		.4byte	.LFE0-.LFB0
 2100 0307 01       		.uleb128 0x1
 2101 0308 9C       		.byte	0x9c
 2102 0309 38030000 		.4byte	0x338
 2103 030d 13       		.uleb128 0x13
 2104 030e 3D020000 		.4byte	.LASF72
 2105 0312 01       		.byte	0x1
 2106 0313 1A       		.byte	0x1a
 2107 0314 81000000 		.4byte	0x81
 2108 0318 02       		.uleb128 0x2
 2109 0319 91       		.byte	0x91
 2110 031a 6F       		.sleb128 -17
 2111 031b 14       		.uleb128 0x14
 2112 031c 64030000 		.4byte	.LASF67
 2113 0320 01       		.byte	0x1
 2114 0321 1C       		.byte	0x1c
 2115 0322 38030000 		.4byte	0x338
 2116 0326 02       		.uleb128 0x2
 2117 0327 91       		.byte	0x91
 2118 0328 74       		.sleb128 -12
ARM GAS  C:\Users\RECEPC~1\AppData\Local\Temp\ccr8WpXf.s 			page 40


 2119 0329 15       		.uleb128 0x15
 2120 032a 70747200 		.ascii	"ptr\000"
 2121 032e 01       		.byte	0x1
 2122 032f 1D       		.byte	0x1d
 2123 0330 38030000 		.4byte	0x338
 2124 0334 02       		.uleb128 0x2
 2125 0335 91       		.byte	0x91
 2126 0336 70       		.sleb128 -16
 2127 0337 00       		.byte	0
 2128 0338 0B       		.uleb128 0xb
 2129 0339 04       		.byte	0x4
 2130 033a E8020000 		.4byte	0x2e8
 2131 033e 0F       		.uleb128 0xf
 2132 033f E8020000 		.4byte	0x2e8
 2133 0343 4E030000 		.4byte	0x34e
 2134 0347 10       		.uleb128 0x10
 2135 0348 BA000000 		.4byte	0xba
 2136 034c 0F       		.byte	0xf
 2137 034d 00       		.byte	0
 2138 034e 16       		.uleb128 0x16
 2139 034f 4F040000 		.4byte	.LASF73
 2140 0353 01       		.byte	0x1
 2141 0354 31       		.byte	0x31
 2142 0355 3E030000 		.4byte	0x33e
 2143 0359 05       		.uleb128 0x5
 2144 035a 03       		.byte	0x3
 2145 035b 00000000 		.4byte	_g_standardtransactions
 2146 035f 00       		.byte	0
 2147              		.section	.debug_abbrev,"",%progbits
 2148              	.Ldebug_abbrev0:
 2149 0000 01       		.uleb128 0x1
 2150 0001 11       		.uleb128 0x11
 2151 0002 01       		.byte	0x1
 2152 0003 25       		.uleb128 0x25
 2153 0004 0E       		.uleb128 0xe
 2154 0005 13       		.uleb128 0x13
 2155 0006 0B       		.uleb128 0xb
 2156 0007 03       		.uleb128 0x3
 2157 0008 0E       		.uleb128 0xe
 2158 0009 1B       		.uleb128 0x1b
 2159 000a 0E       		.uleb128 0xe
 2160 000b 55       		.uleb128 0x55
 2161 000c 17       		.uleb128 0x17
 2162 000d 11       		.uleb128 0x11
 2163 000e 01       		.uleb128 0x1
 2164 000f 10       		.uleb128 0x10
 2165 0010 17       		.uleb128 0x17
 2166 0011 00       		.byte	0
 2167 0012 00       		.byte	0
 2168 0013 02       		.uleb128 0x2
 2169 0014 24       		.uleb128 0x24
 2170 0015 00       		.byte	0
 2171 0016 0B       		.uleb128 0xb
 2172 0017 0B       		.uleb128 0xb
 2173 0018 3E       		.uleb128 0x3e
 2174 0019 0B       		.uleb128 0xb
 2175 001a 03       		.uleb128 0x3
ARM GAS  C:\Users\RECEPC~1\AppData\Local\Temp\ccr8WpXf.s 			page 41


 2176 001b 0E       		.uleb128 0xe
 2177 001c 00       		.byte	0
 2178 001d 00       		.byte	0
 2179 001e 03       		.uleb128 0x3
 2180 001f 16       		.uleb128 0x16
 2181 0020 00       		.byte	0
 2182 0021 03       		.uleb128 0x3
 2183 0022 0E       		.uleb128 0xe
 2184 0023 3A       		.uleb128 0x3a
 2185 0024 0B       		.uleb128 0xb
 2186 0025 3B       		.uleb128 0x3b
 2187 0026 0B       		.uleb128 0xb
 2188 0027 49       		.uleb128 0x49
 2189 0028 13       		.uleb128 0x13
 2190 0029 00       		.byte	0
 2191 002a 00       		.byte	0
 2192 002b 04       		.uleb128 0x4
 2193 002c 24       		.uleb128 0x24
 2194 002d 00       		.byte	0
 2195 002e 0B       		.uleb128 0xb
 2196 002f 0B       		.uleb128 0xb
 2197 0030 3E       		.uleb128 0x3e
 2198 0031 0B       		.uleb128 0xb
 2199 0032 03       		.uleb128 0x3
 2200 0033 08       		.uleb128 0x8
 2201 0034 00       		.byte	0
 2202 0035 00       		.byte	0
 2203 0036 05       		.uleb128 0x5
 2204 0037 16       		.uleb128 0x16
 2205 0038 00       		.byte	0
 2206 0039 03       		.uleb128 0x3
 2207 003a 0E       		.uleb128 0xe
 2208 003b 3A       		.uleb128 0x3a
 2209 003c 0B       		.uleb128 0xb
 2210 003d 3B       		.uleb128 0x3b
 2211 003e 05       		.uleb128 0x5
 2212 003f 49       		.uleb128 0x49
 2213 0040 13       		.uleb128 0x13
 2214 0041 00       		.byte	0
 2215 0042 00       		.byte	0
 2216 0043 06       		.uleb128 0x6
 2217 0044 0F       		.uleb128 0xf
 2218 0045 00       		.byte	0
 2219 0046 0B       		.uleb128 0xb
 2220 0047 0B       		.uleb128 0xb
 2221 0048 00       		.byte	0
 2222 0049 00       		.byte	0
 2223 004a 07       		.uleb128 0x7
 2224 004b 04       		.uleb128 0x4
 2225 004c 01       		.byte	0x1
 2226 004d 03       		.uleb128 0x3
 2227 004e 0E       		.uleb128 0xe
 2228 004f 0B       		.uleb128 0xb
 2229 0050 0B       		.uleb128 0xb
 2230 0051 3A       		.uleb128 0x3a
 2231 0052 0B       		.uleb128 0xb
 2232 0053 3B       		.uleb128 0x3b
ARM GAS  C:\Users\RECEPC~1\AppData\Local\Temp\ccr8WpXf.s 			page 42


 2233 0054 0B       		.uleb128 0xb
 2234 0055 01       		.uleb128 0x1
 2235 0056 13       		.uleb128 0x13
 2236 0057 00       		.byte	0
 2237 0058 00       		.byte	0
 2238 0059 08       		.uleb128 0x8
 2239 005a 28       		.uleb128 0x28
 2240 005b 00       		.byte	0
 2241 005c 03       		.uleb128 0x3
 2242 005d 0E       		.uleb128 0xe
 2243 005e 1C       		.uleb128 0x1c
 2244 005f 0D       		.uleb128 0xd
 2245 0060 00       		.byte	0
 2246 0061 00       		.byte	0
 2247 0062 09       		.uleb128 0x9
 2248 0063 15       		.uleb128 0x15
 2249 0064 01       		.byte	0x1
 2250 0065 27       		.uleb128 0x27
 2251 0066 19       		.uleb128 0x19
 2252 0067 01       		.uleb128 0x1
 2253 0068 13       		.uleb128 0x13
 2254 0069 00       		.byte	0
 2255 006a 00       		.byte	0
 2256 006b 0A       		.uleb128 0xa
 2257 006c 05       		.uleb128 0x5
 2258 006d 00       		.byte	0
 2259 006e 49       		.uleb128 0x49
 2260 006f 13       		.uleb128 0x13
 2261 0070 00       		.byte	0
 2262 0071 00       		.byte	0
 2263 0072 0B       		.uleb128 0xb
 2264 0073 0F       		.uleb128 0xf
 2265 0074 00       		.byte	0
 2266 0075 0B       		.uleb128 0xb
 2267 0076 0B       		.uleb128 0xb
 2268 0077 49       		.uleb128 0x49
 2269 0078 13       		.uleb128 0x13
 2270 0079 00       		.byte	0
 2271 007a 00       		.byte	0
 2272 007b 0C       		.uleb128 0xc
 2273 007c 13       		.uleb128 0x13
 2274 007d 01       		.byte	0x1
 2275 007e 03       		.uleb128 0x3
 2276 007f 0E       		.uleb128 0xe
 2277 0080 0B       		.uleb128 0xb
 2278 0081 0B       		.uleb128 0xb
 2279 0082 3A       		.uleb128 0x3a
 2280 0083 0B       		.uleb128 0xb
 2281 0084 3B       		.uleb128 0x3b
 2282 0085 05       		.uleb128 0x5
 2283 0086 01       		.uleb128 0x1
 2284 0087 13       		.uleb128 0x13
 2285 0088 00       		.byte	0
 2286 0089 00       		.byte	0
 2287 008a 0D       		.uleb128 0xd
 2288 008b 0D       		.uleb128 0xd
 2289 008c 00       		.byte	0
ARM GAS  C:\Users\RECEPC~1\AppData\Local\Temp\ccr8WpXf.s 			page 43


 2290 008d 03       		.uleb128 0x3
 2291 008e 0E       		.uleb128 0xe
 2292 008f 3A       		.uleb128 0x3a
 2293 0090 0B       		.uleb128 0xb
 2294 0091 3B       		.uleb128 0x3b
 2295 0092 05       		.uleb128 0x5
 2296 0093 49       		.uleb128 0x49
 2297 0094 13       		.uleb128 0x13
 2298 0095 38       		.uleb128 0x38
 2299 0096 0B       		.uleb128 0xb
 2300 0097 00       		.byte	0
 2301 0098 00       		.byte	0
 2302 0099 0E       		.uleb128 0xe
 2303 009a 15       		.uleb128 0x15
 2304 009b 01       		.byte	0x1
 2305 009c 27       		.uleb128 0x27
 2306 009d 19       		.uleb128 0x19
 2307 009e 49       		.uleb128 0x49
 2308 009f 13       		.uleb128 0x13
 2309 00a0 01       		.uleb128 0x1
 2310 00a1 13       		.uleb128 0x13
 2311 00a2 00       		.byte	0
 2312 00a3 00       		.byte	0
 2313 00a4 0F       		.uleb128 0xf
 2314 00a5 01       		.uleb128 0x1
 2315 00a6 01       		.byte	0x1
 2316 00a7 49       		.uleb128 0x49
 2317 00a8 13       		.uleb128 0x13
 2318 00a9 01       		.uleb128 0x1
 2319 00aa 13       		.uleb128 0x13
 2320 00ab 00       		.byte	0
 2321 00ac 00       		.byte	0
 2322 00ad 10       		.uleb128 0x10
 2323 00ae 21       		.uleb128 0x21
 2324 00af 00       		.byte	0
 2325 00b0 49       		.uleb128 0x49
 2326 00b1 13       		.uleb128 0x13
 2327 00b2 2F       		.uleb128 0x2f
 2328 00b3 0B       		.uleb128 0xb
 2329 00b4 00       		.byte	0
 2330 00b5 00       		.byte	0
 2331 00b6 11       		.uleb128 0x11
 2332 00b7 13       		.uleb128 0x13
 2333 00b8 01       		.byte	0x1
 2334 00b9 03       		.uleb128 0x3
 2335 00ba 0E       		.uleb128 0xe
 2336 00bb 0B       		.uleb128 0xb
 2337 00bc 05       		.uleb128 0x5
 2338 00bd 3A       		.uleb128 0x3a
 2339 00be 0B       		.uleb128 0xb
 2340 00bf 3B       		.uleb128 0x3b
 2341 00c0 05       		.uleb128 0x5
 2342 00c1 01       		.uleb128 0x1
 2343 00c2 13       		.uleb128 0x13
 2344 00c3 00       		.byte	0
 2345 00c4 00       		.byte	0
 2346 00c5 12       		.uleb128 0x12
ARM GAS  C:\Users\RECEPC~1\AppData\Local\Temp\ccr8WpXf.s 			page 44


 2347 00c6 2E       		.uleb128 0x2e
 2348 00c7 01       		.byte	0x1
 2349 00c8 3F       		.uleb128 0x3f
 2350 00c9 19       		.uleb128 0x19
 2351 00ca 03       		.uleb128 0x3
 2352 00cb 0E       		.uleb128 0xe
 2353 00cc 3A       		.uleb128 0x3a
 2354 00cd 0B       		.uleb128 0xb
 2355 00ce 3B       		.uleb128 0x3b
 2356 00cf 0B       		.uleb128 0xb
 2357 00d0 27       		.uleb128 0x27
 2358 00d1 19       		.uleb128 0x19
 2359 00d2 49       		.uleb128 0x49
 2360 00d3 13       		.uleb128 0x13
 2361 00d4 11       		.uleb128 0x11
 2362 00d5 01       		.uleb128 0x1
 2363 00d6 12       		.uleb128 0x12
 2364 00d7 06       		.uleb128 0x6
 2365 00d8 40       		.uleb128 0x40
 2366 00d9 18       		.uleb128 0x18
 2367 00da 9742     		.uleb128 0x2117
 2368 00dc 19       		.uleb128 0x19
 2369 00dd 01       		.uleb128 0x1
 2370 00de 13       		.uleb128 0x13
 2371 00df 00       		.byte	0
 2372 00e0 00       		.byte	0
 2373 00e1 13       		.uleb128 0x13
 2374 00e2 05       		.uleb128 0x5
 2375 00e3 00       		.byte	0
 2376 00e4 03       		.uleb128 0x3
 2377 00e5 0E       		.uleb128 0xe
 2378 00e6 3A       		.uleb128 0x3a
 2379 00e7 0B       		.uleb128 0xb
 2380 00e8 3B       		.uleb128 0x3b
 2381 00e9 0B       		.uleb128 0xb
 2382 00ea 49       		.uleb128 0x49
 2383 00eb 13       		.uleb128 0x13
 2384 00ec 02       		.uleb128 0x2
 2385 00ed 18       		.uleb128 0x18
 2386 00ee 00       		.byte	0
 2387 00ef 00       		.byte	0
 2388 00f0 14       		.uleb128 0x14
 2389 00f1 34       		.uleb128 0x34
 2390 00f2 00       		.byte	0
 2391 00f3 03       		.uleb128 0x3
 2392 00f4 0E       		.uleb128 0xe
 2393 00f5 3A       		.uleb128 0x3a
 2394 00f6 0B       		.uleb128 0xb
 2395 00f7 3B       		.uleb128 0x3b
 2396 00f8 0B       		.uleb128 0xb
 2397 00f9 49       		.uleb128 0x49
 2398 00fa 13       		.uleb128 0x13
 2399 00fb 02       		.uleb128 0x2
 2400 00fc 18       		.uleb128 0x18
 2401 00fd 00       		.byte	0
 2402 00fe 00       		.byte	0
 2403 00ff 15       		.uleb128 0x15
ARM GAS  C:\Users\RECEPC~1\AppData\Local\Temp\ccr8WpXf.s 			page 45


 2404 0100 34       		.uleb128 0x34
 2405 0101 00       		.byte	0
 2406 0102 03       		.uleb128 0x3
 2407 0103 08       		.uleb128 0x8
 2408 0104 3A       		.uleb128 0x3a
 2409 0105 0B       		.uleb128 0xb
 2410 0106 3B       		.uleb128 0x3b
 2411 0107 0B       		.uleb128 0xb
 2412 0108 49       		.uleb128 0x49
 2413 0109 13       		.uleb128 0x13
 2414 010a 02       		.uleb128 0x2
 2415 010b 18       		.uleb128 0x18
 2416 010c 00       		.byte	0
 2417 010d 00       		.byte	0
 2418 010e 16       		.uleb128 0x16
 2419 010f 34       		.uleb128 0x34
 2420 0110 00       		.byte	0
 2421 0111 03       		.uleb128 0x3
 2422 0112 0E       		.uleb128 0xe
 2423 0113 3A       		.uleb128 0x3a
 2424 0114 0B       		.uleb128 0xb
 2425 0115 3B       		.uleb128 0x3b
 2426 0116 0B       		.uleb128 0xb
 2427 0117 49       		.uleb128 0x49
 2428 0118 13       		.uleb128 0x13
 2429 0119 3F       		.uleb128 0x3f
 2430 011a 19       		.uleb128 0x19
 2431 011b 02       		.uleb128 0x2
 2432 011c 18       		.uleb128 0x18
 2433 011d 00       		.byte	0
 2434 011e 00       		.byte	0
 2435 011f 00       		.byte	0
 2436              		.section	.debug_aranges,"",%progbits
 2437 0000 1C000000 		.4byte	0x1c
 2438 0004 0200     		.2byte	0x2
 2439 0006 00000000 		.4byte	.Ldebug_info0
 2440 000a 04       		.byte	0x4
 2441 000b 00       		.byte	0
 2442 000c 0000     		.2byte	0
 2443 000e 0000     		.2byte	0
 2444 0010 00000000 		.4byte	.LFB0
 2445 0014 48000000 		.4byte	.LFE0-.LFB0
 2446 0018 00000000 		.4byte	0
 2447 001c 00000000 		.4byte	0
 2448              		.section	.debug_ranges,"",%progbits
 2449              	.Ldebug_ranges0:
 2450 0000 00000000 		.4byte	.LFB0
 2451 0004 48000000 		.4byte	.LFE0
 2452 0008 00000000 		.4byte	0
 2453 000c 00000000 		.4byte	0
 2454              		.section	.debug_line,"",%progbits
 2455              	.Ldebug_line0:
 2456 0000 78010000 		.section	.debug_str,"MS",%progbits,1
 2456      02005501 
 2456      00000201 
 2456      FB0E0D00 
 2456      01010101 
ARM GAS  C:\Users\RECEPC~1\AppData\Local\Temp\ccr8WpXf.s 			page 46


 2457              	.LASF23:
 2458 0000 50554D50 		.ascii	"PUMP_BUSY\000"
 2458      5F425553 
 2458      5900
 2459              	.LASF39:
 2460 000a 5F50554D 		.ascii	"_PUMP_EOT_\000"
 2460      505F454F 
 2460      545F00
 2461              	.LASF59:
 2462 0015 496E6974 		.ascii	"Initialization\000"
 2462      69616C69 
 2462      7A617469 
 2462      6F6E00
 2463              	.LASF26:
 2464 0024 50554D50 		.ascii	"PUMP_STOPPED\000"
 2464      5F53544F 
 2464      50504544 
 2464      00
 2465              	.LASF51:
 2466 0031 5F726573 		.ascii	"_responsetimeoutlimit\000"
 2466      706F6E73 
 2466      6574696D 
 2466      656F7574 
 2466      6C696D69 
 2467              	.LASF64:
 2468 0047 5F747261 		.ascii	"_transactionname\000"
 2468      6E736163 
 2468      74696F6E 
 2468      6E616D65 
 2468      00
 2469              	.LASF35:
 2470 0058 5F50554D 		.ascii	"_PUMP_PPU_CHANGE_\000"
 2470      505F5050 
 2470      555F4348 
 2470      414E4745 
 2470      5F00
 2471              	.LASF55:
 2472 006a 5F6F6E65 		.ascii	"_oneshotpreconditions\000"
 2472      73686F74 
 2472      70726563 
 2472      6F6E6469 
 2472      74696F6E 
 2473              	.LASF18:
 2474 0080 6C6F6E67 		.ascii	"long double\000"
 2474      20646F75 
 2474      626C6500 
 2475              	.LASF36:
 2476 008c 5F50554D 		.ascii	"_PUMP_RESTORE_PRICE_\000"
 2476      505F5245 
 2476      53544F52 
 2476      455F5052 
 2476      4943455F 
 2477              	.LASF30:
 2478 00a1 5F545241 		.ascii	"_TRANSACTION_NAMES_\000"
 2478      4E534143 
 2478      54494F4E 
 2478      5F4E414D 
ARM GAS  C:\Users\RECEPC~1\AppData\Local\Temp\ccr8WpXf.s 			page 47


 2478      45535F00 
 2479              	.LASF49:
 2480 00b5 54696D65 		.ascii	"TimeoutCallback\000"
 2480      6F757443 
 2480      616C6C62 
 2480      61636B00 
 2481              	.LASF2:
 2482 00c5 73686F72 		.ascii	"short int\000"
 2482      7420696E 
 2482      7400
 2483              	.LASF62:
 2484 00cf 5F50554D 		.ascii	"_PUMP_TRANSACTION_JOB_\000"
 2484      505F5452 
 2484      414E5341 
 2484      4354494F 
 2484      4E5F4A4F 
 2485              	.LASF12:
 2486 00e6 75696E74 		.ascii	"uint16\000"
 2486      313600
 2487              	.LASF47:
 2488 00ed 52657175 		.ascii	"Request\000"
 2488      65737400 
 2489              	.LASF10:
 2490 00f5 75696E74 		.ascii	"uint8_t\000"
 2490      385F7400 
 2491              	.LASF57:
 2492 00fd 5F6F6E65 		.ascii	"_oneshotpostconditions\000"
 2492      73686F74 
 2492      706F7374 
 2492      636F6E64 
 2492      6974696F 
 2493              	.LASF11:
 2494 0114 75696E74 		.ascii	"uint8\000"
 2494      3800
 2495              	.LASF34:
 2496 011a 5F50554D 		.ascii	"_PUMP_FILL_CREDIT_\000"
 2496      505F4649 
 2496      4C4C5F43 
 2496      52454449 
 2496      545F00
 2497              	.LASF56:
 2498 012d 5F707265 		.ascii	"_preconditions\000"
 2498      636F6E64 
 2498      6974696F 
 2498      6E7300
 2499              	.LASF14:
 2500 013c 666C6F61 		.ascii	"float\000"
 2500      7400
 2501              	.LASF6:
 2502 0142 6C6F6E67 		.ascii	"long long int\000"
 2502      206C6F6E 
 2502      6720696E 
 2502      7400
 2503              	.LASF68:
 2504 0150 474E5520 		.ascii	"GNU C 4.9.3 20150303 (release) [ARM/embedded-4_9-br"
 2504      4320342E 
 2504      392E3320 
ARM GAS  C:\Users\RECEPC~1\AppData\Local\Temp\ccr8WpXf.s 			page 48


 2504      32303135 
 2504      30333033 
 2505 0183 616E6368 		.ascii	"anch revision 221220] -mcpu=cortex-m3 -mthumb -g -O"
 2505      20726576 
 2505      6973696F 
 2505      6E203232 
 2505      31323230 
 2506 01b6 30202D66 		.ascii	"0 -ffunction-sections -ffat-lto-objects\000"
 2506      66756E63 
 2506      74696F6E 
 2506      2D736563 
 2506      74696F6E 
 2507              	.LASF41:
 2508 01de 5F50554D 		.ascii	"_PUMP_NETWORK_ENUMERATOR_\000"
 2508      505F4E45 
 2508      54574F52 
 2508      4B5F454E 
 2508      554D4552 
 2509              	.LASF44:
 2510 01f8 5F50554D 		.ascii	"_PUMP_COMPLETE_CONFIGURATION_\000"
 2510      505F434F 
 2510      4D504C45 
 2510      54455F43 
 2510      4F4E4649 
 2511              	.LASF9:
 2512 0216 5F5F7569 		.ascii	"__uint8_t\000"
 2512      6E74385F 
 2512      7400
 2513              	.LASF28:
 2514 0220 50554D50 		.ascii	"PUMP_UNKNOWN\000"
 2514      5F554E4B 
 2514      4E4F574E 
 2514      00
 2515              	.LASF22:
 2516 022d 50554D50 		.ascii	"PUMP_AUTHORIZED\000"
 2516      5F415554 
 2516      484F5249 
 2516      5A454400 
 2517              	.LASF72:
 2518 023d 636F6465 		.ascii	"codename\000"
 2518      6E616D65 
 2518      00
 2519              	.LASF69:
 2520 0246 2E5C4164 		.ascii	".\\AdvantageFlow.c\000"
 2520      76616E74 
 2520      61676546 
 2520      6C6F772E 
 2520      6300
 2521              	.LASF60:
 2522 0258 46696E61 		.ascii	"Finalization\000"
 2522      6C697A61 
 2522      74696F6E 
 2522      00
 2523              	.LASF43:
 2524 0265 5F50554D 		.ascii	"_PUMP_STOPALL_\000"
 2524      505F5354 
 2524      4F50414C 
ARM GAS  C:\Users\RECEPC~1\AppData\Local\Temp\ccr8WpXf.s 			page 49


 2524      4C5F00
 2525              	.LASF52:
 2526 0274 5F726570 		.ascii	"_repushtimeoutlimit\000"
 2526      75736874 
 2526      696D656F 
 2526      75746C69 
 2526      6D697400 
 2527              	.LASF1:
 2528 0288 756E7369 		.ascii	"unsigned char\000"
 2528      676E6564 
 2528      20636861 
 2528      7200
 2529              	.LASF61:
 2530 0296 50756D70 		.ascii	"PumpTransactionJob\000"
 2530      5472616E 
 2530      73616374 
 2530      696F6E4A 
 2530      6F6200
 2531              	.LASF58:
 2532 02a9 5F706F73 		.ascii	"_postconditions\000"
 2532      74636F6E 
 2532      64697469 
 2532      6F6E7300 
 2533              	.LASF40:
 2534 02b9 5F50554D 		.ascii	"_PUMP_EOT_STARTUP_\000"
 2534      505F454F 
 2534      545F5354 
 2534      41525455 
 2534      505F00
 2535              	.LASF0:
 2536 02cc 7369676E 		.ascii	"signed char\000"
 2536      65642063 
 2536      68617200 
 2537              	.LASF7:
 2538 02d8 6C6F6E67 		.ascii	"long long unsigned int\000"
 2538      206C6F6E 
 2538      6720756E 
 2538      7369676E 
 2538      65642069 
 2539              	.LASF29:
 2540 02ef 5F50554D 		.ascii	"_PUMP_STATES_\000"
 2540      505F5354 
 2540      41544553 
 2540      5F00
 2541              	.LASF37:
 2542 02fd 5F50554D 		.ascii	"_PUMP_TOTALS_\000"
 2542      505F544F 
 2542      54414C53 
 2542      5F00
 2543              	.LASF24:
 2544 030b 50554D50 		.ascii	"PUMP_PEOT\000"
 2544      5F50454F 
 2544      5400
 2545              	.LASF38:
 2546 0315 5F50554D 		.ascii	"_PUMP_STATE_\000"
 2546      505F5354 
 2546      4154455F 
ARM GAS  C:\Users\RECEPC~1\AppData\Local\Temp\ccr8WpXf.s 			page 50


 2546      00
 2547              	.LASF71:
 2548 0322 47657454 		.ascii	"GetTransactionByName\000"
 2548      72616E73 
 2548      61637469 
 2548      6F6E4279 
 2548      4E616D65 
 2549              	.LASF65:
 2550 0337 5F6A6F62 		.ascii	"_jobs\000"
 2550      7300
 2551              	.LASF3:
 2552 033d 73686F72 		.ascii	"short unsigned int\000"
 2552      7420756E 
 2552      7369676E 
 2552      65642069 
 2552      6E7400
 2553              	.LASF16:
 2554 0350 63686172 		.ascii	"char\000"
 2554      00
 2555              	.LASF46:
 2556 0355 5F426F6F 		.ascii	"_Bool\000"
 2556      6C00
 2557              	.LASF4:
 2558 035b 6C6F6E67 		.ascii	"long int\000"
 2558      20696E74 
 2558      00
 2559              	.LASF67:
 2560 0364 70726574 		.ascii	"pretval\000"
 2560      76616C00 
 2561              	.LASF32:
 2562 036c 5F50554D 		.ascii	"_PUMP_FILL_BY_VOLUME_\000"
 2562      505F4649 
 2562      4C4C5F42 
 2562      595F564F 
 2562      4C554D45 
 2563              	.LASF19:
 2564 0382 50554D50 		.ascii	"PUMP_FAIL\000"
 2564      5F464149 
 2564      4C00
 2565              	.LASF70:
 2566 038c 433A5C54 		.ascii	"C:\\TeamInsepet\\NSX-Prime\\Hardware\\CorEx-MUX-Ker"
 2566      65616D49 
 2566      6E736570 
 2566      65745C4E 
 2566      53582D50 
 2567 03bb 6E656C2D 		.ascii	"nel-Enhanced\\Workspace01\\CorEx-Mux-Kernel.cydsn\000"
 2567      456E6861 
 2567      6E636564 
 2567      5C576F72 
 2567      6B737061 
 2568              	.LASF21:
 2569 03eb 50554D50 		.ascii	"PUMP_CALLING\000"
 2569      5F43414C 
 2569      4C494E47 
 2569      00
 2570              	.LASF54:
 2571 03f8 5F726574 		.ascii	"_retryinsteadofrepush\000"
ARM GAS  C:\Users\RECEPC~1\AppData\Local\Temp\ccr8WpXf.s 			page 51


 2571      7279696E 
 2571      73746561 
 2571      646F6672 
 2571      65707573 
 2572              	.LASF33:
 2573 040e 5F50554D 		.ascii	"_PUMP_FILL_FULL_\000"
 2573      505F4649 
 2573      4C4C5F46 
 2573      554C4C5F 
 2573      00
 2574              	.LASF66:
 2575 041f 50756D70 		.ascii	"PumpTransaction\000"
 2575      5472616E 
 2575      73616374 
 2575      696F6E00 
 2576              	.LASF13:
 2577 042f 75696E74 		.ascii	"uint32\000"
 2577      333200
 2578              	.LASF5:
 2579 0436 6C6F6E67 		.ascii	"long unsigned int\000"
 2579      20756E73 
 2579      69676E65 
 2579      6420696E 
 2579      7400
 2580              	.LASF15:
 2581 0448 646F7562 		.ascii	"double\000"
 2581      6C6500
 2582              	.LASF73:
 2583 044f 5F675F73 		.ascii	"_g_standardtransactions\000"
 2583      74616E64 
 2583      61726474 
 2583      72616E73 
 2583      61637469 
 2584              	.LASF48:
 2585 0467 52657370 		.ascii	"Response\000"
 2585      6F6E7365 
 2585      00
 2586              	.LASF31:
 2587 0470 5F50554D 		.ascii	"_PUMP_FILL_BY_MONEY_\000"
 2587      505F4649 
 2587      4C4C5F42 
 2587      595F4D4F 
 2587      4E45595F 
 2588              	.LASF63:
 2589 0485 5F50554D 		.ascii	"_PUMP_TRANSACTION_\000"
 2589      505F5452 
 2589      414E5341 
 2589      4354494F 
 2589      4E5F00
 2590              	.LASF25:
 2591 0498 50554D50 		.ascii	"PUMP_FEOT\000"
 2591      5F46454F 
 2591      5400
 2592              	.LASF27:
 2593 04a2 50554D50 		.ascii	"PUMP_SEND_DATA\000"
 2593      5F53454E 
 2593      445F4441 
ARM GAS  C:\Users\RECEPC~1\AppData\Local\Temp\ccr8WpXf.s 			page 52


 2593      544100
 2594              	.LASF42:
 2595 04b1 5F50554D 		.ascii	"_PUMP_STOP_\000"
 2595      505F5354 
 2595      4F505F00 
 2596              	.LASF20:
 2597 04bd 50554D50 		.ascii	"PUMP_IDLE\000"
 2597      5F49444C 
 2597      4500
 2598              	.LASF17:
 2599 04c7 73697A65 		.ascii	"sizetype\000"
 2599      74797065 
 2599      00
 2600              	.LASF45:
 2601 04d0 5F50554D 		.ascii	"_PUMP_PROGRAM_MODE_\000"
 2601      505F5052 
 2601      4F475241 
 2601      4D5F4D4F 
 2601      44455F00 
 2602              	.LASF50:
 2603 04e4 52657370 		.ascii	"ResponseSizeResolver\000"
 2603      6F6E7365 
 2603      53697A65 
 2603      5265736F 
 2603      6C766572 
 2604              	.LASF53:
 2605 04f9 5F726573 		.ascii	"_responsesize\000"
 2605      706F6E73 
 2605      6573697A 
 2605      6500
 2606              	.LASF8:
 2607 0507 756E7369 		.ascii	"unsigned int\000"
 2607      676E6564 
 2607      20696E74 
 2607      00
 2608              		.ident	"GCC: (GNU Tools for ARM Embedded Processors) 4.9.3 20150303 (release) [ARM/embedded-4_9-br
