ARM GAS  C:\Users\Lenovo\AppData\Local\Temp\ccxL1InM.s 			page 1


   1              		.syntax unified
   2              		.cpu cortex-m3
   3              		.fpu softvfp
   4              		.eabi_attribute 20, 1
   5              		.eabi_attribute 21, 1
   6              		.eabi_attribute 23, 3
   7              		.eabi_attribute 24, 1
   8              		.eabi_attribute 25, 1
   9              		.eabi_attribute 26, 1
  10              		.eabi_attribute 30, 6
  11              		.eabi_attribute 34, 1
  12              		.eabi_attribute 18, 4
  13              		.thumb
  14              		.file	"AuxPSoC.c"
  15              		.text
  16              	.Ltext0:
  17              		.cfi_sections	.debug_frame
  18              		.section	.text.WriteAuxPSoC,"ax",%progbits
  19              		.align	2
  20              		.global	WriteAuxPSoC
  21              		.thumb
  22              		.thumb_func
  23              		.type	WriteAuxPSoC, %function
  24              	WriteAuxPSoC:
  25              	.LFB63:
  26              		.file 1 ".\\AuxPSoC.c"
   1:.\AuxPSoC.c   **** /* ========================================
   2:.\AuxPSoC.c   ****  *
   3:.\AuxPSoC.c   ****  * Copyright YOUR COMPANY, THE YEAR
   4:.\AuxPSoC.c   ****  * All Rights Reserved
   5:.\AuxPSoC.c   ****  * UNPUBLISHED, LICENSED SOFTWARE.
   6:.\AuxPSoC.c   ****  *
   7:.\AuxPSoC.c   ****  * CONFIDENTIAL AND PROPRIETARY INFORMATION
   8:.\AuxPSoC.c   ****  * WHICH IS THE PROPERTY OF your company.
   9:.\AuxPSoC.c   ****  *
  10:.\AuxPSoC.c   ****  * ========================================
  11:.\AuxPSoC.c   **** */
  12:.\AuxPSoC.c   **** 
  13:.\AuxPSoC.c   **** #include <project.h>
  14:.\AuxPSoC.c   **** #include "AuxPSoC.h"
  15:.\AuxPSoC.c   **** 
  16:.\AuxPSoC.c   **** //@Created By: HIJH
  17:.\AuxPSoC.c   **** //@Septembre de 2016
  18:.\AuxPSoC.c   **** uint8 WriteAuxPSoC(PNEAR_BYTE_PTR lpbuffer, uint16 buffersize, uint8 printerport)
  19:.\AuxPSoC.c   **** {
  27              		.loc 1 19 0
  28              		.cfi_startproc
  29              		@ args = 0, pretend = 0, frame = 16
  30              		@ frame_needed = 1, uses_anonymous_args = 0
  31 0000 80B5     		push	{r7, lr}
  32              		.cfi_def_cfa_offset 8
  33              		.cfi_offset 7, -8
  34              		.cfi_offset 14, -4
  35 0002 84B0     		sub	sp, sp, #16
  36              		.cfi_def_cfa_offset 24
  37 0004 00AF     		add	r7, sp, #0
  38              		.cfi_def_cfa_register 7
ARM GAS  C:\Users\Lenovo\AppData\Local\Temp\ccxL1InM.s 			page 2


  39 0006 7860     		str	r0, [r7, #4]
  40 0008 0B46     		mov	r3, r1
  41 000a 7B80     		strh	r3, [r7, #2]	@ movhi
  42 000c 1346     		mov	r3, r2
  43 000e 7B70     		strb	r3, [r7, #1]
  20:.\AuxPSoC.c   **** 	uint8 retval = 0x00;
  44              		.loc 1 20 0
  45 0010 0023     		movs	r3, #0
  46 0012 FB73     		strb	r3, [r7, #15]
  21:.\AuxPSoC.c   ****     
  22:.\AuxPSoC.c   ****     FOR(uint16 index = 0, index < buffersize, index++)
  47              		.loc 1 22 0
  48 0014 0023     		movs	r3, #0
  49 0016 BB81     		strh	r3, [r7, #12]	@ movhi
  50 0018 1AE0     		b	.L2
  51              	.L4:
  23:.\AuxPSoC.c   ****     {
  24:.\AuxPSoC.c   ****         I2C_Bus_MasterClearStatus();
  52              		.loc 1 24 0
  53 001a FFF7FEFF 		bl	I2C_Bus_MasterClearStatus
  25:.\AuxPSoC.c   ****         retval = I2C_Bus_MasterSendStart(_AUXPSOC_I2C_SLAVE_ADDRESS_, I2C_Bus_WRITE_XFER_MODE);
  54              		.loc 1 25 0
  55 001e 0720     		movs	r0, #7
  56 0020 0021     		movs	r1, #0
  57 0022 FFF7FEFF 		bl	I2C_Bus_MasterSendStart
  58 0026 0346     		mov	r3, r0
  59 0028 FB73     		strb	r3, [r7, #15]
  26:.\AuxPSoC.c   ****         if(I2C_Bus_MSTR_NO_ERROR == retval)
  60              		.loc 1 26 0
  61 002a FB7B     		ldrb	r3, [r7, #15]	@ zero_extendqisi2
  62 002c 002B     		cmp	r3, #0
  63 002e 0CD1     		bne	.L3
  27:.\AuxPSoC.c   ****         {
  28:.\AuxPSoC.c   ****             I2C_Bus_MasterWriteByte(printerport);
  64              		.loc 1 28 0
  65 0030 7B78     		ldrb	r3, [r7, #1]	@ zero_extendqisi2
  66 0032 1846     		mov	r0, r3
  67 0034 FFF7FEFF 		bl	I2C_Bus_MasterWriteByte
  29:.\AuxPSoC.c   ****             I2C_Bus_MasterWriteByte(lpbuffer[index]);
  68              		.loc 1 29 0
  69 0038 BB89     		ldrh	r3, [r7, #12]
  70 003a 7A68     		ldr	r2, [r7, #4]
  71 003c 1344     		add	r3, r3, r2
  72 003e 1B78     		ldrb	r3, [r3]	@ zero_extendqisi2
  73 0040 1846     		mov	r0, r3
  74 0042 FFF7FEFF 		bl	I2C_Bus_MasterWriteByte
  30:.\AuxPSoC.c   ****             
  31:.\AuxPSoC.c   ****             I2C_Bus_MasterSendStop();
  75              		.loc 1 31 0
  76 0046 FFF7FEFF 		bl	I2C_Bus_MasterSendStop
  77              	.L3:
  22:.\AuxPSoC.c   ****     {
  78              		.loc 1 22 0 discriminator 2
  79 004a BB89     		ldrh	r3, [r7, #12]
  80 004c 0133     		adds	r3, r3, #1
  81 004e BB81     		strh	r3, [r7, #12]	@ movhi
  82              	.L2:
ARM GAS  C:\Users\Lenovo\AppData\Local\Temp\ccxL1InM.s 			page 3


  22:.\AuxPSoC.c   ****     {
  83              		.loc 1 22 0 is_stmt 0 discriminator 1
  84 0050 BA89     		ldrh	r2, [r7, #12]
  85 0052 7B88     		ldrh	r3, [r7, #2]
  86 0054 9A42     		cmp	r2, r3
  87 0056 E0D3     		bcc	.L4
  32:.\AuxPSoC.c   ****         }
  33:.\AuxPSoC.c   ****     }
  34:.\AuxPSoC.c   ****     
  35:.\AuxPSoC.c   **** 	return retval;
  88              		.loc 1 35 0 is_stmt 1
  89 0058 FB7B     		ldrb	r3, [r7, #15]	@ zero_extendqisi2
  36:.\AuxPSoC.c   **** }
  90              		.loc 1 36 0
  91 005a 1846     		mov	r0, r3
  92 005c 1037     		adds	r7, r7, #16
  93              		.cfi_def_cfa_offset 8
  94 005e BD46     		mov	sp, r7
  95              		.cfi_def_cfa_register 13
  96              		@ sp needed
  97 0060 80BD     		pop	{r7, pc}
  98              		.cfi_endproc
  99              	.LFE63:
 100              		.size	WriteAuxPSoC, .-WriteAuxPSoC
 101 0062 00BF     		.text
 102              	.Letext0:
 103              		.file 2 "c:\\program files (x86)\\cypress\\psoc creator\\3.3\\psoc creator\\import\\gnu\\arm\\4.9.
 104              		.file 3 "c:\\program files (x86)\\cypress\\psoc creator\\3.3\\psoc creator\\import\\gnu\\arm\\4.9.
 105              		.file 4 "Generated_Source\\PSoC5/cytypes.h"
 106              		.file 5 ".\\GlobalDefinitions.h"
 107              		.file 6 "Generated_Source\\PSoC5/core_cm3.h"
 108              		.section	.debug_info,"",%progbits
 109              	.Ldebug_info0:
 110 0000 3B010000 		.4byte	0x13b
 111 0004 0400     		.2byte	0x4
 112 0006 00000000 		.4byte	.Ldebug_abbrev0
 113 000a 04       		.byte	0x4
 114 000b 01       		.uleb128 0x1
 115 000c A2000000 		.4byte	.LASF24
 116 0010 01       		.byte	0x1
 117 0011 DB010000 		.4byte	.LASF25
 118 0015 3D010000 		.4byte	.LASF26
 119 0019 00000000 		.4byte	.Ldebug_ranges0+0
 120 001d 00000000 		.4byte	0
 121 0021 00000000 		.4byte	.Ldebug_line0
 122 0025 02       		.uleb128 0x2
 123 0026 01       		.byte	0x1
 124 0027 06       		.byte	0x6
 125 0028 B3010000 		.4byte	.LASF0
 126 002c 02       		.uleb128 0x2
 127 002d 01       		.byte	0x1
 128 002e 08       		.byte	0x8
 129 002f 86000000 		.4byte	.LASF1
 130 0033 02       		.uleb128 0x2
 131 0034 02       		.byte	0x2
 132 0035 05       		.byte	0x5
 133 0036 E7010000 		.4byte	.LASF2
ARM GAS  C:\Users\Lenovo\AppData\Local\Temp\ccxL1InM.s 			page 4


 134 003a 02       		.uleb128 0x2
 135 003b 02       		.byte	0x2
 136 003c 07       		.byte	0x7
 137 003d 0E000000 		.4byte	.LASF3
 138 0041 03       		.uleb128 0x3
 139 0042 CB010000 		.4byte	.LASF9
 140 0046 02       		.byte	0x2
 141 0047 3F       		.byte	0x3f
 142 0048 4C000000 		.4byte	0x4c
 143 004c 02       		.uleb128 0x2
 144 004d 04       		.byte	0x4
 145 004e 05       		.byte	0x5
 146 004f 99000000 		.4byte	.LASF4
 147 0053 02       		.uleb128 0x2
 148 0054 04       		.byte	0x4
 149 0055 07       		.byte	0x7
 150 0056 4D000000 		.4byte	.LASF5
 151 005a 02       		.uleb128 0x2
 152 005b 08       		.byte	0x8
 153 005c 05       		.byte	0x5
 154 005d 00000000 		.4byte	.LASF6
 155 0061 02       		.uleb128 0x2
 156 0062 08       		.byte	0x8
 157 0063 07       		.byte	0x7
 158 0064 5F000000 		.4byte	.LASF7
 159 0068 04       		.uleb128 0x4
 160 0069 04       		.byte	0x4
 161 006a 05       		.byte	0x5
 162 006b 696E7400 		.ascii	"int\000"
 163 006f 02       		.uleb128 0x2
 164 0070 04       		.byte	0x4
 165 0071 07       		.byte	0x7
 166 0072 21000000 		.4byte	.LASF8
 167 0076 03       		.uleb128 0x3
 168 0077 F8010000 		.4byte	.LASF10
 169 007b 03       		.byte	0x3
 170 007c 2C       		.byte	0x2c
 171 007d 41000000 		.4byte	0x41
 172 0081 05       		.uleb128 0x5
 173 0082 47000000 		.4byte	.LASF11
 174 0086 04       		.byte	0x4
 175 0087 3801     		.2byte	0x138
 176 0089 2C000000 		.4byte	0x2c
 177 008d 05       		.uleb128 0x5
 178 008e F1010000 		.4byte	.LASF12
 179 0092 04       		.byte	0x4
 180 0093 3901     		.2byte	0x139
 181 0095 3A000000 		.4byte	0x3a
 182 0099 02       		.uleb128 0x2
 183 009a 04       		.byte	0x4
 184 009b 04       		.byte	0x4
 185 009c D5010000 		.4byte	.LASF13
 186 00a0 02       		.uleb128 0x2
 187 00a1 08       		.byte	0x8
 188 00a2 04       		.byte	0x4
 189 00a3 30010000 		.4byte	.LASF14
 190 00a7 02       		.uleb128 0x2
ARM GAS  C:\Users\Lenovo\AppData\Local\Temp\ccxL1InM.s 			page 5


 191 00a8 01       		.byte	0x1
 192 00a9 08       		.byte	0x8
 193 00aa 94000000 		.4byte	.LASF15
 194 00ae 02       		.uleb128 0x2
 195 00af 04       		.byte	0x4
 196 00b0 07       		.byte	0x7
 197 00b1 0F020000 		.4byte	.LASF16
 198 00b5 02       		.uleb128 0x2
 199 00b6 08       		.byte	0x8
 200 00b7 04       		.byte	0x4
 201 00b8 BF010000 		.4byte	.LASF17
 202 00bc 03       		.uleb128 0x3
 203 00bd 00020000 		.4byte	.LASF18
 204 00c1 05       		.byte	0x5
 205 00c2 50       		.byte	0x50
 206 00c3 C7000000 		.4byte	0xc7
 207 00c7 06       		.uleb128 0x6
 208 00c8 04       		.byte	0x4
 209 00c9 81000000 		.4byte	0x81
 210 00cd 07       		.uleb128 0x7
 211 00ce 3A000000 		.4byte	.LASF27
 212 00d2 01       		.byte	0x1
 213 00d3 12       		.byte	0x12
 214 00d4 81000000 		.4byte	0x81
 215 00d8 00000000 		.4byte	.LFB63
 216 00dc 62000000 		.4byte	.LFE63-.LFB63
 217 00e0 01       		.uleb128 0x1
 218 00e1 9C       		.byte	0x9c
 219 00e2 2D010000 		.4byte	0x12d
 220 00e6 08       		.uleb128 0x8
 221 00e7 76000000 		.4byte	.LASF19
 222 00eb 01       		.byte	0x1
 223 00ec 12       		.byte	0x12
 224 00ed BC000000 		.4byte	0xbc
 225 00f1 02       		.uleb128 0x2
 226 00f2 91       		.byte	0x91
 227 00f3 6C       		.sleb128 -20
 228 00f4 08       		.uleb128 0x8
 229 00f5 9B010000 		.4byte	.LASF20
 230 00f9 01       		.byte	0x1
 231 00fa 12       		.byte	0x12
 232 00fb 8D000000 		.4byte	0x8d
 233 00ff 02       		.uleb128 0x2
 234 0100 91       		.byte	0x91
 235 0101 6A       		.sleb128 -22
 236 0102 08       		.uleb128 0x8
 237 0103 2E000000 		.4byte	.LASF21
 238 0107 01       		.byte	0x1
 239 0108 12       		.byte	0x12
 240 0109 81000000 		.4byte	0x81
 241 010d 02       		.uleb128 0x2
 242 010e 91       		.byte	0x91
 243 010f 69       		.sleb128 -23
 244 0110 09       		.uleb128 0x9
 245 0111 7F000000 		.4byte	.LASF22
 246 0115 01       		.byte	0x1
 247 0116 14       		.byte	0x14
ARM GAS  C:\Users\Lenovo\AppData\Local\Temp\ccxL1InM.s 			page 6


 248 0117 81000000 		.4byte	0x81
 249 011b 02       		.uleb128 0x2
 250 011c 91       		.byte	0x91
 251 011d 77       		.sleb128 -9
 252 011e 09       		.uleb128 0x9
 253 011f 37010000 		.4byte	.LASF23
 254 0123 01       		.byte	0x1
 255 0124 16       		.byte	0x16
 256 0125 8D000000 		.4byte	0x8d
 257 0129 02       		.uleb128 0x2
 258 012a 91       		.byte	0x91
 259 012b 74       		.sleb128 -12
 260 012c 00       		.byte	0
 261 012d 0A       		.uleb128 0xa
 262 012e A6010000 		.4byte	.LASF28
 263 0132 06       		.byte	0x6
 264 0133 5506     		.2byte	0x655
 265 0135 39010000 		.4byte	0x139
 266 0139 0B       		.uleb128 0xb
 267 013a 76000000 		.4byte	0x76
 268 013e 00       		.byte	0
 269              		.section	.debug_abbrev,"",%progbits
 270              	.Ldebug_abbrev0:
 271 0000 01       		.uleb128 0x1
 272 0001 11       		.uleb128 0x11
 273 0002 01       		.byte	0x1
 274 0003 25       		.uleb128 0x25
 275 0004 0E       		.uleb128 0xe
 276 0005 13       		.uleb128 0x13
 277 0006 0B       		.uleb128 0xb
 278 0007 03       		.uleb128 0x3
 279 0008 0E       		.uleb128 0xe
 280 0009 1B       		.uleb128 0x1b
 281 000a 0E       		.uleb128 0xe
 282 000b 55       		.uleb128 0x55
 283 000c 17       		.uleb128 0x17
 284 000d 11       		.uleb128 0x11
 285 000e 01       		.uleb128 0x1
 286 000f 10       		.uleb128 0x10
 287 0010 17       		.uleb128 0x17
 288 0011 00       		.byte	0
 289 0012 00       		.byte	0
 290 0013 02       		.uleb128 0x2
 291 0014 24       		.uleb128 0x24
 292 0015 00       		.byte	0
 293 0016 0B       		.uleb128 0xb
 294 0017 0B       		.uleb128 0xb
 295 0018 3E       		.uleb128 0x3e
 296 0019 0B       		.uleb128 0xb
 297 001a 03       		.uleb128 0x3
 298 001b 0E       		.uleb128 0xe
 299 001c 00       		.byte	0
 300 001d 00       		.byte	0
 301 001e 03       		.uleb128 0x3
 302 001f 16       		.uleb128 0x16
 303 0020 00       		.byte	0
 304 0021 03       		.uleb128 0x3
ARM GAS  C:\Users\Lenovo\AppData\Local\Temp\ccxL1InM.s 			page 7


 305 0022 0E       		.uleb128 0xe
 306 0023 3A       		.uleb128 0x3a
 307 0024 0B       		.uleb128 0xb
 308 0025 3B       		.uleb128 0x3b
 309 0026 0B       		.uleb128 0xb
 310 0027 49       		.uleb128 0x49
 311 0028 13       		.uleb128 0x13
 312 0029 00       		.byte	0
 313 002a 00       		.byte	0
 314 002b 04       		.uleb128 0x4
 315 002c 24       		.uleb128 0x24
 316 002d 00       		.byte	0
 317 002e 0B       		.uleb128 0xb
 318 002f 0B       		.uleb128 0xb
 319 0030 3E       		.uleb128 0x3e
 320 0031 0B       		.uleb128 0xb
 321 0032 03       		.uleb128 0x3
 322 0033 08       		.uleb128 0x8
 323 0034 00       		.byte	0
 324 0035 00       		.byte	0
 325 0036 05       		.uleb128 0x5
 326 0037 16       		.uleb128 0x16
 327 0038 00       		.byte	0
 328 0039 03       		.uleb128 0x3
 329 003a 0E       		.uleb128 0xe
 330 003b 3A       		.uleb128 0x3a
 331 003c 0B       		.uleb128 0xb
 332 003d 3B       		.uleb128 0x3b
 333 003e 05       		.uleb128 0x5
 334 003f 49       		.uleb128 0x49
 335 0040 13       		.uleb128 0x13
 336 0041 00       		.byte	0
 337 0042 00       		.byte	0
 338 0043 06       		.uleb128 0x6
 339 0044 0F       		.uleb128 0xf
 340 0045 00       		.byte	0
 341 0046 0B       		.uleb128 0xb
 342 0047 0B       		.uleb128 0xb
 343 0048 49       		.uleb128 0x49
 344 0049 13       		.uleb128 0x13
 345 004a 00       		.byte	0
 346 004b 00       		.byte	0
 347 004c 07       		.uleb128 0x7
 348 004d 2E       		.uleb128 0x2e
 349 004e 01       		.byte	0x1
 350 004f 3F       		.uleb128 0x3f
 351 0050 19       		.uleb128 0x19
 352 0051 03       		.uleb128 0x3
 353 0052 0E       		.uleb128 0xe
 354 0053 3A       		.uleb128 0x3a
 355 0054 0B       		.uleb128 0xb
 356 0055 3B       		.uleb128 0x3b
 357 0056 0B       		.uleb128 0xb
 358 0057 27       		.uleb128 0x27
 359 0058 19       		.uleb128 0x19
 360 0059 49       		.uleb128 0x49
 361 005a 13       		.uleb128 0x13
ARM GAS  C:\Users\Lenovo\AppData\Local\Temp\ccxL1InM.s 			page 8


 362 005b 11       		.uleb128 0x11
 363 005c 01       		.uleb128 0x1
 364 005d 12       		.uleb128 0x12
 365 005e 06       		.uleb128 0x6
 366 005f 40       		.uleb128 0x40
 367 0060 18       		.uleb128 0x18
 368 0061 9642     		.uleb128 0x2116
 369 0063 19       		.uleb128 0x19
 370 0064 01       		.uleb128 0x1
 371 0065 13       		.uleb128 0x13
 372 0066 00       		.byte	0
 373 0067 00       		.byte	0
 374 0068 08       		.uleb128 0x8
 375 0069 05       		.uleb128 0x5
 376 006a 00       		.byte	0
 377 006b 03       		.uleb128 0x3
 378 006c 0E       		.uleb128 0xe
 379 006d 3A       		.uleb128 0x3a
 380 006e 0B       		.uleb128 0xb
 381 006f 3B       		.uleb128 0x3b
 382 0070 0B       		.uleb128 0xb
 383 0071 49       		.uleb128 0x49
 384 0072 13       		.uleb128 0x13
 385 0073 02       		.uleb128 0x2
 386 0074 18       		.uleb128 0x18
 387 0075 00       		.byte	0
 388 0076 00       		.byte	0
 389 0077 09       		.uleb128 0x9
 390 0078 34       		.uleb128 0x34
 391 0079 00       		.byte	0
 392 007a 03       		.uleb128 0x3
 393 007b 0E       		.uleb128 0xe
 394 007c 3A       		.uleb128 0x3a
 395 007d 0B       		.uleb128 0xb
 396 007e 3B       		.uleb128 0x3b
 397 007f 0B       		.uleb128 0xb
 398 0080 49       		.uleb128 0x49
 399 0081 13       		.uleb128 0x13
 400 0082 02       		.uleb128 0x2
 401 0083 18       		.uleb128 0x18
 402 0084 00       		.byte	0
 403 0085 00       		.byte	0
 404 0086 0A       		.uleb128 0xa
 405 0087 34       		.uleb128 0x34
 406 0088 00       		.byte	0
 407 0089 03       		.uleb128 0x3
 408 008a 0E       		.uleb128 0xe
 409 008b 3A       		.uleb128 0x3a
 410 008c 0B       		.uleb128 0xb
 411 008d 3B       		.uleb128 0x3b
 412 008e 05       		.uleb128 0x5
 413 008f 49       		.uleb128 0x49
 414 0090 13       		.uleb128 0x13
 415 0091 3F       		.uleb128 0x3f
 416 0092 19       		.uleb128 0x19
 417 0093 3C       		.uleb128 0x3c
 418 0094 19       		.uleb128 0x19
ARM GAS  C:\Users\Lenovo\AppData\Local\Temp\ccxL1InM.s 			page 9


 419 0095 00       		.byte	0
 420 0096 00       		.byte	0
 421 0097 0B       		.uleb128 0xb
 422 0098 35       		.uleb128 0x35
 423 0099 00       		.byte	0
 424 009a 49       		.uleb128 0x49
 425 009b 13       		.uleb128 0x13
 426 009c 00       		.byte	0
 427 009d 00       		.byte	0
 428 009e 00       		.byte	0
 429              		.section	.debug_aranges,"",%progbits
 430 0000 1C000000 		.4byte	0x1c
 431 0004 0200     		.2byte	0x2
 432 0006 00000000 		.4byte	.Ldebug_info0
 433 000a 04       		.byte	0x4
 434 000b 00       		.byte	0
 435 000c 0000     		.2byte	0
 436 000e 0000     		.2byte	0
 437 0010 00000000 		.4byte	.LFB63
 438 0014 62000000 		.4byte	.LFE63-.LFB63
 439 0018 00000000 		.4byte	0
 440 001c 00000000 		.4byte	0
 441              		.section	.debug_ranges,"",%progbits
 442              	.Ldebug_ranges0:
 443 0000 00000000 		.4byte	.LFB63
 444 0004 62000000 		.4byte	.LFE63
 445 0008 00000000 		.4byte	0
 446 000c 00000000 		.4byte	0
 447              		.section	.debug_line,"",%progbits
 448              	.Ldebug_line0:
 449 0000 94010000 		.section	.debug_str,"MS",%progbits,1
 449      02006501 
 449      00000201 
 449      FB0E0D00 
 449      01010101 
 450              	.LASF6:
 451 0000 6C6F6E67 		.ascii	"long long int\000"
 451      206C6F6E 
 451      6720696E 
 451      7400
 452              	.LASF3:
 453 000e 73686F72 		.ascii	"short unsigned int\000"
 453      7420756E 
 453      7369676E 
 453      65642069 
 453      6E7400
 454              	.LASF8:
 455 0021 756E7369 		.ascii	"unsigned int\000"
 455      676E6564 
 455      20696E74 
 455      00
 456              	.LASF21:
 457 002e 7072696E 		.ascii	"printerport\000"
 457      74657270 
 457      6F727400 
 458              	.LASF27:
 459 003a 57726974 		.ascii	"WriteAuxPSoC\000"
ARM GAS  C:\Users\Lenovo\AppData\Local\Temp\ccxL1InM.s 			page 10


 459      65417578 
 459      50536F43 
 459      00
 460              	.LASF11:
 461 0047 75696E74 		.ascii	"uint8\000"
 461      3800
 462              	.LASF5:
 463 004d 6C6F6E67 		.ascii	"long unsigned int\000"
 463      20756E73 
 463      69676E65 
 463      6420696E 
 463      7400
 464              	.LASF7:
 465 005f 6C6F6E67 		.ascii	"long long unsigned int\000"
 465      206C6F6E 
 465      6720756E 
 465      7369676E 
 465      65642069 
 466              	.LASF19:
 467 0076 6C706275 		.ascii	"lpbuffer\000"
 467      66666572 
 467      00
 468              	.LASF22:
 469 007f 72657476 		.ascii	"retval\000"
 469      616C00
 470              	.LASF1:
 471 0086 756E7369 		.ascii	"unsigned char\000"
 471      676E6564 
 471      20636861 
 471      7200
 472              	.LASF15:
 473 0094 63686172 		.ascii	"char\000"
 473      00
 474              	.LASF4:
 475 0099 6C6F6E67 		.ascii	"long int\000"
 475      20696E74 
 475      00
 476              	.LASF24:
 477 00a2 474E5520 		.ascii	"GNU C 4.9.3 20150303 (release) [ARM/embedded-4_9-br"
 477      4320342E 
 477      392E3320 
 477      32303135 
 477      30333033 
 478 00d5 616E6368 		.ascii	"anch revision 221220] -mcpu=cortex-m3 -mthumb -g -O"
 478      20726576 
 478      6973696F 
 478      6E203232 
 478      31323230 
 479 0108 30202D66 		.ascii	"0 -ffunction-sections -ffat-lto-objects\000"
 479      66756E63 
 479      74696F6E 
 479      2D736563 
 479      74696F6E 
 480              	.LASF14:
 481 0130 646F7562 		.ascii	"double\000"
 481      6C6500
 482              	.LASF23:
ARM GAS  C:\Users\Lenovo\AppData\Local\Temp\ccxL1InM.s 			page 11


 483 0137 696E6465 		.ascii	"index\000"
 483      7800
 484              	.LASF26:
 485 013d 433A5C55 		.ascii	"C:\\Users\\Lenovo\\Documents\\GitHub\\CorEx-MUX-Ker"
 485      73657273 
 485      5C4C656E 
 485      6F766F5C 
 485      446F6375 
 486 016b 6E656C2D 		.ascii	"nel-Enhanced\\Workspace01\\CorEx-Mux-Kernel.cydsn\000"
 486      456E6861 
 486      6E636564 
 486      5C576F72 
 486      6B737061 
 487              	.LASF20:
 488 019b 62756666 		.ascii	"buffersize\000"
 488      65727369 
 488      7A6500
 489              	.LASF28:
 490 01a6 49544D5F 		.ascii	"ITM_RxBuffer\000"
 490      52784275 
 490      66666572 
 490      00
 491              	.LASF0:
 492 01b3 7369676E 		.ascii	"signed char\000"
 492      65642063 
 492      68617200 
 493              	.LASF17:
 494 01bf 6C6F6E67 		.ascii	"long double\000"
 494      20646F75 
 494      626C6500 
 495              	.LASF9:
 496 01cb 5F5F696E 		.ascii	"__int32_t\000"
 496      7433325F 
 496      7400
 497              	.LASF13:
 498 01d5 666C6F61 		.ascii	"float\000"
 498      7400
 499              	.LASF25:
 500 01db 2E5C4175 		.ascii	".\\AuxPSoC.c\000"
 500      7850536F 
 500      432E6300 
 501              	.LASF2:
 502 01e7 73686F72 		.ascii	"short int\000"
 502      7420696E 
 502      7400
 503              	.LASF12:
 504 01f1 75696E74 		.ascii	"uint16\000"
 504      313600
 505              	.LASF10:
 506 01f8 696E7433 		.ascii	"int32_t\000"
 506      325F7400 
 507              	.LASF18:
 508 0200 504E4541 		.ascii	"PNEAR_BYTE_PTR\000"
 508      525F4259 
 508      54455F50 
 508      545200
 509              	.LASF16:
ARM GAS  C:\Users\Lenovo\AppData\Local\Temp\ccxL1InM.s 			page 12


 510 020f 73697A65 		.ascii	"sizetype\000"
 510      74797065 
 510      00
 511              		.ident	"GCC: (GNU Tools for ARM Embedded Processors) 4.9.3 20150303 (release) [ARM/embedded-4_9-br
