--------------- Build Started: 05/04/2017 14:00:37 Project: CorEx-Mux-Kernel, Configuration: ARM GCC 4.9-2015-q1-update Debug ---------------
cydsfit.exe -.appdatapath "C:\Users\Lenovo\AppData\Local\Cypress Semiconductor\PSoC Creator\3.3" -.fdsnotice -.fdswarpdepfile=warp_dependencies.txt -.fdselabdepfile=elab_dependencies.txt -.fdsbldfile=generated_files.txt -p C:\Users\Lenovo\Documents\GitHub\CorEx-MUX-Kernel-Enhanced\Workspace01\CorEx-Mux-Kernel.cydsn\CorEx-Mux-Kernel.cyprj -d CY8C5868AXI-LP035 -s C:\Users\Lenovo\Documents\GitHub\CorEx-MUX-Kernel-Enhanced\Workspace01\CorEx-Mux-Kernel.cydsn\Generated_Source\PSoC5 -- -yv2 -q10 -ygs -o2 -v3 -.fftcfgtype=LE
Elaborating Design...
HDL Generation ...
Synthesis ...
Place and Route ...
Tech mapping ...
Analog Placement ...
Analog Routing ...
Analog Code Generation ...
Digital Placement ...
Digital Routing ...
Bitstream Generation ...
Static timing analysis ...
Warning: sta.M0019: CorEx-Mux-Kernel_timing.html: Warning-1366: Setup time violation found in a path from clock ( CyBUS_CLK ) to clock ( CyBUS_CLK ). (File=C:\Users\Lenovo\Documents\GitHub\CorEx-MUX-Kernel-Enhanced\Workspace01\CorEx-Mux-Kernel.cydsn\CorEx-Mux-Kernel_timing.html)
Warning: sta.M0019: CorEx-Mux-Kernel_timing.html: Warning-1366: Setup time violation found in a path from clock ( CyBUS_CLK ) to clock ( Clock_Printer ). (File=C:\Users\Lenovo\Documents\GitHub\CorEx-MUX-Kernel-Enhanced\Workspace01\CorEx-Mux-Kernel.cydsn\CorEx-Mux-Kernel_timing.html)
API Generation ...
Dependency Generation ...
Clean Temporary Files ...
arm-none-eabi-gcc.exe -mcpu=cortex-m3 -mthumb -Wno-main -I. -IGenerated_Source\PSoC5 -Wa,-alh=.\CortexM3\ARM_GCC_493\Debug/UARTManager.lst -g -D DEBUG -Wall -ffunction-sections -O0 -ffat-lto-objects -c .\UARTManager.c -o .\CortexM3\ARM_GCC_493\Debug\UARTManager.o
arm-none-eabi-gcc.exe -mcpu=cortex-m3 -mthumb -Wno-main -I. -IGenerated_Source\PSoC5 -Wa,-alh=.\CortexM3\ARM_GCC_493\Debug/UARTResolver.lst -g -D DEBUG -Wall -ffunction-sections -O0 -ffat-lto-objects -c .\UARTResolver.c -o .\CortexM3\ARM_GCC_493\Debug\UARTResolver.o
arm-none-eabi-gcc.exe -mcpu=cortex-m3 -mthumb -Wno-main -I. -IGenerated_Source\PSoC5 -Wa,-alh=.\CortexM3\ARM_GCC_493\Debug/UARTManagerSink.lst -g -D DEBUG -Wall -ffunction-sections -O0 -ffat-lto-objects -c .\UARTManagerSink.c -o .\CortexM3\ARM_GCC_493\Debug\UARTManagerSink.o
arm-none-eabi-gcc.exe -mcpu=cortex-m3 -mthumb -Wno-main -I. -IGenerated_Source\PSoC5 -Wa,-alh=.\CortexM3\ARM_GCC_493\Debug/PseudoRTOS.lst -g -D DEBUG -Wall -ffunction-sections -O0 -ffat-lto-objects -c .\PseudoRTOS.c -o .\CortexM3\ARM_GCC_493\Debug\PseudoRTOS.o
arm-none-eabi-gcc.exe -mcpu=cortex-m3 -mthumb -Wno-main -I. -IGenerated_Source\PSoC5 -Wa,-alh=.\CortexM3\ARM_GCC_493\Debug/Utils.lst -g -D DEBUG -Wall -ffunction-sections -O0 -ffat-lto-objects -c .\Utils.c -o .\CortexM3\ARM_GCC_493\Debug\Utils.o
arm-none-eabi-gcc.exe -mcpu=cortex-m3 -mthumb -Wno-main -I. -IGenerated_Source\PSoC5 -Wa,-alh=.\CortexM3\ARM_GCC_493\Debug/Security.lst -g -D DEBUG -Wall -ffunction-sections -O0 -ffat-lto-objects -c .\Security.c -o .\CortexM3\ARM_GCC_493\Debug\Security.o
arm-none-eabi-gcc.exe -mcpu=cortex-m3 -mthumb -Wno-main -I. -IGenerated_Source\PSoC5 -Wa,-alh=.\CortexM3\ARM_GCC_493\Debug/SinkManager.lst -g -D DEBUG -Wall -ffunction-sections -O0 -ffat-lto-objects -c .\SinkManager.c -o .\CortexM3\ARM_GCC_493\Debug\SinkManager.o
arm-none-eabi-gcc.exe -mcpu=cortex-m3 -mthumb -Wno-main -I. -IGenerated_Source\PSoC5 -Wa,-alh=.\CortexM3\ARM_GCC_493\Debug/EepromManager.lst -g -D DEBUG -Wall -ffunction-sections -O0 -ffat-lto-objects -c .\EepromManager.c -o .\CortexM3\ARM_GCC_493\Debug\EepromManager.o
arm-none-eabi-gcc.exe -mcpu=cortex-m3 -mthumb -Wno-main -I. -IGenerated_Source\PSoC5 -Wa,-alh=.\CortexM3\ARM_GCC_493\Debug/RtcManager.lst -g -D DEBUG -Wall -ffunction-sections -O0 -ffat-lto-objects -c .\RtcManager.c -o .\CortexM3\ARM_GCC_493\Debug\RtcManager.o
arm-none-eabi-gcc.exe -mcpu=cortex-m3 -mthumb -Wno-main -I. -IGenerated_Source\PSoC5 -Wa,-alh=.\CortexM3\ARM_GCC_493\Debug/Initializers.lst -g -D DEBUG -Wall -ffunction-sections -O0 -ffat-lto-objects -c .\Initializers.c -o .\CortexM3\ARM_GCC_493\Debug\Initializers.o
arm-none-eabi-gcc.exe -mcpu=cortex-m3 -mthumb -Wno-main -I. -IGenerated_Source\PSoC5 -Wa,-alh=.\CortexM3\ARM_GCC_493\Debug/Timers.lst -g -D DEBUG -Wall -ffunction-sections -O0 -ffat-lto-objects -c .\Timers.c -o .\CortexM3\ARM_GCC_493\Debug\Timers.o
arm-none-eabi-gcc.exe -mcpu=cortex-m3 -mthumb -Wno-main -I. -IGenerated_Source\PSoC5 -Wa,-alh=.\CortexM3\ARM_GCC_493\Debug/TestFile.lst -g -D DEBUG -Wall -ffunction-sections -O0 -ffat-lto-objects -c .\TestFile.c -o .\CortexM3\ARM_GCC_493\Debug\TestFile.o
arm-none-eabi-gcc.exe -mcpu=cortex-m3 -mthumb -Wno-main -I. -IGenerated_Source\PSoC5 -Wa,-alh=.\CortexM3\ARM_GCC_493\Debug/AuxPSoC.lst -g -D DEBUG -Wall -ffunction-sections -O0 -ffat-lto-objects -c .\AuxPSoC.c -o .\CortexM3\ARM_GCC_493\Debug\AuxPSoC.o
arm-none-eabi-gcc.exe -mcpu=cortex-m3 -mthumb -Wno-main -I. -IGenerated_Source\PSoC5 -Wa,-alh=.\CortexM3\ARM_GCC_493\Debug/WatchDogReset.lst -g -D DEBUG -Wall -ffunction-sections -O0 -ffat-lto-objects -c .\WatchDogReset.c -o .\CortexM3\ARM_GCC_493\Debug\WatchDogReset.o
arm-none-eabi-gcc.exe -mcpu=cortex-m3 -mthumb -Wno-main -I. -IGenerated_Source\PSoC5 -Wa,-alh=.\CortexM3\ARM_GCC_493\Debug/DispenserResolver.lst -g -D DEBUG -Wall -ffunction-sections -O0 -ffat-lto-objects -c .\DispenserResolver.c -o .\CortexM3\ARM_GCC_493\Debug\DispenserResolver.o
arm-none-eabi-gcc.exe -mcpu=cortex-m3 -mthumb -Wno-main -I. -IGenerated_Source\PSoC5 -Wa,-alh=.\CortexM3\ARM_GCC_493\Debug/DispenserBLL.lst -g -D DEBUG -Wall -ffunction-sections -O0 -ffat-lto-objects -c .\DispenserBLL.c -o .\CortexM3\ARM_GCC_493\Debug\DispenserBLL.o
arm-none-eabi-gcc.exe -mcpu=cortex-m3 -mthumb -Wno-main -I. -IGenerated_Source\PSoC5 -Wa,-alh=.\CortexM3\ARM_GCC_493\Debug/DispenserSink.lst -g -D DEBUG -Wall -ffunction-sections -O0 -ffat-lto-objects -c .\DispenserSink.c -o .\CortexM3\ARM_GCC_493\Debug\DispenserSink.o
arm-none-eabi-gcc.exe -mcpu=cortex-m3 -mthumb -Wno-main -I. -IGenerated_Source\PSoC5 -Wa,-alh=.\CortexM3\ARM_GCC_493\Debug/DisplayBLL.lst -g -D DEBUG -Wall -ffunction-sections -O0 -ffat-lto-objects -c .\DisplayBLL.c -o .\CortexM3\ARM_GCC_493\Debug\DisplayBLL.o
arm-none-eabi-gcc.exe -mcpu=cortex-m3 -mthumb -Wno-main -I. -IGenerated_Source\PSoC5 -Wa,-alh=.\CortexM3\ARM_GCC_493\Debug/DisplaySink.lst -g -D DEBUG -Wall -ffunction-sections -O0 -ffat-lto-objects -c .\DisplaySink.c -o .\CortexM3\ARM_GCC_493\Debug\DisplaySink.o
arm-none-eabi-gcc.exe -mcpu=cortex-m3 -mthumb -Wno-main -I. -IGenerated_Source\PSoC5 -Wa,-alh=.\CortexM3\ARM_GCC_493\Debug/DisplayUtils.lst -g -D DEBUG -Wall -ffunction-sections -O0 -ffat-lto-objects -c .\DisplayUtils.c -o .\CortexM3\ARM_GCC_493\Debug\DisplayUtils.o
arm-none-eabi-gcc.exe -mcpu=cortex-m3 -mthumb -Wno-main -I. -IGenerated_Source\PSoC5 -Wa,-alh=.\CortexM3\ARM_GCC_493\Debug/DisplayFlow.lst -g -D DEBUG -Wall -ffunction-sections -O0 -ffat-lto-objects -c .\DisplayFlow.c -o .\CortexM3\ARM_GCC_493\Debug\DisplayFlow.o
arm-none-eabi-gcc.exe -mcpu=cortex-m3 -mthumb -Wno-main -I. -IGenerated_Source\PSoC5 -Wa,-alh=.\CortexM3\ARM_GCC_493\Debug/DisplayCharacterMap.lst -g -D DEBUG -Wall -ffunction-sections -O0 -ffat-lto-objects -c .\DisplayCharacterMap.c -o .\CortexM3\ARM_GCC_493\Debug\DisplayCharacterMap.o
arm-none-eabi-gcc.exe -mcpu=cortex-m3 -mthumb -Wno-main -I. -IGenerated_Source\PSoC5 -Wa,-alh=.\CortexM3\ARM_GCC_493\Debug/DisplayBufferScreenMap.lst -g -D DEBUG -Wall -ffunction-sections -O0 -ffat-lto-objects -c .\DisplayBufferScreenMap.c -o .\CortexM3\ARM_GCC_493\Debug\DisplayBufferScreenMap.o
arm-none-eabi-gcc.exe -mcpu=cortex-m3 -mthumb -Wno-main -I. -IGenerated_Source\PSoC5 -Wa,-alh=.\CortexM3\ARM_GCC_493\Debug/DisplayResolver.lst -g -D DEBUG -Wall -ffunction-sections -O0 -ffat-lto-objects -c .\DisplayResolver.c -o .\CortexM3\ARM_GCC_493\Debug\DisplayResolver.o
arm-none-eabi-gcc.exe -mcpu=cortex-m3 -mthumb -Wno-main -I. -IGenerated_Source\PSoC5 -Wa,-alh=.\CortexM3\ARM_GCC_493\Debug/PrinterBLL.lst -g -D DEBUG -Wall -ffunction-sections -O0 -ffat-lto-objects -c .\PrinterBLL.c -o .\CortexM3\ARM_GCC_493\Debug\PrinterBLL.o
.\PrinterBLL.c: In function 'Printer1GenericCallbacklogo':
.\PrinterBLL.c:184:21: warning: unused variable 'pmsg' [-Wunused-variable]
     PSINKMESSAGEPTR pmsg = (PSINKMESSAGEPTR)pdata;
                     ^
.\PrinterBLL.c: In function 'Printer2GenericCallbacklogo':
.\PrinterBLL.c:189:21: warning: unused variable 'pmsg' [-Wunused-variable]
     PSINKMESSAGEPTR pmsg = (PSINKMESSAGEPTR)pdata;
                     ^
arm-none-eabi-gcc.exe -mcpu=cortex-m3 -mthumb -Wno-main -I. -IGenerated_Source\PSoC5 -Wa,-alh=.\CortexM3\ARM_GCC_493\Debug/PrinterSink.lst -g -D DEBUG -Wall -ffunction-sections -O0 -ffat-lto-objects -c .\PrinterSink.c -o .\CortexM3\ARM_GCC_493\Debug\PrinterSink.o
arm-none-eabi-gcc.exe -mcpu=cortex-m3 -mthumb -Wno-main -I. -IGenerated_Source\PSoC5 -Wa,-alh=.\CortexM3\ARM_GCC_493\Debug/PrinterResolver.lst -g -D DEBUG -Wall -ffunction-sections -O0 -ffat-lto-objects -c .\PrinterResolver.c -o .\CortexM3\ARM_GCC_493\Debug\PrinterResolver.o
arm-none-eabi-gcc.exe -mcpu=cortex-m3 -mthumb -Wno-main -I. -IGenerated_Source\PSoC5 -Wa,-alh=.\CortexM3\ARM_GCC_493\Debug/PrinterTemplate.lst -g -D DEBUG -Wall -ffunction-sections -O0 -ffat-lto-objects -c .\PrinterTemplate.c -o .\CortexM3\ARM_GCC_493\Debug\PrinterTemplate.o
arm-none-eabi-gcc.exe -mcpu=cortex-m3 -mthumb -Wno-main -I. -IGenerated_Source\PSoC5 -Wa,-alh=.\CortexM3\ARM_GCC_493\Debug/iButtonSink.lst -g -D DEBUG -Wall -ffunction-sections -O0 -ffat-lto-objects -c .\iButtonSink.c -o .\CortexM3\ARM_GCC_493\Debug\iButtonSink.o
arm-none-eabi-gcc.exe -mcpu=cortex-m3 -mthumb -Wno-main -I. -IGenerated_Source\PSoC5 -Wa,-alh=.\CortexM3\ARM_GCC_493\Debug/iButtonBLL.lst -g -D DEBUG -Wall -ffunction-sections -O0 -ffat-lto-objects -c .\iButtonBLL.c -o .\CortexM3\ARM_GCC_493\Debug\iButtonBLL.o
arm-none-eabi-gcc.exe -mcpu=cortex-m3 -mthumb -Wno-main -I. -IGenerated_Source\PSoC5 -Wa,-alh=.\CortexM3\ARM_GCC_493\Debug/iButtonProtocol.lst -g -D DEBUG -Wall -ffunction-sections -O0 -ffat-lto-objects -c .\iButtonProtocol.c -o .\CortexM3\ARM_GCC_493\Debug\iButtonProtocol.o
arm-none-eabi-gcc.exe -mcpu=cortex-m3 -mthumb -Wno-main -I. -IGenerated_Source\PSoC5 -Wa,-alh=.\CortexM3\ARM_GCC_493\Debug/Prime.lst -g -D DEBUG -Wall -ffunction-sections -O0 -ffat-lto-objects -c .\Prime.c -o .\CortexM3\ARM_GCC_493\Debug\Prime.o
arm-none-eabi-gcc.exe -mcpu=cortex-m3 -mthumb -Wno-main -I. -IGenerated_Source\PSoC5 -Wa,-alh=.\CortexM3\ARM_GCC_493\Debug/PrimeFlow.lst -g -D DEBUG -Wall -ffunction-sections -O0 -ffat-lto-objects -c .\PrimeFlow.c -o .\CortexM3\ARM_GCC_493\Debug\PrimeFlow.o
arm-none-eabi-gcc.exe -mcpu=cortex-m3 -mthumb -Wno-main -I. -IGenerated_Source\PSoC5 -Wa,-alh=.\CortexM3\ARM_GCC_493\Debug/PrimeImpl.lst -g -D DEBUG -Wall -ffunction-sections -O0 -ffat-lto-objects -c .\PrimeImpl.c -o .\CortexM3\ARM_GCC_493\Debug\PrimeImpl.o
.\PrimeImpl.c: In function 'ProcessPumpTotalsDataReport':
.\PrimeImpl.c:541:15: warning: variable 'numhoses' set but not used [-Wunused-but-set-variable]
         uint8 numhoses = 0x00;
               ^
.\PrimeImpl.c:540:14: warning: unused variable 'dataok' [-Wunused-variable]
         bool dataok = true;
              ^
arm-none-eabi-gcc.exe -mcpu=cortex-m3 -mthumb -Wno-main -I. -IGenerated_Source\PSoC5 -Wa,-alh=.\CortexM3\ARM_GCC_493\Debug/Encore.lst -g -D DEBUG -Wall -ffunction-sections -O0 -ffat-lto-objects -c .\Encore.c -o .\CortexM3\ARM_GCC_493\Debug\Encore.o
arm-none-eabi-gcc.exe -mcpu=cortex-m3 -mthumb -Wno-main -I. -IGenerated_Source\PSoC5 -Wa,-alh=.\CortexM3\ARM_GCC_493\Debug/EncoreFlow.lst -g -D DEBUG -Wall -ffunction-sections -O0 -ffat-lto-objects -c .\EncoreFlow.c -o .\CortexM3\ARM_GCC_493\Debug\EncoreFlow.o
arm-none-eabi-gcc.exe -mcpu=cortex-m3 -mthumb -Wno-main -I. -IGenerated_Source\PSoC5 -Wa,-alh=.\CortexM3\ARM_GCC_493\Debug/EncoreImpl.lst -g -D DEBUG -Wall -ffunction-sections -O0 -ffat-lto-objects -c .\EncoreImpl.c -o .\CortexM3\ARM_GCC_493\Debug\EncoreImpl.o
arm-none-eabi-gcc.exe -mcpu=cortex-m3 -mthumb -Wno-main -I. -IGenerated_Source\PSoC5 -Wa,-alh=.\CortexM3\ARM_GCC_493\Debug/Advantage.lst -g -D DEBUG -Wall -ffunction-sections -O0 -ffat-lto-objects -c .\Advantage.c -o .\CortexM3\ARM_GCC_493\Debug\Advantage.o
arm-none-eabi-gcc.exe -mcpu=cortex-m3 -mthumb -Wno-main -I. -IGenerated_Source\PSoC5 -Wa,-alh=.\CortexM3\ARM_GCC_493\Debug/AdvantageFlow.lst -g -D DEBUG -Wall -ffunction-sections -O0 -ffat-lto-objects -c .\AdvantageFlow.c -o .\CortexM3\ARM_GCC_493\Debug\AdvantageFlow.o
arm-none-eabi-gcc.exe -mcpu=cortex-m3 -mthumb -Wno-main -I. -IGenerated_Source\PSoC5 -Wa,-alh=.\CortexM3\ARM_GCC_493\Debug/AdvantageImpl.lst -g -D DEBUG -Wall -ffunction-sections -O0 -ffat-lto-objects -c .\AdvantageImpl.c -o .\CortexM3\ARM_GCC_493\Debug\AdvantageImpl.o
arm-none-eabi-gcc.exe -mcpu=cortex-m3 -mthumb -Wno-main -I. -IGenerated_Source\PSoC5 -Wa,-alh=.\CortexM3\ARM_GCC_493\Debug/RFSink.lst -g -D DEBUG -Wall -ffunction-sections -O0 -ffat-lto-objects -c .\RFSink.c -o .\CortexM3\ARM_GCC_493\Debug\RFSink.o
arm-none-eabi-gcc.exe -mcpu=cortex-m3 -mthumb -Wno-main -I. -IGenerated_Source\PSoC5 -Wa,-alh=.\CortexM3\ARM_GCC_493\Debug/RFBLL.lst -g -D DEBUG -Wall -ffunction-sections -O0 -ffat-lto-objects -c .\RFBLL.c -o .\CortexM3\ARM_GCC_493\Debug\RFBLL.o
arm-none-eabi-gcc.exe -mcpu=cortex-m3 -mthumb -Wno-main -I. -IGenerated_Source\PSoC5 -Wa,-alh=.\CortexM3\ARM_GCC_493\Debug/RFResolver.lst -g -D DEBUG -Wall -ffunction-sections -O0 -ffat-lto-objects -c .\RFResolver.c -o .\CortexM3\ARM_GCC_493\Debug\RFResolver.o
arm-none-eabi-gcc.exe -mcpu=cortex-m3 -mthumb -Wno-main -I. -IGenerated_Source\PSoC5 -Wa,-alh=.\CortexM3\ARM_GCC_493\Debug/RFServerStack.lst -g -D DEBUG -Wall -ffunction-sections -O0 -ffat-lto-objects -c .\RFServerStack.c -o .\CortexM3\ARM_GCC_493\Debug\RFServerStack.o
arm-none-eabi-gcc.exe -mcpu=cortex-m3 -mthumb -Wno-main -I. -IGenerated_Source\PSoC5 -Wa,-alh=.\CortexM3\ARM_GCC_493\Debug/RFServerStackImpl.lst -g -D DEBUG -Wall -ffunction-sections -O0 -ffat-lto-objects -c .\RFServerStackImpl.c -o .\CortexM3\ARM_GCC_493\Debug\RFServerStackImpl.o
.\RFServerStackImpl.c: In function 'RFCopyPrintReqResp':
.\RFServerStackImpl.c:2664:27: warning: unused variable 'ppump' [-Wunused-variable]
             PNEAR_PUMPPTR ppump = GetPumpFromRemotePositionID(_g_pumps[index]._pumpid);
                           ^
arm-none-eabi-gcc.exe -mcpu=cortex-m3 -mthumb -Wno-main -I. -IGenerated_Source\PSoC5 -Wa,-alh=.\CortexM3\ARM_GCC_493\Debug/ClientDefinitions.lst -g -D DEBUG -Wall -ffunction-sections -O0 -ffat-lto-objects -c .\ClientDefinitions.c -o .\CortexM3\ARM_GCC_493\Debug\ClientDefinitions.o
arm-none-eabi-gcc.exe -mcpu=cortex-m3 -mthumb -Wno-main -I. -IGenerated_Source\PSoC5 -Wa,-alh=.\CortexM3\ARM_GCC_493\Debug/main.lst -g -D DEBUG -Wall -ffunction-sections -O0 -ffat-lto-objects -c .\main.c -o .\CortexM3\ARM_GCC_493\Debug\main.o
arm-none-eabi-gcc.exe -mcpu=cortex-m3 -mthumb -Wno-main -I. -IGenerated_Source\PSoC5 -Wa,-alh=.\CortexM3\ARM_GCC_493\Debug/cyfitter_cfg.lst -g -D DEBUG -Wall -ffunction-sections -O0 -ffat-lto-objects -c .\Generated_Source\PSoC5\cyfitter_cfg.c -o .\CortexM3\ARM_GCC_493\Debug\cyfitter_cfg.o
arm-none-eabi-gcc.exe -mcpu=cortex-m3 -mthumb -Wno-main -I. -IGenerated_Source\PSoC5 -Wa,-alh=.\CortexM3\ARM_GCC_493\Debug/cymetadata.lst -g -D DEBUG -Wall -ffunction-sections -O0 -ffat-lto-objects -c .\Generated_Source\PSoC5\cymetadata.c -o .\CortexM3\ARM_GCC_493\Debug\cymetadata.o
arm-none-eabi-gcc.exe -mcpu=cortex-m3 -mthumb -Wno-main -I. -IGenerated_Source\PSoC5 -Wa,-alh=.\CortexM3\ARM_GCC_493\Debug/RF_Physical.lst -g -D DEBUG -Wall -ffunction-sections -O0 -ffat-lto-objects -c .\Generated_Source\PSoC5\RF_Physical.c -o .\CortexM3\ARM_GCC_493\Debug\RF_Physical.o
arm-none-eabi-gcc.exe -mcpu=cortex-m3 -mthumb -Wno-main -I. -IGenerated_Source\PSoC5 -Wa,-alh=.\CortexM3\ARM_GCC_493\Debug/RF_Physical_PM.lst -g -D DEBUG -Wall -ffunction-sections -O0 -ffat-lto-objects -c .\Generated_Source\PSoC5\RF_Physical_PM.c -o .\CortexM3\ARM_GCC_493\Debug\RF_Physical_PM.o
arm-none-eabi-gcc.exe -mcpu=cortex-m3 -mthumb -Wno-main -I. -IGenerated_Source\PSoC5 -Wa,-alh=.\CortexM3\ARM_GCC_493\Debug/RF_Physical_INT.lst -g -D DEBUG -Wall -ffunction-sections -O0 -ffat-lto-objects -c .\Generated_Source\PSoC5\RF_Physical_INT.c -o .\CortexM3\ARM_GCC_493\Debug\RF_Physical_INT.o
arm-none-eabi-gcc.exe -mcpu=cortex-m3 -mthumb -Wno-main -I. -IGenerated_Source\PSoC5 -Wa,-alh=.\CortexM3\ARM_GCC_493\Debug/RF_Physical_BOOT.lst -g -D DEBUG -Wall -ffunction-sections -O0 -ffat-lto-objects -c .\Generated_Source\PSoC5\RF_Physical_BOOT.c -o .\CortexM3\ARM_GCC_493\Debug\RF_Physical_BOOT.o
arm-none-eabi-gcc.exe -mcpu=cortex-m3 -mthumb -Wno-main -I. -IGenerated_Source\PSoC5 -Wa,-alh=.\CortexM3\ARM_GCC_493\Debug/RF_Physical_IntClock.lst -g -D DEBUG -Wall -ffunction-sections -O0 -ffat-lto-objects -c .\Generated_Source\PSoC5\RF_Physical_IntClock.c -o .\CortexM3\ARM_GCC_493\Debug\RF_Physical_IntClock.o
arm-none-eabi-gcc.exe -mcpu=cortex-m3 -mthumb -Wno-main -I. -IGenerated_Source\PSoC5 -Wa,-alh=.\CortexM3\ARM_GCC_493\Debug/Cm3Start.lst -g -D DEBUG -Wall -ffunction-sections -O0 -ffat-lto-objects -c .\Generated_Source\PSoC5\Cm3Start.c -o .\CortexM3\ARM_GCC_493\Debug\Cm3Start.o
arm-none-eabi-as.exe -mcpu=cortex-m3 -mthumb -I. -IGenerated_Source\PSoC5 -alh=.\CortexM3\ARM_GCC_493\Debug/CyBootAsmGnu.lst -g -W -o .\CortexM3\ARM_GCC_493\Debug\CyBootAsmGnu.o .\Generated_Source\PSoC5\CyBootAsmGnu.s
arm-none-eabi-gcc.exe -mcpu=cortex-m3 -mthumb -Wno-main -I. -IGenerated_Source\PSoC5 -Wa,-alh=.\CortexM3\ARM_GCC_493\Debug/CyDmac.lst -g -D DEBUG -Wall -ffunction-sections -O0 -ffat-lto-objects -c .\Generated_Source\PSoC5\CyDmac.c -o .\CortexM3\ARM_GCC_493\Debug\CyDmac.o
arm-none-eabi-gcc.exe -mcpu=cortex-m3 -mthumb -Wno-main -I. -IGenerated_Source\PSoC5 -Wa,-alh=.\CortexM3\ARM_GCC_493\Debug/CyFlash.lst -g -D DEBUG -Wall -ffunction-sections -O0 -ffat-lto-objects -c .\Generated_Source\PSoC5\CyFlash.c -o .\CortexM3\ARM_GCC_493\Debug\CyFlash.o
arm-none-eabi-gcc.exe -mcpu=cortex-m3 -mthumb -Wno-main -I. -IGenerated_Source\PSoC5 -Wa,-alh=.\CortexM3\ARM_GCC_493\Debug/CyLib.lst -g -D DEBUG -Wall -ffunction-sections -O0 -ffat-lto-objects -c .\Generated_Source\PSoC5\CyLib.c -o .\CortexM3\ARM_GCC_493\Debug\CyLib.o
arm-none-eabi-gcc.exe -mcpu=cortex-m3 -mthumb -Wno-main -I. -IGenerated_Source\PSoC5 -Wa,-alh=.\CortexM3\ARM_GCC_493\Debug/cyPm.lst -g -D DEBUG -Wall -ffunction-sections -O0 -ffat-lto-objects -c .\Generated_Source\PSoC5\cyPm.c -o .\CortexM3\ARM_GCC_493\Debug\cyPm.o
arm-none-eabi-gcc.exe -mcpu=cortex-m3 -mthumb -Wno-main -I. -IGenerated_Source\PSoC5 -Wa,-alh=.\CortexM3\ARM_GCC_493\Debug/CySpc.lst -g -D DEBUG -Wall -ffunction-sections -O0 -ffat-lto-objects -c .\Generated_Source\PSoC5\CySpc.c -o .\CortexM3\ARM_GCC_493\Debug\CySpc.o
arm-none-eabi-gcc.exe -mcpu=cortex-m3 -mthumb -Wno-main -I. -IGenerated_Source\PSoC5 -Wa,-alh=.\CortexM3\ARM_GCC_493\Debug/cyutils.lst -g -D DEBUG -Wall -ffunction-sections -O0 -ffat-lto-objects -c .\Generated_Source\PSoC5\cyutils.c -o .\CortexM3\ARM_GCC_493\Debug\cyutils.o
arm-none-eabi-gcc.exe -mcpu=cortex-m3 -mthumb -Wno-main -I. -IGenerated_Source\PSoC5 -Wa,-alh=.\CortexM3\ARM_GCC_493\Debug/CRC_Security.lst -g -D DEBUG -Wall -ffunction-sections -O0 -ffat-lto-objects -c .\Generated_Source\PSoC5\CRC_Security.c -o .\CortexM3\ARM_GCC_493\Debug\CRC_Security.o
arm-none-eabi-gcc.exe -mcpu=cortex-m3 -mthumb -Wno-main -I. -IGenerated_Source\PSoC5 -Wa,-alh=.\CortexM3\ARM_GCC_493\Debug/CRC_Security_PM.lst -g -D DEBUG -Wall -ffunction-sections -O0 -ffat-lto-objects -c .\Generated_Source\PSoC5\CRC_Security_PM.c -o .\CortexM3\ARM_GCC_493\Debug\CRC_Security_PM.o
arm-none-eabi-gcc.exe -mcpu=cortex-m3 -mthumb -Wno-main -I. -IGenerated_Source\PSoC5 -Wa,-alh=.\CortexM3\ARM_GCC_493\Debug/ShiftReg_Security.lst -g -D DEBUG -Wall -ffunction-sections -O0 -ffat-lto-objects -c .\Generated_Source\PSoC5\ShiftReg_Security.c -o .\CortexM3\ARM_GCC_493\Debug\ShiftReg_Security.o
arm-none-eabi-gcc.exe -mcpu=cortex-m3 -mthumb -Wno-main -I. -IGenerated_Source\PSoC5 -Wa,-alh=.\CortexM3\ARM_GCC_493\Debug/ShiftReg_Security_PM.lst -g -D DEBUG -Wall -ffunction-sections -O0 -ffat-lto-objects -c .\Generated_Source\PSoC5\ShiftReg_Security_PM.c -o .\CortexM3\ARM_GCC_493\Debug\ShiftReg_Security_PM.o
arm-none-eabi-gcc.exe -mcpu=cortex-m3 -mthumb -Wno-main -I. -IGenerated_Source\PSoC5 -Wa,-alh=.\CortexM3\ARM_GCC_493\Debug/Clock_CRC.lst -g -D DEBUG -Wall -ffunction-sections -O0 -ffat-lto-objects -c .\Generated_Source\PSoC5\Clock_CRC.c -o .\CortexM3\ARM_GCC_493\Debug\Clock_CRC.o
arm-none-eabi-gcc.exe -mcpu=cortex-m3 -mthumb -Wno-main -I. -IGenerated_Source\PSoC5 -Wa,-alh=.\CortexM3\ARM_GCC_493\Debug/Clock_CRC_PM.lst -g -D DEBUG -Wall -ffunction-sections -O0 -ffat-lto-objects -c .\Generated_Source\PSoC5\Clock_CRC_PM.c -o .\CortexM3\ARM_GCC_493\Debug\Clock_CRC_PM.o
arm-none-eabi-gcc.exe -mcpu=cortex-m3 -mthumb -Wno-main -I. -IGenerated_Source\PSoC5 -Wa,-alh=.\CortexM3\ARM_GCC_493\Debug/Reset_CRC.lst -g -D DEBUG -Wall -ffunction-sections -O0 -ffat-lto-objects -c .\Generated_Source\PSoC5\Reset_CRC.c -o .\CortexM3\ARM_GCC_493\Debug\Reset_CRC.o
arm-none-eabi-gcc.exe -mcpu=cortex-m3 -mthumb -Wno-main -I. -IGenerated_Source\PSoC5 -Wa,-alh=.\CortexM3\ARM_GCC_493\Debug/Reset_CRC_PM.lst -g -D DEBUG -Wall -ffunction-sections -O0 -ffat-lto-objects -c .\Generated_Source\PSoC5\Reset_CRC_PM.c -o .\CortexM3\ARM_GCC_493\Debug\Reset_CRC_PM.o
arm-none-eabi-gcc.exe -mcpu=cortex-m3 -mthumb -Wno-main -I. -IGenerated_Source\PSoC5 -Wa,-alh=.\CortexM3\ARM_GCC_493\Debug/Printer.lst -g -D DEBUG -Wall -ffunction-sections -O0 -ffat-lto-objects -c .\Generated_Source\PSoC5\Printer.c -o .\CortexM3\ARM_GCC_493\Debug\Printer.o
arm-none-eabi-gcc.exe -mcpu=cortex-m3 -mthumb -Wno-main -I. -IGenerated_Source\PSoC5 -Wa,-alh=.\CortexM3\ARM_GCC_493\Debug/Printer_PM.lst -g -D DEBUG -Wall -ffunction-sections -O0 -ffat-lto-objects -c .\Generated_Source\PSoC5\Printer_PM.c -o .\CortexM3\ARM_GCC_493\Debug\Printer_PM.o
arm-none-eabi-gcc.exe -mcpu=cortex-m3 -mthumb -Wno-main -I. -IGenerated_Source\PSoC5 -Wa,-alh=.\CortexM3\ARM_GCC_493\Debug/Printer_INT.lst -g -D DEBUG -Wall -ffunction-sections -O0 -ffat-lto-objects -c .\Generated_Source\PSoC5\Printer_INT.c -o .\CortexM3\ARM_GCC_493\Debug\Printer_INT.o
arm-none-eabi-gcc.exe -mcpu=cortex-m3 -mthumb -Wno-main -I. -IGenerated_Source\PSoC5 -Wa,-alh=.\CortexM3\ARM_GCC_493\Debug/Printer_BOOT.lst -g -D DEBUG -Wall -ffunction-sections -O0 -ffat-lto-objects -c .\Generated_Source\PSoC5\Printer_BOOT.c -o .\CortexM3\ARM_GCC_493\Debug\Printer_BOOT.o
arm-none-eabi-gcc.exe -mcpu=cortex-m3 -mthumb -Wno-main -I. -IGenerated_Source\PSoC5 -Wa,-alh=.\CortexM3\ARM_GCC_493\Debug/Dispenser.lst -g -D DEBUG -Wall -ffunction-sections -O0 -ffat-lto-objects -c .\Generated_Source\PSoC5\Dispenser.c -o .\CortexM3\ARM_GCC_493\Debug\Dispenser.o
arm-none-eabi-gcc.exe -mcpu=cortex-m3 -mthumb -Wno-main -I. -IGenerated_Source\PSoC5 -Wa,-alh=.\CortexM3\ARM_GCC_493\Debug/Dispenser_PM.lst -g -D DEBUG -Wall -ffunction-sections -O0 -ffat-lto-objects -c .\Generated_Source\PSoC5\Dispenser_PM.c -o .\CortexM3\ARM_GCC_493\Debug\Dispenser_PM.o
arm-none-eabi-gcc.exe -mcpu=cortex-m3 -mthumb -Wno-main -I. -IGenerated_Source\PSoC5 -Wa,-alh=.\CortexM3\ARM_GCC_493\Debug/Dispenser_INT.lst -g -D DEBUG -Wall -ffunction-sections -O0 -ffat-lto-objects -c .\Generated_Source\PSoC5\Dispenser_INT.c -o .\CortexM3\ARM_GCC_493\Debug\Dispenser_INT.o
arm-none-eabi-gcc.exe -mcpu=cortex-m3 -mthumb -Wno-main -I. -IGenerated_Source\PSoC5 -Wa,-alh=.\CortexM3\ARM_GCC_493\Debug/Dispenser_BOOT.lst -g -D DEBUG -Wall -ffunction-sections -O0 -ffat-lto-objects -c .\Generated_Source\PSoC5\Dispenser_BOOT.c -o .\CortexM3\ARM_GCC_493\Debug\Dispenser_BOOT.o
arm-none-eabi-gcc.exe -mcpu=cortex-m3 -mthumb -Wno-main -I. -IGenerated_Source\PSoC5 -Wa,-alh=.\CortexM3\ARM_GCC_493\Debug/Clock_Pump.lst -g -D DEBUG -Wall -ffunction-sections -O0 -ffat-lto-objects -c .\Generated_Source\PSoC5\Clock_Pump.c -o .\CortexM3\ARM_GCC_493\Debug\Clock_Pump.o
arm-none-eabi-gcc.exe -mcpu=cortex-m3 -mthumb -Wno-main -I. -IGenerated_Source\PSoC5 -Wa,-alh=.\CortexM3\ARM_GCC_493\Debug/Display1.lst -g -D DEBUG -Wall -ffunction-sections -O0 -ffat-lto-objects -c .\Generated_Source\PSoC5\Display1.c -o .\CortexM3\ARM_GCC_493\Debug\Display1.o
arm-none-eabi-gcc.exe -mcpu=cortex-m3 -mthumb -Wno-main -I. -IGenerated_Source\PSoC5 -Wa,-alh=.\CortexM3\ARM_GCC_493\Debug/Display1_PM.lst -g -D DEBUG -Wall -ffunction-sections -O0 -ffat-lto-objects -c .\Generated_Source\PSoC5\Display1_PM.c -o .\CortexM3\ARM_GCC_493\Debug\Display1_PM.o
arm-none-eabi-gcc.exe -mcpu=cortex-m3 -mthumb -Wno-main -I. -IGenerated_Source\PSoC5 -Wa,-alh=.\CortexM3\ARM_GCC_493\Debug/Display1_INT.lst -g -D DEBUG -Wall -ffunction-sections -O0 -ffat-lto-objects -c .\Generated_Source\PSoC5\Display1_INT.c -o .\CortexM3\ARM_GCC_493\Debug\Display1_INT.o
.\Generated_Source\PSoC5\Display1_INT.c: In function 'Display1_RXISR':
.\Generated_Source\PSoC5\Display1_INT.c:182:42: warning: pointer targets in passing argument 2 of 'InvokeResolver' differ in signedness [-Wpointer-sign]
         if(InvokeResolver(UART_DISPLAY1, (char8*)Display1_rxBuffer, Display1_GetRxBufferSize()))
                                          ^
In file included from .\Generated_Source\PSoC5\Display1_INT.c:24:0:
./UARTManager.h:103:6: note: expected 'uint8 *' but argument is of type 'char8 *'
 bool InvokeResolver(uint8 identifier, uint8* pbuffer, uint16 buffersize);
      ^
arm-none-eabi-gcc.exe -mcpu=cortex-m3 -mthumb -Wno-main -I. -IGenerated_Source\PSoC5 -Wa,-alh=.\CortexM3\ARM_GCC_493\Debug/Display1_BOOT.lst -g -D DEBUG -Wall -ffunction-sections -O0 -ffat-lto-objects -c .\Generated_Source\PSoC5\Display1_BOOT.c -o .\CortexM3\ARM_GCC_493\Debug\Display1_BOOT.o
arm-none-eabi-gcc.exe -mcpu=cortex-m3 -mthumb -Wno-main -I. -IGenerated_Source\PSoC5 -Wa,-alh=.\CortexM3\ARM_GCC_493\Debug/Display2.lst -g -D DEBUG -Wall -ffunction-sections -O0 -ffat-lto-objects -c .\Generated_Source\PSoC5\Display2.c -o .\CortexM3\ARM_GCC_493\Debug\Display2.o
arm-none-eabi-gcc.exe -mcpu=cortex-m3 -mthumb -Wno-main -I. -IGenerated_Source\PSoC5 -Wa,-alh=.\CortexM3\ARM_GCC_493\Debug/Display2_PM.lst -g -D DEBUG -Wall -ffunction-sections -O0 -ffat-lto-objects -c .\Generated_Source\PSoC5\Display2_PM.c -o .\CortexM3\ARM_GCC_493\Debug\Display2_PM.o
arm-none-eabi-gcc.exe -mcpu=cortex-m3 -mthumb -Wno-main -I. -IGenerated_Source\PSoC5 -Wa,-alh=.\CortexM3\ARM_GCC_493\Debug/Display2_INT.lst -g -D DEBUG -Wall -ffunction-sections -O0 -ffat-lto-objects -c .\Generated_Source\PSoC5\Display2_INT.c -o .\CortexM3\ARM_GCC_493\Debug\Display2_INT.o
.\Generated_Source\PSoC5\Display2_INT.c: In function 'Display2_RXISR':
.\Generated_Source\PSoC5\Display2_INT.c:182:42: warning: pointer targets in passing argument 2 of 'InvokeResolver' differ in signedness [-Wpointer-sign]
         if(InvokeResolver(UART_DISPLAY2, (char8*)Display2_rxBuffer, Display2_GetRxBufferSize()))
                                          ^
In file included from .\Generated_Source\PSoC5\Display2_INT.c:24:0:
./UARTManager.h:103:6: note: expected 'uint8 *' but argument is of type 'char8 *'
 bool InvokeResolver(uint8 identifier, uint8* pbuffer, uint16 buffersize);
      ^
arm-none-eabi-gcc.exe -mcpu=cortex-m3 -mthumb -Wno-main -I. -IGenerated_Source\PSoC5 -Wa,-alh=.\CortexM3\ARM_GCC_493\Debug/Display2_BOOT.lst -g -D DEBUG -Wall -ffunction-sections -O0 -ffat-lto-objects -c .\Generated_Source\PSoC5\Display2_BOOT.c -o .\CortexM3\ARM_GCC_493\Debug\Display2_BOOT.o
arm-none-eabi-gcc.exe -mcpu=cortex-m3 -mthumb -Wno-main -I. -IGenerated_Source\PSoC5 -Wa,-alh=.\CortexM3\ARM_GCC_493\Debug/Counter_ISR.lst -g -D DEBUG -Wall -ffunction-sections -O0 -ffat-lto-objects -c .\Generated_Source\PSoC5\Counter_ISR.c -o .\CortexM3\ARM_GCC_493\Debug\Counter_ISR.o
arm-none-eabi-gcc.exe -mcpu=cortex-m3 -mthumb -Wno-main -I. -IGenerated_Source\PSoC5 -Wa,-alh=.\CortexM3\ARM_GCC_493\Debug/Display1_IntClock.lst -g -D DEBUG -Wall -ffunction-sections -O0 -ffat-lto-objects -c .\Generated_Source\PSoC5\Display1_IntClock.c -o .\CortexM3\ARM_GCC_493\Debug\Display1_IntClock.o
arm-none-eabi-gcc.exe -mcpu=cortex-m3 -mthumb -Wno-main -I. -IGenerated_Source\PSoC5 -Wa,-alh=.\CortexM3\ARM_GCC_493\Debug/Display2_IntClock.lst -g -D DEBUG -Wall -ffunction-sections -O0 -ffat-lto-objects -c .\Generated_Source\PSoC5\Display2_IntClock.c -o .\CortexM3\ARM_GCC_493\Debug\Display2_IntClock.o
arm-none-eabi-gcc.exe -mcpu=cortex-m3 -mthumb -Wno-main -I. -IGenerated_Source\PSoC5 -Wa,-alh=.\CortexM3\ARM_GCC_493\Debug/SDA_Bus.lst -g -D DEBUG -Wall -ffunction-sections -O0 -ffat-lto-objects -c .\Generated_Source\PSoC5\SDA_Bus.c -o .\CortexM3\ARM_GCC_493\Debug\SDA_Bus.o
arm-none-eabi-gcc.exe -mcpu=cortex-m3 -mthumb -Wno-main -I. -IGenerated_Source\PSoC5 -Wa,-alh=.\CortexM3\ARM_GCC_493\Debug/SCL_Bus.lst -g -D DEBUG -Wall -ffunction-sections -O0 -ffat-lto-objects -c .\Generated_Source\PSoC5\SCL_Bus.c -o .\CortexM3\ARM_GCC_493\Debug\SCL_Bus.o
arm-none-eabi-gcc.exe -mcpu=cortex-m3 -mthumb -Wno-main -I. -IGenerated_Source\PSoC5 -Wa,-alh=.\CortexM3\ARM_GCC_493\Debug/I2C_Bus.lst -g -D DEBUG -Wall -ffunction-sections -O0 -ffat-lto-objects -c .\Generated_Source\PSoC5\I2C_Bus.c -o .\CortexM3\ARM_GCC_493\Debug\I2C_Bus.o
arm-none-eabi-gcc.exe -mcpu=cortex-m3 -mthumb -Wno-main -I. -IGenerated_Source\PSoC5 -Wa,-alh=.\CortexM3\ARM_GCC_493\Debug/I2C_Bus_BOOT.lst -g -D DEBUG -Wall -ffunction-sections -O0 -ffat-lto-objects -c .\Generated_Source\PSoC5\I2C_Bus_BOOT.c -o .\CortexM3\ARM_GCC_493\Debug\I2C_Bus_BOOT.o
arm-none-eabi-gcc.exe -mcpu=cortex-m3 -mthumb -Wno-main -I. -IGenerated_Source\PSoC5 -Wa,-alh=.\CortexM3\ARM_GCC_493\Debug/I2C_Bus_INT.lst -g -D DEBUG -Wall -ffunction-sections -O0 -ffat-lto-objects -c .\Generated_Source\PSoC5\I2C_Bus_INT.c -o .\CortexM3\ARM_GCC_493\Debug\I2C_Bus_INT.o
arm-none-eabi-gcc.exe -mcpu=cortex-m3 -mthumb -Wno-main -I. -IGenerated_Source\PSoC5 -Wa,-alh=.\CortexM3\ARM_GCC_493\Debug/I2C_Bus_PM.lst -g -D DEBUG -Wall -ffunction-sections -O0 -ffat-lto-objects -c .\Generated_Source\PSoC5\I2C_Bus_PM.c -o .\CortexM3\ARM_GCC_493\Debug\I2C_Bus_PM.o
arm-none-eabi-gcc.exe -mcpu=cortex-m3 -mthumb -Wno-main -I. -IGenerated_Source\PSoC5 -Wa,-alh=.\CortexM3\ARM_GCC_493\Debug/I2C_Bus_SLAVE.lst -g -D DEBUG -Wall -ffunction-sections -O0 -ffat-lto-objects -c .\Generated_Source\PSoC5\I2C_Bus_SLAVE.c -o .\CortexM3\ARM_GCC_493\Debug\I2C_Bus_SLAVE.o
arm-none-eabi-gcc.exe -mcpu=cortex-m3 -mthumb -Wno-main -I. -IGenerated_Source\PSoC5 -Wa,-alh=.\CortexM3\ARM_GCC_493\Debug/I2C_Bus_MASTER.lst -g -D DEBUG -Wall -ffunction-sections -O0 -ffat-lto-objects -c .\Generated_Source\PSoC5\I2C_Bus_MASTER.c -o .\CortexM3\ARM_GCC_493\Debug\I2C_Bus_MASTER.o
arm-none-eabi-gcc.exe -mcpu=cortex-m3 -mthumb -Wno-main -I. -IGenerated_Source\PSoC5 -Wa,-alh=.\CortexM3\ARM_GCC_493\Debug/iButton1.lst -g -D DEBUG -Wall -ffunction-sections -O0 -ffat-lto-objects -c .\Generated_Source\PSoC5\iButton1.c -o .\CortexM3\ARM_GCC_493\Debug\iButton1.o
arm-none-eabi-gcc.exe -mcpu=cortex-m3 -mthumb -Wno-main -I. -IGenerated_Source\PSoC5 -Wa,-alh=.\CortexM3\ARM_GCC_493\Debug/iButton2.lst -g -D DEBUG -Wall -ffunction-sections -O0 -ffat-lto-objects -c .\Generated_Source\PSoC5\iButton2.c -o .\CortexM3\ARM_GCC_493\Debug\iButton2.o
arm-none-eabi-gcc.exe -mcpu=cortex-m3 -mthumb -Wno-main -I. -IGenerated_Source\PSoC5 -Wa,-alh=.\CortexM3\ARM_GCC_493\Debug/eepromWP.lst -g -D DEBUG -Wall -ffunction-sections -O0 -ffat-lto-objects -c .\Generated_Source\PSoC5\eepromWP.c -o .\CortexM3\ARM_GCC_493\Debug\eepromWP.o
arm-none-eabi-gcc.exe -mcpu=cortex-m3 -mthumb -Wno-main -I. -IGenerated_Source\PSoC5 -Wa,-alh=.\CortexM3\ARM_GCC_493\Debug/EEPROM_Internal.lst -g -D DEBUG -Wall -ffunction-sections -O0 -ffat-lto-objects -c .\Generated_Source\PSoC5\EEPROM_Internal.c -o .\CortexM3\ARM_GCC_493\Debug\EEPROM_Internal.o
arm-none-eabi-gcc.exe -mcpu=cortex-m3 -mthumb -Wno-main -I. -IGenerated_Source\PSoC5 -Wa,-alh=.\CortexM3\ARM_GCC_493\Debug/Timer_DispenserState.lst -g -D DEBUG -Wall -ffunction-sections -O0 -ffat-lto-objects -c .\Generated_Source\PSoC5\Timer_DispenserState.c -o .\CortexM3\ARM_GCC_493\Debug\Timer_DispenserState.o
arm-none-eabi-gcc.exe -mcpu=cortex-m3 -mthumb -Wno-main -I. -IGenerated_Source\PSoC5 -Wa,-alh=.\CortexM3\ARM_GCC_493\Debug/Timer_DispenserState_PM.lst -g -D DEBUG -Wall -ffunction-sections -O0 -ffat-lto-objects -c .\Generated_Source\PSoC5\Timer_DispenserState_PM.c -o .\CortexM3\ARM_GCC_493\Debug\Timer_DispenserState_PM.o
arm-none-eabi-gcc.exe -mcpu=cortex-m3 -mthumb -Wno-main -I. -IGenerated_Source\PSoC5 -Wa,-alh=.\CortexM3\ARM_GCC_493\Debug/DispenserStateTimeout_ISR.lst -g -D DEBUG -Wall -ffunction-sections -O0 -ffat-lto-objects -c .\Generated_Source\PSoC5\DispenserStateTimeout_ISR.c -o .\CortexM3\ARM_GCC_493\Debug\DispenserStateTimeout_ISR.o
arm-none-eabi-gcc.exe -mcpu=cortex-m3 -mthumb -Wno-main -I. -IGenerated_Source\PSoC5 -Wa,-alh=.\CortexM3\ARM_GCC_493\Debug/Reset_DispenserTimer.lst -g -D DEBUG -Wall -ffunction-sections -O0 -ffat-lto-objects -c .\Generated_Source\PSoC5\Reset_DispenserTimer.c -o .\CortexM3\ARM_GCC_493\Debug\Reset_DispenserTimer.o
arm-none-eabi-gcc.exe -mcpu=cortex-m3 -mthumb -Wno-main -I. -IGenerated_Source\PSoC5 -Wa,-alh=.\CortexM3\ARM_GCC_493\Debug/Reset_DispenserTimer_PM.lst -g -D DEBUG -Wall -ffunction-sections -O0 -ffat-lto-objects -c .\Generated_Source\PSoC5\Reset_DispenserTimer_PM.c -o .\CortexM3\ARM_GCC_493\Debug\Reset_DispenserTimer_PM.o
arm-none-eabi-gcc.exe -mcpu=cortex-m3 -mthumb -Wno-main -I. -IGenerated_Source\PSoC5 -Wa,-alh=.\CortexM3\ARM_GCC_493\Debug/Timer_Tick.lst -g -D DEBUG -Wall -ffunction-sections -O0 -ffat-lto-objects -c .\Generated_Source\PSoC5\Timer_Tick.c -o .\CortexM3\ARM_GCC_493\Debug\Timer_Tick.o
arm-none-eabi-gcc.exe -mcpu=cortex-m3 -mthumb -Wno-main -I. -IGenerated_Source\PSoC5 -Wa,-alh=.\CortexM3\ARM_GCC_493\Debug/Timer_Tick_PM.lst -g -D DEBUG -Wall -ffunction-sections -O0 -ffat-lto-objects -c .\Generated_Source\PSoC5\Timer_Tick_PM.c -o .\CortexM3\ARM_GCC_493\Debug\Timer_Tick_PM.o
arm-none-eabi-gcc.exe -mcpu=cortex-m3 -mthumb -Wno-main -I. -IGenerated_Source\PSoC5 -Wa,-alh=.\CortexM3\ARM_GCC_493\Debug/timer_clock_1.lst -g -D DEBUG -Wall -ffunction-sections -O0 -ffat-lto-objects -c .\Generated_Source\PSoC5\timer_clock_1.c -o .\CortexM3\ARM_GCC_493\Debug\timer_clock_1.o
arm-none-eabi-gcc.exe -mcpu=cortex-m3 -mthumb -Wno-main -I. -IGenerated_Source\PSoC5 -Wa,-alh=.\CortexM3\ARM_GCC_493\Debug/timer_clock.lst -g -D DEBUG -Wall -ffunction-sections -O0 -ffat-lto-objects -c .\Generated_Source\PSoC5\timer_clock.c -o .\CortexM3\ARM_GCC_493\Debug\timer_clock.o
arm-none-eabi-gcc.exe -mcpu=cortex-m3 -mthumb -Wno-main -I. -IGenerated_Source\PSoC5 -Wa,-alh=.\CortexM3\ARM_GCC_493\Debug/ShiftReg_iButtonCRC4LSB.lst -g -D DEBUG -Wall -ffunction-sections -O0 -ffat-lto-objects -c .\Generated_Source\PSoC5\ShiftReg_iButtonCRC4LSB.c -o .\CortexM3\ARM_GCC_493\Debug\ShiftReg_iButtonCRC4LSB.o
arm-none-eabi-gcc.exe -mcpu=cortex-m3 -mthumb -Wno-main -I. -IGenerated_Source\PSoC5 -Wa,-alh=.\CortexM3\ARM_GCC_493\Debug/ShiftReg_iButtonCRC4LSB_PM.lst -g -D DEBUG -Wall -ffunction-sections -O0 -ffat-lto-objects -c .\Generated_Source\PSoC5\ShiftReg_iButtonCRC4LSB_PM.c -o .\CortexM3\ARM_GCC_493\Debug\ShiftReg_iButtonCRC4LSB_PM.o
arm-none-eabi-gcc.exe -mcpu=cortex-m3 -mthumb -Wno-main -I. -IGenerated_Source\PSoC5 -Wa,-alh=.\CortexM3\ARM_GCC_493\Debug/Input_iButton.lst -g -D DEBUG -Wall -ffunction-sections -O0 -ffat-lto-objects -c .\Generated_Source\PSoC5\Input_iButton.c -o .\CortexM3\ARM_GCC_493\Debug\Input_iButton.o
arm-none-eabi-gcc.exe -mcpu=cortex-m3 -mthumb -Wno-main -I. -IGenerated_Source\PSoC5 -Wa,-alh=.\CortexM3\ARM_GCC_493\Debug/Input_iButton_PM.lst -g -D DEBUG -Wall -ffunction-sections -O0 -ffat-lto-objects -c .\Generated_Source\PSoC5\Input_iButton_PM.c -o .\CortexM3\ARM_GCC_493\Debug\Input_iButton_PM.o
arm-none-eabi-gcc.exe -mcpu=cortex-m3 -mthumb -Wno-main -I. -IGenerated_Source\PSoC5 -Wa,-alh=.\CortexM3\ARM_GCC_493\Debug/Clock_iButton.lst -g -D DEBUG -Wall -ffunction-sections -O0 -ffat-lto-objects -c .\Generated_Source\PSoC5\Clock_iButton.c -o .\CortexM3\ARM_GCC_493\Debug\Clock_iButton.o
arm-none-eabi-gcc.exe -mcpu=cortex-m3 -mthumb -Wno-main -I. -IGenerated_Source\PSoC5 -Wa,-alh=.\CortexM3\ARM_GCC_493\Debug/Clock_iButton_PM.lst -g -D DEBUG -Wall -ffunction-sections -O0 -ffat-lto-objects -c .\Generated_Source\PSoC5\Clock_iButton_PM.c -o .\CortexM3\ARM_GCC_493\Debug\Clock_iButton_PM.o
arm-none-eabi-gcc.exe -mcpu=cortex-m3 -mthumb -Wno-main -I. -IGenerated_Source\PSoC5 -Wa,-alh=.\CortexM3\ARM_GCC_493\Debug/ShiftReg_iButtonCRC3MSB.lst -g -D DEBUG -Wall -ffunction-sections -O0 -ffat-lto-objects -c .\Generated_Source\PSoC5\ShiftReg_iButtonCRC3MSB.c -o .\CortexM3\ARM_GCC_493\Debug\ShiftReg_iButtonCRC3MSB.o
arm-none-eabi-gcc.exe -mcpu=cortex-m3 -mthumb -Wno-main -I. -IGenerated_Source\PSoC5 -Wa,-alh=.\CortexM3\ARM_GCC_493\Debug/ShiftReg_iButtonCRC3MSB_PM.lst -g -D DEBUG -Wall -ffunction-sections -O0 -ffat-lto-objects -c .\Generated_Source\PSoC5\ShiftReg_iButtonCRC3MSB_PM.c -o .\CortexM3\ARM_GCC_493\Debug\ShiftReg_iButtonCRC3MSB_PM.o
arm-none-eabi-gcc.exe -mcpu=cortex-m3 -mthumb -Wno-main -I. -IGenerated_Source\PSoC5 -Wa,-alh=.\CortexM3\ARM_GCC_493\Debug/StatusReg_iButton5thCRCBit.lst -g -D DEBUG -Wall -ffunction-sections -O0 -ffat-lto-objects -c .\Generated_Source\PSoC5\StatusReg_iButton5thCRCBit.c -o .\CortexM3\ARM_GCC_493\Debug\StatusReg_iButton5thCRCBit.o
arm-none-eabi-gcc.exe -mcpu=cortex-m3 -mthumb -Wno-main -I. -IGenerated_Source\PSoC5 -Wa,-alh=.\CortexM3\ARM_GCC_493\Debug/Reset_iButton.lst -g -D DEBUG -Wall -ffunction-sections -O0 -ffat-lto-objects -c .\Generated_Source\PSoC5\Reset_iButton.c -o .\CortexM3\ARM_GCC_493\Debug\Reset_iButton.o
arm-none-eabi-gcc.exe -mcpu=cortex-m3 -mthumb -Wno-main -I. -IGenerated_Source\PSoC5 -Wa,-alh=.\CortexM3\ARM_GCC_493\Debug/Reset_iButton_PM.lst -g -D DEBUG -Wall -ffunction-sections -O0 -ffat-lto-objects -c .\Generated_Source\PSoC5\Reset_iButton_PM.c -o .\CortexM3\ARM_GCC_493\Debug\Reset_iButton_PM.o
arm-none-eabi-gcc.exe -mcpu=cortex-m3 -mthumb -Wno-main -I. -IGenerated_Source\PSoC5 -Wa,-alh=.\CortexM3\ARM_GCC_493\Debug/Clock_Printer.lst -g -D DEBUG -Wall -ffunction-sections -O0 -ffat-lto-objects -c .\Generated_Source\PSoC5\Clock_Printer.c -o .\CortexM3\ARM_GCC_493\Debug\Clock_Printer.o
arm-none-eabi-ar.exe -rs .\CortexM3\ARM_GCC_493\Debug\CorEx-Mux-Kernel.a .\CortexM3\ARM_GCC_493\Debug\cyfitter_cfg.o .\CortexM3\ARM_GCC_493\Debug\RF_Physical.o .\CortexM3\ARM_GCC_493\Debug\RF_Physical_PM.o .\CortexM3\ARM_GCC_493\Debug\RF_Physical_INT.o .\CortexM3\ARM_GCC_493\Debug\RF_Physical_BOOT.o .\CortexM3\ARM_GCC_493\Debug\RF_Physical_IntClock.o .\CortexM3\ARM_GCC_493\Debug\CyBootAsmGnu.o .\CortexM3\ARM_GCC_493\Debug\CyDmac.o .\CortexM3\ARM_GCC_493\Debug\CyFlash.o .\CortexM3\ARM_GCC_493\Debug\CyLib.o .\CortexM3\ARM_GCC_493\Debug\cyPm.o .\CortexM3\ARM_GCC_493\Debug\CySpc.o .\CortexM3\ARM_GCC_493\Debug\cyutils.o .\CortexM3\ARM_GCC_493\Debug\CRC_Security.o .\CortexM3\ARM_GCC_493\Debug\CRC_Security_PM.o .\CortexM3\ARM_GCC_493\Debug\ShiftReg_Security.o .\CortexM3\ARM_GCC_493\Debug\ShiftReg_Security_PM.o .\CortexM3\ARM_GCC_493\Debug\Clock_CRC.o .\CortexM3\ARM_GCC_493\Debug\Clock_CRC_PM.o .\CortexM3\ARM_GCC_493\Debug\Reset_CRC.o .\CortexM3\ARM_GCC_493\Debug\Reset_CRC_PM.o .\CortexM3\ARM_GCC_493\Debug\Printer.o .\CortexM3\ARM_GCC_493\Debug\Printer_PM.o .\CortexM3\ARM_GCC_493\Debug\Printer_INT.o .\CortexM3\ARM_GCC_493\Debug\Printer_BOOT.o .\CortexM3\ARM_GCC_493\Debug\Dispenser.o .\CortexM3\ARM_GCC_493\Debug\Dispenser_PM.o .\CortexM3\ARM_GCC_493\Debug\Dispenser_INT.o .\CortexM3\ARM_GCC_493\Debug\Dispenser_BOOT.o .\CortexM3\ARM_GCC_493\Debug\Clock_Pump.o .\CortexM3\ARM_GCC_493\Debug\Display1.o .\CortexM3\ARM_GCC_493\Debug\Display1_PM.o .\CortexM3\ARM_GCC_493\Debug\Display1_INT.o .\CortexM3\ARM_GCC_493\Debug\Display1_BOOT.o .\CortexM3\ARM_GCC_493\Debug\Display2.o .\CortexM3\ARM_GCC_493\Debug\Display2_PM.o .\CortexM3\ARM_GCC_493\Debug\Display2_INT.o .\CortexM3\ARM_GCC_493\Debug\Display2_BOOT.o .\CortexM3\ARM_GCC_493\Debug\Counter_ISR.o .\CortexM3\ARM_GCC_493\Debug\Display1_IntClock.o .\CortexM3\ARM_GCC_493\Debug\Display2_IntClock.o .\CortexM3\ARM_GCC_493\Debug\SDA_Bus.o .\CortexM3\ARM_GCC_493\Debug\SCL_Bus.o .\CortexM3\ARM_GCC_493\Debug\I2C_Bus.o .\CortexM3\ARM_GCC_493\Debug\I2C_Bus_BOOT.o .\CortexM3\ARM_GCC_493\Debug\I2C_Bus_INT.o .\CortexM3\ARM_GCC_493\Debug\I2C_Bus_PM.o .\CortexM3\ARM_GCC_493\Debug\I2C_Bus_SLAVE.o .\CortexM3\ARM_GCC_493\Debug\I2C_Bus_MASTER.o .\CortexM3\ARM_GCC_493\Debug\iButton1.o .\CortexM3\ARM_GCC_493\Debug\iButton2.o .\CortexM3\ARM_GCC_493\Debug\eepromWP.o .\CortexM3\ARM_GCC_493\Debug\EEPROM_Internal.o .\CortexM3\ARM_GCC_493\Debug\Timer_DispenserState.o .\CortexM3\ARM_GCC_493\Debug\Timer_DispenserState_PM.o .\CortexM3\ARM_GCC_493\Debug\DispenserStateTimeout_ISR.o .\CortexM3\ARM_GCC_493\Debug\Reset_DispenserTimer.o .\CortexM3\ARM_GCC_493\Debug\Reset_DispenserTimer_PM.o .\CortexM3\ARM_GCC_493\Debug\Timer_Tick.o .\CortexM3\ARM_GCC_493\Debug\Timer_Tick_PM.o .\CortexM3\ARM_GCC_493\Debug\timer_clock_1.o .\CortexM3\ARM_GCC_493\Debug\timer_clock.o .\CortexM3\ARM_GCC_493\Debug\ShiftReg_iButtonCRC4LSB.o .\CortexM3\ARM_GCC_493\Debug\ShiftReg_iButtonCRC4LSB_PM.o .\CortexM3\ARM_GCC_493\Debug\Input_iButton.o .\CortexM3\ARM_GCC_493\Debug\Input_iButton_PM.o .\CortexM3\ARM_GCC_493\Debug\Clock_iButton.o .\CortexM3\ARM_GCC_493\Debug\Clock_iButton_PM.o .\CortexM3\ARM_GCC_493\Debug\ShiftReg_iButtonCRC3MSB.o .\CortexM3\ARM_GCC_493\Debug\ShiftReg_iButtonCRC3MSB_PM.o .\CortexM3\ARM_GCC_493\Debug\StatusReg_iButton5thCRCBit.o .\CortexM3\ARM_GCC_493\Debug\Reset_iButton.o .\CortexM3\ARM_GCC_493\Debug\Reset_iButton_PM.o .\CortexM3\ARM_GCC_493\Debug\Clock_Printer.o
arm-none-eabi-ar.exe: creating .\CortexM3\ARM_GCC_493\Debug\CorEx-Mux-Kernel.a
arm-none-eabi-gcc.exe -Wl,--start-group -o .\CortexM3\ARM_GCC_493\Debug\CorEx-Mux-Kernel.elf .\CortexM3\ARM_GCC_493\Debug\UARTManager.o .\CortexM3\ARM_GCC_493\Debug\UARTResolver.o .\CortexM3\ARM_GCC_493\Debug\UARTManagerSink.o .\CortexM3\ARM_GCC_493\Debug\PseudoRTOS.o .\CortexM3\ARM_GCC_493\Debug\Utils.o .\CortexM3\ARM_GCC_493\Debug\Security.o .\CortexM3\ARM_GCC_493\Debug\SinkManager.o .\CortexM3\ARM_GCC_493\Debug\EepromManager.o .\CortexM3\ARM_GCC_493\Debug\RtcManager.o .\CortexM3\ARM_GCC_493\Debug\Initializers.o .\CortexM3\ARM_GCC_493\Debug\Timers.o .\CortexM3\ARM_GCC_493\Debug\TestFile.o .\CortexM3\ARM_GCC_493\Debug\AuxPSoC.o .\CortexM3\ARM_GCC_493\Debug\WatchDogReset.o .\CortexM3\ARM_GCC_493\Debug\DispenserResolver.o .\CortexM3\ARM_GCC_493\Debug\DispenserBLL.o .\CortexM3\ARM_GCC_493\Debug\DispenserSink.o .\CortexM3\ARM_GCC_493\Debug\DisplayBLL.o .\CortexM3\ARM_GCC_493\Debug\DisplaySink.o .\CortexM3\ARM_GCC_493\Debug\DisplayUtils.o .\CortexM3\ARM_GCC_493\Debug\DisplayFlow.o .\CortexM3\ARM_GCC_493\Debug\DisplayCharacterMap.o .\CortexM3\ARM_GCC_493\Debug\DisplayBufferScreenMap.o .\CortexM3\ARM_GCC_493\Debug\DisplayResolver.o .\CortexM3\ARM_GCC_493\Debug\PrinterBLL.o .\CortexM3\ARM_GCC_493\Debug\PrinterSink.o .\CortexM3\ARM_GCC_493\Debug\PrinterResolver.o .\CortexM3\ARM_GCC_493\Debug\PrinterTemplate.o .\CortexM3\ARM_GCC_493\Debug\iButtonSink.o .\CortexM3\ARM_GCC_493\Debug\iButtonBLL.o .\CortexM3\ARM_GCC_493\Debug\iButtonProtocol.o .\CortexM3\ARM_GCC_493\Debug\Prime.o .\CortexM3\ARM_GCC_493\Debug\PrimeFlow.o .\CortexM3\ARM_GCC_493\Debug\PrimeImpl.o .\CortexM3\ARM_GCC_493\Debug\Encore.o .\CortexM3\ARM_GCC_493\Debug\EncoreFlow.o .\CortexM3\ARM_GCC_493\Debug\EncoreImpl.o .\CortexM3\ARM_GCC_493\Debug\Advantage.o .\CortexM3\ARM_GCC_493\Debug\AdvantageFlow.o .\CortexM3\ARM_GCC_493\Debug\AdvantageImpl.o .\CortexM3\ARM_GCC_493\Debug\RFSink.o .\CortexM3\ARM_GCC_493\Debug\RFBLL.o .\CortexM3\ARM_GCC_493\Debug\RFResolver.o .\CortexM3\ARM_GCC_493\Debug\RFServerStack.o .\CortexM3\ARM_GCC_493\Debug\RFServerStackImpl.o .\CortexM3\ARM_GCC_493\Debug\ClientDefinitions.o .\CortexM3\ARM_GCC_493\Debug\main.o .\CortexM3\ARM_GCC_493\Debug\cymetadata.o .\CortexM3\ARM_GCC_493\Debug\Cm3Start.o .\CortexM3\ARM_GCC_493\Debug\CorEx-Mux-Kernel.a "C:\Program Files (x86)\Cypress\PSoC Creator\3.3\PSoC Creator\psoc\content\cycomponentlibrary\CyComponentLibrary.cylib\CortexM3\ARM_GCC_493\Debug\CyComponentLibrary.a" -mcpu=cortex-m3 -mthumb -g -ffunction-sections -O0 -l m -L Generated_Source\PSoC5 -Wl,-Map,.\CortexM3\ARM_GCC_493\Debug/CorEx-Mux-Kernel.map -T Generated_Source\PSoC5\cm3gcc.ld -specs=nano.specs -Wl,--gc-sections -Wl,--end-group
cyelftool.exe -C C:\Users\Lenovo\Documents\GitHub\CorEx-MUX-Kernel-Enhanced\Workspace01\CorEx-Mux-Kernel.cydsn\CortexM3\ARM_GCC_493\Debug\CorEx-Mux-Kernel.elf --flash_row_size 256 --flash_size 262144
cyelftool.exe -S C:\Users\Lenovo\Documents\GitHub\CorEx-MUX-Kernel-Enhanced\Workspace01\CorEx-Mux-Kernel.cydsn\CortexM3\ARM_GCC_493\Debug\CorEx-Mux-Kernel.elf
Flash used: 145152 of 262144 bytes (55,4%).
SRAM used: 64965 of 65536 bytes (99,1%). Stack: 2048 bytes. Heap: 128 bytes.
--------------- Build Succeeded: 05/04/2017 14:02:45 ---------------
