ARM GAS  C:\Users\RECEPC~1\AppData\Local\Temp\ccpieNe9.s 			page 1


   1              		.syntax unified
   2              		.cpu cortex-m3
   3              		.fpu softvfp
   4              		.eabi_attribute 20, 1
   5              		.eabi_attribute 21, 1
   6              		.eabi_attribute 23, 3
   7              		.eabi_attribute 24, 1
   8              		.eabi_attribute 25, 1
   9              		.eabi_attribute 26, 1
  10              		.eabi_attribute 30, 6
  11              		.eabi_attribute 34, 1
  12              		.eabi_attribute 18, 4
  13              		.thumb
  14              		.file	"ClientDefinitions.c"
  15              		.text
  16              	.Ltext0:
  17              		.cfi_sections	.debug_frame
  18              		.global	_g_currentlogo
  19              		.section	.rodata
  20              		.align	2
  21              		.type	_g_currentlogo, %object
  22              		.size	_g_currentlogo, 944
  23              	_g_currentlogo:
  24 0000 1B       		.byte	27
  25 0001 6C       		.byte	108
  26 0002 0E       		.byte	14
  27 0003 1B       		.byte	27
  28 0004 51       		.byte	81
  29 0005 0E       		.byte	14
  30 0006 1B       		.byte	27
  31 0007 4B       		.byte	75
  32 0008 68       		.byte	104
  33 0009 00       		.byte	0
  34 000a 00       		.byte	0
  35 000b 00       		.byte	0
  36 000c 00       		.byte	0
  37 000d 00       		.byte	0
  38 000e 00       		.byte	0
  39 000f 00       		.byte	0
  40 0010 00       		.byte	0
  41 0011 00       		.byte	0
  42 0012 00       		.byte	0
  43 0013 00       		.byte	0
  44 0014 00       		.byte	0
  45 0015 00       		.byte	0
  46 0016 00       		.byte	0
  47 0017 00       		.byte	0
  48 0018 00       		.byte	0
  49 0019 00       		.byte	0
  50 001a 00       		.byte	0
  51 001b 00       		.byte	0
  52 001c 00       		.byte	0
  53 001d 00       		.byte	0
  54 001e 00       		.byte	0
  55 001f 00       		.byte	0
  56 0020 00       		.byte	0
  57 0021 00       		.byte	0
ARM GAS  C:\Users\RECEPC~1\AppData\Local\Temp\ccpieNe9.s 			page 2


  58 0022 00       		.byte	0
  59 0023 00       		.byte	0
  60 0024 00       		.byte	0
  61 0025 00       		.byte	0
  62 0026 00       		.byte	0
  63 0027 00       		.byte	0
  64 0028 00       		.byte	0
  65 0029 7F       		.byte	127
  66 002a 7F       		.byte	127
  67 002b 7F       		.byte	127
  68 002c 7F       		.byte	127
  69 002d 7F       		.byte	127
  70 002e 7F       		.byte	127
  71 002f 7F       		.byte	127
  72 0030 7F       		.byte	127
  73 0031 7F       		.byte	127
  74 0032 7F       		.byte	127
  75 0033 7F       		.byte	127
  76 0034 7F       		.byte	127
  77 0035 7F       		.byte	127
  78 0036 7F       		.byte	127
  79 0037 7F       		.byte	127
  80 0038 7F       		.byte	127
  81 0039 7F       		.byte	127
  82 003a 7F       		.byte	127
  83 003b 7F       		.byte	127
  84 003c 7F       		.byte	127
  85 003d 7F       		.byte	127
  86 003e 7F       		.byte	127
  87 003f 7F       		.byte	127
  88 0040 7F       		.byte	127
  89 0041 7F       		.byte	127
  90 0042 7F       		.byte	127
  91 0043 7F       		.byte	127
  92 0044 7F       		.byte	127
  93 0045 7F       		.byte	127
  94 0046 7F       		.byte	127
  95 0047 7F       		.byte	127
  96 0048 7F       		.byte	127
  97 0049 7F       		.byte	127
  98 004a 7F       		.byte	127
  99 004b 7F       		.byte	127
 100 004c 7F       		.byte	127
 101 004d 7F       		.byte	127
 102 004e 7F       		.byte	127
 103 004f 7F       		.byte	127
 104 0050 7F       		.byte	127
 105 0051 7F       		.byte	127
 106 0052 7F       		.byte	127
 107 0053 00       		.byte	0
 108 0054 00       		.byte	0
 109 0055 00       		.byte	0
 110 0056 00       		.byte	0
 111 0057 00       		.byte	0
 112 0058 00       		.byte	0
 113 0059 00       		.byte	0
 114 005a 00       		.byte	0
ARM GAS  C:\Users\RECEPC~1\AppData\Local\Temp\ccpieNe9.s 			page 3


 115 005b 00       		.byte	0
 116 005c 00       		.byte	0
 117 005d 00       		.byte	0
 118 005e 00       		.byte	0
 119 005f 00       		.byte	0
 120 0060 00       		.byte	0
 121 0061 00       		.byte	0
 122 0062 00       		.byte	0
 123 0063 00       		.byte	0
 124 0064 00       		.byte	0
 125 0065 00       		.byte	0
 126 0066 00       		.byte	0
 127 0067 00       		.byte	0
 128 0068 00       		.byte	0
 129 0069 00       		.byte	0
 130 006a 00       		.byte	0
 131 006b 00       		.byte	0
 132 006c 00       		.byte	0
 133 006d 00       		.byte	0
 134 006e 00       		.byte	0
 135 006f 00       		.byte	0
 136 0070 00       		.byte	0
 137 0071 00       		.byte	0
 138 0072 1B       		.byte	27
 139 0073 31       		.byte	49
 140 0074 00       		.byte	0
 141 0075 0A       		.byte	10
 142 0076 1B       		.byte	27
 143 0077 6C       		.byte	108
 144 0078 0E       		.byte	14
 145 0079 1B       		.byte	27
 146 007a 51       		.byte	81
 147 007b 0E       		.byte	14
 148 007c 1B       		.byte	27
 149 007d 4B       		.byte	75
 150 007e 68       		.byte	104
 151 007f 00       		.byte	0
 152 0080 00       		.byte	0
 153 0081 00       		.byte	0
 154 0082 00       		.byte	0
 155 0083 00       		.byte	0
 156 0084 00       		.byte	0
 157 0085 00       		.byte	0
 158 0086 00       		.byte	0
 159 0087 00       		.byte	0
 160 0088 00       		.byte	0
 161 0089 00       		.byte	0
 162 008a 00       		.byte	0
 163 008b 00       		.byte	0
 164 008c 00       		.byte	0
 165 008d 00       		.byte	0
 166 008e 00       		.byte	0
 167 008f 00       		.byte	0
 168 0090 00       		.byte	0
 169 0091 00       		.byte	0
 170 0092 00       		.byte	0
 171 0093 00       		.byte	0
ARM GAS  C:\Users\RECEPC~1\AppData\Local\Temp\ccpieNe9.s 			page 4


 172 0094 00       		.byte	0
 173 0095 00       		.byte	0
 174 0096 00       		.byte	0
 175 0097 00       		.byte	0
 176 0098 00       		.byte	0
 177 0099 00       		.byte	0
 178 009a 00       		.byte	0
 179 009b 00       		.byte	0
 180 009c 00       		.byte	0
 181 009d 00       		.byte	0
 182 009e 00       		.byte	0
 183 009f F0       		.byte	-16
 184 00a0 F0       		.byte	-16
 185 00a1 F0       		.byte	-16
 186 00a2 F0       		.byte	-16
 187 00a3 F0       		.byte	-16
 188 00a4 F0       		.byte	-16
 189 00a5 F0       		.byte	-16
 190 00a6 F0       		.byte	-16
 191 00a7 F0       		.byte	-16
 192 00a8 F0       		.byte	-16
 193 00a9 F0       		.byte	-16
 194 00aa F0       		.byte	-16
 195 00ab F0       		.byte	-16
 196 00ac F0       		.byte	-16
 197 00ad F0       		.byte	-16
 198 00ae F0       		.byte	-16
 199 00af F0       		.byte	-16
 200 00b0 F0       		.byte	-16
 201 00b1 F0       		.byte	-16
 202 00b2 F0       		.byte	-16
 203 00b3 F0       		.byte	-16
 204 00b4 F0       		.byte	-16
 205 00b5 F0       		.byte	-16
 206 00b6 F0       		.byte	-16
 207 00b7 F0       		.byte	-16
 208 00b8 F0       		.byte	-16
 209 00b9 F0       		.byte	-16
 210 00ba F0       		.byte	-16
 211 00bb F0       		.byte	-16
 212 00bc F0       		.byte	-16
 213 00bd F0       		.byte	-16
 214 00be F0       		.byte	-16
 215 00bf F0       		.byte	-16
 216 00c0 F0       		.byte	-16
 217 00c1 F0       		.byte	-16
 218 00c2 F0       		.byte	-16
 219 00c3 F0       		.byte	-16
 220 00c4 F0       		.byte	-16
 221 00c5 F0       		.byte	-16
 222 00c6 F0       		.byte	-16
 223 00c7 F0       		.byte	-16
 224 00c8 F0       		.byte	-16
 225 00c9 00       		.byte	0
 226 00ca 00       		.byte	0
 227 00cb 00       		.byte	0
 228 00cc 00       		.byte	0
ARM GAS  C:\Users\RECEPC~1\AppData\Local\Temp\ccpieNe9.s 			page 5


 229 00cd 00       		.byte	0
 230 00ce 00       		.byte	0
 231 00cf 00       		.byte	0
 232 00d0 00       		.byte	0
 233 00d1 00       		.byte	0
 234 00d2 00       		.byte	0
 235 00d3 00       		.byte	0
 236 00d4 00       		.byte	0
 237 00d5 00       		.byte	0
 238 00d6 00       		.byte	0
 239 00d7 00       		.byte	0
 240 00d8 00       		.byte	0
 241 00d9 00       		.byte	0
 242 00da 00       		.byte	0
 243 00db 00       		.byte	0
 244 00dc 00       		.byte	0
 245 00dd 00       		.byte	0
 246 00de 00       		.byte	0
 247 00df 00       		.byte	0
 248 00e0 00       		.byte	0
 249 00e1 00       		.byte	0
 250 00e2 00       		.byte	0
 251 00e3 00       		.byte	0
 252 00e4 00       		.byte	0
 253 00e5 00       		.byte	0
 254 00e6 00       		.byte	0
 255 00e7 00       		.byte	0
 256 00e8 1B       		.byte	27
 257 00e9 31       		.byte	49
 258 00ea 00       		.byte	0
 259 00eb 0A       		.byte	10
 260 00ec 1B       		.byte	27
 261 00ed 6C       		.byte	108
 262 00ee 0E       		.byte	14
 263 00ef 1B       		.byte	27
 264 00f0 51       		.byte	81
 265 00f1 0E       		.byte	14
 266 00f2 1B       		.byte	27
 267 00f3 4B       		.byte	75
 268 00f4 68       		.byte	104
 269 00f5 00       		.byte	0
 270 00f6 00       		.byte	0
 271 00f7 00       		.byte	0
 272 00f8 00       		.byte	0
 273 00f9 00       		.byte	0
 274 00fa 00       		.byte	0
 275 00fb 00       		.byte	0
 276 00fc 00       		.byte	0
 277 00fd 00       		.byte	0
 278 00fe 00       		.byte	0
 279 00ff 00       		.byte	0
 280 0100 00       		.byte	0
 281 0101 00       		.byte	0
 282 0102 00       		.byte	0
 283 0103 00       		.byte	0
 284 0104 00       		.byte	0
 285 0105 00       		.byte	0
ARM GAS  C:\Users\RECEPC~1\AppData\Local\Temp\ccpieNe9.s 			page 6


 286 0106 00       		.byte	0
 287 0107 00       		.byte	0
 288 0108 00       		.byte	0
 289 0109 00       		.byte	0
 290 010a 00       		.byte	0
 291 010b 00       		.byte	0
 292 010c 00       		.byte	0
 293 010d 00       		.byte	0
 294 010e 00       		.byte	0
 295 010f 00       		.byte	0
 296 0110 00       		.byte	0
 297 0111 00       		.byte	0
 298 0112 00       		.byte	0
 299 0113 00       		.byte	0
 300 0114 00       		.byte	0
 301 0115 FF       		.byte	-1
 302 0116 FF       		.byte	-1
 303 0117 FF       		.byte	-1
 304 0118 FF       		.byte	-1
 305 0119 FF       		.byte	-1
 306 011a FF       		.byte	-1
 307 011b FE       		.byte	-2
 308 011c F8       		.byte	-8
 309 011d 00       		.byte	0
 310 011e 00       		.byte	0
 311 011f 00       		.byte	0
 312 0120 0E       		.byte	14
 313 0121 1E       		.byte	30
 314 0122 1E       		.byte	30
 315 0123 1E       		.byte	30
 316 0124 1E       		.byte	30
 317 0125 1C       		.byte	28
 318 0126 80       		.byte	-128
 319 0127 81       		.byte	-127
 320 0128 C3       		.byte	-61
 321 0129 FF       		.byte	-1
 322 012a FF       		.byte	-1
 323 012b FF       		.byte	-1
 324 012c FF       		.byte	-1
 325 012d F8       		.byte	-8
 326 012e C0       		.byte	-64
 327 012f 00       		.byte	0
 328 0130 00       		.byte	0
 329 0131 0E       		.byte	14
 330 0132 1E       		.byte	30
 331 0133 1E       		.byte	30
 332 0134 1E       		.byte	30
 333 0135 1E       		.byte	30
 334 0136 0C       		.byte	12
 335 0137 80       		.byte	-128
 336 0138 80       		.byte	-128
 337 0139 C3       		.byte	-61
 338 013a FF       		.byte	-1
 339 013b FF       		.byte	-1
 340 013c FF       		.byte	-1
 341 013d FF       		.byte	-1
 342 013e FF       		.byte	-1
ARM GAS  C:\Users\RECEPC~1\AppData\Local\Temp\ccpieNe9.s 			page 7


 343 013f 00       		.byte	0
 344 0140 00       		.byte	0
 345 0141 00       		.byte	0
 346 0142 00       		.byte	0
 347 0143 00       		.byte	0
 348 0144 00       		.byte	0
 349 0145 00       		.byte	0
 350 0146 00       		.byte	0
 351 0147 00       		.byte	0
 352 0148 00       		.byte	0
 353 0149 00       		.byte	0
 354 014a 00       		.byte	0
 355 014b 00       		.byte	0
 356 014c 00       		.byte	0
 357 014d 00       		.byte	0
 358 014e 00       		.byte	0
 359 014f 00       		.byte	0
 360 0150 00       		.byte	0
 361 0151 00       		.byte	0
 362 0152 00       		.byte	0
 363 0153 00       		.byte	0
 364 0154 00       		.byte	0
 365 0155 00       		.byte	0
 366 0156 00       		.byte	0
 367 0157 00       		.byte	0
 368 0158 00       		.byte	0
 369 0159 00       		.byte	0
 370 015a 00       		.byte	0
 371 015b 00       		.byte	0
 372 015c 00       		.byte	0
 373 015d 00       		.byte	0
 374 015e 1B       		.byte	27
 375 015f 31       		.byte	49
 376 0160 00       		.byte	0
 377 0161 0A       		.byte	10
 378 0162 1B       		.byte	27
 379 0163 6C       		.byte	108
 380 0164 0E       		.byte	14
 381 0165 1B       		.byte	27
 382 0166 51       		.byte	81
 383 0167 0E       		.byte	14
 384 0168 1B       		.byte	27
 385 0169 4B       		.byte	75
 386 016a 68       		.byte	104
 387 016b 00       		.byte	0
 388 016c 00       		.byte	0
 389 016d 00       		.byte	0
 390 016e 00       		.byte	0
 391 016f 00       		.byte	0
 392 0170 00       		.byte	0
 393 0171 00       		.byte	0
 394 0172 00       		.byte	0
 395 0173 00       		.byte	0
 396 0174 00       		.byte	0
 397 0175 00       		.byte	0
 398 0176 00       		.byte	0
 399 0177 00       		.byte	0
ARM GAS  C:\Users\RECEPC~1\AppData\Local\Temp\ccpieNe9.s 			page 8


 400 0178 00       		.byte	0
 401 0179 00       		.byte	0
 402 017a 00       		.byte	0
 403 017b 00       		.byte	0
 404 017c 00       		.byte	0
 405 017d 00       		.byte	0
 406 017e 00       		.byte	0
 407 017f 00       		.byte	0
 408 0180 00       		.byte	0
 409 0181 00       		.byte	0
 410 0182 00       		.byte	0
 411 0183 00       		.byte	0
 412 0184 00       		.byte	0
 413 0185 00       		.byte	0
 414 0186 00       		.byte	0
 415 0187 00       		.byte	0
 416 0188 00       		.byte	0
 417 0189 00       		.byte	0
 418 018a 00       		.byte	0
 419 018b FF       		.byte	-1
 420 018c FF       		.byte	-1
 421 018d FF       		.byte	-1
 422 018e FF       		.byte	-1
 423 018f FF       		.byte	-1
 424 0190 F1       		.byte	-15
 425 0191 01       		.byte	1
 426 0192 01       		.byte	1
 427 0193 01       		.byte	1
 428 0194 19       		.byte	25
 429 0195 79       		.byte	121
 430 0196 79       		.byte	121
 431 0197 79       		.byte	121
 432 0198 79       		.byte	121
 433 0199 79       		.byte	121
 434 019a 21       		.byte	33
 435 019b 01       		.byte	1
 436 019c 01       		.byte	1
 437 019d 87       		.byte	-121
 438 019e FF       		.byte	-1
 439 019f FF       		.byte	-1
 440 01a0 FF       		.byte	-1
 441 01a1 E1       		.byte	-31
 442 01a2 01       		.byte	1
 443 01a3 01       		.byte	1
 444 01a4 03       		.byte	3
 445 01a5 3F       		.byte	63
 446 01a6 7F       		.byte	127
 447 01a7 7F       		.byte	127
 448 01a8 7F       		.byte	127
 449 01a9 3F       		.byte	63
 450 01aa 3F       		.byte	63
 451 01ab 01       		.byte	1
 452 01ac 01       		.byte	1
 453 01ad C1       		.byte	-63
 454 01ae FF       		.byte	-1
 455 01af FF       		.byte	-1
 456 01b0 FF       		.byte	-1
ARM GAS  C:\Users\RECEPC~1\AppData\Local\Temp\ccpieNe9.s 			page 9


 457 01b1 FF       		.byte	-1
 458 01b2 FF       		.byte	-1
 459 01b3 FF       		.byte	-1
 460 01b4 FF       		.byte	-1
 461 01b5 00       		.byte	0
 462 01b6 00       		.byte	0
 463 01b7 00       		.byte	0
 464 01b8 00       		.byte	0
 465 01b9 00       		.byte	0
 466 01ba 00       		.byte	0
 467 01bb 00       		.byte	0
 468 01bc 00       		.byte	0
 469 01bd 00       		.byte	0
 470 01be 00       		.byte	0
 471 01bf 00       		.byte	0
 472 01c0 00       		.byte	0
 473 01c1 00       		.byte	0
 474 01c2 00       		.byte	0
 475 01c3 00       		.byte	0
 476 01c4 00       		.byte	0
 477 01c5 00       		.byte	0
 478 01c6 00       		.byte	0
 479 01c7 00       		.byte	0
 480 01c8 00       		.byte	0
 481 01c9 00       		.byte	0
 482 01ca 00       		.byte	0
 483 01cb 00       		.byte	0
 484 01cc 00       		.byte	0
 485 01cd 00       		.byte	0
 486 01ce 00       		.byte	0
 487 01cf 00       		.byte	0
 488 01d0 00       		.byte	0
 489 01d1 00       		.byte	0
 490 01d2 00       		.byte	0
 491 01d3 00       		.byte	0
 492 01d4 1B       		.byte	27
 493 01d5 31       		.byte	49
 494 01d6 00       		.byte	0
 495 01d7 0A       		.byte	10
 496 01d8 1B       		.byte	27
 497 01d9 6C       		.byte	108
 498 01da 0E       		.byte	14
 499 01db 1B       		.byte	27
 500 01dc 51       		.byte	81
 501 01dd 0E       		.byte	14
 502 01de 1B       		.byte	27
 503 01df 4B       		.byte	75
 504 01e0 68       		.byte	104
 505 01e1 00       		.byte	0
 506 01e2 00       		.byte	0
 507 01e3 00       		.byte	0
 508 01e4 00       		.byte	0
 509 01e5 00       		.byte	0
 510 01e6 00       		.byte	0
 511 01e7 00       		.byte	0
 512 01e8 00       		.byte	0
 513 01e9 00       		.byte	0
ARM GAS  C:\Users\RECEPC~1\AppData\Local\Temp\ccpieNe9.s 			page 10


 514 01ea 00       		.byte	0
 515 01eb 00       		.byte	0
 516 01ec 00       		.byte	0
 517 01ed 00       		.byte	0
 518 01ee 00       		.byte	0
 519 01ef 00       		.byte	0
 520 01f0 00       		.byte	0
 521 01f1 00       		.byte	0
 522 01f2 00       		.byte	0
 523 01f3 00       		.byte	0
 524 01f4 00       		.byte	0
 525 01f5 00       		.byte	0
 526 01f6 00       		.byte	0
 527 01f7 00       		.byte	0
 528 01f8 00       		.byte	0
 529 01f9 00       		.byte	0
 530 01fa 00       		.byte	0
 531 01fb 00       		.byte	0
 532 01fc 00       		.byte	0
 533 01fd 00       		.byte	0
 534 01fe 00       		.byte	0
 535 01ff 00       		.byte	0
 536 0200 00       		.byte	0
 537 0201 FF       		.byte	-1
 538 0202 FF       		.byte	-1
 539 0203 FF       		.byte	-1
 540 0204 FF       		.byte	-1
 541 0205 FF       		.byte	-1
 542 0206 FF       		.byte	-1
 543 0207 FF       		.byte	-1
 544 0208 FF       		.byte	-1
 545 0209 FF       		.byte	-1
 546 020a FF       		.byte	-1
 547 020b FF       		.byte	-1
 548 020c FF       		.byte	-1
 549 020d FF       		.byte	-1
 550 020e FF       		.byte	-1
 551 020f FF       		.byte	-1
 552 0210 FF       		.byte	-1
 553 0211 FF       		.byte	-1
 554 0212 FF       		.byte	-1
 555 0213 FF       		.byte	-1
 556 0214 FF       		.byte	-1
 557 0215 FF       		.byte	-1
 558 0216 FF       		.byte	-1
 559 0217 FF       		.byte	-1
 560 0218 FF       		.byte	-1
 561 0219 FF       		.byte	-1
 562 021a FF       		.byte	-1
 563 021b FF       		.byte	-1
 564 021c FF       		.byte	-1
 565 021d FF       		.byte	-1
 566 021e FF       		.byte	-1
 567 021f FF       		.byte	-1
 568 0220 FF       		.byte	-1
 569 0221 FF       		.byte	-1
 570 0222 FF       		.byte	-1
ARM GAS  C:\Users\RECEPC~1\AppData\Local\Temp\ccpieNe9.s 			page 11


 571 0223 FF       		.byte	-1
 572 0224 FF       		.byte	-1
 573 0225 FF       		.byte	-1
 574 0226 FF       		.byte	-1
 575 0227 FF       		.byte	-1
 576 0228 FF       		.byte	-1
 577 0229 FF       		.byte	-1
 578 022a FF       		.byte	-1
 579 022b 00       		.byte	0
 580 022c 00       		.byte	0
 581 022d 00       		.byte	0
 582 022e 00       		.byte	0
 583 022f 00       		.byte	0
 584 0230 00       		.byte	0
 585 0231 00       		.byte	0
 586 0232 00       		.byte	0
 587 0233 00       		.byte	0
 588 0234 00       		.byte	0
 589 0235 00       		.byte	0
 590 0236 00       		.byte	0
 591 0237 00       		.byte	0
 592 0238 00       		.byte	0
 593 0239 00       		.byte	0
 594 023a 00       		.byte	0
 595 023b 00       		.byte	0
 596 023c 00       		.byte	0
 597 023d 00       		.byte	0
 598 023e 00       		.byte	0
 599 023f 00       		.byte	0
 600 0240 00       		.byte	0
 601 0241 00       		.byte	0
 602 0242 00       		.byte	0
 603 0243 00       		.byte	0
 604 0244 00       		.byte	0
 605 0245 00       		.byte	0
 606 0246 00       		.byte	0
 607 0247 00       		.byte	0
 608 0248 00       		.byte	0
 609 0249 00       		.byte	0
 610 024a 1B       		.byte	27
 611 024b 31       		.byte	49
 612 024c 00       		.byte	0
 613 024d 0A       		.byte	10
 614 024e 1B       		.byte	27
 615 024f 6C       		.byte	108
 616 0250 0E       		.byte	14
 617 0251 1B       		.byte	27
 618 0252 51       		.byte	81
 619 0253 0E       		.byte	14
 620 0254 1B       		.byte	27
 621 0255 4B       		.byte	75
 622 0256 68       		.byte	104
 623 0257 00       		.byte	0
 624 0258 00       		.byte	0
 625 0259 00       		.byte	0
 626 025a 00       		.byte	0
 627 025b 00       		.byte	0
ARM GAS  C:\Users\RECEPC~1\AppData\Local\Temp\ccpieNe9.s 			page 12


 628 025c 00       		.byte	0
 629 025d 00       		.byte	0
 630 025e 00       		.byte	0
 631 025f 00       		.byte	0
 632 0260 00       		.byte	0
 633 0261 00       		.byte	0
 634 0262 00       		.byte	0
 635 0263 00       		.byte	0
 636 0264 00       		.byte	0
 637 0265 00       		.byte	0
 638 0266 00       		.byte	0
 639 0267 00       		.byte	0
 640 0268 00       		.byte	0
 641 0269 00       		.byte	0
 642 026a 00       		.byte	0
 643 026b 00       		.byte	0
 644 026c 00       		.byte	0
 645 026d 00       		.byte	0
 646 026e 00       		.byte	0
 647 026f 00       		.byte	0
 648 0270 00       		.byte	0
 649 0271 00       		.byte	0
 650 0272 00       		.byte	0
 651 0273 00       		.byte	0
 652 0274 00       		.byte	0
 653 0275 00       		.byte	0
 654 0276 00       		.byte	0
 655 0277 E0       		.byte	-32
 656 0278 E0       		.byte	-32
 657 0279 E0       		.byte	-32
 658 027a E0       		.byte	-32
 659 027b E0       		.byte	-32
 660 027c E0       		.byte	-32
 661 027d E0       		.byte	-32
 662 027e E0       		.byte	-32
 663 027f E0       		.byte	-32
 664 0280 E0       		.byte	-32
 665 0281 E0       		.byte	-32
 666 0282 E0       		.byte	-32
 667 0283 E0       		.byte	-32
 668 0284 E0       		.byte	-32
 669 0285 E0       		.byte	-32
 670 0286 E0       		.byte	-32
 671 0287 E0       		.byte	-32
 672 0288 E0       		.byte	-32
 673 0289 E0       		.byte	-32
 674 028a E0       		.byte	-32
 675 028b E0       		.byte	-32
 676 028c E0       		.byte	-32
 677 028d E0       		.byte	-32
 678 028e E0       		.byte	-32
 679 028f E0       		.byte	-32
 680 0290 E0       		.byte	-32
 681 0291 E0       		.byte	-32
 682 0292 E0       		.byte	-32
 683 0293 E0       		.byte	-32
 684 0294 E0       		.byte	-32
ARM GAS  C:\Users\RECEPC~1\AppData\Local\Temp\ccpieNe9.s 			page 13


 685 0295 E0       		.byte	-32
 686 0296 E0       		.byte	-32
 687 0297 E0       		.byte	-32
 688 0298 E0       		.byte	-32
 689 0299 E0       		.byte	-32
 690 029a E0       		.byte	-32
 691 029b E0       		.byte	-32
 692 029c E0       		.byte	-32
 693 029d E0       		.byte	-32
 694 029e E0       		.byte	-32
 695 029f E0       		.byte	-32
 696 02a0 E0       		.byte	-32
 697 02a1 00       		.byte	0
 698 02a2 00       		.byte	0
 699 02a3 00       		.byte	0
 700 02a4 00       		.byte	0
 701 02a5 00       		.byte	0
 702 02a6 00       		.byte	0
 703 02a7 00       		.byte	0
 704 02a8 00       		.byte	0
 705 02a9 00       		.byte	0
 706 02aa 00       		.byte	0
 707 02ab 00       		.byte	0
 708 02ac 00       		.byte	0
 709 02ad 00       		.byte	0
 710 02ae 00       		.byte	0
 711 02af 00       		.byte	0
 712 02b0 00       		.byte	0
 713 02b1 00       		.byte	0
 714 02b2 00       		.byte	0
 715 02b3 00       		.byte	0
 716 02b4 00       		.byte	0
 717 02b5 00       		.byte	0
 718 02b6 00       		.byte	0
 719 02b7 00       		.byte	0
 720 02b8 00       		.byte	0
 721 02b9 00       		.byte	0
 722 02ba 00       		.byte	0
 723 02bb 00       		.byte	0
 724 02bc 00       		.byte	0
 725 02bd 00       		.byte	0
 726 02be 00       		.byte	0
 727 02bf 00       		.byte	0
 728 02c0 1B       		.byte	27
 729 02c1 31       		.byte	49
 730 02c2 00       		.byte	0
 731 02c3 0A       		.byte	10
 732 02c4 1B       		.byte	27
 733 02c5 6C       		.byte	108
 734 02c6 0E       		.byte	14
 735 02c7 1B       		.byte	27
 736 02c8 51       		.byte	81
 737 02c9 0E       		.byte	14
 738 02ca 1B       		.byte	27
 739 02cb 4B       		.byte	75
 740 02cc 68       		.byte	104
 741 02cd 00       		.byte	0
ARM GAS  C:\Users\RECEPC~1\AppData\Local\Temp\ccpieNe9.s 			page 14


 742 02ce 00       		.byte	0
 743 02cf 00       		.byte	0
 744 02d0 01       		.byte	1
 745 02d1 07       		.byte	7
 746 02d2 07       		.byte	7
 747 02d3 07       		.byte	7
 748 02d4 07       		.byte	7
 749 02d5 07       		.byte	7
 750 02d6 07       		.byte	7
 751 02d7 07       		.byte	7
 752 02d8 07       		.byte	7
 753 02d9 07       		.byte	7
 754 02da 00       		.byte	0
 755 02db 01       		.byte	1
 756 02dc 07       		.byte	7
 757 02dd 07       		.byte	7
 758 02de 07       		.byte	7
 759 02df 07       		.byte	7
 760 02e0 07       		.byte	7
 761 02e1 07       		.byte	7
 762 02e2 07       		.byte	7
 763 02e3 07       		.byte	7
 764 02e4 06       		.byte	6
 765 02e5 00       		.byte	0
 766 02e6 07       		.byte	7
 767 02e7 07       		.byte	7
 768 02e8 07       		.byte	7
 769 02e9 07       		.byte	7
 770 02ea 07       		.byte	7
 771 02eb 07       		.byte	7
 772 02ec 07       		.byte	7
 773 02ed 07       		.byte	7
 774 02ee 07       		.byte	7
 775 02ef 07       		.byte	7
 776 02f0 04       		.byte	4
 777 02f1 01       		.byte	1
 778 02f2 07       		.byte	7
 779 02f3 07       		.byte	7
 780 02f4 07       		.byte	7
 781 02f5 07       		.byte	7
 782 02f6 07       		.byte	7
 783 02f7 07       		.byte	7
 784 02f8 07       		.byte	7
 785 02f9 07       		.byte	7
 786 02fa 07       		.byte	7
 787 02fb 00       		.byte	0
 788 02fc 00       		.byte	0
 789 02fd 00       		.byte	0
 790 02fe 03       		.byte	3
 791 02ff 07       		.byte	7
 792 0300 07       		.byte	7
 793 0301 07       		.byte	7
 794 0302 0F       		.byte	15
 795 0303 0F       		.byte	15
 796 0304 0F       		.byte	15
 797 0305 07       		.byte	7
 798 0306 07       		.byte	7
ARM GAS  C:\Users\RECEPC~1\AppData\Local\Temp\ccpieNe9.s 			page 15


 799 0307 01       		.byte	1
 800 0308 00       		.byte	0
 801 0309 00       		.byte	0
 802 030a 03       		.byte	3
 803 030b 07       		.byte	7
 804 030c 07       		.byte	7
 805 030d 07       		.byte	7
 806 030e 07       		.byte	7
 807 030f 07       		.byte	7
 808 0310 07       		.byte	7
 809 0311 07       		.byte	7
 810 0312 07       		.byte	7
 811 0313 03       		.byte	3
 812 0314 00       		.byte	0
 813 0315 00       		.byte	0
 814 0316 07       		.byte	7
 815 0317 07       		.byte	7
 816 0318 07       		.byte	7
 817 0319 07       		.byte	7
 818 031a 07       		.byte	7
 819 031b 07       		.byte	7
 820 031c 07       		.byte	7
 821 031d 07       		.byte	7
 822 031e 07       		.byte	7
 823 031f 03       		.byte	3
 824 0320 00       		.byte	0
 825 0321 00       		.byte	0
 826 0322 00       		.byte	0
 827 0323 00       		.byte	0
 828 0324 03       		.byte	3
 829 0325 07       		.byte	7
 830 0326 07       		.byte	7
 831 0327 07       		.byte	7
 832 0328 07       		.byte	7
 833 0329 00       		.byte	0
 834 032a 00       		.byte	0
 835 032b 00       		.byte	0
 836 032c 00       		.byte	0
 837 032d 01       		.byte	1
 838 032e 07       		.byte	7
 839 032f 07       		.byte	7
 840 0330 07       		.byte	7
 841 0331 0E       		.byte	14
 842 0332 0E       		.byte	14
 843 0333 0F       		.byte	15
 844 0334 0F       		.byte	15
 845 0335 07       		.byte	7
 846 0336 1B       		.byte	27
 847 0337 31       		.byte	49
 848 0338 00       		.byte	0
 849 0339 0A       		.byte	10
 850 033a 1B       		.byte	27
 851 033b 6C       		.byte	108
 852 033c 0E       		.byte	14
 853 033d 1B       		.byte	27
 854 033e 51       		.byte	81
 855 033f 0E       		.byte	14
ARM GAS  C:\Users\RECEPC~1\AppData\Local\Temp\ccpieNe9.s 			page 16


 856 0340 1B       		.byte	27
 857 0341 4B       		.byte	75
 858 0342 68       		.byte	104
 859 0343 00       		.byte	0
 860 0344 06       		.byte	6
 861 0345 7E       		.byte	126
 862 0346 FE       		.byte	-2
 863 0347 FE       		.byte	-2
 864 0348 FC       		.byte	-4
 865 0349 F8       		.byte	-8
 866 034a 70       		.byte	112
 867 034b 70       		.byte	112
 868 034c F0       		.byte	-16
 869 034d E0       		.byte	-32
 870 034e E0       		.byte	-32
 871 034f 82       		.byte	-126
 872 0350 1E       		.byte	30
 873 0351 FE       		.byte	-2
 874 0352 FE       		.byte	-2
 875 0353 FE       		.byte	-2
 876 0354 FE       		.byte	-2
 877 0355 EE       		.byte	-18
 878 0356 6E       		.byte	110
 879 0357 6E       		.byte	110
 880 0358 6E       		.byte	110
 881 0359 00       		.byte	0
 882 035a 00       		.byte	0
 883 035b 00       		.byte	0
 884 035c 00       		.byte	0
 885 035d 0E       		.byte	14
 886 035e 7E       		.byte	126
 887 035f FE       		.byte	-2
 888 0360 FE       		.byte	-2
 889 0361 F0       		.byte	-16
 890 0362 C0       		.byte	-64
 891 0363 00       		.byte	0
 892 0364 00       		.byte	0
 893 0365 02       		.byte	2
 894 0366 1E       		.byte	30
 895 0367 FE       		.byte	-2
 896 0368 FE       		.byte	-2
 897 0369 FC       		.byte	-4
 898 036a F0       		.byte	-16
 899 036b 70       		.byte	112
 900 036c 7E       		.byte	126
 901 036d FE       		.byte	-2
 902 036e FE       		.byte	-2
 903 036f DE       		.byte	-34
 904 0370 86       		.byte	-122
 905 0371 00       		.byte	0
 906 0372 7C       		.byte	124
 907 0373 FE       		.byte	-2
 908 0374 FE       		.byte	-2
 909 0375 FF       		.byte	-1
 910 0376 CF       		.byte	-49
 911 0377 07       		.byte	7
 912 0378 0E       		.byte	14
ARM GAS  C:\Users\RECEPC~1\AppData\Local\Temp\ccpieNe9.s 			page 17


 913 0379 3E       		.byte	62
 914 037a FC       		.byte	-4
 915 037b FC       		.byte	-4
 916 037c F0       		.byte	-16
 917 037d C0       		.byte	-64
 918 037e 06       		.byte	6
 919 037f 7E       		.byte	126
 920 0380 FE       		.byte	-2
 921 0381 FE       		.byte	-2
 922 0382 FE       		.byte	-2
 923 0383 EE       		.byte	-18
 924 0384 6E       		.byte	110
 925 0385 FE       		.byte	-2
 926 0386 FE       		.byte	-2
 927 0387 FC       		.byte	-4
 928 0388 F8       		.byte	-8
 929 0389 00       		.byte	0
 930 038a 0E       		.byte	14
 931 038b FE       		.byte	-2
 932 038c FE       		.byte	-2
 933 038d FE       		.byte	-2
 934 038e F0       		.byte	-16
 935 038f F0       		.byte	-16
 936 0390 7E       		.byte	126
 937 0391 FE       		.byte	-2
 938 0392 FE       		.byte	-2
 939 0393 FE       		.byte	-2
 940 0394 D8       		.byte	-40
 941 0395 02       		.byte	2
 942 0396 0E       		.byte	14
 943 0397 1E       		.byte	30
 944 0398 7E       		.byte	126
 945 0399 FC       		.byte	-4
 946 039a FC       		.byte	-4
 947 039b FC       		.byte	-4
 948 039c FE       		.byte	-2
 949 039d FE       		.byte	-2
 950 039e FE       		.byte	-2
 951 039f FE       		.byte	-2
 952 03a0 00       		.byte	0
 953 03a1 00       		.byte	0
 954 03a2 0E       		.byte	14
 955 03a3 CE       		.byte	-50
 956 03a4 EF       		.byte	-17
 957 03a5 EF       		.byte	-17
 958 03a6 E7       		.byte	-25
 959 03a7 FE       		.byte	-2
 960 03a8 FE       		.byte	-2
 961 03a9 7E       		.byte	126
 962 03aa 7C       		.byte	124
 963 03ab 38       		.byte	56
 964 03ac 1B       		.byte	27
 965 03ad 31       		.byte	49
 966 03ae 00       		.byte	0
 967 03af 0A       		.byte	10
 968              		.global	_g_stationidentifier
 969              		.data
ARM GAS  C:\Users\RECEPC~1\AppData\Local\Temp\ccpieNe9.s 			page 18


 970              		.align	1
 971              		.type	_g_stationidentifier, %object
 972              		.size	_g_stationidentifier, 2
 973              	_g_stationidentifier:
 974 0000 0100     		.short	1
 975              		.global	_g_logosize
 976              		.align	1
 977              		.type	_g_logosize, %object
 978              		.size	_g_logosize, 2
 979              	_g_logosize:
 980 0002 B003     		.short	944
 981              		.global	_g_ptrlogo
 982              		.align	2
 983              		.type	_g_ptrlogo, %object
 984              		.size	_g_ptrlogo, 4
 985              	_g_ptrlogo:
 986 0004 00000000 		.word	_g_currentlogo
 987              		.text
 988              	.Letext0:
 989              		.file 1 "Generated_Source\\PSoC5/cytypes.h"
 990              		.file 2 ".\\ClientDefinitions.c"
 991              		.section	.debug_info,"",%progbits
 992              	.Ldebug_info0:
 993 0000 FB000000 		.4byte	0xfb
 994 0004 0400     		.2byte	0x4
 995 0006 00000000 		.4byte	.Ldebug_abbrev0
 996 000a 04       		.byte	0x4
 997 000b 01       		.uleb128 0x1
 998 000c 86000000 		.4byte	.LASF20
 999 0010 01       		.byte	0x1
 1000 0011 D7010000 		.4byte	.LASF21
 1001 0015 4F010000 		.4byte	.LASF22
 1002 0019 00000000 		.4byte	.Ldebug_line0
 1003 001d 02       		.uleb128 0x2
 1004 001e 01       		.byte	0x1
 1005 001f 06       		.byte	0x6
 1006 0020 43010000 		.4byte	.LASF0
 1007 0024 02       		.uleb128 0x2
 1008 0025 01       		.byte	0x1
 1009 0026 08       		.byte	0x8
 1010 0027 5F000000 		.4byte	.LASF1
 1011 002b 02       		.uleb128 0x2
 1012 002c 02       		.byte	0x2
 1013 002d 05       		.byte	0x5
 1014 002e C6010000 		.4byte	.LASF2
 1015 0032 02       		.uleb128 0x2
 1016 0033 02       		.byte	0x2
 1017 0034 07       		.byte	0x7
 1018 0035 30010000 		.4byte	.LASF3
 1019 0039 02       		.uleb128 0x2
 1020 003a 04       		.byte	0x4
 1021 003b 05       		.byte	0x5
 1022 003c 7D000000 		.4byte	.LASF4
 1023 0040 02       		.uleb128 0x2
 1024 0041 04       		.byte	0x4
 1025 0042 07       		.byte	0x7
 1026 0043 21000000 		.4byte	.LASF5
ARM GAS  C:\Users\RECEPC~1\AppData\Local\Temp\ccpieNe9.s 			page 19


 1027 0047 02       		.uleb128 0x2
 1028 0048 08       		.byte	0x8
 1029 0049 05       		.byte	0x5
 1030 004a 00000000 		.4byte	.LASF6
 1031 004e 02       		.uleb128 0x2
 1032 004f 08       		.byte	0x8
 1033 0050 07       		.byte	0x7
 1034 0051 33000000 		.4byte	.LASF7
 1035 0055 03       		.uleb128 0x3
 1036 0056 04       		.byte	0x4
 1037 0057 05       		.byte	0x5
 1038 0058 696E7400 		.ascii	"int\000"
 1039 005c 02       		.uleb128 0x2
 1040 005d 04       		.byte	0x4
 1041 005e 07       		.byte	0x7
 1042 005f 0E000000 		.4byte	.LASF8
 1043 0063 04       		.uleb128 0x4
 1044 0064 1B000000 		.4byte	.LASF9
 1045 0068 01       		.byte	0x1
 1046 0069 3801     		.2byte	0x138
 1047 006b 24000000 		.4byte	0x24
 1048 006f 04       		.uleb128 0x4
 1049 0070 D0010000 		.4byte	.LASF10
 1050 0074 01       		.byte	0x1
 1051 0075 3901     		.2byte	0x139
 1052 0077 32000000 		.4byte	0x32
 1053 007b 02       		.uleb128 0x2
 1054 007c 04       		.byte	0x4
 1055 007d 04       		.byte	0x4
 1056 007e 4A000000 		.4byte	.LASF11
 1057 0082 02       		.uleb128 0x2
 1058 0083 08       		.byte	0x8
 1059 0084 04       		.byte	0x4
 1060 0085 14010000 		.4byte	.LASF12
 1061 0089 02       		.uleb128 0x2
 1062 008a 01       		.byte	0x1
 1063 008b 08       		.byte	0x8
 1064 008c 78000000 		.4byte	.LASF13
 1065 0090 02       		.uleb128 0x2
 1066 0091 04       		.byte	0x4
 1067 0092 07       		.byte	0x7
 1068 0093 ED010000 		.4byte	.LASF14
 1069 0097 02       		.uleb128 0x2
 1070 0098 08       		.byte	0x8
 1071 0099 04       		.byte	0x4
 1072 009a BA010000 		.4byte	.LASF15
 1073 009e 05       		.uleb128 0x5
 1074 009f 04       		.byte	0x4
 1075 00a0 63000000 		.4byte	0x63
 1076 00a4 06       		.uleb128 0x6
 1077 00a5 1B010000 		.4byte	.LASF16
 1078 00a9 02       		.byte	0x2
 1079 00aa F7       		.byte	0xf7
 1080 00ab 6F000000 		.4byte	0x6f
 1081 00af 05       		.uleb128 0x5
 1082 00b0 03       		.byte	0x3
 1083 00b1 00000000 		.4byte	_g_stationidentifier
ARM GAS  C:\Users\RECEPC~1\AppData\Local\Temp\ccpieNe9.s 			page 20


 1084 00b5 07       		.uleb128 0x7
 1085 00b6 89000000 		.4byte	0x89
 1086 00ba C6000000 		.4byte	0xc6
 1087 00be 08       		.uleb128 0x8
 1088 00bf 90000000 		.4byte	0x90
 1089 00c3 AF03     		.2byte	0x3af
 1090 00c5 00       		.byte	0
 1091 00c6 06       		.uleb128 0x6
 1092 00c7 50000000 		.4byte	.LASF17
 1093 00cb 02       		.byte	0x2
 1094 00cc 4E       		.byte	0x4e
 1095 00cd D7000000 		.4byte	0xd7
 1096 00d1 05       		.uleb128 0x5
 1097 00d2 03       		.byte	0x3
 1098 00d3 00000000 		.4byte	_g_currentlogo
 1099 00d7 09       		.uleb128 0x9
 1100 00d8 B5000000 		.4byte	0xb5
 1101 00dc 06       		.uleb128 0x6
 1102 00dd AE010000 		.4byte	.LASF18
 1103 00e1 02       		.byte	0x2
 1104 00e2 F9       		.byte	0xf9
 1105 00e3 6F000000 		.4byte	0x6f
 1106 00e7 05       		.uleb128 0x5
 1107 00e8 03       		.byte	0x3
 1108 00e9 00000000 		.4byte	_g_logosize
 1109 00ed 06       		.uleb128 0x6
 1110 00ee 6D000000 		.4byte	.LASF19
 1111 00f2 02       		.byte	0x2
 1112 00f3 FA       		.byte	0xfa
 1113 00f4 9E000000 		.4byte	0x9e
 1114 00f8 05       		.uleb128 0x5
 1115 00f9 03       		.byte	0x3
 1116 00fa 00000000 		.4byte	_g_ptrlogo
 1117 00fe 00       		.byte	0
 1118              		.section	.debug_abbrev,"",%progbits
 1119              	.Ldebug_abbrev0:
 1120 0000 01       		.uleb128 0x1
 1121 0001 11       		.uleb128 0x11
 1122 0002 01       		.byte	0x1
 1123 0003 25       		.uleb128 0x25
 1124 0004 0E       		.uleb128 0xe
 1125 0005 13       		.uleb128 0x13
 1126 0006 0B       		.uleb128 0xb
 1127 0007 03       		.uleb128 0x3
 1128 0008 0E       		.uleb128 0xe
 1129 0009 1B       		.uleb128 0x1b
 1130 000a 0E       		.uleb128 0xe
 1131 000b 10       		.uleb128 0x10
 1132 000c 17       		.uleb128 0x17
 1133 000d 00       		.byte	0
 1134 000e 00       		.byte	0
 1135 000f 02       		.uleb128 0x2
 1136 0010 24       		.uleb128 0x24
 1137 0011 00       		.byte	0
 1138 0012 0B       		.uleb128 0xb
 1139 0013 0B       		.uleb128 0xb
 1140 0014 3E       		.uleb128 0x3e
ARM GAS  C:\Users\RECEPC~1\AppData\Local\Temp\ccpieNe9.s 			page 21


 1141 0015 0B       		.uleb128 0xb
 1142 0016 03       		.uleb128 0x3
 1143 0017 0E       		.uleb128 0xe
 1144 0018 00       		.byte	0
 1145 0019 00       		.byte	0
 1146 001a 03       		.uleb128 0x3
 1147 001b 24       		.uleb128 0x24
 1148 001c 00       		.byte	0
 1149 001d 0B       		.uleb128 0xb
 1150 001e 0B       		.uleb128 0xb
 1151 001f 3E       		.uleb128 0x3e
 1152 0020 0B       		.uleb128 0xb
 1153 0021 03       		.uleb128 0x3
 1154 0022 08       		.uleb128 0x8
 1155 0023 00       		.byte	0
 1156 0024 00       		.byte	0
 1157 0025 04       		.uleb128 0x4
 1158 0026 16       		.uleb128 0x16
 1159 0027 00       		.byte	0
 1160 0028 03       		.uleb128 0x3
 1161 0029 0E       		.uleb128 0xe
 1162 002a 3A       		.uleb128 0x3a
 1163 002b 0B       		.uleb128 0xb
 1164 002c 3B       		.uleb128 0x3b
 1165 002d 05       		.uleb128 0x5
 1166 002e 49       		.uleb128 0x49
 1167 002f 13       		.uleb128 0x13
 1168 0030 00       		.byte	0
 1169 0031 00       		.byte	0
 1170 0032 05       		.uleb128 0x5
 1171 0033 0F       		.uleb128 0xf
 1172 0034 00       		.byte	0
 1173 0035 0B       		.uleb128 0xb
 1174 0036 0B       		.uleb128 0xb
 1175 0037 49       		.uleb128 0x49
 1176 0038 13       		.uleb128 0x13
 1177 0039 00       		.byte	0
 1178 003a 00       		.byte	0
 1179 003b 06       		.uleb128 0x6
 1180 003c 34       		.uleb128 0x34
 1181 003d 00       		.byte	0
 1182 003e 03       		.uleb128 0x3
 1183 003f 0E       		.uleb128 0xe
 1184 0040 3A       		.uleb128 0x3a
 1185 0041 0B       		.uleb128 0xb
 1186 0042 3B       		.uleb128 0x3b
 1187 0043 0B       		.uleb128 0xb
 1188 0044 49       		.uleb128 0x49
 1189 0045 13       		.uleb128 0x13
 1190 0046 3F       		.uleb128 0x3f
 1191 0047 19       		.uleb128 0x19
 1192 0048 02       		.uleb128 0x2
 1193 0049 18       		.uleb128 0x18
 1194 004a 00       		.byte	0
 1195 004b 00       		.byte	0
 1196 004c 07       		.uleb128 0x7
 1197 004d 01       		.uleb128 0x1
ARM GAS  C:\Users\RECEPC~1\AppData\Local\Temp\ccpieNe9.s 			page 22


 1198 004e 01       		.byte	0x1
 1199 004f 49       		.uleb128 0x49
 1200 0050 13       		.uleb128 0x13
 1201 0051 01       		.uleb128 0x1
 1202 0052 13       		.uleb128 0x13
 1203 0053 00       		.byte	0
 1204 0054 00       		.byte	0
 1205 0055 08       		.uleb128 0x8
 1206 0056 21       		.uleb128 0x21
 1207 0057 00       		.byte	0
 1208 0058 49       		.uleb128 0x49
 1209 0059 13       		.uleb128 0x13
 1210 005a 2F       		.uleb128 0x2f
 1211 005b 05       		.uleb128 0x5
 1212 005c 00       		.byte	0
 1213 005d 00       		.byte	0
 1214 005e 09       		.uleb128 0x9
 1215 005f 26       		.uleb128 0x26
 1216 0060 00       		.byte	0
 1217 0061 49       		.uleb128 0x49
 1218 0062 13       		.uleb128 0x13
 1219 0063 00       		.byte	0
 1220 0064 00       		.byte	0
 1221 0065 00       		.byte	0
 1222              		.section	.debug_aranges,"",%progbits
 1223 0000 14000000 		.4byte	0x14
 1224 0004 0200     		.2byte	0x2
 1225 0006 00000000 		.4byte	.Ldebug_info0
 1226 000a 04       		.byte	0x4
 1227 000b 00       		.byte	0
 1228 000c 0000     		.2byte	0
 1229 000e 0000     		.2byte	0
 1230 0010 00000000 		.4byte	0
 1231 0014 00000000 		.4byte	0
 1232              		.section	.debug_line,"",%progbits
 1233              	.Ldebug_line0:
 1234 0000 56000000 		.section	.debug_str,"MS",%progbits,1
 1234      02005000 
 1234      00000201 
 1234      FB0E0D00 
 1234      01010101 
 1235              	.LASF6:
 1236 0000 6C6F6E67 		.ascii	"long long int\000"
 1236      206C6F6E 
 1236      6720696E 
 1236      7400
 1237              	.LASF8:
 1238 000e 756E7369 		.ascii	"unsigned int\000"
 1238      676E6564 
 1238      20696E74 
 1238      00
 1239              	.LASF9:
 1240 001b 75696E74 		.ascii	"uint8\000"
 1240      3800
 1241              	.LASF5:
 1242 0021 6C6F6E67 		.ascii	"long unsigned int\000"
 1242      20756E73 
ARM GAS  C:\Users\RECEPC~1\AppData\Local\Temp\ccpieNe9.s 			page 23


 1242      69676E65 
 1242      6420696E 
 1242      7400
 1243              	.LASF7:
 1244 0033 6C6F6E67 		.ascii	"long long unsigned int\000"
 1244      206C6F6E 
 1244      6720756E 
 1244      7369676E 
 1244      65642069 
 1245              	.LASF11:
 1246 004a 666C6F61 		.ascii	"float\000"
 1246      7400
 1247              	.LASF17:
 1248 0050 5F675F63 		.ascii	"_g_currentlogo\000"
 1248      75727265 
 1248      6E746C6F 
 1248      676F00
 1249              	.LASF1:
 1250 005f 756E7369 		.ascii	"unsigned char\000"
 1250      676E6564 
 1250      20636861 
 1250      7200
 1251              	.LASF19:
 1252 006d 5F675F70 		.ascii	"_g_ptrlogo\000"
 1252      74726C6F 
 1252      676F00
 1253              	.LASF13:
 1254 0078 63686172 		.ascii	"char\000"
 1254      00
 1255              	.LASF4:
 1256 007d 6C6F6E67 		.ascii	"long int\000"
 1256      20696E74 
 1256      00
 1257              	.LASF20:
 1258 0086 474E5520 		.ascii	"GNU C 4.9.3 20150303 (release) [ARM/embedded-4_9-br"
 1258      4320342E 
 1258      392E3320 
 1258      32303135 
 1258      30333033 
 1259 00b9 616E6368 		.ascii	"anch revision 221220] -mcpu=cortex-m3 -mthumb -g -O"
 1259      20726576 
 1259      6973696F 
 1259      6E203232 
 1259      31323230 
 1260 00ec 30202D66 		.ascii	"0 -ffunction-sections -ffat-lto-objects\000"
 1260      66756E63 
 1260      74696F6E 
 1260      2D736563 
 1260      74696F6E 
 1261              	.LASF12:
 1262 0114 646F7562 		.ascii	"double\000"
 1262      6C6500
 1263              	.LASF16:
 1264 011b 5F675F73 		.ascii	"_g_stationidentifier\000"
 1264      74617469 
 1264      6F6E6964 
 1264      656E7469 
ARM GAS  C:\Users\RECEPC~1\AppData\Local\Temp\ccpieNe9.s 			page 24


 1264      66696572 
 1265              	.LASF3:
 1266 0130 73686F72 		.ascii	"short unsigned int\000"
 1266      7420756E 
 1266      7369676E 
 1266      65642069 
 1266      6E7400
 1267              	.LASF0:
 1268 0143 7369676E 		.ascii	"signed char\000"
 1268      65642063 
 1268      68617200 
 1269              	.LASF22:
 1270 014f 433A5C54 		.ascii	"C:\\TeamInsepet\\NSX-Prime\\Hardware\\CorEx-MUX-Ker"
 1270      65616D49 
 1270      6E736570 
 1270      65745C4E 
 1270      53582D50 
 1271 017e 6E656C2D 		.ascii	"nel-Enhanced\\Workspace01\\CorEx-Mux-Kernel.cydsn\000"
 1271      456E6861 
 1271      6E636564 
 1271      5C576F72 
 1271      6B737061 
 1272              	.LASF18:
 1273 01ae 5F675F6C 		.ascii	"_g_logosize\000"
 1273      6F676F73 
 1273      697A6500 
 1274              	.LASF15:
 1275 01ba 6C6F6E67 		.ascii	"long double\000"
 1275      20646F75 
 1275      626C6500 
 1276              	.LASF2:
 1277 01c6 73686F72 		.ascii	"short int\000"
 1277      7420696E 
 1277      7400
 1278              	.LASF10:
 1279 01d0 75696E74 		.ascii	"uint16\000"
 1279      313600
 1280              	.LASF21:
 1281 01d7 2E5C436C 		.ascii	".\\ClientDefinitions.c\000"
 1281      69656E74 
 1281      44656669 
 1281      6E697469 
 1281      6F6E732E 
 1282              	.LASF14:
 1283 01ed 73697A65 		.ascii	"sizetype\000"
 1283      74797065 
 1283      00
 1284              		.ident	"GCC: (GNU Tools for ARM Embedded Processors) 4.9.3 20150303 (release) [ARM/embedded-4_9-br
