ARM GAS  C:\Users\Lenovo\AppData\Local\Temp\ccxtWmW7.s 			page 1


   1              		.syntax unified
   2              		.cpu cortex-m3
   3              		.fpu softvfp
   4              		.eabi_attribute 20, 1
   5              		.eabi_attribute 21, 1
   6              		.eabi_attribute 23, 3
   7              		.eabi_attribute 24, 1
   8              		.eabi_attribute 25, 1
   9              		.eabi_attribute 26, 1
  10              		.eabi_attribute 30, 6
  11              		.eabi_attribute 34, 1
  12              		.eabi_attribute 18, 4
  13              		.thumb
  14              		.file	"Counter_ISR.c"
  15              		.text
  16              	.Ltext0:
  17              		.cfi_sections	.debug_frame
  18              		.section	.text.Counter_ISR_Start,"ax",%progbits
  19              		.align	2
  20              		.global	Counter_ISR_Start
  21              		.thumb
  22              		.thumb_func
  23              		.type	Counter_ISR_Start, %function
  24              	Counter_ISR_Start:
  25              	.LFB0:
  26              		.file 1 ".\\Generated_Source\\PSoC5\\Counter_ISR.c"
   1:.\Generated_Source\PSoC5/Counter_ISR.c **** /*******************************************************************************
   2:.\Generated_Source\PSoC5/Counter_ISR.c **** * File Name: Counter_ISR.c  
   3:.\Generated_Source\PSoC5/Counter_ISR.c **** * Version 1.70
   4:.\Generated_Source\PSoC5/Counter_ISR.c **** *
   5:.\Generated_Source\PSoC5/Counter_ISR.c **** *  Description:
   6:.\Generated_Source\PSoC5/Counter_ISR.c **** *   API for controlling the state of an interrupt.
   7:.\Generated_Source\PSoC5/Counter_ISR.c **** *
   8:.\Generated_Source\PSoC5/Counter_ISR.c **** *
   9:.\Generated_Source\PSoC5/Counter_ISR.c **** *  Note:
  10:.\Generated_Source\PSoC5/Counter_ISR.c **** *
  11:.\Generated_Source\PSoC5/Counter_ISR.c **** ********************************************************************************
  12:.\Generated_Source\PSoC5/Counter_ISR.c **** * Copyright 2008-2015, Cypress Semiconductor Corporation.  All rights reserved.
  13:.\Generated_Source\PSoC5/Counter_ISR.c **** * You may use this file only in accordance with the license, terms, conditions, 
  14:.\Generated_Source\PSoC5/Counter_ISR.c **** * disclaimers, and limitations in the end user license agreement accompanying 
  15:.\Generated_Source\PSoC5/Counter_ISR.c **** * the software package with which this file was provided.
  16:.\Generated_Source\PSoC5/Counter_ISR.c **** *******************************************************************************/
  17:.\Generated_Source\PSoC5/Counter_ISR.c **** 
  18:.\Generated_Source\PSoC5/Counter_ISR.c **** 
  19:.\Generated_Source\PSoC5/Counter_ISR.c **** #include <cydevice_trm.h>
  20:.\Generated_Source\PSoC5/Counter_ISR.c **** #include <CyLib.h>
  21:.\Generated_Source\PSoC5/Counter_ISR.c **** #include <Counter_ISR.h>
  22:.\Generated_Source\PSoC5/Counter_ISR.c **** #include "cyapicallbacks.h"
  23:.\Generated_Source\PSoC5/Counter_ISR.c **** 
  24:.\Generated_Source\PSoC5/Counter_ISR.c **** #if !defined(Counter_ISR__REMOVED) /* Check for removal by optimization */
  25:.\Generated_Source\PSoC5/Counter_ISR.c **** 
  26:.\Generated_Source\PSoC5/Counter_ISR.c **** /*******************************************************************************
  27:.\Generated_Source\PSoC5/Counter_ISR.c **** *  Place your includes, defines and code here 
  28:.\Generated_Source\PSoC5/Counter_ISR.c **** ********************************************************************************/
  29:.\Generated_Source\PSoC5/Counter_ISR.c **** /* `#START Counter_ISR_intc` */
  30:.\Generated_Source\PSoC5/Counter_ISR.c **** 
  31:.\Generated_Source\PSoC5/Counter_ISR.c **** #include "SinkManager.h"
ARM GAS  C:\Users\Lenovo\AppData\Local\Temp\ccxtWmW7.s 			page 2


  32:.\Generated_Source\PSoC5/Counter_ISR.c **** #include "SinkObservables.h"
  33:.\Generated_Source\PSoC5/Counter_ISR.c **** 
  34:.\Generated_Source\PSoC5/Counter_ISR.c **** #include "iButton2.h"
  35:.\Generated_Source\PSoC5/Counter_ISR.c ****     
  36:.\Generated_Source\PSoC5/Counter_ISR.c **** /* `#END` */
  37:.\Generated_Source\PSoC5/Counter_ISR.c **** 
  38:.\Generated_Source\PSoC5/Counter_ISR.c **** #ifndef CYINT_IRQ_BASE
  39:.\Generated_Source\PSoC5/Counter_ISR.c **** #define CYINT_IRQ_BASE      16
  40:.\Generated_Source\PSoC5/Counter_ISR.c **** #endif /* CYINT_IRQ_BASE */
  41:.\Generated_Source\PSoC5/Counter_ISR.c **** #ifndef CYINT_VECT_TABLE
  42:.\Generated_Source\PSoC5/Counter_ISR.c **** #define CYINT_VECT_TABLE    ((cyisraddress **) CYREG_NVIC_VECT_OFFSET)
  43:.\Generated_Source\PSoC5/Counter_ISR.c **** #endif /* CYINT_VECT_TABLE */
  44:.\Generated_Source\PSoC5/Counter_ISR.c **** 
  45:.\Generated_Source\PSoC5/Counter_ISR.c **** /* Declared in startup, used to set unused interrupts to. */
  46:.\Generated_Source\PSoC5/Counter_ISR.c **** CY_ISR_PROTO(IntDefaultHandler);
  47:.\Generated_Source\PSoC5/Counter_ISR.c **** 
  48:.\Generated_Source\PSoC5/Counter_ISR.c **** 
  49:.\Generated_Source\PSoC5/Counter_ISR.c **** /*******************************************************************************
  50:.\Generated_Source\PSoC5/Counter_ISR.c **** * Function Name: Counter_ISR_Start
  51:.\Generated_Source\PSoC5/Counter_ISR.c **** ********************************************************************************
  52:.\Generated_Source\PSoC5/Counter_ISR.c **** *
  53:.\Generated_Source\PSoC5/Counter_ISR.c **** * Summary:
  54:.\Generated_Source\PSoC5/Counter_ISR.c **** *  Set up the interrupt and enable it. This function disables the interrupt, 
  55:.\Generated_Source\PSoC5/Counter_ISR.c **** *  sets the default interrupt vector, sets the priority from the value in the
  56:.\Generated_Source\PSoC5/Counter_ISR.c **** *  Design Wide Resources Interrupt Editor, then enables the interrupt to the 
  57:.\Generated_Source\PSoC5/Counter_ISR.c **** *  interrupt controller.
  58:.\Generated_Source\PSoC5/Counter_ISR.c **** *
  59:.\Generated_Source\PSoC5/Counter_ISR.c **** * Parameters:  
  60:.\Generated_Source\PSoC5/Counter_ISR.c **** *   None
  61:.\Generated_Source\PSoC5/Counter_ISR.c **** *
  62:.\Generated_Source\PSoC5/Counter_ISR.c **** * Return:
  63:.\Generated_Source\PSoC5/Counter_ISR.c **** *   None
  64:.\Generated_Source\PSoC5/Counter_ISR.c **** *
  65:.\Generated_Source\PSoC5/Counter_ISR.c **** *******************************************************************************/
  66:.\Generated_Source\PSoC5/Counter_ISR.c **** void Counter_ISR_Start(void)
  67:.\Generated_Source\PSoC5/Counter_ISR.c **** {
  27              		.loc 1 67 0
  28              		.cfi_startproc
  29              		@ args = 0, pretend = 0, frame = 0
  30              		@ frame_needed = 1, uses_anonymous_args = 0
  31 0000 80B5     		push	{r7, lr}
  32              		.cfi_def_cfa_offset 8
  33              		.cfi_offset 7, -8
  34              		.cfi_offset 14, -4
  35 0002 00AF     		add	r7, sp, #0
  36              		.cfi_def_cfa_register 7
  68:.\Generated_Source\PSoC5/Counter_ISR.c ****     /* For all we know the interrupt is active. */
  69:.\Generated_Source\PSoC5/Counter_ISR.c ****     Counter_ISR_Disable();
  37              		.loc 1 69 0
  38 0004 FFF7FEFF 		bl	Counter_ISR_Disable
  70:.\Generated_Source\PSoC5/Counter_ISR.c **** 
  71:.\Generated_Source\PSoC5/Counter_ISR.c ****     /* Set the ISR to point to the Counter_ISR Interrupt. */
  72:.\Generated_Source\PSoC5/Counter_ISR.c ****     Counter_ISR_SetVector(&Counter_ISR_Interrupt);
  39              		.loc 1 72 0
  40 0008 0448     		ldr	r0, .L2
  41 000a FFF7FEFF 		bl	Counter_ISR_SetVector
  73:.\Generated_Source\PSoC5/Counter_ISR.c **** 
ARM GAS  C:\Users\Lenovo\AppData\Local\Temp\ccxtWmW7.s 			page 3


  74:.\Generated_Source\PSoC5/Counter_ISR.c ****     /* Set the priority. */
  75:.\Generated_Source\PSoC5/Counter_ISR.c ****     Counter_ISR_SetPriority((uint8)Counter_ISR_INTC_PRIOR_NUMBER);
  42              		.loc 1 75 0
  43 000e 0220     		movs	r0, #2
  44 0010 FFF7FEFF 		bl	Counter_ISR_SetPriority
  76:.\Generated_Source\PSoC5/Counter_ISR.c **** 
  77:.\Generated_Source\PSoC5/Counter_ISR.c ****     /* Enable it. */
  78:.\Generated_Source\PSoC5/Counter_ISR.c ****     Counter_ISR_Enable();
  45              		.loc 1 78 0
  46 0014 FFF7FEFF 		bl	Counter_ISR_Enable
  79:.\Generated_Source\PSoC5/Counter_ISR.c **** }
  47              		.loc 1 79 0
  48 0018 80BD     		pop	{r7, pc}
  49              	.L3:
  50 001a 00BF     		.align	2
  51              	.L2:
  52 001c 00000000 		.word	Counter_ISR_Interrupt
  53              		.cfi_endproc
  54              	.LFE0:
  55              		.size	Counter_ISR_Start, .-Counter_ISR_Start
  56              		.section	.text.Counter_ISR_StartEx,"ax",%progbits
  57              		.align	2
  58              		.global	Counter_ISR_StartEx
  59              		.thumb
  60              		.thumb_func
  61              		.type	Counter_ISR_StartEx, %function
  62              	Counter_ISR_StartEx:
  63              	.LFB1:
  80:.\Generated_Source\PSoC5/Counter_ISR.c **** 
  81:.\Generated_Source\PSoC5/Counter_ISR.c **** 
  82:.\Generated_Source\PSoC5/Counter_ISR.c **** /*******************************************************************************
  83:.\Generated_Source\PSoC5/Counter_ISR.c **** * Function Name: Counter_ISR_StartEx
  84:.\Generated_Source\PSoC5/Counter_ISR.c **** ********************************************************************************
  85:.\Generated_Source\PSoC5/Counter_ISR.c **** *
  86:.\Generated_Source\PSoC5/Counter_ISR.c **** * Summary:
  87:.\Generated_Source\PSoC5/Counter_ISR.c **** *  Sets up the interrupt and enables it. This function disables the interrupt,
  88:.\Generated_Source\PSoC5/Counter_ISR.c **** *  sets the interrupt vector based on the address passed in, sets the priority 
  89:.\Generated_Source\PSoC5/Counter_ISR.c **** *  from the value in the Design Wide Resources Interrupt Editor, then enables 
  90:.\Generated_Source\PSoC5/Counter_ISR.c **** *  the interrupt to the interrupt controller.
  91:.\Generated_Source\PSoC5/Counter_ISR.c **** *  
  92:.\Generated_Source\PSoC5/Counter_ISR.c **** *  When defining ISR functions, the CY_ISR and CY_ISR_PROTO macros should be 
  93:.\Generated_Source\PSoC5/Counter_ISR.c **** *  used to provide consistent definition across compilers:
  94:.\Generated_Source\PSoC5/Counter_ISR.c **** *  
  95:.\Generated_Source\PSoC5/Counter_ISR.c **** *  Function definition example:
  96:.\Generated_Source\PSoC5/Counter_ISR.c **** *   CY_ISR(MyISR)
  97:.\Generated_Source\PSoC5/Counter_ISR.c **** *   {
  98:.\Generated_Source\PSoC5/Counter_ISR.c **** *   }
  99:.\Generated_Source\PSoC5/Counter_ISR.c **** *   Function prototype example:
 100:.\Generated_Source\PSoC5/Counter_ISR.c **** *   CY_ISR_PROTO(MyISR);
 101:.\Generated_Source\PSoC5/Counter_ISR.c **** *
 102:.\Generated_Source\PSoC5/Counter_ISR.c **** * Parameters:  
 103:.\Generated_Source\PSoC5/Counter_ISR.c **** *   address: Address of the ISR to set in the interrupt vector table.
 104:.\Generated_Source\PSoC5/Counter_ISR.c **** *
 105:.\Generated_Source\PSoC5/Counter_ISR.c **** * Return:
 106:.\Generated_Source\PSoC5/Counter_ISR.c **** *   None
 107:.\Generated_Source\PSoC5/Counter_ISR.c **** *
 108:.\Generated_Source\PSoC5/Counter_ISR.c **** *******************************************************************************/
ARM GAS  C:\Users\Lenovo\AppData\Local\Temp\ccxtWmW7.s 			page 4


 109:.\Generated_Source\PSoC5/Counter_ISR.c **** void Counter_ISR_StartEx(cyisraddress address)
 110:.\Generated_Source\PSoC5/Counter_ISR.c **** {
  64              		.loc 1 110 0
  65              		.cfi_startproc
  66              		@ args = 0, pretend = 0, frame = 8
  67              		@ frame_needed = 1, uses_anonymous_args = 0
  68 0000 80B5     		push	{r7, lr}
  69              		.cfi_def_cfa_offset 8
  70              		.cfi_offset 7, -8
  71              		.cfi_offset 14, -4
  72 0002 82B0     		sub	sp, sp, #8
  73              		.cfi_def_cfa_offset 16
  74 0004 00AF     		add	r7, sp, #0
  75              		.cfi_def_cfa_register 7
  76 0006 7860     		str	r0, [r7, #4]
 111:.\Generated_Source\PSoC5/Counter_ISR.c ****     /* For all we know the interrupt is active. */
 112:.\Generated_Source\PSoC5/Counter_ISR.c ****     Counter_ISR_Disable();
  77              		.loc 1 112 0
  78 0008 FFF7FEFF 		bl	Counter_ISR_Disable
 113:.\Generated_Source\PSoC5/Counter_ISR.c **** 
 114:.\Generated_Source\PSoC5/Counter_ISR.c ****     /* Set the ISR to point to the Counter_ISR Interrupt. */
 115:.\Generated_Source\PSoC5/Counter_ISR.c ****     Counter_ISR_SetVector(address);
  79              		.loc 1 115 0
  80 000c 7868     		ldr	r0, [r7, #4]
  81 000e FFF7FEFF 		bl	Counter_ISR_SetVector
 116:.\Generated_Source\PSoC5/Counter_ISR.c **** 
 117:.\Generated_Source\PSoC5/Counter_ISR.c ****     /* Set the priority. */
 118:.\Generated_Source\PSoC5/Counter_ISR.c ****     Counter_ISR_SetPriority((uint8)Counter_ISR_INTC_PRIOR_NUMBER);
  82              		.loc 1 118 0
  83 0012 0220     		movs	r0, #2
  84 0014 FFF7FEFF 		bl	Counter_ISR_SetPriority
 119:.\Generated_Source\PSoC5/Counter_ISR.c **** 
 120:.\Generated_Source\PSoC5/Counter_ISR.c ****     /* Enable it. */
 121:.\Generated_Source\PSoC5/Counter_ISR.c ****     Counter_ISR_Enable();
  85              		.loc 1 121 0
  86 0018 FFF7FEFF 		bl	Counter_ISR_Enable
 122:.\Generated_Source\PSoC5/Counter_ISR.c **** }
  87              		.loc 1 122 0
  88 001c 0837     		adds	r7, r7, #8
  89              		.cfi_def_cfa_offset 8
  90 001e BD46     		mov	sp, r7
  91              		.cfi_def_cfa_register 13
  92              		@ sp needed
  93 0020 80BD     		pop	{r7, pc}
  94              		.cfi_endproc
  95              	.LFE1:
  96              		.size	Counter_ISR_StartEx, .-Counter_ISR_StartEx
  97 0022 00BF     		.section	.text.Counter_ISR_Stop,"ax",%progbits
  98              		.align	2
  99              		.global	Counter_ISR_Stop
 100              		.thumb
 101              		.thumb_func
 102              		.type	Counter_ISR_Stop, %function
 103              	Counter_ISR_Stop:
 104              	.LFB2:
 123:.\Generated_Source\PSoC5/Counter_ISR.c **** 
 124:.\Generated_Source\PSoC5/Counter_ISR.c **** 
ARM GAS  C:\Users\Lenovo\AppData\Local\Temp\ccxtWmW7.s 			page 5


 125:.\Generated_Source\PSoC5/Counter_ISR.c **** /*******************************************************************************
 126:.\Generated_Source\PSoC5/Counter_ISR.c **** * Function Name: Counter_ISR_Stop
 127:.\Generated_Source\PSoC5/Counter_ISR.c **** ********************************************************************************
 128:.\Generated_Source\PSoC5/Counter_ISR.c **** *
 129:.\Generated_Source\PSoC5/Counter_ISR.c **** * Summary:
 130:.\Generated_Source\PSoC5/Counter_ISR.c **** *   Disables and removes the interrupt.
 131:.\Generated_Source\PSoC5/Counter_ISR.c **** *
 132:.\Generated_Source\PSoC5/Counter_ISR.c **** * Parameters:  
 133:.\Generated_Source\PSoC5/Counter_ISR.c **** *   None
 134:.\Generated_Source\PSoC5/Counter_ISR.c **** *
 135:.\Generated_Source\PSoC5/Counter_ISR.c **** * Return:
 136:.\Generated_Source\PSoC5/Counter_ISR.c **** *   None
 137:.\Generated_Source\PSoC5/Counter_ISR.c **** *
 138:.\Generated_Source\PSoC5/Counter_ISR.c **** *******************************************************************************/
 139:.\Generated_Source\PSoC5/Counter_ISR.c **** void Counter_ISR_Stop(void)
 140:.\Generated_Source\PSoC5/Counter_ISR.c **** {
 105              		.loc 1 140 0
 106              		.cfi_startproc
 107              		@ args = 0, pretend = 0, frame = 0
 108              		@ frame_needed = 1, uses_anonymous_args = 0
 109 0000 80B5     		push	{r7, lr}
 110              		.cfi_def_cfa_offset 8
 111              		.cfi_offset 7, -8
 112              		.cfi_offset 14, -4
 113 0002 00AF     		add	r7, sp, #0
 114              		.cfi_def_cfa_register 7
 141:.\Generated_Source\PSoC5/Counter_ISR.c ****     /* Disable this interrupt. */
 142:.\Generated_Source\PSoC5/Counter_ISR.c ****     Counter_ISR_Disable();
 115              		.loc 1 142 0
 116 0004 FFF7FEFF 		bl	Counter_ISR_Disable
 143:.\Generated_Source\PSoC5/Counter_ISR.c **** 
 144:.\Generated_Source\PSoC5/Counter_ISR.c ****     /* Set the ISR to point to the passive one. */
 145:.\Generated_Source\PSoC5/Counter_ISR.c ****     Counter_ISR_SetVector(&IntDefaultHandler);
 117              		.loc 1 145 0
 118 0008 0148     		ldr	r0, .L6
 119 000a FFF7FEFF 		bl	Counter_ISR_SetVector
 146:.\Generated_Source\PSoC5/Counter_ISR.c **** }
 120              		.loc 1 146 0
 121 000e 80BD     		pop	{r7, pc}
 122              	.L7:
 123              		.align	2
 124              	.L6:
 125 0010 00000000 		.word	IntDefaultHandler
 126              		.cfi_endproc
 127              	.LFE2:
 128              		.size	Counter_ISR_Stop, .-Counter_ISR_Stop
 129              		.section	.text.Counter_ISR_Interrupt,"ax",%progbits
 130              		.align	2
 131              		.global	Counter_ISR_Interrupt
 132              		.thumb
 133              		.thumb_func
 134              		.type	Counter_ISR_Interrupt, %function
 135              	Counter_ISR_Interrupt:
 136              	.LFB3:
 147:.\Generated_Source\PSoC5/Counter_ISR.c **** 
 148:.\Generated_Source\PSoC5/Counter_ISR.c **** 
 149:.\Generated_Source\PSoC5/Counter_ISR.c **** /*******************************************************************************
ARM GAS  C:\Users\Lenovo\AppData\Local\Temp\ccxtWmW7.s 			page 6


 150:.\Generated_Source\PSoC5/Counter_ISR.c **** * Function Name: Counter_ISR_Interrupt
 151:.\Generated_Source\PSoC5/Counter_ISR.c **** ********************************************************************************
 152:.\Generated_Source\PSoC5/Counter_ISR.c **** *
 153:.\Generated_Source\PSoC5/Counter_ISR.c **** * Summary:
 154:.\Generated_Source\PSoC5/Counter_ISR.c **** *   The default Interrupt Service Routine for Counter_ISR.
 155:.\Generated_Source\PSoC5/Counter_ISR.c **** *
 156:.\Generated_Source\PSoC5/Counter_ISR.c **** *   Add custom code between the coments to keep the next version of this file
 157:.\Generated_Source\PSoC5/Counter_ISR.c **** *   from over writting your code.
 158:.\Generated_Source\PSoC5/Counter_ISR.c **** *
 159:.\Generated_Source\PSoC5/Counter_ISR.c **** * Parameters:  
 160:.\Generated_Source\PSoC5/Counter_ISR.c **** *
 161:.\Generated_Source\PSoC5/Counter_ISR.c **** * Return:
 162:.\Generated_Source\PSoC5/Counter_ISR.c **** *   None
 163:.\Generated_Source\PSoC5/Counter_ISR.c **** *
 164:.\Generated_Source\PSoC5/Counter_ISR.c **** *******************************************************************************/
 165:.\Generated_Source\PSoC5/Counter_ISR.c **** CY_ISR(Counter_ISR_Interrupt)
 166:.\Generated_Source\PSoC5/Counter_ISR.c **** {
 137              		.loc 1 166 0
 138              		.cfi_startproc
 139              		@ args = 0, pretend = 0, frame = 0
 140              		@ frame_needed = 1, uses_anonymous_args = 0
 141              		@ link register save eliminated.
 142 0000 80B4     		push	{r7}
 143              		.cfi_def_cfa_offset 4
 144              		.cfi_offset 7, -4
 145 0002 00AF     		add	r7, sp, #0
 146              		.cfi_def_cfa_register 7
 167:.\Generated_Source\PSoC5/Counter_ISR.c ****     #ifdef Counter_ISR_INTERRUPT_INTERRUPT_CALLBACK
 168:.\Generated_Source\PSoC5/Counter_ISR.c ****         Counter_ISR_Interrupt_InterruptCallback();
 169:.\Generated_Source\PSoC5/Counter_ISR.c ****     #endif /* Counter_ISR_INTERRUPT_INTERRUPT_CALLBACK */ 
 170:.\Generated_Source\PSoC5/Counter_ISR.c **** 
 171:.\Generated_Source\PSoC5/Counter_ISR.c ****     /*  Place your Interrupt code here. */
 172:.\Generated_Source\PSoC5/Counter_ISR.c ****     /* `#START Counter_ISR_Interrupt` */
 173:.\Generated_Source\PSoC5/Counter_ISR.c ****     
 174:.\Generated_Source\PSoC5/Counter_ISR.c ****         
 175:.\Generated_Source\PSoC5/Counter_ISR.c ****     /* `#END` */
 176:.\Generated_Source\PSoC5/Counter_ISR.c **** }
 147              		.loc 1 176 0
 148 0004 BD46     		mov	sp, r7
 149              		.cfi_def_cfa_register 13
 150              		@ sp needed
 151 0006 5DF8047B 		ldr	r7, [sp], #4
 152              		.cfi_restore 7
 153              		.cfi_def_cfa_offset 0
 154 000a 7047     		bx	lr
 155              		.cfi_endproc
 156              	.LFE3:
 157              		.size	Counter_ISR_Interrupt, .-Counter_ISR_Interrupt
 158              		.section	.text.Counter_ISR_SetVector,"ax",%progbits
 159              		.align	2
 160              		.global	Counter_ISR_SetVector
 161              		.thumb
 162              		.thumb_func
 163              		.type	Counter_ISR_SetVector, %function
 164              	Counter_ISR_SetVector:
 165              	.LFB4:
 177:.\Generated_Source\PSoC5/Counter_ISR.c **** 
ARM GAS  C:\Users\Lenovo\AppData\Local\Temp\ccxtWmW7.s 			page 7


 178:.\Generated_Source\PSoC5/Counter_ISR.c **** 
 179:.\Generated_Source\PSoC5/Counter_ISR.c **** /*******************************************************************************
 180:.\Generated_Source\PSoC5/Counter_ISR.c **** * Function Name: Counter_ISR_SetVector
 181:.\Generated_Source\PSoC5/Counter_ISR.c **** ********************************************************************************
 182:.\Generated_Source\PSoC5/Counter_ISR.c **** *
 183:.\Generated_Source\PSoC5/Counter_ISR.c **** * Summary:
 184:.\Generated_Source\PSoC5/Counter_ISR.c **** *   Change the ISR vector for the Interrupt. Note calling Counter_ISR_Start
 185:.\Generated_Source\PSoC5/Counter_ISR.c **** *   will override any effect this method would have had. To set the vector 
 186:.\Generated_Source\PSoC5/Counter_ISR.c **** *   before the component has been started use Counter_ISR_StartEx instead.
 187:.\Generated_Source\PSoC5/Counter_ISR.c **** * 
 188:.\Generated_Source\PSoC5/Counter_ISR.c **** *   When defining ISR functions, the CY_ISR and CY_ISR_PROTO macros should be 
 189:.\Generated_Source\PSoC5/Counter_ISR.c **** *   used to provide consistent definition across compilers:
 190:.\Generated_Source\PSoC5/Counter_ISR.c **** *
 191:.\Generated_Source\PSoC5/Counter_ISR.c **** *   Function definition example:
 192:.\Generated_Source\PSoC5/Counter_ISR.c **** *   CY_ISR(MyISR)
 193:.\Generated_Source\PSoC5/Counter_ISR.c **** *   {
 194:.\Generated_Source\PSoC5/Counter_ISR.c **** *   }
 195:.\Generated_Source\PSoC5/Counter_ISR.c **** *
 196:.\Generated_Source\PSoC5/Counter_ISR.c **** *   Function prototype example:
 197:.\Generated_Source\PSoC5/Counter_ISR.c **** *     CY_ISR_PROTO(MyISR);
 198:.\Generated_Source\PSoC5/Counter_ISR.c **** *
 199:.\Generated_Source\PSoC5/Counter_ISR.c **** * Parameters:
 200:.\Generated_Source\PSoC5/Counter_ISR.c **** *   address: Address of the ISR to set in the interrupt vector table.
 201:.\Generated_Source\PSoC5/Counter_ISR.c **** *
 202:.\Generated_Source\PSoC5/Counter_ISR.c **** * Return:
 203:.\Generated_Source\PSoC5/Counter_ISR.c **** *   None
 204:.\Generated_Source\PSoC5/Counter_ISR.c **** *
 205:.\Generated_Source\PSoC5/Counter_ISR.c **** *******************************************************************************/
 206:.\Generated_Source\PSoC5/Counter_ISR.c **** void Counter_ISR_SetVector(cyisraddress address)
 207:.\Generated_Source\PSoC5/Counter_ISR.c **** {
 166              		.loc 1 207 0
 167              		.cfi_startproc
 168              		@ args = 0, pretend = 0, frame = 16
 169              		@ frame_needed = 1, uses_anonymous_args = 0
 170              		@ link register save eliminated.
 171 0000 80B4     		push	{r7}
 172              		.cfi_def_cfa_offset 4
 173              		.cfi_offset 7, -4
 174 0002 85B0     		sub	sp, sp, #20
 175              		.cfi_def_cfa_offset 24
 176 0004 00AF     		add	r7, sp, #0
 177              		.cfi_def_cfa_register 7
 178 0006 7860     		str	r0, [r7, #4]
 208:.\Generated_Source\PSoC5/Counter_ISR.c ****     cyisraddress * ramVectorTable;
 209:.\Generated_Source\PSoC5/Counter_ISR.c **** 
 210:.\Generated_Source\PSoC5/Counter_ISR.c ****     ramVectorTable = (cyisraddress *) *CYINT_VECT_TABLE;
 179              		.loc 1 210 0
 180 0008 054B     		ldr	r3, .L10
 181 000a 1B68     		ldr	r3, [r3]
 182 000c FB60     		str	r3, [r7, #12]
 211:.\Generated_Source\PSoC5/Counter_ISR.c **** 
 212:.\Generated_Source\PSoC5/Counter_ISR.c ****     ramVectorTable[CYINT_IRQ_BASE + (uint32)Counter_ISR__INTC_NUMBER] = address;
 183              		.loc 1 212 0
 184 000e FB68     		ldr	r3, [r7, #12]
 185 0010 8433     		adds	r3, r3, #132
 186 0012 7A68     		ldr	r2, [r7, #4]
 187 0014 1A60     		str	r2, [r3]
ARM GAS  C:\Users\Lenovo\AppData\Local\Temp\ccxtWmW7.s 			page 8


 213:.\Generated_Source\PSoC5/Counter_ISR.c **** }
 188              		.loc 1 213 0
 189 0016 1437     		adds	r7, r7, #20
 190              		.cfi_def_cfa_offset 4
 191 0018 BD46     		mov	sp, r7
 192              		.cfi_def_cfa_register 13
 193              		@ sp needed
 194 001a 5DF8047B 		ldr	r7, [sp], #4
 195              		.cfi_restore 7
 196              		.cfi_def_cfa_offset 0
 197 001e 7047     		bx	lr
 198              	.L11:
 199              		.align	2
 200              	.L10:
 201 0020 08ED00E0 		.word	-536810232
 202              		.cfi_endproc
 203              	.LFE4:
 204              		.size	Counter_ISR_SetVector, .-Counter_ISR_SetVector
 205              		.section	.text.Counter_ISR_GetVector,"ax",%progbits
 206              		.align	2
 207              		.global	Counter_ISR_GetVector
 208              		.thumb
 209              		.thumb_func
 210              		.type	Counter_ISR_GetVector, %function
 211              	Counter_ISR_GetVector:
 212              	.LFB5:
 214:.\Generated_Source\PSoC5/Counter_ISR.c **** 
 215:.\Generated_Source\PSoC5/Counter_ISR.c **** 
 216:.\Generated_Source\PSoC5/Counter_ISR.c **** /*******************************************************************************
 217:.\Generated_Source\PSoC5/Counter_ISR.c **** * Function Name: Counter_ISR_GetVector
 218:.\Generated_Source\PSoC5/Counter_ISR.c **** ********************************************************************************
 219:.\Generated_Source\PSoC5/Counter_ISR.c **** *
 220:.\Generated_Source\PSoC5/Counter_ISR.c **** * Summary:
 221:.\Generated_Source\PSoC5/Counter_ISR.c **** *   Gets the "address" of the current ISR vector for the Interrupt.
 222:.\Generated_Source\PSoC5/Counter_ISR.c **** *
 223:.\Generated_Source\PSoC5/Counter_ISR.c **** * Parameters:
 224:.\Generated_Source\PSoC5/Counter_ISR.c **** *   None
 225:.\Generated_Source\PSoC5/Counter_ISR.c **** *
 226:.\Generated_Source\PSoC5/Counter_ISR.c **** * Return:
 227:.\Generated_Source\PSoC5/Counter_ISR.c **** *   Address of the ISR in the interrupt vector table.
 228:.\Generated_Source\PSoC5/Counter_ISR.c **** *
 229:.\Generated_Source\PSoC5/Counter_ISR.c **** *******************************************************************************/
 230:.\Generated_Source\PSoC5/Counter_ISR.c **** cyisraddress Counter_ISR_GetVector(void)
 231:.\Generated_Source\PSoC5/Counter_ISR.c **** {
 213              		.loc 1 231 0
 214              		.cfi_startproc
 215              		@ args = 0, pretend = 0, frame = 8
 216              		@ frame_needed = 1, uses_anonymous_args = 0
 217              		@ link register save eliminated.
 218 0000 80B4     		push	{r7}
 219              		.cfi_def_cfa_offset 4
 220              		.cfi_offset 7, -4
 221 0002 83B0     		sub	sp, sp, #12
 222              		.cfi_def_cfa_offset 16
 223 0004 00AF     		add	r7, sp, #0
 224              		.cfi_def_cfa_register 7
 232:.\Generated_Source\PSoC5/Counter_ISR.c ****     cyisraddress * ramVectorTable;
ARM GAS  C:\Users\Lenovo\AppData\Local\Temp\ccxtWmW7.s 			page 9


 233:.\Generated_Source\PSoC5/Counter_ISR.c **** 
 234:.\Generated_Source\PSoC5/Counter_ISR.c ****     ramVectorTable = (cyisraddress *) *CYINT_VECT_TABLE;
 225              		.loc 1 234 0
 226 0006 064B     		ldr	r3, .L14
 227 0008 1B68     		ldr	r3, [r3]
 228 000a 7B60     		str	r3, [r7, #4]
 235:.\Generated_Source\PSoC5/Counter_ISR.c **** 
 236:.\Generated_Source\PSoC5/Counter_ISR.c ****     return ramVectorTable[CYINT_IRQ_BASE + (uint32)Counter_ISR__INTC_NUMBER];
 229              		.loc 1 236 0
 230 000c 7B68     		ldr	r3, [r7, #4]
 231 000e D3F88430 		ldr	r3, [r3, #132]
 237:.\Generated_Source\PSoC5/Counter_ISR.c **** }
 232              		.loc 1 237 0
 233 0012 1846     		mov	r0, r3
 234 0014 0C37     		adds	r7, r7, #12
 235              		.cfi_def_cfa_offset 4
 236 0016 BD46     		mov	sp, r7
 237              		.cfi_def_cfa_register 13
 238              		@ sp needed
 239 0018 5DF8047B 		ldr	r7, [sp], #4
 240              		.cfi_restore 7
 241              		.cfi_def_cfa_offset 0
 242 001c 7047     		bx	lr
 243              	.L15:
 244 001e 00BF     		.align	2
 245              	.L14:
 246 0020 08ED00E0 		.word	-536810232
 247              		.cfi_endproc
 248              	.LFE5:
 249              		.size	Counter_ISR_GetVector, .-Counter_ISR_GetVector
 250              		.section	.text.Counter_ISR_SetPriority,"ax",%progbits
 251              		.align	2
 252              		.global	Counter_ISR_SetPriority
 253              		.thumb
 254              		.thumb_func
 255              		.type	Counter_ISR_SetPriority, %function
 256              	Counter_ISR_SetPriority:
 257              	.LFB6:
 238:.\Generated_Source\PSoC5/Counter_ISR.c **** 
 239:.\Generated_Source\PSoC5/Counter_ISR.c **** 
 240:.\Generated_Source\PSoC5/Counter_ISR.c **** /*******************************************************************************
 241:.\Generated_Source\PSoC5/Counter_ISR.c **** * Function Name: Counter_ISR_SetPriority
 242:.\Generated_Source\PSoC5/Counter_ISR.c **** ********************************************************************************
 243:.\Generated_Source\PSoC5/Counter_ISR.c **** *
 244:.\Generated_Source\PSoC5/Counter_ISR.c **** * Summary:
 245:.\Generated_Source\PSoC5/Counter_ISR.c **** *   Sets the Priority of the Interrupt. 
 246:.\Generated_Source\PSoC5/Counter_ISR.c **** *
 247:.\Generated_Source\PSoC5/Counter_ISR.c **** *   Note calling Counter_ISR_Start or Counter_ISR_StartEx will 
 248:.\Generated_Source\PSoC5/Counter_ISR.c **** *   override any effect this API would have had. This API should only be called
 249:.\Generated_Source\PSoC5/Counter_ISR.c **** *   after Counter_ISR_Start or Counter_ISR_StartEx has been called. 
 250:.\Generated_Source\PSoC5/Counter_ISR.c **** *   To set the initial priority for the component, use the Design-Wide Resources
 251:.\Generated_Source\PSoC5/Counter_ISR.c **** *   Interrupt Editor.
 252:.\Generated_Source\PSoC5/Counter_ISR.c **** *
 253:.\Generated_Source\PSoC5/Counter_ISR.c **** *   Note This API has no effect on Non-maskable interrupt NMI).
 254:.\Generated_Source\PSoC5/Counter_ISR.c **** *
 255:.\Generated_Source\PSoC5/Counter_ISR.c **** * Parameters:
 256:.\Generated_Source\PSoC5/Counter_ISR.c **** *   priority: Priority of the interrupt, 0 being the highest priority
ARM GAS  C:\Users\Lenovo\AppData\Local\Temp\ccxtWmW7.s 			page 10


 257:.\Generated_Source\PSoC5/Counter_ISR.c **** *             PSoC 3 and PSoC 5LP: Priority is from 0 to 7.
 258:.\Generated_Source\PSoC5/Counter_ISR.c **** *             PSoC 4: Priority is from 0 to 3.
 259:.\Generated_Source\PSoC5/Counter_ISR.c **** *
 260:.\Generated_Source\PSoC5/Counter_ISR.c **** * Return:
 261:.\Generated_Source\PSoC5/Counter_ISR.c **** *   None
 262:.\Generated_Source\PSoC5/Counter_ISR.c **** *
 263:.\Generated_Source\PSoC5/Counter_ISR.c **** *******************************************************************************/
 264:.\Generated_Source\PSoC5/Counter_ISR.c **** void Counter_ISR_SetPriority(uint8 priority)
 265:.\Generated_Source\PSoC5/Counter_ISR.c **** {
 258              		.loc 1 265 0
 259              		.cfi_startproc
 260              		@ args = 0, pretend = 0, frame = 8
 261              		@ frame_needed = 1, uses_anonymous_args = 0
 262              		@ link register save eliminated.
 263 0000 80B4     		push	{r7}
 264              		.cfi_def_cfa_offset 4
 265              		.cfi_offset 7, -4
 266 0002 83B0     		sub	sp, sp, #12
 267              		.cfi_def_cfa_offset 16
 268 0004 00AF     		add	r7, sp, #0
 269              		.cfi_def_cfa_register 7
 270 0006 0346     		mov	r3, r0
 271 0008 FB71     		strb	r3, [r7, #7]
 266:.\Generated_Source\PSoC5/Counter_ISR.c ****     *Counter_ISR_INTC_PRIOR = priority << 5;
 272              		.loc 1 266 0
 273 000a 054A     		ldr	r2, .L17
 274 000c FB79     		ldrb	r3, [r7, #7]
 275 000e 5B01     		lsls	r3, r3, #5
 276 0010 DBB2     		uxtb	r3, r3
 277 0012 1370     		strb	r3, [r2]
 267:.\Generated_Source\PSoC5/Counter_ISR.c **** }
 278              		.loc 1 267 0
 279 0014 0C37     		adds	r7, r7, #12
 280              		.cfi_def_cfa_offset 4
 281 0016 BD46     		mov	sp, r7
 282              		.cfi_def_cfa_register 13
 283              		@ sp needed
 284 0018 5DF8047B 		ldr	r7, [sp], #4
 285              		.cfi_restore 7
 286              		.cfi_def_cfa_offset 0
 287 001c 7047     		bx	lr
 288              	.L18:
 289 001e 00BF     		.align	2
 290              	.L17:
 291 0020 11E400E0 		.word	-536812527
 292              		.cfi_endproc
 293              	.LFE6:
 294              		.size	Counter_ISR_SetPriority, .-Counter_ISR_SetPriority
 295              		.section	.text.Counter_ISR_GetPriority,"ax",%progbits
 296              		.align	2
 297              		.global	Counter_ISR_GetPriority
 298              		.thumb
 299              		.thumb_func
 300              		.type	Counter_ISR_GetPriority, %function
 301              	Counter_ISR_GetPriority:
 302              	.LFB7:
 268:.\Generated_Source\PSoC5/Counter_ISR.c **** 
ARM GAS  C:\Users\Lenovo\AppData\Local\Temp\ccxtWmW7.s 			page 11


 269:.\Generated_Source\PSoC5/Counter_ISR.c **** 
 270:.\Generated_Source\PSoC5/Counter_ISR.c **** /*******************************************************************************
 271:.\Generated_Source\PSoC5/Counter_ISR.c **** * Function Name: Counter_ISR_GetPriority
 272:.\Generated_Source\PSoC5/Counter_ISR.c **** ********************************************************************************
 273:.\Generated_Source\PSoC5/Counter_ISR.c **** *
 274:.\Generated_Source\PSoC5/Counter_ISR.c **** * Summary:
 275:.\Generated_Source\PSoC5/Counter_ISR.c **** *   Gets the Priority of the Interrupt.
 276:.\Generated_Source\PSoC5/Counter_ISR.c **** *
 277:.\Generated_Source\PSoC5/Counter_ISR.c **** * Parameters:
 278:.\Generated_Source\PSoC5/Counter_ISR.c **** *   None
 279:.\Generated_Source\PSoC5/Counter_ISR.c **** *
 280:.\Generated_Source\PSoC5/Counter_ISR.c **** * Return:
 281:.\Generated_Source\PSoC5/Counter_ISR.c **** *   Priority of the interrupt, 0 being the highest priority
 282:.\Generated_Source\PSoC5/Counter_ISR.c **** *    PSoC 3 and PSoC 5LP: Priority is from 0 to 7.
 283:.\Generated_Source\PSoC5/Counter_ISR.c **** *    PSoC 4: Priority is from 0 to 3.
 284:.\Generated_Source\PSoC5/Counter_ISR.c **** *
 285:.\Generated_Source\PSoC5/Counter_ISR.c **** *******************************************************************************/
 286:.\Generated_Source\PSoC5/Counter_ISR.c **** uint8 Counter_ISR_GetPriority(void)
 287:.\Generated_Source\PSoC5/Counter_ISR.c **** {
 303              		.loc 1 287 0
 304              		.cfi_startproc
 305              		@ args = 0, pretend = 0, frame = 8
 306              		@ frame_needed = 1, uses_anonymous_args = 0
 307              		@ link register save eliminated.
 308 0000 80B4     		push	{r7}
 309              		.cfi_def_cfa_offset 4
 310              		.cfi_offset 7, -4
 311 0002 83B0     		sub	sp, sp, #12
 312              		.cfi_def_cfa_offset 16
 313 0004 00AF     		add	r7, sp, #0
 314              		.cfi_def_cfa_register 7
 288:.\Generated_Source\PSoC5/Counter_ISR.c ****     uint8 priority;
 289:.\Generated_Source\PSoC5/Counter_ISR.c **** 
 290:.\Generated_Source\PSoC5/Counter_ISR.c **** 
 291:.\Generated_Source\PSoC5/Counter_ISR.c ****     priority = *Counter_ISR_INTC_PRIOR >> 5;
 315              		.loc 1 291 0
 316 0006 064B     		ldr	r3, .L21
 317 0008 1B78     		ldrb	r3, [r3]
 318 000a DBB2     		uxtb	r3, r3
 319 000c 5B09     		lsrs	r3, r3, #5
 320 000e FB71     		strb	r3, [r7, #7]
 292:.\Generated_Source\PSoC5/Counter_ISR.c **** 
 293:.\Generated_Source\PSoC5/Counter_ISR.c ****     return priority;
 321              		.loc 1 293 0
 322 0010 FB79     		ldrb	r3, [r7, #7]	@ zero_extendqisi2
 294:.\Generated_Source\PSoC5/Counter_ISR.c **** }
 323              		.loc 1 294 0
 324 0012 1846     		mov	r0, r3
 325 0014 0C37     		adds	r7, r7, #12
 326              		.cfi_def_cfa_offset 4
 327 0016 BD46     		mov	sp, r7
 328              		.cfi_def_cfa_register 13
 329              		@ sp needed
 330 0018 5DF8047B 		ldr	r7, [sp], #4
 331              		.cfi_restore 7
 332              		.cfi_def_cfa_offset 0
 333 001c 7047     		bx	lr
ARM GAS  C:\Users\Lenovo\AppData\Local\Temp\ccxtWmW7.s 			page 12


 334              	.L22:
 335 001e 00BF     		.align	2
 336              	.L21:
 337 0020 11E400E0 		.word	-536812527
 338              		.cfi_endproc
 339              	.LFE7:
 340              		.size	Counter_ISR_GetPriority, .-Counter_ISR_GetPriority
 341              		.section	.text.Counter_ISR_Enable,"ax",%progbits
 342              		.align	2
 343              		.global	Counter_ISR_Enable
 344              		.thumb
 345              		.thumb_func
 346              		.type	Counter_ISR_Enable, %function
 347              	Counter_ISR_Enable:
 348              	.LFB8:
 295:.\Generated_Source\PSoC5/Counter_ISR.c **** 
 296:.\Generated_Source\PSoC5/Counter_ISR.c **** 
 297:.\Generated_Source\PSoC5/Counter_ISR.c **** /*******************************************************************************
 298:.\Generated_Source\PSoC5/Counter_ISR.c **** * Function Name: Counter_ISR_Enable
 299:.\Generated_Source\PSoC5/Counter_ISR.c **** ********************************************************************************
 300:.\Generated_Source\PSoC5/Counter_ISR.c **** *
 301:.\Generated_Source\PSoC5/Counter_ISR.c **** * Summary:
 302:.\Generated_Source\PSoC5/Counter_ISR.c **** *   Enables the interrupt to the interrupt controller. Do not call this function
 303:.\Generated_Source\PSoC5/Counter_ISR.c **** *   unless ISR_Start() has been called or the functionality of the ISR_Start() 
 304:.\Generated_Source\PSoC5/Counter_ISR.c **** *   function, which sets the vector and the priority, has been called.
 305:.\Generated_Source\PSoC5/Counter_ISR.c **** *
 306:.\Generated_Source\PSoC5/Counter_ISR.c **** * Parameters:
 307:.\Generated_Source\PSoC5/Counter_ISR.c **** *   None
 308:.\Generated_Source\PSoC5/Counter_ISR.c **** *
 309:.\Generated_Source\PSoC5/Counter_ISR.c **** * Return:
 310:.\Generated_Source\PSoC5/Counter_ISR.c **** *   None
 311:.\Generated_Source\PSoC5/Counter_ISR.c **** *
 312:.\Generated_Source\PSoC5/Counter_ISR.c **** *******************************************************************************/
 313:.\Generated_Source\PSoC5/Counter_ISR.c **** void Counter_ISR_Enable(void)
 314:.\Generated_Source\PSoC5/Counter_ISR.c **** {
 349              		.loc 1 314 0
 350              		.cfi_startproc
 351              		@ args = 0, pretend = 0, frame = 0
 352              		@ frame_needed = 1, uses_anonymous_args = 0
 353              		@ link register save eliminated.
 354 0000 80B4     		push	{r7}
 355              		.cfi_def_cfa_offset 4
 356              		.cfi_offset 7, -4
 357 0002 00AF     		add	r7, sp, #0
 358              		.cfi_def_cfa_register 7
 315:.\Generated_Source\PSoC5/Counter_ISR.c ****     /* Enable the general interrupt. */
 316:.\Generated_Source\PSoC5/Counter_ISR.c ****     *Counter_ISR_INTC_SET_EN = Counter_ISR__INTC_MASK;
 359              		.loc 1 316 0
 360 0004 034B     		ldr	r3, .L24
 361 0006 4FF40032 		mov	r2, #131072
 362 000a 1A60     		str	r2, [r3]
 317:.\Generated_Source\PSoC5/Counter_ISR.c **** }
 363              		.loc 1 317 0
 364 000c BD46     		mov	sp, r7
 365              		.cfi_def_cfa_register 13
 366              		@ sp needed
 367 000e 5DF8047B 		ldr	r7, [sp], #4
ARM GAS  C:\Users\Lenovo\AppData\Local\Temp\ccxtWmW7.s 			page 13


 368              		.cfi_restore 7
 369              		.cfi_def_cfa_offset 0
 370 0012 7047     		bx	lr
 371              	.L25:
 372              		.align	2
 373              	.L24:
 374 0014 00E100E0 		.word	-536813312
 375              		.cfi_endproc
 376              	.LFE8:
 377              		.size	Counter_ISR_Enable, .-Counter_ISR_Enable
 378              		.section	.text.Counter_ISR_GetState,"ax",%progbits
 379              		.align	2
 380              		.global	Counter_ISR_GetState
 381              		.thumb
 382              		.thumb_func
 383              		.type	Counter_ISR_GetState, %function
 384              	Counter_ISR_GetState:
 385              	.LFB9:
 318:.\Generated_Source\PSoC5/Counter_ISR.c **** 
 319:.\Generated_Source\PSoC5/Counter_ISR.c **** 
 320:.\Generated_Source\PSoC5/Counter_ISR.c **** /*******************************************************************************
 321:.\Generated_Source\PSoC5/Counter_ISR.c **** * Function Name: Counter_ISR_GetState
 322:.\Generated_Source\PSoC5/Counter_ISR.c **** ********************************************************************************
 323:.\Generated_Source\PSoC5/Counter_ISR.c **** *
 324:.\Generated_Source\PSoC5/Counter_ISR.c **** * Summary:
 325:.\Generated_Source\PSoC5/Counter_ISR.c **** *   Gets the state (enabled, disabled) of the Interrupt.
 326:.\Generated_Source\PSoC5/Counter_ISR.c **** *
 327:.\Generated_Source\PSoC5/Counter_ISR.c **** * Parameters:
 328:.\Generated_Source\PSoC5/Counter_ISR.c **** *   None
 329:.\Generated_Source\PSoC5/Counter_ISR.c **** *
 330:.\Generated_Source\PSoC5/Counter_ISR.c **** * Return:
 331:.\Generated_Source\PSoC5/Counter_ISR.c **** *   1 if enabled, 0 if disabled.
 332:.\Generated_Source\PSoC5/Counter_ISR.c **** *
 333:.\Generated_Source\PSoC5/Counter_ISR.c **** *******************************************************************************/
 334:.\Generated_Source\PSoC5/Counter_ISR.c **** uint8 Counter_ISR_GetState(void)
 335:.\Generated_Source\PSoC5/Counter_ISR.c **** {
 386              		.loc 1 335 0
 387              		.cfi_startproc
 388              		@ args = 0, pretend = 0, frame = 0
 389              		@ frame_needed = 1, uses_anonymous_args = 0
 390              		@ link register save eliminated.
 391 0000 80B4     		push	{r7}
 392              		.cfi_def_cfa_offset 4
 393              		.cfi_offset 7, -4
 394 0002 00AF     		add	r7, sp, #0
 395              		.cfi_def_cfa_register 7
 336:.\Generated_Source\PSoC5/Counter_ISR.c ****     /* Get the state of the general interrupt. */
 337:.\Generated_Source\PSoC5/Counter_ISR.c ****     return ((*Counter_ISR_INTC_SET_EN & (uint32)Counter_ISR__INTC_MASK) != 0u) ? 1u:0u;
 396              		.loc 1 337 0
 397 0004 064B     		ldr	r3, .L30
 398 0006 1B68     		ldr	r3, [r3]
 399 0008 03F40033 		and	r3, r3, #131072
 400 000c 002B     		cmp	r3, #0
 401 000e 01D0     		beq	.L27
 402              		.loc 1 337 0 is_stmt 0 discriminator 1
 403 0010 0123     		movs	r3, #1
 404 0012 00E0     		b	.L28
ARM GAS  C:\Users\Lenovo\AppData\Local\Temp\ccxtWmW7.s 			page 14


 405              	.L27:
 406              		.loc 1 337 0 discriminator 2
 407 0014 0023     		movs	r3, #0
 408              	.L28:
 338:.\Generated_Source\PSoC5/Counter_ISR.c **** }
 409              		.loc 1 338 0 is_stmt 1 discriminator 4
 410 0016 1846     		mov	r0, r3
 411 0018 BD46     		mov	sp, r7
 412              		.cfi_def_cfa_register 13
 413              		@ sp needed
 414 001a 5DF8047B 		ldr	r7, [sp], #4
 415              		.cfi_restore 7
 416              		.cfi_def_cfa_offset 0
 417 001e 7047     		bx	lr
 418              	.L31:
 419              		.align	2
 420              	.L30:
 421 0020 00E100E0 		.word	-536813312
 422              		.cfi_endproc
 423              	.LFE9:
 424              		.size	Counter_ISR_GetState, .-Counter_ISR_GetState
 425              		.section	.text.Counter_ISR_Disable,"ax",%progbits
 426              		.align	2
 427              		.global	Counter_ISR_Disable
 428              		.thumb
 429              		.thumb_func
 430              		.type	Counter_ISR_Disable, %function
 431              	Counter_ISR_Disable:
 432              	.LFB10:
 339:.\Generated_Source\PSoC5/Counter_ISR.c **** 
 340:.\Generated_Source\PSoC5/Counter_ISR.c **** 
 341:.\Generated_Source\PSoC5/Counter_ISR.c **** /*******************************************************************************
 342:.\Generated_Source\PSoC5/Counter_ISR.c **** * Function Name: Counter_ISR_Disable
 343:.\Generated_Source\PSoC5/Counter_ISR.c **** ********************************************************************************
 344:.\Generated_Source\PSoC5/Counter_ISR.c **** *
 345:.\Generated_Source\PSoC5/Counter_ISR.c **** * Summary:
 346:.\Generated_Source\PSoC5/Counter_ISR.c **** *   Disables the Interrupt in the interrupt controller.
 347:.\Generated_Source\PSoC5/Counter_ISR.c **** *
 348:.\Generated_Source\PSoC5/Counter_ISR.c **** * Parameters:
 349:.\Generated_Source\PSoC5/Counter_ISR.c **** *   None
 350:.\Generated_Source\PSoC5/Counter_ISR.c **** *
 351:.\Generated_Source\PSoC5/Counter_ISR.c **** * Return:
 352:.\Generated_Source\PSoC5/Counter_ISR.c **** *   None
 353:.\Generated_Source\PSoC5/Counter_ISR.c **** *
 354:.\Generated_Source\PSoC5/Counter_ISR.c **** *******************************************************************************/
 355:.\Generated_Source\PSoC5/Counter_ISR.c **** void Counter_ISR_Disable(void)
 356:.\Generated_Source\PSoC5/Counter_ISR.c **** {
 433              		.loc 1 356 0
 434              		.cfi_startproc
 435              		@ args = 0, pretend = 0, frame = 0
 436              		@ frame_needed = 1, uses_anonymous_args = 0
 437              		@ link register save eliminated.
 438 0000 80B4     		push	{r7}
 439              		.cfi_def_cfa_offset 4
 440              		.cfi_offset 7, -4
 441 0002 00AF     		add	r7, sp, #0
 442              		.cfi_def_cfa_register 7
ARM GAS  C:\Users\Lenovo\AppData\Local\Temp\ccxtWmW7.s 			page 15


 357:.\Generated_Source\PSoC5/Counter_ISR.c ****     /* Disable the general interrupt. */
 358:.\Generated_Source\PSoC5/Counter_ISR.c ****     *Counter_ISR_INTC_CLR_EN = Counter_ISR__INTC_MASK;
 443              		.loc 1 358 0
 444 0004 034B     		ldr	r3, .L33
 445 0006 4FF40032 		mov	r2, #131072
 446 000a 1A60     		str	r2, [r3]
 359:.\Generated_Source\PSoC5/Counter_ISR.c **** }
 447              		.loc 1 359 0
 448 000c BD46     		mov	sp, r7
 449              		.cfi_def_cfa_register 13
 450              		@ sp needed
 451 000e 5DF8047B 		ldr	r7, [sp], #4
 452              		.cfi_restore 7
 453              		.cfi_def_cfa_offset 0
 454 0012 7047     		bx	lr
 455              	.L34:
 456              		.align	2
 457              	.L33:
 458 0014 80E100E0 		.word	-536813184
 459              		.cfi_endproc
 460              	.LFE10:
 461              		.size	Counter_ISR_Disable, .-Counter_ISR_Disable
 462              		.section	.text.Counter_ISR_SetPending,"ax",%progbits
 463              		.align	2
 464              		.global	Counter_ISR_SetPending
 465              		.thumb
 466              		.thumb_func
 467              		.type	Counter_ISR_SetPending, %function
 468              	Counter_ISR_SetPending:
 469              	.LFB11:
 360:.\Generated_Source\PSoC5/Counter_ISR.c **** 
 361:.\Generated_Source\PSoC5/Counter_ISR.c **** 
 362:.\Generated_Source\PSoC5/Counter_ISR.c **** /*******************************************************************************
 363:.\Generated_Source\PSoC5/Counter_ISR.c **** * Function Name: Counter_ISR_SetPending
 364:.\Generated_Source\PSoC5/Counter_ISR.c **** ********************************************************************************
 365:.\Generated_Source\PSoC5/Counter_ISR.c **** *
 366:.\Generated_Source\PSoC5/Counter_ISR.c **** * Summary:
 367:.\Generated_Source\PSoC5/Counter_ISR.c **** *   Causes the Interrupt to enter the pending state, a software method of
 368:.\Generated_Source\PSoC5/Counter_ISR.c **** *   generating the interrupt.
 369:.\Generated_Source\PSoC5/Counter_ISR.c **** *
 370:.\Generated_Source\PSoC5/Counter_ISR.c **** * Parameters:
 371:.\Generated_Source\PSoC5/Counter_ISR.c **** *   None
 372:.\Generated_Source\PSoC5/Counter_ISR.c **** *
 373:.\Generated_Source\PSoC5/Counter_ISR.c **** * Return:
 374:.\Generated_Source\PSoC5/Counter_ISR.c **** *   None
 375:.\Generated_Source\PSoC5/Counter_ISR.c **** *
 376:.\Generated_Source\PSoC5/Counter_ISR.c **** * Side Effects:
 377:.\Generated_Source\PSoC5/Counter_ISR.c **** *   If interrupts are enabled and the interrupt is set up properly, the ISR is
 378:.\Generated_Source\PSoC5/Counter_ISR.c **** *   entered (depending on the priority of this interrupt and other pending 
 379:.\Generated_Source\PSoC5/Counter_ISR.c **** *   interrupts).
 380:.\Generated_Source\PSoC5/Counter_ISR.c **** *
 381:.\Generated_Source\PSoC5/Counter_ISR.c **** *******************************************************************************/
 382:.\Generated_Source\PSoC5/Counter_ISR.c **** void Counter_ISR_SetPending(void)
 383:.\Generated_Source\PSoC5/Counter_ISR.c **** {
 470              		.loc 1 383 0
 471              		.cfi_startproc
 472              		@ args = 0, pretend = 0, frame = 0
ARM GAS  C:\Users\Lenovo\AppData\Local\Temp\ccxtWmW7.s 			page 16


 473              		@ frame_needed = 1, uses_anonymous_args = 0
 474              		@ link register save eliminated.
 475 0000 80B4     		push	{r7}
 476              		.cfi_def_cfa_offset 4
 477              		.cfi_offset 7, -4
 478 0002 00AF     		add	r7, sp, #0
 479              		.cfi_def_cfa_register 7
 384:.\Generated_Source\PSoC5/Counter_ISR.c ****     *Counter_ISR_INTC_SET_PD = Counter_ISR__INTC_MASK;
 480              		.loc 1 384 0
 481 0004 034B     		ldr	r3, .L36
 482 0006 4FF40032 		mov	r2, #131072
 483 000a 1A60     		str	r2, [r3]
 385:.\Generated_Source\PSoC5/Counter_ISR.c **** }
 484              		.loc 1 385 0
 485 000c BD46     		mov	sp, r7
 486              		.cfi_def_cfa_register 13
 487              		@ sp needed
 488 000e 5DF8047B 		ldr	r7, [sp], #4
 489              		.cfi_restore 7
 490              		.cfi_def_cfa_offset 0
 491 0012 7047     		bx	lr
 492              	.L37:
 493              		.align	2
 494              	.L36:
 495 0014 00E200E0 		.word	-536813056
 496              		.cfi_endproc
 497              	.LFE11:
 498              		.size	Counter_ISR_SetPending, .-Counter_ISR_SetPending
 499              		.section	.text.Counter_ISR_ClearPending,"ax",%progbits
 500              		.align	2
 501              		.global	Counter_ISR_ClearPending
 502              		.thumb
 503              		.thumb_func
 504              		.type	Counter_ISR_ClearPending, %function
 505              	Counter_ISR_ClearPending:
 506              	.LFB12:
 386:.\Generated_Source\PSoC5/Counter_ISR.c **** 
 387:.\Generated_Source\PSoC5/Counter_ISR.c **** 
 388:.\Generated_Source\PSoC5/Counter_ISR.c **** /*******************************************************************************
 389:.\Generated_Source\PSoC5/Counter_ISR.c **** * Function Name: Counter_ISR_ClearPending
 390:.\Generated_Source\PSoC5/Counter_ISR.c **** ********************************************************************************
 391:.\Generated_Source\PSoC5/Counter_ISR.c **** *
 392:.\Generated_Source\PSoC5/Counter_ISR.c **** * Summary:
 393:.\Generated_Source\PSoC5/Counter_ISR.c **** *   Clears a pending interrupt in the interrupt controller.
 394:.\Generated_Source\PSoC5/Counter_ISR.c **** *
 395:.\Generated_Source\PSoC5/Counter_ISR.c **** *   Note Some interrupt sources are clear-on-read and require the block 
 396:.\Generated_Source\PSoC5/Counter_ISR.c **** *   interrupt/status register to be read/cleared with the appropriate block API 
 397:.\Generated_Source\PSoC5/Counter_ISR.c **** *   (GPIO, UART, and so on). Otherwise the ISR will continue to remain in 
 398:.\Generated_Source\PSoC5/Counter_ISR.c **** *   pending state even though the interrupt itself is cleared using this API.
 399:.\Generated_Source\PSoC5/Counter_ISR.c **** *
 400:.\Generated_Source\PSoC5/Counter_ISR.c **** * Parameters:
 401:.\Generated_Source\PSoC5/Counter_ISR.c **** *   None
 402:.\Generated_Source\PSoC5/Counter_ISR.c **** *
 403:.\Generated_Source\PSoC5/Counter_ISR.c **** * Return:
 404:.\Generated_Source\PSoC5/Counter_ISR.c **** *   None
 405:.\Generated_Source\PSoC5/Counter_ISR.c **** *
 406:.\Generated_Source\PSoC5/Counter_ISR.c **** *******************************************************************************/
ARM GAS  C:\Users\Lenovo\AppData\Local\Temp\ccxtWmW7.s 			page 17


 407:.\Generated_Source\PSoC5/Counter_ISR.c **** void Counter_ISR_ClearPending(void)
 408:.\Generated_Source\PSoC5/Counter_ISR.c **** {
 507              		.loc 1 408 0
 508              		.cfi_startproc
 509              		@ args = 0, pretend = 0, frame = 0
 510              		@ frame_needed = 1, uses_anonymous_args = 0
 511              		@ link register save eliminated.
 512 0000 80B4     		push	{r7}
 513              		.cfi_def_cfa_offset 4
 514              		.cfi_offset 7, -4
 515 0002 00AF     		add	r7, sp, #0
 516              		.cfi_def_cfa_register 7
 409:.\Generated_Source\PSoC5/Counter_ISR.c ****     *Counter_ISR_INTC_CLR_PD = Counter_ISR__INTC_MASK;
 517              		.loc 1 409 0
 518 0004 034B     		ldr	r3, .L39
 519 0006 4FF40032 		mov	r2, #131072
 520 000a 1A60     		str	r2, [r3]
 410:.\Generated_Source\PSoC5/Counter_ISR.c **** }
 521              		.loc 1 410 0
 522 000c BD46     		mov	sp, r7
 523              		.cfi_def_cfa_register 13
 524              		@ sp needed
 525 000e 5DF8047B 		ldr	r7, [sp], #4
 526              		.cfi_restore 7
 527              		.cfi_def_cfa_offset 0
 528 0012 7047     		bx	lr
 529              	.L40:
 530              		.align	2
 531              	.L39:
 532 0014 80E200E0 		.word	-536812928
 533              		.cfi_endproc
 534              	.LFE12:
 535              		.size	Counter_ISR_ClearPending, .-Counter_ISR_ClearPending
 536              		.text
 537              	.Letext0:
 538              		.file 2 "Generated_Source\\PSoC5/cytypes.h"
 539              		.section	.debug_info,"",%progbits
 540              	.Ldebug_info0:
 541 0000 44020000 		.4byte	0x244
 542 0004 0400     		.2byte	0x4
 543 0006 00000000 		.4byte	.Ldebug_abbrev0
 544 000a 04       		.byte	0x4
 545 000b 01       		.uleb128 0x1
 546 000c 59010000 		.4byte	.LASF35
 547 0010 01       		.byte	0x1
 548 0011 32010000 		.4byte	.LASF36
 549 0015 56000000 		.4byte	.LASF37
 550 0019 00000000 		.4byte	.Ldebug_ranges0+0
 551 001d 00000000 		.4byte	0
 552 0021 00000000 		.4byte	.Ldebug_line0
 553 0025 02       		.uleb128 0x2
 554 0026 04       		.byte	0x4
 555 0027 05       		.byte	0x5
 556 0028 696E7400 		.ascii	"int\000"
 557 002c 03       		.uleb128 0x3
 558 002d 04       		.byte	0x4
 559 002e 07       		.byte	0x7
ARM GAS  C:\Users\Lenovo\AppData\Local\Temp\ccxtWmW7.s 			page 18


 560 002f F5010000 		.4byte	.LASF0
 561 0033 03       		.uleb128 0x3
 562 0034 01       		.byte	0x1
 563 0035 06       		.byte	0x6
 564 0036 DD020000 		.4byte	.LASF1
 565 003a 03       		.uleb128 0x3
 566 003b 01       		.byte	0x1
 567 003c 08       		.byte	0x8
 568 003d BA000000 		.4byte	.LASF2
 569 0041 03       		.uleb128 0x3
 570 0042 02       		.byte	0x2
 571 0043 05       		.byte	0x5
 572 0044 96020000 		.4byte	.LASF3
 573 0048 03       		.uleb128 0x3
 574 0049 02       		.byte	0x2
 575 004a 07       		.byte	0x7
 576 004b 1E000000 		.4byte	.LASF4
 577 004f 03       		.uleb128 0x3
 578 0050 04       		.byte	0x4
 579 0051 05       		.byte	0x5
 580 0052 B5020000 		.4byte	.LASF5
 581 0056 03       		.uleb128 0x3
 582 0057 04       		.byte	0x4
 583 0058 07       		.byte	0x7
 584 0059 E3000000 		.4byte	.LASF6
 585 005d 03       		.uleb128 0x3
 586 005e 08       		.byte	0x8
 587 005f 05       		.byte	0x5
 588 0060 5D020000 		.4byte	.LASF7
 589 0064 03       		.uleb128 0x3
 590 0065 08       		.byte	0x8
 591 0066 07       		.byte	0x7
 592 0067 0A020000 		.4byte	.LASF8
 593 006b 03       		.uleb128 0x3
 594 006c 04       		.byte	0x4
 595 006d 07       		.byte	0x7
 596 006e 42020000 		.4byte	.LASF9
 597 0072 04       		.uleb128 0x4
 598 0073 04       		.byte	0x4
 599 0074 78000000 		.4byte	0x78
 600 0078 05       		.uleb128 0x5
 601 0079 03       		.uleb128 0x3
 602 007a 01       		.byte	0x1
 603 007b 08       		.byte	0x8
 604 007c 82020000 		.4byte	.LASF10
 605 0080 06       		.uleb128 0x6
 606 0081 0B010000 		.4byte	.LASF11
 607 0085 02       		.byte	0x2
 608 0086 3801     		.2byte	0x138
 609 0088 3A000000 		.4byte	0x3a
 610 008c 06       		.uleb128 0x6
 611 008d EE010000 		.4byte	.LASF12
 612 0091 02       		.byte	0x2
 613 0092 3A01     		.2byte	0x13a
 614 0094 56000000 		.4byte	0x56
 615 0098 03       		.uleb128 0x3
 616 0099 04       		.byte	0x4
ARM GAS  C:\Users\Lenovo\AppData\Local\Temp\ccxtWmW7.s 			page 19


 617 009a 04       		.byte	0x4
 618 009b B4000000 		.4byte	.LASF13
 619 009f 03       		.uleb128 0x3
 620 00a0 08       		.byte	0x8
 621 00a1 04       		.byte	0x4
 622 00a2 E7010000 		.4byte	.LASF14
 623 00a6 06       		.uleb128 0x6
 624 00a7 C8000000 		.4byte	.LASF15
 625 00ab 02       		.byte	0x2
 626 00ac E201     		.2byte	0x1e2
 627 00ae B2000000 		.4byte	0xb2
 628 00b2 07       		.uleb128 0x7
 629 00b3 80000000 		.4byte	0x80
 630 00b7 06       		.uleb128 0x6
 631 00b8 00000000 		.4byte	.LASF16
 632 00bc 02       		.byte	0x2
 633 00bd E401     		.2byte	0x1e4
 634 00bf C3000000 		.4byte	0xc3
 635 00c3 07       		.uleb128 0x7
 636 00c4 8C000000 		.4byte	0x8c
 637 00c8 06       		.uleb128 0x6
 638 00c9 21020000 		.4byte	.LASF17
 639 00cd 02       		.byte	0x2
 640 00ce F401     		.2byte	0x1f4
 641 00d0 72000000 		.4byte	0x72
 642 00d4 03       		.uleb128 0x3
 643 00d5 08       		.byte	0x8
 644 00d6 04       		.byte	0x4
 645 00d7 D1020000 		.4byte	.LASF18
 646 00db 03       		.uleb128 0x3
 647 00dc 01       		.byte	0x1
 648 00dd 02       		.byte	0x2
 649 00de 02030000 		.4byte	.LASF19
 650 00e2 08       		.uleb128 0x8
 651 00e3 4B020000 		.4byte	.LASF20
 652 00e7 01       		.byte	0x1
 653 00e8 42       		.byte	0x42
 654 00e9 00000000 		.4byte	.LFB0
 655 00ed 20000000 		.4byte	.LFE0-.LFB0
 656 00f1 01       		.uleb128 0x1
 657 00f2 9C       		.byte	0x9c
 658 00f3 09       		.uleb128 0x9
 659 00f4 2E020000 		.4byte	.LASF23
 660 00f8 01       		.byte	0x1
 661 00f9 6D       		.byte	0x6d
 662 00fa 00000000 		.4byte	.LFB1
 663 00fe 22000000 		.4byte	.LFE1-.LFB1
 664 0102 01       		.uleb128 0x1
 665 0103 9C       		.byte	0x9c
 666 0104 17010000 		.4byte	0x117
 667 0108 0A       		.uleb128 0xa
 668 0109 02020000 		.4byte	.LASF25
 669 010d 01       		.byte	0x1
 670 010e 6D       		.byte	0x6d
 671 010f C8000000 		.4byte	0xc8
 672 0113 02       		.uleb128 0x2
 673 0114 91       		.byte	0x91
ARM GAS  C:\Users\Lenovo\AppData\Local\Temp\ccxtWmW7.s 			page 20


 674 0115 74       		.sleb128 -12
 675 0116 00       		.byte	0
 676 0117 08       		.uleb128 0x8
 677 0118 45000000 		.4byte	.LASF21
 678 011c 01       		.byte	0x1
 679 011d 8B       		.byte	0x8b
 680 011e 00000000 		.4byte	.LFB2
 681 0122 14000000 		.4byte	.LFE2-.LFB2
 682 0126 01       		.uleb128 0x1
 683 0127 9C       		.byte	0x9c
 684 0128 0B       		.uleb128 0xb
 685 0129 F5000000 		.4byte	.LASF22
 686 012d 01       		.byte	0x1
 687 012e A5       		.byte	0xa5
 688 012f 00000000 		.4byte	.LFB3
 689 0133 0C000000 		.4byte	.LFE3-.LFB3
 690 0137 01       		.uleb128 0x1
 691 0138 9C       		.byte	0x9c
 692 0139 0C       		.uleb128 0xc
 693 013a 08030000 		.4byte	.LASF24
 694 013e 01       		.byte	0x1
 695 013f CE       		.byte	0xce
 696 0140 00000000 		.4byte	.LFB4
 697 0144 24000000 		.4byte	.LFE4-.LFB4
 698 0148 01       		.uleb128 0x1
 699 0149 9C       		.byte	0x9c
 700 014a 6B010000 		.4byte	0x16b
 701 014e 0A       		.uleb128 0xa
 702 014f 02020000 		.4byte	.LASF25
 703 0153 01       		.byte	0x1
 704 0154 CE       		.byte	0xce
 705 0155 C8000000 		.4byte	0xc8
 706 0159 02       		.uleb128 0x2
 707 015a 91       		.byte	0x91
 708 015b 6C       		.sleb128 -20
 709 015c 0D       		.uleb128 0xd
 710 015d 87020000 		.4byte	.LASF26
 711 0161 01       		.byte	0x1
 712 0162 D0       		.byte	0xd0
 713 0163 6B010000 		.4byte	0x16b
 714 0167 02       		.uleb128 0x2
 715 0168 91       		.byte	0x91
 716 0169 74       		.sleb128 -12
 717 016a 00       		.byte	0
 718 016b 04       		.uleb128 0x4
 719 016c 04       		.byte	0x4
 720 016d C8000000 		.4byte	0xc8
 721 0171 0E       		.uleb128 0xe
 722 0172 CD000000 		.4byte	.LASF29
 723 0176 01       		.byte	0x1
 724 0177 E6       		.byte	0xe6
 725 0178 C8000000 		.4byte	0xc8
 726 017c 00000000 		.4byte	.LFB5
 727 0180 24000000 		.4byte	.LFE5-.LFB5
 728 0184 01       		.uleb128 0x1
 729 0185 9C       		.byte	0x9c
 730 0186 99010000 		.4byte	0x199
ARM GAS  C:\Users\Lenovo\AppData\Local\Temp\ccxtWmW7.s 			page 21


 731 018a 0D       		.uleb128 0xd
 732 018b 87020000 		.4byte	.LASF26
 733 018f 01       		.byte	0x1
 734 0190 E8       		.byte	0xe8
 735 0191 6B010000 		.4byte	0x16b
 736 0195 02       		.uleb128 0x2
 737 0196 91       		.byte	0x91
 738 0197 74       		.sleb128 -12
 739 0198 00       		.byte	0
 740 0199 0F       		.uleb128 0xf
 741 019a 1A010000 		.4byte	.LASF27
 742 019e 01       		.byte	0x1
 743 019f 0801     		.2byte	0x108
 744 01a1 00000000 		.4byte	.LFB6
 745 01a5 24000000 		.4byte	.LFE6-.LFB6
 746 01a9 01       		.uleb128 0x1
 747 01aa 9C       		.byte	0x9c
 748 01ab BF010000 		.4byte	0x1bf
 749 01af 10       		.uleb128 0x10
 750 01b0 11010000 		.4byte	.LASF28
 751 01b4 01       		.byte	0x1
 752 01b5 0801     		.2byte	0x108
 753 01b7 80000000 		.4byte	0x80
 754 01bb 02       		.uleb128 0x2
 755 01bc 91       		.byte	0x91
 756 01bd 77       		.sleb128 -9
 757 01be 00       		.byte	0
 758 01bf 11       		.uleb128 0x11
 759 01c0 06000000 		.4byte	.LASF30
 760 01c4 01       		.byte	0x1
 761 01c5 1E01     		.2byte	0x11e
 762 01c7 80000000 		.4byte	0x80
 763 01cb 00000000 		.4byte	.LFB7
 764 01cf 24000000 		.4byte	.LFE7-.LFB7
 765 01d3 01       		.uleb128 0x1
 766 01d4 9C       		.byte	0x9c
 767 01d5 E9010000 		.4byte	0x1e9
 768 01d9 12       		.uleb128 0x12
 769 01da 11010000 		.4byte	.LASF28
 770 01de 01       		.byte	0x1
 771 01df 2001     		.2byte	0x120
 772 01e1 80000000 		.4byte	0x80
 773 01e5 02       		.uleb128 0x2
 774 01e6 91       		.byte	0x91
 775 01e7 77       		.sleb128 -9
 776 01e8 00       		.byte	0
 777 01e9 13       		.uleb128 0x13
 778 01ea BE020000 		.4byte	.LASF31
 779 01ee 01       		.byte	0x1
 780 01ef 3901     		.2byte	0x139
 781 01f1 00000000 		.4byte	.LFB8
 782 01f5 18000000 		.4byte	.LFE8-.LFB8
 783 01f9 01       		.uleb128 0x1
 784 01fa 9C       		.byte	0x9c
 785 01fb 14       		.uleb128 0x14
 786 01fc A0020000 		.4byte	.LASF38
 787 0200 01       		.byte	0x1
ARM GAS  C:\Users\Lenovo\AppData\Local\Temp\ccxtWmW7.s 			page 22


 788 0201 4E01     		.2byte	0x14e
 789 0203 80000000 		.4byte	0x80
 790 0207 00000000 		.4byte	.LFB9
 791 020b 24000000 		.4byte	.LFE9-.LFB9
 792 020f 01       		.uleb128 0x1
 793 0210 9C       		.byte	0x9c
 794 0211 13       		.uleb128 0x13
 795 0212 31000000 		.4byte	.LASF32
 796 0216 01       		.byte	0x1
 797 0217 6301     		.2byte	0x163
 798 0219 00000000 		.4byte	.LFB10
 799 021d 18000000 		.4byte	.LFE10-.LFB10
 800 0221 01       		.uleb128 0x1
 801 0222 9C       		.byte	0x9c
 802 0223 13       		.uleb128 0x13
 803 0224 6B020000 		.4byte	.LASF33
 804 0228 01       		.byte	0x1
 805 0229 7E01     		.2byte	0x17e
 806 022b 00000000 		.4byte	.LFB11
 807 022f 18000000 		.4byte	.LFE11-.LFB11
 808 0233 01       		.uleb128 0x1
 809 0234 9C       		.byte	0x9c
 810 0235 13       		.uleb128 0x13
 811 0236 E9020000 		.4byte	.LASF34
 812 023a 01       		.byte	0x1
 813 023b 9701     		.2byte	0x197
 814 023d 00000000 		.4byte	.LFB12
 815 0241 18000000 		.4byte	.LFE12-.LFB12
 816 0245 01       		.uleb128 0x1
 817 0246 9C       		.byte	0x9c
 818 0247 00       		.byte	0
 819              		.section	.debug_abbrev,"",%progbits
 820              	.Ldebug_abbrev0:
 821 0000 01       		.uleb128 0x1
 822 0001 11       		.uleb128 0x11
 823 0002 01       		.byte	0x1
 824 0003 25       		.uleb128 0x25
 825 0004 0E       		.uleb128 0xe
 826 0005 13       		.uleb128 0x13
 827 0006 0B       		.uleb128 0xb
 828 0007 03       		.uleb128 0x3
 829 0008 0E       		.uleb128 0xe
 830 0009 1B       		.uleb128 0x1b
 831 000a 0E       		.uleb128 0xe
 832 000b 55       		.uleb128 0x55
 833 000c 17       		.uleb128 0x17
 834 000d 11       		.uleb128 0x11
 835 000e 01       		.uleb128 0x1
 836 000f 10       		.uleb128 0x10
 837 0010 17       		.uleb128 0x17
 838 0011 00       		.byte	0
 839 0012 00       		.byte	0
 840 0013 02       		.uleb128 0x2
 841 0014 24       		.uleb128 0x24
 842 0015 00       		.byte	0
 843 0016 0B       		.uleb128 0xb
 844 0017 0B       		.uleb128 0xb
ARM GAS  C:\Users\Lenovo\AppData\Local\Temp\ccxtWmW7.s 			page 23


 845 0018 3E       		.uleb128 0x3e
 846 0019 0B       		.uleb128 0xb
 847 001a 03       		.uleb128 0x3
 848 001b 08       		.uleb128 0x8
 849 001c 00       		.byte	0
 850 001d 00       		.byte	0
 851 001e 03       		.uleb128 0x3
 852 001f 24       		.uleb128 0x24
 853 0020 00       		.byte	0
 854 0021 0B       		.uleb128 0xb
 855 0022 0B       		.uleb128 0xb
 856 0023 3E       		.uleb128 0x3e
 857 0024 0B       		.uleb128 0xb
 858 0025 03       		.uleb128 0x3
 859 0026 0E       		.uleb128 0xe
 860 0027 00       		.byte	0
 861 0028 00       		.byte	0
 862 0029 04       		.uleb128 0x4
 863 002a 0F       		.uleb128 0xf
 864 002b 00       		.byte	0
 865 002c 0B       		.uleb128 0xb
 866 002d 0B       		.uleb128 0xb
 867 002e 49       		.uleb128 0x49
 868 002f 13       		.uleb128 0x13
 869 0030 00       		.byte	0
 870 0031 00       		.byte	0
 871 0032 05       		.uleb128 0x5
 872 0033 15       		.uleb128 0x15
 873 0034 00       		.byte	0
 874 0035 27       		.uleb128 0x27
 875 0036 19       		.uleb128 0x19
 876 0037 00       		.byte	0
 877 0038 00       		.byte	0
 878 0039 06       		.uleb128 0x6
 879 003a 16       		.uleb128 0x16
 880 003b 00       		.byte	0
 881 003c 03       		.uleb128 0x3
 882 003d 0E       		.uleb128 0xe
 883 003e 3A       		.uleb128 0x3a
 884 003f 0B       		.uleb128 0xb
 885 0040 3B       		.uleb128 0x3b
 886 0041 05       		.uleb128 0x5
 887 0042 49       		.uleb128 0x49
 888 0043 13       		.uleb128 0x13
 889 0044 00       		.byte	0
 890 0045 00       		.byte	0
 891 0046 07       		.uleb128 0x7
 892 0047 35       		.uleb128 0x35
 893 0048 00       		.byte	0
 894 0049 49       		.uleb128 0x49
 895 004a 13       		.uleb128 0x13
 896 004b 00       		.byte	0
 897 004c 00       		.byte	0
 898 004d 08       		.uleb128 0x8
 899 004e 2E       		.uleb128 0x2e
 900 004f 00       		.byte	0
 901 0050 3F       		.uleb128 0x3f
ARM GAS  C:\Users\Lenovo\AppData\Local\Temp\ccxtWmW7.s 			page 24


 902 0051 19       		.uleb128 0x19
 903 0052 03       		.uleb128 0x3
 904 0053 0E       		.uleb128 0xe
 905 0054 3A       		.uleb128 0x3a
 906 0055 0B       		.uleb128 0xb
 907 0056 3B       		.uleb128 0x3b
 908 0057 0B       		.uleb128 0xb
 909 0058 27       		.uleb128 0x27
 910 0059 19       		.uleb128 0x19
 911 005a 11       		.uleb128 0x11
 912 005b 01       		.uleb128 0x1
 913 005c 12       		.uleb128 0x12
 914 005d 06       		.uleb128 0x6
 915 005e 40       		.uleb128 0x40
 916 005f 18       		.uleb128 0x18
 917 0060 9642     		.uleb128 0x2116
 918 0062 19       		.uleb128 0x19
 919 0063 00       		.byte	0
 920 0064 00       		.byte	0
 921 0065 09       		.uleb128 0x9
 922 0066 2E       		.uleb128 0x2e
 923 0067 01       		.byte	0x1
 924 0068 3F       		.uleb128 0x3f
 925 0069 19       		.uleb128 0x19
 926 006a 03       		.uleb128 0x3
 927 006b 0E       		.uleb128 0xe
 928 006c 3A       		.uleb128 0x3a
 929 006d 0B       		.uleb128 0xb
 930 006e 3B       		.uleb128 0x3b
 931 006f 0B       		.uleb128 0xb
 932 0070 27       		.uleb128 0x27
 933 0071 19       		.uleb128 0x19
 934 0072 11       		.uleb128 0x11
 935 0073 01       		.uleb128 0x1
 936 0074 12       		.uleb128 0x12
 937 0075 06       		.uleb128 0x6
 938 0076 40       		.uleb128 0x40
 939 0077 18       		.uleb128 0x18
 940 0078 9642     		.uleb128 0x2116
 941 007a 19       		.uleb128 0x19
 942 007b 01       		.uleb128 0x1
 943 007c 13       		.uleb128 0x13
 944 007d 00       		.byte	0
 945 007e 00       		.byte	0
 946 007f 0A       		.uleb128 0xa
 947 0080 05       		.uleb128 0x5
 948 0081 00       		.byte	0
 949 0082 03       		.uleb128 0x3
 950 0083 0E       		.uleb128 0xe
 951 0084 3A       		.uleb128 0x3a
 952 0085 0B       		.uleb128 0xb
 953 0086 3B       		.uleb128 0x3b
 954 0087 0B       		.uleb128 0xb
 955 0088 49       		.uleb128 0x49
 956 0089 13       		.uleb128 0x13
 957 008a 02       		.uleb128 0x2
 958 008b 18       		.uleb128 0x18
ARM GAS  C:\Users\Lenovo\AppData\Local\Temp\ccxtWmW7.s 			page 25


 959 008c 00       		.byte	0
 960 008d 00       		.byte	0
 961 008e 0B       		.uleb128 0xb
 962 008f 2E       		.uleb128 0x2e
 963 0090 00       		.byte	0
 964 0091 3F       		.uleb128 0x3f
 965 0092 19       		.uleb128 0x19
 966 0093 03       		.uleb128 0x3
 967 0094 0E       		.uleb128 0xe
 968 0095 3A       		.uleb128 0x3a
 969 0096 0B       		.uleb128 0xb
 970 0097 3B       		.uleb128 0x3b
 971 0098 0B       		.uleb128 0xb
 972 0099 27       		.uleb128 0x27
 973 009a 19       		.uleb128 0x19
 974 009b 11       		.uleb128 0x11
 975 009c 01       		.uleb128 0x1
 976 009d 12       		.uleb128 0x12
 977 009e 06       		.uleb128 0x6
 978 009f 40       		.uleb128 0x40
 979 00a0 18       		.uleb128 0x18
 980 00a1 9742     		.uleb128 0x2117
 981 00a3 19       		.uleb128 0x19
 982 00a4 00       		.byte	0
 983 00a5 00       		.byte	0
 984 00a6 0C       		.uleb128 0xc
 985 00a7 2E       		.uleb128 0x2e
 986 00a8 01       		.byte	0x1
 987 00a9 3F       		.uleb128 0x3f
 988 00aa 19       		.uleb128 0x19
 989 00ab 03       		.uleb128 0x3
 990 00ac 0E       		.uleb128 0xe
 991 00ad 3A       		.uleb128 0x3a
 992 00ae 0B       		.uleb128 0xb
 993 00af 3B       		.uleb128 0x3b
 994 00b0 0B       		.uleb128 0xb
 995 00b1 27       		.uleb128 0x27
 996 00b2 19       		.uleb128 0x19
 997 00b3 11       		.uleb128 0x11
 998 00b4 01       		.uleb128 0x1
 999 00b5 12       		.uleb128 0x12
 1000 00b6 06       		.uleb128 0x6
 1001 00b7 40       		.uleb128 0x40
 1002 00b8 18       		.uleb128 0x18
 1003 00b9 9742     		.uleb128 0x2117
 1004 00bb 19       		.uleb128 0x19
 1005 00bc 01       		.uleb128 0x1
 1006 00bd 13       		.uleb128 0x13
 1007 00be 00       		.byte	0
 1008 00bf 00       		.byte	0
 1009 00c0 0D       		.uleb128 0xd
 1010 00c1 34       		.uleb128 0x34
 1011 00c2 00       		.byte	0
 1012 00c3 03       		.uleb128 0x3
 1013 00c4 0E       		.uleb128 0xe
 1014 00c5 3A       		.uleb128 0x3a
 1015 00c6 0B       		.uleb128 0xb
ARM GAS  C:\Users\Lenovo\AppData\Local\Temp\ccxtWmW7.s 			page 26


 1016 00c7 3B       		.uleb128 0x3b
 1017 00c8 0B       		.uleb128 0xb
 1018 00c9 49       		.uleb128 0x49
 1019 00ca 13       		.uleb128 0x13
 1020 00cb 02       		.uleb128 0x2
 1021 00cc 18       		.uleb128 0x18
 1022 00cd 00       		.byte	0
 1023 00ce 00       		.byte	0
 1024 00cf 0E       		.uleb128 0xe
 1025 00d0 2E       		.uleb128 0x2e
 1026 00d1 01       		.byte	0x1
 1027 00d2 3F       		.uleb128 0x3f
 1028 00d3 19       		.uleb128 0x19
 1029 00d4 03       		.uleb128 0x3
 1030 00d5 0E       		.uleb128 0xe
 1031 00d6 3A       		.uleb128 0x3a
 1032 00d7 0B       		.uleb128 0xb
 1033 00d8 3B       		.uleb128 0x3b
 1034 00d9 0B       		.uleb128 0xb
 1035 00da 27       		.uleb128 0x27
 1036 00db 19       		.uleb128 0x19
 1037 00dc 49       		.uleb128 0x49
 1038 00dd 13       		.uleb128 0x13
 1039 00de 11       		.uleb128 0x11
 1040 00df 01       		.uleb128 0x1
 1041 00e0 12       		.uleb128 0x12
 1042 00e1 06       		.uleb128 0x6
 1043 00e2 40       		.uleb128 0x40
 1044 00e3 18       		.uleb128 0x18
 1045 00e4 9742     		.uleb128 0x2117
 1046 00e6 19       		.uleb128 0x19
 1047 00e7 01       		.uleb128 0x1
 1048 00e8 13       		.uleb128 0x13
 1049 00e9 00       		.byte	0
 1050 00ea 00       		.byte	0
 1051 00eb 0F       		.uleb128 0xf
 1052 00ec 2E       		.uleb128 0x2e
 1053 00ed 01       		.byte	0x1
 1054 00ee 3F       		.uleb128 0x3f
 1055 00ef 19       		.uleb128 0x19
 1056 00f0 03       		.uleb128 0x3
 1057 00f1 0E       		.uleb128 0xe
 1058 00f2 3A       		.uleb128 0x3a
 1059 00f3 0B       		.uleb128 0xb
 1060 00f4 3B       		.uleb128 0x3b
 1061 00f5 05       		.uleb128 0x5
 1062 00f6 27       		.uleb128 0x27
 1063 00f7 19       		.uleb128 0x19
 1064 00f8 11       		.uleb128 0x11
 1065 00f9 01       		.uleb128 0x1
 1066 00fa 12       		.uleb128 0x12
 1067 00fb 06       		.uleb128 0x6
 1068 00fc 40       		.uleb128 0x40
 1069 00fd 18       		.uleb128 0x18
 1070 00fe 9742     		.uleb128 0x2117
 1071 0100 19       		.uleb128 0x19
 1072 0101 01       		.uleb128 0x1
ARM GAS  C:\Users\Lenovo\AppData\Local\Temp\ccxtWmW7.s 			page 27


 1073 0102 13       		.uleb128 0x13
 1074 0103 00       		.byte	0
 1075 0104 00       		.byte	0
 1076 0105 10       		.uleb128 0x10
 1077 0106 05       		.uleb128 0x5
 1078 0107 00       		.byte	0
 1079 0108 03       		.uleb128 0x3
 1080 0109 0E       		.uleb128 0xe
 1081 010a 3A       		.uleb128 0x3a
 1082 010b 0B       		.uleb128 0xb
 1083 010c 3B       		.uleb128 0x3b
 1084 010d 05       		.uleb128 0x5
 1085 010e 49       		.uleb128 0x49
 1086 010f 13       		.uleb128 0x13
 1087 0110 02       		.uleb128 0x2
 1088 0111 18       		.uleb128 0x18
 1089 0112 00       		.byte	0
 1090 0113 00       		.byte	0
 1091 0114 11       		.uleb128 0x11
 1092 0115 2E       		.uleb128 0x2e
 1093 0116 01       		.byte	0x1
 1094 0117 3F       		.uleb128 0x3f
 1095 0118 19       		.uleb128 0x19
 1096 0119 03       		.uleb128 0x3
 1097 011a 0E       		.uleb128 0xe
 1098 011b 3A       		.uleb128 0x3a
 1099 011c 0B       		.uleb128 0xb
 1100 011d 3B       		.uleb128 0x3b
 1101 011e 05       		.uleb128 0x5
 1102 011f 27       		.uleb128 0x27
 1103 0120 19       		.uleb128 0x19
 1104 0121 49       		.uleb128 0x49
 1105 0122 13       		.uleb128 0x13
 1106 0123 11       		.uleb128 0x11
 1107 0124 01       		.uleb128 0x1
 1108 0125 12       		.uleb128 0x12
 1109 0126 06       		.uleb128 0x6
 1110 0127 40       		.uleb128 0x40
 1111 0128 18       		.uleb128 0x18
 1112 0129 9742     		.uleb128 0x2117
 1113 012b 19       		.uleb128 0x19
 1114 012c 01       		.uleb128 0x1
 1115 012d 13       		.uleb128 0x13
 1116 012e 00       		.byte	0
 1117 012f 00       		.byte	0
 1118 0130 12       		.uleb128 0x12
 1119 0131 34       		.uleb128 0x34
 1120 0132 00       		.byte	0
 1121 0133 03       		.uleb128 0x3
 1122 0134 0E       		.uleb128 0xe
 1123 0135 3A       		.uleb128 0x3a
 1124 0136 0B       		.uleb128 0xb
 1125 0137 3B       		.uleb128 0x3b
 1126 0138 05       		.uleb128 0x5
 1127 0139 49       		.uleb128 0x49
 1128 013a 13       		.uleb128 0x13
 1129 013b 02       		.uleb128 0x2
ARM GAS  C:\Users\Lenovo\AppData\Local\Temp\ccxtWmW7.s 			page 28


 1130 013c 18       		.uleb128 0x18
 1131 013d 00       		.byte	0
 1132 013e 00       		.byte	0
 1133 013f 13       		.uleb128 0x13
 1134 0140 2E       		.uleb128 0x2e
 1135 0141 00       		.byte	0
 1136 0142 3F       		.uleb128 0x3f
 1137 0143 19       		.uleb128 0x19
 1138 0144 03       		.uleb128 0x3
 1139 0145 0E       		.uleb128 0xe
 1140 0146 3A       		.uleb128 0x3a
 1141 0147 0B       		.uleb128 0xb
 1142 0148 3B       		.uleb128 0x3b
 1143 0149 05       		.uleb128 0x5
 1144 014a 27       		.uleb128 0x27
 1145 014b 19       		.uleb128 0x19
 1146 014c 11       		.uleb128 0x11
 1147 014d 01       		.uleb128 0x1
 1148 014e 12       		.uleb128 0x12
 1149 014f 06       		.uleb128 0x6
 1150 0150 40       		.uleb128 0x40
 1151 0151 18       		.uleb128 0x18
 1152 0152 9742     		.uleb128 0x2117
 1153 0154 19       		.uleb128 0x19
 1154 0155 00       		.byte	0
 1155 0156 00       		.byte	0
 1156 0157 14       		.uleb128 0x14
 1157 0158 2E       		.uleb128 0x2e
 1158 0159 00       		.byte	0
 1159 015a 3F       		.uleb128 0x3f
 1160 015b 19       		.uleb128 0x19
 1161 015c 03       		.uleb128 0x3
 1162 015d 0E       		.uleb128 0xe
 1163 015e 3A       		.uleb128 0x3a
 1164 015f 0B       		.uleb128 0xb
 1165 0160 3B       		.uleb128 0x3b
 1166 0161 05       		.uleb128 0x5
 1167 0162 27       		.uleb128 0x27
 1168 0163 19       		.uleb128 0x19
 1169 0164 49       		.uleb128 0x49
 1170 0165 13       		.uleb128 0x13
 1171 0166 11       		.uleb128 0x11
 1172 0167 01       		.uleb128 0x1
 1173 0168 12       		.uleb128 0x12
 1174 0169 06       		.uleb128 0x6
 1175 016a 40       		.uleb128 0x40
 1176 016b 18       		.uleb128 0x18
 1177 016c 9742     		.uleb128 0x2117
 1178 016e 19       		.uleb128 0x19
 1179 016f 00       		.byte	0
 1180 0170 00       		.byte	0
 1181 0171 00       		.byte	0
 1182              		.section	.debug_aranges,"",%progbits
 1183 0000 7C000000 		.4byte	0x7c
 1184 0004 0200     		.2byte	0x2
 1185 0006 00000000 		.4byte	.Ldebug_info0
 1186 000a 04       		.byte	0x4
ARM GAS  C:\Users\Lenovo\AppData\Local\Temp\ccxtWmW7.s 			page 29


 1187 000b 00       		.byte	0
 1188 000c 0000     		.2byte	0
 1189 000e 0000     		.2byte	0
 1190 0010 00000000 		.4byte	.LFB0
 1191 0014 20000000 		.4byte	.LFE0-.LFB0
 1192 0018 00000000 		.4byte	.LFB1
 1193 001c 22000000 		.4byte	.LFE1-.LFB1
 1194 0020 00000000 		.4byte	.LFB2
 1195 0024 14000000 		.4byte	.LFE2-.LFB2
 1196 0028 00000000 		.4byte	.LFB3
 1197 002c 0C000000 		.4byte	.LFE3-.LFB3
 1198 0030 00000000 		.4byte	.LFB4
 1199 0034 24000000 		.4byte	.LFE4-.LFB4
 1200 0038 00000000 		.4byte	.LFB5
 1201 003c 24000000 		.4byte	.LFE5-.LFB5
 1202 0040 00000000 		.4byte	.LFB6
 1203 0044 24000000 		.4byte	.LFE6-.LFB6
 1204 0048 00000000 		.4byte	.LFB7
 1205 004c 24000000 		.4byte	.LFE7-.LFB7
 1206 0050 00000000 		.4byte	.LFB8
 1207 0054 18000000 		.4byte	.LFE8-.LFB8
 1208 0058 00000000 		.4byte	.LFB9
 1209 005c 24000000 		.4byte	.LFE9-.LFB9
 1210 0060 00000000 		.4byte	.LFB10
 1211 0064 18000000 		.4byte	.LFE10-.LFB10
 1212 0068 00000000 		.4byte	.LFB11
 1213 006c 18000000 		.4byte	.LFE11-.LFB11
 1214 0070 00000000 		.4byte	.LFB12
 1215 0074 18000000 		.4byte	.LFE12-.LFB12
 1216 0078 00000000 		.4byte	0
 1217 007c 00000000 		.4byte	0
 1218              		.section	.debug_ranges,"",%progbits
 1219              	.Ldebug_ranges0:
 1220 0000 00000000 		.4byte	.LFB0
 1221 0004 20000000 		.4byte	.LFE0
 1222 0008 00000000 		.4byte	.LFB1
 1223 000c 22000000 		.4byte	.LFE1
 1224 0010 00000000 		.4byte	.LFB2
 1225 0014 14000000 		.4byte	.LFE2
 1226 0018 00000000 		.4byte	.LFB3
 1227 001c 0C000000 		.4byte	.LFE3
 1228 0020 00000000 		.4byte	.LFB4
 1229 0024 24000000 		.4byte	.LFE4
 1230 0028 00000000 		.4byte	.LFB5
 1231 002c 24000000 		.4byte	.LFE5
 1232 0030 00000000 		.4byte	.LFB6
 1233 0034 24000000 		.4byte	.LFE6
 1234 0038 00000000 		.4byte	.LFB7
 1235 003c 24000000 		.4byte	.LFE7
 1236 0040 00000000 		.4byte	.LFB8
 1237 0044 18000000 		.4byte	.LFE8
 1238 0048 00000000 		.4byte	.LFB9
 1239 004c 24000000 		.4byte	.LFE9
 1240 0050 00000000 		.4byte	.LFB10
 1241 0054 18000000 		.4byte	.LFE10
 1242 0058 00000000 		.4byte	.LFB11
 1243 005c 18000000 		.4byte	.LFE11
ARM GAS  C:\Users\Lenovo\AppData\Local\Temp\ccxtWmW7.s 			page 30


 1244 0060 00000000 		.4byte	.LFB12
 1245 0064 18000000 		.4byte	.LFE12
 1246 0068 00000000 		.4byte	0
 1247 006c 00000000 		.4byte	0
 1248              		.section	.debug_line,"",%progbits
 1249              	.Ldebug_line0:
 1250 0000 6C010000 		.section	.debug_str,"MS",%progbits,1
 1250      02006100 
 1250      00000201 
 1250      FB0E0D00 
 1250      01010101 
 1251              	.LASF16:
 1252 0000 72656733 		.ascii	"reg32\000"
 1252      3200
 1253              	.LASF30:
 1254 0006 436F756E 		.ascii	"Counter_ISR_GetPriority\000"
 1254      7465725F 
 1254      4953525F 
 1254      47657450 
 1254      72696F72 
 1255              	.LASF4:
 1256 001e 73686F72 		.ascii	"short unsigned int\000"
 1256      7420756E 
 1256      7369676E 
 1256      65642069 
 1256      6E7400
 1257              	.LASF32:
 1258 0031 436F756E 		.ascii	"Counter_ISR_Disable\000"
 1258      7465725F 
 1258      4953525F 
 1258      44697361 
 1258      626C6500 
 1259              	.LASF21:
 1260 0045 436F756E 		.ascii	"Counter_ISR_Stop\000"
 1260      7465725F 
 1260      4953525F 
 1260      53746F70 
 1260      00
 1261              	.LASF37:
 1262 0056 433A5C55 		.ascii	"C:\\Users\\Lenovo\\Documents\\GitHub\\CorEx-MUX-Ker"
 1262      73657273 
 1262      5C4C656E 
 1262      6F766F5C 
 1262      446F6375 
 1263 0084 6E656C2D 		.ascii	"nel-Enhanced\\Workspace01\\CorEx-Mux-Kernel.cydsn\000"
 1263      456E6861 
 1263      6E636564 
 1263      5C576F72 
 1263      6B737061 
 1264              	.LASF13:
 1265 00b4 666C6F61 		.ascii	"float\000"
 1265      7400
 1266              	.LASF2:
 1267 00ba 756E7369 		.ascii	"unsigned char\000"
 1267      676E6564 
 1267      20636861 
 1267      7200
ARM GAS  C:\Users\Lenovo\AppData\Local\Temp\ccxtWmW7.s 			page 31


 1268              	.LASF15:
 1269 00c8 72656738 		.ascii	"reg8\000"
 1269      00
 1270              	.LASF29:
 1271 00cd 436F756E 		.ascii	"Counter_ISR_GetVector\000"
 1271      7465725F 
 1271      4953525F 
 1271      47657456 
 1271      6563746F 
 1272              	.LASF6:
 1273 00e3 6C6F6E67 		.ascii	"long unsigned int\000"
 1273      20756E73 
 1273      69676E65 
 1273      6420696E 
 1273      7400
 1274              	.LASF22:
 1275 00f5 436F756E 		.ascii	"Counter_ISR_Interrupt\000"
 1275      7465725F 
 1275      4953525F 
 1275      496E7465 
 1275      72727570 
 1276              	.LASF11:
 1277 010b 75696E74 		.ascii	"uint8\000"
 1277      3800
 1278              	.LASF28:
 1279 0111 7072696F 		.ascii	"priority\000"
 1279      72697479 
 1279      00
 1280              	.LASF27:
 1281 011a 436F756E 		.ascii	"Counter_ISR_SetPriority\000"
 1281      7465725F 
 1281      4953525F 
 1281      53657450 
 1281      72696F72 
 1282              	.LASF36:
 1283 0132 2E5C4765 		.ascii	".\\Generated_Source\\PSoC5\\Counter_ISR.c\000"
 1283      6E657261 
 1283      7465645F 
 1283      536F7572 
 1283      63655C50 
 1284              	.LASF35:
 1285 0159 474E5520 		.ascii	"GNU C 4.9.3 20150303 (release) [ARM/embedded-4_9-br"
 1285      4320342E 
 1285      392E3320 
 1285      32303135 
 1285      30333033 
 1286 018c 616E6368 		.ascii	"anch revision 221220] -mcpu=cortex-m3 -mthumb -g -O"
 1286      20726576 
 1286      6973696F 
 1286      6E203232 
 1286      31323230 
 1287 01bf 30202D66 		.ascii	"0 -ffunction-sections -ffat-lto-objects\000"
 1287      66756E63 
 1287      74696F6E 
 1287      2D736563 
 1287      74696F6E 
 1288              	.LASF14:
ARM GAS  C:\Users\Lenovo\AppData\Local\Temp\ccxtWmW7.s 			page 32


 1289 01e7 646F7562 		.ascii	"double\000"
 1289      6C6500
 1290              	.LASF12:
 1291 01ee 75696E74 		.ascii	"uint32\000"
 1291      333200
 1292              	.LASF0:
 1293 01f5 756E7369 		.ascii	"unsigned int\000"
 1293      676E6564 
 1293      20696E74 
 1293      00
 1294              	.LASF25:
 1295 0202 61646472 		.ascii	"address\000"
 1295      65737300 
 1296              	.LASF8:
 1297 020a 6C6F6E67 		.ascii	"long long unsigned int\000"
 1297      206C6F6E 
 1297      6720756E 
 1297      7369676E 
 1297      65642069 
 1298              	.LASF17:
 1299 0221 63796973 		.ascii	"cyisraddress\000"
 1299      72616464 
 1299      72657373 
 1299      00
 1300              	.LASF23:
 1301 022e 436F756E 		.ascii	"Counter_ISR_StartEx\000"
 1301      7465725F 
 1301      4953525F 
 1301      53746172 
 1301      74457800 
 1302              	.LASF9:
 1303 0242 73697A65 		.ascii	"sizetype\000"
 1303      74797065 
 1303      00
 1304              	.LASF20:
 1305 024b 436F756E 		.ascii	"Counter_ISR_Start\000"
 1305      7465725F 
 1305      4953525F 
 1305      53746172 
 1305      7400
 1306              	.LASF7:
 1307 025d 6C6F6E67 		.ascii	"long long int\000"
 1307      206C6F6E 
 1307      6720696E 
 1307      7400
 1308              	.LASF33:
 1309 026b 436F756E 		.ascii	"Counter_ISR_SetPending\000"
 1309      7465725F 
 1309      4953525F 
 1309      53657450 
 1309      656E6469 
 1310              	.LASF10:
 1311 0282 63686172 		.ascii	"char\000"
 1311      00
 1312              	.LASF26:
 1313 0287 72616D56 		.ascii	"ramVectorTable\000"
 1313      6563746F 
ARM GAS  C:\Users\Lenovo\AppData\Local\Temp\ccxtWmW7.s 			page 33


 1313      72546162 
 1313      6C6500
 1314              	.LASF3:
 1315 0296 73686F72 		.ascii	"short int\000"
 1315      7420696E 
 1315      7400
 1316              	.LASF38:
 1317 02a0 436F756E 		.ascii	"Counter_ISR_GetState\000"
 1317      7465725F 
 1317      4953525F 
 1317      47657453 
 1317      74617465 
 1318              	.LASF5:
 1319 02b5 6C6F6E67 		.ascii	"long int\000"
 1319      20696E74 
 1319      00
 1320              	.LASF31:
 1321 02be 436F756E 		.ascii	"Counter_ISR_Enable\000"
 1321      7465725F 
 1321      4953525F 
 1321      456E6162 
 1321      6C6500
 1322              	.LASF18:
 1323 02d1 6C6F6E67 		.ascii	"long double\000"
 1323      20646F75 
 1323      626C6500 
 1324              	.LASF1:
 1325 02dd 7369676E 		.ascii	"signed char\000"
 1325      65642063 
 1325      68617200 
 1326              	.LASF34:
 1327 02e9 436F756E 		.ascii	"Counter_ISR_ClearPending\000"
 1327      7465725F 
 1327      4953525F 
 1327      436C6561 
 1327      7250656E 
 1328              	.LASF19:
 1329 0302 5F426F6F 		.ascii	"_Bool\000"
 1329      6C00
 1330              	.LASF24:
 1331 0308 436F756E 		.ascii	"Counter_ISR_SetVector\000"
 1331      7465725F 
 1331      4953525F 
 1331      53657456 
 1331      6563746F 
 1332              		.ident	"GCC: (GNU Tools for ARM Embedded Processors) 4.9.3 20150303 (release) [ARM/embedded-4_9-br
