ARM GAS  C:\Users\RECEPC~1\AppData\Local\Temp\ccNFypzI.s 			page 1


   1              		.syntax unified
   2              		.cpu cortex-m3
   3              		.fpu softvfp
   4              		.eabi_attribute 20, 1
   5              		.eabi_attribute 21, 1
   6              		.eabi_attribute 23, 3
   7              		.eabi_attribute 24, 1
   8              		.eabi_attribute 25, 1
   9              		.eabi_attribute 26, 1
  10              		.eabi_attribute 30, 6
  11              		.eabi_attribute 34, 1
  12              		.eabi_attribute 18, 4
  13              		.thumb
  14              		.file	"CRC_Security_PM.c"
  15              		.text
  16              	.Ltext0:
  17              		.cfi_sections	.debug_frame
  18              		.section	.text.CRC_Security_SaveConfig,"ax",%progbits
  19              		.align	2
  20              		.global	CRC_Security_SaveConfig
  21              		.thumb
  22              		.thumb_func
  23              		.type	CRC_Security_SaveConfig, %function
  24              	CRC_Security_SaveConfig:
  25              	.LFB0:
  26              		.file 1 ".\\Generated_Source\\PSoC5\\CRC_Security_PM.c"
   1:.\Generated_Source\PSoC5/CRC_Security_PM.c **** /*******************************************************************************
   2:.\Generated_Source\PSoC5/CRC_Security_PM.c **** * File Name: CRC_Security_PM.c
   3:.\Generated_Source\PSoC5/CRC_Security_PM.c **** * Version 2.40
   4:.\Generated_Source\PSoC5/CRC_Security_PM.c **** *
   5:.\Generated_Source\PSoC5/CRC_Security_PM.c **** * Description:
   6:.\Generated_Source\PSoC5/CRC_Security_PM.c **** *  This file provides Sleep APIs for CRC component.
   7:.\Generated_Source\PSoC5/CRC_Security_PM.c **** *
   8:.\Generated_Source\PSoC5/CRC_Security_PM.c **** * Note:
   9:.\Generated_Source\PSoC5/CRC_Security_PM.c **** *  None
  10:.\Generated_Source\PSoC5/CRC_Security_PM.c **** *
  11:.\Generated_Source\PSoC5/CRC_Security_PM.c **** ********************************************************************************
  12:.\Generated_Source\PSoC5/CRC_Security_PM.c **** * Copyright 2008-2013, Cypress Semiconductor Corporation.  All rights reserved.
  13:.\Generated_Source\PSoC5/CRC_Security_PM.c **** * You may use this file only in accordance with the license, terms, conditions, 
  14:.\Generated_Source\PSoC5/CRC_Security_PM.c **** * disclaimers, and limitations in the end user license agreement accompanying 
  15:.\Generated_Source\PSoC5/CRC_Security_PM.c **** * the software package with which this file was provided.
  16:.\Generated_Source\PSoC5/CRC_Security_PM.c **** *******************************************************************************/
  17:.\Generated_Source\PSoC5/CRC_Security_PM.c **** 
  18:.\Generated_Source\PSoC5/CRC_Security_PM.c **** #include "CRC_Security.h"
  19:.\Generated_Source\PSoC5/CRC_Security_PM.c **** 
  20:.\Generated_Source\PSoC5/CRC_Security_PM.c **** 
  21:.\Generated_Source\PSoC5/CRC_Security_PM.c **** /*******************************************************************************
  22:.\Generated_Source\PSoC5/CRC_Security_PM.c **** * Function Name: CRC_Security_SaveConfig
  23:.\Generated_Source\PSoC5/CRC_Security_PM.c **** ********************************************************************************
  24:.\Generated_Source\PSoC5/CRC_Security_PM.c **** *
  25:.\Generated_Source\PSoC5/CRC_Security_PM.c **** * Summary:
  26:.\Generated_Source\PSoC5/CRC_Security_PM.c **** *  Saves seed and polynomial registers.
  27:.\Generated_Source\PSoC5/CRC_Security_PM.c **** *
  28:.\Generated_Source\PSoC5/CRC_Security_PM.c **** * Parameters:
  29:.\Generated_Source\PSoC5/CRC_Security_PM.c **** *  void
  30:.\Generated_Source\PSoC5/CRC_Security_PM.c **** *
  31:.\Generated_Source\PSoC5/CRC_Security_PM.c **** * Return:
ARM GAS  C:\Users\RECEPC~1\AppData\Local\Temp\ccNFypzI.s 			page 2


  32:.\Generated_Source\PSoC5/CRC_Security_PM.c **** *  void
  33:.\Generated_Source\PSoC5/CRC_Security_PM.c **** *
  34:.\Generated_Source\PSoC5/CRC_Security_PM.c **** * Global Variables:
  35:.\Generated_Source\PSoC5/CRC_Security_PM.c **** *  CRC_Security_backup - modified when non-retention registers are saved.
  36:.\Generated_Source\PSoC5/CRC_Security_PM.c **** *
  37:.\Generated_Source\PSoC5/CRC_Security_PM.c **** *******************************************************************************/
  38:.\Generated_Source\PSoC5/CRC_Security_PM.c **** void CRC_Security_SaveConfig(void) 
  39:.\Generated_Source\PSoC5/CRC_Security_PM.c **** {       
  27              		.loc 1 39 0
  28              		.cfi_startproc
  29              		@ args = 0, pretend = 0, frame = 0
  30              		@ frame_needed = 1, uses_anonymous_args = 0
  31              		@ link register save eliminated.
  32 0000 80B4     		push	{r7}
  33              		.cfi_def_cfa_offset 4
  34              		.cfi_offset 7, -4
  35 0002 00AF     		add	r7, sp, #0
  36              		.cfi_def_cfa_register 7
  40:.\Generated_Source\PSoC5/CRC_Security_PM.c ****     /* Save D0 and D1 registers are none-retention for Panther ES1 */
  41:.\Generated_Source\PSoC5/CRC_Security_PM.c ****     #if (CY_UDB_V0)
  42:.\Generated_Source\PSoC5/CRC_Security_PM.c ****     
  43:.\Generated_Source\PSoC5/CRC_Security_PM.c ****         #if(CRC_Security_CRC_SIZE <= 32u)
  44:.\Generated_Source\PSoC5/CRC_Security_PM.c ****             CRC_Security_backup.polynomial = CRC_Security_ReadPolynomial();
  45:.\Generated_Source\PSoC5/CRC_Security_PM.c ****             
  46:.\Generated_Source\PSoC5/CRC_Security_PM.c ****         #else
  47:.\Generated_Source\PSoC5/CRC_Security_PM.c ****             CRC_Security_backup.polynomialUpper = CRC_Security_ReadPolynomialUpper();
  48:.\Generated_Source\PSoC5/CRC_Security_PM.c ****             CRC_Security_backup.polynomialLower = CRC_Security_ReadPolynomialLower();
  49:.\Generated_Source\PSoC5/CRC_Security_PM.c ****             
  50:.\Generated_Source\PSoC5/CRC_Security_PM.c ****         #endif  /* End (CRC_Security_CRC_SIZE <= 32u) */
  51:.\Generated_Source\PSoC5/CRC_Security_PM.c ****         
  52:.\Generated_Source\PSoC5/CRC_Security_PM.c ****     #endif  /* End (CY_UDB_V0) */
  53:.\Generated_Source\PSoC5/CRC_Security_PM.c **** }
  37              		.loc 1 53 0
  38 0004 BD46     		mov	sp, r7
  39              		.cfi_def_cfa_register 13
  40              		@ sp needed
  41 0006 5DF8047B 		ldr	r7, [sp], #4
  42              		.cfi_restore 7
  43              		.cfi_def_cfa_offset 0
  44 000a 7047     		bx	lr
  45              		.cfi_endproc
  46              	.LFE0:
  47              		.size	CRC_Security_SaveConfig, .-CRC_Security_SaveConfig
  48              		.section	.text.CRC_Security_Sleep,"ax",%progbits
  49              		.align	2
  50              		.global	CRC_Security_Sleep
  51              		.thumb
  52              		.thumb_func
  53              		.type	CRC_Security_Sleep, %function
  54              	CRC_Security_Sleep:
  55              	.LFB1:
  54:.\Generated_Source\PSoC5/CRC_Security_PM.c **** 
  55:.\Generated_Source\PSoC5/CRC_Security_PM.c **** 
  56:.\Generated_Source\PSoC5/CRC_Security_PM.c **** /*******************************************************************************
  57:.\Generated_Source\PSoC5/CRC_Security_PM.c **** * Function Name: CRC_Security_Sleep
  58:.\Generated_Source\PSoC5/CRC_Security_PM.c **** ********************************************************************************
  59:.\Generated_Source\PSoC5/CRC_Security_PM.c **** *
ARM GAS  C:\Users\RECEPC~1\AppData\Local\Temp\ccNFypzI.s 			page 3


  60:.\Generated_Source\PSoC5/CRC_Security_PM.c **** * Summary:
  61:.\Generated_Source\PSoC5/CRC_Security_PM.c **** *  Stops CRC computation and saves CRC configuration.
  62:.\Generated_Source\PSoC5/CRC_Security_PM.c **** *
  63:.\Generated_Source\PSoC5/CRC_Security_PM.c **** * Parameters:
  64:.\Generated_Source\PSoC5/CRC_Security_PM.c **** *  void
  65:.\Generated_Source\PSoC5/CRC_Security_PM.c **** *
  66:.\Generated_Source\PSoC5/CRC_Security_PM.c **** * Return:
  67:.\Generated_Source\PSoC5/CRC_Security_PM.c **** *  void
  68:.\Generated_Source\PSoC5/CRC_Security_PM.c **** *
  69:.\Generated_Source\PSoC5/CRC_Security_PM.c **** * Global Variables:
  70:.\Generated_Source\PSoC5/CRC_Security_PM.c **** *  CRC_Security_backup - modified when non-retention registers are saved.
  71:.\Generated_Source\PSoC5/CRC_Security_PM.c **** *
  72:.\Generated_Source\PSoC5/CRC_Security_PM.c **** *******************************************************************************/
  73:.\Generated_Source\PSoC5/CRC_Security_PM.c **** void CRC_Security_Sleep(void) 
  74:.\Generated_Source\PSoC5/CRC_Security_PM.c **** {
  56              		.loc 1 74 0
  57              		.cfi_startproc
  58              		@ args = 0, pretend = 0, frame = 0
  59              		@ frame_needed = 1, uses_anonymous_args = 0
  60 0000 80B5     		push	{r7, lr}
  61              		.cfi_def_cfa_offset 8
  62              		.cfi_offset 7, -8
  63              		.cfi_offset 14, -4
  64 0002 00AF     		add	r7, sp, #0
  65              		.cfi_def_cfa_register 7
  75:.\Generated_Source\PSoC5/CRC_Security_PM.c ****     /* Store CRC enable state */
  76:.\Generated_Source\PSoC5/CRC_Security_PM.c ****     if(0u != (CRC_Security_CONTROL_REG & CRC_Security_CTRL_ENABLE))
  66              		.loc 1 76 0
  67 0004 094B     		ldr	r3, .L5
  68 0006 1B78     		ldrb	r3, [r3]
  69 0008 DBB2     		uxtb	r3, r3
  70 000a 03F00103 		and	r3, r3, #1
  71 000e 002B     		cmp	r3, #0
  72 0010 05D0     		beq	.L3
  77:.\Generated_Source\PSoC5/CRC_Security_PM.c ****     {
  78:.\Generated_Source\PSoC5/CRC_Security_PM.c ****         CRC_Security_backup.enableState = 1u;
  73              		.loc 1 78 0
  74 0012 074B     		ldr	r3, .L5+4
  75 0014 0122     		movs	r2, #1
  76 0016 1A70     		strb	r2, [r3]
  79:.\Generated_Source\PSoC5/CRC_Security_PM.c ****         CRC_Security_Stop();
  77              		.loc 1 79 0
  78 0018 FFF7FEFF 		bl	CRC_Security_Stop
  79 001c 02E0     		b	.L4
  80              	.L3:
  80:.\Generated_Source\PSoC5/CRC_Security_PM.c ****     }
  81:.\Generated_Source\PSoC5/CRC_Security_PM.c ****     else
  82:.\Generated_Source\PSoC5/CRC_Security_PM.c ****     {
  83:.\Generated_Source\PSoC5/CRC_Security_PM.c ****         CRC_Security_backup.enableState = 0u;
  81              		.loc 1 83 0
  82 001e 044B     		ldr	r3, .L5+4
  83 0020 0022     		movs	r2, #0
  84 0022 1A70     		strb	r2, [r3]
  85              	.L4:
  84:.\Generated_Source\PSoC5/CRC_Security_PM.c ****     }
  85:.\Generated_Source\PSoC5/CRC_Security_PM.c ****     
  86:.\Generated_Source\PSoC5/CRC_Security_PM.c ****     CRC_Security_SaveConfig();
ARM GAS  C:\Users\RECEPC~1\AppData\Local\Temp\ccNFypzI.s 			page 4


  86              		.loc 1 86 0
  87 0024 FFF7FEFF 		bl	CRC_Security_SaveConfig
  87:.\Generated_Source\PSoC5/CRC_Security_PM.c **** }
  88              		.loc 1 87 0
  89 0028 80BD     		pop	{r7, pc}
  90              	.L6:
  91 002a 00BF     		.align	2
  92              	.L5:
  93 002c 76640040 		.word	1073767542
  94 0030 00000000 		.word	CRC_Security_backup
  95              		.cfi_endproc
  96              	.LFE1:
  97              		.size	CRC_Security_Sleep, .-CRC_Security_Sleep
  98              		.section	.text.CRC_Security_RestoreConfig,"ax",%progbits
  99              		.align	2
 100              		.global	CRC_Security_RestoreConfig
 101              		.thumb
 102              		.thumb_func
 103              		.type	CRC_Security_RestoreConfig, %function
 104              	CRC_Security_RestoreConfig:
 105              	.LFB2:
  88:.\Generated_Source\PSoC5/CRC_Security_PM.c **** 
  89:.\Generated_Source\PSoC5/CRC_Security_PM.c **** 
  90:.\Generated_Source\PSoC5/CRC_Security_PM.c **** /*******************************************************************************
  91:.\Generated_Source\PSoC5/CRC_Security_PM.c **** * Function Name: CRC_Security_RestoreConfig
  92:.\Generated_Source\PSoC5/CRC_Security_PM.c **** ********************************************************************************
  93:.\Generated_Source\PSoC5/CRC_Security_PM.c **** *
  94:.\Generated_Source\PSoC5/CRC_Security_PM.c **** * Summary:
  95:.\Generated_Source\PSoC5/CRC_Security_PM.c **** *  Restores seed and polynomial registers.
  96:.\Generated_Source\PSoC5/CRC_Security_PM.c **** *
  97:.\Generated_Source\PSoC5/CRC_Security_PM.c **** * Parameters:
  98:.\Generated_Source\PSoC5/CRC_Security_PM.c **** *  void
  99:.\Generated_Source\PSoC5/CRC_Security_PM.c **** *
 100:.\Generated_Source\PSoC5/CRC_Security_PM.c **** * Return:
 101:.\Generated_Source\PSoC5/CRC_Security_PM.c **** *  void
 102:.\Generated_Source\PSoC5/CRC_Security_PM.c **** *
 103:.\Generated_Source\PSoC5/CRC_Security_PM.c **** *******************************************************************************/
 104:.\Generated_Source\PSoC5/CRC_Security_PM.c **** void CRC_Security_RestoreConfig(void) 
 105:.\Generated_Source\PSoC5/CRC_Security_PM.c **** {      
 106              		.loc 1 105 0
 107              		.cfi_startproc
 108              		@ args = 0, pretend = 0, frame = 0
 109              		@ frame_needed = 1, uses_anonymous_args = 0
 110 0000 80B5     		push	{r7, lr}
 111              		.cfi_def_cfa_offset 8
 112              		.cfi_offset 7, -8
 113              		.cfi_offset 14, -4
 114 0002 00AF     		add	r7, sp, #0
 115              		.cfi_def_cfa_register 7
 106:.\Generated_Source\PSoC5/CRC_Security_PM.c ****     /* Restore D0 and D1 registers are none-retention for Panther ES1 */
 107:.\Generated_Source\PSoC5/CRC_Security_PM.c ****     #if (CY_UDB_V0)
 108:.\Generated_Source\PSoC5/CRC_Security_PM.c ****     
 109:.\Generated_Source\PSoC5/CRC_Security_PM.c ****         #if(CRC_Security_CRC_SIZE <= 32u)
 110:.\Generated_Source\PSoC5/CRC_Security_PM.c ****             CRC_Security_WritePolynomial(CRC_Security_backup.polynomial);
 111:.\Generated_Source\PSoC5/CRC_Security_PM.c ****             
 112:.\Generated_Source\PSoC5/CRC_Security_PM.c ****         #else
 113:.\Generated_Source\PSoC5/CRC_Security_PM.c ****             CRC_Security_WritePolynomialUpper(CRC_Security_backup.polynomialUpper);
ARM GAS  C:\Users\RECEPC~1\AppData\Local\Temp\ccNFypzI.s 			page 5


 114:.\Generated_Source\PSoC5/CRC_Security_PM.c ****             CRC_Security_WritePolynomialLower(CRC_Security_backup.polynomialLower);
 115:.\Generated_Source\PSoC5/CRC_Security_PM.c ****             
 116:.\Generated_Source\PSoC5/CRC_Security_PM.c ****         #endif  /* End (CY_UDB_V0) */
 117:.\Generated_Source\PSoC5/CRC_Security_PM.c ****         
 118:.\Generated_Source\PSoC5/CRC_Security_PM.c ****     #endif  /* End (CRC_Security_CRC_SIZE <= 32u) */
 119:.\Generated_Source\PSoC5/CRC_Security_PM.c ****     
 120:.\Generated_Source\PSoC5/CRC_Security_PM.c ****     #if (CRC_Security_CRC_SIZE <= 32u)
 121:.\Generated_Source\PSoC5/CRC_Security_PM.c ****         CRC_Security_WriteSeed(CRC_Security_DEFAULT_SEED);                        
 116              		.loc 1 121 0
 117 0004 AB20     		movs	r0, #171
 118 0006 FFF7FEFF 		bl	CRC_Security_WriteSeed
 122:.\Generated_Source\PSoC5/CRC_Security_PM.c ****     #else
 123:.\Generated_Source\PSoC5/CRC_Security_PM.c ****         CRC_Security_WriteSeedUpper(CRC_Security_DEFAULT_SEED_UPPER);
 124:.\Generated_Source\PSoC5/CRC_Security_PM.c ****         CRC_Security_WriteSeedLower(CRC_Security_DEFAULT_SEED_LOWER); 
 125:.\Generated_Source\PSoC5/CRC_Security_PM.c ****     #endif  /* End (CRC_Security_CRC_SIZE <= 32u) */
 126:.\Generated_Source\PSoC5/CRC_Security_PM.c ****     
 127:.\Generated_Source\PSoC5/CRC_Security_PM.c ****     #if (CRC_Security_CRC_SIZE <= 32u)
 128:.\Generated_Source\PSoC5/CRC_Security_PM.c ****         CRC_Security_ResetSeedInit(CRC_Security_DEFAULT_SEED);                        
 119              		.loc 1 128 0
 120 000a AB20     		movs	r0, #171
 121 000c FFF7FEFF 		bl	CRC_Security_ResetSeedInit
 129:.\Generated_Source\PSoC5/CRC_Security_PM.c ****     #else
 130:.\Generated_Source\PSoC5/CRC_Security_PM.c ****         CRC_Security_ResetSeedInitUpper(CRC_Security_DEFAULT_SEED_UPPER);
 131:.\Generated_Source\PSoC5/CRC_Security_PM.c ****         CRC_Security_ResetSeedInitLower(CRC_Security_DEFAULT_SEED_LOWER); 
 132:.\Generated_Source\PSoC5/CRC_Security_PM.c ****     #endif  /* End (CRC_Security_CRC_SIZE <= 32u) */
 133:.\Generated_Source\PSoC5/CRC_Security_PM.c **** }
 122              		.loc 1 133 0
 123 0010 80BD     		pop	{r7, pc}
 124              		.cfi_endproc
 125              	.LFE2:
 126              		.size	CRC_Security_RestoreConfig, .-CRC_Security_RestoreConfig
 127 0012 00BF     		.section	.text.CRC_Security_Wakeup,"ax",%progbits
 128              		.align	2
 129              		.global	CRC_Security_Wakeup
 130              		.thumb
 131              		.thumb_func
 132              		.type	CRC_Security_Wakeup, %function
 133              	CRC_Security_Wakeup:
 134              	.LFB3:
 134:.\Generated_Source\PSoC5/CRC_Security_PM.c **** 
 135:.\Generated_Source\PSoC5/CRC_Security_PM.c **** 
 136:.\Generated_Source\PSoC5/CRC_Security_PM.c **** /*******************************************************************************
 137:.\Generated_Source\PSoC5/CRC_Security_PM.c **** * Function Name: CRC_Security_Wakeup
 138:.\Generated_Source\PSoC5/CRC_Security_PM.c **** ********************************************************************************
 139:.\Generated_Source\PSoC5/CRC_Security_PM.c **** *
 140:.\Generated_Source\PSoC5/CRC_Security_PM.c **** * Summary:
 141:.\Generated_Source\PSoC5/CRC_Security_PM.c **** *  Restores CRC configuration and starts CRC computation. 
 142:.\Generated_Source\PSoC5/CRC_Security_PM.c **** *
 143:.\Generated_Source\PSoC5/CRC_Security_PM.c **** * Parameters:
 144:.\Generated_Source\PSoC5/CRC_Security_PM.c **** *  void
 145:.\Generated_Source\PSoC5/CRC_Security_PM.c **** *
 146:.\Generated_Source\PSoC5/CRC_Security_PM.c **** * Return:
 147:.\Generated_Source\PSoC5/CRC_Security_PM.c **** *  void
 148:.\Generated_Source\PSoC5/CRC_Security_PM.c **** * 
 149:.\Generated_Source\PSoC5/CRC_Security_PM.c **** *******************************************************************************/
 150:.\Generated_Source\PSoC5/CRC_Security_PM.c **** void CRC_Security_Wakeup(void) 
 151:.\Generated_Source\PSoC5/CRC_Security_PM.c **** {
ARM GAS  C:\Users\RECEPC~1\AppData\Local\Temp\ccNFypzI.s 			page 6


 135              		.loc 1 151 0
 136              		.cfi_startproc
 137              		@ args = 0, pretend = 0, frame = 0
 138              		@ frame_needed = 1, uses_anonymous_args = 0
 139 0000 80B5     		push	{r7, lr}
 140              		.cfi_def_cfa_offset 8
 141              		.cfi_offset 7, -8
 142              		.cfi_offset 14, -4
 143 0002 00AF     		add	r7, sp, #0
 144              		.cfi_def_cfa_register 7
 152:.\Generated_Source\PSoC5/CRC_Security_PM.c ****     CRC_Security_RestoreConfig();
 145              		.loc 1 152 0
 146 0004 FFF7FEFF 		bl	CRC_Security_RestoreConfig
 153:.\Generated_Source\PSoC5/CRC_Security_PM.c ****     
 154:.\Generated_Source\PSoC5/CRC_Security_PM.c ****     /* Restore CRC enable state */
 155:.\Generated_Source\PSoC5/CRC_Security_PM.c ****     if (CRC_Security_backup.enableState != 0u)
 147              		.loc 1 155 0
 148 0008 034B     		ldr	r3, .L10
 149 000a 1B78     		ldrb	r3, [r3]	@ zero_extendqisi2
 150 000c 002B     		cmp	r3, #0
 151 000e 01D0     		beq	.L8
 156:.\Generated_Source\PSoC5/CRC_Security_PM.c ****     {
 157:.\Generated_Source\PSoC5/CRC_Security_PM.c ****         CRC_Security_Enable();
 152              		.loc 1 157 0
 153 0010 FFF7FEFF 		bl	CRC_Security_Enable
 154              	.L8:
 158:.\Generated_Source\PSoC5/CRC_Security_PM.c ****     }
 159:.\Generated_Source\PSoC5/CRC_Security_PM.c **** }
 155              		.loc 1 159 0
 156 0014 80BD     		pop	{r7, pc}
 157              	.L11:
 158 0016 00BF     		.align	2
 159              	.L10:
 160 0018 00000000 		.word	CRC_Security_backup
 161              		.cfi_endproc
 162              	.LFE3:
 163              		.size	CRC_Security_Wakeup, .-CRC_Security_Wakeup
 164              		.text
 165              	.Letext0:
 166              		.file 2 ".\\Generated_Source\\PSoC5\\cytypes.h"
 167              		.file 3 ".\\Generated_Source\\PSoC5\\CRC_Security.h"
 168              		.section	.debug_info,"",%progbits
 169              	.Ldebug_info0:
 170 0000 10010000 		.4byte	0x110
 171 0004 0400     		.2byte	0x4
 172 0006 00000000 		.4byte	.Ldebug_abbrev0
 173 000a 04       		.byte	0x4
 174 000b 01       		.uleb128 0x1
 175 000c E2000000 		.4byte	.LASF20
 176 0010 01       		.byte	0x1
 177 0011 7D000000 		.4byte	.LASF21
 178 0015 70010000 		.4byte	.LASF22
 179 0019 00000000 		.4byte	.Ldebug_ranges0+0
 180 001d 00000000 		.4byte	0
 181 0021 00000000 		.4byte	.Ldebug_line0
 182 0025 02       		.uleb128 0x2
 183 0026 01       		.byte	0x1
ARM GAS  C:\Users\RECEPC~1\AppData\Local\Temp\ccNFypzI.s 			page 7


 184 0027 06       		.byte	0x6
 185 0028 F1010000 		.4byte	.LASF0
 186 002c 02       		.uleb128 0x2
 187 002d 01       		.byte	0x1
 188 002e 08       		.byte	0x8
 189 002f C6000000 		.4byte	.LASF1
 190 0033 02       		.uleb128 0x2
 191 0034 02       		.byte	0x2
 192 0035 05       		.byte	0x5
 193 0036 11020000 		.4byte	.LASF2
 194 003a 02       		.uleb128 0x2
 195 003b 02       		.byte	0x2
 196 003c 07       		.byte	0x7
 197 003d DE010000 		.4byte	.LASF3
 198 0041 02       		.uleb128 0x2
 199 0042 04       		.byte	0x4
 200 0043 05       		.byte	0x5
 201 0044 D9000000 		.4byte	.LASF4
 202 0048 02       		.uleb128 0x2
 203 0049 04       		.byte	0x4
 204 004a 07       		.byte	0x7
 205 004b 54000000 		.4byte	.LASF5
 206 004f 02       		.uleb128 0x2
 207 0050 08       		.byte	0x8
 208 0051 05       		.byte	0x5
 209 0052 00000000 		.4byte	.LASF6
 210 0056 02       		.uleb128 0x2
 211 0057 08       		.byte	0x8
 212 0058 07       		.byte	0x7
 213 0059 66000000 		.4byte	.LASF7
 214 005d 03       		.uleb128 0x3
 215 005e 04       		.byte	0x4
 216 005f 05       		.byte	0x5
 217 0060 696E7400 		.ascii	"int\000"
 218 0064 02       		.uleb128 0x2
 219 0065 04       		.byte	0x4
 220 0066 07       		.byte	0x7
 221 0067 1A000000 		.4byte	.LASF8
 222 006b 04       		.uleb128 0x4
 223 006c 4E000000 		.4byte	.LASF12
 224 0070 02       		.byte	0x2
 225 0071 3801     		.2byte	0x138
 226 0073 2C000000 		.4byte	0x2c
 227 0077 02       		.uleb128 0x2
 228 0078 04       		.byte	0x4
 229 0079 04       		.byte	0x4
 230 007a C0000000 		.4byte	.LASF9
 231 007e 02       		.uleb128 0x2
 232 007f 08       		.byte	0x8
 233 0080 04       		.byte	0x4
 234 0081 D7010000 		.4byte	.LASF10
 235 0085 02       		.uleb128 0x2
 236 0086 01       		.byte	0x1
 237 0087 08       		.byte	0x8
 238 0088 D4000000 		.4byte	.LASF11
 239 008c 04       		.uleb128 0x4
 240 008d 1B020000 		.4byte	.LASF13
ARM GAS  C:\Users\RECEPC~1\AppData\Local\Temp\ccNFypzI.s 			page 8


 241 0091 02       		.byte	0x2
 242 0092 E201     		.2byte	0x1e2
 243 0094 98000000 		.4byte	0x98
 244 0098 05       		.uleb128 0x5
 245 0099 6B000000 		.4byte	0x6b
 246 009d 02       		.uleb128 0x2
 247 009e 04       		.byte	0x4
 248 009f 07       		.byte	0x7
 249 00a0 3B020000 		.4byte	.LASF14
 250 00a4 06       		.uleb128 0x6
 251 00a5 01       		.byte	0x1
 252 00a6 03       		.byte	0x3
 253 00a7 2E       		.byte	0x2e
 254 00a8 B9000000 		.4byte	0xb9
 255 00ac 07       		.uleb128 0x7
 256 00ad 0E000000 		.4byte	.LASF23
 257 00b1 03       		.byte	0x3
 258 00b2 30       		.byte	0x30
 259 00b3 6B000000 		.4byte	0x6b
 260 00b7 00       		.byte	0
 261 00b8 00       		.byte	0
 262 00b9 08       		.uleb128 0x8
 263 00ba 44020000 		.4byte	.LASF15
 264 00be 03       		.byte	0x3
 265 00bf 40       		.byte	0x40
 266 00c0 A4000000 		.4byte	0xa4
 267 00c4 09       		.uleb128 0x9
 268 00c5 A8000000 		.4byte	.LASF16
 269 00c9 01       		.byte	0x1
 270 00ca 26       		.byte	0x26
 271 00cb 00000000 		.4byte	.LFB0
 272 00cf 0C000000 		.4byte	.LFE0-.LFB0
 273 00d3 01       		.uleb128 0x1
 274 00d4 9C       		.byte	0x9c
 275 00d5 0A       		.uleb128 0xa
 276 00d6 27000000 		.4byte	.LASF17
 277 00da 01       		.byte	0x1
 278 00db 49       		.byte	0x49
 279 00dc 00000000 		.4byte	.LFB1
 280 00e0 34000000 		.4byte	.LFE1-.LFB1
 281 00e4 01       		.uleb128 0x1
 282 00e5 9C       		.byte	0x9c
 283 00e6 0A       		.uleb128 0xa
 284 00e7 20020000 		.4byte	.LASF18
 285 00eb 01       		.byte	0x1
 286 00ec 68       		.byte	0x68
 287 00ed 00000000 		.4byte	.LFB2
 288 00f1 12000000 		.4byte	.LFE2-.LFB2
 289 00f5 01       		.uleb128 0x1
 290 00f6 9C       		.byte	0x9c
 291 00f7 0A       		.uleb128 0xa
 292 00f8 3A000000 		.4byte	.LASF19
 293 00fc 01       		.byte	0x1
 294 00fd 96       		.byte	0x96
 295 00fe 00000000 		.4byte	.LFB3
 296 0102 1C000000 		.4byte	.LFE3-.LFB3
 297 0106 01       		.uleb128 0x1
ARM GAS  C:\Users\RECEPC~1\AppData\Local\Temp\ccNFypzI.s 			page 9


 298 0107 9C       		.byte	0x9c
 299 0108 0B       		.uleb128 0xb
 300 0109 FD010000 		.4byte	.LASF24
 301 010d 03       		.byte	0x3
 302 010e 44       		.byte	0x44
 303 010f B9000000 		.4byte	0xb9
 304 0113 00       		.byte	0
 305              		.section	.debug_abbrev,"",%progbits
 306              	.Ldebug_abbrev0:
 307 0000 01       		.uleb128 0x1
 308 0001 11       		.uleb128 0x11
 309 0002 01       		.byte	0x1
 310 0003 25       		.uleb128 0x25
 311 0004 0E       		.uleb128 0xe
 312 0005 13       		.uleb128 0x13
 313 0006 0B       		.uleb128 0xb
 314 0007 03       		.uleb128 0x3
 315 0008 0E       		.uleb128 0xe
 316 0009 1B       		.uleb128 0x1b
 317 000a 0E       		.uleb128 0xe
 318 000b 55       		.uleb128 0x55
 319 000c 17       		.uleb128 0x17
 320 000d 11       		.uleb128 0x11
 321 000e 01       		.uleb128 0x1
 322 000f 10       		.uleb128 0x10
 323 0010 17       		.uleb128 0x17
 324 0011 00       		.byte	0
 325 0012 00       		.byte	0
 326 0013 02       		.uleb128 0x2
 327 0014 24       		.uleb128 0x24
 328 0015 00       		.byte	0
 329 0016 0B       		.uleb128 0xb
 330 0017 0B       		.uleb128 0xb
 331 0018 3E       		.uleb128 0x3e
 332 0019 0B       		.uleb128 0xb
 333 001a 03       		.uleb128 0x3
 334 001b 0E       		.uleb128 0xe
 335 001c 00       		.byte	0
 336 001d 00       		.byte	0
 337 001e 03       		.uleb128 0x3
 338 001f 24       		.uleb128 0x24
 339 0020 00       		.byte	0
 340 0021 0B       		.uleb128 0xb
 341 0022 0B       		.uleb128 0xb
 342 0023 3E       		.uleb128 0x3e
 343 0024 0B       		.uleb128 0xb
 344 0025 03       		.uleb128 0x3
 345 0026 08       		.uleb128 0x8
 346 0027 00       		.byte	0
 347 0028 00       		.byte	0
 348 0029 04       		.uleb128 0x4
 349 002a 16       		.uleb128 0x16
 350 002b 00       		.byte	0
 351 002c 03       		.uleb128 0x3
 352 002d 0E       		.uleb128 0xe
 353 002e 3A       		.uleb128 0x3a
 354 002f 0B       		.uleb128 0xb
ARM GAS  C:\Users\RECEPC~1\AppData\Local\Temp\ccNFypzI.s 			page 10


 355 0030 3B       		.uleb128 0x3b
 356 0031 05       		.uleb128 0x5
 357 0032 49       		.uleb128 0x49
 358 0033 13       		.uleb128 0x13
 359 0034 00       		.byte	0
 360 0035 00       		.byte	0
 361 0036 05       		.uleb128 0x5
 362 0037 35       		.uleb128 0x35
 363 0038 00       		.byte	0
 364 0039 49       		.uleb128 0x49
 365 003a 13       		.uleb128 0x13
 366 003b 00       		.byte	0
 367 003c 00       		.byte	0
 368 003d 06       		.uleb128 0x6
 369 003e 13       		.uleb128 0x13
 370 003f 01       		.byte	0x1
 371 0040 0B       		.uleb128 0xb
 372 0041 0B       		.uleb128 0xb
 373 0042 3A       		.uleb128 0x3a
 374 0043 0B       		.uleb128 0xb
 375 0044 3B       		.uleb128 0x3b
 376 0045 0B       		.uleb128 0xb
 377 0046 01       		.uleb128 0x1
 378 0047 13       		.uleb128 0x13
 379 0048 00       		.byte	0
 380 0049 00       		.byte	0
 381 004a 07       		.uleb128 0x7
 382 004b 0D       		.uleb128 0xd
 383 004c 00       		.byte	0
 384 004d 03       		.uleb128 0x3
 385 004e 0E       		.uleb128 0xe
 386 004f 3A       		.uleb128 0x3a
 387 0050 0B       		.uleb128 0xb
 388 0051 3B       		.uleb128 0x3b
 389 0052 0B       		.uleb128 0xb
 390 0053 49       		.uleb128 0x49
 391 0054 13       		.uleb128 0x13
 392 0055 38       		.uleb128 0x38
 393 0056 0B       		.uleb128 0xb
 394 0057 00       		.byte	0
 395 0058 00       		.byte	0
 396 0059 08       		.uleb128 0x8
 397 005a 16       		.uleb128 0x16
 398 005b 00       		.byte	0
 399 005c 03       		.uleb128 0x3
 400 005d 0E       		.uleb128 0xe
 401 005e 3A       		.uleb128 0x3a
 402 005f 0B       		.uleb128 0xb
 403 0060 3B       		.uleb128 0x3b
 404 0061 0B       		.uleb128 0xb
 405 0062 49       		.uleb128 0x49
 406 0063 13       		.uleb128 0x13
 407 0064 00       		.byte	0
 408 0065 00       		.byte	0
 409 0066 09       		.uleb128 0x9
 410 0067 2E       		.uleb128 0x2e
 411 0068 00       		.byte	0
ARM GAS  C:\Users\RECEPC~1\AppData\Local\Temp\ccNFypzI.s 			page 11


 412 0069 3F       		.uleb128 0x3f
 413 006a 19       		.uleb128 0x19
 414 006b 03       		.uleb128 0x3
 415 006c 0E       		.uleb128 0xe
 416 006d 3A       		.uleb128 0x3a
 417 006e 0B       		.uleb128 0xb
 418 006f 3B       		.uleb128 0x3b
 419 0070 0B       		.uleb128 0xb
 420 0071 27       		.uleb128 0x27
 421 0072 19       		.uleb128 0x19
 422 0073 11       		.uleb128 0x11
 423 0074 01       		.uleb128 0x1
 424 0075 12       		.uleb128 0x12
 425 0076 06       		.uleb128 0x6
 426 0077 40       		.uleb128 0x40
 427 0078 18       		.uleb128 0x18
 428 0079 9742     		.uleb128 0x2117
 429 007b 19       		.uleb128 0x19
 430 007c 00       		.byte	0
 431 007d 00       		.byte	0
 432 007e 0A       		.uleb128 0xa
 433 007f 2E       		.uleb128 0x2e
 434 0080 00       		.byte	0
 435 0081 3F       		.uleb128 0x3f
 436 0082 19       		.uleb128 0x19
 437 0083 03       		.uleb128 0x3
 438 0084 0E       		.uleb128 0xe
 439 0085 3A       		.uleb128 0x3a
 440 0086 0B       		.uleb128 0xb
 441 0087 3B       		.uleb128 0x3b
 442 0088 0B       		.uleb128 0xb
 443 0089 27       		.uleb128 0x27
 444 008a 19       		.uleb128 0x19
 445 008b 11       		.uleb128 0x11
 446 008c 01       		.uleb128 0x1
 447 008d 12       		.uleb128 0x12
 448 008e 06       		.uleb128 0x6
 449 008f 40       		.uleb128 0x40
 450 0090 18       		.uleb128 0x18
 451 0091 9642     		.uleb128 0x2116
 452 0093 19       		.uleb128 0x19
 453 0094 00       		.byte	0
 454 0095 00       		.byte	0
 455 0096 0B       		.uleb128 0xb
 456 0097 34       		.uleb128 0x34
 457 0098 00       		.byte	0
 458 0099 03       		.uleb128 0x3
 459 009a 0E       		.uleb128 0xe
 460 009b 3A       		.uleb128 0x3a
 461 009c 0B       		.uleb128 0xb
 462 009d 3B       		.uleb128 0x3b
 463 009e 0B       		.uleb128 0xb
 464 009f 49       		.uleb128 0x49
 465 00a0 13       		.uleb128 0x13
 466 00a1 3F       		.uleb128 0x3f
 467 00a2 19       		.uleb128 0x19
 468 00a3 3C       		.uleb128 0x3c
ARM GAS  C:\Users\RECEPC~1\AppData\Local\Temp\ccNFypzI.s 			page 12


 469 00a4 19       		.uleb128 0x19
 470 00a5 00       		.byte	0
 471 00a6 00       		.byte	0
 472 00a7 00       		.byte	0
 473              		.section	.debug_aranges,"",%progbits
 474 0000 34000000 		.4byte	0x34
 475 0004 0200     		.2byte	0x2
 476 0006 00000000 		.4byte	.Ldebug_info0
 477 000a 04       		.byte	0x4
 478 000b 00       		.byte	0
 479 000c 0000     		.2byte	0
 480 000e 0000     		.2byte	0
 481 0010 00000000 		.4byte	.LFB0
 482 0014 0C000000 		.4byte	.LFE0-.LFB0
 483 0018 00000000 		.4byte	.LFB1
 484 001c 34000000 		.4byte	.LFE1-.LFB1
 485 0020 00000000 		.4byte	.LFB2
 486 0024 12000000 		.4byte	.LFE2-.LFB2
 487 0028 00000000 		.4byte	.LFB3
 488 002c 1C000000 		.4byte	.LFE3-.LFB3
 489 0030 00000000 		.4byte	0
 490 0034 00000000 		.4byte	0
 491              		.section	.debug_ranges,"",%progbits
 492              	.Ldebug_ranges0:
 493 0000 00000000 		.4byte	.LFB0
 494 0004 0C000000 		.4byte	.LFE0
 495 0008 00000000 		.4byte	.LFB1
 496 000c 34000000 		.4byte	.LFE1
 497 0010 00000000 		.4byte	.LFB2
 498 0014 12000000 		.4byte	.LFE2
 499 0018 00000000 		.4byte	.LFB3
 500 001c 1C000000 		.4byte	.LFE3
 501 0020 00000000 		.4byte	0
 502 0024 00000000 		.4byte	0
 503              		.section	.debug_line,"",%progbits
 504              	.Ldebug_line0:
 505 0000 B7000000 		.section	.debug_str,"MS",%progbits,1
 505      02006000 
 505      00000201 
 505      FB0E0D00 
 505      01010101 
 506              	.LASF6:
 507 0000 6C6F6E67 		.ascii	"long long int\000"
 507      206C6F6E 
 507      6720696E 
 507      7400
 508              	.LASF23:
 509 000e 656E6162 		.ascii	"enableState\000"
 509      6C655374 
 509      61746500 
 510              	.LASF8:
 511 001a 756E7369 		.ascii	"unsigned int\000"
 511      676E6564 
 511      20696E74 
 511      00
 512              	.LASF17:
 513 0027 4352435F 		.ascii	"CRC_Security_Sleep\000"
ARM GAS  C:\Users\RECEPC~1\AppData\Local\Temp\ccNFypzI.s 			page 13


 513      53656375 
 513      72697479 
 513      5F536C65 
 513      657000
 514              	.LASF19:
 515 003a 4352435F 		.ascii	"CRC_Security_Wakeup\000"
 515      53656375 
 515      72697479 
 515      5F57616B 
 515      65757000 
 516              	.LASF12:
 517 004e 75696E74 		.ascii	"uint8\000"
 517      3800
 518              	.LASF5:
 519 0054 6C6F6E67 		.ascii	"long unsigned int\000"
 519      20756E73 
 519      69676E65 
 519      6420696E 
 519      7400
 520              	.LASF7:
 521 0066 6C6F6E67 		.ascii	"long long unsigned int\000"
 521      206C6F6E 
 521      6720756E 
 521      7369676E 
 521      65642069 
 522              	.LASF21:
 523 007d 2E5C4765 		.ascii	".\\Generated_Source\\PSoC5\\CRC_Security_PM.c\000"
 523      6E657261 
 523      7465645F 
 523      536F7572 
 523      63655C50 
 524              	.LASF16:
 525 00a8 4352435F 		.ascii	"CRC_Security_SaveConfig\000"
 525      53656375 
 525      72697479 
 525      5F536176 
 525      65436F6E 
 526              	.LASF9:
 527 00c0 666C6F61 		.ascii	"float\000"
 527      7400
 528              	.LASF1:
 529 00c6 756E7369 		.ascii	"unsigned char\000"
 529      676E6564 
 529      20636861 
 529      7200
 530              	.LASF11:
 531 00d4 63686172 		.ascii	"char\000"
 531      00
 532              	.LASF4:
 533 00d9 6C6F6E67 		.ascii	"long int\000"
 533      20696E74 
 533      00
 534              	.LASF20:
 535 00e2 474E5520 		.ascii	"GNU C 4.9.3 20150303 (release) [ARM/embedded-4_9-br"
 535      4320342E 
 535      392E3320 
 535      32303135 
ARM GAS  C:\Users\RECEPC~1\AppData\Local\Temp\ccNFypzI.s 			page 14


 535      30333033 
 536 0115 616E6368 		.ascii	"anch revision 221220] -mcpu=cortex-m3 -mthumb -g -O"
 536      20726576 
 536      6973696F 
 536      6E203232 
 536      31323230 
 537 0148 30202D66 		.ascii	"0 -ffunction-sections -ffat-lto-objects\000"
 537      66756E63 
 537      74696F6E 
 537      2D736563 
 537      74696F6E 
 538              	.LASF22:
 539 0170 433A5C55 		.ascii	"C:\\Users\\Recepcion\\Documents\\CorEx-MUX-Kernel-E"
 539      73657273 
 539      5C526563 
 539      65706369 
 539      6F6E5C44 
 540 019f 6E68616E 		.ascii	"nhanced-COPIA RECIBO\\Workspace01\\CorEx-Mux-Kernel"
 540      6365642D 
 540      434F5049 
 540      41205245 
 540      4349424F 
 541 01d0 2E637964 		.ascii	".cydsn\000"
 541      736E00
 542              	.LASF10:
 543 01d7 646F7562 		.ascii	"double\000"
 543      6C6500
 544              	.LASF3:
 545 01de 73686F72 		.ascii	"short unsigned int\000"
 545      7420756E 
 545      7369676E 
 545      65642069 
 545      6E7400
 546              	.LASF0:
 547 01f1 7369676E 		.ascii	"signed char\000"
 547      65642063 
 547      68617200 
 548              	.LASF24:
 549 01fd 4352435F 		.ascii	"CRC_Security_backup\000"
 549      53656375 
 549      72697479 
 549      5F626163 
 549      6B757000 
 550              	.LASF2:
 551 0211 73686F72 		.ascii	"short int\000"
 551      7420696E 
 551      7400
 552              	.LASF13:
 553 021b 72656738 		.ascii	"reg8\000"
 553      00
 554              	.LASF18:
 555 0220 4352435F 		.ascii	"CRC_Security_RestoreConfig\000"
 555      53656375 
 555      72697479 
 555      5F526573 
 555      746F7265 
 556              	.LASF14:
ARM GAS  C:\Users\RECEPC~1\AppData\Local\Temp\ccNFypzI.s 			page 15


 557 023b 73697A65 		.ascii	"sizetype\000"
 557      74797065 
 557      00
 558              	.LASF15:
 559 0244 4352435F 		.ascii	"CRC_Security_BACKUP_STRUCT\000"
 559      53656375 
 559      72697479 
 559      5F424143 
 559      4B55505F 
 560              		.ident	"GCC: (GNU Tools for ARM Embedded Processors) 4.9.3 20150303 (release) [ARM/embedded-4_9-br
