ARM GAS  C:\Users\RECEPC~1\AppData\Local\Temp\ccfEfWlt.s 			page 1


   1              		.syntax unified
   2              		.cpu cortex-m3
   3              		.fpu softvfp
   4              		.eabi_attribute 20, 1
   5              		.eabi_attribute 21, 1
   6              		.eabi_attribute 23, 3
   7              		.eabi_attribute 24, 1
   8              		.eabi_attribute 25, 1
   9              		.eabi_attribute 26, 1
  10              		.eabi_attribute 30, 6
  11              		.eabi_attribute 34, 1
  12              		.eabi_attribute 18, 4
  13              		.thumb
  14              		.file	"DisplayBufferScreenMap.c"
  15              		.text
  16              	.Ltext0:
  17              		.cfi_sections	.debug_frame
  18              		.global	_g_buffscrlut
  19              		.data
  20              		.align	2
  21              		.type	_g_buffscrlut, %object
  22              		.size	_g_buffscrlut, 102
  23              	_g_buffscrlut:
  24 0000 04       		.byte	4
  25 0001 00       		.space	1
  26 0002 0000     		.short	0
  27 0004 02       		.byte	2
  28 0005 00       		.space	1
  29 0006 2E       		.byte	46
  30 0007 00       		.space	1
  31 0008 0200     		.short	2
  32 000a 02       		.byte	2
  33 000b 00       		.space	1
  34 000c 05       		.byte	5
  35 000d 00       		.space	1
  36 000e 0400     		.short	4
  37 0010 02       		.byte	2
  38 0011 00       		.space	1
  39 0012 7E       		.byte	126
  40 0013 00       		.space	1
  41 0014 0600     		.short	6
  42 0016 02       		.byte	2
  43 0017 00       		.space	1
  44 0018 86       		.byte	-122
  45 0019 00       		.space	1
  46 001a 0600     		.short	6
  47 001c 02       		.byte	2
  48 001d 00       		.space	1
  49 001e 06       		.byte	6
  50 001f 00       		.space	1
  51 0020 0800     		.short	8
  52 0022 10       		.byte	16
  53 0023 00       		.space	1
  54 0024 0D       		.byte	13
  55 0025 00       		.space	1
  56 0026 0800     		.short	8
  57 0028 10       		.byte	16
ARM GAS  C:\Users\RECEPC~1\AppData\Local\Temp\ccfEfWlt.s 			page 2


  58 0029 00       		.space	1
  59 002a 0A       		.byte	10
  60 002b 00       		.space	1
  61 002c 1800     		.short	24
  62 002e 08       		.byte	8
  63 002f 00       		.space	1
  64 0030 0B       		.byte	11
  65 0031 00       		.space	1
  66 0032 2000     		.short	32
  67 0034 02       		.byte	2
  68 0035 00       		.space	1
  69 0036 0E       		.byte	14
  70 0037 00       		.space	1
  71 0038 2200     		.short	34
  72 003a 09       		.byte	9
  73 003b 00       		.space	1
  74 003c 12       		.byte	18
  75 003d 00       		.space	1
  76 003e 2B00     		.short	43
  77 0040 08       		.byte	8
  78 0041 00       		.space	1
  79 0042 07       		.byte	7
  80 0043 00       		.space	1
  81 0044 3300     		.short	51
  82 0046 02       		.byte	2
  83 0047 00       		.space	1
  84 0048 65       		.byte	101
  85 0049 00       		.space	1
  86 004a 3500     		.short	53
  87 004c 06       		.byte	6
  88 004d 00       		.space	1
  89 004e FA       		.byte	-6
  90 004f 00       		.space	1
  91 0050 3B00     		.short	59
  92 0052 02       		.byte	2
  93 0053 00       		.space	1
  94 0054 24       		.byte	36
  95 0055 00       		.space	1
  96 0056 3D00     		.short	61
  97 0058 0A       		.byte	10
  98 0059 00       		.space	1
  99 005a 25       		.byte	37
 100 005b 00       		.space	1
 101 005c 4700     		.short	71
 102 005e 08       		.byte	8
 103 005f 00       		.space	1
 104 0060 00       		.byte	0
 105 0061 00       		.space	1
 106 0062 0000     		.short	0
 107 0064 00       		.byte	0
 108 0065 00       		.space	1
 109 0066 0000     		.section	.text.GetBufferIndexFromDisplayID,"ax",%progbits
 110              		.align	2
 111              		.global	GetBufferIndexFromDisplayID
 112              		.thumb
 113              		.thumb_func
 114              		.type	GetBufferIndexFromDisplayID, %function
ARM GAS  C:\Users\RECEPC~1\AppData\Local\Temp\ccfEfWlt.s 			page 3


 115              	GetBufferIndexFromDisplayID:
 116              	.LFB0:
 117              		.file 1 ".\\DisplayBufferScreenMap.c"
   1:.\DisplayBufferScreenMap.c **** /* ========================================
   2:.\DisplayBufferScreenMap.c ****  *
   3:.\DisplayBufferScreenMap.c ****  * Copyright INSEPET SISTEMAS, 2016
   4:.\DisplayBufferScreenMap.c ****  * All Rights Reserved
   5:.\DisplayBufferScreenMap.c ****  * UNPUBLISHED, LICENSED SOFTWARE.
   6:.\DisplayBufferScreenMap.c ****  *
   7:.\DisplayBufferScreenMap.c ****  * CONFIDENTIAL AND PROPRIETARY INFORMATION
   8:.\DisplayBufferScreenMap.c ****  * WHICH IS THE PROPERTY OF your company.
   9:.\DisplayBufferScreenMap.c ****  *
  10:.\DisplayBufferScreenMap.c ****  * ========================================
  11:.\DisplayBufferScreenMap.c **** @Created By: HIJH
  12:.\DisplayBufferScreenMap.c **** @Date: Septembre de 2016
  13:.\DisplayBufferScreenMap.c **** */
  14:.\DisplayBufferScreenMap.c **** #include "GlobalDefinitions.h"
  15:.\DisplayBufferScreenMap.c **** #include "SinkManager.h"
  16:.\DisplayBufferScreenMap.c **** #include "Display.h"
  17:.\DisplayBufferScreenMap.c **** 
  18:.\DisplayBufferScreenMap.c **** //@Created By: HIJH
  19:.\DisplayBufferScreenMap.c **** //@Septembre de 2016
  20:.\DisplayBufferScreenMap.c **** DisplayScreenBufferMap _g_buffscrlut[] = 
  21:.\DisplayBufferScreenMap.c **** {
  22:.\DisplayBufferScreenMap.c **** //THIS IS THE MEMORY LAYOUT FOR PAYMENT IN CASH
  23:.\DisplayBufferScreenMap.c ****     { DISPLAY_FORMA_PAGO_DESEADA,       0x0000, 0x02 }, //Two bytes allocated for the payment optio
  24:.\DisplayBufferScreenMap.c ****     { DISPLAY_SELECCIONE_POSICION,      0x0002, 0x02 }, //Two bytes allocated for the pump selectio
  25:.\DisplayBufferScreenMap.c ****     { DISPLAY_FORMA_PROGRAMACION,       0x0004, 0x02 }, //Two bytes allocated for the type of PRESE
  26:.\DisplayBufferScreenMap.c ****     { DISPLAY_SELECCIONE_PRODUCTO3,     0x0006, 0x02 }, //Two bytes allocated for the product type 
  27:.\DisplayBufferScreenMap.c ****     { DISPLAY_SELECCIONE_PRODUCTO4,     0x0006, 0x02 }, //Two bytes allocated for the product type 
  28:.\DisplayBufferScreenMap.c ****     //Both have the same offfset and length since they are mutually exclusive
  29:.\DisplayBufferScreenMap.c ****     { DISPLAY_INTRODUZCA_VALOR,         0x0008, 0x10 }, //Sixteen bytes allocated for the money
  30:.\DisplayBufferScreenMap.c ****     { DISPLAY_INTRODUZCA_VOLUMEN,       0x0008, 0x10 }, //Sixteen bytes allocated for the volume
  31:.\DisplayBufferScreenMap.c ****     { DISPLAY_DIGITE_PLACA,             0x0018, 0x08 }, //Eight bytes allocated for the car's plate
  32:.\DisplayBufferScreenMap.c ****     { DISPLAY_DESEA_IMPRIMIR_RECIBO,    0x0020, 0x02 }, //Two bytes allocated for the invoice print
  33:.\DisplayBufferScreenMap.c ****     { DISPLAY_INTRODUZCA_KILOMETRAJE,   0x0022, 0x09 }, //Nine bytes allocated for the car's mileag
  34:.\DisplayBufferScreenMap.c ****     { DISPLAY_ESPERANDO_ID,             0x002B, 0x08 }, //Eight bytes allocated for the iButton ser
  35:.\DisplayBufferScreenMap.c ****     { DISPLAY_SUBA_MANIJA,              0x0033, 0x02 }, //Two bytes allocated for the Hose identifi
  36:.\DisplayBufferScreenMap.c ****     { DISPLAY_PRECIO_POR_UNIDAD,        0x0035, 0x06 },
  37:.\DisplayBufferScreenMap.c ****     { DISPLAY_SIDE_DUMMY_DISPLAY,       0x003B, 0x02 },
  38:.\DisplayBufferScreenMap.c ****     { DISPLAY_INTRODUZCA_CEDULA,        0x003D, 0x0A },
  39:.\DisplayBufferScreenMap.c ****     { DISPLAY_INGRESE_PASSWORD,         0x0047, 0x08 },
  40:.\DisplayBufferScreenMap.c ****     { 0x00, 0x0000, 0x00 }
  41:.\DisplayBufferScreenMap.c **** //THIS IS THE MEMORY LAYOUT FOR PAYMENT IN CREDIT
  42:.\DisplayBufferScreenMap.c **** };
  43:.\DisplayBufferScreenMap.c **** 
  44:.\DisplayBufferScreenMap.c **** //@Created By: HIJH
  45:.\DisplayBufferScreenMap.c **** //@Septembre de 2016
  46:.\DisplayBufferScreenMap.c **** uint16 GetBufferIndexFromDisplayID(uint8 id)
  47:.\DisplayBufferScreenMap.c **** {
 118              		.loc 1 47 0
 119              		.cfi_startproc
 120              		@ args = 0, pretend = 0, frame = 16
 121              		@ frame_needed = 1, uses_anonymous_args = 0
 122              		@ link register save eliminated.
 123 0000 80B4     		push	{r7}
 124              		.cfi_def_cfa_offset 4
ARM GAS  C:\Users\RECEPC~1\AppData\Local\Temp\ccfEfWlt.s 			page 4


 125              		.cfi_offset 7, -4
 126 0002 85B0     		sub	sp, sp, #20
 127              		.cfi_def_cfa_offset 24
 128 0004 00AF     		add	r7, sp, #0
 129              		.cfi_def_cfa_register 7
 130 0006 0346     		mov	r3, r0
 131 0008 FB71     		strb	r3, [r7, #7]
  48:.\DisplayBufferScreenMap.c ****     uint16 retval = 0x0000;
 132              		.loc 1 48 0
 133 000a 0023     		movs	r3, #0
 134 000c FB81     		strh	r3, [r7, #14]	@ movhi
  49:.\DisplayBufferScreenMap.c ****     DisplayScreenBufferMap *ptr = _g_buffscrlut;
 135              		.loc 1 49 0
 136 000e 0D4B     		ldr	r3, .L7
 137 0010 BB60     		str	r3, [r7, #8]
  50:.\DisplayBufferScreenMap.c ****     while(ptr->_refscrid != 0x00)
 138              		.loc 1 50 0
 139 0012 0BE0     		b	.L2
 140              	.L5:
  51:.\DisplayBufferScreenMap.c ****     {
  52:.\DisplayBufferScreenMap.c ****         if(ptr->_refscrid == id)
 141              		.loc 1 52 0
 142 0014 BB68     		ldr	r3, [r7, #8]
 143 0016 1B78     		ldrb	r3, [r3]	@ zero_extendqisi2
 144 0018 FA79     		ldrb	r2, [r7, #7]	@ zero_extendqisi2
 145 001a 9A42     		cmp	r2, r3
 146 001c 03D1     		bne	.L3
  53:.\DisplayBufferScreenMap.c ****         {
  54:.\DisplayBufferScreenMap.c ****             retval = ptr->_bufferpos;
 147              		.loc 1 54 0
 148 001e BB68     		ldr	r3, [r7, #8]
 149 0020 5B88     		ldrh	r3, [r3, #2]	@ movhi
 150 0022 FB81     		strh	r3, [r7, #14]	@ movhi
  55:.\DisplayBufferScreenMap.c ****             break;
 151              		.loc 1 55 0
 152 0024 06E0     		b	.L4
 153              	.L3:
  56:.\DisplayBufferScreenMap.c ****         }
  57:.\DisplayBufferScreenMap.c ****         ptr++;
 154              		.loc 1 57 0
 155 0026 BB68     		ldr	r3, [r7, #8]
 156 0028 0633     		adds	r3, r3, #6
 157 002a BB60     		str	r3, [r7, #8]
 158              	.L2:
  50:.\DisplayBufferScreenMap.c ****     {
 159              		.loc 1 50 0
 160 002c BB68     		ldr	r3, [r7, #8]
 161 002e 1B78     		ldrb	r3, [r3]	@ zero_extendqisi2
 162 0030 002B     		cmp	r3, #0
 163 0032 EFD1     		bne	.L5
 164              	.L4:
  58:.\DisplayBufferScreenMap.c ****     }    
  59:.\DisplayBufferScreenMap.c ****     return retval;
 165              		.loc 1 59 0
 166 0034 FB89     		ldrh	r3, [r7, #14]
  60:.\DisplayBufferScreenMap.c **** }
 167              		.loc 1 60 0
ARM GAS  C:\Users\RECEPC~1\AppData\Local\Temp\ccfEfWlt.s 			page 5


 168 0036 1846     		mov	r0, r3
 169 0038 1437     		adds	r7, r7, #20
 170              		.cfi_def_cfa_offset 4
 171 003a BD46     		mov	sp, r7
 172              		.cfi_def_cfa_register 13
 173              		@ sp needed
 174 003c 5DF8047B 		ldr	r7, [sp], #4
 175              		.cfi_restore 7
 176              		.cfi_def_cfa_offset 0
 177 0040 7047     		bx	lr
 178              	.L8:
 179 0042 00BF     		.align	2
 180              	.L7:
 181 0044 00000000 		.word	_g_buffscrlut
 182              		.cfi_endproc
 183              	.LFE0:
 184              		.size	GetBufferIndexFromDisplayID, .-GetBufferIndexFromDisplayID
 185              		.section	.text.GetBufferLengthFromDisplayID,"ax",%progbits
 186              		.align	2
 187              		.global	GetBufferLengthFromDisplayID
 188              		.thumb
 189              		.thumb_func
 190              		.type	GetBufferLengthFromDisplayID, %function
 191              	GetBufferLengthFromDisplayID:
 192              	.LFB1:
  61:.\DisplayBufferScreenMap.c **** 
  62:.\DisplayBufferScreenMap.c **** //@Created By: HIJH
  63:.\DisplayBufferScreenMap.c **** //@Septembre de 2016
  64:.\DisplayBufferScreenMap.c **** uint8 GetBufferLengthFromDisplayID(uint8 id)
  65:.\DisplayBufferScreenMap.c **** {
 193              		.loc 1 65 0
 194              		.cfi_startproc
 195              		@ args = 0, pretend = 0, frame = 16
 196              		@ frame_needed = 1, uses_anonymous_args = 0
 197              		@ link register save eliminated.
 198 0000 80B4     		push	{r7}
 199              		.cfi_def_cfa_offset 4
 200              		.cfi_offset 7, -4
 201 0002 85B0     		sub	sp, sp, #20
 202              		.cfi_def_cfa_offset 24
 203 0004 00AF     		add	r7, sp, #0
 204              		.cfi_def_cfa_register 7
 205 0006 0346     		mov	r3, r0
 206 0008 FB71     		strb	r3, [r7, #7]
  66:.\DisplayBufferScreenMap.c ****     uint8 retval = 0x00;
 207              		.loc 1 66 0
 208 000a 0023     		movs	r3, #0
 209 000c FB73     		strb	r3, [r7, #15]
  67:.\DisplayBufferScreenMap.c ****     DisplayScreenBufferMap *ptr = _g_buffscrlut;
 210              		.loc 1 67 0
 211 000e 0D4B     		ldr	r3, .L15
 212 0010 BB60     		str	r3, [r7, #8]
  68:.\DisplayBufferScreenMap.c ****     while(ptr->_refscrid != 0x00)
 213              		.loc 1 68 0
 214 0012 0BE0     		b	.L10
 215              	.L13:
  69:.\DisplayBufferScreenMap.c ****     {
ARM GAS  C:\Users\RECEPC~1\AppData\Local\Temp\ccfEfWlt.s 			page 6


  70:.\DisplayBufferScreenMap.c ****         if(ptr->_refscrid == id)
 216              		.loc 1 70 0
 217 0014 BB68     		ldr	r3, [r7, #8]
 218 0016 1B78     		ldrb	r3, [r3]	@ zero_extendqisi2
 219 0018 FA79     		ldrb	r2, [r7, #7]	@ zero_extendqisi2
 220 001a 9A42     		cmp	r2, r3
 221 001c 03D1     		bne	.L11
  71:.\DisplayBufferScreenMap.c ****         {
  72:.\DisplayBufferScreenMap.c ****             retval = ptr->_bufferlength;
 222              		.loc 1 72 0
 223 001e BB68     		ldr	r3, [r7, #8]
 224 0020 1B79     		ldrb	r3, [r3, #4]
 225 0022 FB73     		strb	r3, [r7, #15]
  73:.\DisplayBufferScreenMap.c ****             break;
 226              		.loc 1 73 0
 227 0024 06E0     		b	.L12
 228              	.L11:
  74:.\DisplayBufferScreenMap.c ****         }
  75:.\DisplayBufferScreenMap.c ****         ptr++;
 229              		.loc 1 75 0
 230 0026 BB68     		ldr	r3, [r7, #8]
 231 0028 0633     		adds	r3, r3, #6
 232 002a BB60     		str	r3, [r7, #8]
 233              	.L10:
  68:.\DisplayBufferScreenMap.c ****     {
 234              		.loc 1 68 0
 235 002c BB68     		ldr	r3, [r7, #8]
 236 002e 1B78     		ldrb	r3, [r3]	@ zero_extendqisi2
 237 0030 002B     		cmp	r3, #0
 238 0032 EFD1     		bne	.L13
 239              	.L12:
  76:.\DisplayBufferScreenMap.c ****     }    
  77:.\DisplayBufferScreenMap.c ****     return retval;
 240              		.loc 1 77 0
 241 0034 FB7B     		ldrb	r3, [r7, #15]	@ zero_extendqisi2
  78:.\DisplayBufferScreenMap.c **** }
 242              		.loc 1 78 0
 243 0036 1846     		mov	r0, r3
 244 0038 1437     		adds	r7, r7, #20
 245              		.cfi_def_cfa_offset 4
 246 003a BD46     		mov	sp, r7
 247              		.cfi_def_cfa_register 13
 248              		@ sp needed
 249 003c 5DF8047B 		ldr	r7, [sp], #4
 250              		.cfi_restore 7
 251              		.cfi_def_cfa_offset 0
 252 0040 7047     		bx	lr
 253              	.L16:
 254 0042 00BF     		.align	2
 255              	.L15:
 256 0044 00000000 		.word	_g_buffscrlut
 257              		.cfi_endproc
 258              	.LFE1:
 259              		.size	GetBufferLengthFromDisplayID, .-GetBufferLengthFromDisplayID
 260              		.section	.text.GetPumpIndexFromDisplay,"ax",%progbits
 261              		.align	2
 262              		.global	GetPumpIndexFromDisplay
ARM GAS  C:\Users\RECEPC~1\AppData\Local\Temp\ccfEfWlt.s 			page 7


 263              		.thumb
 264              		.thumb_func
 265              		.type	GetPumpIndexFromDisplay, %function
 266              	GetPumpIndexFromDisplay:
 267              	.LFB2:
  79:.\DisplayBufferScreenMap.c **** 
  80:.\DisplayBufferScreenMap.c **** uint8 GetPumpIndexFromDisplay(LPVOID pparam)
  81:.\DisplayBufferScreenMap.c **** {
 268              		.loc 1 81 0
 269              		.cfi_startproc
 270              		@ args = 0, pretend = 0, frame = 16
 271              		@ frame_needed = 1, uses_anonymous_args = 0
 272 0000 90B5     		push	{r4, r7, lr}
 273              		.cfi_def_cfa_offset 12
 274              		.cfi_offset 4, -12
 275              		.cfi_offset 7, -8
 276              		.cfi_offset 14, -4
 277 0002 85B0     		sub	sp, sp, #20
 278              		.cfi_def_cfa_offset 32
 279 0004 00AF     		add	r7, sp, #0
 280              		.cfi_def_cfa_register 7
 281 0006 7860     		str	r0, [r7, #4]
  82:.\DisplayBufferScreenMap.c ****     uint8 retval = 0;
 282              		.loc 1 82 0
 283 0008 0023     		movs	r3, #0
 284 000a FB73     		strb	r3, [r7, #15]
  83:.\DisplayBufferScreenMap.c ****     PDISPLAYLAYOUTPTR pdisplay = (PDISPLAYLAYOUTPTR)pparam;
 285              		.loc 1 83 0
 286 000c 7B68     		ldr	r3, [r7, #4]
 287 000e BB60     		str	r3, [r7, #8]
  84:.\DisplayBufferScreenMap.c ****     if(pdisplay->_dispid == DISPLAY1)
 288              		.loc 1 84 0
 289 0010 BB68     		ldr	r3, [r7, #8]
 290 0012 1B78     		ldrb	r3, [r3]	@ zero_extendqisi2
 291 0014 002B     		cmp	r3, #0
 292 0016 13D1     		bne	.L18
  85:.\DisplayBufferScreenMap.c ****     {
  86:.\DisplayBufferScreenMap.c ****         switch((uint8)((PSINKMESSAGEPTR)pdisplay->_psequesteredmessagesink)->_buffer[GetBufferIndex
 293              		.loc 1 86 0
 294 0018 BB68     		ldr	r3, [r7, #8]
 295 001a 1C6B     		ldr	r4, [r3, #48]
 296 001c 2E20     		movs	r0, #46
 297 001e FFF7FEFF 		bl	GetBufferIndexFromDisplayID
 298 0022 0346     		mov	r3, r0
 299 0024 2344     		add	r3, r3, r4
 300 0026 1B7B     		ldrb	r3, [r3, #12]	@ zero_extendqisi2
 301 0028 562B     		cmp	r3, #86
 302 002a 02D0     		beq	.L20
 303 002c 572B     		cmp	r3, #87
 304 002e 03D0     		beq	.L21
 305 0030 1DE0     		b	.L22
 306              	.L20:
  87:.\DisplayBufferScreenMap.c ****         {
  88:.\DisplayBufferScreenMap.c ****             case POSITIONA:
  89:.\DisplayBufferScreenMap.c ****             {
  90:.\DisplayBufferScreenMap.c ****                 retval = 0x00;
 307              		.loc 1 90 0
ARM GAS  C:\Users\RECEPC~1\AppData\Local\Temp\ccfEfWlt.s 			page 8


 308 0032 0023     		movs	r3, #0
 309 0034 FB73     		strb	r3, [r7, #15]
  91:.\DisplayBufferScreenMap.c ****                 break;
 310              		.loc 1 91 0
 311 0036 02E0     		b	.L19
 312              	.L21:
  92:.\DisplayBufferScreenMap.c ****             }
  93:.\DisplayBufferScreenMap.c ****             case POSITIONB:
  94:.\DisplayBufferScreenMap.c ****             {
  95:.\DisplayBufferScreenMap.c ****                 retval = 0x02;
 313              		.loc 1 95 0
 314 0038 0223     		movs	r3, #2
 315 003a FB73     		strb	r3, [r7, #15]
  96:.\DisplayBufferScreenMap.c ****                 break;
 316              		.loc 1 96 0
 317 003c 00BF     		nop
 318              	.L19:
 319 003e 16E0     		b	.L22
 320              	.L18:
  97:.\DisplayBufferScreenMap.c ****             }
  98:.\DisplayBufferScreenMap.c ****         }
  99:.\DisplayBufferScreenMap.c ****     }
 100:.\DisplayBufferScreenMap.c ****     else if(pdisplay->_dispid == DISPLAY2)
 321              		.loc 1 100 0
 322 0040 BB68     		ldr	r3, [r7, #8]
 323 0042 1B78     		ldrb	r3, [r3]	@ zero_extendqisi2
 324 0044 012B     		cmp	r3, #1
 325 0046 12D1     		bne	.L22
 101:.\DisplayBufferScreenMap.c ****     {
 102:.\DisplayBufferScreenMap.c ****         switch((uint8)((PSINKMESSAGEPTR)pdisplay->_psequesteredmessagesink)->_buffer[GetBufferIndex
 326              		.loc 1 102 0
 327 0048 BB68     		ldr	r3, [r7, #8]
 328 004a 1C6B     		ldr	r4, [r3, #48]
 329 004c 2E20     		movs	r0, #46
 330 004e FFF7FEFF 		bl	GetBufferIndexFromDisplayID
 331 0052 0346     		mov	r3, r0
 332 0054 2344     		add	r3, r3, r4
 333 0056 1B7B     		ldrb	r3, [r3, #12]	@ zero_extendqisi2
 334 0058 562B     		cmp	r3, #86
 335 005a 02D0     		beq	.L23
 336 005c 572B     		cmp	r3, #87
 337 005e 03D0     		beq	.L24
 338 0060 05E0     		b	.L22
 339              	.L23:
 103:.\DisplayBufferScreenMap.c ****         {
 104:.\DisplayBufferScreenMap.c ****             case POSITIONA:
 105:.\DisplayBufferScreenMap.c ****             {
 106:.\DisplayBufferScreenMap.c ****                 retval = 0x03;
 340              		.loc 1 106 0
 341 0062 0323     		movs	r3, #3
 342 0064 FB73     		strb	r3, [r7, #15]
 107:.\DisplayBufferScreenMap.c ****                 break;
 343              		.loc 1 107 0
 344 0066 02E0     		b	.L22
 345              	.L24:
 108:.\DisplayBufferScreenMap.c ****             }
 109:.\DisplayBufferScreenMap.c ****             case POSITIONB:
ARM GAS  C:\Users\RECEPC~1\AppData\Local\Temp\ccfEfWlt.s 			page 9


 110:.\DisplayBufferScreenMap.c ****             {
 111:.\DisplayBufferScreenMap.c ****                 retval = 0x01;
 346              		.loc 1 111 0
 347 0068 0123     		movs	r3, #1
 348 006a FB73     		strb	r3, [r7, #15]
 112:.\DisplayBufferScreenMap.c ****                 break;
 349              		.loc 1 112 0
 350 006c 00BF     		nop
 351              	.L22:
 113:.\DisplayBufferScreenMap.c ****             }
 114:.\DisplayBufferScreenMap.c ****         }
 115:.\DisplayBufferScreenMap.c ****     }
 116:.\DisplayBufferScreenMap.c ****     
 117:.\DisplayBufferScreenMap.c ****     return retval;
 352              		.loc 1 117 0
 353 006e FB7B     		ldrb	r3, [r7, #15]	@ zero_extendqisi2
 118:.\DisplayBufferScreenMap.c **** }
 354              		.loc 1 118 0
 355 0070 1846     		mov	r0, r3
 356 0072 1437     		adds	r7, r7, #20
 357              		.cfi_def_cfa_offset 12
 358 0074 BD46     		mov	sp, r7
 359              		.cfi_def_cfa_register 13
 360              		@ sp needed
 361 0076 90BD     		pop	{r4, r7, pc}
 362              		.cfi_endproc
 363              	.LFE2:
 364              		.size	GetPumpIndexFromDisplay, .-GetPumpIndexFromDisplay
 365              		.text
 366              	.Letext0:
 367              		.file 2 "Generated_Source\\PSoC5/cytypes.h"
 368              		.file 3 ".\\GlobalDefinitions.h"
 369              		.file 4 ".\\SinkManager.h"
 370              		.file 5 ".\\Display.h"
 371              		.section	.debug_info,"",%progbits
 372              	.Ldebug_info0:
 373 0000 78070000 		.4byte	0x778
 374 0004 0400     		.2byte	0x4
 375 0006 00000000 		.4byte	.Ldebug_abbrev0
 376 000a 04       		.byte	0x4
 377 000b 01       		.uleb128 0x1
 378 000c 07060000 		.4byte	.LASF155
 379 0010 01       		.byte	0x1
 380 0011 E3010000 		.4byte	.LASF156
 381 0015 37010000 		.4byte	.LASF157
 382 0019 00000000 		.4byte	.Ldebug_ranges0+0
 383 001d 00000000 		.4byte	0
 384 0021 00000000 		.4byte	.Ldebug_line0
 385 0025 02       		.uleb128 0x2
 386 0026 01       		.byte	0x1
 387 0027 06       		.byte	0x6
 388 0028 0B0A0000 		.4byte	.LASF0
 389 002c 02       		.uleb128 0x2
 390 002d 01       		.byte	0x1
 391 002e 08       		.byte	0x8
 392 002f FE080000 		.4byte	.LASF1
 393 0033 02       		.uleb128 0x2
ARM GAS  C:\Users\RECEPC~1\AppData\Local\Temp\ccfEfWlt.s 			page 10


 394 0034 02       		.byte	0x2
 395 0035 05       		.byte	0x5
 396 0036 63070000 		.4byte	.LASF2
 397 003a 02       		.uleb128 0x2
 398 003b 02       		.byte	0x2
 399 003c 07       		.byte	0x7
 400 003d 5C0A0000 		.4byte	.LASF3
 401 0041 02       		.uleb128 0x2
 402 0042 04       		.byte	0x4
 403 0043 05       		.byte	0x5
 404 0044 84070000 		.4byte	.LASF4
 405 0048 02       		.uleb128 0x2
 406 0049 04       		.byte	0x4
 407 004a 07       		.byte	0x7
 408 004b 9E080000 		.4byte	.LASF5
 409 004f 02       		.uleb128 0x2
 410 0050 08       		.byte	0x8
 411 0051 05       		.byte	0x5
 412 0052 7B050000 		.4byte	.LASF6
 413 0056 02       		.uleb128 0x2
 414 0057 08       		.byte	0x8
 415 0058 07       		.byte	0x7
 416 0059 F7020000 		.4byte	.LASF7
 417 005d 03       		.uleb128 0x3
 418 005e 04       		.byte	0x4
 419 005f 05       		.byte	0x5
 420 0060 696E7400 		.ascii	"int\000"
 421 0064 02       		.uleb128 0x2
 422 0065 04       		.byte	0x4
 423 0066 07       		.byte	0x7
 424 0067 C4000000 		.4byte	.LASF8
 425 006b 04       		.uleb128 0x4
 426 006c CD0A0000 		.4byte	.LASF9
 427 0070 02       		.byte	0x2
 428 0071 3801     		.2byte	0x138
 429 0073 2C000000 		.4byte	0x2c
 430 0077 04       		.uleb128 0x4
 431 0078 C8040000 		.4byte	.LASF10
 432 007c 02       		.byte	0x2
 433 007d 3901     		.2byte	0x139
 434 007f 3A000000 		.4byte	0x3a
 435 0083 02       		.uleb128 0x2
 436 0084 04       		.byte	0x4
 437 0085 04       		.byte	0x4
 438 0086 81020000 		.4byte	.LASF11
 439 008a 02       		.uleb128 0x2
 440 008b 08       		.byte	0x8
 441 008c 04       		.byte	0x4
 442 008d D30A0000 		.4byte	.LASF12
 443 0091 04       		.uleb128 0x4
 444 0092 1E050000 		.4byte	.LASF13
 445 0096 02       		.byte	0x2
 446 0097 4901     		.2byte	0x149
 447 0099 9D000000 		.4byte	0x9d
 448 009d 02       		.uleb128 0x2
 449 009e 01       		.byte	0x1
 450 009f 08       		.byte	0x8
ARM GAS  C:\Users\RECEPC~1\AppData\Local\Temp\ccfEfWlt.s 			page 11


 451 00a0 73040000 		.4byte	.LASF14
 452 00a4 05       		.uleb128 0x5
 453 00a5 6B000000 		.4byte	0x6b
 454 00a9 05       		.uleb128 0x5
 455 00aa 77000000 		.4byte	0x77
 456 00ae 02       		.uleb128 0x2
 457 00af 04       		.byte	0x4
 458 00b0 07       		.byte	0x7
 459 00b1 8C080000 		.4byte	.LASF15
 460 00b5 06       		.uleb128 0x6
 461 00b6 04       		.byte	0x4
 462 00b7 02       		.uleb128 0x2
 463 00b8 08       		.byte	0x8
 464 00b9 04       		.byte	0x4
 465 00ba 0F070000 		.4byte	.LASF16
 466 00be 07       		.uleb128 0x7
 467 00bf 78040000 		.4byte	.LASF17
 468 00c3 03       		.byte	0x3
 469 00c4 29       		.byte	0x29
 470 00c5 B5000000 		.4byte	0xb5
 471 00c9 08       		.uleb128 0x8
 472 00ca 00000000 		.4byte	.LASF158
 473 00ce 9801     		.2byte	0x198
 474 00d0 04       		.byte	0x4
 475 00d1 53       		.byte	0x53
 476 00d2 6A010000 		.4byte	0x16a
 477 00d6 09       		.uleb128 0x9
 478 00d7 B0080000 		.4byte	.LASF18
 479 00db 04       		.byte	0x4
 480 00dc 55       		.byte	0x55
 481 00dd 6A010000 		.4byte	0x16a
 482 00e1 00       		.byte	0
 483 00e2 09       		.uleb128 0x9
 484 00e3 FE010000 		.4byte	.LASF19
 485 00e7 04       		.byte	0x4
 486 00e8 56       		.byte	0x56
 487 00e9 A4000000 		.4byte	0xa4
 488 00ed 01       		.byte	0x1
 489 00ee 09       		.uleb128 0x9
 490 00ef 0E030000 		.4byte	.LASF20
 491 00f3 04       		.byte	0x4
 492 00f4 57       		.byte	0x57
 493 00f5 A4000000 		.4byte	0xa4
 494 00f9 02       		.byte	0x2
 495 00fa 09       		.uleb128 0x9
 496 00fb AF010000 		.4byte	.LASF21
 497 00ff 04       		.byte	0x4
 498 0100 58       		.byte	0x58
 499 0101 A4000000 		.4byte	0xa4
 500 0105 03       		.byte	0x3
 501 0106 09       		.uleb128 0x9
 502 0107 4A090000 		.4byte	.LASF22
 503 010b 04       		.byte	0x4
 504 010c 5A       		.byte	0x5a
 505 010d A9000000 		.4byte	0xa9
 506 0111 04       		.byte	0x4
 507 0112 09       		.uleb128 0x9
ARM GAS  C:\Users\RECEPC~1\AppData\Local\Temp\ccfEfWlt.s 			page 12


 508 0113 50040000 		.4byte	.LASF23
 509 0117 04       		.byte	0x4
 510 0118 5B       		.byte	0x5b
 511 0119 A9000000 		.4byte	0xa9
 512 011d 06       		.byte	0x6
 513 011e 09       		.uleb128 0x9
 514 011f 9B070000 		.4byte	.LASF24
 515 0123 04       		.byte	0x4
 516 0124 5C       		.byte	0x5c
 517 0125 A9000000 		.4byte	0xa9
 518 0129 08       		.byte	0x8
 519 012a 09       		.uleb128 0x9
 520 012b 1B020000 		.4byte	.LASF25
 521 012f 04       		.byte	0x4
 522 0130 5D       		.byte	0x5d
 523 0131 A9000000 		.4byte	0xa9
 524 0135 0A       		.byte	0xa
 525 0136 09       		.uleb128 0x9
 526 0137 1C000000 		.4byte	.LASF26
 527 013b 04       		.byte	0x4
 528 013c 5E       		.byte	0x5e
 529 013d 76010000 		.4byte	0x176
 530 0141 0C       		.byte	0xc
 531 0142 0A       		.uleb128 0xa
 532 0143 3E070000 		.4byte	.LASF27
 533 0147 04       		.byte	0x4
 534 0148 5F       		.byte	0x5f
 535 0149 A9000000 		.4byte	0xa9
 536 014d 8C01     		.2byte	0x18c
 537 014f 0A       		.uleb128 0xa
 538 0150 E0080000 		.4byte	.LASF28
 539 0154 04       		.byte	0x4
 540 0155 62       		.byte	0x62
 541 0156 B5000000 		.4byte	0xb5
 542 015a 9001     		.2byte	0x190
 543 015c 0A       		.uleb128 0xa
 544 015d 85030000 		.4byte	.LASF29
 545 0161 04       		.byte	0x4
 546 0162 63       		.byte	0x63
 547 0163 92010000 		.4byte	0x192
 548 0167 9401     		.2byte	0x194
 549 0169 00       		.byte	0
 550 016a 05       		.uleb128 0x5
 551 016b 6F010000 		.4byte	0x16f
 552 016f 02       		.uleb128 0x2
 553 0170 01       		.byte	0x1
 554 0171 02       		.byte	0x2
 555 0172 D5030000 		.4byte	.LASF30
 556 0176 0B       		.uleb128 0xb
 557 0177 91000000 		.4byte	0x91
 558 017b 87010000 		.4byte	0x187
 559 017f 0C       		.uleb128 0xc
 560 0180 AE000000 		.4byte	0xae
 561 0184 7F01     		.2byte	0x17f
 562 0186 00       		.byte	0
 563 0187 0D       		.uleb128 0xd
 564 0188 92010000 		.4byte	0x192
ARM GAS  C:\Users\RECEPC~1\AppData\Local\Temp\ccfEfWlt.s 			page 13


 565 018c 0E       		.uleb128 0xe
 566 018d B5000000 		.4byte	0xb5
 567 0191 00       		.byte	0
 568 0192 0F       		.uleb128 0xf
 569 0193 04       		.byte	0x4
 570 0194 87010000 		.4byte	0x187
 571 0198 07       		.uleb128 0x7
 572 0199 B8040000 		.4byte	.LASF31
 573 019d 04       		.byte	0x4
 574 019e 64       		.byte	0x64
 575 019f A3010000 		.4byte	0x1a3
 576 01a3 0F       		.uleb128 0xf
 577 01a4 04       		.byte	0x4
 578 01a5 C9000000 		.4byte	0xc9
 579 01a9 10       		.uleb128 0x10
 580 01aa 6F0A0000 		.4byte	.LASF159
 581 01ae 01       		.byte	0x1
 582 01af 05       		.byte	0x5
 583 01b0 21       		.byte	0x21
 584 01b1 1C030000 		.4byte	0x31c
 585 01b5 11       		.uleb128 0x11
 586 01b6 A5030000 		.4byte	.LASF32
 587 01ba 01       		.sleb128 1
 588 01bb 11       		.uleb128 0x11
 589 01bc B5030000 		.4byte	.LASF33
 590 01c0 02       		.sleb128 2
 591 01c1 11       		.uleb128 0x11
 592 01c2 C5030000 		.4byte	.LASF34
 593 01c6 03       		.sleb128 3
 594 01c7 11       		.uleb128 0x11
 595 01c8 0A040000 		.4byte	.LASF35
 596 01cc 04       		.sleb128 4
 597 01cd 11       		.uleb128 0x11
 598 01ce CF040000 		.4byte	.LASF36
 599 01d2 05       		.sleb128 5
 600 01d3 11       		.uleb128 0x11
 601 01d4 4A070000 		.4byte	.LASF37
 602 01d8 06       		.sleb128 6
 603 01d9 11       		.uleb128 0x11
 604 01da BD010000 		.4byte	.LASF38
 605 01de 0F       		.sleb128 15
 606 01df 11       		.uleb128 0x11
 607 01e0 220A0000 		.4byte	.LASF39
 608 01e4 FE00     		.sleb128 126
 609 01e6 11       		.uleb128 0x11
 610 01e7 3F0A0000 		.4byte	.LASF40
 611 01eb 8601     		.sleb128 134
 612 01ed 11       		.uleb128 0x11
 613 01ee 89050000 		.4byte	.LASF41
 614 01f2 07       		.sleb128 7
 615 01f3 11       		.uleb128 0x11
 616 01f4 C2060000 		.4byte	.LASF42
 617 01f8 08       		.sleb128 8
 618 01f9 11       		.uleb128 0x11
 619 01fa 54050000 		.4byte	.LASF43
 620 01fe 09       		.sleb128 9
 621 01ff 11       		.uleb128 0x11
ARM GAS  C:\Users\RECEPC~1\AppData\Local\Temp\ccfEfWlt.s 			page 14


 622 0200 1B070000 		.4byte	.LASF44
 623 0204 0A       		.sleb128 10
 624 0205 11       		.uleb128 0x11
 625 0206 3B020000 		.4byte	.LASF45
 626 020a 0B       		.sleb128 11
 627 020b 11       		.uleb128 0x11
 628 020c 24000000 		.4byte	.LASF46
 629 0210 25       		.sleb128 37
 630 0211 11       		.uleb128 0x11
 631 0212 95060000 		.4byte	.LASF47
 632 0216 26       		.sleb128 38
 633 0217 11       		.uleb128 0x11
 634 0218 1D010000 		.4byte	.LASF48
 635 021c 27       		.sleb128 39
 636 021d 11       		.uleb128 0x11
 637 021e 25040000 		.4byte	.LASF49
 638 0222 2F       		.sleb128 47
 639 0223 11       		.uleb128 0x11
 640 0224 EA040000 		.4byte	.LASF50
 641 0228 2C       		.sleb128 44
 642 0229 11       		.uleb128 0x11
 643 022a 120B0000 		.4byte	.LASF51
 644 022e 0C       		.sleb128 12
 645 022f 11       		.uleb128 0x11
 646 0230 2E080000 		.4byte	.LASF52
 647 0234 8501     		.sleb128 133
 648 0236 11       		.uleb128 0x11
 649 0237 B0090000 		.4byte	.LASF53
 650 023b 1C       		.sleb128 28
 651 023c 11       		.uleb128 0x11
 652 023d B3020000 		.4byte	.LASF54
 653 0241 12       		.sleb128 18
 654 0242 11       		.uleb128 0x11
 655 0243 F9060000 		.4byte	.LASF55
 656 0247 13       		.sleb128 19
 657 0248 11       		.uleb128 0x11
 658 0249 EC070000 		.4byte	.LASF56
 659 024d 24       		.sleb128 36
 660 024e 11       		.uleb128 0x11
 661 024f 28030000 		.4byte	.LASF57
 662 0253 0D       		.sleb128 13
 663 0254 11       		.uleb128 0x11
 664 0255 2F050000 		.4byte	.LASF58
 665 0259 0E       		.sleb128 14
 666 025a 11       		.uleb128 0x11
 667 025b 41080000 		.4byte	.LASF59
 668 025f 8301     		.sleb128 131
 669 0261 11       		.uleb128 0x11
 670 0262 43030000 		.4byte	.LASF60
 671 0266 DA00     		.sleb128 90
 672 0268 11       		.uleb128 0x11
 673 0269 AD0A0000 		.4byte	.LASF61
 674 026d 31       		.sleb128 49
 675 026e 11       		.uleb128 0x11
 676 026f 06080000 		.4byte	.LASF62
 677 0273 35       		.sleb128 53
 678 0274 11       		.uleb128 0x11
ARM GAS  C:\Users\RECEPC~1\AppData\Local\Temp\ccfEfWlt.s 			page 15


 679 0275 23090000 		.4byte	.LASF63
 680 0279 2E       		.sleb128 46
 681 027a 11       		.uleb128 0x11
 682 027b D1000000 		.4byte	.LASF64
 683 027f 8C01     		.sleb128 140
 684 0281 11       		.uleb128 0x11
 685 0282 5B030000 		.4byte	.LASF65
 686 0286 9601     		.sleb128 150
 687 0288 11       		.uleb128 0x11
 688 0289 D3070000 		.4byte	.LASF66
 689 028d 39       		.sleb128 57
 690 028e 11       		.uleb128 0x11
 691 028f 63020000 		.4byte	.LASF67
 692 0293 9701     		.sleb128 151
 693 0295 11       		.uleb128 0x11
 694 0296 5E000000 		.4byte	.LASF68
 695 029a 9801     		.sleb128 152
 696 029c 11       		.uleb128 0x11
 697 029d B5070000 		.4byte	.LASF69
 698 02a1 3E       		.sleb128 62
 699 02a2 11       		.uleb128 0x11
 700 02a3 0F000000 		.4byte	.LASF70
 701 02a7 3F       		.sleb128 63
 702 02a8 11       		.uleb128 0x11
 703 02a9 30070000 		.4byte	.LASF71
 704 02ad C000     		.sleb128 64
 705 02af 11       		.uleb128 0x11
 706 02b0 61090000 		.4byte	.LASF72
 707 02b4 8D01     		.sleb128 141
 708 02b6 11       		.uleb128 0x11
 709 02b7 E6050000 		.4byte	.LASF73
 710 02bb 23       		.sleb128 35
 711 02bc 11       		.uleb128 0x11
 712 02bd 76090000 		.4byte	.LASF74
 713 02c1 2A       		.sleb128 42
 714 02c2 11       		.uleb128 0x11
 715 02c3 E7080000 		.4byte	.LASF75
 716 02c7 2B       		.sleb128 43
 717 02c8 11       		.uleb128 0x11
 718 02c9 0C090000 		.4byte	.LASF76
 719 02cd 3C       		.sleb128 60
 720 02ce 11       		.uleb128 0x11
 721 02cf 97090000 		.4byte	.LASF77
 722 02d3 C100     		.sleb128 65
 723 02d5 11       		.uleb128 0x11
 724 02d6 87020000 		.4byte	.LASF78
 725 02da EB00     		.sleb128 107
 726 02dc 11       		.uleb128 0x11
 727 02dd 3D000000 		.4byte	.LASF79
 728 02e1 E700     		.sleb128 103
 729 02e3 11       		.uleb128 0x11
 730 02e4 9D050000 		.4byte	.LASF80
 731 02e8 E400     		.sleb128 100
 732 02ea 11       		.uleb128 0x11
 733 02eb 9B000000 		.4byte	.LASF81
 734 02ef E500     		.sleb128 101
 735 02f1 11       		.uleb128 0x11
ARM GAS  C:\Users\RECEPC~1\AppData\Local\Temp\ccfEfWlt.s 			page 16


 736 02f2 CF090000 		.4byte	.LASF82
 737 02f6 9901     		.sleb128 153
 738 02f8 11       		.uleb128 0x11
 739 02f9 DE090000 		.4byte	.LASF83
 740 02fd 9A01     		.sleb128 154
 741 02ff 11       		.uleb128 0x11
 742 0300 ED090000 		.4byte	.LASF84
 743 0304 9B01     		.sleb128 155
 744 0306 11       		.uleb128 0x11
 745 0307 FC090000 		.4byte	.LASF85
 746 030b 9C01     		.sleb128 156
 747 030d 11       		.uleb128 0x11
 748 030e 9D040000 		.4byte	.LASF86
 749 0312 FA01     		.sleb128 250
 750 0314 11       		.uleb128 0x11
 751 0315 FA050000 		.4byte	.LASF87
 752 0319 FF01     		.sleb128 255
 753 031b 00       		.byte	0
 754 031c 12       		.uleb128 0x12
 755 031d 01       		.byte	0x1
 756 031e 05       		.byte	0x5
 757 031f 82       		.byte	0x82
 758 0320 31030000 		.4byte	0x331
 759 0324 11       		.uleb128 0x11
 760 0325 AD060000 		.4byte	.LASF88
 761 0329 00       		.sleb128 0
 762 032a 11       		.uleb128 0x11
 763 032b 95080000 		.4byte	.LASF89
 764 032f 01       		.sleb128 1
 765 0330 00       		.byte	0
 766 0331 12       		.uleb128 0x12
 767 0332 01       		.byte	0x1
 768 0333 05       		.byte	0x5
 769 0334 88       		.byte	0x88
 770 0335 48030000 		.4byte	0x348
 771 0339 11       		.uleb128 0x11
 772 033a BC050000 		.4byte	.LASF90
 773 033e D600     		.sleb128 86
 774 0340 11       		.uleb128 0x11
 775 0341 C6050000 		.4byte	.LASF91
 776 0345 D700     		.sleb128 87
 777 0347 00       		.byte	0
 778 0348 13       		.uleb128 0x13
 779 0349 08       		.byte	0x8
 780 034a 05       		.byte	0x5
 781 034b 93       		.byte	0x93
 782 034c 8D030000 		.4byte	0x38d
 783 0350 09       		.uleb128 0x9
 784 0351 F6030000 		.4byte	.LASF92
 785 0355 05       		.byte	0x5
 786 0356 95       		.byte	0x95
 787 0357 6B000000 		.4byte	0x6b
 788 035b 00       		.byte	0
 789 035c 09       		.uleb128 0x9
 790 035d 7B080000 		.4byte	.LASF93
 791 0361 05       		.byte	0x5
 792 0362 96       		.byte	0x96
ARM GAS  C:\Users\RECEPC~1\AppData\Local\Temp\ccfEfWlt.s 			page 17


 793 0363 6B000000 		.4byte	0x6b
 794 0367 01       		.byte	0x1
 795 0368 09       		.uleb128 0x9
 796 0369 FF000000 		.4byte	.LASF94
 797 036d 05       		.byte	0x5
 798 036e 97       		.byte	0x97
 799 036f 6B000000 		.4byte	0x6b
 800 0373 02       		.byte	0x2
 801 0374 09       		.uleb128 0x9
 802 0375 170A0000 		.4byte	.LASF95
 803 0379 05       		.byte	0x5
 804 037a 98       		.byte	0x98
 805 037b 77000000 		.4byte	0x77
 806 037f 04       		.byte	0x4
 807 0380 09       		.uleb128 0x9
 808 0381 3F090000 		.4byte	.LASF96
 809 0385 05       		.byte	0x5
 810 0386 99       		.byte	0x99
 811 0387 77000000 		.4byte	0x77
 812 038b 06       		.byte	0x6
 813 038c 00       		.byte	0
 814 038d 07       		.uleb128 0x7
 815 038e 47040000 		.4byte	.LASF97
 816 0392 05       		.byte	0x5
 817 0393 9A       		.byte	0x9a
 818 0394 48030000 		.4byte	0x348
 819 0398 07       		.uleb128 0x7
 820 0399 59020000 		.4byte	.LASF98
 821 039d 05       		.byte	0x5
 822 039e 9C       		.byte	0x9c
 823 039f 92010000 		.4byte	0x192
 824 03a3 07       		.uleb128 0x7
 825 03a4 B5000000 		.4byte	.LASF99
 826 03a8 05       		.byte	0x5
 827 03a9 9D       		.byte	0x9d
 828 03aa AE030000 		.4byte	0x3ae
 829 03ae 0F       		.uleb128 0xf
 830 03af 04       		.byte	0x4
 831 03b0 B4030000 		.4byte	0x3b4
 832 03b4 14       		.uleb128 0x14
 833 03b5 6F010000 		.4byte	0x16f
 834 03b9 C3030000 		.4byte	0x3c3
 835 03bd 0E       		.uleb128 0xe
 836 03be B5000000 		.4byte	0xb5
 837 03c2 00       		.byte	0
 838 03c3 07       		.uleb128 0x7
 839 03c4 21080000 		.4byte	.LASF100
 840 03c8 05       		.byte	0x5
 841 03c9 9E       		.byte	0x9e
 842 03ca 92010000 		.4byte	0x192
 843 03ce 07       		.uleb128 0x7
 844 03cf 8B090000 		.4byte	.LASF101
 845 03d3 05       		.byte	0x5
 846 03d4 9F       		.byte	0x9f
 847 03d5 92010000 		.4byte	0x192
 848 03d9 07       		.uleb128 0x7
 849 03da 60040000 		.4byte	.LASF102
ARM GAS  C:\Users\RECEPC~1\AppData\Local\Temp\ccfEfWlt.s 			page 18


 850 03de 05       		.byte	0x5
 851 03df A0       		.byte	0xa0
 852 03e0 92010000 		.4byte	0x192
 853 03e4 13       		.uleb128 0x13
 854 03e5 06       		.byte	0x6
 855 03e6 05       		.byte	0x5
 856 03e7 AE       		.byte	0xae
 857 03e8 11040000 		.4byte	0x411
 858 03ec 09       		.uleb128 0x9
 859 03ed 7D000000 		.4byte	.LASF103
 860 03f1 05       		.byte	0x5
 861 03f2 B0       		.byte	0xb0
 862 03f3 6B000000 		.4byte	0x6b
 863 03f7 00       		.byte	0
 864 03f8 09       		.uleb128 0x9
 865 03f9 92040000 		.4byte	.LASF104
 866 03fd 05       		.byte	0x5
 867 03fe B1       		.byte	0xb1
 868 03ff 77000000 		.4byte	0x77
 869 0403 02       		.byte	0x2
 870 0404 09       		.uleb128 0x9
 871 0405 FC030000 		.4byte	.LASF105
 872 0409 05       		.byte	0x5
 873 040a B2       		.byte	0xb2
 874 040b 6B000000 		.4byte	0x6b
 875 040f 04       		.byte	0x4
 876 0410 00       		.byte	0
 877 0411 07       		.uleb128 0x7
 878 0412 6D070000 		.4byte	.LASF106
 879 0416 05       		.byte	0x5
 880 0417 B3       		.byte	0xb3
 881 0418 E4030000 		.4byte	0x3e4
 882 041c 13       		.uleb128 0x13
 883 041d 0E       		.byte	0xe
 884 041e 05       		.byte	0x5
 885 041f B5       		.byte	0xb5
 886 0420 55040000 		.4byte	0x455
 887 0424 09       		.uleb128 0x9
 888 0425 58090000 		.4byte	.LASF107
 889 0429 05       		.byte	0x5
 890 042a B7       		.byte	0xb7
 891 042b 77000000 		.4byte	0x77
 892 042f 00       		.byte	0
 893 0430 09       		.uleb128 0x9
 894 0431 6A040000 		.4byte	.LASF108
 895 0435 05       		.byte	0x5
 896 0436 B8       		.byte	0xb8
 897 0437 77000000 		.4byte	0x77
 898 043b 02       		.byte	0x2
 899 043c 09       		.uleb128 0x9
 900 043d 11020000 		.4byte	.LASF109
 901 0441 05       		.byte	0x5
 902 0442 B9       		.byte	0xb9
 903 0443 6B000000 		.4byte	0x6b
 904 0447 04       		.byte	0x4
 905 0448 09       		.uleb128 0x9
 906 0449 95000000 		.4byte	.LASF110
ARM GAS  C:\Users\RECEPC~1\AppData\Local\Temp\ccfEfWlt.s 			page 19


 907 044d 05       		.byte	0x5
 908 044e BB       		.byte	0xbb
 909 044f 8D030000 		.4byte	0x38d
 910 0453 06       		.byte	0x6
 911 0454 00       		.byte	0
 912 0455 07       		.uleb128 0x7
 913 0456 D0050000 		.4byte	.LASF111
 914 045a 05       		.byte	0x5
 915 045b BC       		.byte	0xbc
 916 045c 1C040000 		.4byte	0x41c
 917 0460 13       		.uleb128 0x13
 918 0461 44       		.byte	0x44
 919 0462 05       		.byte	0x5
 920 0463 C0       		.byte	0xc0
 921 0464 1D050000 		.4byte	0x51d
 922 0468 09       		.uleb128 0x9
 923 0469 AC020000 		.4byte	.LASF112
 924 046d 05       		.byte	0x5
 925 046e C3       		.byte	0xc3
 926 046f 6B000000 		.4byte	0x6b
 927 0473 00       		.byte	0
 928 0474 09       		.uleb128 0x9
 929 0475 1B030000 		.4byte	.LASF113
 930 0479 05       		.byte	0x5
 931 047a C5       		.byte	0xc5
 932 047b 6B000000 		.4byte	0x6b
 933 047f 01       		.byte	0x1
 934 0480 09       		.uleb128 0x9
 935 0481 68050000 		.4byte	.LASF114
 936 0485 05       		.byte	0x5
 937 0486 C7       		.byte	0xc7
 938 0487 6B000000 		.4byte	0x6b
 939 048b 02       		.byte	0x2
 940 048c 09       		.uleb128 0x9
 941 048d 55080000 		.4byte	.LASF115
 942 0491 05       		.byte	0x5
 943 0492 C9       		.byte	0xc9
 944 0493 77000000 		.4byte	0x77
 945 0497 04       		.byte	0x4
 946 0498 09       		.uleb128 0x9
 947 0499 8D070000 		.4byte	.LASF116
 948 049d 05       		.byte	0x5
 949 049e CB       		.byte	0xcb
 950 049f 6B000000 		.4byte	0x6b
 951 04a3 06       		.byte	0x6
 952 04a4 09       		.uleb128 0x9
 953 04a5 81080000 		.4byte	.LASF117
 954 04a9 05       		.byte	0x5
 955 04aa CE       		.byte	0xce
 956 04ab 1D050000 		.4byte	0x51d
 957 04af 07       		.byte	0x7
 958 04b0 09       		.uleb128 0x9
 959 04b1 C20A0000 		.4byte	.LASF118
 960 04b5 05       		.byte	0x5
 961 04b6 CF       		.byte	0xcf
 962 04b7 1D050000 		.4byte	0x51d
 963 04bb 0D       		.byte	0xd
ARM GAS  C:\Users\RECEPC~1\AppData\Local\Temp\ccfEfWlt.s 			page 20


 964 04bc 09       		.uleb128 0x9
 965 04bd A10A0000 		.4byte	.LASF119
 966 04c1 05       		.byte	0x5
 967 04c2 D2       		.byte	0xd2
 968 04c3 1D050000 		.4byte	0x51d
 969 04c7 13       		.byte	0x13
 970 04c8 09       		.uleb128 0x9
 971 04c9 11010000 		.4byte	.LASF120
 972 04cd 05       		.byte	0x5
 973 04ce D3       		.byte	0xd3
 974 04cf 1D050000 		.4byte	0x51d
 975 04d3 19       		.byte	0x19
 976 04d4 09       		.uleb128 0x9
 977 04d5 30020000 		.4byte	.LASF121
 978 04d9 05       		.byte	0x5
 979 04da D5       		.byte	0xd5
 980 04db 98030000 		.4byte	0x398
 981 04df 20       		.byte	0x20
 982 04e0 09       		.uleb128 0x9
 983 04e1 DA0A0000 		.4byte	.LASF122
 984 04e5 05       		.byte	0x5
 985 04e6 D8       		.byte	0xd8
 986 04e7 C3030000 		.4byte	0x3c3
 987 04eb 24       		.byte	0x24
 988 04ec 09       		.uleb128 0x9
 989 04ed 6B080000 		.4byte	.LASF123
 990 04f1 05       		.byte	0x5
 991 04f2 DA       		.byte	0xda
 992 04f3 A3030000 		.4byte	0x3a3
 993 04f7 28       		.byte	0x28
 994 04f8 09       		.uleb128 0x9
 995 04f9 87000000 		.4byte	.LASF124
 996 04fd 05       		.byte	0x5
 997 04fe DC       		.byte	0xdc
 998 04ff 55040000 		.4byte	0x455
 999 0503 2C       		.byte	0x2c
 1000 0504 09       		.uleb128 0x9
 1001 0505 E80A0000 		.4byte	.LASF125
 1002 0509 05       		.byte	0x5
 1003 050a DE       		.byte	0xde
 1004 050b CE030000 		.4byte	0x3ce
 1005 050f 3C       		.byte	0x3c
 1006 0510 09       		.uleb128 0x9
 1007 0511 7A030000 		.4byte	.LASF126
 1008 0515 05       		.byte	0x5
 1009 0516 E0       		.byte	0xe0
 1010 0517 D9030000 		.4byte	0x3d9
 1011 051b 40       		.byte	0x40
 1012 051c 00       		.byte	0
 1013 051d 0B       		.uleb128 0xb
 1014 051e 6B000000 		.4byte	0x6b
 1015 0522 2D050000 		.4byte	0x52d
 1016 0526 15       		.uleb128 0x15
 1017 0527 AE000000 		.4byte	0xae
 1018 052b 05       		.byte	0x5
 1019 052c 00       		.byte	0
 1020 052d 07       		.uleb128 0x7
ARM GAS  C:\Users\RECEPC~1\AppData\Local\Temp\ccfEfWlt.s 			page 21


 1021 052e 300B0000 		.4byte	.LASF127
 1022 0532 05       		.byte	0x5
 1023 0533 E1       		.byte	0xe1
 1024 0534 60040000 		.4byte	0x460
 1025 0538 13       		.uleb128 0x13
 1026 0539 16       		.byte	0x16
 1027 053a 05       		.byte	0x5
 1028 053b E5       		.byte	0xe5
 1029 053c 71050000 		.4byte	0x571
 1030 0540 09       		.uleb128 0x9
 1031 0541 C9090000 		.4byte	.LASF128
 1032 0545 05       		.byte	0x5
 1033 0546 E7       		.byte	0xe7
 1034 0547 77000000 		.4byte	0x77
 1035 054b 00       		.byte	0
 1036 054c 09       		.uleb128 0x9
 1037 054d 4E050000 		.4byte	.LASF129
 1038 0551 05       		.byte	0x5
 1039 0552 E8       		.byte	0xe8
 1040 0553 77000000 		.4byte	0x77
 1041 0557 02       		.byte	0x2
 1042 0558 09       		.uleb128 0x9
 1043 0559 C8020000 		.4byte	.LASF130
 1044 055d 05       		.byte	0x5
 1045 055e E9       		.byte	0xe9
 1046 055f 6B000000 		.4byte	0x6b
 1047 0563 04       		.byte	0x4
 1048 0564 09       		.uleb128 0x9
 1049 0565 1C000000 		.4byte	.LASF26
 1050 0569 05       		.byte	0x5
 1051 056a EA       		.byte	0xea
 1052 056b 71050000 		.4byte	0x571
 1053 056f 05       		.byte	0x5
 1054 0570 00       		.byte	0
 1055 0571 0B       		.uleb128 0xb
 1056 0572 91000000 		.4byte	0x91
 1057 0576 81050000 		.4byte	0x581
 1058 057a 15       		.uleb128 0x15
 1059 057b AE000000 		.4byte	0xae
 1060 057f 0F       		.byte	0xf
 1061 0580 00       		.byte	0
 1062 0581 07       		.uleb128 0x7
 1063 0582 DB030000 		.4byte	.LASF131
 1064 0586 05       		.byte	0x5
 1065 0587 EC       		.byte	0xec
 1066 0588 38050000 		.4byte	0x538
 1067 058c 13       		.uleb128 0x13
 1068 058d 3C       		.byte	0x3c
 1069 058e 05       		.byte	0x5
 1070 058f EE       		.byte	0xee
 1071 0590 72060000 		.4byte	0x672
 1072 0594 09       		.uleb128 0x9
 1073 0595 09020000 		.4byte	.LASF132
 1074 0599 05       		.byte	0x5
 1075 059a F0       		.byte	0xf0
 1076 059b 6B000000 		.4byte	0x6b
 1077 059f 00       		.byte	0
ARM GAS  C:\Users\RECEPC~1\AppData\Local\Temp\ccfEfWlt.s 			page 22


 1078 05a0 09       		.uleb128 0x9
 1079 05a1 D7010000 		.4byte	.LASF133
 1080 05a5 05       		.byte	0x5
 1081 05a6 F1       		.byte	0xf1
 1082 05a7 6B000000 		.4byte	0x6b
 1083 05ab 01       		.byte	0x1
 1084 05ac 09       		.uleb128 0x9
 1085 05ad 3C040000 		.4byte	.LASF134
 1086 05b1 05       		.byte	0x5
 1087 05b2 F2       		.byte	0xf2
 1088 05b3 6B000000 		.4byte	0x6b
 1089 05b7 02       		.byte	0x2
 1090 05b8 09       		.uleb128 0x9
 1091 05b9 E9030000 		.4byte	.LASF135
 1092 05bd 05       		.byte	0x5
 1093 05be F3       		.byte	0xf3
 1094 05bf 6B000000 		.4byte	0x6b
 1095 05c3 03       		.byte	0x3
 1096 05c4 09       		.uleb128 0x9
 1097 05c5 D2080000 		.4byte	.LASF136
 1098 05c9 05       		.byte	0x5
 1099 05ca F4       		.byte	0xf4
 1100 05cb 6B000000 		.4byte	0x6b
 1101 05cf 04       		.byte	0x4
 1102 05d0 09       		.uleb128 0x9
 1103 05d1 E5020000 		.4byte	.LASF137
 1104 05d5 05       		.byte	0x5
 1105 05d6 F5       		.byte	0xf5
 1106 05d7 6B000000 		.4byte	0x6b
 1107 05db 05       		.byte	0x5
 1108 05dc 09       		.uleb128 0x9
 1109 05dd D5020000 		.4byte	.LASF138
 1110 05e1 05       		.byte	0x5
 1111 05e2 F6       		.byte	0xf6
 1112 05e3 77000000 		.4byte	0x77
 1113 05e7 06       		.byte	0x6
 1114 05e8 09       		.uleb128 0x9
 1115 05e9 7F040000 		.4byte	.LASF139
 1116 05ed 05       		.byte	0x5
 1117 05ee F7       		.byte	0xf7
 1118 05ef 77000000 		.4byte	0x77
 1119 05f3 08       		.byte	0x8
 1120 05f4 09       		.uleb128 0x9
 1121 05f5 8D070000 		.4byte	.LASF116
 1122 05f9 05       		.byte	0x5
 1123 05fa F8       		.byte	0xf8
 1124 05fb 6B000000 		.4byte	0x6b
 1125 05ff 0A       		.byte	0xa
 1126 0600 09       		.uleb128 0x9
 1127 0601 E0050000 		.4byte	.LASF140
 1128 0605 05       		.byte	0x5
 1129 0606 FA       		.byte	0xfa
 1130 0607 6B000000 		.4byte	0x6b
 1131 060b 0B       		.byte	0xb
 1132 060c 09       		.uleb128 0x9
 1133 060d 840A0000 		.4byte	.LASF141
 1134 0611 05       		.byte	0x5
ARM GAS  C:\Users\RECEPC~1\AppData\Local\Temp\ccfEfWlt.s 			page 23


 1135 0612 FB       		.byte	0xfb
 1136 0613 6B000000 		.4byte	0x6b
 1137 0617 0C       		.byte	0xc
 1138 0618 09       		.uleb128 0x9
 1139 0619 D6060000 		.4byte	.LASF142
 1140 061d 05       		.byte	0x5
 1141 061e FD       		.byte	0xfd
 1142 061f 6F010000 		.4byte	0x16f
 1143 0623 0D       		.byte	0xd
 1144 0624 09       		.uleb128 0x9
 1145 0625 24050000 		.4byte	.LASF143
 1146 0629 05       		.byte	0x5
 1147 062a FF       		.byte	0xff
 1148 062b 72060000 		.4byte	0x672
 1149 062f 10       		.byte	0x10
 1150 0630 16       		.uleb128 0x16
 1151 0631 910A0000 		.4byte	.LASF144
 1152 0635 05       		.byte	0x5
 1153 0636 0001     		.2byte	0x100
 1154 0638 72060000 		.4byte	0x672
 1155 063c 14       		.byte	0x14
 1156 063d 16       		.uleb128 0x16
 1157 063e B6060000 		.4byte	.LASF145
 1158 0642 05       		.byte	0x5
 1159 0643 0101     		.2byte	0x101
 1160 0645 81050000 		.4byte	0x581
 1161 0649 18       		.byte	0x18
 1162 064a 16       		.uleb128 0x16
 1163 064b E0060000 		.4byte	.LASF146
 1164 064f 05       		.byte	0x5
 1165 0650 0301     		.2byte	0x103
 1166 0652 B5000000 		.4byte	0xb5
 1167 0656 30       		.byte	0x30
 1168 0657 16       		.uleb128 0x16
 1169 0658 E0080000 		.4byte	.LASF28
 1170 065c 05       		.byte	0x5
 1171 065d 0401     		.2byte	0x104
 1172 065f B5000000 		.4byte	0xb5
 1173 0663 34       		.byte	0x34
 1174 0664 16       		.uleb128 0x16
 1175 0665 9E010000 		.4byte	.LASF147
 1176 0669 05       		.byte	0x5
 1177 066a 0601     		.2byte	0x106
 1178 066c AE030000 		.4byte	0x3ae
 1179 0670 38       		.byte	0x38
 1180 0671 00       		.byte	0
 1181 0672 0F       		.uleb128 0xf
 1182 0673 04       		.byte	0x4
 1183 0674 2D050000 		.4byte	0x52d
 1184 0678 04       		.uleb128 0x4
 1185 0679 ED000000 		.4byte	.LASF148
 1186 067d 05       		.byte	0x5
 1187 067e 0801     		.2byte	0x108
 1188 0680 84060000 		.4byte	0x684
 1189 0684 0F       		.uleb128 0xf
 1190 0685 04       		.byte	0x4
 1191 0686 8C050000 		.4byte	0x58c
ARM GAS  C:\Users\RECEPC~1\AppData\Local\Temp\ccfEfWlt.s 			page 24


 1192 068a 17       		.uleb128 0x17
 1193 068b 02050000 		.4byte	.LASF150
 1194 068f 01       		.byte	0x1
 1195 0690 2E       		.byte	0x2e
 1196 0691 77000000 		.4byte	0x77
 1197 0695 00000000 		.4byte	.LFB0
 1198 0699 48000000 		.4byte	.LFE0-.LFB0
 1199 069d 01       		.uleb128 0x1
 1200 069e 9C       		.byte	0x9c
 1201 069f CD060000 		.4byte	0x6cd
 1202 06a3 18       		.uleb128 0x18
 1203 06a4 696400   		.ascii	"id\000"
 1204 06a7 01       		.byte	0x1
 1205 06a8 2E       		.byte	0x2e
 1206 06a9 6B000000 		.4byte	0x6b
 1207 06ad 02       		.uleb128 0x2
 1208 06ae 91       		.byte	0x91
 1209 06af 6F       		.sleb128 -17
 1210 06b0 19       		.uleb128 0x19
 1211 06b1 74050000 		.4byte	.LASF149
 1212 06b5 01       		.byte	0x1
 1213 06b6 30       		.byte	0x30
 1214 06b7 77000000 		.4byte	0x77
 1215 06bb 02       		.uleb128 0x2
 1216 06bc 91       		.byte	0x91
 1217 06bd 76       		.sleb128 -10
 1218 06be 1A       		.uleb128 0x1a
 1219 06bf 70747200 		.ascii	"ptr\000"
 1220 06c3 01       		.byte	0x1
 1221 06c4 31       		.byte	0x31
 1222 06c5 CD060000 		.4byte	0x6cd
 1223 06c9 02       		.uleb128 0x2
 1224 06ca 91       		.byte	0x91
 1225 06cb 70       		.sleb128 -16
 1226 06cc 00       		.byte	0
 1227 06cd 0F       		.uleb128 0xf
 1228 06ce 04       		.byte	0x4
 1229 06cf 11040000 		.4byte	0x411
 1230 06d3 17       		.uleb128 0x17
 1231 06d4 F50A0000 		.4byte	.LASF151
 1232 06d8 01       		.byte	0x1
 1233 06d9 40       		.byte	0x40
 1234 06da 6B000000 		.4byte	0x6b
 1235 06de 00000000 		.4byte	.LFB1
 1236 06e2 48000000 		.4byte	.LFE1-.LFB1
 1237 06e6 01       		.uleb128 0x1
 1238 06e7 9C       		.byte	0x9c
 1239 06e8 16070000 		.4byte	0x716
 1240 06ec 18       		.uleb128 0x18
 1241 06ed 696400   		.ascii	"id\000"
 1242 06f0 01       		.byte	0x1
 1243 06f1 40       		.byte	0x40
 1244 06f2 6B000000 		.4byte	0x6b
 1245 06f6 02       		.uleb128 0x2
 1246 06f7 91       		.byte	0x91
 1247 06f8 6F       		.sleb128 -17
 1248 06f9 19       		.uleb128 0x19
ARM GAS  C:\Users\RECEPC~1\AppData\Local\Temp\ccfEfWlt.s 			page 25


 1249 06fa 74050000 		.4byte	.LASF149
 1250 06fe 01       		.byte	0x1
 1251 06ff 42       		.byte	0x42
 1252 0700 6B000000 		.4byte	0x6b
 1253 0704 02       		.uleb128 0x2
 1254 0705 91       		.byte	0x91
 1255 0706 77       		.sleb128 -9
 1256 0707 1A       		.uleb128 0x1a
 1257 0708 70747200 		.ascii	"ptr\000"
 1258 070c 01       		.byte	0x1
 1259 070d 43       		.byte	0x43
 1260 070e CD060000 		.4byte	0x6cd
 1261 0712 02       		.uleb128 0x2
 1262 0713 91       		.byte	0x91
 1263 0714 70       		.sleb128 -16
 1264 0715 00       		.byte	0
 1265 0716 1B       		.uleb128 0x1b
 1266 0717 BA080000 		.4byte	.LASF152
 1267 071b 01       		.byte	0x1
 1268 071c 50       		.byte	0x50
 1269 071d 6B000000 		.4byte	0x6b
 1270 0721 00000000 		.4byte	.LFB2
 1271 0725 78000000 		.4byte	.LFE2-.LFB2
 1272 0729 01       		.uleb128 0x1
 1273 072a 9C       		.byte	0x9c
 1274 072b 5A070000 		.4byte	0x75a
 1275 072f 1C       		.uleb128 0x1c
 1276 0730 8A0A0000 		.4byte	.LASF153
 1277 0734 01       		.byte	0x1
 1278 0735 50       		.byte	0x50
 1279 0736 BE000000 		.4byte	0xbe
 1280 073a 02       		.uleb128 0x2
 1281 073b 91       		.byte	0x91
 1282 073c 64       		.sleb128 -28
 1283 073d 19       		.uleb128 0x19
 1284 073e 74050000 		.4byte	.LASF149
 1285 0742 01       		.byte	0x1
 1286 0743 52       		.byte	0x52
 1287 0744 6B000000 		.4byte	0x6b
 1288 0748 02       		.uleb128 0x2
 1289 0749 91       		.byte	0x91
 1290 074a 6F       		.sleb128 -17
 1291 074b 19       		.uleb128 0x19
 1292 074c 9C030000 		.4byte	.LASF154
 1293 0750 01       		.byte	0x1
 1294 0751 53       		.byte	0x53
 1295 0752 78060000 		.4byte	0x678
 1296 0756 02       		.uleb128 0x2
 1297 0757 91       		.byte	0x91
 1298 0758 68       		.sleb128 -24
 1299 0759 00       		.byte	0
 1300 075a 0B       		.uleb128 0xb
 1301 075b 11040000 		.4byte	0x411
 1302 075f 6A070000 		.4byte	0x76a
 1303 0763 15       		.uleb128 0x15
 1304 0764 AE000000 		.4byte	0xae
 1305 0768 10       		.byte	0x10
ARM GAS  C:\Users\RECEPC~1\AppData\Local\Temp\ccfEfWlt.s 			page 26


 1306 0769 00       		.byte	0
 1307 076a 1D       		.uleb128 0x1d
 1308 076b 8E030000 		.4byte	.LASF160
 1309 076f 01       		.byte	0x1
 1310 0770 14       		.byte	0x14
 1311 0771 5A070000 		.4byte	0x75a
 1312 0775 05       		.uleb128 0x5
 1313 0776 03       		.byte	0x3
 1314 0777 00000000 		.4byte	_g_buffscrlut
 1315 077b 00       		.byte	0
 1316              		.section	.debug_abbrev,"",%progbits
 1317              	.Ldebug_abbrev0:
 1318 0000 01       		.uleb128 0x1
 1319 0001 11       		.uleb128 0x11
 1320 0002 01       		.byte	0x1
 1321 0003 25       		.uleb128 0x25
 1322 0004 0E       		.uleb128 0xe
 1323 0005 13       		.uleb128 0x13
 1324 0006 0B       		.uleb128 0xb
 1325 0007 03       		.uleb128 0x3
 1326 0008 0E       		.uleb128 0xe
 1327 0009 1B       		.uleb128 0x1b
 1328 000a 0E       		.uleb128 0xe
 1329 000b 55       		.uleb128 0x55
 1330 000c 17       		.uleb128 0x17
 1331 000d 11       		.uleb128 0x11
 1332 000e 01       		.uleb128 0x1
 1333 000f 10       		.uleb128 0x10
 1334 0010 17       		.uleb128 0x17
 1335 0011 00       		.byte	0
 1336 0012 00       		.byte	0
 1337 0013 02       		.uleb128 0x2
 1338 0014 24       		.uleb128 0x24
 1339 0015 00       		.byte	0
 1340 0016 0B       		.uleb128 0xb
 1341 0017 0B       		.uleb128 0xb
 1342 0018 3E       		.uleb128 0x3e
 1343 0019 0B       		.uleb128 0xb
 1344 001a 03       		.uleb128 0x3
 1345 001b 0E       		.uleb128 0xe
 1346 001c 00       		.byte	0
 1347 001d 00       		.byte	0
 1348 001e 03       		.uleb128 0x3
 1349 001f 24       		.uleb128 0x24
 1350 0020 00       		.byte	0
 1351 0021 0B       		.uleb128 0xb
 1352 0022 0B       		.uleb128 0xb
 1353 0023 3E       		.uleb128 0x3e
 1354 0024 0B       		.uleb128 0xb
 1355 0025 03       		.uleb128 0x3
 1356 0026 08       		.uleb128 0x8
 1357 0027 00       		.byte	0
 1358 0028 00       		.byte	0
 1359 0029 04       		.uleb128 0x4
 1360 002a 16       		.uleb128 0x16
 1361 002b 00       		.byte	0
 1362 002c 03       		.uleb128 0x3
ARM GAS  C:\Users\RECEPC~1\AppData\Local\Temp\ccfEfWlt.s 			page 27


 1363 002d 0E       		.uleb128 0xe
 1364 002e 3A       		.uleb128 0x3a
 1365 002f 0B       		.uleb128 0xb
 1366 0030 3B       		.uleb128 0x3b
 1367 0031 05       		.uleb128 0x5
 1368 0032 49       		.uleb128 0x49
 1369 0033 13       		.uleb128 0x13
 1370 0034 00       		.byte	0
 1371 0035 00       		.byte	0
 1372 0036 05       		.uleb128 0x5
 1373 0037 35       		.uleb128 0x35
 1374 0038 00       		.byte	0
 1375 0039 49       		.uleb128 0x49
 1376 003a 13       		.uleb128 0x13
 1377 003b 00       		.byte	0
 1378 003c 00       		.byte	0
 1379 003d 06       		.uleb128 0x6
 1380 003e 0F       		.uleb128 0xf
 1381 003f 00       		.byte	0
 1382 0040 0B       		.uleb128 0xb
 1383 0041 0B       		.uleb128 0xb
 1384 0042 00       		.byte	0
 1385 0043 00       		.byte	0
 1386 0044 07       		.uleb128 0x7
 1387 0045 16       		.uleb128 0x16
 1388 0046 00       		.byte	0
 1389 0047 03       		.uleb128 0x3
 1390 0048 0E       		.uleb128 0xe
 1391 0049 3A       		.uleb128 0x3a
 1392 004a 0B       		.uleb128 0xb
 1393 004b 3B       		.uleb128 0x3b
 1394 004c 0B       		.uleb128 0xb
 1395 004d 49       		.uleb128 0x49
 1396 004e 13       		.uleb128 0x13
 1397 004f 00       		.byte	0
 1398 0050 00       		.byte	0
 1399 0051 08       		.uleb128 0x8
 1400 0052 13       		.uleb128 0x13
 1401 0053 01       		.byte	0x1
 1402 0054 03       		.uleb128 0x3
 1403 0055 0E       		.uleb128 0xe
 1404 0056 0B       		.uleb128 0xb
 1405 0057 05       		.uleb128 0x5
 1406 0058 3A       		.uleb128 0x3a
 1407 0059 0B       		.uleb128 0xb
 1408 005a 3B       		.uleb128 0x3b
 1409 005b 0B       		.uleb128 0xb
 1410 005c 01       		.uleb128 0x1
 1411 005d 13       		.uleb128 0x13
 1412 005e 00       		.byte	0
 1413 005f 00       		.byte	0
 1414 0060 09       		.uleb128 0x9
 1415 0061 0D       		.uleb128 0xd
 1416 0062 00       		.byte	0
 1417 0063 03       		.uleb128 0x3
 1418 0064 0E       		.uleb128 0xe
 1419 0065 3A       		.uleb128 0x3a
ARM GAS  C:\Users\RECEPC~1\AppData\Local\Temp\ccfEfWlt.s 			page 28


 1420 0066 0B       		.uleb128 0xb
 1421 0067 3B       		.uleb128 0x3b
 1422 0068 0B       		.uleb128 0xb
 1423 0069 49       		.uleb128 0x49
 1424 006a 13       		.uleb128 0x13
 1425 006b 38       		.uleb128 0x38
 1426 006c 0B       		.uleb128 0xb
 1427 006d 00       		.byte	0
 1428 006e 00       		.byte	0
 1429 006f 0A       		.uleb128 0xa
 1430 0070 0D       		.uleb128 0xd
 1431 0071 00       		.byte	0
 1432 0072 03       		.uleb128 0x3
 1433 0073 0E       		.uleb128 0xe
 1434 0074 3A       		.uleb128 0x3a
 1435 0075 0B       		.uleb128 0xb
 1436 0076 3B       		.uleb128 0x3b
 1437 0077 0B       		.uleb128 0xb
 1438 0078 49       		.uleb128 0x49
 1439 0079 13       		.uleb128 0x13
 1440 007a 38       		.uleb128 0x38
 1441 007b 05       		.uleb128 0x5
 1442 007c 00       		.byte	0
 1443 007d 00       		.byte	0
 1444 007e 0B       		.uleb128 0xb
 1445 007f 01       		.uleb128 0x1
 1446 0080 01       		.byte	0x1
 1447 0081 49       		.uleb128 0x49
 1448 0082 13       		.uleb128 0x13
 1449 0083 01       		.uleb128 0x1
 1450 0084 13       		.uleb128 0x13
 1451 0085 00       		.byte	0
 1452 0086 00       		.byte	0
 1453 0087 0C       		.uleb128 0xc
 1454 0088 21       		.uleb128 0x21
 1455 0089 00       		.byte	0
 1456 008a 49       		.uleb128 0x49
 1457 008b 13       		.uleb128 0x13
 1458 008c 2F       		.uleb128 0x2f
 1459 008d 05       		.uleb128 0x5
 1460 008e 00       		.byte	0
 1461 008f 00       		.byte	0
 1462 0090 0D       		.uleb128 0xd
 1463 0091 15       		.uleb128 0x15
 1464 0092 01       		.byte	0x1
 1465 0093 27       		.uleb128 0x27
 1466 0094 19       		.uleb128 0x19
 1467 0095 01       		.uleb128 0x1
 1468 0096 13       		.uleb128 0x13
 1469 0097 00       		.byte	0
 1470 0098 00       		.byte	0
 1471 0099 0E       		.uleb128 0xe
 1472 009a 05       		.uleb128 0x5
 1473 009b 00       		.byte	0
 1474 009c 49       		.uleb128 0x49
 1475 009d 13       		.uleb128 0x13
 1476 009e 00       		.byte	0
ARM GAS  C:\Users\RECEPC~1\AppData\Local\Temp\ccfEfWlt.s 			page 29


 1477 009f 00       		.byte	0
 1478 00a0 0F       		.uleb128 0xf
 1479 00a1 0F       		.uleb128 0xf
 1480 00a2 00       		.byte	0
 1481 00a3 0B       		.uleb128 0xb
 1482 00a4 0B       		.uleb128 0xb
 1483 00a5 49       		.uleb128 0x49
 1484 00a6 13       		.uleb128 0x13
 1485 00a7 00       		.byte	0
 1486 00a8 00       		.byte	0
 1487 00a9 10       		.uleb128 0x10
 1488 00aa 04       		.uleb128 0x4
 1489 00ab 01       		.byte	0x1
 1490 00ac 03       		.uleb128 0x3
 1491 00ad 0E       		.uleb128 0xe
 1492 00ae 0B       		.uleb128 0xb
 1493 00af 0B       		.uleb128 0xb
 1494 00b0 3A       		.uleb128 0x3a
 1495 00b1 0B       		.uleb128 0xb
 1496 00b2 3B       		.uleb128 0x3b
 1497 00b3 0B       		.uleb128 0xb
 1498 00b4 01       		.uleb128 0x1
 1499 00b5 13       		.uleb128 0x13
 1500 00b6 00       		.byte	0
 1501 00b7 00       		.byte	0
 1502 00b8 11       		.uleb128 0x11
 1503 00b9 28       		.uleb128 0x28
 1504 00ba 00       		.byte	0
 1505 00bb 03       		.uleb128 0x3
 1506 00bc 0E       		.uleb128 0xe
 1507 00bd 1C       		.uleb128 0x1c
 1508 00be 0D       		.uleb128 0xd
 1509 00bf 00       		.byte	0
 1510 00c0 00       		.byte	0
 1511 00c1 12       		.uleb128 0x12
 1512 00c2 04       		.uleb128 0x4
 1513 00c3 01       		.byte	0x1
 1514 00c4 0B       		.uleb128 0xb
 1515 00c5 0B       		.uleb128 0xb
 1516 00c6 3A       		.uleb128 0x3a
 1517 00c7 0B       		.uleb128 0xb
 1518 00c8 3B       		.uleb128 0x3b
 1519 00c9 0B       		.uleb128 0xb
 1520 00ca 01       		.uleb128 0x1
 1521 00cb 13       		.uleb128 0x13
 1522 00cc 00       		.byte	0
 1523 00cd 00       		.byte	0
 1524 00ce 13       		.uleb128 0x13
 1525 00cf 13       		.uleb128 0x13
 1526 00d0 01       		.byte	0x1
 1527 00d1 0B       		.uleb128 0xb
 1528 00d2 0B       		.uleb128 0xb
 1529 00d3 3A       		.uleb128 0x3a
 1530 00d4 0B       		.uleb128 0xb
 1531 00d5 3B       		.uleb128 0x3b
 1532 00d6 0B       		.uleb128 0xb
 1533 00d7 01       		.uleb128 0x1
ARM GAS  C:\Users\RECEPC~1\AppData\Local\Temp\ccfEfWlt.s 			page 30


 1534 00d8 13       		.uleb128 0x13
 1535 00d9 00       		.byte	0
 1536 00da 00       		.byte	0
 1537 00db 14       		.uleb128 0x14
 1538 00dc 15       		.uleb128 0x15
 1539 00dd 01       		.byte	0x1
 1540 00de 27       		.uleb128 0x27
 1541 00df 19       		.uleb128 0x19
 1542 00e0 49       		.uleb128 0x49
 1543 00e1 13       		.uleb128 0x13
 1544 00e2 01       		.uleb128 0x1
 1545 00e3 13       		.uleb128 0x13
 1546 00e4 00       		.byte	0
 1547 00e5 00       		.byte	0
 1548 00e6 15       		.uleb128 0x15
 1549 00e7 21       		.uleb128 0x21
 1550 00e8 00       		.byte	0
 1551 00e9 49       		.uleb128 0x49
 1552 00ea 13       		.uleb128 0x13
 1553 00eb 2F       		.uleb128 0x2f
 1554 00ec 0B       		.uleb128 0xb
 1555 00ed 00       		.byte	0
 1556 00ee 00       		.byte	0
 1557 00ef 16       		.uleb128 0x16
 1558 00f0 0D       		.uleb128 0xd
 1559 00f1 00       		.byte	0
 1560 00f2 03       		.uleb128 0x3
 1561 00f3 0E       		.uleb128 0xe
 1562 00f4 3A       		.uleb128 0x3a
 1563 00f5 0B       		.uleb128 0xb
 1564 00f6 3B       		.uleb128 0x3b
 1565 00f7 05       		.uleb128 0x5
 1566 00f8 49       		.uleb128 0x49
 1567 00f9 13       		.uleb128 0x13
 1568 00fa 38       		.uleb128 0x38
 1569 00fb 0B       		.uleb128 0xb
 1570 00fc 00       		.byte	0
 1571 00fd 00       		.byte	0
 1572 00fe 17       		.uleb128 0x17
 1573 00ff 2E       		.uleb128 0x2e
 1574 0100 01       		.byte	0x1
 1575 0101 3F       		.uleb128 0x3f
 1576 0102 19       		.uleb128 0x19
 1577 0103 03       		.uleb128 0x3
 1578 0104 0E       		.uleb128 0xe
 1579 0105 3A       		.uleb128 0x3a
 1580 0106 0B       		.uleb128 0xb
 1581 0107 3B       		.uleb128 0x3b
 1582 0108 0B       		.uleb128 0xb
 1583 0109 27       		.uleb128 0x27
 1584 010a 19       		.uleb128 0x19
 1585 010b 49       		.uleb128 0x49
 1586 010c 13       		.uleb128 0x13
 1587 010d 11       		.uleb128 0x11
 1588 010e 01       		.uleb128 0x1
 1589 010f 12       		.uleb128 0x12
 1590 0110 06       		.uleb128 0x6
ARM GAS  C:\Users\RECEPC~1\AppData\Local\Temp\ccfEfWlt.s 			page 31


 1591 0111 40       		.uleb128 0x40
 1592 0112 18       		.uleb128 0x18
 1593 0113 9742     		.uleb128 0x2117
 1594 0115 19       		.uleb128 0x19
 1595 0116 01       		.uleb128 0x1
 1596 0117 13       		.uleb128 0x13
 1597 0118 00       		.byte	0
 1598 0119 00       		.byte	0
 1599 011a 18       		.uleb128 0x18
 1600 011b 05       		.uleb128 0x5
 1601 011c 00       		.byte	0
 1602 011d 03       		.uleb128 0x3
 1603 011e 08       		.uleb128 0x8
 1604 011f 3A       		.uleb128 0x3a
 1605 0120 0B       		.uleb128 0xb
 1606 0121 3B       		.uleb128 0x3b
 1607 0122 0B       		.uleb128 0xb
 1608 0123 49       		.uleb128 0x49
 1609 0124 13       		.uleb128 0x13
 1610 0125 02       		.uleb128 0x2
 1611 0126 18       		.uleb128 0x18
 1612 0127 00       		.byte	0
 1613 0128 00       		.byte	0
 1614 0129 19       		.uleb128 0x19
 1615 012a 34       		.uleb128 0x34
 1616 012b 00       		.byte	0
 1617 012c 03       		.uleb128 0x3
 1618 012d 0E       		.uleb128 0xe
 1619 012e 3A       		.uleb128 0x3a
 1620 012f 0B       		.uleb128 0xb
 1621 0130 3B       		.uleb128 0x3b
 1622 0131 0B       		.uleb128 0xb
 1623 0132 49       		.uleb128 0x49
 1624 0133 13       		.uleb128 0x13
 1625 0134 02       		.uleb128 0x2
 1626 0135 18       		.uleb128 0x18
 1627 0136 00       		.byte	0
 1628 0137 00       		.byte	0
 1629 0138 1A       		.uleb128 0x1a
 1630 0139 34       		.uleb128 0x34
 1631 013a 00       		.byte	0
 1632 013b 03       		.uleb128 0x3
 1633 013c 08       		.uleb128 0x8
 1634 013d 3A       		.uleb128 0x3a
 1635 013e 0B       		.uleb128 0xb
 1636 013f 3B       		.uleb128 0x3b
 1637 0140 0B       		.uleb128 0xb
 1638 0141 49       		.uleb128 0x49
 1639 0142 13       		.uleb128 0x13
 1640 0143 02       		.uleb128 0x2
 1641 0144 18       		.uleb128 0x18
 1642 0145 00       		.byte	0
 1643 0146 00       		.byte	0
 1644 0147 1B       		.uleb128 0x1b
 1645 0148 2E       		.uleb128 0x2e
 1646 0149 01       		.byte	0x1
 1647 014a 3F       		.uleb128 0x3f
ARM GAS  C:\Users\RECEPC~1\AppData\Local\Temp\ccfEfWlt.s 			page 32


 1648 014b 19       		.uleb128 0x19
 1649 014c 03       		.uleb128 0x3
 1650 014d 0E       		.uleb128 0xe
 1651 014e 3A       		.uleb128 0x3a
 1652 014f 0B       		.uleb128 0xb
 1653 0150 3B       		.uleb128 0x3b
 1654 0151 0B       		.uleb128 0xb
 1655 0152 27       		.uleb128 0x27
 1656 0153 19       		.uleb128 0x19
 1657 0154 49       		.uleb128 0x49
 1658 0155 13       		.uleb128 0x13
 1659 0156 11       		.uleb128 0x11
 1660 0157 01       		.uleb128 0x1
 1661 0158 12       		.uleb128 0x12
 1662 0159 06       		.uleb128 0x6
 1663 015a 40       		.uleb128 0x40
 1664 015b 18       		.uleb128 0x18
 1665 015c 9642     		.uleb128 0x2116
 1666 015e 19       		.uleb128 0x19
 1667 015f 01       		.uleb128 0x1
 1668 0160 13       		.uleb128 0x13
 1669 0161 00       		.byte	0
 1670 0162 00       		.byte	0
 1671 0163 1C       		.uleb128 0x1c
 1672 0164 05       		.uleb128 0x5
 1673 0165 00       		.byte	0
 1674 0166 03       		.uleb128 0x3
 1675 0167 0E       		.uleb128 0xe
 1676 0168 3A       		.uleb128 0x3a
 1677 0169 0B       		.uleb128 0xb
 1678 016a 3B       		.uleb128 0x3b
 1679 016b 0B       		.uleb128 0xb
 1680 016c 49       		.uleb128 0x49
 1681 016d 13       		.uleb128 0x13
 1682 016e 02       		.uleb128 0x2
 1683 016f 18       		.uleb128 0x18
 1684 0170 00       		.byte	0
 1685 0171 00       		.byte	0
 1686 0172 1D       		.uleb128 0x1d
 1687 0173 34       		.uleb128 0x34
 1688 0174 00       		.byte	0
 1689 0175 03       		.uleb128 0x3
 1690 0176 0E       		.uleb128 0xe
 1691 0177 3A       		.uleb128 0x3a
 1692 0178 0B       		.uleb128 0xb
 1693 0179 3B       		.uleb128 0x3b
 1694 017a 0B       		.uleb128 0xb
 1695 017b 49       		.uleb128 0x49
 1696 017c 13       		.uleb128 0x13
 1697 017d 3F       		.uleb128 0x3f
 1698 017e 19       		.uleb128 0x19
 1699 017f 02       		.uleb128 0x2
 1700 0180 18       		.uleb128 0x18
 1701 0181 00       		.byte	0
 1702 0182 00       		.byte	0
 1703 0183 00       		.byte	0
 1704              		.section	.debug_aranges,"",%progbits
ARM GAS  C:\Users\RECEPC~1\AppData\Local\Temp\ccfEfWlt.s 			page 33


 1705 0000 2C000000 		.4byte	0x2c
 1706 0004 0200     		.2byte	0x2
 1707 0006 00000000 		.4byte	.Ldebug_info0
 1708 000a 04       		.byte	0x4
 1709 000b 00       		.byte	0
 1710 000c 0000     		.2byte	0
 1711 000e 0000     		.2byte	0
 1712 0010 00000000 		.4byte	.LFB0
 1713 0014 48000000 		.4byte	.LFE0-.LFB0
 1714 0018 00000000 		.4byte	.LFB1
 1715 001c 48000000 		.4byte	.LFE1-.LFB1
 1716 0020 00000000 		.4byte	.LFB2
 1717 0024 78000000 		.4byte	.LFE2-.LFB2
 1718 0028 00000000 		.4byte	0
 1719 002c 00000000 		.4byte	0
 1720              		.section	.debug_ranges,"",%progbits
 1721              	.Ldebug_ranges0:
 1722 0000 00000000 		.4byte	.LFB0
 1723 0004 48000000 		.4byte	.LFE0
 1724 0008 00000000 		.4byte	.LFB1
 1725 000c 48000000 		.4byte	.LFE1
 1726 0010 00000000 		.4byte	.LFB2
 1727 0014 78000000 		.4byte	.LFE2
 1728 0018 00000000 		.4byte	0
 1729 001c 00000000 		.4byte	0
 1730              		.section	.debug_line,"",%progbits
 1731              	.Ldebug_line0:
 1732 0000 F1000000 		.section	.debug_str,"MS",%progbits,1
 1732      02009000 
 1732      00000201 
 1732      FB0E0D00 
 1732      01010101 
 1733              	.LASF158:
 1734 0000 5F53494E 		.ascii	"_SINK_MESSAGE_\000"
 1734      4B5F4D45 
 1734      53534147 
 1734      455F00
 1735              	.LASF70:
 1736 000f 44495350 		.ascii	"DISPLAY_HORA\000"
 1736      4C41595F 
 1736      484F5241 
 1736      00
 1737              	.LASF26:
 1738 001c 5F627566 		.ascii	"_buffer\000"
 1738      66657200 
 1739              	.LASF46:
 1740 0024 44495350 		.ascii	"DISPLAY_INGRESE_PASSWORD\000"
 1740      4C41595F 
 1740      494E4752 
 1740      4553455F 
 1740      50415353 
 1741              	.LASF79:
 1742 003d 44495350 		.ascii	"DISPLAY_IMPRESORA_NO_FUNCIONANDO\000"
 1742      4C41595F 
 1742      494D5052 
 1742      45534F52 
 1742      415F4E4F 
ARM GAS  C:\Users\RECEPC~1\AppData\Local\Temp\ccfEfWlt.s 			page 34


 1743              	.LASF68:
 1744 005e 44495350 		.ascii	"DISPLAY_AUTORIZACION_RECHAZADA\000"
 1744      4C41595F 
 1744      4155544F 
 1744      52495A41 
 1744      43494F4E 
 1745              	.LASF103:
 1746 007d 5F726566 		.ascii	"_refscrid\000"
 1746      73637269 
 1746      6400
 1747              	.LASF124:
 1748 0087 5F696E70 		.ascii	"_inputboxinfo\000"
 1748      7574626F 
 1748      78696E66 
 1748      6F00
 1749              	.LASF110:
 1750 0095 5F666F6E 		.ascii	"_font\000"
 1750      7400
 1751              	.LASF81:
 1752 009b 44495350 		.ascii	"DISPLAY_PRECIO_POR_UNIDAD\000"
 1752      4C41595F 
 1752      50524543 
 1752      494F5F50 
 1752      4F525F55 
 1753              	.LASF99:
 1754 00b5 496E7075 		.ascii	"InputValidator\000"
 1754      7456616C 
 1754      69646174 
 1754      6F7200
 1755              	.LASF8:
 1756 00c4 756E7369 		.ascii	"unsigned int\000"
 1756      676E6564 
 1756      20696E74 
 1756      00
 1757              	.LASF64:
 1758 00d1 44495350 		.ascii	"DISPLAY_OPERACION_CANCELADA\000"
 1758      4C41595F 
 1758      4F504552 
 1758      4143494F 
 1758      4E5F4341 
 1759              	.LASF148:
 1760 00ed 50444953 		.ascii	"PDISPLAYLAYOUTPTR\000"
 1760      504C4159 
 1760      4C41594F 
 1760      55545054 
 1760      5200
 1761              	.LASF94:
 1762 00ff 5F6F7061 		.ascii	"_opaquebackground\000"
 1762      71756562 
 1762      61636B67 
 1762      726F756E 
 1762      6400
 1763              	.LASF120:
 1764 0111 5F737461 		.ascii	"_statenodes\000"
 1764      74656E6F 
 1764      64657300 
 1765              	.LASF48:
ARM GAS  C:\Users\RECEPC~1\AppData\Local\Temp\ccfEfWlt.s 			page 35


 1766 011d 44495350 		.ascii	"DISPLAY_PASSWORD_INVALIDO\000"
 1766      4C41595F 
 1766      50415353 
 1766      574F5244 
 1766      5F494E56 
 1767              	.LASF157:
 1768 0137 433A5C55 		.ascii	"C:\\Users\\Recepcion\\Documents\\CorEx-MUX-Kernel-E"
 1768      73657273 
 1768      5C526563 
 1768      65706369 
 1768      6F6E5C44 
 1769 0166 6E68616E 		.ascii	"nhanced-COPIA RECIBO\\Workspace01\\CorEx-Mux-Kernel"
 1769      6365642D 
 1769      434F5049 
 1769      41205245 
 1769      4349424F 
 1770 0197 2E637964 		.ascii	".cydsn\000"
 1770      736E00
 1771              	.LASF147:
 1772 019e 44697370 		.ascii	"DisplayValidator\000"
 1772      6C617956 
 1772      616C6964 
 1772      61746F72 
 1772      00
 1773              	.LASF21:
 1774 01af 5F6D6573 		.ascii	"_messagestate\000"
 1774      73616765 
 1774      73746174 
 1774      6500
 1775              	.LASF38:
 1776 01bd 44495350 		.ascii	"DISPLAY_INTRODUZCA_VALOR2\000"
 1776      4C41595F 
 1776      494E5452 
 1776      4F44555A 
 1776      43415F56 
 1777              	.LASF133:
 1778 01d7 5F73696E 		.ascii	"_sinktarget\000"
 1778      6B746172 
 1778      67657400 
 1779              	.LASF156:
 1780 01e3 2E5C4469 		.ascii	".\\DisplayBufferScreenMap.c\000"
 1780      73706C61 
 1780      79427566 
 1780      66657253 
 1780      63726565 
 1781              	.LASF19:
 1782 01fe 5F6D6573 		.ascii	"_messageid\000"
 1782      73616765 
 1782      696400
 1783              	.LASF132:
 1784 0209 5F646973 		.ascii	"_dispid\000"
 1784      70696400 
 1785              	.LASF109:
 1786 0211 5F6D6178 		.ascii	"_maxchars\000"
 1786      63686172 
 1786      7300
 1787              	.LASF25:
ARM GAS  C:\Users\RECEPC~1\AppData\Local\Temp\ccfEfWlt.s 			page 36


 1788 021b 5F6D6573 		.ascii	"_messagetimeoutlimit\000"
 1788      73616765 
 1788      74696D65 
 1788      6F75746C 
 1788      696D6974 
 1789              	.LASF121:
 1790 0230 5F646563 		.ascii	"_decorator\000"
 1790      6F726174 
 1790      6F7200
 1791              	.LASF45:
 1792 023b 44495350 		.ascii	"DISPLAY_DESEA_IMPRIMIR_RECIBO\000"
 1792      4C41595F 
 1792      44455345 
 1792      415F494D 
 1792      5052494D 
 1793              	.LASF98:
 1794 0259 4465636F 		.ascii	"Decorator\000"
 1794      7261746F 
 1794      7200
 1795              	.LASF67:
 1796 0263 44495350 		.ascii	"DISPLAY_AUTORIZACION_ACEPTADA\000"
 1796      4C41595F 
 1796      4155544F 
 1796      52495A41 
 1796      43494F4E 
 1797              	.LASF11:
 1798 0281 666C6F61 		.ascii	"float\000"
 1798      7400
 1799              	.LASF78:
 1800 0287 44495350 		.ascii	"DISPLAY_AMBAS_IMPRESORAS_FUNCIONANDO\000"
 1800      4C41595F 
 1800      414D4241 
 1800      535F494D 
 1800      50524553 
 1801              	.LASF112:
 1802 02ac 5F736372 		.ascii	"_scrid\000"
 1802      696400
 1803              	.LASF54:
 1804 02b3 44495350 		.ascii	"DISPLAY_ESPERANDO_ID\000"
 1804      4C41595F 
 1804      45535045 
 1804      52414E44 
 1804      4F5F4944 
 1805              	.LASF130:
 1806 02c8 5F627566 		.ascii	"_bufferindex\000"
 1806      66657269 
 1806      6E646578 
 1806      00
 1807              	.LASF138:
 1808 02d5 5F74696D 		.ascii	"_timeoutreftick\000"
 1808      656F7574 
 1808      72656674 
 1808      69636B00 
 1809              	.LASF137:
 1810 02e5 5F737461 		.ascii	"_statechangescrid\000"
 1810      74656368 
 1810      616E6765 
ARM GAS  C:\Users\RECEPC~1\AppData\Local\Temp\ccfEfWlt.s 			page 37


 1810      73637269 
 1810      6400
 1811              	.LASF7:
 1812 02f7 6C6F6E67 		.ascii	"long long unsigned int\000"
 1812      206C6F6E 
 1812      6720756E 
 1812      7369676E 
 1812      65642069 
 1813              	.LASF20:
 1814 030e 5F6D6573 		.ascii	"_messagetype\000"
 1814      73616765 
 1814      74797065 
 1814      00
 1815              	.LASF113:
 1816 031b 5F706172 		.ascii	"_parentscrid\000"
 1816      656E7473 
 1816      63726964 
 1816      00
 1817              	.LASF57:
 1818 0328 44495350 		.ascii	"DISPLAY_INTRODUZCA_VOLUMEN\000"
 1818      4C41595F 
 1818      494E5452 
 1818      4F44555A 
 1818      43415F56 
 1819              	.LASF60:
 1820 0343 44495350 		.ascii	"DISPLAY_CONFIGURACIONES\000"
 1820      4C41595F 
 1820      434F4E46 
 1820      49475552 
 1820      4143494F 
 1821              	.LASF65:
 1822 035b 44495350 		.ascii	"DISPLAY_ESPERANDO_AUTORIZACION\000"
 1822      4C41595F 
 1822      45535045 
 1822      52414E44 
 1822      4F5F4155 
 1823              	.LASF126:
 1824 037a 5F66696E 		.ascii	"_finalizer\000"
 1824      616C697A 
 1824      657200
 1825              	.LASF29:
 1826 0385 43616C6C 		.ascii	"Callback\000"
 1826      6261636B 
 1826      00
 1827              	.LASF160:
 1828 038e 5F675F62 		.ascii	"_g_buffscrlut\000"
 1828      75666673 
 1828      63726C75 
 1828      7400
 1829              	.LASF154:
 1830 039c 70646973 		.ascii	"pdisplay\000"
 1830      706C6179 
 1830      00
 1831              	.LASF32:
 1832 03a5 44495350 		.ascii	"DISPLAY_INICIO0\000"
 1832      4C41595F 
 1832      494E4943 
ARM GAS  C:\Users\RECEPC~1\AppData\Local\Temp\ccfEfWlt.s 			page 38


 1832      494F3000 
 1833              	.LASF33:
 1834 03b5 44495350 		.ascii	"DISPLAY_INICIO1\000"
 1834      4C41595F 
 1834      494E4943 
 1834      494F3100 
 1835              	.LASF34:
 1836 03c5 44495350 		.ascii	"DISPLAY_INICIO2\000"
 1836      4C41595F 
 1836      494E4943 
 1836      494F3200 
 1837              	.LASF30:
 1838 03d5 5F426F6F 		.ascii	"_Bool\000"
 1838      6C00
 1839              	.LASF131:
 1840 03db 44697370 		.ascii	"DisplayBuffer\000"
 1840      6C617942 
 1840      75666665 
 1840      7200
 1841              	.LASF135:
 1842 03e9 5F637572 		.ascii	"_currscrcode\000"
 1842      72736372 
 1842      636F6465 
 1842      00
 1843              	.LASF92:
 1844 03f6 5F73697A 		.ascii	"_size\000"
 1844      6500
 1845              	.LASF105:
 1846 03fc 5F627566 		.ascii	"_bufferlength\000"
 1846      6665726C 
 1846      656E6774 
 1846      6800
 1847              	.LASF35:
 1848 040a 44495350 		.ascii	"DISPLAY_FORMA_PAGO_DESEADA\000"
 1848      4C41595F 
 1848      464F524D 
 1848      415F5041 
 1848      474F5F44 
 1849              	.LASF49:
 1850 0425 44495350 		.ascii	"DISPLAY_NUEVO_PASSWORD\000"
 1850      4C41595F 
 1850      4E554556 
 1850      4F5F5041 
 1850      5353574F 
 1851              	.LASF134:
 1852 043c 5F6E6578 		.ascii	"_nextscrid\000"
 1852      74736372 
 1852      696400
 1853              	.LASF97:
 1854 0447 466F6E74 		.ascii	"FontData\000"
 1854      44617461 
 1854      00
 1855              	.LASF23:
 1856 0450 5F6D6573 		.ascii	"_messagetimeout\000"
 1856      73616765 
 1856      74696D65 
 1856      6F757400 
ARM GAS  C:\Users\RECEPC~1\AppData\Local\Temp\ccfEfWlt.s 			page 39


 1857              	.LASF102:
 1858 0460 46696E61 		.ascii	"Finalizer\000"
 1858      6C697A65 
 1858      7200
 1859              	.LASF108:
 1860 046a 5F796465 		.ascii	"_ydefpos\000"
 1860      66706F73 
 1860      00
 1861              	.LASF14:
 1862 0473 63686172 		.ascii	"char\000"
 1862      00
 1863              	.LASF17:
 1864 0478 4C50564F 		.ascii	"LPVOID\000"
 1864      494400
 1865              	.LASF139:
 1866 047f 5F74696D 		.ascii	"_timeoutmultiplier\000"
 1866      656F7574 
 1866      6D756C74 
 1866      69706C69 
 1866      657200
 1867              	.LASF104:
 1868 0492 5F627566 		.ascii	"_bufferpos\000"
 1868      66657270 
 1868      6F7300
 1869              	.LASF86:
 1870 049d 44495350 		.ascii	"DISPLAY_SIDE_DUMMY_DISPLAY\000"
 1870      4C41595F 
 1870      53494445 
 1870      5F44554D 
 1870      4D595F44 
 1871              	.LASF31:
 1872 04b8 5053494E 		.ascii	"PSINKMESSAGEPTR\000"
 1872      4B4D4553 
 1872      53414745 
 1872      50545200 
 1873              	.LASF10:
 1874 04c8 75696E74 		.ascii	"uint16\000"
 1874      313600
 1875              	.LASF36:
 1876 04cf 44495350 		.ascii	"DISPLAY_FORMA_PROGRAMACION\000"
 1876      4C41595F 
 1876      464F524D 
 1876      415F5052 
 1876      4F475241 
 1877              	.LASF50:
 1878 04ea 44495350 		.ascii	"DISPLAY_TIEMPO_EXPIRADO\000"
 1878      4C41595F 
 1878      5449454D 
 1878      504F5F45 
 1878      58504952 
 1879              	.LASF150:
 1880 0502 47657442 		.ascii	"GetBufferIndexFromDisplayID\000"
 1880      75666665 
 1880      72496E64 
 1880      65784672 
 1880      6F6D4469 
 1881              	.LASF13:
ARM GAS  C:\Users\RECEPC~1\AppData\Local\Temp\ccfEfWlt.s 			page 40


 1882 051e 63686172 		.ascii	"char8\000"
 1882      3800
 1883              	.LASF143:
 1884 0524 5F706375 		.ascii	"_pcurrflow\000"
 1884      7272666C 
 1884      6F7700
 1885              	.LASF58:
 1886 052f 44495350 		.ascii	"DISPLAY_INTRODUZCA_KILOMETRAJE\000"
 1886      4C41595F 
 1886      494E5452 
 1886      4F44555A 
 1886      43415F4B 
 1887              	.LASF129:
 1888 054e 5F79706F 		.ascii	"_ypos\000"
 1888      7300
 1889              	.LASF43:
 1890 0554 44495350 		.ascii	"DISPLAY_BAJE_MANIJA\000"
 1890      4C41595F 
 1890      42414A45 
 1890      5F4D414E 
 1890      494A4100 
 1891              	.LASF114:
 1892 0568 5F706172 		.ascii	"_parentcode\000"
 1892      656E7463 
 1892      6F646500 
 1893              	.LASF149:
 1894 0574 72657476 		.ascii	"retval\000"
 1894      616C00
 1895              	.LASF6:
 1896 057b 6C6F6E67 		.ascii	"long long int\000"
 1896      206C6F6E 
 1896      6720696E 
 1896      7400
 1897              	.LASF41:
 1898 0589 44495350 		.ascii	"DISPLAY_SUBA_MANIJA\000"
 1898      4C41595F 
 1898      53554241 
 1898      5F4D414E 
 1898      494A4100 
 1899              	.LASF80:
 1900 059d 44495350 		.ascii	"DISPLAY_IDENTIFICADOR_ESTACION\000"
 1900      4C41595F 
 1900      4944454E 
 1900      54494649 
 1900      4341444F 
 1901              	.LASF90:
 1902 05bc 504F5349 		.ascii	"POSITIONA\000"
 1902      54494F4E 
 1902      4100
 1903              	.LASF91:
 1904 05c6 504F5349 		.ascii	"POSITIONB\000"
 1904      54494F4E 
 1904      4200
 1905              	.LASF111:
 1906 05d0 44697370 		.ascii	"DisplayInputBox\000"
 1906      6C617949 
 1906      6E707574 
ARM GAS  C:\Users\RECEPC~1\AppData\Local\Temp\ccfEfWlt.s 			page 41


 1906      426F7800 
 1907              	.LASF140:
 1908 05e0 5F76616C 		.ascii	"_val0\000"
 1908      3000
 1909              	.LASF73:
 1910 05e6 44495350 		.ascii	"DISPLAY_ABRIR_TURNO\000"
 1910      4C41595F 
 1910      41425249 
 1910      525F5455 
 1910      524E4F00 
 1911              	.LASF87:
 1912 05fa 44495350 		.ascii	"DISPLAY_NULL\000"
 1912      4C41595F 
 1912      4E554C4C 
 1912      00
 1913              	.LASF155:
 1914 0607 474E5520 		.ascii	"GNU C 4.9.3 20150303 (release) [ARM/embedded-4_9-br"
 1914      4320342E 
 1914      392E3320 
 1914      32303135 
 1914      30333033 
 1915 063a 616E6368 		.ascii	"anch revision 221220] -mcpu=cortex-m3 -mthumb -g -O"
 1915      20726576 
 1915      6973696F 
 1915      6E203232 
 1915      31323230 
 1916 066d 30202D66 		.ascii	"0 -ffunction-sections -ffat-lto-objects\000"
 1916      66756E63 
 1916      74696F6E 
 1916      2D736563 
 1916      74696F6E 
 1917              	.LASF47:
 1918 0695 44495350 		.ascii	"DISPLAY_PASSWORD_VALIDO\000"
 1918      4C41595F 
 1918      50415353 
 1918      574F5244 
 1918      5F56414C 
 1919              	.LASF88:
 1920 06ad 44495350 		.ascii	"DISPLAY1\000"
 1920      4C415931 
 1920      00
 1921              	.LASF145:
 1922 06b6 5F627566 		.ascii	"_bufferinfo\000"
 1922      66657269 
 1922      6E666F00 
 1923              	.LASF42:
 1924 06c2 44495350 		.ascii	"DISPLAY_DESPACHANDO\000"
 1924      4C41595F 
 1924      44455350 
 1924      41434841 
 1924      4E444F00 
 1925              	.LASF142:
 1926 06d6 5F737461 		.ascii	"_starting\000"
 1926      7274696E 
 1926      6700
 1927              	.LASF146:
 1928 06e0 5F707365 		.ascii	"_psequesteredmessagesink\000"
ARM GAS  C:\Users\RECEPC~1\AppData\Local\Temp\ccfEfWlt.s 			page 42


 1928      71756573 
 1928      74657265 
 1928      646D6573 
 1928      73616765 
 1929              	.LASF55:
 1930 06f9 44495350 		.ascii	"DISPLAY_ID_RECONOCIDO\000"
 1930      4C41595F 
 1930      49445F52 
 1930      45434F4E 
 1930      4F434944 
 1931              	.LASF16:
 1932 070f 6C6F6E67 		.ascii	"long double\000"
 1932      20646F75 
 1932      626C6500 
 1933              	.LASF44:
 1934 071b 44495350 		.ascii	"DISPLAY_DIGITE_PLACA\000"
 1934      4C41595F 
 1934      44494749 
 1934      54455F50 
 1934      4C414341 
 1935              	.LASF71:
 1936 0730 44495350 		.ascii	"DISPLAY_FECHA\000"
 1936      4C41595F 
 1936      46454348 
 1936      4100
 1937              	.LASF27:
 1938 073e 5F627566 		.ascii	"_buffersize\000"
 1938      66657273 
 1938      697A6500 
 1939              	.LASF37:
 1940 074a 44495350 		.ascii	"DISPLAY_INTRODUZCA_VALOR\000"
 1940      4C41595F 
 1940      494E5452 
 1940      4F44555A 
 1940      43415F56 
 1941              	.LASF2:
 1942 0763 73686F72 		.ascii	"short int\000"
 1942      7420696E 
 1942      7400
 1943              	.LASF106:
 1944 076d 44697370 		.ascii	"DisplayScreenBufferMap\000"
 1944      6C617953 
 1944      63726565 
 1944      6E427566 
 1944      6665724D 
 1945              	.LASF4:
 1946 0784 6C6F6E67 		.ascii	"long int\000"
 1946      20696E74 
 1946      00
 1947              	.LASF116:
 1948 078d 5F74696D 		.ascii	"_timeoutscrid\000"
 1948      656F7574 
 1948      73637269 
 1948      6400
 1949              	.LASF24:
 1950 079b 5F6D6573 		.ascii	"_messagetimeoutmultiplier\000"
 1950      73616765 
ARM GAS  C:\Users\RECEPC~1\AppData\Local\Temp\ccfEfWlt.s 			page 43


 1950      74696D65 
 1950      6F75746D 
 1950      756C7469 
 1951              	.LASF69:
 1952 07b5 44495350 		.ascii	"DISPLAY_CONFIGURAR_FECHA_HORA\000"
 1952      4C41595F 
 1952      434F4E46 
 1952      49475552 
 1952      41525F46 
 1953              	.LASF66:
 1954 07d3 44495350 		.ascii	"DISPLAY_POR_FAVOR_ESPERE\000"
 1954      4C41595F 
 1954      504F525F 
 1954      4641564F 
 1954      525F4553 
 1955              	.LASF56:
 1956 07ec 44495350 		.ascii	"DISPLAY_INTRODUZCA_CEDULA\000"
 1956      4C41595F 
 1956      494E5452 
 1956      4F44555A 
 1956      43415F43 
 1957              	.LASF62:
 1958 0806 44495350 		.ascii	"DISPLAY_IMPRIMIENDO_RECIBO\000"
 1958      4C41595F 
 1958      494D5052 
 1958      494D4945 
 1958      4E444F5F 
 1959              	.LASF100:
 1960 0821 496E7075 		.ascii	"InputHandler\000"
 1960      7448616E 
 1960      646C6572 
 1960      00
 1961              	.LASF52:
 1962 082e 44495350 		.ascii	"DISPLAY_ID_DIGITAL\000"
 1962      4C41595F 
 1962      49445F44 
 1962      49474954 
 1962      414C00
 1963              	.LASF59:
 1964 0841 44495350 		.ascii	"DISPLAY_OPERACIONES\000"
 1964      4C41595F 
 1964      4F504552 
 1964      4143494F 
 1964      4E455300 
 1965              	.LASF115:
 1966 0855 5F726573 		.ascii	"_responsetimeoutlimit\000"
 1966      706F6E73 
 1966      6574696D 
 1966      656F7574 
 1966      6C696D69 
 1967              	.LASF123:
 1968 086b 5F696E70 		.ascii	"_inputvalidator\000"
 1968      75747661 
 1968      6C696461 
 1968      746F7200 
 1969              	.LASF93:
 1970 087b 5F666163 		.ascii	"_face\000"
ARM GAS  C:\Users\RECEPC~1\AppData\Local\Temp\ccfEfWlt.s 			page 44


 1970      6500
 1971              	.LASF117:
 1972 0881 5F706174 		.ascii	"_pathcodes\000"
 1972      68636F64 
 1972      657300
 1973              	.LASF15:
 1974 088c 73697A65 		.ascii	"sizetype\000"
 1974      74797065 
 1974      00
 1975              	.LASF89:
 1976 0895 44495350 		.ascii	"DISPLAY2\000"
 1976      4C415932 
 1976      00
 1977              	.LASF5:
 1978 089e 6C6F6E67 		.ascii	"long unsigned int\000"
 1978      20756E73 
 1978      69676E65 
 1978      6420696E 
 1978      7400
 1979              	.LASF18:
 1980 08b0 5F73656C 		.ascii	"_selfkill\000"
 1980      666B696C 
 1980      6C00
 1981              	.LASF152:
 1982 08ba 47657450 		.ascii	"GetPumpIndexFromDisplay\000"
 1982      756D7049 
 1982      6E646578 
 1982      46726F6D 
 1982      44697370 
 1983              	.LASF136:
 1984 08d2 5F637572 		.ascii	"_currentstate\000"
 1984      72656E74 
 1984      73746174 
 1984      6500
 1985              	.LASF28:
 1986 08e0 5F706461 		.ascii	"_pdata\000"
 1986      746100
 1987              	.LASF75:
 1988 08e7 44495350 		.ascii	"DISPLAY_CANCELADO_X_PC\000"
 1988      4C41595F 
 1988      43414E43 
 1988      454C4144 
 1988      4F5F585F 
 1989              	.LASF1:
 1990 08fe 756E7369 		.ascii	"unsigned char\000"
 1990      676E6564 
 1990      20636861 
 1990      7200
 1991              	.LASF76:
 1992 090c 44495350 		.ascii	"DISPLAY_USUARIO_VALIDO\000"
 1992      4C41595F 
 1992      55535541 
 1992      52494F5F 
 1992      56414C49 
 1993              	.LASF63:
 1994 0923 44495350 		.ascii	"DISPLAY_SELECCIONE_POSICION\000"
 1994      4C41595F 
ARM GAS  C:\Users\RECEPC~1\AppData\Local\Temp\ccfEfWlt.s 			page 45


 1994      53454C45 
 1994      4343494F 
 1994      4E455F50 
 1995              	.LASF96:
 1996 093f 5F666F72 		.ascii	"_forecolor\000"
 1996      65636F6C 
 1996      6F7200
 1997              	.LASF22:
 1998 094a 5F6D6573 		.ascii	"_messagedelay\000"
 1998      73616765 
 1998      64656C61 
 1998      7900
 1999              	.LASF107:
 2000 0958 5F786465 		.ascii	"_xdefpos\000"
 2000      66706F73 
 2000      00
 2001              	.LASF72:
 2002 0961 44495350 		.ascii	"DISPLAY_OPCION_TURNO\000"
 2002      4C41595F 
 2002      4F504349 
 2002      4F4E5F54 
 2002      55524E4F 
 2003              	.LASF74:
 2004 0976 44495350 		.ascii	"DISPLAY_CERRAR_TURNO\000"
 2004      4C41595F 
 2004      43455252 
 2004      41525F54 
 2004      55524E4F 
 2005              	.LASF101:
 2006 098b 496E6974 		.ascii	"Initializer\000"
 2006      69616C69 
 2006      7A657200 
 2007              	.LASF77:
 2008 0997 44495350 		.ascii	"DISPLAY_USUARIO_INVALIDO\000"
 2008      4C41595F 
 2008      55535541 
 2008      52494F5F 
 2008      494E5641 
 2009              	.LASF53:
 2010 09b0 44495350 		.ascii	"DISPLAY_ID_NO_RECONOCIDO\000"
 2010      4C41595F 
 2010      49445F4E 
 2010      4F5F5245 
 2010      434F4E4F 
 2011              	.LASF128:
 2012 09c9 5F78706F 		.ascii	"_xpos\000"
 2012      7300
 2013              	.LASF82:
 2014 09cf 44495350 		.ascii	"DISPLAY_DUMMY0\000"
 2014      4C41595F 
 2014      44554D4D 
 2014      593000
 2015              	.LASF83:
 2016 09de 44495350 		.ascii	"DISPLAY_DUMMY1\000"
 2016      4C41595F 
 2016      44554D4D 
 2016      593100
ARM GAS  C:\Users\RECEPC~1\AppData\Local\Temp\ccfEfWlt.s 			page 46


 2017              	.LASF84:
 2018 09ed 44495350 		.ascii	"DISPLAY_DUMMY2\000"
 2018      4C41595F 
 2018      44554D4D 
 2018      593200
 2019              	.LASF85:
 2020 09fc 44495350 		.ascii	"DISPLAY_DUMMY3\000"
 2020      4C41595F 
 2020      44554D4D 
 2020      593300
 2021              	.LASF0:
 2022 0a0b 7369676E 		.ascii	"signed char\000"
 2022      65642063 
 2022      68617200 
 2023              	.LASF95:
 2024 0a17 5F626163 		.ascii	"_backcolor\000"
 2024      6B636F6C 
 2024      6F7200
 2025              	.LASF39:
 2026 0a22 44495350 		.ascii	"DISPLAY_SELECCIONE_PRODUCTO3\000"
 2026      4C41595F 
 2026      53454C45 
 2026      4343494F 
 2026      4E455F50 
 2027              	.LASF40:
 2028 0a3f 44495350 		.ascii	"DISPLAY_SELECCIONE_PRODUCTO4\000"
 2028      4C41595F 
 2028      53454C45 
 2028      4343494F 
 2028      4E455F50 
 2029              	.LASF3:
 2030 0a5c 73686F72 		.ascii	"short unsigned int\000"
 2030      7420756E 
 2030      7369676E 
 2030      65642069 
 2030      6E7400
 2031              	.LASF159:
 2032 0a6f 5F415641 		.ascii	"_AVAILABLE_DISPLAYS_\000"
 2032      494C4142 
 2032      4C455F44 
 2032      4953504C 
 2032      4159535F 
 2033              	.LASF141:
 2034 0a84 5F76616C 		.ascii	"_val1\000"
 2034      3100
 2035              	.LASF153:
 2036 0a8a 70706172 		.ascii	"pparam\000"
 2036      616D00
 2037              	.LASF144:
 2038 0a91 5F707265 		.ascii	"_preferenceflow\000"
 2038      66657265 
 2038      6E636566 
 2038      6C6F7700 
 2039              	.LASF119:
 2040 0aa1 5F737461 		.ascii	"_statecodes\000"
 2040      7465636F 
 2040      64657300 
ARM GAS  C:\Users\RECEPC~1\AppData\Local\Temp\ccfEfWlt.s 			page 47


 2041              	.LASF61:
 2042 0aad 44495350 		.ascii	"DISPLAY_COPIA_RECIBO\000"
 2042      4C41595F 
 2042      434F5049 
 2042      415F5245 
 2042      4349424F 
 2043              	.LASF118:
 2044 0ac2 5F706174 		.ascii	"_pathnodes\000"
 2044      686E6F64 
 2044      657300
 2045              	.LASF9:
 2046 0acd 75696E74 		.ascii	"uint8\000"
 2046      3800
 2047              	.LASF12:
 2048 0ad3 646F7562 		.ascii	"double\000"
 2048      6C6500
 2049              	.LASF122:
 2050 0ada 5F696E70 		.ascii	"_inputhandler\000"
 2050      75746861 
 2050      6E646C65 
 2050      7200
 2051              	.LASF125:
 2052 0ae8 5F696E69 		.ascii	"_initializer\000"
 2052      7469616C 
 2052      697A6572 
 2052      00
 2053              	.LASF151:
 2054 0af5 47657442 		.ascii	"GetBufferLengthFromDisplayID\000"
 2054      75666665 
 2054      724C656E 
 2054      67746846 
 2054      726F6D44 
 2055              	.LASF51:
 2056 0b12 44495350 		.ascii	"DISPLAY_GRACIAS_VUELVA_PRONTO\000"
 2056      4C41595F 
 2056      47524143 
 2056      4941535F 
 2056      5655454C 
 2057              	.LASF127:
 2058 0b30 44697370 		.ascii	"DisplayFlow\000"
 2058      6C617946 
 2058      6C6F7700 
 2059              		.ident	"GCC: (GNU Tools for ARM Embedded Processors) 4.9.3 20150303 (release) [ARM/embedded-4_9-br
