ARM GAS  C:\Users\RECEPC~1\AppData\Local\Temp\ccIanxAB.s 			page 1


   1              		.syntax unified
   2              		.cpu cortex-m3
   3              		.fpu softvfp
   4              		.eabi_attribute 20, 1
   5              		.eabi_attribute 21, 1
   6              		.eabi_attribute 23, 3
   7              		.eabi_attribute 24, 1
   8              		.eabi_attribute 25, 1
   9              		.eabi_attribute 26, 1
  10              		.eabi_attribute 30, 6
  11              		.eabi_attribute 34, 1
  12              		.eabi_attribute 18, 4
  13              		.thumb
  14              		.file	"DisplayResolver.c"
  15              		.text
  16              	.Ltext0:
  17              		.cfi_sections	.debug_frame
  18              		.section	.rodata
  19              		.align	2
  20              	.LC0:
  21 0000 AA       		.byte	-86
  22 0001 CC       		.byte	-52
  23 0002 33       		.byte	51
  24 0003 C3       		.byte	-61
  25 0004 3C       		.byte	60
  26 0005 000000   		.section	.text.Display1BufferResolver,"ax",%progbits
  27              		.align	2
  28              		.global	Display1BufferResolver
  29              		.thumb
  30              		.thumb_func
  31              		.type	Display1BufferResolver, %function
  32              	Display1BufferResolver:
  33              	.LFB63:
  34              		.file 1 ".\\DisplayResolver.c"
   1:.\DisplayResolver.c **** /* ========================================
   2:.\DisplayResolver.c ****  *
   3:.\DisplayResolver.c ****  * Copyright YOUR COMPANY, THE YEAR
   4:.\DisplayResolver.c ****  * All Rights Reserved
   5:.\DisplayResolver.c ****  * UNPUBLISHED, LICENSED SOFTWARE.
   6:.\DisplayResolver.c ****  *
   7:.\DisplayResolver.c ****  * CONFIDENTIAL AND PROPRIETARY INFORMATION
   8:.\DisplayResolver.c ****  * WHICH IS THE PROPERTY OF your company.
   9:.\DisplayResolver.c ****  *
  10:.\DisplayResolver.c ****  * ========================================
  11:.\DisplayResolver.c **** */
  12:.\DisplayResolver.c **** #include <project.h>
  13:.\DisplayResolver.c **** #include "GlobalDefinitions.h"
  14:.\DisplayResolver.c **** #include "SinkManager.h"
  15:.\DisplayResolver.c **** #include "SinkObservables.h"
  16:.\DisplayResolver.c **** #include "UARTManager.h"
  17:.\DisplayResolver.c **** #include "Display.h"
  18:.\DisplayResolver.c **** 
  19:.\DisplayResolver.c **** //@Created By: HIJH
  20:.\DisplayResolver.c **** //@Septembre de 2016
  21:.\DisplayResolver.c **** bool Display1BufferResolver(char8* pbuffer, uint16 buffersize)
  22:.\DisplayResolver.c **** {
  35              		.loc 1 22 0
ARM GAS  C:\Users\RECEPC~1\AppData\Local\Temp\ccIanxAB.s 			page 2


  36              		.cfi_startproc
  37              		@ args = 0, pretend = 0, frame = 24
  38              		@ frame_needed = 1, uses_anonymous_args = 0
  39 0000 80B5     		push	{r7, lr}
  40              		.cfi_def_cfa_offset 8
  41              		.cfi_offset 7, -8
  42              		.cfi_offset 14, -4
  43 0002 86B0     		sub	sp, sp, #24
  44              		.cfi_def_cfa_offset 32
  45 0004 00AF     		add	r7, sp, #0
  46              		.cfi_def_cfa_register 7
  47 0006 7860     		str	r0, [r7, #4]
  48 0008 0B46     		mov	r3, r1
  49 000a 7B80     		strh	r3, [r7, #2]	@ movhi
  23:.\DisplayResolver.c ****     //Display frame delimiters
  24:.\DisplayResolver.c ****     char8 pdelimiter[] = { 0xAA, 0xCC, 0x33, 0xC3, 0x3C };
  50              		.loc 1 24 0
  51 000c 374A     		ldr	r2, .L8
  52 000e 07F10803 		add	r3, r7, #8
  53 0012 1068     		ldr	r0, [r2]	@ unaligned
  54 0014 1860     		str	r0, [r3]	@ unaligned
  55 0016 1279     		ldrb	r2, [r2, #4]
  56 0018 1A71     		strb	r2, [r3, #4]
  25:.\DisplayResolver.c ****     uint16 delimitersize = sizeof(pdelimiter);
  57              		.loc 1 25 0
  58 001a 0523     		movs	r3, #5
  59 001c FB82     		strh	r3, [r7, #22]	@ movhi
  26:.\DisplayResolver.c ****     /////////////////////////////////////////////////////////////////////////////////////////
  27:.\DisplayResolver.c ****     //TODO: PLACE HERE ALL THE NECESSARY CODE TO RESOLVE THE COMPLETENESS OF THE ARRIVED DATA
  28:.\DisplayResolver.c ****     /////////////////////////////////////////////////////////////////////////////////////////
  29:.\DisplayResolver.c ****     if(pbuffer[0] != pdelimiter[0] && buffersize >= 0x08) 
  60              		.loc 1 29 0
  61 001e 7B68     		ldr	r3, [r7, #4]
  62 0020 1A78     		ldrb	r2, [r3]	@ zero_extendqisi2
  63 0022 3B7A     		ldrb	r3, [r7, #8]	@ zero_extendqisi2
  64 0024 9A42     		cmp	r2, r3
  65 0026 04D0     		beq	.L2
  66              		.loc 1 29 0 is_stmt 0 discriminator 1
  67 0028 7B88     		ldrh	r3, [r7, #2]
  68 002a 072B     		cmp	r3, #7
  69 002c 01D9     		bls	.L2
  30:.\DisplayResolver.c ****         return true;
  70              		.loc 1 30 0 is_stmt 1
  71 002e 0123     		movs	r3, #1
  72 0030 57E0     		b	.L7
  73              	.L2:
  31:.\DisplayResolver.c ****     
  32:.\DisplayResolver.c ****     if(
  33:.\DisplayResolver.c ****     (pbuffer[buffersize - 1] != pdelimiter[delimitersize - 1]) || 
  74              		.loc 1 33 0
  75 0032 7B88     		ldrh	r3, [r7, #2]
  76 0034 013B     		subs	r3, r3, #1
  77 0036 7A68     		ldr	r2, [r7, #4]
  78 0038 1344     		add	r3, r3, r2
  79 003a 1A78     		ldrb	r2, [r3]	@ zero_extendqisi2
  80 003c FB8A     		ldrh	r3, [r7, #22]
  81 003e 013B     		subs	r3, r3, #1
ARM GAS  C:\Users\RECEPC~1\AppData\Local\Temp\ccIanxAB.s 			page 3


  82 0040 07F11801 		add	r1, r7, #24
  83 0044 0B44     		add	r3, r3, r1
  84 0046 13F8103C 		ldrb	r3, [r3, #-16]	@ zero_extendqisi2
  32:.\DisplayResolver.c ****     (pbuffer[buffersize - 1] != pdelimiter[delimitersize - 1]) || 
  85              		.loc 1 32 0
  86 004a 9A42     		cmp	r2, r3
  87 004c 29D1     		bne	.L4
  34:.\DisplayResolver.c ****     (pbuffer[buffersize - 2] != pdelimiter[delimitersize - 2]) ||
  88              		.loc 1 34 0
  89 004e 7B88     		ldrh	r3, [r7, #2]
  90 0050 023B     		subs	r3, r3, #2
  91 0052 7A68     		ldr	r2, [r7, #4]
  92 0054 1344     		add	r3, r3, r2
  93 0056 1A78     		ldrb	r2, [r3]	@ zero_extendqisi2
  94 0058 FB8A     		ldrh	r3, [r7, #22]
  95 005a 023B     		subs	r3, r3, #2
  96 005c 07F11801 		add	r1, r7, #24
  97 0060 0B44     		add	r3, r3, r1
  98 0062 13F8103C 		ldrb	r3, [r3, #-16]	@ zero_extendqisi2
  33:.\DisplayResolver.c ****     (pbuffer[buffersize - 2] != pdelimiter[delimitersize - 2]) ||
  99              		.loc 1 33 0
 100 0066 9A42     		cmp	r2, r3
 101 0068 1BD1     		bne	.L4
  35:.\DisplayResolver.c ****     (pbuffer[buffersize - 3] != pdelimiter[delimitersize - 3]) || 
 102              		.loc 1 35 0
 103 006a 7B88     		ldrh	r3, [r7, #2]
 104 006c 033B     		subs	r3, r3, #3
 105 006e 7A68     		ldr	r2, [r7, #4]
 106 0070 1344     		add	r3, r3, r2
 107 0072 1A78     		ldrb	r2, [r3]	@ zero_extendqisi2
 108 0074 FB8A     		ldrh	r3, [r7, #22]
 109 0076 033B     		subs	r3, r3, #3
 110 0078 07F11801 		add	r1, r7, #24
 111 007c 0B44     		add	r3, r3, r1
 112 007e 13F8103C 		ldrb	r3, [r3, #-16]	@ zero_extendqisi2
  34:.\DisplayResolver.c ****     (pbuffer[buffersize - 2] != pdelimiter[delimitersize - 2]) ||
 113              		.loc 1 34 0
 114 0082 9A42     		cmp	r2, r3
 115 0084 0DD1     		bne	.L4
  36:.\DisplayResolver.c ****     (pbuffer[buffersize - 4] != pdelimiter[delimitersize - 4]))
 116              		.loc 1 36 0
 117 0086 7B88     		ldrh	r3, [r7, #2]
 118 0088 043B     		subs	r3, r3, #4
 119 008a 7A68     		ldr	r2, [r7, #4]
 120 008c 1344     		add	r3, r3, r2
 121 008e 1A78     		ldrb	r2, [r3]	@ zero_extendqisi2
 122 0090 FB8A     		ldrh	r3, [r7, #22]
 123 0092 043B     		subs	r3, r3, #4
 124 0094 07F11801 		add	r1, r7, #24
 125 0098 0B44     		add	r3, r3, r1
 126 009a 13F8103C 		ldrb	r3, [r3, #-16]	@ zero_extendqisi2
  35:.\DisplayResolver.c ****     (pbuffer[buffersize - 3] != pdelimiter[delimitersize - 3]) || 
 127              		.loc 1 35 0
 128 009e 9A42     		cmp	r2, r3
 129 00a0 01D0     		beq	.L5
 130              	.L4:
  37:.\DisplayResolver.c ****         return false;
ARM GAS  C:\Users\RECEPC~1\AppData\Local\Temp\ccIanxAB.s 			page 4


 131              		.loc 1 37 0
 132 00a2 0023     		movs	r3, #0
 133 00a4 1DE0     		b	.L7
 134              	.L5:
  38:.\DisplayResolver.c ****     
  39:.\DisplayResolver.c ****     /////////////////////////////////////////////////////////////////////////////////////////    
  40:.\DisplayResolver.c ****     
  41:.\DisplayResolver.c ****     SinkMessage* sinkmsg = AllocateMessageSlot();
 135              		.loc 1 41 0
 136 00a6 FFF7FEFF 		bl	AllocateMessageSlot
 137 00aa 3861     		str	r0, [r7, #16]
  42:.\DisplayResolver.c ****     if(sinkmsg)
 138              		.loc 1 42 0
 139 00ac 3B69     		ldr	r3, [r7, #16]
 140 00ae 002B     		cmp	r3, #0
 141 00b0 16D0     		beq	.L6
  43:.\DisplayResolver.c ****     {
  44:.\DisplayResolver.c ****         sinkmsg->_messageid = DISPLAY1_RECEPTION;
 142              		.loc 1 44 0
 143 00b2 3B69     		ldr	r3, [r7, #16]
 144 00b4 1D22     		movs	r2, #29
 145 00b6 5A70     		strb	r2, [r3, #1]
  45:.\DisplayResolver.c ****         sinkmsg->_messagetype = DELAYEDALLINTERESTED;
 146              		.loc 1 45 0
 147 00b8 3B69     		ldr	r3, [r7, #16]
 148 00ba 0522     		movs	r2, #5
 149 00bc 9A70     		strb	r2, [r3, #2]
  46:.\DisplayResolver.c ****         memcpy(sinkmsg->_buffer, (const void*)pbuffer, 0x08);
 150              		.loc 1 46 0
 151 00be 3B69     		ldr	r3, [r7, #16]
 152 00c0 0C33     		adds	r3, r3, #12
 153 00c2 1846     		mov	r0, r3
 154 00c4 7968     		ldr	r1, [r7, #4]
 155 00c6 0822     		movs	r2, #8
 156 00c8 FFF7FEFF 		bl	memcpy
  47:.\DisplayResolver.c ****         sinkmsg->_buffersize = buffersize;
 157              		.loc 1 47 0
 158 00cc 3B69     		ldr	r3, [r7, #16]
 159 00ce 7A88     		ldrh	r2, [r7, #2]	@ movhi
 160 00d0 A3F88C21 		strh	r2, [r3, #396]	@ movhi
  48:.\DisplayResolver.c ****         sinkmsg->_messagestate = SINK_BUSY;
 161              		.loc 1 48 0
 162 00d4 3B69     		ldr	r3, [r7, #16]
 163 00d6 0322     		movs	r2, #3
 164 00d8 DA70     		strb	r2, [r3, #3]
  49:.\DisplayResolver.c ****         
  50:.\DisplayResolver.c ****         Display1_DisableRxInt();
 165              		.loc 1 50 0
 166 00da 054B     		ldr	r3, .L8+4
 167 00dc 0422     		movs	r2, #4
 168 00de 1A60     		str	r2, [r3]
 169              	.L6:
  51:.\DisplayResolver.c ****     }
  52:.\DisplayResolver.c ****     return true;
 170              		.loc 1 52 0
 171 00e0 0123     		movs	r3, #1
 172              	.L7:
ARM GAS  C:\Users\RECEPC~1\AppData\Local\Temp\ccIanxAB.s 			page 5


  53:.\DisplayResolver.c **** }
 173              		.loc 1 53 0 discriminator 1
 174 00e2 1846     		mov	r0, r3
 175 00e4 1837     		adds	r7, r7, #24
 176              		.cfi_def_cfa_offset 8
 177 00e6 BD46     		mov	sp, r7
 178              		.cfi_def_cfa_register 13
 179              		@ sp needed
 180 00e8 80BD     		pop	{r7, pc}
 181              	.L9:
 182 00ea 00BF     		.align	2
 183              	.L8:
 184 00ec 00000000 		.word	.LC0
 185 00f0 80E100E0 		.word	-536813184
 186              		.cfi_endproc
 187              	.LFE63:
 188              		.size	Display1BufferResolver, .-Display1BufferResolver
 189              		.section	.text.Display2BufferResolver,"ax",%progbits
 190              		.align	2
 191              		.global	Display2BufferResolver
 192              		.thumb
 193              		.thumb_func
 194              		.type	Display2BufferResolver, %function
 195              	Display2BufferResolver:
 196              	.LFB64:
  54:.\DisplayResolver.c **** 
  55:.\DisplayResolver.c **** //@Created By: HIJH
  56:.\DisplayResolver.c **** //@Septembre de 2016
  57:.\DisplayResolver.c **** bool Display2BufferResolver(char8* pbuffer, uint16 buffersize)
  58:.\DisplayResolver.c **** {    
 197              		.loc 1 58 0
 198              		.cfi_startproc
 199              		@ args = 0, pretend = 0, frame = 24
 200              		@ frame_needed = 1, uses_anonymous_args = 0
 201 0000 80B5     		push	{r7, lr}
 202              		.cfi_def_cfa_offset 8
 203              		.cfi_offset 7, -8
 204              		.cfi_offset 14, -4
 205 0002 86B0     		sub	sp, sp, #24
 206              		.cfi_def_cfa_offset 32
 207 0004 00AF     		add	r7, sp, #0
 208              		.cfi_def_cfa_register 7
 209 0006 7860     		str	r0, [r7, #4]
 210 0008 0B46     		mov	r3, r1
 211 000a 7B80     		strh	r3, [r7, #2]	@ movhi
  59:.\DisplayResolver.c ****     //Display frame delimiters
  60:.\DisplayResolver.c ****     char8 pdelimiter[] = { 0xAA, 0xCC, 0x33, 0xC3, 0x3C };
 212              		.loc 1 60 0
 213 000c 374A     		ldr	r2, .L17
 214 000e 07F10803 		add	r3, r7, #8
 215 0012 1068     		ldr	r0, [r2]	@ unaligned
 216 0014 1860     		str	r0, [r3]	@ unaligned
 217 0016 1279     		ldrb	r2, [r2, #4]
 218 0018 1A71     		strb	r2, [r3, #4]
  61:.\DisplayResolver.c ****     uint16 delimitersize = sizeof(pdelimiter);
 219              		.loc 1 61 0
 220 001a 0523     		movs	r3, #5
ARM GAS  C:\Users\RECEPC~1\AppData\Local\Temp\ccIanxAB.s 			page 6


 221 001c FB82     		strh	r3, [r7, #22]	@ movhi
  62:.\DisplayResolver.c ****     /////////////////////////////////////////////////////////////////////////////////////////
  63:.\DisplayResolver.c ****     //TODO: PLACE HERE ALL THE NECESSARY CODE TO RESOLVE THE COMPLETENESS OF THE ARRIVED DATA
  64:.\DisplayResolver.c ****     /////////////////////////////////////////////////////////////////////////////////////////
  65:.\DisplayResolver.c ****     if(pbuffer[0] != pdelimiter[0] && buffersize >= 0x08) 
 222              		.loc 1 65 0
 223 001e 7B68     		ldr	r3, [r7, #4]
 224 0020 1A78     		ldrb	r2, [r3]	@ zero_extendqisi2
 225 0022 3B7A     		ldrb	r3, [r7, #8]	@ zero_extendqisi2
 226 0024 9A42     		cmp	r2, r3
 227 0026 04D0     		beq	.L11
 228              		.loc 1 65 0 is_stmt 0 discriminator 1
 229 0028 7B88     		ldrh	r3, [r7, #2]
 230 002a 072B     		cmp	r3, #7
 231 002c 01D9     		bls	.L11
  66:.\DisplayResolver.c ****         return true;
 232              		.loc 1 66 0 is_stmt 1
 233 002e 0123     		movs	r3, #1
 234 0030 57E0     		b	.L16
 235              	.L11:
  67:.\DisplayResolver.c ****     
  68:.\DisplayResolver.c ****     if(
  69:.\DisplayResolver.c ****     (pbuffer[buffersize - 1] != pdelimiter[delimitersize - 1]) || 
 236              		.loc 1 69 0
 237 0032 7B88     		ldrh	r3, [r7, #2]
 238 0034 013B     		subs	r3, r3, #1
 239 0036 7A68     		ldr	r2, [r7, #4]
 240 0038 1344     		add	r3, r3, r2
 241 003a 1A78     		ldrb	r2, [r3]	@ zero_extendqisi2
 242 003c FB8A     		ldrh	r3, [r7, #22]
 243 003e 013B     		subs	r3, r3, #1
 244 0040 07F11801 		add	r1, r7, #24
 245 0044 0B44     		add	r3, r3, r1
 246 0046 13F8103C 		ldrb	r3, [r3, #-16]	@ zero_extendqisi2
  68:.\DisplayResolver.c ****     (pbuffer[buffersize - 1] != pdelimiter[delimitersize - 1]) || 
 247              		.loc 1 68 0
 248 004a 9A42     		cmp	r2, r3
 249 004c 29D1     		bne	.L13
  70:.\DisplayResolver.c ****     (pbuffer[buffersize - 2] != pdelimiter[delimitersize - 2]) ||
 250              		.loc 1 70 0
 251 004e 7B88     		ldrh	r3, [r7, #2]
 252 0050 023B     		subs	r3, r3, #2
 253 0052 7A68     		ldr	r2, [r7, #4]
 254 0054 1344     		add	r3, r3, r2
 255 0056 1A78     		ldrb	r2, [r3]	@ zero_extendqisi2
 256 0058 FB8A     		ldrh	r3, [r7, #22]
 257 005a 023B     		subs	r3, r3, #2
 258 005c 07F11801 		add	r1, r7, #24
 259 0060 0B44     		add	r3, r3, r1
 260 0062 13F8103C 		ldrb	r3, [r3, #-16]	@ zero_extendqisi2
  69:.\DisplayResolver.c ****     (pbuffer[buffersize - 2] != pdelimiter[delimitersize - 2]) ||
 261              		.loc 1 69 0
 262 0066 9A42     		cmp	r2, r3
 263 0068 1BD1     		bne	.L13
  71:.\DisplayResolver.c ****     (pbuffer[buffersize - 3] != pdelimiter[delimitersize - 3]) || 
 264              		.loc 1 71 0
 265 006a 7B88     		ldrh	r3, [r7, #2]
ARM GAS  C:\Users\RECEPC~1\AppData\Local\Temp\ccIanxAB.s 			page 7


 266 006c 033B     		subs	r3, r3, #3
 267 006e 7A68     		ldr	r2, [r7, #4]
 268 0070 1344     		add	r3, r3, r2
 269 0072 1A78     		ldrb	r2, [r3]	@ zero_extendqisi2
 270 0074 FB8A     		ldrh	r3, [r7, #22]
 271 0076 033B     		subs	r3, r3, #3
 272 0078 07F11801 		add	r1, r7, #24
 273 007c 0B44     		add	r3, r3, r1
 274 007e 13F8103C 		ldrb	r3, [r3, #-16]	@ zero_extendqisi2
  70:.\DisplayResolver.c ****     (pbuffer[buffersize - 2] != pdelimiter[delimitersize - 2]) ||
 275              		.loc 1 70 0
 276 0082 9A42     		cmp	r2, r3
 277 0084 0DD1     		bne	.L13
  72:.\DisplayResolver.c ****     (pbuffer[buffersize - 4] != pdelimiter[delimitersize - 4]))
 278              		.loc 1 72 0
 279 0086 7B88     		ldrh	r3, [r7, #2]
 280 0088 043B     		subs	r3, r3, #4
 281 008a 7A68     		ldr	r2, [r7, #4]
 282 008c 1344     		add	r3, r3, r2
 283 008e 1A78     		ldrb	r2, [r3]	@ zero_extendqisi2
 284 0090 FB8A     		ldrh	r3, [r7, #22]
 285 0092 043B     		subs	r3, r3, #4
 286 0094 07F11801 		add	r1, r7, #24
 287 0098 0B44     		add	r3, r3, r1
 288 009a 13F8103C 		ldrb	r3, [r3, #-16]	@ zero_extendqisi2
  71:.\DisplayResolver.c ****     (pbuffer[buffersize - 3] != pdelimiter[delimitersize - 3]) || 
 289              		.loc 1 71 0
 290 009e 9A42     		cmp	r2, r3
 291 00a0 01D0     		beq	.L14
 292              	.L13:
  73:.\DisplayResolver.c ****         return false;
 293              		.loc 1 73 0
 294 00a2 0023     		movs	r3, #0
 295 00a4 1DE0     		b	.L16
 296              	.L14:
  74:.\DisplayResolver.c ****     
  75:.\DisplayResolver.c ****     /////////////////////////////////////////////////////////////////////////////////////////    
  76:.\DisplayResolver.c ****     
  77:.\DisplayResolver.c ****     SinkMessage* sinkmsg = AllocateMessageSlot();
 297              		.loc 1 77 0
 298 00a6 FFF7FEFF 		bl	AllocateMessageSlot
 299 00aa 3861     		str	r0, [r7, #16]
  78:.\DisplayResolver.c ****     if(sinkmsg)
 300              		.loc 1 78 0
 301 00ac 3B69     		ldr	r3, [r7, #16]
 302 00ae 002B     		cmp	r3, #0
 303 00b0 16D0     		beq	.L15
  79:.\DisplayResolver.c ****     {
  80:.\DisplayResolver.c ****         sinkmsg->_messageid = DISPLAY2_RECEPTION;
 304              		.loc 1 80 0
 305 00b2 3B69     		ldr	r3, [r7, #16]
 306 00b4 2122     		movs	r2, #33
 307 00b6 5A70     		strb	r2, [r3, #1]
  81:.\DisplayResolver.c ****         sinkmsg->_messagetype = DELAYEDALLINTERESTED;
 308              		.loc 1 81 0
 309 00b8 3B69     		ldr	r3, [r7, #16]
 310 00ba 0522     		movs	r2, #5
ARM GAS  C:\Users\RECEPC~1\AppData\Local\Temp\ccIanxAB.s 			page 8


 311 00bc 9A70     		strb	r2, [r3, #2]
  82:.\DisplayResolver.c ****         memcpy(sinkmsg->_buffer, (const void*)pbuffer, 0x08);
 312              		.loc 1 82 0
 313 00be 3B69     		ldr	r3, [r7, #16]
 314 00c0 0C33     		adds	r3, r3, #12
 315 00c2 1846     		mov	r0, r3
 316 00c4 7968     		ldr	r1, [r7, #4]
 317 00c6 0822     		movs	r2, #8
 318 00c8 FFF7FEFF 		bl	memcpy
  83:.\DisplayResolver.c ****         sinkmsg->_buffersize = buffersize;
 319              		.loc 1 83 0
 320 00cc 3B69     		ldr	r3, [r7, #16]
 321 00ce 7A88     		ldrh	r2, [r7, #2]	@ movhi
 322 00d0 A3F88C21 		strh	r2, [r3, #396]	@ movhi
  84:.\DisplayResolver.c ****         sinkmsg->_messagestate = SINK_BUSY;
 323              		.loc 1 84 0
 324 00d4 3B69     		ldr	r3, [r7, #16]
 325 00d6 0322     		movs	r2, #3
 326 00d8 DA70     		strb	r2, [r3, #3]
  85:.\DisplayResolver.c ****         
  86:.\DisplayResolver.c ****         Display2_DisableRxInt();
 327              		.loc 1 86 0
 328 00da 054B     		ldr	r3, .L17+4
 329 00dc 0822     		movs	r2, #8
 330 00de 1A60     		str	r2, [r3]
 331              	.L15:
  87:.\DisplayResolver.c ****     }        
  88:.\DisplayResolver.c ****     return true;
 332              		.loc 1 88 0
 333 00e0 0123     		movs	r3, #1
 334              	.L16:
  89:.\DisplayResolver.c **** }
 335              		.loc 1 89 0 discriminator 1
 336 00e2 1846     		mov	r0, r3
 337 00e4 1837     		adds	r7, r7, #24
 338              		.cfi_def_cfa_offset 8
 339 00e6 BD46     		mov	sp, r7
 340              		.cfi_def_cfa_register 13
 341              		@ sp needed
 342 00e8 80BD     		pop	{r7, pc}
 343              	.L18:
 344 00ea 00BF     		.align	2
 345              	.L17:
 346 00ec 00000000 		.word	.LC0
 347 00f0 80E100E0 		.word	-536813184
 348              		.cfi_endproc
 349              	.LFE64:
 350              		.size	Display2BufferResolver, .-Display2BufferResolver
 351              		.section	.text.Dislay1UARTSend,"ax",%progbits
 352              		.align	2
 353              		.global	Dislay1UARTSend
 354              		.thumb
 355              		.thumb_func
 356              		.type	Dislay1UARTSend, %function
 357              	Dislay1UARTSend:
 358              	.LFB65:
  90:.\DisplayResolver.c **** 
ARM GAS  C:\Users\RECEPC~1\AppData\Local\Temp\ccIanxAB.s 			page 9


  91:.\DisplayResolver.c **** //@Created By: HIJH
  92:.\DisplayResolver.c **** //@Septembre de 2016
  93:.\DisplayResolver.c **** void Dislay1UARTSend(void *ptr)
  94:.\DisplayResolver.c **** {
 359              		.loc 1 94 0
 360              		.cfi_startproc
 361              		@ args = 0, pretend = 0, frame = 16
 362              		@ frame_needed = 1, uses_anonymous_args = 0
 363 0000 80B5     		push	{r7, lr}
 364              		.cfi_def_cfa_offset 8
 365              		.cfi_offset 7, -8
 366              		.cfi_offset 14, -4
 367 0002 84B0     		sub	sp, sp, #16
 368              		.cfi_def_cfa_offset 24
 369 0004 00AF     		add	r7, sp, #0
 370              		.cfi_def_cfa_register 7
 371 0006 7860     		str	r0, [r7, #4]
  95:.\DisplayResolver.c ****     UARTMessage *pmessage = (UARTMessage*)ptr;
 372              		.loc 1 95 0
 373 0008 7B68     		ldr	r3, [r7, #4]
 374 000a BB60     		str	r3, [r7, #8]
  96:.\DisplayResolver.c ****     if(pmessage)
 375              		.loc 1 96 0
 376 000c BB68     		ldr	r3, [r7, #8]
 377 000e 002B     		cmp	r3, #0
 378 0010 16D0     		beq	.L19
 379              	.LBB2:
  97:.\DisplayResolver.c ****     {
  98:.\DisplayResolver.c ****         FOR(uint8 index = 0, index < pmessage->_messagelength, index++)
 380              		.loc 1 98 0
 381 0012 0023     		movs	r3, #0
 382 0014 FB73     		strb	r3, [r7, #15]
 383 0016 0CE0     		b	.L21
 384              	.L22:
  99:.\DisplayResolver.c ****             pmessage->_puartmanager->PutChar(pmessage->_messagetx[index]);
 385              		.loc 1 99 0 discriminator 3
 386 0018 BB68     		ldr	r3, [r7, #8]
 387 001a D3F80831 		ldr	r3, [r3, #264]
 388 001e 9B6B     		ldr	r3, [r3, #56]
 389 0020 FA7B     		ldrb	r2, [r7, #15]	@ zero_extendqisi2
 390 0022 B968     		ldr	r1, [r7, #8]
 391 0024 0A44     		add	r2, r2, r1
 392 0026 1279     		ldrb	r2, [r2, #4]	@ zero_extendqisi2
 393 0028 1046     		mov	r0, r2
 394 002a 9847     		blx	r3
  98:.\DisplayResolver.c ****             pmessage->_puartmanager->PutChar(pmessage->_messagetx[index]);
 395              		.loc 1 98 0 discriminator 3
 396 002c FB7B     		ldrb	r3, [r7, #15]	@ zero_extendqisi2
 397 002e 0133     		adds	r3, r3, #1
 398 0030 FB73     		strb	r3, [r7, #15]
 399              	.L21:
  98:.\DisplayResolver.c ****             pmessage->_puartmanager->PutChar(pmessage->_messagetx[index]);
 400              		.loc 1 98 0 is_stmt 0 discriminator 1
 401 0032 FB7B     		ldrb	r3, [r7, #15]	@ zero_extendqisi2
 402 0034 9AB2     		uxth	r2, r3
 403 0036 BB68     		ldr	r3, [r7, #8]
 404 0038 5B88     		ldrh	r3, [r3, #2]	@ movhi
ARM GAS  C:\Users\RECEPC~1\AppData\Local\Temp\ccIanxAB.s 			page 10


 405 003a 9BB2     		uxth	r3, r3
 406 003c 9A42     		cmp	r2, r3
 407 003e EBD3     		bcc	.L22
 408              	.L19:
 409              	.LBE2:
 100:.\DisplayResolver.c ****     }
 101:.\DisplayResolver.c **** }
 410              		.loc 1 101 0 is_stmt 1
 411 0040 1037     		adds	r7, r7, #16
 412              		.cfi_def_cfa_offset 8
 413 0042 BD46     		mov	sp, r7
 414              		.cfi_def_cfa_register 13
 415              		@ sp needed
 416 0044 80BD     		pop	{r7, pc}
 417              		.cfi_endproc
 418              	.LFE65:
 419              		.size	Dislay1UARTSend, .-Dislay1UARTSend
 420 0046 00BF     		.section	.text.Dislay2UARTSend,"ax",%progbits
 421              		.align	2
 422              		.global	Dislay2UARTSend
 423              		.thumb
 424              		.thumb_func
 425              		.type	Dislay2UARTSend, %function
 426              	Dislay2UARTSend:
 427              	.LFB66:
 102:.\DisplayResolver.c **** 
 103:.\DisplayResolver.c **** //@Created By: HIJH
 104:.\DisplayResolver.c **** //@Septembre de 2016
 105:.\DisplayResolver.c **** void Dislay2UARTSend(void *ptr)
 106:.\DisplayResolver.c **** {
 428              		.loc 1 106 0
 429              		.cfi_startproc
 430              		@ args = 0, pretend = 0, frame = 16
 431              		@ frame_needed = 1, uses_anonymous_args = 0
 432 0000 80B5     		push	{r7, lr}
 433              		.cfi_def_cfa_offset 8
 434              		.cfi_offset 7, -8
 435              		.cfi_offset 14, -4
 436 0002 84B0     		sub	sp, sp, #16
 437              		.cfi_def_cfa_offset 24
 438 0004 00AF     		add	r7, sp, #0
 439              		.cfi_def_cfa_register 7
 440 0006 7860     		str	r0, [r7, #4]
 107:.\DisplayResolver.c ****     UARTMessage *pmessage = (UARTMessage*)ptr;
 441              		.loc 1 107 0
 442 0008 7B68     		ldr	r3, [r7, #4]
 443 000a BB60     		str	r3, [r7, #8]
 108:.\DisplayResolver.c ****     if(pmessage)
 444              		.loc 1 108 0
 445 000c BB68     		ldr	r3, [r7, #8]
 446 000e 002B     		cmp	r3, #0
 447 0010 16D0     		beq	.L23
 448              	.LBB3:
 109:.\DisplayResolver.c ****     {
 110:.\DisplayResolver.c ****         FOR(uint8 index = 0, index < pmessage->_messagelength, index++)
 449              		.loc 1 110 0
 450 0012 0023     		movs	r3, #0
ARM GAS  C:\Users\RECEPC~1\AppData\Local\Temp\ccIanxAB.s 			page 11


 451 0014 FB73     		strb	r3, [r7, #15]
 452 0016 0CE0     		b	.L25
 453              	.L26:
 111:.\DisplayResolver.c ****             pmessage->_puartmanager->PutChar(pmessage->_messagetx[index]);
 454              		.loc 1 111 0 discriminator 3
 455 0018 BB68     		ldr	r3, [r7, #8]
 456 001a D3F80831 		ldr	r3, [r3, #264]
 457 001e 9B6B     		ldr	r3, [r3, #56]
 458 0020 FA7B     		ldrb	r2, [r7, #15]	@ zero_extendqisi2
 459 0022 B968     		ldr	r1, [r7, #8]
 460 0024 0A44     		add	r2, r2, r1
 461 0026 1279     		ldrb	r2, [r2, #4]	@ zero_extendqisi2
 462 0028 1046     		mov	r0, r2
 463 002a 9847     		blx	r3
 110:.\DisplayResolver.c ****             pmessage->_puartmanager->PutChar(pmessage->_messagetx[index]);
 464              		.loc 1 110 0 discriminator 3
 465 002c FB7B     		ldrb	r3, [r7, #15]	@ zero_extendqisi2
 466 002e 0133     		adds	r3, r3, #1
 467 0030 FB73     		strb	r3, [r7, #15]
 468              	.L25:
 110:.\DisplayResolver.c ****             pmessage->_puartmanager->PutChar(pmessage->_messagetx[index]);
 469              		.loc 1 110 0 is_stmt 0 discriminator 1
 470 0032 FB7B     		ldrb	r3, [r7, #15]	@ zero_extendqisi2
 471 0034 9AB2     		uxth	r2, r3
 472 0036 BB68     		ldr	r3, [r7, #8]
 473 0038 5B88     		ldrh	r3, [r3, #2]	@ movhi
 474 003a 9BB2     		uxth	r3, r3
 475 003c 9A42     		cmp	r2, r3
 476 003e EBD3     		bcc	.L26
 477              	.L23:
 478              	.LBE3:
 112:.\DisplayResolver.c ****     }
 113:.\DisplayResolver.c **** }
 479              		.loc 1 113 0 is_stmt 1
 480 0040 1037     		adds	r7, r7, #16
 481              		.cfi_def_cfa_offset 8
 482 0042 BD46     		mov	sp, r7
 483              		.cfi_def_cfa_register 13
 484              		@ sp needed
 485 0044 80BD     		pop	{r7, pc}
 486              		.cfi_endproc
 487              	.LFE66:
 488              		.size	Dislay2UARTSend, .-Dislay2UARTSend
 489 0046 00BF     		.text
 490              	.Letext0:
 491              		.file 2 "c:\\program files (x86)\\cypress\\psoc creator\\3.3\\psoc creator\\import\\gnu\\arm\\4.9.
 492              		.file 3 "c:\\program files (x86)\\cypress\\psoc creator\\3.3\\psoc creator\\import\\gnu\\arm\\4.9.
 493              		.file 4 "Generated_Source\\PSoC5/cytypes.h"
 494              		.file 5 ".\\SinkManager.h"
 495              		.file 6 ".\\SinkObservables.h"
 496              		.file 7 ".\\UARTManager.h"
 497              		.file 8 "Generated_Source\\PSoC5/core_cm3.h"
 498              		.section	.debug_info,"",%progbits
 499              	.Ldebug_info0:
 500 0000 98060000 		.4byte	0x698
 501 0004 0400     		.2byte	0x4
 502 0006 00000000 		.4byte	.Ldebug_abbrev0
ARM GAS  C:\Users\RECEPC~1\AppData\Local\Temp\ccIanxAB.s 			page 12


 503 000a 04       		.byte	0x4
 504 000b 01       		.uleb128 0x1
 505 000c 19050000 		.4byte	.LASF129
 506 0010 01       		.byte	0x1
 507 0011 CE010000 		.4byte	.LASF130
 508 0015 12060000 		.4byte	.LASF131
 509 0019 00000000 		.4byte	.Ldebug_ranges0+0
 510 001d 00000000 		.4byte	0
 511 0021 00000000 		.4byte	.Ldebug_line0
 512 0025 02       		.uleb128 0x2
 513 0026 01       		.byte	0x1
 514 0027 06       		.byte	0x6
 515 0028 51010000 		.4byte	.LASF0
 516 002c 02       		.uleb128 0x2
 517 002d 01       		.byte	0x1
 518 002e 08       		.byte	0x8
 519 002f 7F060000 		.4byte	.LASF1
 520 0033 02       		.uleb128 0x2
 521 0034 02       		.byte	0x2
 522 0035 05       		.byte	0x5
 523 0036 A5060000 		.4byte	.LASF2
 524 003a 02       		.uleb128 0x2
 525 003b 02       		.byte	0x2
 526 003c 07       		.byte	0x7
 527 003d 3C030000 		.4byte	.LASF3
 528 0041 03       		.uleb128 0x3
 529 0042 EA070000 		.4byte	.LASF9
 530 0046 02       		.byte	0x2
 531 0047 3F       		.byte	0x3f
 532 0048 4C000000 		.4byte	0x4c
 533 004c 02       		.uleb128 0x2
 534 004d 04       		.byte	0x4
 535 004e 05       		.byte	0x5
 536 004f A0010000 		.4byte	.LASF4
 537 0053 02       		.uleb128 0x2
 538 0054 04       		.byte	0x4
 539 0055 07       		.byte	0x7
 540 0056 AD020000 		.4byte	.LASF5
 541 005a 02       		.uleb128 0x2
 542 005b 08       		.byte	0x8
 543 005c 05       		.byte	0x5
 544 005d 43010000 		.4byte	.LASF6
 545 0061 02       		.uleb128 0x2
 546 0062 08       		.byte	0x8
 547 0063 07       		.byte	0x7
 548 0064 92000000 		.4byte	.LASF7
 549 0068 04       		.uleb128 0x4
 550 0069 04       		.byte	0x4
 551 006a 05       		.byte	0x5
 552 006b 696E7400 		.ascii	"int\000"
 553 006f 02       		.uleb128 0x2
 554 0070 04       		.byte	0x4
 555 0071 07       		.byte	0x7
 556 0072 8A020000 		.4byte	.LASF8
 557 0076 03       		.uleb128 0x3
 558 0077 77060000 		.4byte	.LASF10
 559 007b 03       		.byte	0x3
ARM GAS  C:\Users\RECEPC~1\AppData\Local\Temp\ccIanxAB.s 			page 13


 560 007c 2C       		.byte	0x2c
 561 007d 41000000 		.4byte	0x41
 562 0081 05       		.uleb128 0x5
 563 0082 36030000 		.4byte	.LASF11
 564 0086 04       		.byte	0x4
 565 0087 3801     		.2byte	0x138
 566 0089 2C000000 		.4byte	0x2c
 567 008d 05       		.uleb128 0x5
 568 008e 05000000 		.4byte	.LASF12
 569 0092 04       		.byte	0x4
 570 0093 3901     		.2byte	0x139
 571 0095 3A000000 		.4byte	0x3a
 572 0099 05       		.uleb128 0x5
 573 009a 27020000 		.4byte	.LASF13
 574 009e 04       		.byte	0x4
 575 009f 3A01     		.2byte	0x13a
 576 00a1 53000000 		.4byte	0x53
 577 00a5 02       		.uleb128 0x2
 578 00a6 04       		.byte	0x4
 579 00a7 04       		.byte	0x4
 580 00a8 C3050000 		.4byte	.LASF14
 581 00ac 02       		.uleb128 0x2
 582 00ad 08       		.byte	0x8
 583 00ae 04       		.byte	0x4
 584 00af 07020000 		.4byte	.LASF15
 585 00b3 05       		.uleb128 0x5
 586 00b4 F4070000 		.4byte	.LASF16
 587 00b8 04       		.byte	0x4
 588 00b9 4901     		.2byte	0x149
 589 00bb BF000000 		.4byte	0xbf
 590 00bf 02       		.uleb128 0x2
 591 00c0 01       		.byte	0x1
 592 00c1 08       		.byte	0x8
 593 00c2 B3070000 		.4byte	.LASF17
 594 00c6 06       		.uleb128 0x6
 595 00c7 81000000 		.4byte	0x81
 596 00cb 06       		.uleb128 0x6
 597 00cc 8D000000 		.4byte	0x8d
 598 00d0 05       		.uleb128 0x5
 599 00d1 5C040000 		.4byte	.LASF18
 600 00d5 04       		.byte	0x4
 601 00d6 E401     		.2byte	0x1e4
 602 00d8 DC000000 		.4byte	0xdc
 603 00dc 06       		.uleb128 0x6
 604 00dd 99000000 		.4byte	0x99
 605 00e1 07       		.uleb128 0x7
 606 00e2 04       		.byte	0x4
 607 00e3 E7000000 		.4byte	0xe7
 608 00e7 08       		.uleb128 0x8
 609 00e8 02       		.uleb128 0x2
 610 00e9 04       		.byte	0x4
 611 00ea 07       		.byte	0x7
 612 00eb 92040000 		.4byte	.LASF19
 613 00ef 09       		.uleb128 0x9
 614 00f0 04       		.byte	0x4
 615 00f1 02       		.uleb128 0x2
 616 00f2 08       		.byte	0x8
ARM GAS  C:\Users\RECEPC~1\AppData\Local\Temp\ccIanxAB.s 			page 14


 617 00f3 04       		.byte	0x4
 618 00f4 A7070000 		.4byte	.LASF20
 619 00f8 07       		.uleb128 0x7
 620 00f9 04       		.byte	0x4
 621 00fa B3000000 		.4byte	0xb3
 622 00fe 0A       		.uleb128 0xa
 623 00ff D9000000 		.4byte	.LASF29
 624 0103 01       		.byte	0x1
 625 0104 05       		.byte	0x5
 626 0105 3D       		.byte	0x3d
 627 0106 3B010000 		.4byte	0x13b
 628 010a 0B       		.uleb128 0xb
 629 010b 00000000 		.4byte	.LASF21
 630 010f 01       		.sleb128 1
 631 0110 0B       		.uleb128 0xb
 632 0111 E1080000 		.4byte	.LASF22
 633 0115 02       		.sleb128 2
 634 0116 0B       		.uleb128 0xb
 635 0117 A7050000 		.4byte	.LASF23
 636 011b 03       		.sleb128 3
 637 011c 0B       		.uleb128 0xb
 638 011d 2D070000 		.4byte	.LASF24
 639 0121 04       		.sleb128 4
 640 0122 0B       		.uleb128 0xb
 641 0123 3B070000 		.4byte	.LASF25
 642 0127 05       		.sleb128 5
 643 0128 0B       		.uleb128 0xb
 644 0129 BF020000 		.4byte	.LASF26
 645 012d 06       		.sleb128 6
 646 012e 0B       		.uleb128 0xb
 647 012f 6A080000 		.4byte	.LASF27
 648 0133 07       		.sleb128 7
 649 0134 0B       		.uleb128 0xb
 650 0135 C4000000 		.4byte	.LASF28
 651 0139 08       		.sleb128 8
 652 013a 00       		.byte	0
 653 013b 0A       		.uleb128 0xa
 654 013c 6D020000 		.4byte	.LASF30
 655 0140 01       		.byte	0x1
 656 0141 05       		.byte	0x5
 657 0142 4A       		.byte	0x4a
 658 0143 5A010000 		.4byte	0x15a
 659 0147 0B       		.uleb128 0xb
 660 0148 07030000 		.4byte	.LASF31
 661 014c 01       		.sleb128 1
 662 014d 0B       		.uleb128 0xb
 663 014e D9050000 		.4byte	.LASF32
 664 0152 02       		.sleb128 2
 665 0153 0B       		.uleb128 0xb
 666 0154 70010000 		.4byte	.LASF33
 667 0158 03       		.sleb128 3
 668 0159 00       		.byte	0
 669 015a 0C       		.uleb128 0xc
 670 015b 5C070000 		.4byte	.LASF90
 671 015f 9801     		.2byte	0x198
 672 0161 05       		.byte	0x5
 673 0162 51       		.byte	0x51
ARM GAS  C:\Users\RECEPC~1\AppData\Local\Temp\ccIanxAB.s 			page 15


 674 0163 FB010000 		.4byte	0x1fb
 675 0167 0D       		.uleb128 0xd
 676 0168 DE040000 		.4byte	.LASF34
 677 016c 05       		.byte	0x5
 678 016d 53       		.byte	0x53
 679 016e FB010000 		.4byte	0x1fb
 680 0172 00       		.byte	0
 681 0173 0D       		.uleb128 0xd
 682 0174 FC020000 		.4byte	.LASF35
 683 0178 05       		.byte	0x5
 684 0179 54       		.byte	0x54
 685 017a C6000000 		.4byte	0xc6
 686 017e 01       		.byte	0x1
 687 017f 0D       		.uleb128 0xd
 688 0180 47000000 		.4byte	.LASF36
 689 0184 05       		.byte	0x5
 690 0185 55       		.byte	0x55
 691 0186 C6000000 		.4byte	0xc6
 692 018a 02       		.byte	0x2
 693 018b 0D       		.uleb128 0xd
 694 018c 5B000000 		.4byte	.LASF37
 695 0190 05       		.byte	0x5
 696 0191 56       		.byte	0x56
 697 0192 C6000000 		.4byte	0xc6
 698 0196 03       		.byte	0x3
 699 0197 0D       		.uleb128 0xd
 700 0198 EE020000 		.4byte	.LASF38
 701 019c 05       		.byte	0x5
 702 019d 58       		.byte	0x58
 703 019e CB000000 		.4byte	0xcb
 704 01a2 04       		.byte	0x4
 705 01a3 0D       		.uleb128 0xd
 706 01a4 D6030000 		.4byte	.LASF39
 707 01a8 05       		.byte	0x5
 708 01a9 59       		.byte	0x59
 709 01aa CB000000 		.4byte	0xcb
 710 01ae 06       		.byte	0x6
 711 01af 0D       		.uleb128 0xd
 712 01b0 9B040000 		.4byte	.LASF40
 713 01b4 05       		.byte	0x5
 714 01b5 5A       		.byte	0x5a
 715 01b6 CB000000 		.4byte	0xcb
 716 01ba 08       		.byte	0x8
 717 01bb 0D       		.uleb128 0xd
 718 01bc F2010000 		.4byte	.LASF41
 719 01c0 05       		.byte	0x5
 720 01c1 5B       		.byte	0x5b
 721 01c2 CB000000 		.4byte	0xcb
 722 01c6 0A       		.byte	0xa
 723 01c7 0D       		.uleb128 0xd
 724 01c8 EA010000 		.4byte	.LASF42
 725 01cc 05       		.byte	0x5
 726 01cd 5C       		.byte	0x5c
 727 01ce 07020000 		.4byte	0x207
 728 01d2 0C       		.byte	0xc
 729 01d3 0E       		.uleb128 0xe
 730 01d4 7A010000 		.4byte	.LASF43
ARM GAS  C:\Users\RECEPC~1\AppData\Local\Temp\ccIanxAB.s 			page 16


 731 01d8 05       		.byte	0x5
 732 01d9 5D       		.byte	0x5d
 733 01da CB000000 		.4byte	0xcb
 734 01de 8C01     		.2byte	0x18c
 735 01e0 0E       		.uleb128 0xe
 736 01e1 54000000 		.4byte	.LASF44
 737 01e5 05       		.byte	0x5
 738 01e6 60       		.byte	0x60
 739 01e7 EF000000 		.4byte	0xef
 740 01eb 9001     		.2byte	0x190
 741 01ed 0E       		.uleb128 0xe
 742 01ee D8080000 		.4byte	.LASF45
 743 01f2 05       		.byte	0x5
 744 01f3 61       		.byte	0x61
 745 01f4 23020000 		.4byte	0x223
 746 01f8 9401     		.2byte	0x194
 747 01fa 00       		.byte	0
 748 01fb 06       		.uleb128 0x6
 749 01fc 00020000 		.4byte	0x200
 750 0200 02       		.uleb128 0x2
 751 0201 01       		.byte	0x1
 752 0202 02       		.byte	0x2
 753 0203 71060000 		.4byte	.LASF46
 754 0207 0F       		.uleb128 0xf
 755 0208 B3000000 		.4byte	0xb3
 756 020c 18020000 		.4byte	0x218
 757 0210 10       		.uleb128 0x10
 758 0211 E8000000 		.4byte	0xe8
 759 0215 7F01     		.2byte	0x17f
 760 0217 00       		.byte	0
 761 0218 11       		.uleb128 0x11
 762 0219 23020000 		.4byte	0x223
 763 021d 12       		.uleb128 0x12
 764 021e EF000000 		.4byte	0xef
 765 0222 00       		.byte	0
 766 0223 07       		.uleb128 0x7
 767 0224 04       		.byte	0x4
 768 0225 18020000 		.4byte	0x218
 769 0229 03       		.uleb128 0x3
 770 022a 99060000 		.4byte	.LASF47
 771 022e 05       		.byte	0x5
 772 022f 62       		.byte	0x62
 773 0230 5A010000 		.4byte	0x15a
 774 0234 0A       		.uleb128 0xa
 775 0235 5D010000 		.4byte	.LASF48
 776 0239 01       		.byte	0x1
 777 023a 06       		.byte	0x6
 778 023b 0F       		.byte	0xf
 779 023c 37030000 		.4byte	0x337
 780 0240 0B       		.uleb128 0xb
 781 0241 4D080000 		.4byte	.LASF49
 782 0245 01       		.sleb128 1
 783 0246 0B       		.uleb128 0xb
 784 0247 7D020000 		.4byte	.LASF50
 785 024b 02       		.sleb128 2
 786 024c 0B       		.uleb128 0xb
 787 024d A9000000 		.4byte	.LASF51
ARM GAS  C:\Users\RECEPC~1\AppData\Local\Temp\ccIanxAB.s 			page 17


 788 0251 03       		.sleb128 3
 789 0252 0B       		.uleb128 0xb
 790 0253 7D000000 		.4byte	.LASF52
 791 0257 04       		.sleb128 4
 792 0258 0B       		.uleb128 0xb
 793 0259 EB080000 		.4byte	.LASF53
 794 025d 05       		.sleb128 5
 795 025e 0B       		.uleb128 0xb
 796 025f 35040000 		.4byte	.LASF54
 797 0263 06       		.sleb128 6
 798 0264 0B       		.uleb128 0xb
 799 0265 D0060000 		.4byte	.LASF55
 800 0269 07       		.sleb128 7
 801 026a 0B       		.uleb128 0xb
 802 026b 17080000 		.4byte	.LASF56
 803 026f 08       		.sleb128 8
 804 0270 0B       		.uleb128 0xb
 805 0271 F6050000 		.4byte	.LASF57
 806 0275 09       		.sleb128 9
 807 0276 0B       		.uleb128 0xb
 808 0277 83030000 		.4byte	.LASF58
 809 027b 0A       		.sleb128 10
 810 027c 0B       		.uleb128 0xb
 811 027d 11030000 		.4byte	.LASF59
 812 0281 0B       		.sleb128 11
 813 0282 0B       		.uleb128 0xb
 814 0283 A6030000 		.4byte	.LASF60
 815 0287 0C       		.sleb128 12
 816 0288 0B       		.uleb128 0xb
 817 0289 24010000 		.4byte	.LASF61
 818 028d 0D       		.sleb128 13
 819 028e 0B       		.uleb128 0xb
 820 028f 6B070000 		.4byte	.LASF62
 821 0293 0E       		.sleb128 14
 822 0294 0B       		.uleb128 0xb
 823 0295 7B080000 		.4byte	.LASF63
 824 0299 0F       		.sleb128 15
 825 029a 0B       		.uleb128 0xb
 826 029b FE040000 		.4byte	.LASF64
 827 029f 10       		.sleb128 16
 828 02a0 0B       		.uleb128 0xb
 829 02a1 14070000 		.4byte	.LASF65
 830 02a5 11       		.sleb128 17
 831 02a6 0B       		.uleb128 0xb
 832 02a7 2E020000 		.4byte	.LASF66
 833 02ab 12       		.sleb128 18
 834 02ac 0B       		.uleb128 0xb
 835 02ad FB060000 		.4byte	.LASF67
 836 02b1 13       		.sleb128 19
 837 02b2 0B       		.uleb128 0xb
 838 02b3 FD030000 		.4byte	.LASF68
 839 02b7 14       		.sleb128 20
 840 02b8 0B       		.uleb128 0xb
 841 02b9 B8070000 		.4byte	.LASF69
 842 02bd 15       		.sleb128 21
 843 02be 0B       		.uleb128 0xb
 844 02bf 5F020000 		.4byte	.LASF70
ARM GAS  C:\Users\RECEPC~1\AppData\Local\Temp\ccIanxAB.s 			page 18


 845 02c3 16       		.sleb128 22
 846 02c4 0B       		.uleb128 0xb
 847 02c5 B5040000 		.4byte	.LASF71
 848 02c9 17       		.sleb128 23
 849 02ca 0B       		.uleb128 0xb
 850 02cb 0C000000 		.4byte	.LASF72
 851 02cf 18       		.sleb128 24
 852 02d0 0B       		.uleb128 0xb
 853 02d1 6E040000 		.4byte	.LASF73
 854 02d5 19       		.sleb128 25
 855 02d6 0B       		.uleb128 0xb
 856 02d7 86010000 		.4byte	.LASF74
 857 02db 1A       		.sleb128 26
 858 02dc 0B       		.uleb128 0xb
 859 02dd C1030000 		.4byte	.LASF75
 860 02e1 1B       		.sleb128 27
 861 02e2 0B       		.uleb128 0xb
 862 02e3 E8000000 		.4byte	.LASF76
 863 02e7 1C       		.sleb128 28
 864 02e8 0B       		.uleb128 0xb
 865 02e9 1A000000 		.4byte	.LASF77
 866 02ed 1D       		.sleb128 29
 867 02ee 0B       		.uleb128 0xb
 868 02ef 14040000 		.4byte	.LASF78
 869 02f3 1E       		.sleb128 30
 870 02f4 0B       		.uleb128 0xb
 871 02f5 B5010000 		.4byte	.LASF79
 872 02f9 1F       		.sleb128 31
 873 02fa 0B       		.uleb128 0xb
 874 02fb 7C040000 		.4byte	.LASF80
 875 02ff 20       		.sleb128 32
 876 0300 0B       		.uleb128 0xb
 877 0301 49040000 		.4byte	.LASF81
 878 0305 21       		.sleb128 33
 879 0306 0B       		.uleb128 0xb
 880 0307 B2050000 		.4byte	.LASF82
 881 030b 22       		.sleb128 34
 882 030c 0B       		.uleb128 0xb
 883 030d B2080000 		.4byte	.LASF83
 884 0311 23       		.sleb128 35
 885 0312 0B       		.uleb128 0xb
 886 0313 97020000 		.4byte	.LASF84
 887 0317 24       		.sleb128 36
 888 0318 0B       		.uleb128 0xb
 889 0319 09080000 		.4byte	.LASF85
 890 031d 25       		.sleb128 37
 891 031e 0B       		.uleb128 0xb
 892 031f 19020000 		.4byte	.LASF86
 893 0323 26       		.sleb128 38
 894 0324 0B       		.uleb128 0xb
 895 0325 B7060000 		.4byte	.LASF87
 896 0329 27       		.sleb128 39
 897 032a 0B       		.uleb128 0xb
 898 032b D1020000 		.4byte	.LASF88
 899 032f 28       		.sleb128 40
 900 0330 0B       		.uleb128 0xb
 901 0331 96070000 		.4byte	.LASF89
ARM GAS  C:\Users\RECEPC~1\AppData\Local\Temp\ccIanxAB.s 			page 19


 902 0335 29       		.sleb128 41
 903 0336 00       		.byte	0
 904 0337 13       		.uleb128 0x13
 905 0338 3E080000 		.4byte	.LASF91
 906 033c 4C       		.byte	0x4c
 907 033d 07       		.byte	0x7
 908 033e 2C       		.byte	0x2c
 909 033f 28040000 		.4byte	0x428
 910 0343 0D       		.uleb128 0xd
 911 0344 8D060000 		.4byte	.LASF92
 912 0348 07       		.byte	0x7
 913 0349 2E       		.byte	0x2e
 914 034a 81000000 		.4byte	0x81
 915 034e 00       		.byte	0
 916 034f 0D       		.uleb128 0xd
 917 0350 FA070000 		.4byte	.LASF93
 918 0354 07       		.byte	0x7
 919 0355 31       		.byte	0x31
 920 0356 23020000 		.4byte	0x223
 921 035a 04       		.byte	0x4
 922 035b 0D       		.uleb128 0xd
 923 035c E8040000 		.4byte	.LASF94
 924 0360 07       		.byte	0x7
 925 0361 34       		.byte	0x34
 926 0362 E1000000 		.4byte	0xe1
 927 0366 08       		.byte	0x8
 928 0367 0D       		.uleb128 0xd
 929 0368 9B010000 		.4byte	.LASF95
 930 036c 07       		.byte	0x7
 931 036d 35       		.byte	0x35
 932 036e E1000000 		.4byte	0xe1
 933 0372 0C       		.byte	0xc
 934 0373 0D       		.uleb128 0xd
 935 0374 69000000 		.4byte	.LASF96
 936 0378 07       		.byte	0x7
 937 0379 36       		.byte	0x36
 938 037a 2D040000 		.4byte	0x42d
 939 037e 10       		.byte	0x10
 940 037f 0D       		.uleb128 0xd
 941 0380 02010000 		.4byte	.LASF97
 942 0384 07       		.byte	0x7
 943 0385 37       		.byte	0x37
 944 0386 3E040000 		.4byte	0x43e
 945 038a 14       		.byte	0x14
 946 038b 0D       		.uleb128 0xd
 947 038c 3C000000 		.4byte	.LASF98
 948 0390 07       		.byte	0x7
 949 0391 39       		.byte	0x39
 950 0392 2D040000 		.4byte	0x42d
 951 0396 18       		.byte	0x18
 952 0397 0D       		.uleb128 0xd
 953 0398 D1040000 		.4byte	.LASF99
 954 039c 07       		.byte	0x7
 955 039d 3A       		.byte	0x3a
 956 039e 2D040000 		.4byte	0x42d
 957 03a2 1C       		.byte	0x1c
 958 03a3 0D       		.uleb128 0xd
ARM GAS  C:\Users\RECEPC~1\AppData\Local\Temp\ccIanxAB.s 			page 20


 959 03a4 4F020000 		.4byte	.LASF100
 960 03a8 07       		.byte	0x7
 961 03a9 3B       		.byte	0x3b
 962 03aa 2D040000 		.4byte	0x42d
 963 03ae 20       		.byte	0x20
 964 03af 0D       		.uleb128 0xd
 965 03b0 DA070000 		.4byte	.LASF101
 966 03b4 07       		.byte	0x7
 967 03b5 3C       		.byte	0x3c
 968 03b6 49040000 		.4byte	0x449
 969 03ba 24       		.byte	0x24
 970 03bb 0D       		.uleb128 0xd
 971 03bc EE040000 		.4byte	.LASF102
 972 03c0 07       		.byte	0x7
 973 03c1 3D       		.byte	0x3d
 974 03c2 49040000 		.4byte	0x449
 975 03c6 28       		.byte	0x28
 976 03c7 0D       		.uleb128 0xd
 977 03c8 14090000 		.4byte	.LASF103
 978 03cc 07       		.byte	0x7
 979 03cd 3E       		.byte	0x3e
 980 03ce E1000000 		.4byte	0xe1
 981 03d2 2C       		.byte	0x2c
 982 03d3 0D       		.uleb128 0xd
 983 03d4 50070000 		.4byte	.LASF104
 984 03d8 07       		.byte	0x7
 985 03d9 40       		.byte	0x40
 986 03da 3E040000 		.4byte	0x43e
 987 03de 30       		.byte	0x30
 988 03df 0D       		.uleb128 0xd
 989 03e0 FE080000 		.4byte	.LASF105
 990 03e4 07       		.byte	0x7
 991 03e5 41       		.byte	0x41
 992 03e6 2D040000 		.4byte	0x42d
 993 03ea 34       		.byte	0x34
 994 03eb 0D       		.uleb128 0xd
 995 03ec AF060000 		.4byte	.LASF106
 996 03f0 07       		.byte	0x7
 997 03f1 42       		.byte	0x42
 998 03f2 3E040000 		.4byte	0x43e
 999 03f6 38       		.byte	0x38
 1000 03f7 0D       		.uleb128 0xd
 1001 03f8 34080000 		.4byte	.LASF107
 1002 03fc 07       		.byte	0x7
 1003 03fd 43       		.byte	0x43
 1004 03fe 65040000 		.4byte	0x465
 1005 0402 3C       		.byte	0x3c
 1006 0403 0D       		.uleb128 0xd
 1007 0404 0B090000 		.4byte	.LASF108
 1008 0408 07       		.byte	0x7
 1009 0409 44       		.byte	0x44
 1010 040a 86040000 		.4byte	0x486
 1011 040e 40       		.byte	0x40
 1012 040f 0D       		.uleb128 0xd
 1013 0410 E2070000 		.4byte	.LASF109
 1014 0414 07       		.byte	0x7
 1015 0415 45       		.byte	0x45
ARM GAS  C:\Users\RECEPC~1\AppData\Local\Temp\ccIanxAB.s 			page 21


 1016 0416 3E040000 		.4byte	0x43e
 1017 041a 44       		.byte	0x44
 1018 041b 0D       		.uleb128 0xd
 1019 041c 4F030000 		.4byte	.LASF110
 1020 0420 07       		.byte	0x7
 1021 0421 46       		.byte	0x46
 1022 0422 E1000000 		.4byte	0xe1
 1023 0426 48       		.byte	0x48
 1024 0427 00       		.byte	0
 1025 0428 14       		.uleb128 0x14
 1026 0429 81000000 		.4byte	0x81
 1027 042d 07       		.uleb128 0x7
 1028 042e 04       		.byte	0x4
 1029 042f 28040000 		.4byte	0x428
 1030 0433 11       		.uleb128 0x11
 1031 0434 3E040000 		.4byte	0x43e
 1032 0438 12       		.uleb128 0x12
 1033 0439 81000000 		.4byte	0x81
 1034 043d 00       		.byte	0
 1035 043e 07       		.uleb128 0x7
 1036 043f 04       		.byte	0x4
 1037 0440 33040000 		.4byte	0x433
 1038 0444 14       		.uleb128 0x14
 1039 0445 8D000000 		.4byte	0x8d
 1040 0449 07       		.uleb128 0x7
 1041 044a 04       		.byte	0x4
 1042 044b 44040000 		.4byte	0x444
 1043 044f 11       		.uleb128 0x11
 1044 0450 5A040000 		.4byte	0x45a
 1045 0454 12       		.uleb128 0x12
 1046 0455 5A040000 		.4byte	0x45a
 1047 0459 00       		.byte	0
 1048 045a 07       		.uleb128 0x7
 1049 045b 04       		.byte	0x4
 1050 045c 60040000 		.4byte	0x460
 1051 0460 15       		.uleb128 0x15
 1052 0461 B3000000 		.4byte	0xb3
 1053 0465 07       		.uleb128 0x7
 1054 0466 04       		.byte	0x4
 1055 0467 4F040000 		.4byte	0x44f
 1056 046b 11       		.uleb128 0x11
 1057 046c 7B040000 		.4byte	0x47b
 1058 0470 12       		.uleb128 0x12
 1059 0471 7B040000 		.4byte	0x47b
 1060 0475 12       		.uleb128 0x12
 1061 0476 81000000 		.4byte	0x81
 1062 047a 00       		.byte	0
 1063 047b 07       		.uleb128 0x7
 1064 047c 04       		.byte	0x4
 1065 047d 81040000 		.4byte	0x481
 1066 0481 15       		.uleb128 0x15
 1067 0482 81000000 		.4byte	0x81
 1068 0486 07       		.uleb128 0x7
 1069 0487 04       		.byte	0x4
 1070 0488 6B040000 		.4byte	0x46b
 1071 048c 03       		.uleb128 0x3
 1072 048d A9010000 		.4byte	.LASF111
ARM GAS  C:\Users\RECEPC~1\AppData\Local\Temp\ccIanxAB.s 			page 22


 1073 0491 07       		.byte	0x7
 1074 0492 48       		.byte	0x48
 1075 0493 37030000 		.4byte	0x337
 1076 0497 0C       		.uleb128 0xc
 1077 0498 2D000000 		.4byte	.LASF112
 1078 049c 0C01     		.2byte	0x10c
 1079 049e 07       		.byte	0x7
 1080 049f 59       		.byte	0x59
 1081 04a0 E3040000 		.4byte	0x4e3
 1082 04a4 0D       		.uleb128 0xd
 1083 04a5 5B000000 		.4byte	.LASF37
 1084 04a9 07       		.byte	0x7
 1085 04aa 5B       		.byte	0x5b
 1086 04ab C6000000 		.4byte	0xc6
 1087 04af 00       		.byte	0
 1088 04b0 0D       		.uleb128 0xd
 1089 04b1 74030000 		.4byte	.LASF113
 1090 04b5 07       		.byte	0x7
 1091 04b6 5C       		.byte	0x5c
 1092 04b7 CB000000 		.4byte	0xcb
 1093 04bb 02       		.byte	0x2
 1094 04bc 0D       		.uleb128 0xd
 1095 04bd 5F080000 		.4byte	.LASF114
 1096 04c1 07       		.byte	0x7
 1097 04c2 5D       		.byte	0x5d
 1098 04c3 E3040000 		.4byte	0x4e3
 1099 04c7 04       		.byte	0x4
 1100 04c8 0E       		.uleb128 0xe
 1101 04c9 CB080000 		.4byte	.LASF115
 1102 04cd 07       		.byte	0x7
 1103 04ce 5E       		.byte	0x5e
 1104 04cf 03050000 		.4byte	0x503
 1105 04d3 0401     		.2byte	0x104
 1106 04d5 0E       		.uleb128 0xe
 1107 04d6 C3040000 		.4byte	.LASF116
 1108 04da 07       		.byte	0x7
 1109 04db 60       		.byte	0x60
 1110 04dc 09050000 		.4byte	0x509
 1111 04e0 0801     		.2byte	0x108
 1112 04e2 00       		.byte	0
 1113 04e3 0F       		.uleb128 0xf
 1114 04e4 B3000000 		.4byte	0xb3
 1115 04e8 F3040000 		.4byte	0x4f3
 1116 04ec 16       		.uleb128 0x16
 1117 04ed E8000000 		.4byte	0xe8
 1118 04f1 FF       		.byte	0xff
 1119 04f2 00       		.byte	0
 1120 04f3 11       		.uleb128 0x11
 1121 04f4 03050000 		.4byte	0x503
 1122 04f8 12       		.uleb128 0x12
 1123 04f9 81000000 		.4byte	0x81
 1124 04fd 12       		.uleb128 0x12
 1125 04fe F8000000 		.4byte	0xf8
 1126 0502 00       		.byte	0
 1127 0503 07       		.uleb128 0x7
 1128 0504 04       		.byte	0x4
 1129 0505 F3040000 		.4byte	0x4f3
ARM GAS  C:\Users\RECEPC~1\AppData\Local\Temp\ccIanxAB.s 			page 23


 1130 0509 07       		.uleb128 0x7
 1131 050a 04       		.byte	0x4
 1132 050b 8C040000 		.4byte	0x48c
 1133 050f 03       		.uleb128 0x3
 1134 0510 62040000 		.4byte	.LASF117
 1135 0514 07       		.byte	0x7
 1136 0515 61       		.byte	0x61
 1137 0516 97040000 		.4byte	0x497
 1138 051a 17       		.uleb128 0x17
 1139 051b E6030000 		.4byte	.LASF123
 1140 051f 01       		.byte	0x1
 1141 0520 15       		.byte	0x15
 1142 0521 00020000 		.4byte	0x200
 1143 0525 00000000 		.4byte	.LFB63
 1144 0529 F4000000 		.4byte	.LFE63-.LFB63
 1145 052d 01       		.uleb128 0x1
 1146 052e 9C       		.byte	0x9c
 1147 052f 7A050000 		.4byte	0x57a
 1148 0533 18       		.uleb128 0x18
 1149 0534 57020000 		.4byte	.LASF118
 1150 0538 01       		.byte	0x1
 1151 0539 15       		.byte	0x15
 1152 053a F8000000 		.4byte	0xf8
 1153 053e 02       		.uleb128 0x2
 1154 053f 91       		.byte	0x91
 1155 0540 64       		.sleb128 -28
 1156 0541 18       		.uleb128 0x18
 1157 0542 0E020000 		.4byte	.LASF119
 1158 0546 01       		.byte	0x1
 1159 0547 15       		.byte	0x15
 1160 0548 8D000000 		.4byte	0x8d
 1161 054c 02       		.uleb128 0x2
 1162 054d 91       		.byte	0x91
 1163 054e 62       		.sleb128 -30
 1164 054f 19       		.uleb128 0x19
 1165 0550 A7080000 		.4byte	.LASF120
 1166 0554 01       		.byte	0x1
 1167 0555 18       		.byte	0x18
 1168 0556 7A050000 		.4byte	0x57a
 1169 055a 02       		.uleb128 0x2
 1170 055b 91       		.byte	0x91
 1171 055c 68       		.sleb128 -24
 1172 055d 19       		.uleb128 0x19
 1173 055e E8050000 		.4byte	.LASF121
 1174 0562 01       		.byte	0x1
 1175 0563 19       		.byte	0x19
 1176 0564 8D000000 		.4byte	0x8d
 1177 0568 02       		.uleb128 0x2
 1178 0569 91       		.byte	0x91
 1179 056a 76       		.sleb128 -10
 1180 056b 19       		.uleb128 0x19
 1181 056c E2010000 		.4byte	.LASF122
 1182 0570 01       		.byte	0x1
 1183 0571 29       		.byte	0x29
 1184 0572 8A050000 		.4byte	0x58a
 1185 0576 02       		.uleb128 0x2
 1186 0577 91       		.byte	0x91
ARM GAS  C:\Users\RECEPC~1\AppData\Local\Temp\ccIanxAB.s 			page 24


 1187 0578 70       		.sleb128 -16
 1188 0579 00       		.byte	0
 1189 057a 0F       		.uleb128 0xf
 1190 057b B3000000 		.4byte	0xb3
 1191 057f 8A050000 		.4byte	0x58a
 1192 0583 16       		.uleb128 0x16
 1193 0584 E8000000 		.4byte	0xe8
 1194 0588 04       		.byte	0x4
 1195 0589 00       		.byte	0
 1196 058a 07       		.uleb128 0x7
 1197 058b 04       		.byte	0x4
 1198 058c 29020000 		.4byte	0x229
 1199 0590 17       		.uleb128 0x17
 1200 0591 5D030000 		.4byte	.LASF124
 1201 0595 01       		.byte	0x1
 1202 0596 39       		.byte	0x39
 1203 0597 00020000 		.4byte	0x200
 1204 059b 00000000 		.4byte	.LFB64
 1205 059f F4000000 		.4byte	.LFE64-.LFB64
 1206 05a3 01       		.uleb128 0x1
 1207 05a4 9C       		.byte	0x9c
 1208 05a5 F0050000 		.4byte	0x5f0
 1209 05a9 18       		.uleb128 0x18
 1210 05aa 57020000 		.4byte	.LASF118
 1211 05ae 01       		.byte	0x1
 1212 05af 39       		.byte	0x39
 1213 05b0 F8000000 		.4byte	0xf8
 1214 05b4 02       		.uleb128 0x2
 1215 05b5 91       		.byte	0x91
 1216 05b6 64       		.sleb128 -28
 1217 05b7 18       		.uleb128 0x18
 1218 05b8 0E020000 		.4byte	.LASF119
 1219 05bc 01       		.byte	0x1
 1220 05bd 39       		.byte	0x39
 1221 05be 8D000000 		.4byte	0x8d
 1222 05c2 02       		.uleb128 0x2
 1223 05c3 91       		.byte	0x91
 1224 05c4 62       		.sleb128 -30
 1225 05c5 19       		.uleb128 0x19
 1226 05c6 A7080000 		.4byte	.LASF120
 1227 05ca 01       		.byte	0x1
 1228 05cb 3C       		.byte	0x3c
 1229 05cc 7A050000 		.4byte	0x57a
 1230 05d0 02       		.uleb128 0x2
 1231 05d1 91       		.byte	0x91
 1232 05d2 68       		.sleb128 -24
 1233 05d3 19       		.uleb128 0x19
 1234 05d4 E8050000 		.4byte	.LASF121
 1235 05d8 01       		.byte	0x1
 1236 05d9 3D       		.byte	0x3d
 1237 05da 8D000000 		.4byte	0x8d
 1238 05de 02       		.uleb128 0x2
 1239 05df 91       		.byte	0x91
 1240 05e0 76       		.sleb128 -10
 1241 05e1 19       		.uleb128 0x19
 1242 05e2 E2010000 		.4byte	.LASF122
 1243 05e6 01       		.byte	0x1
ARM GAS  C:\Users\RECEPC~1\AppData\Local\Temp\ccIanxAB.s 			page 25


 1244 05e7 4D       		.byte	0x4d
 1245 05e8 8A050000 		.4byte	0x58a
 1246 05ec 02       		.uleb128 0x2
 1247 05ed 91       		.byte	0x91
 1248 05ee 70       		.sleb128 -16
 1249 05ef 00       		.byte	0
 1250 05f0 1A       		.uleb128 0x1a
 1251 05f1 25040000 		.4byte	.LASF127
 1252 05f5 01       		.byte	0x1
 1253 05f6 5D       		.byte	0x5d
 1254 05f7 00000000 		.4byte	.LFB65
 1255 05fb 46000000 		.4byte	.LFE65-.LFB65
 1256 05ff 01       		.uleb128 0x1
 1257 0600 9C       		.byte	0x9c
 1258 0601 3A060000 		.4byte	0x63a
 1259 0605 1B       		.uleb128 0x1b
 1260 0606 70747200 		.ascii	"ptr\000"
 1261 060a 01       		.byte	0x1
 1262 060b 5D       		.byte	0x5d
 1263 060c EF000000 		.4byte	0xef
 1264 0610 02       		.uleb128 0x2
 1265 0611 91       		.byte	0x91
 1266 0612 6C       		.sleb128 -20
 1267 0613 19       		.uleb128 0x19
 1268 0614 8D070000 		.4byte	.LASF125
 1269 0618 01       		.byte	0x1
 1270 0619 5F       		.byte	0x5f
 1271 061a 3A060000 		.4byte	0x63a
 1272 061e 02       		.uleb128 0x2
 1273 061f 91       		.byte	0x91
 1274 0620 70       		.sleb128 -16
 1275 0621 1C       		.uleb128 0x1c
 1276 0622 12000000 		.4byte	.LBB2
 1277 0626 2E000000 		.4byte	.LBE2-.LBB2
 1278 062a 19       		.uleb128 0x19
 1279 062b D4070000 		.4byte	.LASF126
 1280 062f 01       		.byte	0x1
 1281 0630 62       		.byte	0x62
 1282 0631 81000000 		.4byte	0x81
 1283 0635 02       		.uleb128 0x2
 1284 0636 91       		.byte	0x91
 1285 0637 77       		.sleb128 -9
 1286 0638 00       		.byte	0
 1287 0639 00       		.byte	0
 1288 063a 07       		.uleb128 0x7
 1289 063b 04       		.byte	0x4
 1290 063c 0F050000 		.4byte	0x50f
 1291 0640 1A       		.uleb128 0x1a
 1292 0641 C9050000 		.4byte	.LASF128
 1293 0645 01       		.byte	0x1
 1294 0646 69       		.byte	0x69
 1295 0647 00000000 		.4byte	.LFB66
 1296 064b 46000000 		.4byte	.LFE66-.LFB66
 1297 064f 01       		.uleb128 0x1
 1298 0650 9C       		.byte	0x9c
 1299 0651 8A060000 		.4byte	0x68a
 1300 0655 1B       		.uleb128 0x1b
ARM GAS  C:\Users\RECEPC~1\AppData\Local\Temp\ccIanxAB.s 			page 26


 1301 0656 70747200 		.ascii	"ptr\000"
 1302 065a 01       		.byte	0x1
 1303 065b 69       		.byte	0x69
 1304 065c EF000000 		.4byte	0xef
 1305 0660 02       		.uleb128 0x2
 1306 0661 91       		.byte	0x91
 1307 0662 6C       		.sleb128 -20
 1308 0663 19       		.uleb128 0x19
 1309 0664 8D070000 		.4byte	.LASF125
 1310 0668 01       		.byte	0x1
 1311 0669 6B       		.byte	0x6b
 1312 066a 3A060000 		.4byte	0x63a
 1313 066e 02       		.uleb128 0x2
 1314 066f 91       		.byte	0x91
 1315 0670 70       		.sleb128 -16
 1316 0671 1C       		.uleb128 0x1c
 1317 0672 12000000 		.4byte	.LBB3
 1318 0676 2E000000 		.4byte	.LBE3-.LBB3
 1319 067a 19       		.uleb128 0x19
 1320 067b D4070000 		.4byte	.LASF126
 1321 067f 01       		.byte	0x1
 1322 0680 6E       		.byte	0x6e
 1323 0681 81000000 		.4byte	0x81
 1324 0685 02       		.uleb128 0x2
 1325 0686 91       		.byte	0x91
 1326 0687 77       		.sleb128 -9
 1327 0688 00       		.byte	0
 1328 0689 00       		.byte	0
 1329 068a 1D       		.uleb128 0x1d
 1330 068b 17010000 		.4byte	.LASF132
 1331 068f 08       		.byte	0x8
 1332 0690 5506     		.2byte	0x655
 1333 0692 96060000 		.4byte	0x696
 1334 0696 06       		.uleb128 0x6
 1335 0697 76000000 		.4byte	0x76
 1336 069b 00       		.byte	0
 1337              		.section	.debug_abbrev,"",%progbits
 1338              	.Ldebug_abbrev0:
 1339 0000 01       		.uleb128 0x1
 1340 0001 11       		.uleb128 0x11
 1341 0002 01       		.byte	0x1
 1342 0003 25       		.uleb128 0x25
 1343 0004 0E       		.uleb128 0xe
 1344 0005 13       		.uleb128 0x13
 1345 0006 0B       		.uleb128 0xb
 1346 0007 03       		.uleb128 0x3
 1347 0008 0E       		.uleb128 0xe
 1348 0009 1B       		.uleb128 0x1b
 1349 000a 0E       		.uleb128 0xe
 1350 000b 55       		.uleb128 0x55
 1351 000c 17       		.uleb128 0x17
 1352 000d 11       		.uleb128 0x11
 1353 000e 01       		.uleb128 0x1
 1354 000f 10       		.uleb128 0x10
 1355 0010 17       		.uleb128 0x17
 1356 0011 00       		.byte	0
 1357 0012 00       		.byte	0
ARM GAS  C:\Users\RECEPC~1\AppData\Local\Temp\ccIanxAB.s 			page 27


 1358 0013 02       		.uleb128 0x2
 1359 0014 24       		.uleb128 0x24
 1360 0015 00       		.byte	0
 1361 0016 0B       		.uleb128 0xb
 1362 0017 0B       		.uleb128 0xb
 1363 0018 3E       		.uleb128 0x3e
 1364 0019 0B       		.uleb128 0xb
 1365 001a 03       		.uleb128 0x3
 1366 001b 0E       		.uleb128 0xe
 1367 001c 00       		.byte	0
 1368 001d 00       		.byte	0
 1369 001e 03       		.uleb128 0x3
 1370 001f 16       		.uleb128 0x16
 1371 0020 00       		.byte	0
 1372 0021 03       		.uleb128 0x3
 1373 0022 0E       		.uleb128 0xe
 1374 0023 3A       		.uleb128 0x3a
 1375 0024 0B       		.uleb128 0xb
 1376 0025 3B       		.uleb128 0x3b
 1377 0026 0B       		.uleb128 0xb
 1378 0027 49       		.uleb128 0x49
 1379 0028 13       		.uleb128 0x13
 1380 0029 00       		.byte	0
 1381 002a 00       		.byte	0
 1382 002b 04       		.uleb128 0x4
 1383 002c 24       		.uleb128 0x24
 1384 002d 00       		.byte	0
 1385 002e 0B       		.uleb128 0xb
 1386 002f 0B       		.uleb128 0xb
 1387 0030 3E       		.uleb128 0x3e
 1388 0031 0B       		.uleb128 0xb
 1389 0032 03       		.uleb128 0x3
 1390 0033 08       		.uleb128 0x8
 1391 0034 00       		.byte	0
 1392 0035 00       		.byte	0
 1393 0036 05       		.uleb128 0x5
 1394 0037 16       		.uleb128 0x16
 1395 0038 00       		.byte	0
 1396 0039 03       		.uleb128 0x3
 1397 003a 0E       		.uleb128 0xe
 1398 003b 3A       		.uleb128 0x3a
 1399 003c 0B       		.uleb128 0xb
 1400 003d 3B       		.uleb128 0x3b
 1401 003e 05       		.uleb128 0x5
 1402 003f 49       		.uleb128 0x49
 1403 0040 13       		.uleb128 0x13
 1404 0041 00       		.byte	0
 1405 0042 00       		.byte	0
 1406 0043 06       		.uleb128 0x6
 1407 0044 35       		.uleb128 0x35
 1408 0045 00       		.byte	0
 1409 0046 49       		.uleb128 0x49
 1410 0047 13       		.uleb128 0x13
 1411 0048 00       		.byte	0
 1412 0049 00       		.byte	0
 1413 004a 07       		.uleb128 0x7
 1414 004b 0F       		.uleb128 0xf
ARM GAS  C:\Users\RECEPC~1\AppData\Local\Temp\ccIanxAB.s 			page 28


 1415 004c 00       		.byte	0
 1416 004d 0B       		.uleb128 0xb
 1417 004e 0B       		.uleb128 0xb
 1418 004f 49       		.uleb128 0x49
 1419 0050 13       		.uleb128 0x13
 1420 0051 00       		.byte	0
 1421 0052 00       		.byte	0
 1422 0053 08       		.uleb128 0x8
 1423 0054 15       		.uleb128 0x15
 1424 0055 00       		.byte	0
 1425 0056 27       		.uleb128 0x27
 1426 0057 19       		.uleb128 0x19
 1427 0058 00       		.byte	0
 1428 0059 00       		.byte	0
 1429 005a 09       		.uleb128 0x9
 1430 005b 0F       		.uleb128 0xf
 1431 005c 00       		.byte	0
 1432 005d 0B       		.uleb128 0xb
 1433 005e 0B       		.uleb128 0xb
 1434 005f 00       		.byte	0
 1435 0060 00       		.byte	0
 1436 0061 0A       		.uleb128 0xa
 1437 0062 04       		.uleb128 0x4
 1438 0063 01       		.byte	0x1
 1439 0064 03       		.uleb128 0x3
 1440 0065 0E       		.uleb128 0xe
 1441 0066 0B       		.uleb128 0xb
 1442 0067 0B       		.uleb128 0xb
 1443 0068 3A       		.uleb128 0x3a
 1444 0069 0B       		.uleb128 0xb
 1445 006a 3B       		.uleb128 0x3b
 1446 006b 0B       		.uleb128 0xb
 1447 006c 01       		.uleb128 0x1
 1448 006d 13       		.uleb128 0x13
 1449 006e 00       		.byte	0
 1450 006f 00       		.byte	0
 1451 0070 0B       		.uleb128 0xb
 1452 0071 28       		.uleb128 0x28
 1453 0072 00       		.byte	0
 1454 0073 03       		.uleb128 0x3
 1455 0074 0E       		.uleb128 0xe
 1456 0075 1C       		.uleb128 0x1c
 1457 0076 0D       		.uleb128 0xd
 1458 0077 00       		.byte	0
 1459 0078 00       		.byte	0
 1460 0079 0C       		.uleb128 0xc
 1461 007a 13       		.uleb128 0x13
 1462 007b 01       		.byte	0x1
 1463 007c 03       		.uleb128 0x3
 1464 007d 0E       		.uleb128 0xe
 1465 007e 0B       		.uleb128 0xb
 1466 007f 05       		.uleb128 0x5
 1467 0080 3A       		.uleb128 0x3a
 1468 0081 0B       		.uleb128 0xb
 1469 0082 3B       		.uleb128 0x3b
 1470 0083 0B       		.uleb128 0xb
 1471 0084 01       		.uleb128 0x1
ARM GAS  C:\Users\RECEPC~1\AppData\Local\Temp\ccIanxAB.s 			page 29


 1472 0085 13       		.uleb128 0x13
 1473 0086 00       		.byte	0
 1474 0087 00       		.byte	0
 1475 0088 0D       		.uleb128 0xd
 1476 0089 0D       		.uleb128 0xd
 1477 008a 00       		.byte	0
 1478 008b 03       		.uleb128 0x3
 1479 008c 0E       		.uleb128 0xe
 1480 008d 3A       		.uleb128 0x3a
 1481 008e 0B       		.uleb128 0xb
 1482 008f 3B       		.uleb128 0x3b
 1483 0090 0B       		.uleb128 0xb
 1484 0091 49       		.uleb128 0x49
 1485 0092 13       		.uleb128 0x13
 1486 0093 38       		.uleb128 0x38
 1487 0094 0B       		.uleb128 0xb
 1488 0095 00       		.byte	0
 1489 0096 00       		.byte	0
 1490 0097 0E       		.uleb128 0xe
 1491 0098 0D       		.uleb128 0xd
 1492 0099 00       		.byte	0
 1493 009a 03       		.uleb128 0x3
 1494 009b 0E       		.uleb128 0xe
 1495 009c 3A       		.uleb128 0x3a
 1496 009d 0B       		.uleb128 0xb
 1497 009e 3B       		.uleb128 0x3b
 1498 009f 0B       		.uleb128 0xb
 1499 00a0 49       		.uleb128 0x49
 1500 00a1 13       		.uleb128 0x13
 1501 00a2 38       		.uleb128 0x38
 1502 00a3 05       		.uleb128 0x5
 1503 00a4 00       		.byte	0
 1504 00a5 00       		.byte	0
 1505 00a6 0F       		.uleb128 0xf
 1506 00a7 01       		.uleb128 0x1
 1507 00a8 01       		.byte	0x1
 1508 00a9 49       		.uleb128 0x49
 1509 00aa 13       		.uleb128 0x13
 1510 00ab 01       		.uleb128 0x1
 1511 00ac 13       		.uleb128 0x13
 1512 00ad 00       		.byte	0
 1513 00ae 00       		.byte	0
 1514 00af 10       		.uleb128 0x10
 1515 00b0 21       		.uleb128 0x21
 1516 00b1 00       		.byte	0
 1517 00b2 49       		.uleb128 0x49
 1518 00b3 13       		.uleb128 0x13
 1519 00b4 2F       		.uleb128 0x2f
 1520 00b5 05       		.uleb128 0x5
 1521 00b6 00       		.byte	0
 1522 00b7 00       		.byte	0
 1523 00b8 11       		.uleb128 0x11
 1524 00b9 15       		.uleb128 0x15
 1525 00ba 01       		.byte	0x1
 1526 00bb 27       		.uleb128 0x27
 1527 00bc 19       		.uleb128 0x19
 1528 00bd 01       		.uleb128 0x1
ARM GAS  C:\Users\RECEPC~1\AppData\Local\Temp\ccIanxAB.s 			page 30


 1529 00be 13       		.uleb128 0x13
 1530 00bf 00       		.byte	0
 1531 00c0 00       		.byte	0
 1532 00c1 12       		.uleb128 0x12
 1533 00c2 05       		.uleb128 0x5
 1534 00c3 00       		.byte	0
 1535 00c4 49       		.uleb128 0x49
 1536 00c5 13       		.uleb128 0x13
 1537 00c6 00       		.byte	0
 1538 00c7 00       		.byte	0
 1539 00c8 13       		.uleb128 0x13
 1540 00c9 13       		.uleb128 0x13
 1541 00ca 01       		.byte	0x1
 1542 00cb 03       		.uleb128 0x3
 1543 00cc 0E       		.uleb128 0xe
 1544 00cd 0B       		.uleb128 0xb
 1545 00ce 0B       		.uleb128 0xb
 1546 00cf 3A       		.uleb128 0x3a
 1547 00d0 0B       		.uleb128 0xb
 1548 00d1 3B       		.uleb128 0x3b
 1549 00d2 0B       		.uleb128 0xb
 1550 00d3 01       		.uleb128 0x1
 1551 00d4 13       		.uleb128 0x13
 1552 00d5 00       		.byte	0
 1553 00d6 00       		.byte	0
 1554 00d7 14       		.uleb128 0x14
 1555 00d8 15       		.uleb128 0x15
 1556 00d9 00       		.byte	0
 1557 00da 27       		.uleb128 0x27
 1558 00db 19       		.uleb128 0x19
 1559 00dc 49       		.uleb128 0x49
 1560 00dd 13       		.uleb128 0x13
 1561 00de 00       		.byte	0
 1562 00df 00       		.byte	0
 1563 00e0 15       		.uleb128 0x15
 1564 00e1 26       		.uleb128 0x26
 1565 00e2 00       		.byte	0
 1566 00e3 49       		.uleb128 0x49
 1567 00e4 13       		.uleb128 0x13
 1568 00e5 00       		.byte	0
 1569 00e6 00       		.byte	0
 1570 00e7 16       		.uleb128 0x16
 1571 00e8 21       		.uleb128 0x21
 1572 00e9 00       		.byte	0
 1573 00ea 49       		.uleb128 0x49
 1574 00eb 13       		.uleb128 0x13
 1575 00ec 2F       		.uleb128 0x2f
 1576 00ed 0B       		.uleb128 0xb
 1577 00ee 00       		.byte	0
 1578 00ef 00       		.byte	0
 1579 00f0 17       		.uleb128 0x17
 1580 00f1 2E       		.uleb128 0x2e
 1581 00f2 01       		.byte	0x1
 1582 00f3 3F       		.uleb128 0x3f
 1583 00f4 19       		.uleb128 0x19
 1584 00f5 03       		.uleb128 0x3
 1585 00f6 0E       		.uleb128 0xe
ARM GAS  C:\Users\RECEPC~1\AppData\Local\Temp\ccIanxAB.s 			page 31


 1586 00f7 3A       		.uleb128 0x3a
 1587 00f8 0B       		.uleb128 0xb
 1588 00f9 3B       		.uleb128 0x3b
 1589 00fa 0B       		.uleb128 0xb
 1590 00fb 27       		.uleb128 0x27
 1591 00fc 19       		.uleb128 0x19
 1592 00fd 49       		.uleb128 0x49
 1593 00fe 13       		.uleb128 0x13
 1594 00ff 11       		.uleb128 0x11
 1595 0100 01       		.uleb128 0x1
 1596 0101 12       		.uleb128 0x12
 1597 0102 06       		.uleb128 0x6
 1598 0103 40       		.uleb128 0x40
 1599 0104 18       		.uleb128 0x18
 1600 0105 9642     		.uleb128 0x2116
 1601 0107 19       		.uleb128 0x19
 1602 0108 01       		.uleb128 0x1
 1603 0109 13       		.uleb128 0x13
 1604 010a 00       		.byte	0
 1605 010b 00       		.byte	0
 1606 010c 18       		.uleb128 0x18
 1607 010d 05       		.uleb128 0x5
 1608 010e 00       		.byte	0
 1609 010f 03       		.uleb128 0x3
 1610 0110 0E       		.uleb128 0xe
 1611 0111 3A       		.uleb128 0x3a
 1612 0112 0B       		.uleb128 0xb
 1613 0113 3B       		.uleb128 0x3b
 1614 0114 0B       		.uleb128 0xb
 1615 0115 49       		.uleb128 0x49
 1616 0116 13       		.uleb128 0x13
 1617 0117 02       		.uleb128 0x2
 1618 0118 18       		.uleb128 0x18
 1619 0119 00       		.byte	0
 1620 011a 00       		.byte	0
 1621 011b 19       		.uleb128 0x19
 1622 011c 34       		.uleb128 0x34
 1623 011d 00       		.byte	0
 1624 011e 03       		.uleb128 0x3
 1625 011f 0E       		.uleb128 0xe
 1626 0120 3A       		.uleb128 0x3a
 1627 0121 0B       		.uleb128 0xb
 1628 0122 3B       		.uleb128 0x3b
 1629 0123 0B       		.uleb128 0xb
 1630 0124 49       		.uleb128 0x49
 1631 0125 13       		.uleb128 0x13
 1632 0126 02       		.uleb128 0x2
 1633 0127 18       		.uleb128 0x18
 1634 0128 00       		.byte	0
 1635 0129 00       		.byte	0
 1636 012a 1A       		.uleb128 0x1a
 1637 012b 2E       		.uleb128 0x2e
 1638 012c 01       		.byte	0x1
 1639 012d 3F       		.uleb128 0x3f
 1640 012e 19       		.uleb128 0x19
 1641 012f 03       		.uleb128 0x3
 1642 0130 0E       		.uleb128 0xe
ARM GAS  C:\Users\RECEPC~1\AppData\Local\Temp\ccIanxAB.s 			page 32


 1643 0131 3A       		.uleb128 0x3a
 1644 0132 0B       		.uleb128 0xb
 1645 0133 3B       		.uleb128 0x3b
 1646 0134 0B       		.uleb128 0xb
 1647 0135 27       		.uleb128 0x27
 1648 0136 19       		.uleb128 0x19
 1649 0137 11       		.uleb128 0x11
 1650 0138 01       		.uleb128 0x1
 1651 0139 12       		.uleb128 0x12
 1652 013a 06       		.uleb128 0x6
 1653 013b 40       		.uleb128 0x40
 1654 013c 18       		.uleb128 0x18
 1655 013d 9642     		.uleb128 0x2116
 1656 013f 19       		.uleb128 0x19
 1657 0140 01       		.uleb128 0x1
 1658 0141 13       		.uleb128 0x13
 1659 0142 00       		.byte	0
 1660 0143 00       		.byte	0
 1661 0144 1B       		.uleb128 0x1b
 1662 0145 05       		.uleb128 0x5
 1663 0146 00       		.byte	0
 1664 0147 03       		.uleb128 0x3
 1665 0148 08       		.uleb128 0x8
 1666 0149 3A       		.uleb128 0x3a
 1667 014a 0B       		.uleb128 0xb
 1668 014b 3B       		.uleb128 0x3b
 1669 014c 0B       		.uleb128 0xb
 1670 014d 49       		.uleb128 0x49
 1671 014e 13       		.uleb128 0x13
 1672 014f 02       		.uleb128 0x2
 1673 0150 18       		.uleb128 0x18
 1674 0151 00       		.byte	0
 1675 0152 00       		.byte	0
 1676 0153 1C       		.uleb128 0x1c
 1677 0154 0B       		.uleb128 0xb
 1678 0155 01       		.byte	0x1
 1679 0156 11       		.uleb128 0x11
 1680 0157 01       		.uleb128 0x1
 1681 0158 12       		.uleb128 0x12
 1682 0159 06       		.uleb128 0x6
 1683 015a 00       		.byte	0
 1684 015b 00       		.byte	0
 1685 015c 1D       		.uleb128 0x1d
 1686 015d 34       		.uleb128 0x34
 1687 015e 00       		.byte	0
 1688 015f 03       		.uleb128 0x3
 1689 0160 0E       		.uleb128 0xe
 1690 0161 3A       		.uleb128 0x3a
 1691 0162 0B       		.uleb128 0xb
 1692 0163 3B       		.uleb128 0x3b
 1693 0164 05       		.uleb128 0x5
 1694 0165 49       		.uleb128 0x49
 1695 0166 13       		.uleb128 0x13
 1696 0167 3F       		.uleb128 0x3f
 1697 0168 19       		.uleb128 0x19
 1698 0169 3C       		.uleb128 0x3c
 1699 016a 19       		.uleb128 0x19
ARM GAS  C:\Users\RECEPC~1\AppData\Local\Temp\ccIanxAB.s 			page 33


 1700 016b 00       		.byte	0
 1701 016c 00       		.byte	0
 1702 016d 00       		.byte	0
 1703              		.section	.debug_aranges,"",%progbits
 1704 0000 34000000 		.4byte	0x34
 1705 0004 0200     		.2byte	0x2
 1706 0006 00000000 		.4byte	.Ldebug_info0
 1707 000a 04       		.byte	0x4
 1708 000b 00       		.byte	0
 1709 000c 0000     		.2byte	0
 1710 000e 0000     		.2byte	0
 1711 0010 00000000 		.4byte	.LFB63
 1712 0014 F4000000 		.4byte	.LFE63-.LFB63
 1713 0018 00000000 		.4byte	.LFB64
 1714 001c F4000000 		.4byte	.LFE64-.LFB64
 1715 0020 00000000 		.4byte	.LFB65
 1716 0024 46000000 		.4byte	.LFE65-.LFB65
 1717 0028 00000000 		.4byte	.LFB66
 1718 002c 46000000 		.4byte	.LFE66-.LFB66
 1719 0030 00000000 		.4byte	0
 1720 0034 00000000 		.4byte	0
 1721              		.section	.debug_ranges,"",%progbits
 1722              	.Ldebug_ranges0:
 1723 0000 00000000 		.4byte	.LFB63
 1724 0004 F4000000 		.4byte	.LFE63
 1725 0008 00000000 		.4byte	.LFB64
 1726 000c F4000000 		.4byte	.LFE64
 1727 0010 00000000 		.4byte	.LFB65
 1728 0014 46000000 		.4byte	.LFE65
 1729 0018 00000000 		.4byte	.LFB66
 1730 001c 46000000 		.4byte	.LFE66
 1731 0020 00000000 		.4byte	0
 1732 0024 00000000 		.4byte	0
 1733              		.section	.debug_line,"",%progbits
 1734              	.Ldebug_line0:
 1735 0000 43020000 		.section	.debug_str,"MS",%progbits,1
 1735      02009101 
 1735      00000201 
 1735      FB0E0D00 
 1735      01010101 
 1736              	.LASF21:
 1737 0000 4E4F4E45 		.ascii	"NONE\000"
 1737      00
 1738              	.LASF12:
 1739 0005 75696E74 		.ascii	"uint16\000"
 1739      313600
 1740              	.LASF72:
 1741 000c 5052494E 		.ascii	"PRINTER21_JOB\000"
 1741      54455232 
 1741      315F4A4F 
 1741      4200
 1742              	.LASF77:
 1743 001a 44495350 		.ascii	"DISPLAY1_RECEPTION\000"
 1743      4C415931 
 1743      5F524543 
 1743      45505449 
 1743      4F4E00
ARM GAS  C:\Users\RECEPC~1\AppData\Local\Temp\ccIanxAB.s 			page 34


 1744              	.LASF112:
 1745 002d 5F554152 		.ascii	"_UART_MESSAGE_\000"
 1745      545F4D45 
 1745      53534147 
 1745      455F00
 1746              	.LASF98:
 1747 003c 52656164 		.ascii	"ReadRxData\000"
 1747      52784461 
 1747      746100
 1748              	.LASF36:
 1749 0047 5F6D6573 		.ascii	"_messagetype\000"
 1749      73616765 
 1749      74797065 
 1749      00
 1750              	.LASF44:
 1751 0054 5F706461 		.ascii	"_pdata\000"
 1751      746100
 1752              	.LASF37:
 1753 005b 5F6D6573 		.ascii	"_messagestate\000"
 1753      73616765 
 1753      73746174 
 1753      6500
 1754              	.LASF96:
 1755 0069 52656164 		.ascii	"ReadControlRegister\000"
 1755      436F6E74 
 1755      726F6C52 
 1755      65676973 
 1755      74657200 
 1756              	.LASF52:
 1757 007d 53494E4B 		.ascii	"SINK_UPDATE_COUNTERS\000"
 1757      5F555044 
 1757      4154455F 
 1757      434F554E 
 1757      54455253 
 1758              	.LASF7:
 1759 0092 6C6F6E67 		.ascii	"long long unsigned int\000"
 1759      206C6F6E 
 1759      6720756E 
 1759      7369676E 
 1759      65642069 
 1760              	.LASF51:
 1761 00a9 55415254 		.ascii	"UART_RF_AUTONOMOUS_MONITOR\000"
 1761      5F52465F 
 1761      4155544F 
 1761      4E4F4D4F 
 1761      55535F4D 
 1762              	.LASF28:
 1763 00c4 414C4C49 		.ascii	"ALLINTERESTEDFOREVER\000"
 1763      4E544552 
 1763      45535445 
 1763      44464F52 
 1763      45564552 
 1764              	.LASF29:
 1765 00d9 5F4D4553 		.ascii	"_MESSAGE_TYPE_\000"
 1765      53414745 
 1765      5F545950 
 1765      455F00
ARM GAS  C:\Users\RECEPC~1\AppData\Local\Temp\ccIanxAB.s 			page 35


 1766              	.LASF76:
 1767 00e8 44495350 		.ascii	"DISPLAY_UPDATE_PUMP_STATE\000"
 1767      4C41595F 
 1767      55504441 
 1767      54455F50 
 1767      554D505F 
 1768              	.LASF97:
 1769 0102 57726974 		.ascii	"WriteControlRegister\000"
 1769      65436F6E 
 1769      74726F6C 
 1769      52656769 
 1769      73746572 
 1770              	.LASF132:
 1771 0117 49544D5F 		.ascii	"ITM_RxBuffer\000"
 1771      52784275 
 1771      66666572 
 1771      00
 1772              	.LASF61:
 1773 0124 44495350 		.ascii	"DISPENSER_LOAD_EEPROM_SETTINGS\000"
 1773      454E5345 
 1773      525F4C4F 
 1773      41445F45 
 1773      4550524F 
 1774              	.LASF6:
 1775 0143 6C6F6E67 		.ascii	"long long int\000"
 1775      206C6F6E 
 1775      6720696E 
 1775      7400
 1776              	.LASF0:
 1777 0151 7369676E 		.ascii	"signed char\000"
 1777      65642063 
 1777      68617200 
 1778              	.LASF48:
 1779 015d 5F53494E 		.ascii	"_SINK_OBSERVABLES_\000"
 1779      4B5F4F42 
 1779      53455256 
 1779      41424C45 
 1779      535F00
 1780              	.LASF33:
 1781 0170 53494E4B 		.ascii	"SINK_BUSY\000"
 1781      5F425553 
 1781      5900
 1782              	.LASF43:
 1783 017a 5F627566 		.ascii	"_buffersize\000"
 1783      66657273 
 1783      697A6500 
 1784              	.LASF74:
 1785 0186 5052494E 		.ascii	"PRINTER1_GENERIC_JOB\000"
 1785      54455231 
 1785      5F47454E 
 1785      45524943 
 1785      5F4A4F42 
 1786              	.LASF95:
 1787 019b 53746F70 		.ascii	"Stop\000"
 1787      00
 1788              	.LASF4:
 1789 01a0 6C6F6E67 		.ascii	"long int\000"
ARM GAS  C:\Users\RECEPC~1\AppData\Local\Temp\ccIanxAB.s 			page 36


 1789      20696E74 
 1789      00
 1790              	.LASF111:
 1791 01a9 55415254 		.ascii	"UARTManager\000"
 1791      4D616E61 
 1791      67657200 
 1792              	.LASF79:
 1793 01b5 44495350 		.ascii	"DISPLAY1_UPDATE_DATETIME\000"
 1793      4C415931 
 1793      5F555044 
 1793      4154455F 
 1793      44415445 
 1794              	.LASF130:
 1795 01ce 2E5C4469 		.ascii	".\\DisplayResolver.c\000"
 1795      73706C61 
 1795      79526573 
 1795      6F6C7665 
 1795      722E6300 
 1796              	.LASF122:
 1797 01e2 73696E6B 		.ascii	"sinkmsg\000"
 1797      6D736700 
 1798              	.LASF42:
 1799 01ea 5F627566 		.ascii	"_buffer\000"
 1799      66657200 
 1800              	.LASF41:
 1801 01f2 5F6D6573 		.ascii	"_messagetimeoutlimit\000"
 1801      73616765 
 1801      74696D65 
 1801      6F75746C 
 1801      696D6974 
 1802              	.LASF15:
 1803 0207 646F7562 		.ascii	"double\000"
 1803      6C6500
 1804              	.LASF119:
 1805 020e 62756666 		.ascii	"buffersize\000"
 1805      65727369 
 1805      7A6500
 1806              	.LASF86:
 1807 0219 49425554 		.ascii	"IBUTTON2_SCAN\000"
 1807      544F4E32 
 1807      5F534341 
 1807      4E00
 1808              	.LASF13:
 1809 0227 75696E74 		.ascii	"uint32\000"
 1809      333200
 1810              	.LASF66:
 1811 022e 44495350 		.ascii	"DISPENSER_CONFIGURE_SINGLE_PRICE\000"
 1811      454E5345 
 1811      525F434F 
 1811      4E464947 
 1811      5552455F 
 1812              	.LASF100:
 1813 024f 47657443 		.ascii	"GetChar\000"
 1813      68617200 
 1814              	.LASF118:
 1815 0257 70627566 		.ascii	"pbuffer\000"
 1815      66657200 
ARM GAS  C:\Users\RECEPC~1\AppData\Local\Temp\ccIanxAB.s 			page 37


 1816              	.LASF70:
 1817 025f 5052494E 		.ascii	"PRINTER11_JOB\000"
 1817      54455231 
 1817      315F4A4F 
 1817      4200
 1818              	.LASF30:
 1819 026d 5F4D4553 		.ascii	"_MESSAGE_STATE_\000"
 1819      53414745 
 1819      5F535441 
 1819      54455F00 
 1820              	.LASF50:
 1821 027d 55415254 		.ascii	"UART_RF_TEST\000"
 1821      5F52465F 
 1821      54455354 
 1821      00
 1822              	.LASF8:
 1823 028a 756E7369 		.ascii	"unsigned int\000"
 1823      676E6564 
 1823      20696E74 
 1823      00
 1824              	.LASF84:
 1825 0297 44495350 		.ascii	"DISPLAY2_ANIMATE_HOME\000"
 1825      4C415932 
 1825      5F414E49 
 1825      4D415445 
 1825      5F484F4D 
 1826              	.LASF5:
 1827 02ad 6C6F6E67 		.ascii	"long unsigned int\000"
 1827      20756E73 
 1827      69676E65 
 1827      6420696E 
 1827      7400
 1828              	.LASF26:
 1829 02bf 46495253 		.ascii	"FIRSTFOUNDFOREVER\000"
 1829      54464F55 
 1829      4E44464F 
 1829      52455645 
 1829      5200
 1830              	.LASF88:
 1831 02d1 544F4747 		.ascii	"TOGGLE_SCREEN_AND_WRITE_TEST\000"
 1831      4C455F53 
 1831      43524545 
 1831      4E5F414E 
 1831      445F5752 
 1832              	.LASF38:
 1833 02ee 5F6D6573 		.ascii	"_messagedelay\000"
 1833      73616765 
 1833      64656C61 
 1833      7900
 1834              	.LASF35:
 1835 02fc 5F6D6573 		.ascii	"_messageid\000"
 1835      73616765 
 1835      696400
 1836              	.LASF31:
 1837 0307 53494E4B 		.ascii	"SINK_FREE\000"
 1837      5F465245 
 1837      4500
ARM GAS  C:\Users\RECEPC~1\AppData\Local\Temp\ccIanxAB.s 			page 38


 1838              	.LASF59:
 1839 0311 44495350 		.ascii	"DISPENSER_EXECUTE_CREDIT_TRANSACTION\000"
 1839      454E5345 
 1839      525F4558 
 1839      45435554 
 1839      455F4352 
 1840              	.LASF11:
 1841 0336 75696E74 		.ascii	"uint8\000"
 1841      3800
 1842              	.LASF3:
 1843 033c 73686F72 		.ascii	"short unsigned int\000"
 1843      7420756E 
 1843      7369676E 
 1843      65642069 
 1843      6E7400
 1844              	.LASF110:
 1845 034f 436C6561 		.ascii	"ClearTxBuffer\000"
 1845      72547842 
 1845      75666665 
 1845      7200
 1846              	.LASF124:
 1847 035d 44697370 		.ascii	"Display2BufferResolver\000"
 1847      6C617932 
 1847      42756666 
 1847      65725265 
 1847      736F6C76 
 1848              	.LASF113:
 1849 0374 5F6D6573 		.ascii	"_messagelength\000"
 1849      73616765 
 1849      6C656E67 
 1849      746800
 1850              	.LASF58:
 1851 0383 44495350 		.ascii	"DISPENSER_EXECUTE_CASH_TRANSACTION\000"
 1851      454E5345 
 1851      525F4558 
 1851      45435554 
 1851      455F4341 
 1852              	.LASF60:
 1853 03a6 44495350 		.ascii	"DISPENSER_UNLOCK_EOT_PUMPS\000"
 1853      454E5345 
 1853      525F554E 
 1853      4C4F434B 
 1853      5F454F54 
 1854              	.LASF75:
 1855 03c1 5052494E 		.ascii	"PRINTER2_GENERIC_JOB\000"
 1855      54455232 
 1855      5F47454E 
 1855      45524943 
 1855      5F4A4F42 
 1856              	.LASF39:
 1857 03d6 5F6D6573 		.ascii	"_messagetimeout\000"
 1857      73616765 
 1857      74696D65 
 1857      6F757400 
 1858              	.LASF123:
 1859 03e6 44697370 		.ascii	"Display1BufferResolver\000"
 1859      6C617931 
ARM GAS  C:\Users\RECEPC~1\AppData\Local\Temp\ccIanxAB.s 			page 39


 1859      42756666 
 1859      65725265 
 1859      736F6C76 
 1860              	.LASF68:
 1861 03fd 44495350 		.ascii	"DISPENSER_PUMP_HANDLER\000"
 1861      454E5345 
 1861      525F5055 
 1861      4D505F48 
 1861      414E444C 
 1862              	.LASF78:
 1863 0414 44495350 		.ascii	"DISPLAY1_MESSAGE\000"
 1863      4C415931 
 1863      5F4D4553 
 1863      53414745 
 1863      00
 1864              	.LASF127:
 1865 0425 4469736C 		.ascii	"Dislay1UARTSend\000"
 1865      61793155 
 1865      41525453 
 1865      656E6400 
 1866              	.LASF54:
 1867 0435 53494E4B 		.ascii	"SINK_RELEASE_BY_PTR\000"
 1867      5F52454C 
 1867      45415345 
 1867      5F42595F 
 1867      50545200 
 1868              	.LASF81:
 1869 0449 44495350 		.ascii	"DISPLAY2_RECEPTION\000"
 1869      4C415932 
 1869      5F524543 
 1869      45505449 
 1869      4F4E00
 1870              	.LASF18:
 1871 045c 72656733 		.ascii	"reg32\000"
 1871      3200
 1872              	.LASF117:
 1873 0462 55415254 		.ascii	"UARTMessage\000"
 1873      4D657373 
 1873      61676500 
 1874              	.LASF73:
 1875 046e 5052494E 		.ascii	"PRINTER22_JOB\000"
 1875      54455232 
 1875      325F4A4F 
 1875      4200
 1876              	.LASF80:
 1877 047c 44495350 		.ascii	"DISPLAY1_ANIMATE_HOME\000"
 1877      4C415931 
 1877      5F414E49 
 1877      4D415445 
 1877      5F484F4D 
 1878              	.LASF19:
 1879 0492 73697A65 		.ascii	"sizetype\000"
 1879      74797065 
 1879      00
 1880              	.LASF40:
 1881 049b 5F6D6573 		.ascii	"_messagetimeoutmultiplier\000"
 1881      73616765 
ARM GAS  C:\Users\RECEPC~1\AppData\Local\Temp\ccIanxAB.s 			page 40


 1881      74696D65 
 1881      6F75746D 
 1881      756C7469 
 1882              	.LASF71:
 1883 04b5 5052494E 		.ascii	"PRINTER12_JOB\000"
 1883      54455231 
 1883      325F4A4F 
 1883      4200
 1884              	.LASF116:
 1885 04c3 5F707561 		.ascii	"_puartmanager\000"
 1885      72746D61 
 1885      6E616765 
 1885      7200
 1886              	.LASF99:
 1887 04d1 52656164 		.ascii	"ReadRxStatus\000"
 1887      52785374 
 1887      61747573 
 1887      00
 1888              	.LASF34:
 1889 04de 5F73656C 		.ascii	"_selfkill\000"
 1889      666B696C 
 1889      6C00
 1890              	.LASF94:
 1891 04e8 53746172 		.ascii	"Start\000"
 1891      7400
 1892              	.LASF102:
 1893 04ee 47657452 		.ascii	"GetRxBufferSize\000"
 1893      78427566 
 1893      66657253 
 1893      697A6500 
 1894              	.LASF64:
 1895 04fe 44495350 		.ascii	"DISPENSER_CONFIGURE_PRICES\000"
 1895      454E5345 
 1895      525F434F 
 1895      4E464947 
 1895      5552455F 
 1896              	.LASF129:
 1897 0519 474E5520 		.ascii	"GNU C 4.9.3 20150303 (release) [ARM/embedded-4_9-br"
 1897      4320342E 
 1897      392E3320 
 1897      32303135 
 1897      30333033 
 1898 054c 616E6368 		.ascii	"anch revision 221220] -mcpu=cortex-m3 -mthumb -g -O"
 1898      20726576 
 1898      6973696F 
 1898      6E203232 
 1898      31323230 
 1899 057f 30202D66 		.ascii	"0 -ffunction-sections -ffat-lto-objects\000"
 1899      66756E63 
 1899      74696F6E 
 1899      2D736563 
 1899      74696F6E 
 1900              	.LASF23:
 1901 05a7 46495253 		.ascii	"FIRSTFOUND\000"
 1901      54464F55 
 1901      4E4400
 1902              	.LASF82:
ARM GAS  C:\Users\RECEPC~1\AppData\Local\Temp\ccIanxAB.s 			page 41


 1903 05b2 44495350 		.ascii	"DISPLAY2_MESSAGE\000"
 1903      4C415932 
 1903      5F4D4553 
 1903      53414745 
 1903      00
 1904              	.LASF14:
 1905 05c3 666C6F61 		.ascii	"float\000"
 1905      7400
 1906              	.LASF128:
 1907 05c9 4469736C 		.ascii	"Dislay2UARTSend\000"
 1907      61793255 
 1907      41525453 
 1907      656E6400 
 1908              	.LASF32:
 1909 05d9 53494E4B 		.ascii	"SINK_ALLOCATED\000"
 1909      5F414C4C 
 1909      4F434154 
 1909      454400
 1910              	.LASF121:
 1911 05e8 64656C69 		.ascii	"delimitersize\000"
 1911      6D697465 
 1911      7273697A 
 1911      6500
 1912              	.LASF57:
 1913 05f6 44495350 		.ascii	"DISPENSER_ACQUIRE_PUMP_HOSE\000"
 1913      454E5345 
 1913      525F4143 
 1913      51554952 
 1913      455F5055 
 1914              	.LASF131:
 1915 0612 433A5C54 		.ascii	"C:\\TeamInsepet\\NSX-Prime\\Hardware\\CorEx-MUX-Ker"
 1915      65616D49 
 1915      6E736570 
 1915      65745C4E 
 1915      53582D50 
 1916 0641 6E656C2D 		.ascii	"nel-Enhanced\\Workspace01\\CorEx-Mux-Kernel.cydsn\000"
 1916      456E6861 
 1916      6E636564 
 1916      5C576F72 
 1916      6B737061 
 1917              	.LASF46:
 1918 0671 5F426F6F 		.ascii	"_Bool\000"
 1918      6C00
 1919              	.LASF10:
 1920 0677 696E7433 		.ascii	"int32_t\000"
 1920      325F7400 
 1921              	.LASF1:
 1922 067f 756E7369 		.ascii	"unsigned char\000"
 1922      676E6564 
 1922      20636861 
 1922      7200
 1923              	.LASF92:
 1924 068d 5F696465 		.ascii	"_identifier\000"
 1924      6E746966 
 1924      69657200 
 1925              	.LASF47:
 1926 0699 53696E6B 		.ascii	"SinkMessage\000"
ARM GAS  C:\Users\RECEPC~1\AppData\Local\Temp\ccIanxAB.s 			page 42


 1926      4D657373 
 1926      61676500 
 1927              	.LASF2:
 1928 06a5 73686F72 		.ascii	"short int\000"
 1928      7420696E 
 1928      7400
 1929              	.LASF106:
 1930 06af 50757443 		.ascii	"PutChar\000"
 1930      68617200 
 1931              	.LASF87:
 1932 06b7 474C4F42 		.ascii	"GLOBAL_TICK_NOTIFICATION\000"
 1932      414C5F54 
 1932      49434B5F 
 1932      4E4F5449 
 1932      46494341 
 1933              	.LASF55:
 1934 06d0 44495350 		.ascii	"DISPENSER_UPDATE_PUMP_TRANSACTION_TIMEOUTS\000"
 1934      454E5345 
 1934      525F5550 
 1934      44415445 
 1934      5F50554D 
 1935              	.LASF67:
 1936 06fb 44495350 		.ascii	"DISPENSER_ACQUIRE_TOTALS\000"
 1936      454E5345 
 1936      525F4143 
 1936      51554952 
 1936      455F544F 
 1937              	.LASF65:
 1938 0714 44495350 		.ascii	"DISPENSER_RESTORE_PRICES\000"
 1938      454E5345 
 1938      525F5245 
 1938      53544F52 
 1938      455F5052 
 1939              	.LASF24:
 1940 072d 414C4C49 		.ascii	"ALLINTERESTED\000"
 1940      4E544552 
 1940      45535445 
 1940      4400
 1941              	.LASF25:
 1942 073b 44454C41 		.ascii	"DELAYEDALLINTERESTED\000"
 1942      59454441 
 1942      4C4C494E 
 1942      54455245 
 1942      53544544 
 1943              	.LASF104:
 1944 0750 57726974 		.ascii	"WriteTxData\000"
 1944      65547844 
 1944      61746100 
 1945              	.LASF90:
 1946 075c 5F53494E 		.ascii	"_SINK_MESSAGE_\000"
 1946      4B5F4D45 
 1946      53534147 
 1946      455F00
 1947              	.LASF62:
 1948 076b 44495350 		.ascii	"DISPENSER_ENUMERATE_VISIBLE_PUMPS\000"
 1948      454E5345 
 1948      525F454E 
ARM GAS  C:\Users\RECEPC~1\AppData\Local\Temp\ccIanxAB.s 			page 43


 1948      554D4552 
 1948      4154455F 
 1949              	.LASF125:
 1950 078d 706D6573 		.ascii	"pmessage\000"
 1950      73616765 
 1950      00
 1951              	.LASF89:
 1952 0796 57415443 		.ascii	"WATCHDOG_STARTUP\000"
 1952      48444F47 
 1952      5F535441 
 1952      52545550 
 1952      00
 1953              	.LASF20:
 1954 07a7 6C6F6E67 		.ascii	"long double\000"
 1954      20646F75 
 1954      626C6500 
 1955              	.LASF17:
 1956 07b3 63686172 		.ascii	"char\000"
 1956      00
 1957              	.LASF69:
 1958 07b8 44495350 		.ascii	"DISPENSER_PUMP_BEEP_WARNING\000"
 1958      454E5345 
 1958      525F5055 
 1958      4D505F42 
 1958      4545505F 
 1959              	.LASF126:
 1960 07d4 696E6465 		.ascii	"index\000"
 1960      7800
 1961              	.LASF101:
 1962 07da 47657442 		.ascii	"GetByte\000"
 1962      79746500 
 1963              	.LASF109:
 1964 07e2 50757443 		.ascii	"PutCRLF\000"
 1964      524C4600 
 1965              	.LASF9:
 1966 07ea 5F5F696E 		.ascii	"__int32_t\000"
 1966      7433325F 
 1966      7400
 1967              	.LASF16:
 1968 07f4 63686172 		.ascii	"char8\000"
 1968      3800
 1969              	.LASF93:
 1970 07fa 43757374 		.ascii	"CustomUARTSend\000"
 1970      6F6D5541 
 1970      52545365 
 1970      6E6400
 1971              	.LASF85:
 1972 0809 49425554 		.ascii	"IBUTTON1_SCAN\000"
 1972      544F4E31 
 1972      5F534341 
 1972      4E00
 1973              	.LASF56:
 1974 0817 44495350 		.ascii	"DISPENSER_ACQUIRE_PUMP_STATE\000"
 1974      454E5345 
 1974      525F4143 
 1974      51554952 
 1974      455F5055 
ARM GAS  C:\Users\RECEPC~1\AppData\Local\Temp\ccIanxAB.s 			page 44


 1975              	.LASF107:
 1976 0834 50757453 		.ascii	"PutString\000"
 1976      7472696E 
 1976      6700
 1977              	.LASF91:
 1978 083e 5F554152 		.ascii	"_UART_MANAGER_\000"
 1978      545F4D41 
 1978      4E414745 
 1978      525F00
 1979              	.LASF49:
 1980 084d 55415254 		.ascii	"UART_RF_RECEPTION\000"
 1980      5F52465F 
 1980      52454345 
 1980      5054494F 
 1980      4E00
 1981              	.LASF114:
 1982 085f 5F6D6573 		.ascii	"_messagetx\000"
 1982      73616765 
 1982      747800
 1983              	.LASF27:
 1984 086a 42524F41 		.ascii	"BROADCASTFOREVER\000"
 1984      44434153 
 1984      54464F52 
 1984      45564552 
 1984      00
 1985              	.LASF63:
 1986 087b 44495350 		.ascii	"DISPENSER_ACQUIRE_CONFIGURATION_INFORMATION\000"
 1986      454E5345 
 1986      525F4143 
 1986      51554952 
 1986      455F434F 
 1987              	.LASF120:
 1988 08a7 7064656C 		.ascii	"pdelimiter\000"
 1988      696D6974 
 1988      657200
 1989              	.LASF83:
 1990 08b2 44495350 		.ascii	"DISPLAY2_UPDATE_DATETIME\000"
 1990      4C415932 
 1990      5F555044 
 1990      4154455F 
 1990      44415445 
 1991              	.LASF115:
 1992 08cb 4572726F 		.ascii	"ErrorHandler\000"
 1992      7248616E 
 1992      646C6572 
 1992      00
 1993              	.LASF45:
 1994 08d8 43616C6C 		.ascii	"Callback\000"
 1994      6261636B 
 1994      00
 1995              	.LASF22:
 1996 08e1 42524F41 		.ascii	"BROADCAST\000"
 1996      44434153 
 1996      5400
 1997              	.LASF53:
 1998 08eb 53494E4B 		.ascii	"SINK_RELEASE_BY_ID\000"
 1998      5F52454C 
ARM GAS  C:\Users\RECEPC~1\AppData\Local\Temp\ccIanxAB.s 			page 45


 1998      45415345 
 1998      5F42595F 
 1998      494400
 1999              	.LASF105:
 2000 08fe 52656164 		.ascii	"ReadTxStatus\000"
 2000      54785374 
 2000      61747573 
 2000      00
 2001              	.LASF108:
 2002 090b 50757441 		.ascii	"PutArray\000"
 2002      72726179 
 2002      00
 2003              	.LASF103:
 2004 0914 436C6561 		.ascii	"ClearRxBuffer\000"
 2004      72527842 
 2004      75666665 
 2004      7200
 2005              		.ident	"GCC: (GNU Tools for ARM Embedded Processors) 4.9.3 20150303 (release) [ARM/embedded-4_9-br
