ARM GAS  C:\Users\RECEPC~1\AppData\Local\Temp\ccILLrVD.s 			page 1


   1              		.syntax unified
   2              		.cpu cortex-m3
   3              		.fpu softvfp
   4              		.eabi_attribute 20, 1
   5              		.eabi_attribute 21, 1
   6              		.eabi_attribute 23, 3
   7              		.eabi_attribute 24, 1
   8              		.eabi_attribute 25, 1
   9              		.eabi_attribute 26, 1
  10              		.eabi_attribute 30, 6
  11              		.eabi_attribute 34, 1
  12              		.eabi_attribute 18, 4
  13              		.thumb
  14              		.file	"DispenserResolver.c"
  15              		.text
  16              	.Ltext0:
  17              		.cfi_sections	.debug_frame
  18              		.comm	_g_respctxt,524,4
  19              		.section	.text.DispenserBufferResolver,"ax",%progbits
  20              		.align	2
  21              		.global	DispenserBufferResolver
  22              		.thumb
  23              		.thumb_func
  24              		.type	DispenserBufferResolver, %function
  25              	DispenserBufferResolver:
  26              	.LFB63:
  27              		.file 1 ".\\DispenserResolver.c"
   1:.\DispenserResolver.c **** /* ========================================
   2:.\DispenserResolver.c ****  *
   3:.\DispenserResolver.c ****  * Copyright INSEPET SISTEMAS, 2016
   4:.\DispenserResolver.c ****  * All Rights Reserved
   5:.\DispenserResolver.c ****  * UNPUBLISHED, LICENSED SOFTWARE.
   6:.\DispenserResolver.c ****  *
   7:.\DispenserResolver.c ****  * CONFIDENTIAL AND PROPRIETARY INFORMATION
   8:.\DispenserResolver.c ****  * WHICH IS THE PROPERTY OF your company.
   9:.\DispenserResolver.c ****  *
  10:.\DispenserResolver.c ****  * ========================================
  11:.\DispenserResolver.c **** @Created By: HIJH
  12:.\DispenserResolver.c **** @Date: Septembre de 2016
  13:.\DispenserResolver.c **** */
  14:.\DispenserResolver.c **** #include <project.h>
  15:.\DispenserResolver.c **** #include "GlobalDefinitions.h"
  16:.\DispenserResolver.c **** #include "SinkManager.h"
  17:.\DispenserResolver.c **** #include "SinkObservables.h"
  18:.\DispenserResolver.c **** #include "UARTManager.h"
  19:.\DispenserResolver.c **** #include "Dispenser.h"
  20:.\DispenserResolver.c **** 
  21:.\DispenserResolver.c **** PumpResponseContext _g_respctxt;
  22:.\DispenserResolver.c **** 
  23:.\DispenserResolver.c **** //@Created By: HIJH
  24:.\DispenserResolver.c **** //@Septembre de 2016
  25:.\DispenserResolver.c **** bool DispenserBufferResolver(char* pbuffer, uint16 buffersize)
  26:.\DispenserResolver.c **** {
  28              		.loc 1 26 0
  29              		.cfi_startproc
  30              		@ args = 0, pretend = 0, frame = 8
  31              		@ frame_needed = 1, uses_anonymous_args = 0
ARM GAS  C:\Users\RECEPC~1\AppData\Local\Temp\ccILLrVD.s 			page 2


  32 0000 80B5     		push	{r7, lr}
  33              		.cfi_def_cfa_offset 8
  34              		.cfi_offset 7, -8
  35              		.cfi_offset 14, -4
  36 0002 82B0     		sub	sp, sp, #8
  37              		.cfi_def_cfa_offset 16
  38 0004 00AF     		add	r7, sp, #0
  39              		.cfi_def_cfa_register 7
  40 0006 7860     		str	r0, [r7, #4]
  41 0008 0B46     		mov	r3, r1
  42 000a 7B80     		strh	r3, [r7, #2]	@ movhi
  27:.\DispenserResolver.c ****     if(_g_respctxt._responsesize > 0)
  43              		.loc 1 27 0
  44 000c 184B     		ldr	r3, .L5
  45 000e DB88     		ldrh	r3, [r3, #6]	@ movhi
  46 0010 9BB2     		uxth	r3, r3
  47 0012 002B     		cmp	r3, #0
  48 0014 07D0     		beq	.L2
  28:.\DispenserResolver.c ****     {
  29:.\DispenserResolver.c ****         if(buffersize < _g_respctxt._responsesize)
  49              		.loc 1 29 0
  50 0016 164B     		ldr	r3, .L5
  51 0018 DB88     		ldrh	r3, [r3, #6]	@ movhi
  52 001a 9BB2     		uxth	r3, r3
  53 001c 7A88     		ldrh	r2, [r7, #2]
  54 001e 9A42     		cmp	r2, r3
  55 0020 11D2     		bcs	.L3
  30:.\DispenserResolver.c ****             return false;
  56              		.loc 1 30 0
  57 0022 0023     		movs	r3, #0
  58 0024 1FE0     		b	.L4
  59              	.L2:
  31:.\DispenserResolver.c ****     }else{
  32:.\DispenserResolver.c ****         //This must be used in case of a response with dynamic payload size
  33:.\DispenserResolver.c ****         if(!_g_respctxt.ResponseSizeResolver(_g_respctxt._pparam, pbuffer, buffersize))
  60              		.loc 1 33 0
  61 0026 124B     		ldr	r3, .L5
  62 0028 9B68     		ldr	r3, [r3, #8]
  63 002a 114A     		ldr	r2, .L5
  64 002c 1168     		ldr	r1, [r2]
  65 002e 7A88     		ldrh	r2, [r7, #2]
  66 0030 0846     		mov	r0, r1
  67 0032 7968     		ldr	r1, [r7, #4]
  68 0034 9847     		blx	r3
  69 0036 0346     		mov	r3, r0
  70 0038 83F00103 		eor	r3, r3, #1
  71 003c DBB2     		uxtb	r3, r3
  72 003e 002B     		cmp	r3, #0
  73 0040 01D0     		beq	.L3
  34:.\DispenserResolver.c ****             return false;
  74              		.loc 1 34 0
  75 0042 0023     		movs	r3, #0
  76 0044 0FE0     		b	.L4
  77              	.L3:
  35:.\DispenserResolver.c ****     }
  36:.\DispenserResolver.c ****     
  37:.\DispenserResolver.c ****     memcpy(_g_respctxt._rxbuffer, pbuffer, buffersize);
ARM GAS  C:\Users\RECEPC~1\AppData\Local\Temp\ccILLrVD.s 			page 3


  78              		.loc 1 37 0
  79 0046 7B88     		ldrh	r3, [r7, #2]
  80 0048 0A48     		ldr	r0, .L5+4
  81 004a 7968     		ldr	r1, [r7, #4]
  82 004c 1A46     		mov	r2, r3
  83 004e FFF7FEFF 		bl	memcpy
  38:.\DispenserResolver.c ****     _g_respctxt._responsesize = buffersize;
  84              		.loc 1 38 0
  85 0052 074A     		ldr	r2, .L5
  86 0054 7B88     		ldrh	r3, [r7, #2]	@ movhi
  87 0056 D380     		strh	r3, [r2, #6]	@ movhi
  39:.\DispenserResolver.c ****     _g_respctxt._bufferready = true;
  88              		.loc 1 39 0
  89 0058 054B     		ldr	r3, .L5
  90 005a 0122     		movs	r2, #1
  91 005c 1A71     		strb	r2, [r3, #4]
  40:.\DispenserResolver.c ****     
  41:.\DispenserResolver.c ****     Dispenser_DisableRxInt();
  92              		.loc 1 41 0
  93 005e 064B     		ldr	r3, .L5+8
  94 0060 0222     		movs	r2, #2
  95 0062 1A60     		str	r2, [r3]
  42:.\DispenserResolver.c ****     
  43:.\DispenserResolver.c ****     return true;
  96              		.loc 1 43 0
  97 0064 0123     		movs	r3, #1
  98              	.L4:
  44:.\DispenserResolver.c **** }
  99              		.loc 1 44 0
 100 0066 1846     		mov	r0, r3
 101 0068 0837     		adds	r7, r7, #8
 102              		.cfi_def_cfa_offset 8
 103 006a BD46     		mov	sp, r7
 104              		.cfi_def_cfa_register 13
 105              		@ sp needed
 106 006c 80BD     		pop	{r7, pc}
 107              	.L6:
 108 006e 00BF     		.align	2
 109              	.L5:
 110 0070 00000000 		.word	_g_respctxt
 111 0074 0C000000 		.word	_g_respctxt+12
 112 0078 80E100E0 		.word	-536813184
 113              		.cfi_endproc
 114              	.LFE63:
 115              		.size	DispenserBufferResolver, .-DispenserBufferResolver
 116              		.section	.text.DispenserUARTSend,"ax",%progbits
 117              		.align	2
 118              		.global	DispenserUARTSend
 119              		.thumb
 120              		.thumb_func
 121              		.type	DispenserUARTSend, %function
 122              	DispenserUARTSend:
 123              	.LFB64:
  45:.\DispenserResolver.c **** 
  46:.\DispenserResolver.c **** /*
  47:.\DispenserResolver.c **** @GlobalUARTSend standard method used for the UART Manager
  48:.\DispenserResolver.c **** @Created by: HIJH
ARM GAS  C:\Users\RECEPC~1\AppData\Local\Temp\ccILLrVD.s 			page 4


  49:.\DispenserResolver.c **** @Date: Août 30 de 2016
  50:.\DispenserResolver.c **** Since all of the communications are posted through the same channel, the state machine carry all of
  51:.\DispenserResolver.c **** flags required to notify through the layers.
  52:.\DispenserResolver.c **** 
  53:.\DispenserResolver.c **** The time interval between Words shall be at least 68 msec according to the documentation
  54:.\DispenserResolver.c **** 
  55:.\DispenserResolver.c **** DO NOT USE "CyDelay*" FUNCTIONS SINCE IT HAS BEEN PROVEN THAT THOSE FUNCTIONS GENERATE A DEADLOCK A
  56:.\DispenserResolver.c **** POINT. ACCORDING TO THE DOCUMENTATION MAYBE IT IS SOMETHING RELATED WITH THE CURRENT FREQ THAT NEED
  57:.\DispenserResolver.c **** BE DEFINED THROUGH A CALL TO "CyDelayFreq".
  58:.\DispenserResolver.c **** */
  59:.\DispenserResolver.c **** void DispenserUARTSend(void *ptr)
  60:.\DispenserResolver.c **** {
 124              		.loc 1 60 0
 125              		.cfi_startproc
 126              		@ args = 0, pretend = 0, frame = 16
 127              		@ frame_needed = 1, uses_anonymous_args = 0
 128 0000 80B5     		push	{r7, lr}
 129              		.cfi_def_cfa_offset 8
 130              		.cfi_offset 7, -8
 131              		.cfi_offset 14, -4
 132 0002 84B0     		sub	sp, sp, #16
 133              		.cfi_def_cfa_offset 24
 134 0004 00AF     		add	r7, sp, #0
 135              		.cfi_def_cfa_register 7
 136 0006 7860     		str	r0, [r7, #4]
  61:.\DispenserResolver.c ****     PUARTMESSAGEPTR pmessage = (PUARTMESSAGEPTR)ptr;
 137              		.loc 1 61 0
 138 0008 7B68     		ldr	r3, [r7, #4]
 139 000a BB60     		str	r3, [r7, #8]
  62:.\DispenserResolver.c ****     if(pmessage)
 140              		.loc 1 62 0
 141 000c BB68     		ldr	r3, [r7, #8]
 142 000e 002B     		cmp	r3, #0
 143 0010 1CD0     		beq	.L7
 144              	.LBB2:
  63:.\DispenserResolver.c ****     {
  64:.\DispenserResolver.c ****         _INTERFRAME_WAIT_;
 145              		.loc 1 64 0
 146 0012 3220     		movs	r0, #50
 147 0014 FFF7FEFF 		bl	CyDelay
  65:.\DispenserResolver.c ****         FOR(uint8 index = 0, index < pmessage->_messagelength, index++)
 148              		.loc 1 65 0
 149 0018 0023     		movs	r3, #0
 150 001a FB73     		strb	r3, [r7, #15]
 151 001c 0FE0     		b	.L9
 152              	.L10:
  66:.\DispenserResolver.c ****         {
  67:.\DispenserResolver.c ****             pmessage->_puartmanager->PutChar(pmessage->_messagetx[index]);
 153              		.loc 1 67 0 discriminator 3
 154 001e BB68     		ldr	r3, [r7, #8]
 155 0020 D3F80831 		ldr	r3, [r3, #264]
 156 0024 9B6B     		ldr	r3, [r3, #56]
 157 0026 FA7B     		ldrb	r2, [r7, #15]	@ zero_extendqisi2
 158 0028 B968     		ldr	r1, [r7, #8]
 159 002a 0A44     		add	r2, r2, r1
 160 002c 1279     		ldrb	r2, [r2, #4]	@ zero_extendqisi2
 161 002e 1046     		mov	r0, r2
ARM GAS  C:\Users\RECEPC~1\AppData\Local\Temp\ccILLrVD.s 			page 5


 162 0030 9847     		blx	r3
  68:.\DispenserResolver.c ****             _INTERWORD_WAIT_;
 163              		.loc 1 68 0 discriminator 3
 164 0032 0120     		movs	r0, #1
 165 0034 FFF7FEFF 		bl	CyDelay
  65:.\DispenserResolver.c ****         FOR(uint8 index = 0, index < pmessage->_messagelength, index++)
 166              		.loc 1 65 0 discriminator 3
 167 0038 FB7B     		ldrb	r3, [r7, #15]	@ zero_extendqisi2
 168 003a 0133     		adds	r3, r3, #1
 169 003c FB73     		strb	r3, [r7, #15]
 170              	.L9:
  65:.\DispenserResolver.c ****         FOR(uint8 index = 0, index < pmessage->_messagelength, index++)
 171              		.loc 1 65 0 is_stmt 0 discriminator 1
 172 003e FB7B     		ldrb	r3, [r7, #15]	@ zero_extendqisi2
 173 0040 9AB2     		uxth	r2, r3
 174 0042 BB68     		ldr	r3, [r7, #8]
 175 0044 5B88     		ldrh	r3, [r3, #2]	@ movhi
 176 0046 9BB2     		uxth	r3, r3
 177 0048 9A42     		cmp	r2, r3
 178 004a E8D3     		bcc	.L10
 179              	.L7:
 180              	.LBE2:
  69:.\DispenserResolver.c ****         }
  70:.\DispenserResolver.c ****     }        
  71:.\DispenserResolver.c **** }
 181              		.loc 1 71 0 is_stmt 1
 182 004c 1037     		adds	r7, r7, #16
 183              		.cfi_def_cfa_offset 8
 184 004e BD46     		mov	sp, r7
 185              		.cfi_def_cfa_register 13
 186              		@ sp needed
 187 0050 80BD     		pop	{r7, pc}
 188              		.cfi_endproc
 189              	.LFE64:
 190              		.size	DispenserUARTSend, .-DispenserUARTSend
 191 0052 00BF     		.text
 192              	.Letext0:
 193              		.file 2 "c:\\program files (x86)\\cypress\\psoc creator\\3.3\\psoc creator\\import\\gnu\\arm\\4.9.
 194              		.file 3 "c:\\program files (x86)\\cypress\\psoc creator\\3.3\\psoc creator\\import\\gnu\\arm\\4.9.
 195              		.file 4 "Generated_Source\\PSoC5/cytypes.h"
 196              		.file 5 ".\\UARTManager.h"
 197              		.file 6 ".\\Encore.h"
 198              		.file 7 "Generated_Source\\PSoC5/core_cm3.h"
 199              		.section	.debug_info,"",%progbits
 200              	.Ldebug_info0:
 201 0000 31040000 		.4byte	0x431
 202 0004 0400     		.2byte	0x4
 203 0006 00000000 		.4byte	.Ldebug_abbrev0
 204 000a 04       		.byte	0x4
 205 000b 01       		.uleb128 0x1
 206 000c 16000000 		.4byte	.LASF62
 207 0010 01       		.byte	0x1
 208 0011 00000000 		.4byte	.LASF63
 209 0015 90020000 		.4byte	.LASF64
 210 0019 00000000 		.4byte	.Ldebug_ranges0+0
 211 001d 00000000 		.4byte	0
 212 0021 00000000 		.4byte	.Ldebug_line0
ARM GAS  C:\Users\RECEPC~1\AppData\Local\Temp\ccILLrVD.s 			page 6


 213 0025 02       		.uleb128 0x2
 214 0026 01       		.byte	0x1
 215 0027 06       		.byte	0x6
 216 0028 F5010000 		.4byte	.LASF0
 217 002c 02       		.uleb128 0x2
 218 002d 01       		.byte	0x1
 219 002e 08       		.byte	0x8
 220 002f D1010000 		.4byte	.LASF1
 221 0033 02       		.uleb128 0x2
 222 0034 02       		.byte	0x2
 223 0035 05       		.byte	0x5
 224 0036 E5000000 		.4byte	.LASF2
 225 003a 02       		.uleb128 0x2
 226 003b 02       		.byte	0x2
 227 003c 07       		.byte	0x7
 228 003d 7D020000 		.4byte	.LASF3
 229 0041 03       		.uleb128 0x3
 230 0042 68030000 		.4byte	.LASF9
 231 0046 02       		.byte	0x2
 232 0047 3F       		.byte	0x3f
 233 0048 4C000000 		.4byte	0x4c
 234 004c 02       		.uleb128 0x2
 235 004d 04       		.byte	0x4
 236 004e 05       		.byte	0x5
 237 004f 88010000 		.4byte	.LASF4
 238 0053 02       		.uleb128 0x2
 239 0054 04       		.byte	0x4
 240 0055 07       		.byte	0x7
 241 0056 40030000 		.4byte	.LASF5
 242 005a 02       		.uleb128 0x2
 243 005b 08       		.byte	0x8
 244 005c 05       		.byte	0x5
 245 005d 57010000 		.4byte	.LASF6
 246 0061 02       		.uleb128 0x2
 247 0062 08       		.byte	0x8
 248 0063 07       		.byte	0x7
 249 0064 01020000 		.4byte	.LASF7
 250 0068 04       		.uleb128 0x4
 251 0069 04       		.byte	0x4
 252 006a 05       		.byte	0x5
 253 006b 696E7400 		.ascii	"int\000"
 254 006f 02       		.uleb128 0x2
 255 0070 04       		.byte	0x4
 256 0071 07       		.byte	0x7
 257 0072 18020000 		.4byte	.LASF8
 258 0076 03       		.uleb128 0x3
 259 0077 6A020000 		.4byte	.LASF10
 260 007b 03       		.byte	0x3
 261 007c 2C       		.byte	0x2c
 262 007d 41000000 		.4byte	0x41
 263 0081 05       		.uleb128 0x5
 264 0082 39010000 		.4byte	.LASF11
 265 0086 04       		.byte	0x4
 266 0087 3801     		.2byte	0x138
 267 0089 2C000000 		.4byte	0x2c
 268 008d 05       		.uleb128 0x5
 269 008e 08010000 		.4byte	.LASF12
ARM GAS  C:\Users\RECEPC~1\AppData\Local\Temp\ccILLrVD.s 			page 7


 270 0092 04       		.byte	0x4
 271 0093 3901     		.2byte	0x139
 272 0095 3A000000 		.4byte	0x3a
 273 0099 05       		.uleb128 0x5
 274 009a 39030000 		.4byte	.LASF13
 275 009e 04       		.byte	0x4
 276 009f 3A01     		.2byte	0x13a
 277 00a1 53000000 		.4byte	0x53
 278 00a5 02       		.uleb128 0x2
 279 00a6 04       		.byte	0x4
 280 00a7 04       		.byte	0x4
 281 00a8 3F010000 		.4byte	.LASF14
 282 00ac 02       		.uleb128 0x2
 283 00ad 08       		.byte	0x8
 284 00ae 04       		.byte	0x4
 285 00af 52030000 		.4byte	.LASF15
 286 00b3 05       		.uleb128 0x5
 287 00b4 D7000000 		.4byte	.LASF16
 288 00b8 04       		.byte	0x4
 289 00b9 4901     		.2byte	0x149
 290 00bb BF000000 		.4byte	0xbf
 291 00bf 02       		.uleb128 0x2
 292 00c0 01       		.byte	0x1
 293 00c1 08       		.byte	0x8
 294 00c2 65020000 		.4byte	.LASF17
 295 00c6 06       		.uleb128 0x6
 296 00c7 81000000 		.4byte	0x81
 297 00cb 06       		.uleb128 0x6
 298 00cc 8D000000 		.4byte	0x8d
 299 00d0 05       		.uleb128 0x5
 300 00d1 30020000 		.4byte	.LASF18
 301 00d5 04       		.byte	0x4
 302 00d6 E401     		.2byte	0x1e4
 303 00d8 DC000000 		.4byte	0xdc
 304 00dc 06       		.uleb128 0x6
 305 00dd 99000000 		.4byte	0x99
 306 00e1 07       		.uleb128 0x7
 307 00e2 04       		.byte	0x4
 308 00e3 E7000000 		.4byte	0xe7
 309 00e7 08       		.uleb128 0x8
 310 00e8 02       		.uleb128 0x2
 311 00e9 04       		.byte	0x4
 312 00ea 07       		.byte	0x7
 313 00eb CE000000 		.4byte	.LASF19
 314 00ef 09       		.uleb128 0x9
 315 00f0 04       		.byte	0x4
 316 00f1 07       		.uleb128 0x7
 317 00f2 04       		.byte	0x4
 318 00f3 BF000000 		.4byte	0xbf
 319 00f7 02       		.uleb128 0x2
 320 00f8 08       		.byte	0x8
 321 00f9 04       		.byte	0x4
 322 00fa BD010000 		.4byte	.LASF20
 323 00fe 07       		.uleb128 0x7
 324 00ff 04       		.byte	0x4
 325 0100 B3000000 		.4byte	0xb3
 326 0104 06       		.uleb128 0x6
ARM GAS  C:\Users\RECEPC~1\AppData\Local\Temp\ccILLrVD.s 			page 8


 327 0105 09010000 		.4byte	0x109
 328 0109 02       		.uleb128 0x2
 329 010a 01       		.byte	0x1
 330 010b 02       		.byte	0x2
 331 010c FB020000 		.4byte	.LASF21
 332 0110 0A       		.uleb128 0xa
 333 0111 1B010000 		.4byte	0x11b
 334 0115 0B       		.uleb128 0xb
 335 0116 EF000000 		.4byte	0xef
 336 011a 00       		.byte	0
 337 011b 07       		.uleb128 0x7
 338 011c 04       		.byte	0x4
 339 011d 10010000 		.4byte	0x110
 340 0121 0C       		.uleb128 0xc
 341 0122 B4000000 		.4byte	.LASF42
 342 0126 4C       		.byte	0x4c
 343 0127 05       		.byte	0x5
 344 0128 2C       		.byte	0x2c
 345 0129 12020000 		.4byte	0x212
 346 012d 0D       		.uleb128 0xd
 347 012e 7F030000 		.4byte	.LASF22
 348 0132 05       		.byte	0x5
 349 0133 2E       		.byte	0x2e
 350 0134 81000000 		.4byte	0x81
 351 0138 00       		.byte	0
 352 0139 0D       		.uleb128 0xd
 353 013a 2A030000 		.4byte	.LASF23
 354 013e 05       		.byte	0x5
 355 013f 31       		.byte	0x31
 356 0140 1B010000 		.4byte	0x11b
 357 0144 04       		.byte	0x4
 358 0145 0D       		.uleb128 0xd
 359 0146 9B030000 		.4byte	.LASF24
 360 014a 05       		.byte	0x5
 361 014b 34       		.byte	0x34
 362 014c E1000000 		.4byte	0xe1
 363 0150 08       		.byte	0x8
 364 0151 0D       		.uleb128 0xd
 365 0152 72030000 		.4byte	.LASF25
 366 0156 05       		.byte	0x5
 367 0157 35       		.byte	0x35
 368 0158 E1000000 		.4byte	0xe1
 369 015c 0C       		.byte	0xc
 370 015d 0D       		.uleb128 0xd
 371 015e 51020000 		.4byte	.LASF26
 372 0162 05       		.byte	0x5
 373 0163 36       		.byte	0x36
 374 0164 17020000 		.4byte	0x217
 375 0168 10       		.byte	0x10
 376 0169 0D       		.uleb128 0xd
 377 016a 73010000 		.4byte	.LASF27
 378 016e 05       		.byte	0x5
 379 016f 37       		.byte	0x37
 380 0170 28020000 		.4byte	0x228
 381 0174 14       		.byte	0x14
 382 0175 0D       		.uleb128 0xd
 383 0176 72020000 		.4byte	.LASF28
ARM GAS  C:\Users\RECEPC~1\AppData\Local\Temp\ccILLrVD.s 			page 9


 384 017a 05       		.byte	0x5
 385 017b 39       		.byte	0x39
 386 017c 17020000 		.4byte	0x217
 387 0180 18       		.byte	0x18
 388 0181 0D       		.uleb128 0xd
 389 0182 15030000 		.4byte	.LASF29
 390 0186 05       		.byte	0x5
 391 0187 3A       		.byte	0x3a
 392 0188 17020000 		.4byte	0x217
 393 018c 1C       		.byte	0x1c
 394 018d 0D       		.uleb128 0xd
 395 018e 22030000 		.4byte	.LASF30
 396 0192 05       		.byte	0x5
 397 0193 3B       		.byte	0x3b
 398 0194 17020000 		.4byte	0x217
 399 0198 20       		.byte	0x20
 400 0199 0D       		.uleb128 0xd
 401 019a DF010000 		.4byte	.LASF31
 402 019e 05       		.byte	0x5
 403 019f 3C       		.byte	0x3c
 404 01a0 33020000 		.4byte	0x233
 405 01a4 24       		.byte	0x24
 406 01a5 0D       		.uleb128 0xd
 407 01a6 A4000000 		.4byte	.LASF32
 408 01aa 05       		.byte	0x5
 409 01ab 3D       		.byte	0x3d
 410 01ac 33020000 		.4byte	0x233
 411 01b0 28       		.byte	0x28
 412 01b1 0D       		.uleb128 0xd
 413 01b2 CD030000 		.4byte	.LASF33
 414 01b6 05       		.byte	0x5
 415 01b7 3E       		.byte	0x3e
 416 01b8 E1000000 		.4byte	0xe1
 417 01bc 2C       		.byte	0x2c
 418 01bd 0D       		.uleb128 0xd
 419 01be 0F010000 		.4byte	.LASF34
 420 01c2 05       		.byte	0x5
 421 01c3 40       		.byte	0x40
 422 01c4 28020000 		.4byte	0x228
 423 01c8 30       		.byte	0x30
 424 01c9 0D       		.uleb128 0xd
 425 01ca 9F010000 		.4byte	.LASF35
 426 01ce 05       		.byte	0x5
 427 01cf 41       		.byte	0x41
 428 01d0 17020000 		.4byte	0x217
 429 01d4 34       		.byte	0x34
 430 01d5 0D       		.uleb128 0xd
 431 01d6 C9010000 		.4byte	.LASF36
 432 01da 05       		.byte	0x5
 433 01db 42       		.byte	0x42
 434 01dc 28020000 		.4byte	0x228
 435 01e0 38       		.byte	0x38
 436 01e1 0D       		.uleb128 0xd
 437 01e2 C3030000 		.4byte	.LASF37
 438 01e6 05       		.byte	0x5
 439 01e7 43       		.byte	0x43
 440 01e8 4F020000 		.4byte	0x24f
ARM GAS  C:\Users\RECEPC~1\AppData\Local\Temp\ccILLrVD.s 			page 10


 441 01ec 3C       		.byte	0x3c
 442 01ed 0D       		.uleb128 0xd
 443 01ee E8030000 		.4byte	.LASF38
 444 01f2 05       		.byte	0x5
 445 01f3 44       		.byte	0x44
 446 01f4 70020000 		.4byte	0x270
 447 01f8 40       		.byte	0x40
 448 01f9 0D       		.uleb128 0xd
 449 01fa B5010000 		.4byte	.LASF39
 450 01fe 05       		.byte	0x5
 451 01ff 45       		.byte	0x45
 452 0200 28020000 		.4byte	0x228
 453 0204 44       		.byte	0x44
 454 0205 0D       		.uleb128 0xd
 455 0206 36020000 		.4byte	.LASF40
 456 020a 05       		.byte	0x5
 457 020b 46       		.byte	0x46
 458 020c E1000000 		.4byte	0xe1
 459 0210 48       		.byte	0x48
 460 0211 00       		.byte	0
 461 0212 0E       		.uleb128 0xe
 462 0213 81000000 		.4byte	0x81
 463 0217 07       		.uleb128 0x7
 464 0218 04       		.byte	0x4
 465 0219 12020000 		.4byte	0x212
 466 021d 0A       		.uleb128 0xa
 467 021e 28020000 		.4byte	0x228
 468 0222 0B       		.uleb128 0xb
 469 0223 81000000 		.4byte	0x81
 470 0227 00       		.byte	0
 471 0228 07       		.uleb128 0x7
 472 0229 04       		.byte	0x4
 473 022a 1D020000 		.4byte	0x21d
 474 022e 0E       		.uleb128 0xe
 475 022f 8D000000 		.4byte	0x8d
 476 0233 07       		.uleb128 0x7
 477 0234 04       		.byte	0x4
 478 0235 2E020000 		.4byte	0x22e
 479 0239 0A       		.uleb128 0xa
 480 023a 44020000 		.4byte	0x244
 481 023e 0B       		.uleb128 0xb
 482 023f 44020000 		.4byte	0x244
 483 0243 00       		.byte	0
 484 0244 07       		.uleb128 0x7
 485 0245 04       		.byte	0x4
 486 0246 4A020000 		.4byte	0x24a
 487 024a 0F       		.uleb128 0xf
 488 024b B3000000 		.4byte	0xb3
 489 024f 07       		.uleb128 0x7
 490 0250 04       		.byte	0x4
 491 0251 39020000 		.4byte	0x239
 492 0255 0A       		.uleb128 0xa
 493 0256 65020000 		.4byte	0x265
 494 025a 0B       		.uleb128 0xb
 495 025b 65020000 		.4byte	0x265
 496 025f 0B       		.uleb128 0xb
 497 0260 81000000 		.4byte	0x81
ARM GAS  C:\Users\RECEPC~1\AppData\Local\Temp\ccILLrVD.s 			page 11


 498 0264 00       		.byte	0
 499 0265 07       		.uleb128 0x7
 500 0266 04       		.byte	0x4
 501 0267 6B020000 		.4byte	0x26b
 502 026b 0F       		.uleb128 0xf
 503 026c 81000000 		.4byte	0x81
 504 0270 07       		.uleb128 0x7
 505 0271 04       		.byte	0x4
 506 0272 55020000 		.4byte	0x255
 507 0276 03       		.uleb128 0x3
 508 0277 EF020000 		.4byte	.LASF41
 509 027b 05       		.byte	0x5
 510 027c 48       		.byte	0x48
 511 027d 21010000 		.4byte	0x121
 512 0281 10       		.uleb128 0x10
 513 0282 59030000 		.4byte	.LASF43
 514 0286 0C01     		.2byte	0x10c
 515 0288 05       		.byte	0x5
 516 0289 59       		.byte	0x59
 517 028a CD020000 		.4byte	0x2cd
 518 028e 0D       		.uleb128 0xd
 519 028f 65010000 		.4byte	.LASF44
 520 0293 05       		.byte	0x5
 521 0294 5B       		.byte	0x5b
 522 0295 C6000000 		.4byte	0xc6
 523 0299 00       		.byte	0
 524 029a 0D       		.uleb128 0xd
 525 029b EF000000 		.4byte	.LASF45
 526 029f 05       		.byte	0x5
 527 02a0 5C       		.byte	0x5c
 528 02a1 CB000000 		.4byte	0xcb
 529 02a5 02       		.byte	0x2
 530 02a6 0D       		.uleb128 0xd
 531 02a7 25020000 		.4byte	.LASF46
 532 02ab 05       		.byte	0x5
 533 02ac 5D       		.byte	0x5d
 534 02ad CD020000 		.4byte	0x2cd
 535 02b1 04       		.byte	0x4
 536 02b2 11       		.uleb128 0x11
 537 02b3 44020000 		.4byte	.LASF47
 538 02b7 05       		.byte	0x5
 539 02b8 5E       		.byte	0x5e
 540 02b9 ED020000 		.4byte	0x2ed
 541 02bd 0401     		.2byte	0x104
 542 02bf 11       		.uleb128 0x11
 543 02c0 91010000 		.4byte	.LASF48
 544 02c4 05       		.byte	0x5
 545 02c5 60       		.byte	0x60
 546 02c6 F3020000 		.4byte	0x2f3
 547 02ca 0801     		.2byte	0x108
 548 02cc 00       		.byte	0
 549 02cd 12       		.uleb128 0x12
 550 02ce B3000000 		.4byte	0xb3
 551 02d2 DD020000 		.4byte	0x2dd
 552 02d6 13       		.uleb128 0x13
 553 02d7 E8000000 		.4byte	0xe8
 554 02db FF       		.byte	0xff
ARM GAS  C:\Users\RECEPC~1\AppData\Local\Temp\ccILLrVD.s 			page 12


 555 02dc 00       		.byte	0
 556 02dd 0A       		.uleb128 0xa
 557 02de ED020000 		.4byte	0x2ed
 558 02e2 0B       		.uleb128 0xb
 559 02e3 81000000 		.4byte	0x81
 560 02e7 0B       		.uleb128 0xb
 561 02e8 FE000000 		.4byte	0xfe
 562 02ec 00       		.byte	0
 563 02ed 07       		.uleb128 0x7
 564 02ee 04       		.byte	0x4
 565 02ef DD020000 		.4byte	0x2dd
 566 02f3 07       		.uleb128 0x7
 567 02f4 04       		.byte	0x4
 568 02f5 76020000 		.4byte	0x276
 569 02f9 03       		.uleb128 0x3
 570 02fa 8B030000 		.4byte	.LASF49
 571 02fe 05       		.byte	0x5
 572 02ff 61       		.byte	0x61
 573 0300 04030000 		.4byte	0x304
 574 0304 07       		.uleb128 0x7
 575 0305 04       		.byte	0x4
 576 0306 81020000 		.4byte	0x281
 577 030a 14       		.uleb128 0x14
 578 030b 09010000 		.4byte	0x109
 579 030f 23030000 		.4byte	0x323
 580 0313 0B       		.uleb128 0xb
 581 0314 EF000000 		.4byte	0xef
 582 0318 0B       		.uleb128 0xb
 583 0319 EF000000 		.4byte	0xef
 584 031d 0B       		.uleb128 0xb
 585 031e 8D000000 		.4byte	0x8d
 586 0322 00       		.byte	0
 587 0323 07       		.uleb128 0x7
 588 0324 04       		.byte	0x4
 589 0325 0A030000 		.4byte	0x30a
 590 0329 15       		.uleb128 0x15
 591 032a 0C02     		.2byte	0x20c
 592 032c 06       		.byte	0x6
 593 032d E201     		.2byte	0x1e2
 594 032f 75030000 		.4byte	0x375
 595 0333 16       		.uleb128 0x16
 596 0334 77030000 		.4byte	.LASF50
 597 0338 06       		.byte	0x6
 598 0339 E401     		.2byte	0x1e4
 599 033b EF000000 		.4byte	0xef
 600 033f 00       		.byte	0
 601 0340 16       		.uleb128 0x16
 602 0341 A1030000 		.4byte	.LASF51
 603 0345 06       		.byte	0x6
 604 0346 E501     		.2byte	0x1e5
 605 0348 04010000 		.4byte	0x104
 606 034c 04       		.byte	0x4
 607 034d 16       		.uleb128 0x16
 608 034e E7010000 		.4byte	.LASF52
 609 0352 06       		.byte	0x6
 610 0353 E601     		.2byte	0x1e6
 611 0355 CB000000 		.4byte	0xcb
ARM GAS  C:\Users\RECEPC~1\AppData\Local\Temp\ccILLrVD.s 			page 13


 612 0359 06       		.byte	0x6
 613 035a 16       		.uleb128 0x16
 614 035b AE030000 		.4byte	.LASF53
 615 035f 06       		.byte	0x6
 616 0360 E701     		.2byte	0x1e7
 617 0362 23030000 		.4byte	0x323
 618 0366 08       		.byte	0x8
 619 0367 16       		.uleb128 0x16
 620 0368 FE000000 		.4byte	.LASF54
 621 036c 06       		.byte	0x6
 622 036d E801     		.2byte	0x1e8
 623 036f 75030000 		.4byte	0x375
 624 0373 0C       		.byte	0xc
 625 0374 00       		.byte	0
 626 0375 12       		.uleb128 0x12
 627 0376 B3000000 		.4byte	0xb3
 628 037a 86030000 		.4byte	0x386
 629 037e 17       		.uleb128 0x17
 630 037f E8000000 		.4byte	0xe8
 631 0383 FF01     		.2byte	0x1ff
 632 0385 00       		.byte	0
 633 0386 05       		.uleb128 0x5
 634 0387 01030000 		.4byte	.LASF55
 635 038b 06       		.byte	0x6
 636 038c EA01     		.2byte	0x1ea
 637 038e 29030000 		.4byte	0x329
 638 0392 18       		.uleb128 0x18
 639 0393 21010000 		.4byte	.LASF65
 640 0397 01       		.byte	0x1
 641 0398 19       		.byte	0x19
 642 0399 09010000 		.4byte	0x109
 643 039d 00000000 		.4byte	.LFB63
 644 03a1 7C000000 		.4byte	.LFE63-.LFB63
 645 03a5 01       		.uleb128 0x1
 646 03a6 9C       		.byte	0x9c
 647 03a7 C8030000 		.4byte	0x3c8
 648 03ab 19       		.uleb128 0x19
 649 03ac DD000000 		.4byte	.LASF56
 650 03b0 01       		.byte	0x1
 651 03b1 19       		.byte	0x19
 652 03b2 F1000000 		.4byte	0xf1
 653 03b6 02       		.uleb128 0x2
 654 03b7 91       		.byte	0x91
 655 03b8 74       		.sleb128 -12
 656 03b9 19       		.uleb128 0x19
 657 03ba C3000000 		.4byte	.LASF57
 658 03be 01       		.byte	0x1
 659 03bf 19       		.byte	0x19
 660 03c0 8D000000 		.4byte	0x8d
 661 03c4 02       		.uleb128 0x2
 662 03c5 91       		.byte	0x91
 663 03c6 72       		.sleb128 -14
 664 03c7 00       		.byte	0
 665 03c8 1A       		.uleb128 0x1a
 666 03c9 45010000 		.4byte	.LASF66
 667 03cd 01       		.byte	0x1
 668 03ce 3B       		.byte	0x3b
ARM GAS  C:\Users\RECEPC~1\AppData\Local\Temp\ccILLrVD.s 			page 14


 669 03cf 00000000 		.4byte	.LFB64
 670 03d3 52000000 		.4byte	.LFE64-.LFB64
 671 03d7 01       		.uleb128 0x1
 672 03d8 9C       		.byte	0x9c
 673 03d9 12040000 		.4byte	0x412
 674 03dd 1B       		.uleb128 0x1b
 675 03de 70747200 		.ascii	"ptr\000"
 676 03e2 01       		.byte	0x1
 677 03e3 3B       		.byte	0x3b
 678 03e4 EF000000 		.4byte	0xef
 679 03e8 02       		.uleb128 0x2
 680 03e9 91       		.byte	0x91
 681 03ea 6C       		.sleb128 -20
 682 03eb 1C       		.uleb128 0x1c
 683 03ec AC010000 		.4byte	.LASF58
 684 03f0 01       		.byte	0x1
 685 03f1 3D       		.byte	0x3d
 686 03f2 F9020000 		.4byte	0x2f9
 687 03f6 02       		.uleb128 0x2
 688 03f7 91       		.byte	0x91
 689 03f8 70       		.sleb128 -16
 690 03f9 1D       		.uleb128 0x1d
 691 03fa 12000000 		.4byte	.LBB2
 692 03fe 3A000000 		.4byte	.LBE2-.LBB2
 693 0402 1C       		.uleb128 0x1c
 694 0403 1B010000 		.4byte	.LASF59
 695 0407 01       		.byte	0x1
 696 0408 41       		.byte	0x41
 697 0409 81000000 		.4byte	0x81
 698 040d 02       		.uleb128 0x2
 699 040e 91       		.byte	0x91
 700 040f 77       		.sleb128 -9
 701 0410 00       		.byte	0
 702 0411 00       		.byte	0
 703 0412 1E       		.uleb128 0x1e
 704 0413 DB030000 		.4byte	.LASF60
 705 0417 07       		.byte	0x7
 706 0418 5506     		.2byte	0x655
 707 041a 1E040000 		.4byte	0x41e
 708 041e 06       		.uleb128 0x6
 709 041f 76000000 		.4byte	0x76
 710 0423 1F       		.uleb128 0x1f
 711 0424 F1030000 		.4byte	.LASF61
 712 0428 01       		.byte	0x1
 713 0429 15       		.byte	0x15
 714 042a 86030000 		.4byte	0x386
 715 042e 05       		.uleb128 0x5
 716 042f 03       		.byte	0x3
 717 0430 00000000 		.4byte	_g_respctxt
 718 0434 00       		.byte	0
 719              		.section	.debug_abbrev,"",%progbits
 720              	.Ldebug_abbrev0:
 721 0000 01       		.uleb128 0x1
 722 0001 11       		.uleb128 0x11
 723 0002 01       		.byte	0x1
 724 0003 25       		.uleb128 0x25
 725 0004 0E       		.uleb128 0xe
ARM GAS  C:\Users\RECEPC~1\AppData\Local\Temp\ccILLrVD.s 			page 15


 726 0005 13       		.uleb128 0x13
 727 0006 0B       		.uleb128 0xb
 728 0007 03       		.uleb128 0x3
 729 0008 0E       		.uleb128 0xe
 730 0009 1B       		.uleb128 0x1b
 731 000a 0E       		.uleb128 0xe
 732 000b 55       		.uleb128 0x55
 733 000c 17       		.uleb128 0x17
 734 000d 11       		.uleb128 0x11
 735 000e 01       		.uleb128 0x1
 736 000f 10       		.uleb128 0x10
 737 0010 17       		.uleb128 0x17
 738 0011 00       		.byte	0
 739 0012 00       		.byte	0
 740 0013 02       		.uleb128 0x2
 741 0014 24       		.uleb128 0x24
 742 0015 00       		.byte	0
 743 0016 0B       		.uleb128 0xb
 744 0017 0B       		.uleb128 0xb
 745 0018 3E       		.uleb128 0x3e
 746 0019 0B       		.uleb128 0xb
 747 001a 03       		.uleb128 0x3
 748 001b 0E       		.uleb128 0xe
 749 001c 00       		.byte	0
 750 001d 00       		.byte	0
 751 001e 03       		.uleb128 0x3
 752 001f 16       		.uleb128 0x16
 753 0020 00       		.byte	0
 754 0021 03       		.uleb128 0x3
 755 0022 0E       		.uleb128 0xe
 756 0023 3A       		.uleb128 0x3a
 757 0024 0B       		.uleb128 0xb
 758 0025 3B       		.uleb128 0x3b
 759 0026 0B       		.uleb128 0xb
 760 0027 49       		.uleb128 0x49
 761 0028 13       		.uleb128 0x13
 762 0029 00       		.byte	0
 763 002a 00       		.byte	0
 764 002b 04       		.uleb128 0x4
 765 002c 24       		.uleb128 0x24
 766 002d 00       		.byte	0
 767 002e 0B       		.uleb128 0xb
 768 002f 0B       		.uleb128 0xb
 769 0030 3E       		.uleb128 0x3e
 770 0031 0B       		.uleb128 0xb
 771 0032 03       		.uleb128 0x3
 772 0033 08       		.uleb128 0x8
 773 0034 00       		.byte	0
 774 0035 00       		.byte	0
 775 0036 05       		.uleb128 0x5
 776 0037 16       		.uleb128 0x16
 777 0038 00       		.byte	0
 778 0039 03       		.uleb128 0x3
 779 003a 0E       		.uleb128 0xe
 780 003b 3A       		.uleb128 0x3a
 781 003c 0B       		.uleb128 0xb
 782 003d 3B       		.uleb128 0x3b
ARM GAS  C:\Users\RECEPC~1\AppData\Local\Temp\ccILLrVD.s 			page 16


 783 003e 05       		.uleb128 0x5
 784 003f 49       		.uleb128 0x49
 785 0040 13       		.uleb128 0x13
 786 0041 00       		.byte	0
 787 0042 00       		.byte	0
 788 0043 06       		.uleb128 0x6
 789 0044 35       		.uleb128 0x35
 790 0045 00       		.byte	0
 791 0046 49       		.uleb128 0x49
 792 0047 13       		.uleb128 0x13
 793 0048 00       		.byte	0
 794 0049 00       		.byte	0
 795 004a 07       		.uleb128 0x7
 796 004b 0F       		.uleb128 0xf
 797 004c 00       		.byte	0
 798 004d 0B       		.uleb128 0xb
 799 004e 0B       		.uleb128 0xb
 800 004f 49       		.uleb128 0x49
 801 0050 13       		.uleb128 0x13
 802 0051 00       		.byte	0
 803 0052 00       		.byte	0
 804 0053 08       		.uleb128 0x8
 805 0054 15       		.uleb128 0x15
 806 0055 00       		.byte	0
 807 0056 27       		.uleb128 0x27
 808 0057 19       		.uleb128 0x19
 809 0058 00       		.byte	0
 810 0059 00       		.byte	0
 811 005a 09       		.uleb128 0x9
 812 005b 0F       		.uleb128 0xf
 813 005c 00       		.byte	0
 814 005d 0B       		.uleb128 0xb
 815 005e 0B       		.uleb128 0xb
 816 005f 00       		.byte	0
 817 0060 00       		.byte	0
 818 0061 0A       		.uleb128 0xa
 819 0062 15       		.uleb128 0x15
 820 0063 01       		.byte	0x1
 821 0064 27       		.uleb128 0x27
 822 0065 19       		.uleb128 0x19
 823 0066 01       		.uleb128 0x1
 824 0067 13       		.uleb128 0x13
 825 0068 00       		.byte	0
 826 0069 00       		.byte	0
 827 006a 0B       		.uleb128 0xb
 828 006b 05       		.uleb128 0x5
 829 006c 00       		.byte	0
 830 006d 49       		.uleb128 0x49
 831 006e 13       		.uleb128 0x13
 832 006f 00       		.byte	0
 833 0070 00       		.byte	0
 834 0071 0C       		.uleb128 0xc
 835 0072 13       		.uleb128 0x13
 836 0073 01       		.byte	0x1
 837 0074 03       		.uleb128 0x3
 838 0075 0E       		.uleb128 0xe
 839 0076 0B       		.uleb128 0xb
ARM GAS  C:\Users\RECEPC~1\AppData\Local\Temp\ccILLrVD.s 			page 17


 840 0077 0B       		.uleb128 0xb
 841 0078 3A       		.uleb128 0x3a
 842 0079 0B       		.uleb128 0xb
 843 007a 3B       		.uleb128 0x3b
 844 007b 0B       		.uleb128 0xb
 845 007c 01       		.uleb128 0x1
 846 007d 13       		.uleb128 0x13
 847 007e 00       		.byte	0
 848 007f 00       		.byte	0
 849 0080 0D       		.uleb128 0xd
 850 0081 0D       		.uleb128 0xd
 851 0082 00       		.byte	0
 852 0083 03       		.uleb128 0x3
 853 0084 0E       		.uleb128 0xe
 854 0085 3A       		.uleb128 0x3a
 855 0086 0B       		.uleb128 0xb
 856 0087 3B       		.uleb128 0x3b
 857 0088 0B       		.uleb128 0xb
 858 0089 49       		.uleb128 0x49
 859 008a 13       		.uleb128 0x13
 860 008b 38       		.uleb128 0x38
 861 008c 0B       		.uleb128 0xb
 862 008d 00       		.byte	0
 863 008e 00       		.byte	0
 864 008f 0E       		.uleb128 0xe
 865 0090 15       		.uleb128 0x15
 866 0091 00       		.byte	0
 867 0092 27       		.uleb128 0x27
 868 0093 19       		.uleb128 0x19
 869 0094 49       		.uleb128 0x49
 870 0095 13       		.uleb128 0x13
 871 0096 00       		.byte	0
 872 0097 00       		.byte	0
 873 0098 0F       		.uleb128 0xf
 874 0099 26       		.uleb128 0x26
 875 009a 00       		.byte	0
 876 009b 49       		.uleb128 0x49
 877 009c 13       		.uleb128 0x13
 878 009d 00       		.byte	0
 879 009e 00       		.byte	0
 880 009f 10       		.uleb128 0x10
 881 00a0 13       		.uleb128 0x13
 882 00a1 01       		.byte	0x1
 883 00a2 03       		.uleb128 0x3
 884 00a3 0E       		.uleb128 0xe
 885 00a4 0B       		.uleb128 0xb
 886 00a5 05       		.uleb128 0x5
 887 00a6 3A       		.uleb128 0x3a
 888 00a7 0B       		.uleb128 0xb
 889 00a8 3B       		.uleb128 0x3b
 890 00a9 0B       		.uleb128 0xb
 891 00aa 01       		.uleb128 0x1
 892 00ab 13       		.uleb128 0x13
 893 00ac 00       		.byte	0
 894 00ad 00       		.byte	0
 895 00ae 11       		.uleb128 0x11
 896 00af 0D       		.uleb128 0xd
ARM GAS  C:\Users\RECEPC~1\AppData\Local\Temp\ccILLrVD.s 			page 18


 897 00b0 00       		.byte	0
 898 00b1 03       		.uleb128 0x3
 899 00b2 0E       		.uleb128 0xe
 900 00b3 3A       		.uleb128 0x3a
 901 00b4 0B       		.uleb128 0xb
 902 00b5 3B       		.uleb128 0x3b
 903 00b6 0B       		.uleb128 0xb
 904 00b7 49       		.uleb128 0x49
 905 00b8 13       		.uleb128 0x13
 906 00b9 38       		.uleb128 0x38
 907 00ba 05       		.uleb128 0x5
 908 00bb 00       		.byte	0
 909 00bc 00       		.byte	0
 910 00bd 12       		.uleb128 0x12
 911 00be 01       		.uleb128 0x1
 912 00bf 01       		.byte	0x1
 913 00c0 49       		.uleb128 0x49
 914 00c1 13       		.uleb128 0x13
 915 00c2 01       		.uleb128 0x1
 916 00c3 13       		.uleb128 0x13
 917 00c4 00       		.byte	0
 918 00c5 00       		.byte	0
 919 00c6 13       		.uleb128 0x13
 920 00c7 21       		.uleb128 0x21
 921 00c8 00       		.byte	0
 922 00c9 49       		.uleb128 0x49
 923 00ca 13       		.uleb128 0x13
 924 00cb 2F       		.uleb128 0x2f
 925 00cc 0B       		.uleb128 0xb
 926 00cd 00       		.byte	0
 927 00ce 00       		.byte	0
 928 00cf 14       		.uleb128 0x14
 929 00d0 15       		.uleb128 0x15
 930 00d1 01       		.byte	0x1
 931 00d2 27       		.uleb128 0x27
 932 00d3 19       		.uleb128 0x19
 933 00d4 49       		.uleb128 0x49
 934 00d5 13       		.uleb128 0x13
 935 00d6 01       		.uleb128 0x1
 936 00d7 13       		.uleb128 0x13
 937 00d8 00       		.byte	0
 938 00d9 00       		.byte	0
 939 00da 15       		.uleb128 0x15
 940 00db 13       		.uleb128 0x13
 941 00dc 01       		.byte	0x1
 942 00dd 0B       		.uleb128 0xb
 943 00de 05       		.uleb128 0x5
 944 00df 3A       		.uleb128 0x3a
 945 00e0 0B       		.uleb128 0xb
 946 00e1 3B       		.uleb128 0x3b
 947 00e2 05       		.uleb128 0x5
 948 00e3 01       		.uleb128 0x1
 949 00e4 13       		.uleb128 0x13
 950 00e5 00       		.byte	0
 951 00e6 00       		.byte	0
 952 00e7 16       		.uleb128 0x16
 953 00e8 0D       		.uleb128 0xd
ARM GAS  C:\Users\RECEPC~1\AppData\Local\Temp\ccILLrVD.s 			page 19


 954 00e9 00       		.byte	0
 955 00ea 03       		.uleb128 0x3
 956 00eb 0E       		.uleb128 0xe
 957 00ec 3A       		.uleb128 0x3a
 958 00ed 0B       		.uleb128 0xb
 959 00ee 3B       		.uleb128 0x3b
 960 00ef 05       		.uleb128 0x5
 961 00f0 49       		.uleb128 0x49
 962 00f1 13       		.uleb128 0x13
 963 00f2 38       		.uleb128 0x38
 964 00f3 0B       		.uleb128 0xb
 965 00f4 00       		.byte	0
 966 00f5 00       		.byte	0
 967 00f6 17       		.uleb128 0x17
 968 00f7 21       		.uleb128 0x21
 969 00f8 00       		.byte	0
 970 00f9 49       		.uleb128 0x49
 971 00fa 13       		.uleb128 0x13
 972 00fb 2F       		.uleb128 0x2f
 973 00fc 05       		.uleb128 0x5
 974 00fd 00       		.byte	0
 975 00fe 00       		.byte	0
 976 00ff 18       		.uleb128 0x18
 977 0100 2E       		.uleb128 0x2e
 978 0101 01       		.byte	0x1
 979 0102 3F       		.uleb128 0x3f
 980 0103 19       		.uleb128 0x19
 981 0104 03       		.uleb128 0x3
 982 0105 0E       		.uleb128 0xe
 983 0106 3A       		.uleb128 0x3a
 984 0107 0B       		.uleb128 0xb
 985 0108 3B       		.uleb128 0x3b
 986 0109 0B       		.uleb128 0xb
 987 010a 27       		.uleb128 0x27
 988 010b 19       		.uleb128 0x19
 989 010c 49       		.uleb128 0x49
 990 010d 13       		.uleb128 0x13
 991 010e 11       		.uleb128 0x11
 992 010f 01       		.uleb128 0x1
 993 0110 12       		.uleb128 0x12
 994 0111 06       		.uleb128 0x6
 995 0112 40       		.uleb128 0x40
 996 0113 18       		.uleb128 0x18
 997 0114 9642     		.uleb128 0x2116
 998 0116 19       		.uleb128 0x19
 999 0117 01       		.uleb128 0x1
 1000 0118 13       		.uleb128 0x13
 1001 0119 00       		.byte	0
 1002 011a 00       		.byte	0
 1003 011b 19       		.uleb128 0x19
 1004 011c 05       		.uleb128 0x5
 1005 011d 00       		.byte	0
 1006 011e 03       		.uleb128 0x3
 1007 011f 0E       		.uleb128 0xe
 1008 0120 3A       		.uleb128 0x3a
 1009 0121 0B       		.uleb128 0xb
 1010 0122 3B       		.uleb128 0x3b
ARM GAS  C:\Users\RECEPC~1\AppData\Local\Temp\ccILLrVD.s 			page 20


 1011 0123 0B       		.uleb128 0xb
 1012 0124 49       		.uleb128 0x49
 1013 0125 13       		.uleb128 0x13
 1014 0126 02       		.uleb128 0x2
 1015 0127 18       		.uleb128 0x18
 1016 0128 00       		.byte	0
 1017 0129 00       		.byte	0
 1018 012a 1A       		.uleb128 0x1a
 1019 012b 2E       		.uleb128 0x2e
 1020 012c 01       		.byte	0x1
 1021 012d 3F       		.uleb128 0x3f
 1022 012e 19       		.uleb128 0x19
 1023 012f 03       		.uleb128 0x3
 1024 0130 0E       		.uleb128 0xe
 1025 0131 3A       		.uleb128 0x3a
 1026 0132 0B       		.uleb128 0xb
 1027 0133 3B       		.uleb128 0x3b
 1028 0134 0B       		.uleb128 0xb
 1029 0135 27       		.uleb128 0x27
 1030 0136 19       		.uleb128 0x19
 1031 0137 11       		.uleb128 0x11
 1032 0138 01       		.uleb128 0x1
 1033 0139 12       		.uleb128 0x12
 1034 013a 06       		.uleb128 0x6
 1035 013b 40       		.uleb128 0x40
 1036 013c 18       		.uleb128 0x18
 1037 013d 9642     		.uleb128 0x2116
 1038 013f 19       		.uleb128 0x19
 1039 0140 01       		.uleb128 0x1
 1040 0141 13       		.uleb128 0x13
 1041 0142 00       		.byte	0
 1042 0143 00       		.byte	0
 1043 0144 1B       		.uleb128 0x1b
 1044 0145 05       		.uleb128 0x5
 1045 0146 00       		.byte	0
 1046 0147 03       		.uleb128 0x3
 1047 0148 08       		.uleb128 0x8
 1048 0149 3A       		.uleb128 0x3a
 1049 014a 0B       		.uleb128 0xb
 1050 014b 3B       		.uleb128 0x3b
 1051 014c 0B       		.uleb128 0xb
 1052 014d 49       		.uleb128 0x49
 1053 014e 13       		.uleb128 0x13
 1054 014f 02       		.uleb128 0x2
 1055 0150 18       		.uleb128 0x18
 1056 0151 00       		.byte	0
 1057 0152 00       		.byte	0
 1058 0153 1C       		.uleb128 0x1c
 1059 0154 34       		.uleb128 0x34
 1060 0155 00       		.byte	0
 1061 0156 03       		.uleb128 0x3
 1062 0157 0E       		.uleb128 0xe
 1063 0158 3A       		.uleb128 0x3a
 1064 0159 0B       		.uleb128 0xb
 1065 015a 3B       		.uleb128 0x3b
 1066 015b 0B       		.uleb128 0xb
 1067 015c 49       		.uleb128 0x49
ARM GAS  C:\Users\RECEPC~1\AppData\Local\Temp\ccILLrVD.s 			page 21


 1068 015d 13       		.uleb128 0x13
 1069 015e 02       		.uleb128 0x2
 1070 015f 18       		.uleb128 0x18
 1071 0160 00       		.byte	0
 1072 0161 00       		.byte	0
 1073 0162 1D       		.uleb128 0x1d
 1074 0163 0B       		.uleb128 0xb
 1075 0164 01       		.byte	0x1
 1076 0165 11       		.uleb128 0x11
 1077 0166 01       		.uleb128 0x1
 1078 0167 12       		.uleb128 0x12
 1079 0168 06       		.uleb128 0x6
 1080 0169 00       		.byte	0
 1081 016a 00       		.byte	0
 1082 016b 1E       		.uleb128 0x1e
 1083 016c 34       		.uleb128 0x34
 1084 016d 00       		.byte	0
 1085 016e 03       		.uleb128 0x3
 1086 016f 0E       		.uleb128 0xe
 1087 0170 3A       		.uleb128 0x3a
 1088 0171 0B       		.uleb128 0xb
 1089 0172 3B       		.uleb128 0x3b
 1090 0173 05       		.uleb128 0x5
 1091 0174 49       		.uleb128 0x49
 1092 0175 13       		.uleb128 0x13
 1093 0176 3F       		.uleb128 0x3f
 1094 0177 19       		.uleb128 0x19
 1095 0178 3C       		.uleb128 0x3c
 1096 0179 19       		.uleb128 0x19
 1097 017a 00       		.byte	0
 1098 017b 00       		.byte	0
 1099 017c 1F       		.uleb128 0x1f
 1100 017d 34       		.uleb128 0x34
 1101 017e 00       		.byte	0
 1102 017f 03       		.uleb128 0x3
 1103 0180 0E       		.uleb128 0xe
 1104 0181 3A       		.uleb128 0x3a
 1105 0182 0B       		.uleb128 0xb
 1106 0183 3B       		.uleb128 0x3b
 1107 0184 0B       		.uleb128 0xb
 1108 0185 49       		.uleb128 0x49
 1109 0186 13       		.uleb128 0x13
 1110 0187 3F       		.uleb128 0x3f
 1111 0188 19       		.uleb128 0x19
 1112 0189 02       		.uleb128 0x2
 1113 018a 18       		.uleb128 0x18
 1114 018b 00       		.byte	0
 1115 018c 00       		.byte	0
 1116 018d 00       		.byte	0
 1117              		.section	.debug_aranges,"",%progbits
 1118 0000 24000000 		.4byte	0x24
 1119 0004 0200     		.2byte	0x2
 1120 0006 00000000 		.4byte	.Ldebug_info0
 1121 000a 04       		.byte	0x4
 1122 000b 00       		.byte	0
 1123 000c 0000     		.2byte	0
 1124 000e 0000     		.2byte	0
ARM GAS  C:\Users\RECEPC~1\AppData\Local\Temp\ccILLrVD.s 			page 22


 1125 0010 00000000 		.4byte	.LFB63
 1126 0014 7C000000 		.4byte	.LFE63-.LFB63
 1127 0018 00000000 		.4byte	.LFB64
 1128 001c 52000000 		.4byte	.LFE64-.LFB64
 1129 0020 00000000 		.4byte	0
 1130 0024 00000000 		.4byte	0
 1131              		.section	.debug_ranges,"",%progbits
 1132              	.Ldebug_ranges0:
 1133 0000 00000000 		.4byte	.LFB63
 1134 0004 7C000000 		.4byte	.LFE63
 1135 0008 00000000 		.4byte	.LFB64
 1136 000c 52000000 		.4byte	.LFE64
 1137 0010 00000000 		.4byte	0
 1138 0014 00000000 		.4byte	0
 1139              		.section	.debug_line,"",%progbits
 1140              	.Ldebug_line0:
 1141 0000 C1010000 		.section	.debug_str,"MS",%progbits,1
 1141      02007701 
 1141      00000201 
 1141      FB0E0D00 
 1141      01010101 
 1142              	.LASF63:
 1143 0000 2E5C4469 		.ascii	".\\DispenserResolver.c\000"
 1143      7370656E 
 1143      73657252 
 1143      65736F6C 
 1143      7665722E 
 1144              	.LASF62:
 1145 0016 474E5520 		.ascii	"GNU C 4.9.3 20150303 (release) [ARM/embedded-4_9-br"
 1145      4320342E 
 1145      392E3320 
 1145      32303135 
 1145      30333033 
 1146 0049 616E6368 		.ascii	"anch revision 221220] -mcpu=cortex-m3 -mthumb -g -O"
 1146      20726576 
 1146      6973696F 
 1146      6E203232 
 1146      31323230 
 1147 007c 30202D66 		.ascii	"0 -ffunction-sections -ffat-lto-objects\000"
 1147      66756E63 
 1147      74696F6E 
 1147      2D736563 
 1147      74696F6E 
 1148              	.LASF32:
 1149 00a4 47657452 		.ascii	"GetRxBufferSize\000"
 1149      78427566 
 1149      66657253 
 1149      697A6500 
 1150              	.LASF42:
 1151 00b4 5F554152 		.ascii	"_UART_MANAGER_\000"
 1151      545F4D41 
 1151      4E414745 
 1151      525F00
 1152              	.LASF57:
 1153 00c3 62756666 		.ascii	"buffersize\000"
 1153      65727369 
 1153      7A6500
ARM GAS  C:\Users\RECEPC~1\AppData\Local\Temp\ccILLrVD.s 			page 23


 1154              	.LASF19:
 1155 00ce 73697A65 		.ascii	"sizetype\000"
 1155      74797065 
 1155      00
 1156              	.LASF16:
 1157 00d7 63686172 		.ascii	"char8\000"
 1157      3800
 1158              	.LASF56:
 1159 00dd 70627566 		.ascii	"pbuffer\000"
 1159      66657200 
 1160              	.LASF2:
 1161 00e5 73686F72 		.ascii	"short int\000"
 1161      7420696E 
 1161      7400
 1162              	.LASF45:
 1163 00ef 5F6D6573 		.ascii	"_messagelength\000"
 1163      73616765 
 1163      6C656E67 
 1163      746800
 1164              	.LASF54:
 1165 00fe 5F727862 		.ascii	"_rxbuffer\000"
 1165      75666665 
 1165      7200
 1166              	.LASF12:
 1167 0108 75696E74 		.ascii	"uint16\000"
 1167      313600
 1168              	.LASF34:
 1169 010f 57726974 		.ascii	"WriteTxData\000"
 1169      65547844 
 1169      61746100 
 1170              	.LASF59:
 1171 011b 696E6465 		.ascii	"index\000"
 1171      7800
 1172              	.LASF65:
 1173 0121 44697370 		.ascii	"DispenserBufferResolver\000"
 1173      656E7365 
 1173      72427566 
 1173      66657252 
 1173      65736F6C 
 1174              	.LASF11:
 1175 0139 75696E74 		.ascii	"uint8\000"
 1175      3800
 1176              	.LASF14:
 1177 013f 666C6F61 		.ascii	"float\000"
 1177      7400
 1178              	.LASF66:
 1179 0145 44697370 		.ascii	"DispenserUARTSend\000"
 1179      656E7365 
 1179      72554152 
 1179      5453656E 
 1179      6400
 1180              	.LASF6:
 1181 0157 6C6F6E67 		.ascii	"long long int\000"
 1181      206C6F6E 
 1181      6720696E 
 1181      7400
 1182              	.LASF44:
ARM GAS  C:\Users\RECEPC~1\AppData\Local\Temp\ccILLrVD.s 			page 24


 1183 0165 5F6D6573 		.ascii	"_messagestate\000"
 1183      73616765 
 1183      73746174 
 1183      6500
 1184              	.LASF27:
 1185 0173 57726974 		.ascii	"WriteControlRegister\000"
 1185      65436F6E 
 1185      74726F6C 
 1185      52656769 
 1185      73746572 
 1186              	.LASF4:
 1187 0188 6C6F6E67 		.ascii	"long int\000"
 1187      20696E74 
 1187      00
 1188              	.LASF48:
 1189 0191 5F707561 		.ascii	"_puartmanager\000"
 1189      72746D61 
 1189      6E616765 
 1189      7200
 1190              	.LASF35:
 1191 019f 52656164 		.ascii	"ReadTxStatus\000"
 1191      54785374 
 1191      61747573 
 1191      00
 1192              	.LASF58:
 1193 01ac 706D6573 		.ascii	"pmessage\000"
 1193      73616765 
 1193      00
 1194              	.LASF39:
 1195 01b5 50757443 		.ascii	"PutCRLF\000"
 1195      524C4600 
 1196              	.LASF20:
 1197 01bd 6C6F6E67 		.ascii	"long double\000"
 1197      20646F75 
 1197      626C6500 
 1198              	.LASF36:
 1199 01c9 50757443 		.ascii	"PutChar\000"
 1199      68617200 
 1200              	.LASF1:
 1201 01d1 756E7369 		.ascii	"unsigned char\000"
 1201      676E6564 
 1201      20636861 
 1201      7200
 1202              	.LASF31:
 1203 01df 47657442 		.ascii	"GetByte\000"
 1203      79746500 
 1204              	.LASF52:
 1205 01e7 5F726573 		.ascii	"_responsesize\000"
 1205      706F6E73 
 1205      6573697A 
 1205      6500
 1206              	.LASF0:
 1207 01f5 7369676E 		.ascii	"signed char\000"
 1207      65642063 
 1207      68617200 
 1208              	.LASF7:
 1209 0201 6C6F6E67 		.ascii	"long long unsigned int\000"
ARM GAS  C:\Users\RECEPC~1\AppData\Local\Temp\ccILLrVD.s 			page 25


 1209      206C6F6E 
 1209      6720756E 
 1209      7369676E 
 1209      65642069 
 1210              	.LASF8:
 1211 0218 756E7369 		.ascii	"unsigned int\000"
 1211      676E6564 
 1211      20696E74 
 1211      00
 1212              	.LASF46:
 1213 0225 5F6D6573 		.ascii	"_messagetx\000"
 1213      73616765 
 1213      747800
 1214              	.LASF18:
 1215 0230 72656733 		.ascii	"reg32\000"
 1215      3200
 1216              	.LASF40:
 1217 0236 436C6561 		.ascii	"ClearTxBuffer\000"
 1217      72547842 
 1217      75666665 
 1217      7200
 1218              	.LASF47:
 1219 0244 4572726F 		.ascii	"ErrorHandler\000"
 1219      7248616E 
 1219      646C6572 
 1219      00
 1220              	.LASF26:
 1221 0251 52656164 		.ascii	"ReadControlRegister\000"
 1221      436F6E74 
 1221      726F6C52 
 1221      65676973 
 1221      74657200 
 1222              	.LASF17:
 1223 0265 63686172 		.ascii	"char\000"
 1223      00
 1224              	.LASF10:
 1225 026a 696E7433 		.ascii	"int32_t\000"
 1225      325F7400 
 1226              	.LASF28:
 1227 0272 52656164 		.ascii	"ReadRxData\000"
 1227      52784461 
 1227      746100
 1228              	.LASF3:
 1229 027d 73686F72 		.ascii	"short unsigned int\000"
 1229      7420756E 
 1229      7369676E 
 1229      65642069 
 1229      6E7400
 1230              	.LASF64:
 1231 0290 433A5C54 		.ascii	"C:\\TeamInsepet\\NSX-Prime\\Hardware\\CorEx-MUX-Ker"
 1231      65616D49 
 1231      6E736570 
 1231      65745C4E 
 1231      53582D50 
 1232 02bf 6E656C2D 		.ascii	"nel-Enhanced\\Workspace01\\CorEx-Mux-Kernel.cydsn\000"
 1232      456E6861 
 1232      6E636564 
ARM GAS  C:\Users\RECEPC~1\AppData\Local\Temp\ccILLrVD.s 			page 26


 1232      5C576F72 
 1232      6B737061 
 1233              	.LASF41:
 1234 02ef 55415254 		.ascii	"UARTManager\000"
 1234      4D616E61 
 1234      67657200 
 1235              	.LASF21:
 1236 02fb 5F426F6F 		.ascii	"_Bool\000"
 1236      6C00
 1237              	.LASF55:
 1238 0301 50756D70 		.ascii	"PumpResponseContext\000"
 1238      52657370 
 1238      6F6E7365 
 1238      436F6E74 
 1238      65787400 
 1239              	.LASF29:
 1240 0315 52656164 		.ascii	"ReadRxStatus\000"
 1240      52785374 
 1240      61747573 
 1240      00
 1241              	.LASF30:
 1242 0322 47657443 		.ascii	"GetChar\000"
 1242      68617200 
 1243              	.LASF23:
 1244 032a 43757374 		.ascii	"CustomUARTSend\000"
 1244      6F6D5541 
 1244      52545365 
 1244      6E6400
 1245              	.LASF13:
 1246 0339 75696E74 		.ascii	"uint32\000"
 1246      333200
 1247              	.LASF5:
 1248 0340 6C6F6E67 		.ascii	"long unsigned int\000"
 1248      20756E73 
 1248      69676E65 
 1248      6420696E 
 1248      7400
 1249              	.LASF15:
 1250 0352 646F7562 		.ascii	"double\000"
 1250      6C6500
 1251              	.LASF43:
 1252 0359 5F554152 		.ascii	"_UART_MESSAGE_\000"
 1252      545F4D45 
 1252      53534147 
 1252      455F00
 1253              	.LASF9:
 1254 0368 5F5F696E 		.ascii	"__int32_t\000"
 1254      7433325F 
 1254      7400
 1255              	.LASF25:
 1256 0372 53746F70 		.ascii	"Stop\000"
 1256      00
 1257              	.LASF50:
 1258 0377 5F707061 		.ascii	"_pparam\000"
 1258      72616D00 
 1259              	.LASF22:
 1260 037f 5F696465 		.ascii	"_identifier\000"
ARM GAS  C:\Users\RECEPC~1\AppData\Local\Temp\ccILLrVD.s 			page 27


 1260      6E746966 
 1260      69657200 
 1261              	.LASF49:
 1262 038b 50554152 		.ascii	"PUARTMESSAGEPTR\000"
 1262      544D4553 
 1262      53414745 
 1262      50545200 
 1263              	.LASF24:
 1264 039b 53746172 		.ascii	"Start\000"
 1264      7400
 1265              	.LASF51:
 1266 03a1 5F627566 		.ascii	"_bufferready\000"
 1266      66657272 
 1266      65616479 
 1266      00
 1267              	.LASF53:
 1268 03ae 52657370 		.ascii	"ResponseSizeResolver\000"
 1268      6F6E7365 
 1268      53697A65 
 1268      5265736F 
 1268      6C766572 
 1269              	.LASF37:
 1270 03c3 50757453 		.ascii	"PutString\000"
 1270      7472696E 
 1270      6700
 1271              	.LASF33:
 1272 03cd 436C6561 		.ascii	"ClearRxBuffer\000"
 1272      72527842 
 1272      75666665 
 1272      7200
 1273              	.LASF60:
 1274 03db 49544D5F 		.ascii	"ITM_RxBuffer\000"
 1274      52784275 
 1274      66666572 
 1274      00
 1275              	.LASF38:
 1276 03e8 50757441 		.ascii	"PutArray\000"
 1276      72726179 
 1276      00
 1277              	.LASF61:
 1278 03f1 5F675F72 		.ascii	"_g_respctxt\000"
 1278      65737063 
 1278      74787400 
 1279              		.ident	"GCC: (GNU Tools for ARM Embedded Processors) 4.9.3 20150303 (release) [ARM/embedded-4_9-br
