ARM GAS  C:\Users\RECEPC~1\AppData\Local\Temp\cczK7Y4l.s 			page 1


   1              		.syntax unified
   2              		.cpu cortex-m3
   3              		.fpu softvfp
   4              		.eabi_attribute 20, 1
   5              		.eabi_attribute 21, 1
   6              		.eabi_attribute 23, 3
   7              		.eabi_attribute 24, 1
   8              		.eabi_attribute 25, 1
   9              		.eabi_attribute 26, 1
  10              		.eabi_attribute 30, 6
  11              		.eabi_attribute 34, 1
  12              		.eabi_attribute 18, 4
  13              		.thumb
  14              		.file	"Display2_INT.c"
  15              		.text
  16              	.Ltext0:
  17              		.cfi_sections	.debug_frame
  18              		.section	.text.Display2_RXISR,"ax",%progbits
  19              		.align	2
  20              		.global	Display2_RXISR
  21              		.thumb
  22              		.thumb_func
  23              		.type	Display2_RXISR, %function
  24              	Display2_RXISR:
  25              	.LFB0:
  26              		.file 1 ".\\Generated_Source\\PSoC5\\Display2_INT.c"
   1:.\Generated_Source\PSoC5/Display2_INT.c **** /*******************************************************************************
   2:.\Generated_Source\PSoC5/Display2_INT.c **** * File Name: Display2INT.c
   3:.\Generated_Source\PSoC5/Display2_INT.c **** * Version 2.50
   4:.\Generated_Source\PSoC5/Display2_INT.c **** *
   5:.\Generated_Source\PSoC5/Display2_INT.c **** * Description:
   6:.\Generated_Source\PSoC5/Display2_INT.c **** *  This file provides all Interrupt Service functionality of the UART component
   7:.\Generated_Source\PSoC5/Display2_INT.c **** *
   8:.\Generated_Source\PSoC5/Display2_INT.c **** ********************************************************************************
   9:.\Generated_Source\PSoC5/Display2_INT.c **** * Copyright 2008-2015, Cypress Semiconductor Corporation.  All rights reserved.
  10:.\Generated_Source\PSoC5/Display2_INT.c **** * You may use this file only in accordance with the license, terms, conditions,
  11:.\Generated_Source\PSoC5/Display2_INT.c **** * disclaimers, and limitations in the end user license agreement accompanying
  12:.\Generated_Source\PSoC5/Display2_INT.c **** * the software package with which this file was provided.
  13:.\Generated_Source\PSoC5/Display2_INT.c **** *******************************************************************************/
  14:.\Generated_Source\PSoC5/Display2_INT.c **** 
  15:.\Generated_Source\PSoC5/Display2_INT.c **** #include "Display2.h"
  16:.\Generated_Source\PSoC5/Display2_INT.c **** #include "cyapicallbacks.h"
  17:.\Generated_Source\PSoC5/Display2_INT.c **** 
  18:.\Generated_Source\PSoC5/Display2_INT.c **** 
  19:.\Generated_Source\PSoC5/Display2_INT.c **** /***************************************
  20:.\Generated_Source\PSoC5/Display2_INT.c **** * Custom Declarations
  21:.\Generated_Source\PSoC5/Display2_INT.c **** ***************************************/
  22:.\Generated_Source\PSoC5/Display2_INT.c **** /* `#START CUSTOM_DECLARATIONS` Place your declaration here */
  23:.\Generated_Source\PSoC5/Display2_INT.c **** 
  24:.\Generated_Source\PSoC5/Display2_INT.c **** #include "UARTManager.h"
  25:.\Generated_Source\PSoC5/Display2_INT.c **** 
  26:.\Generated_Source\PSoC5/Display2_INT.c **** /* `#END` */
  27:.\Generated_Source\PSoC5/Display2_INT.c **** 
  28:.\Generated_Source\PSoC5/Display2_INT.c **** #if (Display2_RX_INTERRUPT_ENABLED && (Display2_RX_ENABLED || Display2_HD_ENABLED))
  29:.\Generated_Source\PSoC5/Display2_INT.c ****     /*******************************************************************************
  30:.\Generated_Source\PSoC5/Display2_INT.c ****     * Function Name: Display2_RXISR
  31:.\Generated_Source\PSoC5/Display2_INT.c ****     ********************************************************************************
ARM GAS  C:\Users\RECEPC~1\AppData\Local\Temp\cczK7Y4l.s 			page 2


  32:.\Generated_Source\PSoC5/Display2_INT.c ****     *
  33:.\Generated_Source\PSoC5/Display2_INT.c ****     * Summary:
  34:.\Generated_Source\PSoC5/Display2_INT.c ****     *  Interrupt Service Routine for RX portion of the UART
  35:.\Generated_Source\PSoC5/Display2_INT.c ****     *
  36:.\Generated_Source\PSoC5/Display2_INT.c ****     * Parameters:
  37:.\Generated_Source\PSoC5/Display2_INT.c ****     *  None.
  38:.\Generated_Source\PSoC5/Display2_INT.c ****     *
  39:.\Generated_Source\PSoC5/Display2_INT.c ****     * Return:
  40:.\Generated_Source\PSoC5/Display2_INT.c ****     *  None.
  41:.\Generated_Source\PSoC5/Display2_INT.c ****     *
  42:.\Generated_Source\PSoC5/Display2_INT.c ****     * Global Variables:
  43:.\Generated_Source\PSoC5/Display2_INT.c ****     *  Display2_rxBuffer - RAM buffer pointer for save received data.
  44:.\Generated_Source\PSoC5/Display2_INT.c ****     *  Display2_rxBufferWrite - cyclic index for write to rxBuffer,
  45:.\Generated_Source\PSoC5/Display2_INT.c ****     *     increments after each byte saved to buffer.
  46:.\Generated_Source\PSoC5/Display2_INT.c ****     *  Display2_rxBufferRead - cyclic index for read from rxBuffer,
  47:.\Generated_Source\PSoC5/Display2_INT.c ****     *     checked to detect overflow condition.
  48:.\Generated_Source\PSoC5/Display2_INT.c ****     *  Display2_rxBufferOverflow - software overflow flag. Set to one
  49:.\Generated_Source\PSoC5/Display2_INT.c ****     *     when Display2_rxBufferWrite index overtakes
  50:.\Generated_Source\PSoC5/Display2_INT.c ****     *     Display2_rxBufferRead index.
  51:.\Generated_Source\PSoC5/Display2_INT.c ****     *  Display2_rxBufferLoopDetect - additional variable to detect overflow.
  52:.\Generated_Source\PSoC5/Display2_INT.c ****     *     Set to one when Display2_rxBufferWrite is equal to
  53:.\Generated_Source\PSoC5/Display2_INT.c ****     *    Display2_rxBufferRead
  54:.\Generated_Source\PSoC5/Display2_INT.c ****     *  Display2_rxAddressMode - this variable contains the Address mode,
  55:.\Generated_Source\PSoC5/Display2_INT.c ****     *     selected in customizer or set by UART_SetRxAddressMode() API.
  56:.\Generated_Source\PSoC5/Display2_INT.c ****     *  Display2_rxAddressDetected - set to 1 when correct address received,
  57:.\Generated_Source\PSoC5/Display2_INT.c ****     *     and analysed to store following addressed data bytes to the buffer.
  58:.\Generated_Source\PSoC5/Display2_INT.c ****     *     When not correct address received, set to 0 to skip following data bytes.
  59:.\Generated_Source\PSoC5/Display2_INT.c ****     *
  60:.\Generated_Source\PSoC5/Display2_INT.c ****     *******************************************************************************/
  61:.\Generated_Source\PSoC5/Display2_INT.c ****     CY_ISR(Display2_RXISR)
  62:.\Generated_Source\PSoC5/Display2_INT.c ****     {
  27              		.loc 1 62 0
  28              		.cfi_startproc
  29              		@ args = 0, pretend = 0, frame = 8
  30              		@ frame_needed = 1, uses_anonymous_args = 0
  31 0000 80B5     		push	{r7, lr}
  32              		.cfi_def_cfa_offset 8
  33              		.cfi_offset 7, -8
  34              		.cfi_offset 14, -4
  35 0002 82B0     		sub	sp, sp, #8
  36              		.cfi_def_cfa_offset 16
  37 0004 00AF     		add	r7, sp, #0
  38              		.cfi_def_cfa_register 7
  63:.\Generated_Source\PSoC5/Display2_INT.c ****         uint8 readData;
  64:.\Generated_Source\PSoC5/Display2_INT.c ****         uint8 readStatus;
  65:.\Generated_Source\PSoC5/Display2_INT.c ****         uint8 increment_pointer = 0u;
  39              		.loc 1 65 0
  40 0006 0023     		movs	r3, #0
  41 0008 FB71     		strb	r3, [r7, #7]
  42              	.L6:
  66:.\Generated_Source\PSoC5/Display2_INT.c **** 
  67:.\Generated_Source\PSoC5/Display2_INT.c ****     #if(CY_PSOC3)
  68:.\Generated_Source\PSoC5/Display2_INT.c ****         uint8 int_en;
  69:.\Generated_Source\PSoC5/Display2_INT.c ****     #endif /* (CY_PSOC3) */
  70:.\Generated_Source\PSoC5/Display2_INT.c **** 
  71:.\Generated_Source\PSoC5/Display2_INT.c ****     #ifdef Display2_RXISR_ENTRY_CALLBACK
  72:.\Generated_Source\PSoC5/Display2_INT.c ****         Display2_RXISR_EntryCallback();
ARM GAS  C:\Users\RECEPC~1\AppData\Local\Temp\cczK7Y4l.s 			page 3


  73:.\Generated_Source\PSoC5/Display2_INT.c ****     #endif /* Display2_RXISR_ENTRY_CALLBACK */
  74:.\Generated_Source\PSoC5/Display2_INT.c **** 
  75:.\Generated_Source\PSoC5/Display2_INT.c ****         /* User code required at start of ISR */
  76:.\Generated_Source\PSoC5/Display2_INT.c ****         /* `#START Display2_RXISR_START` */
  77:.\Generated_Source\PSoC5/Display2_INT.c **** 
  78:.\Generated_Source\PSoC5/Display2_INT.c ****         /* `#END` */
  79:.\Generated_Source\PSoC5/Display2_INT.c **** 
  80:.\Generated_Source\PSoC5/Display2_INT.c ****     #if(CY_PSOC3)   /* Make sure nested interrupt is enabled */
  81:.\Generated_Source\PSoC5/Display2_INT.c ****         int_en = EA;
  82:.\Generated_Source\PSoC5/Display2_INT.c ****         CyGlobalIntEnable;
  83:.\Generated_Source\PSoC5/Display2_INT.c ****     #endif /* (CY_PSOC3) */
  84:.\Generated_Source\PSoC5/Display2_INT.c **** 
  85:.\Generated_Source\PSoC5/Display2_INT.c ****         do
  86:.\Generated_Source\PSoC5/Display2_INT.c ****         {
  87:.\Generated_Source\PSoC5/Display2_INT.c ****             /* Read receiver status register */
  88:.\Generated_Source\PSoC5/Display2_INT.c ****             readStatus = Display2_RXSTATUS_REG;
  43              		.loc 1 88 0
  44 000a 314B     		ldr	r3, .L8
  45 000c 1B78     		ldrb	r3, [r3]
  46 000e BB71     		strb	r3, [r7, #6]
  89:.\Generated_Source\PSoC5/Display2_INT.c ****             /* Copy the same status to readData variable for backward compatibility support 
  90:.\Generated_Source\PSoC5/Display2_INT.c ****             *  of the user code in Display2_RXISR_ERROR` section. 
  91:.\Generated_Source\PSoC5/Display2_INT.c ****             */
  92:.\Generated_Source\PSoC5/Display2_INT.c ****             readData = readStatus;
  47              		.loc 1 92 0
  48 0010 BB79     		ldrb	r3, [r7, #6]
  49 0012 7B71     		strb	r3, [r7, #5]
  93:.\Generated_Source\PSoC5/Display2_INT.c **** 
  94:.\Generated_Source\PSoC5/Display2_INT.c ****             if((readStatus & (Display2_RX_STS_BREAK | 
  95:.\Generated_Source\PSoC5/Display2_INT.c ****                             Display2_RX_STS_PAR_ERROR |
  96:.\Generated_Source\PSoC5/Display2_INT.c ****                             Display2_RX_STS_STOP_ERROR | 
  97:.\Generated_Source\PSoC5/Display2_INT.c ****                             Display2_RX_STS_OVERRUN)) != 0u)
  50              		.loc 1 97 0
  51 0014 BB79     		ldrb	r3, [r7, #6]	@ zero_extendqisi2
  52 0016 03F01E03 		and	r3, r3, #30
  94:.\Generated_Source\PSoC5/Display2_INT.c ****                             Display2_RX_STS_PAR_ERROR |
  53              		.loc 1 94 0
  54 001a 002B     		cmp	r3, #0
  55 001c 0BD0     		beq	.L2
  98:.\Generated_Source\PSoC5/Display2_INT.c ****             {
  99:.\Generated_Source\PSoC5/Display2_INT.c ****                 /* ERROR handling. */
 100:.\Generated_Source\PSoC5/Display2_INT.c ****                 Display2_errorStatus |= readStatus & ( Display2_RX_STS_BREAK | 
  56              		.loc 1 100 0
  57 001e BB79     		ldrb	r3, [r7, #6]	@ zero_extendqisi2
  58 0020 03F01E03 		and	r3, r3, #30
  59 0024 DAB2     		uxtb	r2, r3
  60 0026 2B4B     		ldr	r3, .L8+4
  61 0028 1B78     		ldrb	r3, [r3]	@ zero_extendqisi2
  62 002a DBB2     		uxtb	r3, r3
  63 002c 1343     		orrs	r3, r3, r2
  64 002e DBB2     		uxtb	r3, r3
  65 0030 DAB2     		uxtb	r2, r3
  66 0032 284B     		ldr	r3, .L8+4
  67 0034 1A70     		strb	r2, [r3]
  68              	.L2:
 101:.\Generated_Source\PSoC5/Display2_INT.c ****                                                             Display2_RX_STS_PAR_ERROR | 
 102:.\Generated_Source\PSoC5/Display2_INT.c ****                                                             Display2_RX_STS_STOP_ERROR | 
ARM GAS  C:\Users\RECEPC~1\AppData\Local\Temp\cczK7Y4l.s 			page 4


 103:.\Generated_Source\PSoC5/Display2_INT.c ****                                                             Display2_RX_STS_OVERRUN);
 104:.\Generated_Source\PSoC5/Display2_INT.c ****                 /* `#START Display2_RXISR_ERROR` */
 105:.\Generated_Source\PSoC5/Display2_INT.c **** 
 106:.\Generated_Source\PSoC5/Display2_INT.c ****                 /* `#END` */
 107:.\Generated_Source\PSoC5/Display2_INT.c ****                 
 108:.\Generated_Source\PSoC5/Display2_INT.c ****             #ifdef Display2_RXISR_ERROR_CALLBACK
 109:.\Generated_Source\PSoC5/Display2_INT.c ****                 Display2_RXISR_ERROR_Callback();
 110:.\Generated_Source\PSoC5/Display2_INT.c ****             #endif /* Display2_RXISR_ERROR_CALLBACK */
 111:.\Generated_Source\PSoC5/Display2_INT.c ****             }
 112:.\Generated_Source\PSoC5/Display2_INT.c ****             
 113:.\Generated_Source\PSoC5/Display2_INT.c ****             if((readStatus & Display2_RX_STS_FIFO_NOTEMPTY) != 0u)
  69              		.loc 1 113 0
  70 0036 BB79     		ldrb	r3, [r7, #6]	@ zero_extendqisi2
  71 0038 03F02003 		and	r3, r3, #32
  72 003c 002B     		cmp	r3, #0
  73 003e 30D0     		beq	.L3
 114:.\Generated_Source\PSoC5/Display2_INT.c ****             {
 115:.\Generated_Source\PSoC5/Display2_INT.c ****                 /* Read data from the RX data register */
 116:.\Generated_Source\PSoC5/Display2_INT.c ****                 readData = Display2_RXDATA_REG;
  74              		.loc 1 116 0
  75 0040 254B     		ldr	r3, .L8+8
  76 0042 1B78     		ldrb	r3, [r3]
  77 0044 7B71     		strb	r3, [r7, #5]
 117:.\Generated_Source\PSoC5/Display2_INT.c ****             #if (Display2_RXHW_ADDRESS_ENABLED)
 118:.\Generated_Source\PSoC5/Display2_INT.c ****                 if(Display2_rxAddressMode == (uint8)Display2__B_UART__AM_SW_DETECT_TO_BUFFER)
 119:.\Generated_Source\PSoC5/Display2_INT.c ****                 {
 120:.\Generated_Source\PSoC5/Display2_INT.c ****                     if((readStatus & Display2_RX_STS_MRKSPC) != 0u)
 121:.\Generated_Source\PSoC5/Display2_INT.c ****                     {
 122:.\Generated_Source\PSoC5/Display2_INT.c ****                         if ((readStatus & Display2_RX_STS_ADDR_MATCH) != 0u)
 123:.\Generated_Source\PSoC5/Display2_INT.c ****                         {
 124:.\Generated_Source\PSoC5/Display2_INT.c ****                             Display2_rxAddressDetected = 1u;
 125:.\Generated_Source\PSoC5/Display2_INT.c ****                         }
 126:.\Generated_Source\PSoC5/Display2_INT.c ****                         else
 127:.\Generated_Source\PSoC5/Display2_INT.c ****                         {
 128:.\Generated_Source\PSoC5/Display2_INT.c ****                             Display2_rxAddressDetected = 0u;
 129:.\Generated_Source\PSoC5/Display2_INT.c ****                         }
 130:.\Generated_Source\PSoC5/Display2_INT.c ****                     }
 131:.\Generated_Source\PSoC5/Display2_INT.c ****                     if(Display2_rxAddressDetected != 0u)
 132:.\Generated_Source\PSoC5/Display2_INT.c ****                     {   /* Store only addressed data */
 133:.\Generated_Source\PSoC5/Display2_INT.c ****                         Display2_rxBuffer[Display2_rxBufferWrite] = readData;
 134:.\Generated_Source\PSoC5/Display2_INT.c ****                         increment_pointer = 1u;
 135:.\Generated_Source\PSoC5/Display2_INT.c ****                     }
 136:.\Generated_Source\PSoC5/Display2_INT.c ****                 }
 137:.\Generated_Source\PSoC5/Display2_INT.c ****                 else /* Without software addressing */
 138:.\Generated_Source\PSoC5/Display2_INT.c ****                 {
 139:.\Generated_Source\PSoC5/Display2_INT.c ****                     Display2_rxBuffer[Display2_rxBufferWrite] = readData;
 140:.\Generated_Source\PSoC5/Display2_INT.c ****                     increment_pointer = 1u;
 141:.\Generated_Source\PSoC5/Display2_INT.c ****                 }
 142:.\Generated_Source\PSoC5/Display2_INT.c ****             #else  /* Without addressing */
 143:.\Generated_Source\PSoC5/Display2_INT.c ****                 Display2_rxBuffer[Display2_rxBufferWrite] = readData;
  78              		.loc 1 143 0
  79 0046 254B     		ldr	r3, .L8+12
  80 0048 1B78     		ldrb	r3, [r3]
  81 004a DBB2     		uxtb	r3, r3
  82 004c 1946     		mov	r1, r3
  83 004e 244A     		ldr	r2, .L8+16
  84 0050 7B79     		ldrb	r3, [r7, #5]
ARM GAS  C:\Users\RECEPC~1\AppData\Local\Temp\cczK7Y4l.s 			page 5


  85 0052 5354     		strb	r3, [r2, r1]
 144:.\Generated_Source\PSoC5/Display2_INT.c ****                 increment_pointer = 1u;
  86              		.loc 1 144 0
  87 0054 0123     		movs	r3, #1
  88 0056 FB71     		strb	r3, [r7, #7]
 145:.\Generated_Source\PSoC5/Display2_INT.c ****             #endif /* (Display2_RXHW_ADDRESS_ENABLED) */
 146:.\Generated_Source\PSoC5/Display2_INT.c **** 
 147:.\Generated_Source\PSoC5/Display2_INT.c ****                 /* Do not increment buffer pointer when skip not addressed data */
 148:.\Generated_Source\PSoC5/Display2_INT.c ****                 if(increment_pointer != 0u)
  89              		.loc 1 148 0
  90 0058 FB79     		ldrb	r3, [r7, #7]	@ zero_extendqisi2
  91 005a 002B     		cmp	r3, #0
  92 005c 21D0     		beq	.L3
 149:.\Generated_Source\PSoC5/Display2_INT.c ****                 {
 150:.\Generated_Source\PSoC5/Display2_INT.c ****                     if(Display2_rxBufferLoopDetect != 0u)
  93              		.loc 1 150 0
  94 005e 214B     		ldr	r3, .L8+20
  95 0060 1B78     		ldrb	r3, [r3]
  96 0062 DBB2     		uxtb	r3, r3
  97 0064 002B     		cmp	r3, #0
  98 0066 02D0     		beq	.L4
 151:.\Generated_Source\PSoC5/Display2_INT.c ****                     {   /* Set Software Buffer status Overflow */
 152:.\Generated_Source\PSoC5/Display2_INT.c ****                         Display2_rxBufferOverflow = 1u;
  99              		.loc 1 152 0
 100 0068 1F4B     		ldr	r3, .L8+24
 101 006a 0122     		movs	r2, #1
 102 006c 1A70     		strb	r2, [r3]
 103              	.L4:
 153:.\Generated_Source\PSoC5/Display2_INT.c ****                     }
 154:.\Generated_Source\PSoC5/Display2_INT.c ****                     /* Set next pointer. */
 155:.\Generated_Source\PSoC5/Display2_INT.c ****                     Display2_rxBufferWrite++;
 104              		.loc 1 155 0
 105 006e 1B4B     		ldr	r3, .L8+12
 106 0070 1B78     		ldrb	r3, [r3]
 107 0072 DBB2     		uxtb	r3, r3
 108 0074 0133     		adds	r3, r3, #1
 109 0076 DAB2     		uxtb	r2, r3
 110 0078 184B     		ldr	r3, .L8+12
 111 007a 1A70     		strb	r2, [r3]
 156:.\Generated_Source\PSoC5/Display2_INT.c **** 
 157:.\Generated_Source\PSoC5/Display2_INT.c ****                     /* Check pointer for a loop condition */
 158:.\Generated_Source\PSoC5/Display2_INT.c ****                     if(Display2_rxBufferWrite >= Display2_RX_BUFFER_SIZE)
 112              		.loc 1 158 0
 113 007c 174B     		ldr	r3, .L8+12
 114 007e 1B78     		ldrb	r3, [r3]
 115 0080 DBB2     		uxtb	r3, r3
 116 0082 1F2B     		cmp	r3, #31
 117 0084 02D9     		bls	.L5
 159:.\Generated_Source\PSoC5/Display2_INT.c ****                     {
 160:.\Generated_Source\PSoC5/Display2_INT.c ****                         Display2_rxBufferWrite = 0u;
 118              		.loc 1 160 0
 119 0086 154B     		ldr	r3, .L8+12
 120 0088 0022     		movs	r2, #0
 121 008a 1A70     		strb	r2, [r3]
 122              	.L5:
 161:.\Generated_Source\PSoC5/Display2_INT.c ****                     }
 162:.\Generated_Source\PSoC5/Display2_INT.c **** 
ARM GAS  C:\Users\RECEPC~1\AppData\Local\Temp\cczK7Y4l.s 			page 6


 163:.\Generated_Source\PSoC5/Display2_INT.c ****                     /* Detect pre-overload condition and set flag */
 164:.\Generated_Source\PSoC5/Display2_INT.c ****                     if(Display2_rxBufferWrite == Display2_rxBufferRead)
 123              		.loc 1 164 0
 124 008c 134B     		ldr	r3, .L8+12
 125 008e 1B78     		ldrb	r3, [r3]
 126 0090 DAB2     		uxtb	r2, r3
 127 0092 164B     		ldr	r3, .L8+28
 128 0094 1B78     		ldrb	r3, [r3]
 129 0096 DBB2     		uxtb	r3, r3
 130 0098 9A42     		cmp	r2, r3
 131 009a 02D1     		bne	.L3
 165:.\Generated_Source\PSoC5/Display2_INT.c ****                     {
 166:.\Generated_Source\PSoC5/Display2_INT.c ****                         Display2_rxBufferLoopDetect = 1u;
 132              		.loc 1 166 0
 133 009c 114B     		ldr	r3, .L8+20
 134 009e 0122     		movs	r2, #1
 135 00a0 1A70     		strb	r2, [r3]
 136              	.L3:
 167:.\Generated_Source\PSoC5/Display2_INT.c ****                         /* When Hardware Flow Control selected */
 168:.\Generated_Source\PSoC5/Display2_INT.c ****                         #if (Display2_FLOW_CONTROL != 0u)
 169:.\Generated_Source\PSoC5/Display2_INT.c ****                             /* Disable RX interrupt mask, it is enabled when user read data from th
 170:.\Generated_Source\PSoC5/Display2_INT.c ****                             Display2_RXSTATUS_MASK_REG  &= (uint8)~Display2_RX_STS_FIFO_NOTEMPTY;
 171:.\Generated_Source\PSoC5/Display2_INT.c ****                             CyIntClearPending(Display2_RX_VECT_NUM);
 172:.\Generated_Source\PSoC5/Display2_INT.c ****                             break; /* Break the reading of the FIFO loop, leave the data there for 
 173:.\Generated_Source\PSoC5/Display2_INT.c ****                         #endif /* (Display2_FLOW_CONTROL != 0u) */
 174:.\Generated_Source\PSoC5/Display2_INT.c ****                     }
 175:.\Generated_Source\PSoC5/Display2_INT.c ****                 }
 176:.\Generated_Source\PSoC5/Display2_INT.c ****             }
 177:.\Generated_Source\PSoC5/Display2_INT.c ****         }while((readStatus & Display2_RX_STS_FIFO_NOTEMPTY) != 0u);
 137              		.loc 1 177 0
 138 00a2 BB79     		ldrb	r3, [r7, #6]	@ zero_extendqisi2
 139 00a4 03F02003 		and	r3, r3, #32
 140 00a8 002B     		cmp	r3, #0
 141 00aa AED1     		bne	.L6
 178:.\Generated_Source\PSoC5/Display2_INT.c **** 
 179:.\Generated_Source\PSoC5/Display2_INT.c ****         /* User code required at end of ISR (Optional) */
 180:.\Generated_Source\PSoC5/Display2_INT.c ****         /* `#START Display2_RXISR_END` */
 181:.\Generated_Source\PSoC5/Display2_INT.c **** 
 182:.\Generated_Source\PSoC5/Display2_INT.c ****         if(InvokeResolver(UART_DISPLAY2, (char8*)Display2_rxBuffer, Display2_GetRxBufferSize()))
 142              		.loc 1 182 0
 143 00ac FFF7FEFF 		bl	Display2_GetRxBufferSize
 144 00b0 0346     		mov	r3, r0
 145 00b2 9BB2     		uxth	r3, r3
 146 00b4 A420     		movs	r0, #164
 147 00b6 0A49     		ldr	r1, .L8+16
 148 00b8 1A46     		mov	r2, r3
 149 00ba FFF7FEFF 		bl	InvokeResolver
 150 00be 0346     		mov	r3, r0
 151 00c0 002B     		cmp	r3, #0
 152 00c2 01D0     		beq	.L1
 183:.\Generated_Source\PSoC5/Display2_INT.c ****             Display2_ClearRxBuffer();
 153              		.loc 1 183 0
 154 00c4 FFF7FEFF 		bl	Display2_ClearRxBuffer
 155              	.L1:
 184:.\Generated_Source\PSoC5/Display2_INT.c ****         
 185:.\Generated_Source\PSoC5/Display2_INT.c ****         /* `#END` */
 186:.\Generated_Source\PSoC5/Display2_INT.c **** 
ARM GAS  C:\Users\RECEPC~1\AppData\Local\Temp\cczK7Y4l.s 			page 7


 187:.\Generated_Source\PSoC5/Display2_INT.c ****     #ifdef Display2_RXISR_EXIT_CALLBACK
 188:.\Generated_Source\PSoC5/Display2_INT.c ****         Display2_RXISR_ExitCallback();
 189:.\Generated_Source\PSoC5/Display2_INT.c ****     #endif /* Display2_RXISR_EXIT_CALLBACK */
 190:.\Generated_Source\PSoC5/Display2_INT.c **** 
 191:.\Generated_Source\PSoC5/Display2_INT.c ****     #if(CY_PSOC3)
 192:.\Generated_Source\PSoC5/Display2_INT.c ****         EA = int_en;
 193:.\Generated_Source\PSoC5/Display2_INT.c ****     #endif /* (CY_PSOC3) */
 194:.\Generated_Source\PSoC5/Display2_INT.c ****     }
 156              		.loc 1 194 0
 157 00c8 0837     		adds	r7, r7, #8
 158              		.cfi_def_cfa_offset 8
 159 00ca BD46     		mov	sp, r7
 160              		.cfi_def_cfa_register 13
 161              		@ sp needed
 162 00cc 80BD     		pop	{r7, pc}
 163              	.L9:
 164 00ce 00BF     		.align	2
 165              	.L8:
 166 00d0 6D640040 		.word	1073767533
 167 00d4 00000000 		.word	Display2_errorStatus
 168 00d8 4D640040 		.word	1073767501
 169 00dc 00000000 		.word	Display2_rxBufferWrite
 170 00e0 00000000 		.word	Display2_rxBuffer
 171 00e4 00000000 		.word	Display2_rxBufferLoopDetect
 172 00e8 00000000 		.word	Display2_rxBufferOverflow
 173 00ec 00000000 		.word	Display2_rxBufferRead
 174              		.cfi_endproc
 175              	.LFE0:
 176              		.size	Display2_RXISR, .-Display2_RXISR
 177              		.text
 178              	.Letext0:
 179              		.file 2 ".\\Generated_Source\\PSoC5\\cytypes.h"
 180              		.file 3 ".\\Generated_Source\\PSoC5\\Display2.h"
 181              		.file 4 "./UARTManager.h"
 182              		.section	.debug_info,"",%progbits
 183              	.Ldebug_info0:
 184 0000 8F010000 		.4byte	0x18f
 185 0004 0400     		.2byte	0x4
 186 0006 00000000 		.4byte	.Ldebug_abbrev0
 187 000a 04       		.byte	0x4
 188 000b 01       		.uleb128 0x1
 189 000c 29010000 		.4byte	.LASF33
 190 0010 01       		.byte	0x1
 191 0011 FB000000 		.4byte	.LASF34
 192 0015 71000000 		.4byte	.LASF35
 193 0019 00000000 		.4byte	.Ldebug_ranges0+0
 194 001d 00000000 		.4byte	0
 195 0021 00000000 		.4byte	.Ldebug_line0
 196 0025 02       		.uleb128 0x2
 197 0026 01       		.byte	0x1
 198 0027 06       		.byte	0x6
 199 0028 D0020000 		.4byte	.LASF0
 200 002c 02       		.uleb128 0x2
 201 002d 01       		.byte	0x1
 202 002e 08       		.byte	0x8
 203 002f D0000000 		.4byte	.LASF1
 204 0033 02       		.uleb128 0x2
ARM GAS  C:\Users\RECEPC~1\AppData\Local\Temp\cczK7Y4l.s 			page 8


 205 0034 02       		.byte	0x2
 206 0035 05       		.byte	0x5
 207 0036 92020000 		.4byte	.LASF2
 208 003a 02       		.uleb128 0x2
 209 003b 02       		.byte	0x2
 210 003c 07       		.byte	0x7
 211 003d 2A000000 		.4byte	.LASF3
 212 0041 02       		.uleb128 0x2
 213 0042 04       		.byte	0x4
 214 0043 05       		.byte	0x5
 215 0044 A4020000 		.4byte	.LASF4
 216 0048 02       		.uleb128 0x2
 217 0049 04       		.byte	0x4
 218 004a 07       		.byte	0x7
 219 004b E3000000 		.4byte	.LASF5
 220 004f 02       		.uleb128 0x2
 221 0050 08       		.byte	0x8
 222 0051 05       		.byte	0x5
 223 0052 41020000 		.4byte	.LASF6
 224 0056 02       		.uleb128 0x2
 225 0057 08       		.byte	0x8
 226 0058 07       		.byte	0x7
 227 0059 DA010000 		.4byte	.LASF7
 228 005d 03       		.uleb128 0x3
 229 005e 04       		.byte	0x4
 230 005f 05       		.byte	0x5
 231 0060 696E7400 		.ascii	"int\000"
 232 0064 02       		.uleb128 0x2
 233 0065 04       		.byte	0x4
 234 0066 07       		.byte	0x7
 235 0067 3D000000 		.4byte	.LASF8
 236 006b 04       		.uleb128 0x4
 237 006c F5000000 		.4byte	.LASF11
 238 0070 02       		.byte	0x2
 239 0071 3801     		.2byte	0x138
 240 0073 2C000000 		.4byte	0x2c
 241 0077 02       		.uleb128 0x2
 242 0078 04       		.byte	0x4
 243 0079 04       		.byte	0x4
 244 007a 1A000000 		.4byte	.LASF9
 245 007e 02       		.uleb128 0x2
 246 007f 08       		.byte	0x8
 247 0080 04       		.byte	0x4
 248 0081 B7010000 		.4byte	.LASF10
 249 0085 04       		.uleb128 0x4
 250 0086 23010000 		.4byte	.LASF12
 251 008a 02       		.byte	0x2
 252 008b 4901     		.2byte	0x149
 253 008d 91000000 		.4byte	0x91
 254 0091 02       		.uleb128 0x2
 255 0092 01       		.byte	0x1
 256 0093 08       		.byte	0x8
 257 0094 AD020000 		.4byte	.LASF13
 258 0098 04       		.uleb128 0x4
 259 0099 DE000000 		.4byte	.LASF14
 260 009d 02       		.byte	0x2
 261 009e E201     		.2byte	0x1e2
ARM GAS  C:\Users\RECEPC~1\AppData\Local\Temp\cczK7Y4l.s 			page 9


 262 00a0 A4000000 		.4byte	0xa4
 263 00a4 05       		.uleb128 0x5
 264 00a5 6B000000 		.4byte	0x6b
 265 00a9 02       		.uleb128 0x2
 266 00aa 04       		.byte	0x4
 267 00ab 07       		.byte	0x7
 268 00ac 29020000 		.4byte	.LASF15
 269 00b0 02       		.uleb128 0x2
 270 00b1 08       		.byte	0x8
 271 00b2 04       		.byte	0x4
 272 00b3 C4020000 		.4byte	.LASF16
 273 00b7 02       		.uleb128 0x2
 274 00b8 01       		.byte	0x1
 275 00b9 02       		.byte	0x2
 276 00ba E5020000 		.4byte	.LASF17
 277 00be 06       		.uleb128 0x6
 278 00bf 00000000 		.4byte	.LASF36
 279 00c3 01       		.byte	0x1
 280 00c4 04       		.byte	0x4
 281 00c5 6D       		.byte	0x6d
 282 00c6 F5000000 		.4byte	0xf5
 283 00ca 07       		.uleb128 0x7
 284 00cb 9C020000 		.4byte	.LASF18
 285 00cf A001     		.sleb128 160
 286 00d1 07       		.uleb128 0x7
 287 00d2 F1010000 		.4byte	.LASF19
 288 00d6 A101     		.sleb128 161
 289 00d8 07       		.uleb128 0x7
 290 00d9 EB020000 		.4byte	.LASF20
 291 00dd A201     		.sleb128 162
 292 00df 07       		.uleb128 0x7
 293 00e0 4A000000 		.4byte	.LASF21
 294 00e4 A301     		.sleb128 163
 295 00e6 07       		.uleb128 0x7
 296 00e7 58000000 		.4byte	.LASF22
 297 00eb A401     		.sleb128 164
 298 00ed 07       		.uleb128 0x7
 299 00ee 20000000 		.4byte	.LASF23
 300 00f2 A501     		.sleb128 165
 301 00f4 00       		.byte	0
 302 00f5 08       		.uleb128 0x8
 303 00f6 32020000 		.4byte	.LASF37
 304 00fa 01       		.byte	0x1
 305 00fb 3D       		.byte	0x3d
 306 00fc 00000000 		.4byte	.LFB0
 307 0100 F0000000 		.4byte	.LFE0-.LFB0
 308 0104 01       		.uleb128 0x1
 309 0105 9C       		.byte	0x9c
 310 0106 35010000 		.4byte	0x135
 311 010a 09       		.uleb128 0x9
 312 010b DC020000 		.4byte	.LASF24
 313 010f 01       		.byte	0x1
 314 0110 3F       		.byte	0x3f
 315 0111 6B000000 		.4byte	0x6b
 316 0115 02       		.uleb128 0x2
 317 0116 91       		.byte	0x91
 318 0117 75       		.sleb128 -11
ARM GAS  C:\Users\RECEPC~1\AppData\Local\Temp\cczK7Y4l.s 			page 10


 319 0118 09       		.uleb128 0x9
 320 0119 66000000 		.4byte	.LASF25
 321 011d 01       		.byte	0x1
 322 011e 40       		.byte	0x40
 323 011f 6B000000 		.4byte	0x6b
 324 0123 02       		.uleb128 0x2
 325 0124 91       		.byte	0x91
 326 0125 76       		.sleb128 -10
 327 0126 09       		.uleb128 0x9
 328 0127 4F020000 		.4byte	.LASF26
 329 012b 01       		.byte	0x1
 330 012c 41       		.byte	0x41
 331 012d 6B000000 		.4byte	0x6b
 332 0131 02       		.uleb128 0x2
 333 0132 91       		.byte	0x91
 334 0133 77       		.sleb128 -9
 335 0134 00       		.byte	0
 336 0135 0A       		.uleb128 0xa
 337 0136 14020000 		.4byte	.LASF27
 338 013a 03       		.byte	0x3
 339 013b 3D01     		.2byte	0x13d
 340 013d 6B000000 		.4byte	0x6b
 341 0141 0B       		.uleb128 0xb
 342 0142 6B000000 		.4byte	0x6b
 343 0146 51010000 		.4byte	0x151
 344 014a 0C       		.uleb128 0xc
 345 014b A9000000 		.4byte	0xa9
 346 014f 1F       		.byte	0x1f
 347 0150 00       		.byte	0
 348 0151 0A       		.uleb128 0xa
 349 0152 B2020000 		.4byte	.LASF28
 350 0156 03       		.byte	0x3
 351 0157 3E01     		.2byte	0x13e
 352 0159 5D010000 		.4byte	0x15d
 353 015d 05       		.uleb128 0x5
 354 015e 41010000 		.4byte	0x141
 355 0162 0A       		.uleb128 0xa
 356 0163 FE010000 		.4byte	.LASF29
 357 0167 03       		.byte	0x3
 358 0168 3F01     		.2byte	0x13f
 359 016a A4000000 		.4byte	0xa4
 360 016e 0A       		.uleb128 0xa
 361 016f 7B020000 		.4byte	.LASF30
 362 0173 03       		.byte	0x3
 363 0174 4001     		.2byte	0x140
 364 0176 A4000000 		.4byte	0xa4
 365 017a 0A       		.uleb128 0xa
 366 017b BE010000 		.4byte	.LASF31
 367 017f 03       		.byte	0x3
 368 0180 4101     		.2byte	0x141
 369 0182 A4000000 		.4byte	0xa4
 370 0186 0A       		.uleb128 0xa
 371 0187 61020000 		.4byte	.LASF32
 372 018b 03       		.byte	0x3
 373 018c 4201     		.2byte	0x142
 374 018e A4000000 		.4byte	0xa4
 375 0192 00       		.byte	0
ARM GAS  C:\Users\RECEPC~1\AppData\Local\Temp\cczK7Y4l.s 			page 11


 376              		.section	.debug_abbrev,"",%progbits
 377              	.Ldebug_abbrev0:
 378 0000 01       		.uleb128 0x1
 379 0001 11       		.uleb128 0x11
 380 0002 01       		.byte	0x1
 381 0003 25       		.uleb128 0x25
 382 0004 0E       		.uleb128 0xe
 383 0005 13       		.uleb128 0x13
 384 0006 0B       		.uleb128 0xb
 385 0007 03       		.uleb128 0x3
 386 0008 0E       		.uleb128 0xe
 387 0009 1B       		.uleb128 0x1b
 388 000a 0E       		.uleb128 0xe
 389 000b 55       		.uleb128 0x55
 390 000c 17       		.uleb128 0x17
 391 000d 11       		.uleb128 0x11
 392 000e 01       		.uleb128 0x1
 393 000f 10       		.uleb128 0x10
 394 0010 17       		.uleb128 0x17
 395 0011 00       		.byte	0
 396 0012 00       		.byte	0
 397 0013 02       		.uleb128 0x2
 398 0014 24       		.uleb128 0x24
 399 0015 00       		.byte	0
 400 0016 0B       		.uleb128 0xb
 401 0017 0B       		.uleb128 0xb
 402 0018 3E       		.uleb128 0x3e
 403 0019 0B       		.uleb128 0xb
 404 001a 03       		.uleb128 0x3
 405 001b 0E       		.uleb128 0xe
 406 001c 00       		.byte	0
 407 001d 00       		.byte	0
 408 001e 03       		.uleb128 0x3
 409 001f 24       		.uleb128 0x24
 410 0020 00       		.byte	0
 411 0021 0B       		.uleb128 0xb
 412 0022 0B       		.uleb128 0xb
 413 0023 3E       		.uleb128 0x3e
 414 0024 0B       		.uleb128 0xb
 415 0025 03       		.uleb128 0x3
 416 0026 08       		.uleb128 0x8
 417 0027 00       		.byte	0
 418 0028 00       		.byte	0
 419 0029 04       		.uleb128 0x4
 420 002a 16       		.uleb128 0x16
 421 002b 00       		.byte	0
 422 002c 03       		.uleb128 0x3
 423 002d 0E       		.uleb128 0xe
 424 002e 3A       		.uleb128 0x3a
 425 002f 0B       		.uleb128 0xb
 426 0030 3B       		.uleb128 0x3b
 427 0031 05       		.uleb128 0x5
 428 0032 49       		.uleb128 0x49
 429 0033 13       		.uleb128 0x13
 430 0034 00       		.byte	0
 431 0035 00       		.byte	0
 432 0036 05       		.uleb128 0x5
ARM GAS  C:\Users\RECEPC~1\AppData\Local\Temp\cczK7Y4l.s 			page 12


 433 0037 35       		.uleb128 0x35
 434 0038 00       		.byte	0
 435 0039 49       		.uleb128 0x49
 436 003a 13       		.uleb128 0x13
 437 003b 00       		.byte	0
 438 003c 00       		.byte	0
 439 003d 06       		.uleb128 0x6
 440 003e 04       		.uleb128 0x4
 441 003f 01       		.byte	0x1
 442 0040 03       		.uleb128 0x3
 443 0041 0E       		.uleb128 0xe
 444 0042 0B       		.uleb128 0xb
 445 0043 0B       		.uleb128 0xb
 446 0044 3A       		.uleb128 0x3a
 447 0045 0B       		.uleb128 0xb
 448 0046 3B       		.uleb128 0x3b
 449 0047 0B       		.uleb128 0xb
 450 0048 01       		.uleb128 0x1
 451 0049 13       		.uleb128 0x13
 452 004a 00       		.byte	0
 453 004b 00       		.byte	0
 454 004c 07       		.uleb128 0x7
 455 004d 28       		.uleb128 0x28
 456 004e 00       		.byte	0
 457 004f 03       		.uleb128 0x3
 458 0050 0E       		.uleb128 0xe
 459 0051 1C       		.uleb128 0x1c
 460 0052 0D       		.uleb128 0xd
 461 0053 00       		.byte	0
 462 0054 00       		.byte	0
 463 0055 08       		.uleb128 0x8
 464 0056 2E       		.uleb128 0x2e
 465 0057 01       		.byte	0x1
 466 0058 3F       		.uleb128 0x3f
 467 0059 19       		.uleb128 0x19
 468 005a 03       		.uleb128 0x3
 469 005b 0E       		.uleb128 0xe
 470 005c 3A       		.uleb128 0x3a
 471 005d 0B       		.uleb128 0xb
 472 005e 3B       		.uleb128 0x3b
 473 005f 0B       		.uleb128 0xb
 474 0060 27       		.uleb128 0x27
 475 0061 19       		.uleb128 0x19
 476 0062 11       		.uleb128 0x11
 477 0063 01       		.uleb128 0x1
 478 0064 12       		.uleb128 0x12
 479 0065 06       		.uleb128 0x6
 480 0066 40       		.uleb128 0x40
 481 0067 18       		.uleb128 0x18
 482 0068 9642     		.uleb128 0x2116
 483 006a 19       		.uleb128 0x19
 484 006b 01       		.uleb128 0x1
 485 006c 13       		.uleb128 0x13
 486 006d 00       		.byte	0
 487 006e 00       		.byte	0
 488 006f 09       		.uleb128 0x9
 489 0070 34       		.uleb128 0x34
ARM GAS  C:\Users\RECEPC~1\AppData\Local\Temp\cczK7Y4l.s 			page 13


 490 0071 00       		.byte	0
 491 0072 03       		.uleb128 0x3
 492 0073 0E       		.uleb128 0xe
 493 0074 3A       		.uleb128 0x3a
 494 0075 0B       		.uleb128 0xb
 495 0076 3B       		.uleb128 0x3b
 496 0077 0B       		.uleb128 0xb
 497 0078 49       		.uleb128 0x49
 498 0079 13       		.uleb128 0x13
 499 007a 02       		.uleb128 0x2
 500 007b 18       		.uleb128 0x18
 501 007c 00       		.byte	0
 502 007d 00       		.byte	0
 503 007e 0A       		.uleb128 0xa
 504 007f 34       		.uleb128 0x34
 505 0080 00       		.byte	0
 506 0081 03       		.uleb128 0x3
 507 0082 0E       		.uleb128 0xe
 508 0083 3A       		.uleb128 0x3a
 509 0084 0B       		.uleb128 0xb
 510 0085 3B       		.uleb128 0x3b
 511 0086 05       		.uleb128 0x5
 512 0087 49       		.uleb128 0x49
 513 0088 13       		.uleb128 0x13
 514 0089 3F       		.uleb128 0x3f
 515 008a 19       		.uleb128 0x19
 516 008b 3C       		.uleb128 0x3c
 517 008c 19       		.uleb128 0x19
 518 008d 00       		.byte	0
 519 008e 00       		.byte	0
 520 008f 0B       		.uleb128 0xb
 521 0090 01       		.uleb128 0x1
 522 0091 01       		.byte	0x1
 523 0092 49       		.uleb128 0x49
 524 0093 13       		.uleb128 0x13
 525 0094 01       		.uleb128 0x1
 526 0095 13       		.uleb128 0x13
 527 0096 00       		.byte	0
 528 0097 00       		.byte	0
 529 0098 0C       		.uleb128 0xc
 530 0099 21       		.uleb128 0x21
 531 009a 00       		.byte	0
 532 009b 49       		.uleb128 0x49
 533 009c 13       		.uleb128 0x13
 534 009d 2F       		.uleb128 0x2f
 535 009e 0B       		.uleb128 0xb
 536 009f 00       		.byte	0
 537 00a0 00       		.byte	0
 538 00a1 00       		.byte	0
 539              		.section	.debug_aranges,"",%progbits
 540 0000 1C000000 		.4byte	0x1c
 541 0004 0200     		.2byte	0x2
 542 0006 00000000 		.4byte	.Ldebug_info0
 543 000a 04       		.byte	0x4
 544 000b 00       		.byte	0
 545 000c 0000     		.2byte	0
 546 000e 0000     		.2byte	0
ARM GAS  C:\Users\RECEPC~1\AppData\Local\Temp\cczK7Y4l.s 			page 14


 547 0010 00000000 		.4byte	.LFB0
 548 0014 F0000000 		.4byte	.LFE0-.LFB0
 549 0018 00000000 		.4byte	0
 550 001c 00000000 		.4byte	0
 551              		.section	.debug_ranges,"",%progbits
 552              	.Ldebug_ranges0:
 553 0000 00000000 		.4byte	.LFB0
 554 0004 F0000000 		.4byte	.LFE0
 555 0008 00000000 		.4byte	0
 556 000c 00000000 		.4byte	0
 557              		.section	.debug_line,"",%progbits
 558              	.Ldebug_line0:
 559 0000 A1000000 		.section	.debug_str,"MS",%progbits,1
 559      02006C00 
 559      00000201 
 559      FB0E0D00 
 559      01010101 
 560              	.LASF36:
 561 0000 5F554152 		.ascii	"_UART_MANAGERS_AVAILABLE_\000"
 561      545F4D41 
 561      4E414745 
 561      52535F41 
 561      5641494C 
 562              	.LASF9:
 563 001a 666C6F61 		.ascii	"float\000"
 563      7400
 564              	.LASF23:
 565 0020 55415254 		.ascii	"UART_NULL\000"
 565      5F4E554C 
 565      4C00
 566              	.LASF3:
 567 002a 73686F72 		.ascii	"short unsigned int\000"
 567      7420756E 
 567      7369676E 
 567      65642069 
 567      6E7400
 568              	.LASF8:
 569 003d 756E7369 		.ascii	"unsigned int\000"
 569      676E6564 
 569      20696E74 
 569      00
 570              	.LASF21:
 571 004a 55415254 		.ascii	"UART_DISPLAY1\000"
 571      5F444953 
 571      504C4159 
 571      3100
 572              	.LASF22:
 573 0058 55415254 		.ascii	"UART_DISPLAY2\000"
 573      5F444953 
 573      504C4159 
 573      3200
 574              	.LASF25:
 575 0066 72656164 		.ascii	"readStatus\000"
 575      53746174 
 575      757300
 576              	.LASF35:
 577 0071 433A5C54 		.ascii	"C:\\TeamInsepet\\NSX-Prime\\Hardware\\CorEx-MUX-Ker"
ARM GAS  C:\Users\RECEPC~1\AppData\Local\Temp\cczK7Y4l.s 			page 15


 577      65616D49 
 577      6E736570 
 577      65745C4E 
 577      53582D50 
 578 00a0 6E656C2D 		.ascii	"nel-Enhanced\\Workspace01\\CorEx-Mux-Kernel.cydsn\000"
 578      456E6861 
 578      6E636564 
 578      5C576F72 
 578      6B737061 
 579              	.LASF1:
 580 00d0 756E7369 		.ascii	"unsigned char\000"
 580      676E6564 
 580      20636861 
 580      7200
 581              	.LASF14:
 582 00de 72656738 		.ascii	"reg8\000"
 582      00
 583              	.LASF5:
 584 00e3 6C6F6E67 		.ascii	"long unsigned int\000"
 584      20756E73 
 584      69676E65 
 584      6420696E 
 584      7400
 585              	.LASF11:
 586 00f5 75696E74 		.ascii	"uint8\000"
 586      3800
 587              	.LASF34:
 588 00fb 2E5C4765 		.ascii	".\\Generated_Source\\PSoC5\\Display2_INT.c\000"
 588      6E657261 
 588      7465645F 
 588      536F7572 
 588      63655C50 
 589              	.LASF12:
 590 0123 63686172 		.ascii	"char8\000"
 590      3800
 591              	.LASF33:
 592 0129 474E5520 		.ascii	"GNU C 4.9.3 20150303 (release) [ARM/embedded-4_9-br"
 592      4320342E 
 592      392E3320 
 592      32303135 
 592      30333033 
 593 015c 616E6368 		.ascii	"anch revision 221220] -mcpu=cortex-m3 -mthumb -g -O"
 593      20726576 
 593      6973696F 
 593      6E203232 
 593      31323230 
 594 018f 30202D66 		.ascii	"0 -ffunction-sections -ffat-lto-objects\000"
 594      66756E63 
 594      74696F6E 
 594      2D736563 
 594      74696F6E 
 595              	.LASF10:
 596 01b7 646F7562 		.ascii	"double\000"
 596      6C6500
 597              	.LASF31:
 598 01be 44697370 		.ascii	"Display2_rxBufferLoopDetect\000"
 598      6C617932 
ARM GAS  C:\Users\RECEPC~1\AppData\Local\Temp\cczK7Y4l.s 			page 16


 598      5F727842 
 598      75666665 
 598      724C6F6F 
 599              	.LASF7:
 600 01da 6C6F6E67 		.ascii	"long long unsigned int\000"
 600      206C6F6E 
 600      6720756E 
 600      7369676E 
 600      65642069 
 601              	.LASF19:
 602 01f1 55415254 		.ascii	"UART_PRINTER\000"
 602      5F505249 
 602      4E544552 
 602      00
 603              	.LASF29:
 604 01fe 44697370 		.ascii	"Display2_rxBufferRead\000"
 604      6C617932 
 604      5F727842 
 604      75666665 
 604      72526561 
 605              	.LASF27:
 606 0214 44697370 		.ascii	"Display2_errorStatus\000"
 606      6C617932 
 606      5F657272 
 606      6F725374 
 606      61747573 
 607              	.LASF15:
 608 0229 73697A65 		.ascii	"sizetype\000"
 608      74797065 
 608      00
 609              	.LASF37:
 610 0232 44697370 		.ascii	"Display2_RXISR\000"
 610      6C617932 
 610      5F525849 
 610      535200
 611              	.LASF6:
 612 0241 6C6F6E67 		.ascii	"long long int\000"
 612      206C6F6E 
 612      6720696E 
 612      7400
 613              	.LASF26:
 614 024f 696E6372 		.ascii	"increment_pointer\000"
 614      656D656E 
 614      745F706F 
 614      696E7465 
 614      7200
 615              	.LASF32:
 616 0261 44697370 		.ascii	"Display2_rxBufferOverflow\000"
 616      6C617932 
 616      5F727842 
 616      75666665 
 616      724F7665 
 617              	.LASF30:
 618 027b 44697370 		.ascii	"Display2_rxBufferWrite\000"
 618      6C617932 
 618      5F727842 
 618      75666665 
ARM GAS  C:\Users\RECEPC~1\AppData\Local\Temp\cczK7Y4l.s 			page 17


 618      72577269 
 619              	.LASF2:
 620 0292 73686F72 		.ascii	"short int\000"
 620      7420696E 
 620      7400
 621              	.LASF18:
 622 029c 55415254 		.ascii	"UART_RF\000"
 622      5F524600 
 623              	.LASF4:
 624 02a4 6C6F6E67 		.ascii	"long int\000"
 624      20696E74 
 624      00
 625              	.LASF13:
 626 02ad 63686172 		.ascii	"char\000"
 626      00
 627              	.LASF28:
 628 02b2 44697370 		.ascii	"Display2_rxBuffer\000"
 628      6C617932 
 628      5F727842 
 628      75666665 
 628      7200
 629              	.LASF16:
 630 02c4 6C6F6E67 		.ascii	"long double\000"
 630      20646F75 
 630      626C6500 
 631              	.LASF0:
 632 02d0 7369676E 		.ascii	"signed char\000"
 632      65642063 
 632      68617200 
 633              	.LASF24:
 634 02dc 72656164 		.ascii	"readData\000"
 634      44617461 
 634      00
 635              	.LASF17:
 636 02e5 5F426F6F 		.ascii	"_Bool\000"
 636      6C00
 637              	.LASF20:
 638 02eb 55415254 		.ascii	"UART_DISPENSER\000"
 638      5F444953 
 638      50454E53 
 638      455200
 639              		.ident	"GCC: (GNU Tools for ARM Embedded Processors) 4.9.3 20150303 (release) [ARM/embedded-4_9-br
