ARM GAS  C:\Users\Lenovo\AppData\Local\Temp\ccvJW3EG.s 			page 1


   1              		.syntax unified
   2              		.cpu cortex-m3
   3              		.fpu softvfp
   4              		.eabi_attribute 20, 1
   5              		.eabi_attribute 21, 1
   6              		.eabi_attribute 23, 3
   7              		.eabi_attribute 24, 1
   8              		.eabi_attribute 25, 1
   9              		.eabi_attribute 26, 1
  10              		.eabi_attribute 30, 6
  11              		.eabi_attribute 34, 1
  12              		.eabi_attribute 18, 4
  13              		.thumb
  14              		.file	"DisplayCharacterMap.c"
  15              		.text
  16              	.Ltext0:
  17              		.cfi_sections	.debug_frame
  18              		.comm	HoseDispenser,1,1
  19              		.global	_g_charmaplut
  20              		.data
  21              		.align	2
  22              		.type	_g_charmaplut, %object
  23              		.size	_g_charmaplut, 80
  24              	_g_charmaplut:
  25 0000 01       		.byte	1
  26 0001 31       		.byte	49
  27 0002 02       		.byte	2
  28 0003 32       		.byte	50
  29 0004 03       		.byte	3
  30 0005 33       		.byte	51
  31 0006 04       		.byte	4
  32 0007 34       		.byte	52
  33 0008 05       		.byte	5
  34 0009 35       		.byte	53
  35 000a 06       		.byte	6
  36 000b 36       		.byte	54
  37 000c 07       		.byte	7
  38 000d 37       		.byte	55
  39 000e 08       		.byte	8
  40 000f 38       		.byte	56
  41 0010 09       		.byte	9
  42 0011 39       		.byte	57
  43 0012 0A       		.byte	10
  44 0013 30       		.byte	48
  45 0014 1B       		.byte	27
  46 0015 51       		.byte	81
  47 0016 1C       		.byte	28
  48 0017 57       		.byte	87
  49 0018 1D       		.byte	29
  50 0019 45       		.byte	69
  51 001a 1E       		.byte	30
  52 001b 52       		.byte	82
  53 001c 1F       		.byte	31
  54 001d 54       		.byte	84
  55 001e 20       		.byte	32
  56 001f 59       		.byte	89
  57 0020 21       		.byte	33
ARM GAS  C:\Users\Lenovo\AppData\Local\Temp\ccvJW3EG.s 			page 2


  58 0021 55       		.byte	85
  59 0022 22       		.byte	34
  60 0023 49       		.byte	73
  61 0024 23       		.byte	35
  62 0025 4F       		.byte	79
  63 0026 24       		.byte	36
  64 0027 50       		.byte	80
  65 0028 25       		.byte	37
  66 0029 41       		.byte	65
  67 002a 26       		.byte	38
  68 002b 53       		.byte	83
  69 002c 27       		.byte	39
  70 002d 44       		.byte	68
  71 002e 28       		.byte	40
  72 002f 46       		.byte	70
  73 0030 29       		.byte	41
  74 0031 47       		.byte	71
  75 0032 2A       		.byte	42
  76 0033 48       		.byte	72
  77 0034 2B       		.byte	43
  78 0035 4A       		.byte	74
  79 0036 2C       		.byte	44
  80 0037 4B       		.byte	75
  81 0038 2D       		.byte	45
  82 0039 4C       		.byte	76
  83 003a 2F       		.byte	47
  84 003b 5A       		.byte	90
  85 003c 30       		.byte	48
  86 003d 58       		.byte	88
  87 003e 31       		.byte	49
  88 003f 43       		.byte	67
  89 0040 32       		.byte	50
  90 0041 56       		.byte	86
  91 0042 42       		.byte	66
  92 0043 42       		.byte	66
  93 0044 34       		.byte	52
  94 0045 4E       		.byte	78
  95 0046 35       		.byte	53
  96 0047 4D       		.byte	77
  97 0048 6A       		.byte	106
  98 0049 2D       		.byte	45
  99 004a 68       		.byte	104
 100 004b 20       		.byte	32
 101 004c 51       		.byte	81
 102 004d 2C       		.byte	44
 103 004e 00       		.byte	0
 104 004f 00       		.byte	0
 105              		.section	.text.UnmapCode,"ax",%progbits
 106              		.align	2
 107              		.global	UnmapCode
 108              		.thumb
 109              		.thumb_func
 110              		.type	UnmapCode, %function
 111              	UnmapCode:
 112              	.LFB0:
 113              		.file 1 ".\\DisplayCharacterMap.c"
   1:.\DisplayCharacterMap.c **** /* ========================================
ARM GAS  C:\Users\Lenovo\AppData\Local\Temp\ccvJW3EG.s 			page 3


   2:.\DisplayCharacterMap.c ****  *
   3:.\DisplayCharacterMap.c ****  * Copyright INSEPET SISTEMAS, 2016
   4:.\DisplayCharacterMap.c ****  * All Rights Reserved
   5:.\DisplayCharacterMap.c ****  * UNPUBLISHED, LICENSED SOFTWARE.
   6:.\DisplayCharacterMap.c ****  *
   7:.\DisplayCharacterMap.c ****  * CONFIDENTIAL AND PROPRIETARY INFORMATION
   8:.\DisplayCharacterMap.c ****  * WHICH IS THE PROPERTY OF your company.
   9:.\DisplayCharacterMap.c ****  *
  10:.\DisplayCharacterMap.c ****  * ========================================
  11:.\DisplayCharacterMap.c **** @Created By: HIJH
  12:.\DisplayCharacterMap.c **** @Date: Septembre de 2016
  13:.\DisplayCharacterMap.c **** */
  14:.\DisplayCharacterMap.c **** #include "GlobalDefinitions.h"
  15:.\DisplayCharacterMap.c **** #include "Display.h"
  16:.\DisplayCharacterMap.c **** 
  17:.\DisplayCharacterMap.c **** //This LUT maps the incoming codes from the displays into their respective ASCII character
  18:.\DisplayCharacterMap.c **** DisplayCharacterMap _g_charmaplut[] =
  19:.\DisplayCharacterMap.c **** {
  20:.\DisplayCharacterMap.c ****     { 0x01, 0x31 }, { 0x02, 0x32 }, { 0x03, 0x33 }, { 0x04, 0x34 }, { 0x05, 0x35 }, { 0x06, 0x36 },
  21:.\DisplayCharacterMap.c ****     { 0x1B, (char8)'Q' }, { 0x1C, (char8)'W'}, { 0x1D, (char8)'E'}, { 0x1E, (char8)'R'}, { 0x1F, (c
  22:.\DisplayCharacterMap.c ****     { 0x25, (char8)'A'}, { 0x26, (char8)'S'}, { 0x27, (char8)'D'}, { 0x28, (char8)'F'}, { 0x29, (ch
  23:.\DisplayCharacterMap.c ****     { 0x2F, (char8)'Z'}, { 0x30, (char8)'X'}, { 0x31, (char8)'C'}, { 0x32, (char8)'V'}, { 0x42, (ch
  24:.\DisplayCharacterMap.c ****     { 0x6A, (char8)'-'}, { 0x68, (char8)' '}, { 0x51, (char8)','}, { 0x00, 0x00 }
  25:.\DisplayCharacterMap.c **** };
  26:.\DisplayCharacterMap.c **** 
  27:.\DisplayCharacterMap.c **** //@Created By: HIJH
  28:.\DisplayCharacterMap.c **** //@Septembre de 2016
  29:.\DisplayCharacterMap.c **** char8 UnmapCode(uint8 code)
  30:.\DisplayCharacterMap.c **** {
 114              		.loc 1 30 0
 115              		.cfi_startproc
 116              		@ args = 0, pretend = 0, frame = 16
 117              		@ frame_needed = 1, uses_anonymous_args = 0
 118              		@ link register save eliminated.
 119 0000 80B4     		push	{r7}
 120              		.cfi_def_cfa_offset 4
 121              		.cfi_offset 7, -4
 122 0002 85B0     		sub	sp, sp, #20
 123              		.cfi_def_cfa_offset 24
 124 0004 00AF     		add	r7, sp, #0
 125              		.cfi_def_cfa_register 7
 126 0006 0346     		mov	r3, r0
 127 0008 FB71     		strb	r3, [r7, #7]
  31:.\DisplayCharacterMap.c ****     char8 retval = 0x00;
 128              		.loc 1 31 0
 129 000a 0023     		movs	r3, #0
 130 000c FB73     		strb	r3, [r7, #15]
  32:.\DisplayCharacterMap.c ****     DisplayCharacterMap *pcharmap = _g_charmaplut;
 131              		.loc 1 32 0
 132 000e 0D4B     		ldr	r3, .L7
 133 0010 BB60     		str	r3, [r7, #8]
  33:.\DisplayCharacterMap.c ****     while(pcharmap->_refchar != 0x00)
 134              		.loc 1 33 0
 135 0012 0BE0     		b	.L2
 136              	.L5:
  34:.\DisplayCharacterMap.c ****     {
  35:.\DisplayCharacterMap.c ****         if(pcharmap->_refchar == code)
ARM GAS  C:\Users\Lenovo\AppData\Local\Temp\ccvJW3EG.s 			page 4


 137              		.loc 1 35 0
 138 0014 BB68     		ldr	r3, [r7, #8]
 139 0016 1B78     		ldrb	r3, [r3]	@ zero_extendqisi2
 140 0018 FA79     		ldrb	r2, [r7, #7]	@ zero_extendqisi2
 141 001a 9A42     		cmp	r2, r3
 142 001c 03D1     		bne	.L3
  36:.\DisplayCharacterMap.c ****         {
  37:.\DisplayCharacterMap.c ****             retval = pcharmap->_mappedto;
 143              		.loc 1 37 0
 144 001e BB68     		ldr	r3, [r7, #8]
 145 0020 5B78     		ldrb	r3, [r3, #1]
 146 0022 FB73     		strb	r3, [r7, #15]
  38:.\DisplayCharacterMap.c ****             break;
 147              		.loc 1 38 0
 148 0024 06E0     		b	.L4
 149              	.L3:
  39:.\DisplayCharacterMap.c ****         }
  40:.\DisplayCharacterMap.c ****         pcharmap++;
 150              		.loc 1 40 0
 151 0026 BB68     		ldr	r3, [r7, #8]
 152 0028 0233     		adds	r3, r3, #2
 153 002a BB60     		str	r3, [r7, #8]
 154              	.L2:
  33:.\DisplayCharacterMap.c ****     {
 155              		.loc 1 33 0
 156 002c BB68     		ldr	r3, [r7, #8]
 157 002e 1B78     		ldrb	r3, [r3]	@ zero_extendqisi2
 158 0030 002B     		cmp	r3, #0
 159 0032 EFD1     		bne	.L5
 160              	.L4:
  41:.\DisplayCharacterMap.c ****     }
  42:.\DisplayCharacterMap.c ****     return retval;
 161              		.loc 1 42 0
 162 0034 FB7B     		ldrb	r3, [r7, #15]	@ zero_extendqisi2
  43:.\DisplayCharacterMap.c **** }
 163              		.loc 1 43 0
 164 0036 1846     		mov	r0, r3
 165 0038 1437     		adds	r7, r7, #20
 166              		.cfi_def_cfa_offset 4
 167 003a BD46     		mov	sp, r7
 168              		.cfi_def_cfa_register 13
 169              		@ sp needed
 170 003c 5DF8047B 		ldr	r7, [sp], #4
 171              		.cfi_restore 7
 172              		.cfi_def_cfa_offset 0
 173 0040 7047     		bx	lr
 174              	.L8:
 175 0042 00BF     		.align	2
 176              	.L7:
 177 0044 00000000 		.word	_g_charmaplut
 178              		.cfi_endproc
 179              	.LFE0:
 180              		.size	UnmapCode, .-UnmapCode
 181              		.text
 182              	.Letext0:
 183              		.file 2 "Generated_Source\\PSoC5/cytypes.h"
 184              		.file 3 ".\\Display.h"
ARM GAS  C:\Users\Lenovo\AppData\Local\Temp\ccvJW3EG.s 			page 5


 185              		.file 4 ".\\GlobalDefinitions.h"
 186              		.section	.debug_info,"",%progbits
 187              	.Ldebug_info0:
 188 0000 52010000 		.4byte	0x152
 189 0004 0400     		.2byte	0x4
 190 0006 00000000 		.4byte	.Ldebug_abbrev0
 191 000a 04       		.byte	0x4
 192 000b 01       		.uleb128 0x1
 193 000c E5000000 		.4byte	.LASF24
 194 0010 01       		.byte	0x1
 195 0011 2E000000 		.4byte	.LASF25
 196 0015 7A010000 		.4byte	.LASF26
 197 0019 00000000 		.4byte	.Ldebug_ranges0+0
 198 001d 00000000 		.4byte	0
 199 0021 00000000 		.4byte	.Ldebug_line0
 200 0025 02       		.uleb128 0x2
 201 0026 01       		.byte	0x1
 202 0027 06       		.byte	0x6
 203 0028 E3010000 		.4byte	.LASF0
 204 002c 02       		.uleb128 0x2
 205 002d 01       		.byte	0x1
 206 002e 08       		.byte	0x8
 207 002f B6000000 		.4byte	.LASF1
 208 0033 02       		.uleb128 0x2
 209 0034 02       		.byte	0x2
 210 0035 05       		.byte	0x5
 211 0036 0A020000 		.4byte	.LASF2
 212 003a 02       		.uleb128 0x2
 213 003b 02       		.byte	0x2
 214 003c 07       		.byte	0x7
 215 003d 0E000000 		.4byte	.LASF3
 216 0041 02       		.uleb128 0x2
 217 0042 04       		.byte	0x4
 218 0043 05       		.byte	0x5
 219 0044 DC000000 		.4byte	.LASF4
 220 0048 02       		.uleb128 0x2
 221 0049 04       		.byte	0x4
 222 004a 07       		.byte	0x7
 223 004b 4C000000 		.4byte	.LASF5
 224 004f 02       		.uleb128 0x2
 225 0050 08       		.byte	0x8
 226 0051 05       		.byte	0x5
 227 0052 00000000 		.4byte	.LASF6
 228 0056 02       		.uleb128 0x2
 229 0057 08       		.byte	0x8
 230 0058 07       		.byte	0x7
 231 0059 68000000 		.4byte	.LASF7
 232 005d 03       		.uleb128 0x3
 233 005e 04       		.byte	0x4
 234 005f 05       		.byte	0x5
 235 0060 696E7400 		.ascii	"int\000"
 236 0064 02       		.uleb128 0x2
 237 0065 04       		.byte	0x4
 238 0066 07       		.byte	0x7
 239 0067 21000000 		.4byte	.LASF8
 240 006b 04       		.uleb128 0x4
 241 006c 46000000 		.4byte	.LASF11
ARM GAS  C:\Users\Lenovo\AppData\Local\Temp\ccvJW3EG.s 			page 6


 242 0070 02       		.byte	0x2
 243 0071 3801     		.2byte	0x138
 244 0073 2C000000 		.4byte	0x2c
 245 0077 02       		.uleb128 0x2
 246 0078 04       		.byte	0x4
 247 0079 04       		.byte	0x4
 248 007a 04020000 		.4byte	.LASF9
 249 007e 02       		.uleb128 0x2
 250 007f 08       		.byte	0x8
 251 0080 04       		.byte	0x4
 252 0081 73010000 		.4byte	.LASF10
 253 0085 04       		.uleb128 0x4
 254 0086 1D020000 		.4byte	.LASF12
 255 008a 02       		.byte	0x2
 256 008b 4901     		.2byte	0x149
 257 008d 91000000 		.4byte	0x91
 258 0091 02       		.uleb128 0x2
 259 0092 01       		.byte	0x1
 260 0093 08       		.byte	0x8
 261 0094 CD000000 		.4byte	.LASF13
 262 0098 02       		.uleb128 0x2
 263 0099 04       		.byte	0x4
 264 009a 07       		.byte	0x7
 265 009b 14020000 		.4byte	.LASF14
 266 009f 02       		.uleb128 0x2
 267 00a0 08       		.byte	0x8
 268 00a1 04       		.byte	0x4
 269 00a2 EF010000 		.4byte	.LASF15
 270 00a6 02       		.uleb128 0x2
 271 00a7 01       		.byte	0x1
 272 00a8 02       		.byte	0x2
 273 00a9 D8010000 		.4byte	.LASF16
 274 00ad 05       		.uleb128 0x5
 275 00ae 02       		.byte	0x2
 276 00af 03       		.byte	0x3
 277 00b0 A8       		.byte	0xa8
 278 00b1 CE000000 		.4byte	0xce
 279 00b5 06       		.uleb128 0x6
 280 00b6 C4000000 		.4byte	.LASF17
 281 00ba 03       		.byte	0x3
 282 00bb AA       		.byte	0xaa
 283 00bc 6B000000 		.4byte	0x6b
 284 00c0 00       		.byte	0
 285 00c1 06       		.uleb128 0x6
 286 00c2 D2000000 		.4byte	.LASF18
 287 00c6 03       		.byte	0x3
 288 00c7 AB       		.byte	0xab
 289 00c8 6B000000 		.4byte	0x6b
 290 00cc 01       		.byte	0x1
 291 00cd 00       		.byte	0
 292 00ce 07       		.uleb128 0x7
 293 00cf 7F000000 		.4byte	.LASF19
 294 00d3 03       		.byte	0x3
 295 00d4 AC       		.byte	0xac
 296 00d5 AD000000 		.4byte	0xad
 297 00d9 08       		.uleb128 0x8
 298 00da 5E000000 		.4byte	.LASF27
ARM GAS  C:\Users\Lenovo\AppData\Local\Temp\ccvJW3EG.s 			page 7


 299 00de 01       		.byte	0x1
 300 00df 1D       		.byte	0x1d
 301 00e0 85000000 		.4byte	0x85
 302 00e4 00000000 		.4byte	.LFB0
 303 00e8 48000000 		.4byte	.LFE0-.LFB0
 304 00ec 01       		.uleb128 0x1
 305 00ed 9C       		.byte	0x9c
 306 00ee 1D010000 		.4byte	0x11d
 307 00f2 09       		.uleb128 0x9
 308 00f3 DE010000 		.4byte	.LASF28
 309 00f7 01       		.byte	0x1
 310 00f8 1D       		.byte	0x1d
 311 00f9 6B000000 		.4byte	0x6b
 312 00fd 02       		.uleb128 0x2
 313 00fe 91       		.byte	0x91
 314 00ff 6F       		.sleb128 -17
 315 0100 0A       		.uleb128 0xa
 316 0101 AF000000 		.4byte	.LASF20
 317 0105 01       		.byte	0x1
 318 0106 1F       		.byte	0x1f
 319 0107 85000000 		.4byte	0x85
 320 010b 02       		.uleb128 0x2
 321 010c 91       		.byte	0x91
 322 010d 77       		.sleb128 -9
 323 010e 0A       		.uleb128 0xa
 324 010f FB010000 		.4byte	.LASF21
 325 0113 01       		.byte	0x1
 326 0114 20       		.byte	0x20
 327 0115 1D010000 		.4byte	0x11d
 328 0119 02       		.uleb128 0x2
 329 011a 91       		.byte	0x91
 330 011b 70       		.sleb128 -16
 331 011c 00       		.byte	0
 332 011d 0B       		.uleb128 0xb
 333 011e 04       		.byte	0x4
 334 011f CE000000 		.4byte	0xce
 335 0123 0C       		.uleb128 0xc
 336 0124 93000000 		.4byte	.LASF22
 337 0128 04       		.byte	0x4
 338 0129 52       		.byte	0x52
 339 012a 6B000000 		.4byte	0x6b
 340 012e 05       		.uleb128 0x5
 341 012f 03       		.byte	0x3
 342 0130 00000000 		.4byte	HoseDispenser
 343 0134 0D       		.uleb128 0xd
 344 0135 CE000000 		.4byte	0xce
 345 0139 44010000 		.4byte	0x144
 346 013d 0E       		.uleb128 0xe
 347 013e 98000000 		.4byte	0x98
 348 0142 27       		.byte	0x27
 349 0143 00       		.byte	0
 350 0144 0C       		.uleb128 0xc
 351 0145 A1000000 		.4byte	.LASF23
 352 0149 01       		.byte	0x1
 353 014a 12       		.byte	0x12
 354 014b 34010000 		.4byte	0x134
 355 014f 05       		.uleb128 0x5
ARM GAS  C:\Users\Lenovo\AppData\Local\Temp\ccvJW3EG.s 			page 8


 356 0150 03       		.byte	0x3
 357 0151 00000000 		.4byte	_g_charmaplut
 358 0155 00       		.byte	0
 359              		.section	.debug_abbrev,"",%progbits
 360              	.Ldebug_abbrev0:
 361 0000 01       		.uleb128 0x1
 362 0001 11       		.uleb128 0x11
 363 0002 01       		.byte	0x1
 364 0003 25       		.uleb128 0x25
 365 0004 0E       		.uleb128 0xe
 366 0005 13       		.uleb128 0x13
 367 0006 0B       		.uleb128 0xb
 368 0007 03       		.uleb128 0x3
 369 0008 0E       		.uleb128 0xe
 370 0009 1B       		.uleb128 0x1b
 371 000a 0E       		.uleb128 0xe
 372 000b 55       		.uleb128 0x55
 373 000c 17       		.uleb128 0x17
 374 000d 11       		.uleb128 0x11
 375 000e 01       		.uleb128 0x1
 376 000f 10       		.uleb128 0x10
 377 0010 17       		.uleb128 0x17
 378 0011 00       		.byte	0
 379 0012 00       		.byte	0
 380 0013 02       		.uleb128 0x2
 381 0014 24       		.uleb128 0x24
 382 0015 00       		.byte	0
 383 0016 0B       		.uleb128 0xb
 384 0017 0B       		.uleb128 0xb
 385 0018 3E       		.uleb128 0x3e
 386 0019 0B       		.uleb128 0xb
 387 001a 03       		.uleb128 0x3
 388 001b 0E       		.uleb128 0xe
 389 001c 00       		.byte	0
 390 001d 00       		.byte	0
 391 001e 03       		.uleb128 0x3
 392 001f 24       		.uleb128 0x24
 393 0020 00       		.byte	0
 394 0021 0B       		.uleb128 0xb
 395 0022 0B       		.uleb128 0xb
 396 0023 3E       		.uleb128 0x3e
 397 0024 0B       		.uleb128 0xb
 398 0025 03       		.uleb128 0x3
 399 0026 08       		.uleb128 0x8
 400 0027 00       		.byte	0
 401 0028 00       		.byte	0
 402 0029 04       		.uleb128 0x4
 403 002a 16       		.uleb128 0x16
 404 002b 00       		.byte	0
 405 002c 03       		.uleb128 0x3
 406 002d 0E       		.uleb128 0xe
 407 002e 3A       		.uleb128 0x3a
 408 002f 0B       		.uleb128 0xb
 409 0030 3B       		.uleb128 0x3b
 410 0031 05       		.uleb128 0x5
 411 0032 49       		.uleb128 0x49
 412 0033 13       		.uleb128 0x13
ARM GAS  C:\Users\Lenovo\AppData\Local\Temp\ccvJW3EG.s 			page 9


 413 0034 00       		.byte	0
 414 0035 00       		.byte	0
 415 0036 05       		.uleb128 0x5
 416 0037 13       		.uleb128 0x13
 417 0038 01       		.byte	0x1
 418 0039 0B       		.uleb128 0xb
 419 003a 0B       		.uleb128 0xb
 420 003b 3A       		.uleb128 0x3a
 421 003c 0B       		.uleb128 0xb
 422 003d 3B       		.uleb128 0x3b
 423 003e 0B       		.uleb128 0xb
 424 003f 01       		.uleb128 0x1
 425 0040 13       		.uleb128 0x13
 426 0041 00       		.byte	0
 427 0042 00       		.byte	0
 428 0043 06       		.uleb128 0x6
 429 0044 0D       		.uleb128 0xd
 430 0045 00       		.byte	0
 431 0046 03       		.uleb128 0x3
 432 0047 0E       		.uleb128 0xe
 433 0048 3A       		.uleb128 0x3a
 434 0049 0B       		.uleb128 0xb
 435 004a 3B       		.uleb128 0x3b
 436 004b 0B       		.uleb128 0xb
 437 004c 49       		.uleb128 0x49
 438 004d 13       		.uleb128 0x13
 439 004e 38       		.uleb128 0x38
 440 004f 0B       		.uleb128 0xb
 441 0050 00       		.byte	0
 442 0051 00       		.byte	0
 443 0052 07       		.uleb128 0x7
 444 0053 16       		.uleb128 0x16
 445 0054 00       		.byte	0
 446 0055 03       		.uleb128 0x3
 447 0056 0E       		.uleb128 0xe
 448 0057 3A       		.uleb128 0x3a
 449 0058 0B       		.uleb128 0xb
 450 0059 3B       		.uleb128 0x3b
 451 005a 0B       		.uleb128 0xb
 452 005b 49       		.uleb128 0x49
 453 005c 13       		.uleb128 0x13
 454 005d 00       		.byte	0
 455 005e 00       		.byte	0
 456 005f 08       		.uleb128 0x8
 457 0060 2E       		.uleb128 0x2e
 458 0061 01       		.byte	0x1
 459 0062 3F       		.uleb128 0x3f
 460 0063 19       		.uleb128 0x19
 461 0064 03       		.uleb128 0x3
 462 0065 0E       		.uleb128 0xe
 463 0066 3A       		.uleb128 0x3a
 464 0067 0B       		.uleb128 0xb
 465 0068 3B       		.uleb128 0x3b
 466 0069 0B       		.uleb128 0xb
 467 006a 27       		.uleb128 0x27
 468 006b 19       		.uleb128 0x19
 469 006c 49       		.uleb128 0x49
ARM GAS  C:\Users\Lenovo\AppData\Local\Temp\ccvJW3EG.s 			page 10


 470 006d 13       		.uleb128 0x13
 471 006e 11       		.uleb128 0x11
 472 006f 01       		.uleb128 0x1
 473 0070 12       		.uleb128 0x12
 474 0071 06       		.uleb128 0x6
 475 0072 40       		.uleb128 0x40
 476 0073 18       		.uleb128 0x18
 477 0074 9742     		.uleb128 0x2117
 478 0076 19       		.uleb128 0x19
 479 0077 01       		.uleb128 0x1
 480 0078 13       		.uleb128 0x13
 481 0079 00       		.byte	0
 482 007a 00       		.byte	0
 483 007b 09       		.uleb128 0x9
 484 007c 05       		.uleb128 0x5
 485 007d 00       		.byte	0
 486 007e 03       		.uleb128 0x3
 487 007f 0E       		.uleb128 0xe
 488 0080 3A       		.uleb128 0x3a
 489 0081 0B       		.uleb128 0xb
 490 0082 3B       		.uleb128 0x3b
 491 0083 0B       		.uleb128 0xb
 492 0084 49       		.uleb128 0x49
 493 0085 13       		.uleb128 0x13
 494 0086 02       		.uleb128 0x2
 495 0087 18       		.uleb128 0x18
 496 0088 00       		.byte	0
 497 0089 00       		.byte	0
 498 008a 0A       		.uleb128 0xa
 499 008b 34       		.uleb128 0x34
 500 008c 00       		.byte	0
 501 008d 03       		.uleb128 0x3
 502 008e 0E       		.uleb128 0xe
 503 008f 3A       		.uleb128 0x3a
 504 0090 0B       		.uleb128 0xb
 505 0091 3B       		.uleb128 0x3b
 506 0092 0B       		.uleb128 0xb
 507 0093 49       		.uleb128 0x49
 508 0094 13       		.uleb128 0x13
 509 0095 02       		.uleb128 0x2
 510 0096 18       		.uleb128 0x18
 511 0097 00       		.byte	0
 512 0098 00       		.byte	0
 513 0099 0B       		.uleb128 0xb
 514 009a 0F       		.uleb128 0xf
 515 009b 00       		.byte	0
 516 009c 0B       		.uleb128 0xb
 517 009d 0B       		.uleb128 0xb
 518 009e 49       		.uleb128 0x49
 519 009f 13       		.uleb128 0x13
 520 00a0 00       		.byte	0
 521 00a1 00       		.byte	0
 522 00a2 0C       		.uleb128 0xc
 523 00a3 34       		.uleb128 0x34
 524 00a4 00       		.byte	0
 525 00a5 03       		.uleb128 0x3
 526 00a6 0E       		.uleb128 0xe
ARM GAS  C:\Users\Lenovo\AppData\Local\Temp\ccvJW3EG.s 			page 11


 527 00a7 3A       		.uleb128 0x3a
 528 00a8 0B       		.uleb128 0xb
 529 00a9 3B       		.uleb128 0x3b
 530 00aa 0B       		.uleb128 0xb
 531 00ab 49       		.uleb128 0x49
 532 00ac 13       		.uleb128 0x13
 533 00ad 3F       		.uleb128 0x3f
 534 00ae 19       		.uleb128 0x19
 535 00af 02       		.uleb128 0x2
 536 00b0 18       		.uleb128 0x18
 537 00b1 00       		.byte	0
 538 00b2 00       		.byte	0
 539 00b3 0D       		.uleb128 0xd
 540 00b4 01       		.uleb128 0x1
 541 00b5 01       		.byte	0x1
 542 00b6 49       		.uleb128 0x49
 543 00b7 13       		.uleb128 0x13
 544 00b8 01       		.uleb128 0x1
 545 00b9 13       		.uleb128 0x13
 546 00ba 00       		.byte	0
 547 00bb 00       		.byte	0
 548 00bc 0E       		.uleb128 0xe
 549 00bd 21       		.uleb128 0x21
 550 00be 00       		.byte	0
 551 00bf 49       		.uleb128 0x49
 552 00c0 13       		.uleb128 0x13
 553 00c1 2F       		.uleb128 0x2f
 554 00c2 0B       		.uleb128 0xb
 555 00c3 00       		.byte	0
 556 00c4 00       		.byte	0
 557 00c5 00       		.byte	0
 558              		.section	.debug_aranges,"",%progbits
 559 0000 1C000000 		.4byte	0x1c
 560 0004 0200     		.2byte	0x2
 561 0006 00000000 		.4byte	.Ldebug_info0
 562 000a 04       		.byte	0x4
 563 000b 00       		.byte	0
 564 000c 0000     		.2byte	0
 565 000e 0000     		.2byte	0
 566 0010 00000000 		.4byte	.LFB0
 567 0014 48000000 		.4byte	.LFE0-.LFB0
 568 0018 00000000 		.4byte	0
 569 001c 00000000 		.4byte	0
 570              		.section	.debug_ranges,"",%progbits
 571              	.Ldebug_ranges0:
 572 0000 00000000 		.4byte	.LFB0
 573 0004 48000000 		.4byte	.LFE0
 574 0008 00000000 		.4byte	0
 575 000c 00000000 		.4byte	0
 576              		.section	.debug_line,"",%progbits
 577              	.Ldebug_line0:
 578 0000 9D000000 		.section	.debug_str,"MS",%progbits,1
 578      02007A00 
 578      00000201 
 578      FB0E0D00 
 578      01010101 
 579              	.LASF6:
ARM GAS  C:\Users\Lenovo\AppData\Local\Temp\ccvJW3EG.s 			page 12


 580 0000 6C6F6E67 		.ascii	"long long int\000"
 580      206C6F6E 
 580      6720696E 
 580      7400
 581              	.LASF3:
 582 000e 73686F72 		.ascii	"short unsigned int\000"
 582      7420756E 
 582      7369676E 
 582      65642069 
 582      6E7400
 583              	.LASF8:
 584 0021 756E7369 		.ascii	"unsigned int\000"
 584      676E6564 
 584      20696E74 
 584      00
 585              	.LASF25:
 586 002e 2E5C4469 		.ascii	".\\DisplayCharacterMap.c\000"
 586      73706C61 
 586      79436861 
 586      72616374 
 586      65724D61 
 587              	.LASF11:
 588 0046 75696E74 		.ascii	"uint8\000"
 588      3800
 589              	.LASF5:
 590 004c 6C6F6E67 		.ascii	"long unsigned int\000"
 590      20756E73 
 590      69676E65 
 590      6420696E 
 590      7400
 591              	.LASF27:
 592 005e 556E6D61 		.ascii	"UnmapCode\000"
 592      70436F64 
 592      6500
 593              	.LASF7:
 594 0068 6C6F6E67 		.ascii	"long long unsigned int\000"
 594      206C6F6E 
 594      6720756E 
 594      7369676E 
 594      65642069 
 595              	.LASF19:
 596 007f 44697370 		.ascii	"DisplayCharacterMap\000"
 596      6C617943 
 596      68617261 
 596      63746572 
 596      4D617000 
 597              	.LASF22:
 598 0093 486F7365 		.ascii	"HoseDispenser\000"
 598      44697370 
 598      656E7365 
 598      7200
 599              	.LASF23:
 600 00a1 5F675F63 		.ascii	"_g_charmaplut\000"
 600      6861726D 
 600      61706C75 
 600      7400
 601              	.LASF20:
ARM GAS  C:\Users\Lenovo\AppData\Local\Temp\ccvJW3EG.s 			page 13


 602 00af 72657476 		.ascii	"retval\000"
 602      616C00
 603              	.LASF1:
 604 00b6 756E7369 		.ascii	"unsigned char\000"
 604      676E6564 
 604      20636861 
 604      7200
 605              	.LASF17:
 606 00c4 5F726566 		.ascii	"_refchar\000"
 606      63686172 
 606      00
 607              	.LASF13:
 608 00cd 63686172 		.ascii	"char\000"
 608      00
 609              	.LASF18:
 610 00d2 5F6D6170 		.ascii	"_mappedto\000"
 610      70656474 
 610      6F00
 611              	.LASF4:
 612 00dc 6C6F6E67 		.ascii	"long int\000"
 612      20696E74 
 612      00
 613              	.LASF24:
 614 00e5 474E5520 		.ascii	"GNU C 4.9.3 20150303 (release) [ARM/embedded-4_9-br"
 614      4320342E 
 614      392E3320 
 614      32303135 
 614      30333033 
 615 0118 616E6368 		.ascii	"anch revision 221220] -mcpu=cortex-m3 -mthumb -g -O"
 615      20726576 
 615      6973696F 
 615      6E203232 
 615      31323230 
 616 014b 30202D66 		.ascii	"0 -ffunction-sections -ffat-lto-objects\000"
 616      66756E63 
 616      74696F6E 
 616      2D736563 
 616      74696F6E 
 617              	.LASF10:
 618 0173 646F7562 		.ascii	"double\000"
 618      6C6500
 619              	.LASF26:
 620 017a 433A5C55 		.ascii	"C:\\Users\\Lenovo\\Documents\\GitHub\\CorEx-MUX-Ker"
 620      73657273 
 620      5C4C656E 
 620      6F766F5C 
 620      446F6375 
 621 01a8 6E656C2D 		.ascii	"nel-Enhanced\\Workspace01\\CorEx-Mux-Kernel.cydsn\000"
 621      456E6861 
 621      6E636564 
 621      5C576F72 
 621      6B737061 
 622              	.LASF16:
 623 01d8 5F426F6F 		.ascii	"_Bool\000"
 623      6C00
 624              	.LASF28:
 625 01de 636F6465 		.ascii	"code\000"
ARM GAS  C:\Users\Lenovo\AppData\Local\Temp\ccvJW3EG.s 			page 14


 625      00
 626              	.LASF0:
 627 01e3 7369676E 		.ascii	"signed char\000"
 627      65642063 
 627      68617200 
 628              	.LASF15:
 629 01ef 6C6F6E67 		.ascii	"long double\000"
 629      20646F75 
 629      626C6500 
 630              	.LASF21:
 631 01fb 70636861 		.ascii	"pcharmap\000"
 631      726D6170 
 631      00
 632              	.LASF9:
 633 0204 666C6F61 		.ascii	"float\000"
 633      7400
 634              	.LASF2:
 635 020a 73686F72 		.ascii	"short int\000"
 635      7420696E 
 635      7400
 636              	.LASF14:
 637 0214 73697A65 		.ascii	"sizetype\000"
 637      74797065 
 637      00
 638              	.LASF12:
 639 021d 63686172 		.ascii	"char8\000"
 639      3800
 640              		.ident	"GCC: (GNU Tools for ARM Embedded Processors) 4.9.3 20150303 (release) [ARM/embedded-4_9-br
