ARM GAS  C:\Users\Lenovo\AppData\Local\Temp\ccZMg7Tg.s 			page 1


   1              		.syntax unified
   2              		.cpu cortex-m3
   3              		.fpu softvfp
   4              		.eabi_attribute 20, 1
   5              		.eabi_attribute 21, 1
   6              		.eabi_attribute 23, 3
   7              		.eabi_attribute 24, 1
   8              		.eabi_attribute 25, 1
   9              		.eabi_attribute 26, 1
  10              		.eabi_attribute 30, 6
  11              		.eabi_attribute 34, 1
  12              		.eabi_attribute 18, 4
  13              		.thumb
  14              		.file	"EepromManager.c"
  15              		.text
  16              	.Ltext0:
  17              		.cfi_sections	.debug_frame
  18              		.comm	HoseDispenser,1,1
  19              		.global	_g_i2cstart
  20              		.data
  21              		.type	_g_i2cstart, %object
  22              		.size	_g_i2cstart, 1
  23              	_g_i2cstart:
  24 0000 01       		.byte	1
  25              		.global	_g_i2cbuslock
  26              		.bss
  27              		.type	_g_i2cbuslock, %object
  28              		.size	_g_i2cbuslock, 1
  29              	_g_i2cbuslock:
  30 0000 00       		.space	1
  31              		.comm	_g_eeprom,66,4
  32              		.section	.text.GetEepromBuffer,"ax",%progbits
  33              		.align	2
  34              		.global	GetEepromBuffer
  35              		.thumb
  36              		.thumb_func
  37              		.type	GetEepromBuffer, %function
  38              	GetEepromBuffer:
  39              	.LFB63:
  40              		.file 1 ".\\EepromManager.c"
   1:.\EepromManager.c **** /* ========================================
   2:.\EepromManager.c ****  *
   3:.\EepromManager.c ****  * Copyright INSEPET SISTEMAS, 2016
   4:.\EepromManager.c ****  * All Rights Reserved
   5:.\EepromManager.c ****  * UNPUBLISHED, LICENSED SOFTWARE.
   6:.\EepromManager.c ****  *
   7:.\EepromManager.c ****  * CONFIDENTIAL AND PROPRIETARY INFORMATION
   8:.\EepromManager.c ****  * WHICH IS THE PROPERTY OF your company.
   9:.\EepromManager.c ****  *
  10:.\EepromManager.c ****  * ========================================
  11:.\EepromManager.c **** @Created by: HIJH
  12:.\EepromManager.c **** @Date: Septembre 2 de 2016
  13:.\EepromManager.c **** */
  14:.\EepromManager.c **** 
  15:.\EepromManager.c **** #include <project.h>
  16:.\EepromManager.c **** #include "GlobalDefinitions.h"
  17:.\EepromManager.c **** #include "Eeprom.h"
ARM GAS  C:\Users\Lenovo\AppData\Local\Temp\ccZMg7Tg.s 			page 2


  18:.\EepromManager.c **** 
  19:.\EepromManager.c **** volatile bool _g_i2cstart = true;
  20:.\EepromManager.c **** volatile bool _g_i2cbuslock = false;
  21:.\EepromManager.c **** 
  22:.\EepromManager.c **** uint8 _g_eeprom[_EEPROM_PAGE_RAWSIZE_];
  23:.\EepromManager.c **** 
  24:.\EepromManager.c **** //@Created By: HIJH
  25:.\EepromManager.c **** //@Septembre de 2016
  26:.\EepromManager.c **** uint8* GetEepromBuffer()
  27:.\EepromManager.c **** {
  41              		.loc 1 27 0
  42              		.cfi_startproc
  43              		@ args = 0, pretend = 0, frame = 0
  44              		@ frame_needed = 1, uses_anonymous_args = 0
  45              		@ link register save eliminated.
  46 0000 80B4     		push	{r7}
  47              		.cfi_def_cfa_offset 4
  48              		.cfi_offset 7, -4
  49 0002 00AF     		add	r7, sp, #0
  50              		.cfi_def_cfa_register 7
  28:.\EepromManager.c ****     return &(_g_eeprom[0x02]);
  51              		.loc 1 28 0
  52 0004 024B     		ldr	r3, .L3
  29:.\EepromManager.c **** }
  53              		.loc 1 29 0
  54 0006 1846     		mov	r0, r3
  55 0008 BD46     		mov	sp, r7
  56              		.cfi_def_cfa_register 13
  57              		@ sp needed
  58 000a 5DF8047B 		ldr	r7, [sp], #4
  59              		.cfi_restore 7
  60              		.cfi_def_cfa_offset 0
  61 000e 7047     		bx	lr
  62              	.L4:
  63              		.align	2
  64              	.L3:
  65 0010 02000000 		.word	_g_eeprom+2
  66              		.cfi_endproc
  67              	.LFE63:
  68              		.size	GetEepromBuffer, .-GetEepromBuffer
  69              		.section	.text.I2CBusUnlock,"ax",%progbits
  70              		.align	2
  71              		.global	I2CBusUnlock
  72              		.thumb
  73              		.thumb_func
  74              		.type	I2CBusUnlock, %function
  75              	I2CBusUnlock:
  76              	.LFB64:
  30:.\EepromManager.c **** 
  31:.\EepromManager.c **** 
  32:.\EepromManager.c **** void I2CBusUnlock()
  33:.\EepromManager.c **** {
  77              		.loc 1 33 0
  78              		.cfi_startproc
  79              		@ args = 0, pretend = 0, frame = 0
  80              		@ frame_needed = 1, uses_anonymous_args = 0
  81 0000 80B5     		push	{r7, lr}
ARM GAS  C:\Users\Lenovo\AppData\Local\Temp\ccZMg7Tg.s 			page 3


  82              		.cfi_def_cfa_offset 8
  83              		.cfi_offset 7, -8
  84              		.cfi_offset 14, -4
  85 0002 00AF     		add	r7, sp, #0
  86              		.cfi_def_cfa_register 7
  34:.\EepromManager.c ****     //I2C Bus Unlock
  35:.\EepromManager.c ****     I2C_Bus_MasterClearStatus();
  87              		.loc 1 35 0
  88 0004 FFF7FEFF 		bl	I2C_Bus_MasterClearStatus
  36:.\EepromManager.c ****     _g_i2cbuslock = false;
  89              		.loc 1 36 0
  90 0008 014B     		ldr	r3, .L6
  91 000a 0022     		movs	r2, #0
  92 000c 1A70     		strb	r2, [r3]
  37:.\EepromManager.c **** }
  93              		.loc 1 37 0
  94 000e 80BD     		pop	{r7, pc}
  95              	.L7:
  96              		.align	2
  97              	.L6:
  98 0010 00000000 		.word	_g_i2cbuslock
  99              		.cfi_endproc
 100              	.LFE64:
 101              		.size	I2CBusUnlock, .-I2CBusUnlock
 102              		.section	.text.LoadEepromPage,"ax",%progbits
 103              		.align	2
 104              		.global	LoadEepromPage
 105              		.thumb
 106              		.thumb_func
 107              		.type	LoadEepromPage, %function
 108              	LoadEepromPage:
 109              	.LFB65:
  38:.\EepromManager.c **** 
  39:.\EepromManager.c **** 
  40:.\EepromManager.c **** //@Created By: HIJH
  41:.\EepromManager.c **** //@Septembre de 2016
  42:.\EepromManager.c **** void LoadEepromPage(uint16 page)
  43:.\EepromManager.c **** {
 110              		.loc 1 43 0
 111              		.cfi_startproc
 112              		@ args = 0, pretend = 0, frame = 16
 113              		@ frame_needed = 1, uses_anonymous_args = 0
 114 0000 90B5     		push	{r4, r7, lr}
 115              		.cfi_def_cfa_offset 12
 116              		.cfi_offset 4, -12
 117              		.cfi_offset 7, -8
 118              		.cfi_offset 14, -4
 119 0002 85B0     		sub	sp, sp, #20
 120              		.cfi_def_cfa_offset 32
 121 0004 00AF     		add	r7, sp, #0
 122              		.cfi_def_cfa_register 7
 123 0006 0346     		mov	r3, r0
 124 0008 FB80     		strh	r3, [r7, #6]	@ movhi
  44:.\EepromManager.c ****     //I2C_Bus_MasterStatus();
  45:.\EepromManager.c ****     
  46:.\EepromManager.c ****     I2C_Bus_MasterClearStatus();    
 125              		.loc 1 46 0
ARM GAS  C:\Users\Lenovo\AppData\Local\Temp\ccZMg7Tg.s 			page 4


 126 000a FFF7FEFF 		bl	I2C_Bus_MasterClearStatus
  47:.\EepromManager.c ****     _g_eeprom[0] = (page >> 8) & 0xFF; _g_eeprom[1] = page & 0xFF;
 127              		.loc 1 47 0
 128 000e FB88     		ldrh	r3, [r7, #6]
 129 0010 1B0A     		lsrs	r3, r3, #8
 130 0012 9BB2     		uxth	r3, r3
 131 0014 DAB2     		uxtb	r2, r3
 132 0016 1E4B     		ldr	r3, .L15
 133 0018 1A70     		strb	r2, [r3]
 134 001a FB88     		ldrh	r3, [r7, #6]	@ movhi
 135 001c DAB2     		uxtb	r2, r3
 136 001e 1C4B     		ldr	r3, .L15
 137 0020 5A70     		strb	r2, [r3, #1]
  48:.\EepromManager.c ****     uint16 status = I2C_Bus_MasterSendStart(_EEPROM_SLAVE_ADDRESS_BY_MEMARRAY_, I2C_Bus_WRITE_XFER_
 138              		.loc 1 48 0
 139 0022 5420     		movs	r0, #84
 140 0024 0021     		movs	r1, #0
 141 0026 FFF7FEFF 		bl	I2C_Bus_MasterSendStart
 142 002a 0346     		mov	r3, r0
 143 002c BB81     		strh	r3, [r7, #12]	@ movhi
  49:.\EepromManager.c ****     if(I2C_Bus_MSTR_NO_ERROR == status)
 144              		.loc 1 49 0
 145 002e BB89     		ldrh	r3, [r7, #12]
 146 0030 002B     		cmp	r3, #0
 147 0032 2AD1     		bne	.L8
 148              	.LBB2:
  50:.\EepromManager.c ****     {
  51:.\EepromManager.c ****         FOR(uint8 index = 0, index < 2, index++)
 149              		.loc 1 51 0
 150 0034 0023     		movs	r3, #0
 151 0036 FB73     		strb	r3, [r7, #15]
 152 0038 08E0     		b	.L10
 153              	.L11:
  52:.\EepromManager.c ****             I2C_Bus_MasterWriteByte(_g_eeprom[index]);
 154              		.loc 1 52 0 discriminator 3
 155 003a FB7B     		ldrb	r3, [r7, #15]	@ zero_extendqisi2
 156 003c 144A     		ldr	r2, .L15
 157 003e D35C     		ldrb	r3, [r2, r3]	@ zero_extendqisi2
 158 0040 1846     		mov	r0, r3
 159 0042 FFF7FEFF 		bl	I2C_Bus_MasterWriteByte
  51:.\EepromManager.c ****             I2C_Bus_MasterWriteByte(_g_eeprom[index]);
 160              		.loc 1 51 0 discriminator 3
 161 0046 FB7B     		ldrb	r3, [r7, #15]	@ zero_extendqisi2
 162 0048 0133     		adds	r3, r3, #1
 163 004a FB73     		strb	r3, [r7, #15]
 164              	.L10:
  51:.\EepromManager.c ****             I2C_Bus_MasterWriteByte(_g_eeprom[index]);
 165              		.loc 1 51 0 is_stmt 0 discriminator 1
 166 004c FB7B     		ldrb	r3, [r7, #15]	@ zero_extendqisi2
 167 004e 012B     		cmp	r3, #1
 168 0050 F3D9     		bls	.L11
  53:.\EepromManager.c ****             
  54:.\EepromManager.c ****         status = I2C_Bus_MasterSendRestart(_EEPROM_SLAVE_ADDRESS_BY_MEMARRAY_, I2C_Bus_READ_XFER_MO
 169              		.loc 1 54 0 is_stmt 1
 170 0052 5420     		movs	r0, #84
 171 0054 0121     		movs	r1, #1
 172 0056 FFF7FEFF 		bl	I2C_Bus_MasterSendRestart
ARM GAS  C:\Users\Lenovo\AppData\Local\Temp\ccZMg7Tg.s 			page 5


 173 005a 0346     		mov	r3, r0
 174 005c BB81     		strh	r3, [r7, #12]	@ movhi
  55:.\EepromManager.c ****         if(I2C_Bus_MSTR_NO_ERROR == status)
 175              		.loc 1 55 0
 176 005e BB89     		ldrh	r3, [r7, #12]
 177 0060 002B     		cmp	r3, #0
 178 0062 10D1     		bne	.L12
  56:.\EepromManager.c ****         {
  57:.\EepromManager.c ****             FOR(index = 2, index < _EEPROM_PAGE_RAWSIZE_, index++)
 179              		.loc 1 57 0
 180 0064 0223     		movs	r3, #2
 181 0066 FB73     		strb	r3, [r7, #15]
 182 0068 0AE0     		b	.L13
 183              	.L14:
  58:.\EepromManager.c ****                 _g_eeprom[index] = I2C_Bus_MasterReadByte(I2C_Bus_ACK_DATA);
 184              		.loc 1 58 0 discriminator 3
 185 006a FC7B     		ldrb	r4, [r7, #15]	@ zero_extendqisi2
 186 006c 0120     		movs	r0, #1
 187 006e FFF7FEFF 		bl	I2C_Bus_MasterReadByte
 188 0072 0346     		mov	r3, r0
 189 0074 1A46     		mov	r2, r3
 190 0076 064B     		ldr	r3, .L15
 191 0078 1A55     		strb	r2, [r3, r4]
  57:.\EepromManager.c ****                 _g_eeprom[index] = I2C_Bus_MasterReadByte(I2C_Bus_ACK_DATA);
 192              		.loc 1 57 0 discriminator 3
 193 007a FB7B     		ldrb	r3, [r7, #15]	@ zero_extendqisi2
 194 007c 0133     		adds	r3, r3, #1
 195 007e FB73     		strb	r3, [r7, #15]
 196              	.L13:
  57:.\EepromManager.c ****                 _g_eeprom[index] = I2C_Bus_MasterReadByte(I2C_Bus_ACK_DATA);
 197              		.loc 1 57 0 is_stmt 0 discriminator 1
 198 0080 FB7B     		ldrb	r3, [r7, #15]	@ zero_extendqisi2
 199 0082 412B     		cmp	r3, #65
 200 0084 F1D9     		bls	.L14
 201              	.L12:
  59:.\EepromManager.c ****                 
  60:.\EepromManager.c ****         }
  61:.\EepromManager.c ****         I2C_Bus_MasterSendStop();
 202              		.loc 1 61 0 is_stmt 1
 203 0086 FFF7FEFF 		bl	I2C_Bus_MasterSendStop
 204              	.L8:
 205              	.LBE2:
  62:.\EepromManager.c ****     }
  63:.\EepromManager.c **** }
 206              		.loc 1 63 0
 207 008a 1437     		adds	r7, r7, #20
 208              		.cfi_def_cfa_offset 12
 209 008c BD46     		mov	sp, r7
 210              		.cfi_def_cfa_register 13
 211              		@ sp needed
 212 008e 90BD     		pop	{r4, r7, pc}
 213              	.L16:
 214              		.align	2
 215              	.L15:
 216 0090 00000000 		.word	_g_eeprom
 217              		.cfi_endproc
 218              	.LFE65:
ARM GAS  C:\Users\Lenovo\AppData\Local\Temp\ccZMg7Tg.s 			page 6


 219              		.size	LoadEepromPage, .-LoadEepromPage
 220              		.global	__aeabi_i2d
 221              		.global	__aeabi_dmul
 222              		.global	__aeabi_ddiv
 223              		.global	__aeabi_d2uiz
 224              		.section	.text.I2CBusLock,"ax",%progbits
 225              		.align	2
 226              		.global	I2CBusLock
 227              		.thumb
 228              		.thumb_func
 229              		.type	I2CBusLock, %function
 230              	I2CBusLock:
 231              	.LFB66:
  64:.\EepromManager.c **** 
  65:.\EepromManager.c **** //@Created by: HIJH
  66:.\EepromManager.c **** //@Date: Octobre de 2016
  67:.\EepromManager.c **** //This function provides exclusive access to the I2C bus by blocking 
  68:.\EepromManager.c **** //the signaling flag. It attempts to "Desynchronize" concurrent access if any.
  69:.\EepromManager.c ****  void I2CBusLock()
  70:.\EepromManager.c **** {
 232              		.loc 1 70 0
 233              		.cfi_startproc
 234              		@ args = 0, pretend = 0, frame = 8
 235              		@ frame_needed = 1, uses_anonymous_args = 0
 236 0000 80B5     		push	{r7, lr}
 237              		.cfi_def_cfa_offset 8
 238              		.cfi_offset 7, -8
 239              		.cfi_offset 14, -4
 240 0002 82B0     		sub	sp, sp, #8
 241              		.cfi_def_cfa_offset 16
 242 0004 00AF     		add	r7, sp, #0
 243              		.cfi_def_cfa_register 7
  71:.\EepromManager.c ****     #ifdef DEBUG
  72:.\EepromManager.c ****     if(_g_i2cstart)
 244              		.loc 1 72 0
 245 0006 2C4B     		ldr	r3, .L22+8
 246 0008 1B78     		ldrb	r3, [r3]
 247 000a DBB2     		uxtb	r3, r3
 248 000c 002B     		cmp	r3, #0
 249 000e 04D0     		beq	.L18
  73:.\EepromManager.c ****     {
  74:.\EepromManager.c ****         I2C_Bus_MasterClearStatus();
 250              		.loc 1 74 0
 251 0010 FFF7FEFF 		bl	I2C_Bus_MasterClearStatus
  75:.\EepromManager.c ****         _g_i2cstart = false;
 252              		.loc 1 75 0
 253 0014 284B     		ldr	r3, .L22+8
 254 0016 0022     		movs	r2, #0
 255 0018 1A70     		strb	r2, [r3]
 256              	.L18:
 257              	.LBB3:
  76:.\EepromManager.c ****     }
  77:.\EepromManager.c ****     //I2C Bus Lock
  78:.\EepromManager.c ****     do
  79:.\EepromManager.c ****     {
  80:.\EepromManager.c ****         uint16 limit[0x01] = { ((uint16)(1000*(double)rand()/(double)RAND_MAX) + 100) };
 258              		.loc 1 80 0
ARM GAS  C:\Users\Lenovo\AppData\Local\Temp\ccZMg7Tg.s 			page 7


 259 001a FFF7FEFF 		bl	rand
 260 001e 0346     		mov	r3, r0
 261 0020 1846     		mov	r0, r3
 262 0022 FFF7FEFF 		bl	__aeabi_i2d
 263 0026 0246     		mov	r2, r0
 264 0028 0B46     		mov	r3, r1
 265 002a 1046     		mov	r0, r2
 266 002c 1946     		mov	r1, r3
 267 002e 4FF00002 		mov	r2, #0
 268 0032 224B     		ldr	r3, .L22+12
 269 0034 FFF7FEFF 		bl	__aeabi_dmul
 270 0038 0246     		mov	r2, r0
 271 003a 0B46     		mov	r3, r1
 272 003c 1046     		mov	r0, r2
 273 003e 1946     		mov	r1, r3
 274 0040 1BA3     		adr	r3, .L22
 275 0042 D3E90023 		ldrd	r2, [r3]
 276 0046 FFF7FEFF 		bl	__aeabi_ddiv
 277 004a 0246     		mov	r2, r0
 278 004c 0B46     		mov	r3, r1
 279 004e 1046     		mov	r0, r2
 280 0050 1946     		mov	r1, r3
 281 0052 FFF7FEFF 		bl	__aeabi_d2uiz
 282 0056 0346     		mov	r3, r0
 283 0058 9BB2     		uxth	r3, r3
 284 005a 6433     		adds	r3, r3, #100
 285 005c 9BB2     		uxth	r3, r3
 286 005e BB80     		strh	r3, [r7, #4]	@ movhi
  81:.\EepromManager.c ****         FOR(uint16 ndx = 0, ndx < *((uint16*)limit), ndx++);
 287              		.loc 1 81 0
 288 0060 0023     		movs	r3, #0
 289 0062 FB80     		strh	r3, [r7, #6]	@ movhi
 290 0064 02E0     		b	.L19
 291              	.L20:
 292              		.loc 1 81 0 is_stmt 0 discriminator 3
 293 0066 FB88     		ldrh	r3, [r7, #6]
 294 0068 0133     		adds	r3, r3, #1
 295 006a FB80     		strh	r3, [r7, #6]	@ movhi
 296              	.L19:
 297              		.loc 1 81 0 discriminator 1
 298 006c BB88     		ldrh	r3, [r7, #4]
 299 006e FA88     		ldrh	r2, [r7, #6]
 300 0070 9A42     		cmp	r2, r3
 301 0072 F8D3     		bcc	.L20
  82:.\EepromManager.c ****         if((((*(reg8 *) 0x400049d9u) & 0x10u) == 0x00u) && !_g_i2cbuslock)
 302              		.loc 1 82 0 is_stmt 1
 303 0074 124B     		ldr	r3, .L22+16
 304 0076 1B78     		ldrb	r3, [r3]
 305 0078 DBB2     		uxtb	r3, r3
 306 007a 03F01003 		and	r3, r3, #16
 307 007e 002B     		cmp	r3, #0
 308 0080 0AD1     		bne	.L21
 309              		.loc 1 82 0 is_stmt 0 discriminator 1
 310 0082 104B     		ldr	r3, .L22+20
 311 0084 1B78     		ldrb	r3, [r3]
 312 0086 DBB2     		uxtb	r3, r3
 313 0088 83F00103 		eor	r3, r3, #1
ARM GAS  C:\Users\Lenovo\AppData\Local\Temp\ccZMg7Tg.s 			page 8


 314 008c DBB2     		uxtb	r3, r3
 315 008e 002B     		cmp	r3, #0
 316 0090 02D0     		beq	.L21
  83:.\EepromManager.c ****             _g_i2cbuslock = true;
 317              		.loc 1 83 0 is_stmt 1
 318 0092 0C4B     		ldr	r3, .L22+20
 319 0094 0122     		movs	r2, #1
 320 0096 1A70     		strb	r2, [r3]
 321              	.L21:
 322              	.LBE3:
  84:.\EepromManager.c **** 
  85:.\EepromManager.c ****     }
  86:.\EepromManager.c ****     while(!_g_i2cbuslock);
 323              		.loc 1 86 0
 324 0098 0A4B     		ldr	r3, .L22+20
 325 009a 1B78     		ldrb	r3, [r3]
 326 009c DBB2     		uxtb	r3, r3
 327 009e 83F00103 		eor	r3, r3, #1
 328 00a2 DBB2     		uxtb	r3, r3
 329 00a4 002B     		cmp	r3, #0
 330 00a6 B8D1     		bne	.L18
  87:.\EepromManager.c ****     #endif
  88:.\EepromManager.c ****     #ifdef NDEBUG
  89:.\EepromManager.c ****         _g_i2cbuslock = true;
  90:.\EepromManager.c ****     #endif
  91:.\EepromManager.c **** }
 331              		.loc 1 91 0
 332 00a8 0837     		adds	r7, r7, #8
 333              		.cfi_def_cfa_offset 8
 334 00aa BD46     		mov	sp, r7
 335              		.cfi_def_cfa_register 13
 336              		@ sp needed
 337 00ac 80BD     		pop	{r7, pc}
 338              	.L23:
 339 00ae 00BF     		.align	3
 340              	.L22:
 341 00b0 0000C0FF 		.word	-4194304
 342 00b4 FFFFDF41 		.word	1105199103
 343 00b8 00000000 		.word	_g_i2cstart
 344 00bc 00408F40 		.word	1083129856
 345 00c0 D9490040 		.word	1073760729
 346 00c4 00000000 		.word	_g_i2cbuslock
 347              		.cfi_endproc
 348              	.LFE66:
 349              		.size	I2CBusLock, .-I2CBusLock
 350              		.section	.text.StoreEepromPage,"ax",%progbits
 351              		.align	2
 352              		.global	StoreEepromPage
 353              		.thumb
 354              		.thumb_func
 355              		.type	StoreEepromPage, %function
 356              	StoreEepromPage:
 357              	.LFB67:
  92:.\EepromManager.c **** 
  93:.\EepromManager.c **** //@Created By: HIJH
  94:.\EepromManager.c **** //@Septembre de 2016
  95:.\EepromManager.c **** void StoreEepromPage(uint16 page)
ARM GAS  C:\Users\Lenovo\AppData\Local\Temp\ccZMg7Tg.s 			page 9


  96:.\EepromManager.c **** {    
 358              		.loc 1 96 0
 359              		.cfi_startproc
 360              		@ args = 0, pretend = 0, frame = 16
 361              		@ frame_needed = 1, uses_anonymous_args = 0
 362 0000 80B5     		push	{r7, lr}
 363              		.cfi_def_cfa_offset 8
 364              		.cfi_offset 7, -8
 365              		.cfi_offset 14, -4
 366 0002 84B0     		sub	sp, sp, #16
 367              		.cfi_def_cfa_offset 24
 368 0004 00AF     		add	r7, sp, #0
 369              		.cfi_def_cfa_register 7
 370 0006 0346     		mov	r3, r0
 371 0008 FB80     		strh	r3, [r7, #6]	@ movhi
  97:.\EepromManager.c ****     uint8 retries = 0x00;
 372              		.loc 1 97 0
 373 000a 0023     		movs	r3, #0
 374 000c FB73     		strb	r3, [r7, #15]
  98:.\EepromManager.c ****     //The WP signal must be LOW to allow the writting op
  99:.\EepromManager.c ****     //Write protection enabled
 100:.\EepromManager.c ****     eepromWP_Write(0x00);
 375              		.loc 1 100 0
 376 000e 0020     		movs	r0, #0
 377 0010 FFF7FEFF 		bl	eepromWP_Write
 101:.\EepromManager.c ****     uint16 status = 0x00;
 378              		.loc 1 101 0
 379 0014 0023     		movs	r3, #0
 380 0016 BB81     		strh	r3, [r7, #12]	@ movhi
 381              	.L29:
 102:.\EepromManager.c ****     do
 103:.\EepromManager.c ****     {
 104:.\EepromManager.c ****         I2C_Bus_MasterClearStatus();    
 382              		.loc 1 104 0
 383 0018 FFF7FEFF 		bl	I2C_Bus_MasterClearStatus
 105:.\EepromManager.c ****         _g_eeprom[0] = (page >> 8) & 0xFF; _g_eeprom[1] = page & 0xFF;  
 384              		.loc 1 105 0
 385 001c FB88     		ldrh	r3, [r7, #6]
 386 001e 1B0A     		lsrs	r3, r3, #8
 387 0020 9BB2     		uxth	r3, r3
 388 0022 DAB2     		uxtb	r2, r3
 389 0024 184B     		ldr	r3, .L30
 390 0026 1A70     		strb	r2, [r3]
 391 0028 FB88     		ldrh	r3, [r7, #6]	@ movhi
 392 002a DAB2     		uxtb	r2, r3
 393 002c 164B     		ldr	r3, .L30
 394 002e 5A70     		strb	r2, [r3, #1]
 106:.\EepromManager.c ****         status = I2C_Bus_MasterSendStart(_EEPROM_SLAVE_ADDRESS_BY_MEMARRAY_, I2C_Bus_WRITE_XFER_MOD
 395              		.loc 1 106 0
 396 0030 5420     		movs	r0, #84
 397 0032 0021     		movs	r1, #0
 398 0034 FFF7FEFF 		bl	I2C_Bus_MasterSendStart
 399 0038 0346     		mov	r3, r0
 400 003a BB81     		strh	r3, [r7, #12]	@ movhi
 107:.\EepromManager.c ****         if(I2C_Bus_MSTR_NO_ERROR == status)
 401              		.loc 1 107 0
 402 003c BB89     		ldrh	r3, [r7, #12]
ARM GAS  C:\Users\Lenovo\AppData\Local\Temp\ccZMg7Tg.s 			page 10


 403 003e 002B     		cmp	r3, #0
 404 0040 13D1     		bne	.L25
 405              	.LBB4:
 108:.\EepromManager.c ****         {
 109:.\EepromManager.c ****             FOR(uint8 index = 0, index < _EEPROM_PAGE_RAWSIZE_, index++)
 406              		.loc 1 109 0
 407 0042 0023     		movs	r3, #0
 408 0044 BB73     		strb	r3, [r7, #14]
 409 0046 08E0     		b	.L26
 410              	.L27:
 110:.\EepromManager.c ****                 I2C_Bus_MasterWriteByte(_g_eeprom[index]);
 411              		.loc 1 110 0 discriminator 3
 412 0048 BB7B     		ldrb	r3, [r7, #14]	@ zero_extendqisi2
 413 004a 0F4A     		ldr	r2, .L30
 414 004c D35C     		ldrb	r3, [r2, r3]	@ zero_extendqisi2
 415 004e 1846     		mov	r0, r3
 416 0050 FFF7FEFF 		bl	I2C_Bus_MasterWriteByte
 109:.\EepromManager.c ****                 I2C_Bus_MasterWriteByte(_g_eeprom[index]);
 417              		.loc 1 109 0 discriminator 3
 418 0054 BB7B     		ldrb	r3, [r7, #14]	@ zero_extendqisi2
 419 0056 0133     		adds	r3, r3, #1
 420 0058 BB73     		strb	r3, [r7, #14]
 421              	.L26:
 109:.\EepromManager.c ****                 I2C_Bus_MasterWriteByte(_g_eeprom[index]);
 422              		.loc 1 109 0 is_stmt 0 discriminator 1
 423 005a BB7B     		ldrb	r3, [r7, #14]	@ zero_extendqisi2
 424 005c 412B     		cmp	r3, #65
 425 005e F3D9     		bls	.L27
 111:.\EepromManager.c **** 
 112:.\EepromManager.c ****             I2C_Bus_MasterSendStop();
 426              		.loc 1 112 0 is_stmt 1
 427 0060 FFF7FEFF 		bl	I2C_Bus_MasterSendStop
 113:.\EepromManager.c ****             CyDelay(5);
 428              		.loc 1 113 0
 429 0064 0520     		movs	r0, #5
 430 0066 FFF7FEFF 		bl	CyDelay
 431              	.L25:
 432              	.LBE4:
 114:.\EepromManager.c ****         }
 115:.\EepromManager.c ****     }while(I2C_Bus_MSTR_NO_ERROR != status && retries++ < 10);
 433              		.loc 1 115 0
 434 006a BB89     		ldrh	r3, [r7, #12]
 435 006c 002B     		cmp	r3, #0
 436 006e 04D0     		beq	.L28
 437              		.loc 1 115 0 is_stmt 0 discriminator 1
 438 0070 FB7B     		ldrb	r3, [r7, #15]	@ zero_extendqisi2
 439 0072 5A1C     		adds	r2, r3, #1
 440 0074 FA73     		strb	r2, [r7, #15]
 441 0076 092B     		cmp	r3, #9
 442 0078 CED9     		bls	.L29
 443              	.L28:
 116:.\EepromManager.c ****     //Write protection disabled
 117:.\EepromManager.c ****     eepromWP_Write(0x01);
 444              		.loc 1 117 0 is_stmt 1
 445 007a 0120     		movs	r0, #1
 446 007c FFF7FEFF 		bl	eepromWP_Write
 118:.\EepromManager.c **** }
ARM GAS  C:\Users\Lenovo\AppData\Local\Temp\ccZMg7Tg.s 			page 11


 447              		.loc 1 118 0
 448 0080 1037     		adds	r7, r7, #16
 449              		.cfi_def_cfa_offset 8
 450 0082 BD46     		mov	sp, r7
 451              		.cfi_def_cfa_register 13
 452              		@ sp needed
 453 0084 80BD     		pop	{r7, pc}
 454              	.L31:
 455 0086 00BF     		.align	2
 456              	.L30:
 457 0088 00000000 		.word	_g_eeprom
 458              		.cfi_endproc
 459              	.LFE67:
 460              		.size	StoreEepromPage, .-StoreEepromPage
 461              		.section	.text.ClearEepromBuffer,"ax",%progbits
 462              		.align	2
 463              		.global	ClearEepromBuffer
 464              		.thumb
 465              		.thumb_func
 466              		.type	ClearEepromBuffer, %function
 467              	ClearEepromBuffer:
 468              	.LFB68:
 119:.\EepromManager.c **** 
 120:.\EepromManager.c **** //@Created By: HIJH
 121:.\EepromManager.c **** //@Septembre de 2016
 122:.\EepromManager.c **** void ClearEepromBuffer()
 123:.\EepromManager.c **** {
 469              		.loc 1 123 0
 470              		.cfi_startproc
 471              		@ args = 0, pretend = 0, frame = 0
 472              		@ frame_needed = 1, uses_anonymous_args = 0
 473 0000 80B5     		push	{r7, lr}
 474              		.cfi_def_cfa_offset 8
 475              		.cfi_offset 7, -8
 476              		.cfi_offset 14, -4
 477 0002 00AF     		add	r7, sp, #0
 478              		.cfi_def_cfa_register 7
 124:.\EepromManager.c ****     memset(_g_eeprom, 0x00, _EEPROM_PAGE_RAWSIZE_);
 479              		.loc 1 124 0
 480 0004 0248     		ldr	r0, .L33
 481 0006 0021     		movs	r1, #0
 482 0008 4222     		movs	r2, #66
 483 000a FFF7FEFF 		bl	memset
 125:.\EepromManager.c **** }
 484              		.loc 1 125 0
 485 000e 80BD     		pop	{r7, pc}
 486              	.L34:
 487              		.align	2
 488              	.L33:
 489 0010 00000000 		.word	_g_eeprom
 490              		.cfi_endproc
 491              	.LFE68:
 492              		.size	ClearEepromBuffer, .-ClearEepromBuffer
 493              		.text
 494              	.Letext0:
 495              		.file 2 "c:\\program files (x86)\\cypress\\psoc creator\\3.3\\psoc creator\\import\\gnu\\arm\\4.9.
 496              		.file 3 "c:\\program files (x86)\\cypress\\psoc creator\\3.3\\psoc creator\\import\\gnu\\arm\\4.9.
ARM GAS  C:\Users\Lenovo\AppData\Local\Temp\ccZMg7Tg.s 			page 12


 497              		.file 4 "Generated_Source\\PSoC5/cytypes.h"
 498              		.file 5 "Generated_Source\\PSoC5/core_cm3.h"
 499              		.file 6 ".\\GlobalDefinitions.h"
 500              		.section	.debug_info,"",%progbits
 501              	.Ldebug_info0:
 502 0000 66020000 		.4byte	0x266
 503 0004 0400     		.2byte	0x4
 504 0006 00000000 		.4byte	.Ldebug_abbrev0
 505 000a 04       		.byte	0x4
 506 000b 01       		.uleb128 0x1
 507 000c F1000000 		.4byte	.LASF34
 508 0010 01       		.byte	0x1
 509 0011 17020000 		.4byte	.LASF35
 510 0015 3D000000 		.4byte	.LASF36
 511 0019 00000000 		.4byte	.Ldebug_ranges0+0
 512 001d 00000000 		.4byte	0
 513 0021 00000000 		.4byte	.Ldebug_line0
 514 0025 02       		.uleb128 0x2
 515 0026 01       		.byte	0x1
 516 0027 06       		.byte	0x6
 517 0028 57020000 		.4byte	.LASF0
 518 002c 02       		.uleb128 0x2
 519 002d 01       		.byte	0x1
 520 002e 08       		.byte	0x8
 521 002f A1000000 		.4byte	.LASF1
 522 0033 02       		.uleb128 0x2
 523 0034 02       		.byte	0x2
 524 0035 05       		.byte	0x5
 525 0036 0D020000 		.4byte	.LASF2
 526 003a 02       		.uleb128 0x2
 527 003b 02       		.byte	0x2
 528 003c 07       		.byte	0x7
 529 003d C6000000 		.4byte	.LASF3
 530 0041 03       		.uleb128 0x3
 531 0042 11000000 		.4byte	.LASF9
 532 0046 02       		.byte	0x2
 533 0047 3F       		.byte	0x3f
 534 0048 4C000000 		.4byte	0x4c
 535 004c 02       		.uleb128 0x2
 536 004d 04       		.byte	0x4
 537 004e 05       		.byte	0x5
 538 004f 33020000 		.4byte	.LASF4
 539 0053 02       		.uleb128 0x2
 540 0054 04       		.byte	0x4
 541 0055 07       		.byte	0x7
 542 0056 B4000000 		.4byte	.LASF5
 543 005a 02       		.uleb128 0x2
 544 005b 08       		.byte	0x8
 545 005c 05       		.byte	0x5
 546 005d F4010000 		.4byte	.LASF6
 547 0061 02       		.uleb128 0x2
 548 0062 08       		.byte	0x8
 549 0063 07       		.byte	0x7
 550 0064 B8010000 		.4byte	.LASF7
 551 0068 04       		.uleb128 0x4
 552 0069 04       		.byte	0x4
 553 006a 05       		.byte	0x5
ARM GAS  C:\Users\Lenovo\AppData\Local\Temp\ccZMg7Tg.s 			page 13


 554 006b 696E7400 		.ascii	"int\000"
 555 006f 02       		.uleb128 0x2
 556 0070 04       		.byte	0x4
 557 0071 07       		.byte	0x7
 558 0072 9E010000 		.4byte	.LASF8
 559 0076 03       		.uleb128 0x3
 560 0077 E3010000 		.4byte	.LASF10
 561 007b 03       		.byte	0x3
 562 007c 2C       		.byte	0x2c
 563 007d 41000000 		.4byte	0x41
 564 0081 05       		.uleb128 0x5
 565 0082 30000000 		.4byte	.LASF11
 566 0086 04       		.byte	0x4
 567 0087 3801     		.2byte	0x138
 568 0089 2C000000 		.4byte	0x2c
 569 008d 05       		.uleb128 0x5
 570 008e 87010000 		.4byte	.LASF12
 571 0092 04       		.byte	0x4
 572 0093 3901     		.2byte	0x139
 573 0095 3A000000 		.4byte	0x3a
 574 0099 02       		.uleb128 0x2
 575 009a 04       		.byte	0x4
 576 009b 04       		.byte	0x4
 577 009c 9B000000 		.4byte	.LASF13
 578 00a0 02       		.uleb128 0x2
 579 00a1 08       		.byte	0x8
 580 00a2 04       		.byte	0x4
 581 00a3 29000000 		.4byte	.LASF14
 582 00a7 02       		.uleb128 0x2
 583 00a8 01       		.byte	0x1
 584 00a9 08       		.byte	0x8
 585 00aa 02020000 		.4byte	.LASF15
 586 00ae 05       		.uleb128 0x5
 587 00af AF000000 		.4byte	.LASF16
 588 00b3 04       		.byte	0x4
 589 00b4 E201     		.2byte	0x1e2
 590 00b6 BA000000 		.4byte	0xba
 591 00ba 06       		.uleb128 0x6
 592 00bb 81000000 		.4byte	0x81
 593 00bf 02       		.uleb128 0x2
 594 00c0 04       		.byte	0x4
 595 00c1 07       		.byte	0x7
 596 00c2 EB010000 		.4byte	.LASF17
 597 00c6 02       		.uleb128 0x2
 598 00c7 08       		.byte	0x8
 599 00c8 04       		.byte	0x4
 600 00c9 4B020000 		.4byte	.LASF18
 601 00cd 07       		.uleb128 0x7
 602 00ce 04       		.byte	0x4
 603 00cf 81000000 		.4byte	0x81
 604 00d3 08       		.uleb128 0x8
 605 00d4 63020000 		.4byte	.LASF37
 606 00d8 01       		.byte	0x1
 607 00d9 1A       		.byte	0x1a
 608 00da CD000000 		.4byte	0xcd
 609 00de 00000000 		.4byte	.LFB63
 610 00e2 14000000 		.4byte	.LFE63-.LFB63
ARM GAS  C:\Users\Lenovo\AppData\Local\Temp\ccZMg7Tg.s 			page 14


 611 00e6 01       		.uleb128 0x1
 612 00e7 9C       		.byte	0x9c
 613 00e8 09       		.uleb128 0x9
 614 00e9 AB010000 		.4byte	.LASF26
 615 00ed 01       		.byte	0x1
 616 00ee 20       		.byte	0x20
 617 00ef 00000000 		.4byte	.LFB64
 618 00f3 14000000 		.4byte	.LFE64-.LFB64
 619 00f7 01       		.uleb128 0x1
 620 00f8 9C       		.byte	0x9c
 621 00f9 0A       		.uleb128 0xa
 622 00fa 3C020000 		.4byte	.LASF22
 623 00fe 01       		.byte	0x1
 624 00ff 2A       		.byte	0x2a
 625 0100 00000000 		.4byte	.LFB65
 626 0104 94000000 		.4byte	.LFE65-.LFB65
 627 0108 01       		.uleb128 0x1
 628 0109 9C       		.byte	0x9c
 629 010a 43010000 		.4byte	0x143
 630 010e 0B       		.uleb128 0xb
 631 010f 00000000 		.4byte	.LASF24
 632 0113 01       		.byte	0x1
 633 0114 2A       		.byte	0x2a
 634 0115 8D000000 		.4byte	0x8d
 635 0119 02       		.uleb128 0x2
 636 011a 91       		.byte	0x91
 637 011b 66       		.sleb128 -26
 638 011c 0C       		.uleb128 0xc
 639 011d 36000000 		.4byte	.LASF19
 640 0121 01       		.byte	0x1
 641 0122 30       		.byte	0x30
 642 0123 8D000000 		.4byte	0x8d
 643 0127 02       		.uleb128 0x2
 644 0128 91       		.byte	0x91
 645 0129 6C       		.sleb128 -20
 646 012a 0D       		.uleb128 0xd
 647 012b 34000000 		.4byte	.LBB2
 648 012f 56000000 		.4byte	.LBE2-.LBB2
 649 0133 0C       		.uleb128 0xc
 650 0134 07020000 		.4byte	.LASF20
 651 0138 01       		.byte	0x1
 652 0139 33       		.byte	0x33
 653 013a 81000000 		.4byte	0x81
 654 013e 02       		.uleb128 0x2
 655 013f 91       		.byte	0x91
 656 0140 6F       		.sleb128 -17
 657 0141 00       		.byte	0
 658 0142 00       		.byte	0
 659 0143 0E       		.uleb128 0xe
 660 0144 E6000000 		.4byte	.LASF38
 661 0148 01       		.byte	0x1
 662 0149 45       		.byte	0x45
 663 014a 00000000 		.4byte	.LFB66
 664 014e C8000000 		.4byte	.LFE66-.LFB66
 665 0152 01       		.uleb128 0x1
 666 0153 9C       		.byte	0x9c
 667 0154 7F010000 		.4byte	0x17f
ARM GAS  C:\Users\Lenovo\AppData\Local\Temp\ccZMg7Tg.s 			page 15


 668 0158 0D       		.uleb128 0xd
 669 0159 1A000000 		.4byte	.LBB3
 670 015d 7E000000 		.4byte	.LBE3-.LBB3
 671 0161 0C       		.uleb128 0xc
 672 0162 DD010000 		.4byte	.LASF21
 673 0166 01       		.byte	0x1
 674 0167 50       		.byte	0x50
 675 0168 7F010000 		.4byte	0x17f
 676 016c 02       		.uleb128 0x2
 677 016d 91       		.byte	0x91
 678 016e 74       		.sleb128 -12
 679 016f 0F       		.uleb128 0xf
 680 0170 6E647800 		.ascii	"ndx\000"
 681 0174 01       		.byte	0x1
 682 0175 51       		.byte	0x51
 683 0176 8D000000 		.4byte	0x8d
 684 017a 02       		.uleb128 0x2
 685 017b 91       		.byte	0x91
 686 017c 76       		.sleb128 -10
 687 017d 00       		.byte	0
 688 017e 00       		.byte	0
 689 017f 10       		.uleb128 0x10
 690 0180 8D000000 		.4byte	0x8d
 691 0184 8F010000 		.4byte	0x18f
 692 0188 11       		.uleb128 0x11
 693 0189 BF000000 		.4byte	0xbf
 694 018d 00       		.byte	0
 695 018e 00       		.byte	0
 696 018f 0A       		.uleb128 0xa
 697 0190 8E010000 		.4byte	.LASF23
 698 0194 01       		.byte	0x1
 699 0195 5F       		.byte	0x5f
 700 0196 00000000 		.4byte	.LFB67
 701 019a 8C000000 		.4byte	.LFE67-.LFB67
 702 019e 01       		.uleb128 0x1
 703 019f 9C       		.byte	0x9c
 704 01a0 E7010000 		.4byte	0x1e7
 705 01a4 0B       		.uleb128 0xb
 706 01a5 00000000 		.4byte	.LASF24
 707 01a9 01       		.byte	0x1
 708 01aa 5F       		.byte	0x5f
 709 01ab 8D000000 		.4byte	0x8d
 710 01af 02       		.uleb128 0x2
 711 01b0 91       		.byte	0x91
 712 01b1 6E       		.sleb128 -18
 713 01b2 0C       		.uleb128 0xc
 714 01b3 7F010000 		.4byte	.LASF25
 715 01b7 01       		.byte	0x1
 716 01b8 61       		.byte	0x61
 717 01b9 81000000 		.4byte	0x81
 718 01bd 02       		.uleb128 0x2
 719 01be 91       		.byte	0x91
 720 01bf 77       		.sleb128 -9
 721 01c0 0C       		.uleb128 0xc
 722 01c1 36000000 		.4byte	.LASF19
 723 01c5 01       		.byte	0x1
 724 01c6 65       		.byte	0x65
ARM GAS  C:\Users\Lenovo\AppData\Local\Temp\ccZMg7Tg.s 			page 16


 725 01c7 8D000000 		.4byte	0x8d
 726 01cb 02       		.uleb128 0x2
 727 01cc 91       		.byte	0x91
 728 01cd 74       		.sleb128 -12
 729 01ce 0D       		.uleb128 0xd
 730 01cf 42000000 		.4byte	.LBB4
 731 01d3 28000000 		.4byte	.LBE4-.LBB4
 732 01d7 0C       		.uleb128 0xc
 733 01d8 07020000 		.4byte	.LASF20
 734 01dc 01       		.byte	0x1
 735 01dd 6D       		.byte	0x6d
 736 01de 81000000 		.4byte	0x81
 737 01e2 02       		.uleb128 0x2
 738 01e3 91       		.byte	0x91
 739 01e4 76       		.sleb128 -10
 740 01e5 00       		.byte	0
 741 01e6 00       		.byte	0
 742 01e7 09       		.uleb128 0x9
 743 01e8 79020000 		.4byte	.LASF27
 744 01ec 01       		.byte	0x1
 745 01ed 7A       		.byte	0x7a
 746 01ee 00000000 		.4byte	.LFB68
 747 01f2 14000000 		.4byte	.LFE68-.LFB68
 748 01f6 01       		.uleb128 0x1
 749 01f7 9C       		.byte	0x9c
 750 01f8 12       		.uleb128 0x12
 751 01f9 D9000000 		.4byte	.LASF28
 752 01fd 05       		.byte	0x5
 753 01fe 5506     		.2byte	0x655
 754 0200 04020000 		.4byte	0x204
 755 0204 06       		.uleb128 0x6
 756 0205 76000000 		.4byte	0x76
 757 0209 13       		.uleb128 0x13
 758 020a 1B000000 		.4byte	.LASF29
 759 020e 06       		.byte	0x6
 760 020f 52       		.byte	0x52
 761 0210 81000000 		.4byte	0x81
 762 0214 05       		.uleb128 0x5
 763 0215 03       		.byte	0x3
 764 0216 00000000 		.4byte	HoseDispenser
 765 021a 13       		.uleb128 0x13
 766 021b 05000000 		.4byte	.LASF30
 767 021f 01       		.byte	0x1
 768 0220 13       		.byte	0x13
 769 0221 2B020000 		.4byte	0x22b
 770 0225 05       		.uleb128 0x5
 771 0226 03       		.byte	0x3
 772 0227 00000000 		.4byte	_g_i2cstart
 773 022b 06       		.uleb128 0x6
 774 022c 30020000 		.4byte	0x230
 775 0230 02       		.uleb128 0x2
 776 0231 01       		.byte	0x1
 777 0232 02       		.byte	0x2
 778 0233 73020000 		.4byte	.LASF31
 779 0237 13       		.uleb128 0x13
 780 0238 CF010000 		.4byte	.LASF32
 781 023c 01       		.byte	0x1
ARM GAS  C:\Users\Lenovo\AppData\Local\Temp\ccZMg7Tg.s 			page 17


 782 023d 14       		.byte	0x14
 783 023e 2B020000 		.4byte	0x22b
 784 0242 05       		.uleb128 0x5
 785 0243 03       		.byte	0x3
 786 0244 00000000 		.4byte	_g_i2cbuslock
 787 0248 10       		.uleb128 0x10
 788 0249 81000000 		.4byte	0x81
 789 024d 58020000 		.4byte	0x258
 790 0251 11       		.uleb128 0x11
 791 0252 BF000000 		.4byte	0xbf
 792 0256 41       		.byte	0x41
 793 0257 00       		.byte	0
 794 0258 13       		.uleb128 0x13
 795 0259 29020000 		.4byte	.LASF33
 796 025d 01       		.byte	0x1
 797 025e 16       		.byte	0x16
 798 025f 48020000 		.4byte	0x248
 799 0263 05       		.uleb128 0x5
 800 0264 03       		.byte	0x3
 801 0265 00000000 		.4byte	_g_eeprom
 802 0269 00       		.byte	0
 803              		.section	.debug_abbrev,"",%progbits
 804              	.Ldebug_abbrev0:
 805 0000 01       		.uleb128 0x1
 806 0001 11       		.uleb128 0x11
 807 0002 01       		.byte	0x1
 808 0003 25       		.uleb128 0x25
 809 0004 0E       		.uleb128 0xe
 810 0005 13       		.uleb128 0x13
 811 0006 0B       		.uleb128 0xb
 812 0007 03       		.uleb128 0x3
 813 0008 0E       		.uleb128 0xe
 814 0009 1B       		.uleb128 0x1b
 815 000a 0E       		.uleb128 0xe
 816 000b 55       		.uleb128 0x55
 817 000c 17       		.uleb128 0x17
 818 000d 11       		.uleb128 0x11
 819 000e 01       		.uleb128 0x1
 820 000f 10       		.uleb128 0x10
 821 0010 17       		.uleb128 0x17
 822 0011 00       		.byte	0
 823 0012 00       		.byte	0
 824 0013 02       		.uleb128 0x2
 825 0014 24       		.uleb128 0x24
 826 0015 00       		.byte	0
 827 0016 0B       		.uleb128 0xb
 828 0017 0B       		.uleb128 0xb
 829 0018 3E       		.uleb128 0x3e
 830 0019 0B       		.uleb128 0xb
 831 001a 03       		.uleb128 0x3
 832 001b 0E       		.uleb128 0xe
 833 001c 00       		.byte	0
 834 001d 00       		.byte	0
 835 001e 03       		.uleb128 0x3
 836 001f 16       		.uleb128 0x16
 837 0020 00       		.byte	0
 838 0021 03       		.uleb128 0x3
ARM GAS  C:\Users\Lenovo\AppData\Local\Temp\ccZMg7Tg.s 			page 18


 839 0022 0E       		.uleb128 0xe
 840 0023 3A       		.uleb128 0x3a
 841 0024 0B       		.uleb128 0xb
 842 0025 3B       		.uleb128 0x3b
 843 0026 0B       		.uleb128 0xb
 844 0027 49       		.uleb128 0x49
 845 0028 13       		.uleb128 0x13
 846 0029 00       		.byte	0
 847 002a 00       		.byte	0
 848 002b 04       		.uleb128 0x4
 849 002c 24       		.uleb128 0x24
 850 002d 00       		.byte	0
 851 002e 0B       		.uleb128 0xb
 852 002f 0B       		.uleb128 0xb
 853 0030 3E       		.uleb128 0x3e
 854 0031 0B       		.uleb128 0xb
 855 0032 03       		.uleb128 0x3
 856 0033 08       		.uleb128 0x8
 857 0034 00       		.byte	0
 858 0035 00       		.byte	0
 859 0036 05       		.uleb128 0x5
 860 0037 16       		.uleb128 0x16
 861 0038 00       		.byte	0
 862 0039 03       		.uleb128 0x3
 863 003a 0E       		.uleb128 0xe
 864 003b 3A       		.uleb128 0x3a
 865 003c 0B       		.uleb128 0xb
 866 003d 3B       		.uleb128 0x3b
 867 003e 05       		.uleb128 0x5
 868 003f 49       		.uleb128 0x49
 869 0040 13       		.uleb128 0x13
 870 0041 00       		.byte	0
 871 0042 00       		.byte	0
 872 0043 06       		.uleb128 0x6
 873 0044 35       		.uleb128 0x35
 874 0045 00       		.byte	0
 875 0046 49       		.uleb128 0x49
 876 0047 13       		.uleb128 0x13
 877 0048 00       		.byte	0
 878 0049 00       		.byte	0
 879 004a 07       		.uleb128 0x7
 880 004b 0F       		.uleb128 0xf
 881 004c 00       		.byte	0
 882 004d 0B       		.uleb128 0xb
 883 004e 0B       		.uleb128 0xb
 884 004f 49       		.uleb128 0x49
 885 0050 13       		.uleb128 0x13
 886 0051 00       		.byte	0
 887 0052 00       		.byte	0
 888 0053 08       		.uleb128 0x8
 889 0054 2E       		.uleb128 0x2e
 890 0055 00       		.byte	0
 891 0056 3F       		.uleb128 0x3f
 892 0057 19       		.uleb128 0x19
 893 0058 03       		.uleb128 0x3
 894 0059 0E       		.uleb128 0xe
 895 005a 3A       		.uleb128 0x3a
ARM GAS  C:\Users\Lenovo\AppData\Local\Temp\ccZMg7Tg.s 			page 19


 896 005b 0B       		.uleb128 0xb
 897 005c 3B       		.uleb128 0x3b
 898 005d 0B       		.uleb128 0xb
 899 005e 49       		.uleb128 0x49
 900 005f 13       		.uleb128 0x13
 901 0060 11       		.uleb128 0x11
 902 0061 01       		.uleb128 0x1
 903 0062 12       		.uleb128 0x12
 904 0063 06       		.uleb128 0x6
 905 0064 40       		.uleb128 0x40
 906 0065 18       		.uleb128 0x18
 907 0066 9742     		.uleb128 0x2117
 908 0068 19       		.uleb128 0x19
 909 0069 00       		.byte	0
 910 006a 00       		.byte	0
 911 006b 09       		.uleb128 0x9
 912 006c 2E       		.uleb128 0x2e
 913 006d 00       		.byte	0
 914 006e 3F       		.uleb128 0x3f
 915 006f 19       		.uleb128 0x19
 916 0070 03       		.uleb128 0x3
 917 0071 0E       		.uleb128 0xe
 918 0072 3A       		.uleb128 0x3a
 919 0073 0B       		.uleb128 0xb
 920 0074 3B       		.uleb128 0x3b
 921 0075 0B       		.uleb128 0xb
 922 0076 11       		.uleb128 0x11
 923 0077 01       		.uleb128 0x1
 924 0078 12       		.uleb128 0x12
 925 0079 06       		.uleb128 0x6
 926 007a 40       		.uleb128 0x40
 927 007b 18       		.uleb128 0x18
 928 007c 9642     		.uleb128 0x2116
 929 007e 19       		.uleb128 0x19
 930 007f 00       		.byte	0
 931 0080 00       		.byte	0
 932 0081 0A       		.uleb128 0xa
 933 0082 2E       		.uleb128 0x2e
 934 0083 01       		.byte	0x1
 935 0084 3F       		.uleb128 0x3f
 936 0085 19       		.uleb128 0x19
 937 0086 03       		.uleb128 0x3
 938 0087 0E       		.uleb128 0xe
 939 0088 3A       		.uleb128 0x3a
 940 0089 0B       		.uleb128 0xb
 941 008a 3B       		.uleb128 0x3b
 942 008b 0B       		.uleb128 0xb
 943 008c 27       		.uleb128 0x27
 944 008d 19       		.uleb128 0x19
 945 008e 11       		.uleb128 0x11
 946 008f 01       		.uleb128 0x1
 947 0090 12       		.uleb128 0x12
 948 0091 06       		.uleb128 0x6
 949 0092 40       		.uleb128 0x40
 950 0093 18       		.uleb128 0x18
 951 0094 9642     		.uleb128 0x2116
 952 0096 19       		.uleb128 0x19
ARM GAS  C:\Users\Lenovo\AppData\Local\Temp\ccZMg7Tg.s 			page 20


 953 0097 01       		.uleb128 0x1
 954 0098 13       		.uleb128 0x13
 955 0099 00       		.byte	0
 956 009a 00       		.byte	0
 957 009b 0B       		.uleb128 0xb
 958 009c 05       		.uleb128 0x5
 959 009d 00       		.byte	0
 960 009e 03       		.uleb128 0x3
 961 009f 0E       		.uleb128 0xe
 962 00a0 3A       		.uleb128 0x3a
 963 00a1 0B       		.uleb128 0xb
 964 00a2 3B       		.uleb128 0x3b
 965 00a3 0B       		.uleb128 0xb
 966 00a4 49       		.uleb128 0x49
 967 00a5 13       		.uleb128 0x13
 968 00a6 02       		.uleb128 0x2
 969 00a7 18       		.uleb128 0x18
 970 00a8 00       		.byte	0
 971 00a9 00       		.byte	0
 972 00aa 0C       		.uleb128 0xc
 973 00ab 34       		.uleb128 0x34
 974 00ac 00       		.byte	0
 975 00ad 03       		.uleb128 0x3
 976 00ae 0E       		.uleb128 0xe
 977 00af 3A       		.uleb128 0x3a
 978 00b0 0B       		.uleb128 0xb
 979 00b1 3B       		.uleb128 0x3b
 980 00b2 0B       		.uleb128 0xb
 981 00b3 49       		.uleb128 0x49
 982 00b4 13       		.uleb128 0x13
 983 00b5 02       		.uleb128 0x2
 984 00b6 18       		.uleb128 0x18
 985 00b7 00       		.byte	0
 986 00b8 00       		.byte	0
 987 00b9 0D       		.uleb128 0xd
 988 00ba 0B       		.uleb128 0xb
 989 00bb 01       		.byte	0x1
 990 00bc 11       		.uleb128 0x11
 991 00bd 01       		.uleb128 0x1
 992 00be 12       		.uleb128 0x12
 993 00bf 06       		.uleb128 0x6
 994 00c0 00       		.byte	0
 995 00c1 00       		.byte	0
 996 00c2 0E       		.uleb128 0xe
 997 00c3 2E       		.uleb128 0x2e
 998 00c4 01       		.byte	0x1
 999 00c5 3F       		.uleb128 0x3f
 1000 00c6 19       		.uleb128 0x19
 1001 00c7 03       		.uleb128 0x3
 1002 00c8 0E       		.uleb128 0xe
 1003 00c9 3A       		.uleb128 0x3a
 1004 00ca 0B       		.uleb128 0xb
 1005 00cb 3B       		.uleb128 0x3b
 1006 00cc 0B       		.uleb128 0xb
 1007 00cd 11       		.uleb128 0x11
 1008 00ce 01       		.uleb128 0x1
 1009 00cf 12       		.uleb128 0x12
ARM GAS  C:\Users\Lenovo\AppData\Local\Temp\ccZMg7Tg.s 			page 21


 1010 00d0 06       		.uleb128 0x6
 1011 00d1 40       		.uleb128 0x40
 1012 00d2 18       		.uleb128 0x18
 1013 00d3 9642     		.uleb128 0x2116
 1014 00d5 19       		.uleb128 0x19
 1015 00d6 01       		.uleb128 0x1
 1016 00d7 13       		.uleb128 0x13
 1017 00d8 00       		.byte	0
 1018 00d9 00       		.byte	0
 1019 00da 0F       		.uleb128 0xf
 1020 00db 34       		.uleb128 0x34
 1021 00dc 00       		.byte	0
 1022 00dd 03       		.uleb128 0x3
 1023 00de 08       		.uleb128 0x8
 1024 00df 3A       		.uleb128 0x3a
 1025 00e0 0B       		.uleb128 0xb
 1026 00e1 3B       		.uleb128 0x3b
 1027 00e2 0B       		.uleb128 0xb
 1028 00e3 49       		.uleb128 0x49
 1029 00e4 13       		.uleb128 0x13
 1030 00e5 02       		.uleb128 0x2
 1031 00e6 18       		.uleb128 0x18
 1032 00e7 00       		.byte	0
 1033 00e8 00       		.byte	0
 1034 00e9 10       		.uleb128 0x10
 1035 00ea 01       		.uleb128 0x1
 1036 00eb 01       		.byte	0x1
 1037 00ec 49       		.uleb128 0x49
 1038 00ed 13       		.uleb128 0x13
 1039 00ee 01       		.uleb128 0x1
 1040 00ef 13       		.uleb128 0x13
 1041 00f0 00       		.byte	0
 1042 00f1 00       		.byte	0
 1043 00f2 11       		.uleb128 0x11
 1044 00f3 21       		.uleb128 0x21
 1045 00f4 00       		.byte	0
 1046 00f5 49       		.uleb128 0x49
 1047 00f6 13       		.uleb128 0x13
 1048 00f7 2F       		.uleb128 0x2f
 1049 00f8 0B       		.uleb128 0xb
 1050 00f9 00       		.byte	0
 1051 00fa 00       		.byte	0
 1052 00fb 12       		.uleb128 0x12
 1053 00fc 34       		.uleb128 0x34
 1054 00fd 00       		.byte	0
 1055 00fe 03       		.uleb128 0x3
 1056 00ff 0E       		.uleb128 0xe
 1057 0100 3A       		.uleb128 0x3a
 1058 0101 0B       		.uleb128 0xb
 1059 0102 3B       		.uleb128 0x3b
 1060 0103 05       		.uleb128 0x5
 1061 0104 49       		.uleb128 0x49
 1062 0105 13       		.uleb128 0x13
 1063 0106 3F       		.uleb128 0x3f
 1064 0107 19       		.uleb128 0x19
 1065 0108 3C       		.uleb128 0x3c
 1066 0109 19       		.uleb128 0x19
ARM GAS  C:\Users\Lenovo\AppData\Local\Temp\ccZMg7Tg.s 			page 22


 1067 010a 00       		.byte	0
 1068 010b 00       		.byte	0
 1069 010c 13       		.uleb128 0x13
 1070 010d 34       		.uleb128 0x34
 1071 010e 00       		.byte	0
 1072 010f 03       		.uleb128 0x3
 1073 0110 0E       		.uleb128 0xe
 1074 0111 3A       		.uleb128 0x3a
 1075 0112 0B       		.uleb128 0xb
 1076 0113 3B       		.uleb128 0x3b
 1077 0114 0B       		.uleb128 0xb
 1078 0115 49       		.uleb128 0x49
 1079 0116 13       		.uleb128 0x13
 1080 0117 3F       		.uleb128 0x3f
 1081 0118 19       		.uleb128 0x19
 1082 0119 02       		.uleb128 0x2
 1083 011a 18       		.uleb128 0x18
 1084 011b 00       		.byte	0
 1085 011c 00       		.byte	0
 1086 011d 00       		.byte	0
 1087              		.section	.debug_aranges,"",%progbits
 1088 0000 44000000 		.4byte	0x44
 1089 0004 0200     		.2byte	0x2
 1090 0006 00000000 		.4byte	.Ldebug_info0
 1091 000a 04       		.byte	0x4
 1092 000b 00       		.byte	0
 1093 000c 0000     		.2byte	0
 1094 000e 0000     		.2byte	0
 1095 0010 00000000 		.4byte	.LFB63
 1096 0014 14000000 		.4byte	.LFE63-.LFB63
 1097 0018 00000000 		.4byte	.LFB64
 1098 001c 14000000 		.4byte	.LFE64-.LFB64
 1099 0020 00000000 		.4byte	.LFB65
 1100 0024 94000000 		.4byte	.LFE65-.LFB65
 1101 0028 00000000 		.4byte	.LFB66
 1102 002c C8000000 		.4byte	.LFE66-.LFB66
 1103 0030 00000000 		.4byte	.LFB67
 1104 0034 8C000000 		.4byte	.LFE67-.LFB67
 1105 0038 00000000 		.4byte	.LFB68
 1106 003c 14000000 		.4byte	.LFE68-.LFB68
 1107 0040 00000000 		.4byte	0
 1108 0044 00000000 		.4byte	0
 1109              		.section	.debug_ranges,"",%progbits
 1110              	.Ldebug_ranges0:
 1111 0000 00000000 		.4byte	.LFB63
 1112 0004 14000000 		.4byte	.LFE63
 1113 0008 00000000 		.4byte	.LFB64
 1114 000c 14000000 		.4byte	.LFE64
 1115 0010 00000000 		.4byte	.LFB65
 1116 0014 94000000 		.4byte	.LFE65
 1117 0018 00000000 		.4byte	.LFB66
 1118 001c C8000000 		.4byte	.LFE66
 1119 0020 00000000 		.4byte	.LFB67
 1120 0024 8C000000 		.4byte	.LFE67
 1121 0028 00000000 		.4byte	.LFB68
 1122 002c 14000000 		.4byte	.LFE68
 1123 0030 00000000 		.4byte	0
ARM GAS  C:\Users\Lenovo\AppData\Local\Temp\ccZMg7Tg.s 			page 23


 1124 0034 00000000 		.4byte	0
 1125              		.section	.debug_line,"",%progbits
 1126              	.Ldebug_line0:
 1127 0000 44020000 		.section	.debug_str,"MS",%progbits,1
 1127      02006B01 
 1127      00000201 
 1127      FB0E0D00 
 1127      01010101 
 1128              	.LASF24:
 1129 0000 70616765 		.ascii	"page\000"
 1129      00
 1130              	.LASF30:
 1131 0005 5F675F69 		.ascii	"_g_i2cstart\000"
 1131      32637374 
 1131      61727400 
 1132              	.LASF9:
 1133 0011 5F5F696E 		.ascii	"__int32_t\000"
 1133      7433325F 
 1133      7400
 1134              	.LASF29:
 1135 001b 486F7365 		.ascii	"HoseDispenser\000"
 1135      44697370 
 1135      656E7365 
 1135      7200
 1136              	.LASF14:
 1137 0029 646F7562 		.ascii	"double\000"
 1137      6C6500
 1138              	.LASF11:
 1139 0030 75696E74 		.ascii	"uint8\000"
 1139      3800
 1140              	.LASF19:
 1141 0036 73746174 		.ascii	"status\000"
 1141      757300
 1142              	.LASF36:
 1143 003d 433A5C55 		.ascii	"C:\\Users\\Lenovo\\Documents\\GitHub\\CorEx-MUX-Ker"
 1143      73657273 
 1143      5C4C656E 
 1143      6F766F5C 
 1143      446F6375 
 1144 006b 6E656C2D 		.ascii	"nel-Enhanced\\Workspace01\\CorEx-Mux-Kernel.cydsn\000"
 1144      456E6861 
 1144      6E636564 
 1144      5C576F72 
 1144      6B737061 
 1145              	.LASF13:
 1146 009b 666C6F61 		.ascii	"float\000"
 1146      7400
 1147              	.LASF1:
 1148 00a1 756E7369 		.ascii	"unsigned char\000"
 1148      676E6564 
 1148      20636861 
 1148      7200
 1149              	.LASF16:
 1150 00af 72656738 		.ascii	"reg8\000"
 1150      00
 1151              	.LASF5:
 1152 00b4 6C6F6E67 		.ascii	"long unsigned int\000"
ARM GAS  C:\Users\Lenovo\AppData\Local\Temp\ccZMg7Tg.s 			page 24


 1152      20756E73 
 1152      69676E65 
 1152      6420696E 
 1152      7400
 1153              	.LASF3:
 1154 00c6 73686F72 		.ascii	"short unsigned int\000"
 1154      7420756E 
 1154      7369676E 
 1154      65642069 
 1154      6E7400
 1155              	.LASF28:
 1156 00d9 49544D5F 		.ascii	"ITM_RxBuffer\000"
 1156      52784275 
 1156      66666572 
 1156      00
 1157              	.LASF38:
 1158 00e6 49324342 		.ascii	"I2CBusLock\000"
 1158      75734C6F 
 1158      636B00
 1159              	.LASF34:
 1160 00f1 474E5520 		.ascii	"GNU C 4.9.3 20150303 (release) [ARM/embedded-4_9-br"
 1160      4320342E 
 1160      392E3320 
 1160      32303135 
 1160      30333033 
 1161 0124 616E6368 		.ascii	"anch revision 221220] -mcpu=cortex-m3 -mthumb -g -O"
 1161      20726576 
 1161      6973696F 
 1161      6E203232 
 1161      31323230 
 1162 0157 30202D66 		.ascii	"0 -ffunction-sections -ffat-lto-objects\000"
 1162      66756E63 
 1162      74696F6E 
 1162      2D736563 
 1162      74696F6E 
 1163              	.LASF25:
 1164 017f 72657472 		.ascii	"retries\000"
 1164      69657300 
 1165              	.LASF12:
 1166 0187 75696E74 		.ascii	"uint16\000"
 1166      313600
 1167              	.LASF23:
 1168 018e 53746F72 		.ascii	"StoreEepromPage\000"
 1168      65456570 
 1168      726F6D50 
 1168      61676500 
 1169              	.LASF8:
 1170 019e 756E7369 		.ascii	"unsigned int\000"
 1170      676E6564 
 1170      20696E74 
 1170      00
 1171              	.LASF26:
 1172 01ab 49324342 		.ascii	"I2CBusUnlock\000"
 1172      7573556E 
 1172      6C6F636B 
 1172      00
 1173              	.LASF7:
ARM GAS  C:\Users\Lenovo\AppData\Local\Temp\ccZMg7Tg.s 			page 25


 1174 01b8 6C6F6E67 		.ascii	"long long unsigned int\000"
 1174      206C6F6E 
 1174      6720756E 
 1174      7369676E 
 1174      65642069 
 1175              	.LASF32:
 1176 01cf 5F675F69 		.ascii	"_g_i2cbuslock\000"
 1176      32636275 
 1176      736C6F63 
 1176      6B00
 1177              	.LASF21:
 1178 01dd 6C696D69 		.ascii	"limit\000"
 1178      7400
 1179              	.LASF10:
 1180 01e3 696E7433 		.ascii	"int32_t\000"
 1180      325F7400 
 1181              	.LASF17:
 1182 01eb 73697A65 		.ascii	"sizetype\000"
 1182      74797065 
 1182      00
 1183              	.LASF6:
 1184 01f4 6C6F6E67 		.ascii	"long long int\000"
 1184      206C6F6E 
 1184      6720696E 
 1184      7400
 1185              	.LASF15:
 1186 0202 63686172 		.ascii	"char\000"
 1186      00
 1187              	.LASF20:
 1188 0207 696E6465 		.ascii	"index\000"
 1188      7800
 1189              	.LASF2:
 1190 020d 73686F72 		.ascii	"short int\000"
 1190      7420696E 
 1190      7400
 1191              	.LASF35:
 1192 0217 2E5C4565 		.ascii	".\\EepromManager.c\000"
 1192      70726F6D 
 1192      4D616E61 
 1192      6765722E 
 1192      6300
 1193              	.LASF33:
 1194 0229 5F675F65 		.ascii	"_g_eeprom\000"
 1194      6570726F 
 1194      6D00
 1195              	.LASF4:
 1196 0233 6C6F6E67 		.ascii	"long int\000"
 1196      20696E74 
 1196      00
 1197              	.LASF22:
 1198 023c 4C6F6164 		.ascii	"LoadEepromPage\000"
 1198      45657072 
 1198      6F6D5061 
 1198      676500
 1199              	.LASF18:
 1200 024b 6C6F6E67 		.ascii	"long double\000"
 1200      20646F75 
ARM GAS  C:\Users\Lenovo\AppData\Local\Temp\ccZMg7Tg.s 			page 26


 1200      626C6500 
 1201              	.LASF0:
 1202 0257 7369676E 		.ascii	"signed char\000"
 1202      65642063 
 1202      68617200 
 1203              	.LASF37:
 1204 0263 47657445 		.ascii	"GetEepromBuffer\000"
 1204      6570726F 
 1204      6D427566 
 1204      66657200 
 1205              	.LASF31:
 1206 0273 5F426F6F 		.ascii	"_Bool\000"
 1206      6C00
 1207              	.LASF27:
 1208 0279 436C6561 		.ascii	"ClearEepromBuffer\000"
 1208      72456570 
 1208      726F6D42 
 1208      75666665 
 1208      7200
 1209              		.ident	"GCC: (GNU Tools for ARM Embedded Processors) 4.9.3 20150303 (release) [ARM/embedded-4_9-br
