ARM GAS  C:\Users\RECEPC~1\AppData\Local\Temp\cc0u2pEQ.s 			page 1


   1              		.syntax unified
   2              		.cpu cortex-m3
   3              		.fpu softvfp
   4              		.eabi_attribute 20, 1
   5              		.eabi_attribute 21, 1
   6              		.eabi_attribute 23, 3
   7              		.eabi_attribute 24, 1
   8              		.eabi_attribute 25, 1
   9              		.eabi_attribute 26, 1
  10              		.eabi_attribute 30, 6
  11              		.eabi_attribute 34, 1
  12              		.eabi_attribute 18, 4
  13              		.thumb
  14              		.file	"EncoreImpl.c"
  15              		.text
  16              	.Ltext0:
  17              		.cfi_sections	.debug_frame
  18              		.comm	HoseDispenser,1,1
  19              	.Letext0:
  20              		.file 1 "c:\\program files (x86)\\cypress\\psoc creator\\3.3\\psoc creator\\import\\gnu\\arm\\4.9.
  21              		.file 2 "c:\\program files (x86)\\cypress\\psoc creator\\3.3\\psoc creator\\import\\gnu\\arm\\4.9.
  22              		.file 3 "Generated_Source\\PSoC5/cytypes.h"
  23              		.file 4 "Generated_Source\\PSoC5/core_cm3.h"
  24              		.file 5 ".\\GlobalDefinitions.h"
  25              		.section	.debug_info,"",%progbits
  26              	.Ldebug_info0:
  27 0000 CE000000 		.4byte	0xce
  28 0004 0400     		.2byte	0x4
  29 0006 00000000 		.4byte	.Ldebug_abbrev0
  30 000a 04       		.byte	0x4
  31 000b 01       		.uleb128 0x1
  32 000c A0000000 		.4byte	.LASF20
  33 0010 01       		.byte	0x1
  34 0011 75000000 		.4byte	.LASF21
  35 0015 60010000 		.4byte	.LASF22
  36 0019 00000000 		.4byte	.Ldebug_line0
  37 001d 02       		.uleb128 0x2
  38 001e 01       		.byte	0x1
  39 001f 06       		.byte	0x6
  40 0020 48010000 		.4byte	.LASF0
  41 0024 02       		.uleb128 0x2
  42 0025 01       		.byte	0x1
  43 0026 08       		.byte	0x8
  44 0027 84000000 		.4byte	.LASF1
  45 002b 02       		.uleb128 0x2
  46 002c 02       		.byte	0x2
  47 002d 05       		.byte	0x5
  48 002e C5010000 		.4byte	.LASF2
  49 0032 02       		.uleb128 0x2
  50 0033 02       		.byte	0x2
  51 0034 07       		.byte	0x7
  52 0035 0E000000 		.4byte	.LASF3
  53 0039 03       		.uleb128 0x3
  54 003a 6B000000 		.4byte	.LASF9
  55 003e 01       		.byte	0x1
  56 003f 3F       		.byte	0x3f
  57 0040 44000000 		.4byte	0x44
ARM GAS  C:\Users\RECEPC~1\AppData\Local\Temp\cc0u2pEQ.s 			page 2


  58 0044 02       		.uleb128 0x2
  59 0045 04       		.byte	0x4
  60 0046 05       		.byte	0x5
  61 0047 97000000 		.4byte	.LASF4
  62 004b 02       		.uleb128 0x2
  63 004c 04       		.byte	0x4
  64 004d 07       		.byte	0x7
  65 004e 34000000 		.4byte	.LASF5
  66 0052 02       		.uleb128 0x2
  67 0053 08       		.byte	0x8
  68 0054 05       		.byte	0x5
  69 0055 00000000 		.4byte	.LASF6
  70 0059 02       		.uleb128 0x2
  71 005a 08       		.byte	0x8
  72 005b 07       		.byte	0x7
  73 005c 46000000 		.4byte	.LASF7
  74 0060 04       		.uleb128 0x4
  75 0061 04       		.byte	0x4
  76 0062 05       		.byte	0x5
  77 0063 696E7400 		.ascii	"int\000"
  78 0067 02       		.uleb128 0x2
  79 0068 04       		.byte	0x4
  80 0069 07       		.byte	0x7
  81 006a 21000000 		.4byte	.LASF8
  82 006e 03       		.uleb128 0x3
  83 006f CF010000 		.4byte	.LASF10
  84 0073 02       		.byte	0x2
  85 0074 2C       		.byte	0x2c
  86 0075 39000000 		.4byte	0x39
  87 0079 05       		.uleb128 0x5
  88 007a 2E000000 		.4byte	.LASF11
  89 007e 03       		.byte	0x3
  90 007f 3801     		.2byte	0x138
  91 0081 24000000 		.4byte	0x24
  92 0085 02       		.uleb128 0x2
  93 0086 04       		.byte	0x4
  94 0087 04       		.byte	0x4
  95 0088 BF010000 		.4byte	.LASF12
  96 008c 02       		.uleb128 0x2
  97 008d 08       		.byte	0x8
  98 008e 04       		.byte	0x4
  99 008f 2E010000 		.4byte	.LASF13
 100 0093 02       		.uleb128 0x2
 101 0094 01       		.byte	0x1
 102 0095 08       		.byte	0x8
 103 0096 92000000 		.4byte	.LASF14
 104 009a 02       		.uleb128 0x2
 105 009b 04       		.byte	0x4
 106 009c 07       		.byte	0x7
 107 009d D7010000 		.4byte	.LASF15
 108 00a1 02       		.uleb128 0x2
 109 00a2 08       		.byte	0x8
 110 00a3 04       		.byte	0x4
 111 00a4 54010000 		.4byte	.LASF16
 112 00a8 02       		.uleb128 0x2
 113 00a9 01       		.byte	0x1
 114 00aa 02       		.byte	0x2
ARM GAS  C:\Users\RECEPC~1\AppData\Local\Temp\cc0u2pEQ.s 			page 3


 115 00ab 35010000 		.4byte	.LASF17
 116 00af 06       		.uleb128 0x6
 117 00b0 3B010000 		.4byte	.LASF18
 118 00b4 04       		.byte	0x4
 119 00b5 5506     		.2byte	0x655
 120 00b7 BB000000 		.4byte	0xbb
 121 00bb 07       		.uleb128 0x7
 122 00bc 6E000000 		.4byte	0x6e
 123 00c0 08       		.uleb128 0x8
 124 00c1 5D000000 		.4byte	.LASF19
 125 00c5 05       		.byte	0x5
 126 00c6 52       		.byte	0x52
 127 00c7 79000000 		.4byte	0x79
 128 00cb 05       		.uleb128 0x5
 129 00cc 03       		.byte	0x3
 130 00cd 00000000 		.4byte	HoseDispenser
 131 00d1 00       		.byte	0
 132              		.section	.debug_abbrev,"",%progbits
 133              	.Ldebug_abbrev0:
 134 0000 01       		.uleb128 0x1
 135 0001 11       		.uleb128 0x11
 136 0002 01       		.byte	0x1
 137 0003 25       		.uleb128 0x25
 138 0004 0E       		.uleb128 0xe
 139 0005 13       		.uleb128 0x13
 140 0006 0B       		.uleb128 0xb
 141 0007 03       		.uleb128 0x3
 142 0008 0E       		.uleb128 0xe
 143 0009 1B       		.uleb128 0x1b
 144 000a 0E       		.uleb128 0xe
 145 000b 10       		.uleb128 0x10
 146 000c 17       		.uleb128 0x17
 147 000d 00       		.byte	0
 148 000e 00       		.byte	0
 149 000f 02       		.uleb128 0x2
 150 0010 24       		.uleb128 0x24
 151 0011 00       		.byte	0
 152 0012 0B       		.uleb128 0xb
 153 0013 0B       		.uleb128 0xb
 154 0014 3E       		.uleb128 0x3e
 155 0015 0B       		.uleb128 0xb
 156 0016 03       		.uleb128 0x3
 157 0017 0E       		.uleb128 0xe
 158 0018 00       		.byte	0
 159 0019 00       		.byte	0
 160 001a 03       		.uleb128 0x3
 161 001b 16       		.uleb128 0x16
 162 001c 00       		.byte	0
 163 001d 03       		.uleb128 0x3
 164 001e 0E       		.uleb128 0xe
 165 001f 3A       		.uleb128 0x3a
 166 0020 0B       		.uleb128 0xb
 167 0021 3B       		.uleb128 0x3b
 168 0022 0B       		.uleb128 0xb
 169 0023 49       		.uleb128 0x49
 170 0024 13       		.uleb128 0x13
 171 0025 00       		.byte	0
ARM GAS  C:\Users\RECEPC~1\AppData\Local\Temp\cc0u2pEQ.s 			page 4


 172 0026 00       		.byte	0
 173 0027 04       		.uleb128 0x4
 174 0028 24       		.uleb128 0x24
 175 0029 00       		.byte	0
 176 002a 0B       		.uleb128 0xb
 177 002b 0B       		.uleb128 0xb
 178 002c 3E       		.uleb128 0x3e
 179 002d 0B       		.uleb128 0xb
 180 002e 03       		.uleb128 0x3
 181 002f 08       		.uleb128 0x8
 182 0030 00       		.byte	0
 183 0031 00       		.byte	0
 184 0032 05       		.uleb128 0x5
 185 0033 16       		.uleb128 0x16
 186 0034 00       		.byte	0
 187 0035 03       		.uleb128 0x3
 188 0036 0E       		.uleb128 0xe
 189 0037 3A       		.uleb128 0x3a
 190 0038 0B       		.uleb128 0xb
 191 0039 3B       		.uleb128 0x3b
 192 003a 05       		.uleb128 0x5
 193 003b 49       		.uleb128 0x49
 194 003c 13       		.uleb128 0x13
 195 003d 00       		.byte	0
 196 003e 00       		.byte	0
 197 003f 06       		.uleb128 0x6
 198 0040 34       		.uleb128 0x34
 199 0041 00       		.byte	0
 200 0042 03       		.uleb128 0x3
 201 0043 0E       		.uleb128 0xe
 202 0044 3A       		.uleb128 0x3a
 203 0045 0B       		.uleb128 0xb
 204 0046 3B       		.uleb128 0x3b
 205 0047 05       		.uleb128 0x5
 206 0048 49       		.uleb128 0x49
 207 0049 13       		.uleb128 0x13
 208 004a 3F       		.uleb128 0x3f
 209 004b 19       		.uleb128 0x19
 210 004c 3C       		.uleb128 0x3c
 211 004d 19       		.uleb128 0x19
 212 004e 00       		.byte	0
 213 004f 00       		.byte	0
 214 0050 07       		.uleb128 0x7
 215 0051 35       		.uleb128 0x35
 216 0052 00       		.byte	0
 217 0053 49       		.uleb128 0x49
 218 0054 13       		.uleb128 0x13
 219 0055 00       		.byte	0
 220 0056 00       		.byte	0
 221 0057 08       		.uleb128 0x8
 222 0058 34       		.uleb128 0x34
 223 0059 00       		.byte	0
 224 005a 03       		.uleb128 0x3
 225 005b 0E       		.uleb128 0xe
 226 005c 3A       		.uleb128 0x3a
 227 005d 0B       		.uleb128 0xb
 228 005e 3B       		.uleb128 0x3b
ARM GAS  C:\Users\RECEPC~1\AppData\Local\Temp\cc0u2pEQ.s 			page 5


 229 005f 0B       		.uleb128 0xb
 230 0060 49       		.uleb128 0x49
 231 0061 13       		.uleb128 0x13
 232 0062 3F       		.uleb128 0x3f
 233 0063 19       		.uleb128 0x19
 234 0064 02       		.uleb128 0x2
 235 0065 18       		.uleb128 0x18
 236 0066 00       		.byte	0
 237 0067 00       		.byte	0
 238 0068 00       		.byte	0
 239              		.section	.debug_aranges,"",%progbits
 240 0000 14000000 		.4byte	0x14
 241 0004 0200     		.2byte	0x2
 242 0006 00000000 		.4byte	.Ldebug_info0
 243 000a 04       		.byte	0x4
 244 000b 00       		.byte	0
 245 000c 0000     		.2byte	0
 246 000e 0000     		.2byte	0
 247 0010 00000000 		.4byte	0
 248 0014 00000000 		.4byte	0
 249              		.section	.debug_line,"",%progbits
 250              	.Ldebug_line0:
 251 0000 5C010000 		.section	.debug_str,"MS",%progbits,1
 251      02005601 
 251      00000201 
 251      FB0E0D00 
 251      01010101 
 252              	.LASF6:
 253 0000 6C6F6E67 		.ascii	"long long int\000"
 253      206C6F6E 
 253      6720696E 
 253      7400
 254              	.LASF3:
 255 000e 73686F72 		.ascii	"short unsigned int\000"
 255      7420756E 
 255      7369676E 
 255      65642069 
 255      6E7400
 256              	.LASF8:
 257 0021 756E7369 		.ascii	"unsigned int\000"
 257      676E6564 
 257      20696E74 
 257      00
 258              	.LASF11:
 259 002e 75696E74 		.ascii	"uint8\000"
 259      3800
 260              	.LASF5:
 261 0034 6C6F6E67 		.ascii	"long unsigned int\000"
 261      20756E73 
 261      69676E65 
 261      6420696E 
 261      7400
 262              	.LASF7:
 263 0046 6C6F6E67 		.ascii	"long long unsigned int\000"
 263      206C6F6E 
 263      6720756E 
 263      7369676E 
ARM GAS  C:\Users\RECEPC~1\AppData\Local\Temp\cc0u2pEQ.s 			page 6


 263      65642069 
 264              	.LASF19:
 265 005d 486F7365 		.ascii	"HoseDispenser\000"
 265      44697370 
 265      656E7365 
 265      7200
 266              	.LASF9:
 267 006b 5F5F696E 		.ascii	"__int32_t\000"
 267      7433325F 
 267      7400
 268              	.LASF21:
 269 0075 2E5C456E 		.ascii	".\\EncoreImpl.c\000"
 269      636F7265 
 269      496D706C 
 269      2E6300
 270              	.LASF1:
 271 0084 756E7369 		.ascii	"unsigned char\000"
 271      676E6564 
 271      20636861 
 271      7200
 272              	.LASF14:
 273 0092 63686172 		.ascii	"char\000"
 273      00
 274              	.LASF4:
 275 0097 6C6F6E67 		.ascii	"long int\000"
 275      20696E74 
 275      00
 276              	.LASF20:
 277 00a0 474E5520 		.ascii	"GNU C 4.9.3 20150303 (release) [ARM/embedded-4_9-br"
 277      4320342E 
 277      392E3320 
 277      32303135 
 277      30333033 
 278 00d3 616E6368 		.ascii	"anch revision 221220] -mcpu=cortex-m3 -mthumb -g -O"
 278      20726576 
 278      6973696F 
 278      6E203232 
 278      31323230 
 279 0106 30202D66 		.ascii	"0 -ffunction-sections -ffat-lto-objects\000"
 279      66756E63 
 279      74696F6E 
 279      2D736563 
 279      74696F6E 
 280              	.LASF13:
 281 012e 646F7562 		.ascii	"double\000"
 281      6C6500
 282              	.LASF17:
 283 0135 5F426F6F 		.ascii	"_Bool\000"
 283      6C00
 284              	.LASF18:
 285 013b 49544D5F 		.ascii	"ITM_RxBuffer\000"
 285      52784275 
 285      66666572 
 285      00
 286              	.LASF0:
 287 0148 7369676E 		.ascii	"signed char\000"
 287      65642063 
ARM GAS  C:\Users\RECEPC~1\AppData\Local\Temp\cc0u2pEQ.s 			page 7


 287      68617200 
 288              	.LASF16:
 289 0154 6C6F6E67 		.ascii	"long double\000"
 289      20646F75 
 289      626C6500 
 290              	.LASF22:
 291 0160 433A5C54 		.ascii	"C:\\TeamInsepet\\NSX-Prime\\Hardware\\CorEx-MUX-Ker"
 291      65616D49 
 291      6E736570 
 291      65745C4E 
 291      53582D50 
 292 018f 6E656C2D 		.ascii	"nel-Enhanced\\Workspace01\\CorEx-Mux-Kernel.cydsn\000"
 292      456E6861 
 292      6E636564 
 292      5C576F72 
 292      6B737061 
 293              	.LASF12:
 294 01bf 666C6F61 		.ascii	"float\000"
 294      7400
 295              	.LASF2:
 296 01c5 73686F72 		.ascii	"short int\000"
 296      7420696E 
 296      7400
 297              	.LASF10:
 298 01cf 696E7433 		.ascii	"int32_t\000"
 298      325F7400 
 299              	.LASF15:
 300 01d7 73697A65 		.ascii	"sizetype\000"
 300      74797065 
 300      00
 301              		.ident	"GCC: (GNU Tools for ARM Embedded Processors) 4.9.3 20150303 (release) [ARM/embedded-4_9-br
