ARM GAS  C:\Users\Lenovo\AppData\Local\Temp\cczXAjmS.s 			page 1


   1              		.syntax unified
   2              		.cpu cortex-m3
   3              		.fpu softvfp
   4              		.eabi_attribute 20, 1
   5              		.eabi_attribute 21, 1
   6              		.eabi_attribute 23, 3
   7              		.eabi_attribute 24, 1
   8              		.eabi_attribute 25, 1
   9              		.eabi_attribute 26, 1
  10              		.eabi_attribute 30, 6
  11              		.eabi_attribute 34, 1
  12              		.eabi_attribute 18, 4
  13              		.thumb
  14              		.file	"EncoreFlow.c"
  15              		.text
  16              	.Ltext0:
  17              		.cfi_sections	.debug_frame
  18              		.comm	HoseDispenser,1,1
  19              	.Letext0:
  20              		.file 1 "Generated_Source\\PSoC5/cytypes.h"
  21              		.file 2 ".\\GlobalDefinitions.h"
  22              		.section	.debug_info,"",%progbits
  23              	.Ldebug_info0:
  24 0000 A7000000 		.4byte	0xa7
  25 0004 0400     		.2byte	0x4
  26 0006 00000000 		.4byte	.Ldebug_abbrev0
  27 000a 04       		.byte	0x4
  28 000b 01       		.uleb128 0x1
  29 000c 74000000 		.4byte	.LASF15
  30 0010 01       		.byte	0x1
  31 0011 6D010000 		.4byte	.LASF16
  32 0015 09010000 		.4byte	.LASF17
  33 0019 00000000 		.4byte	.Ldebug_line0
  34 001d 02       		.uleb128 0x2
  35 001e 01       		.byte	0x1
  36 001f 06       		.byte	0x6
  37 0020 8F010000 		.4byte	.LASF0
  38 0024 02       		.uleb128 0x2
  39 0025 01       		.byte	0x1
  40 0026 08       		.byte	0x8
  41 0027 58000000 		.4byte	.LASF1
  42 002b 02       		.uleb128 0x2
  43 002c 02       		.byte	0x2
  44 002d 05       		.byte	0x5
  45 002e AD010000 		.4byte	.LASF2
  46 0032 02       		.uleb128 0x2
  47 0033 02       		.byte	0x2
  48 0034 07       		.byte	0x7
  49 0035 7C010000 		.4byte	.LASF3
  50 0039 02       		.uleb128 0x2
  51 003a 04       		.byte	0x4
  52 003b 05       		.byte	0x5
  53 003c 6B000000 		.4byte	.LASF4
  54 0040 02       		.uleb128 0x2
  55 0041 04       		.byte	0x4
  56 0042 07       		.byte	0x7
  57 0043 21000000 		.4byte	.LASF5
ARM GAS  C:\Users\Lenovo\AppData\Local\Temp\cczXAjmS.s 			page 2


  58 0047 02       		.uleb128 0x2
  59 0048 08       		.byte	0x8
  60 0049 05       		.byte	0x5
  61 004a 00000000 		.4byte	.LASF6
  62 004e 02       		.uleb128 0x2
  63 004f 08       		.byte	0x8
  64 0050 07       		.byte	0x7
  65 0051 33000000 		.4byte	.LASF7
  66 0055 03       		.uleb128 0x3
  67 0056 04       		.byte	0x4
  68 0057 05       		.byte	0x5
  69 0058 696E7400 		.ascii	"int\000"
  70 005c 02       		.uleb128 0x2
  71 005d 04       		.byte	0x4
  72 005e 07       		.byte	0x7
  73 005f 0E000000 		.4byte	.LASF8
  74 0063 04       		.uleb128 0x4
  75 0064 1B000000 		.4byte	.LASF18
  76 0068 01       		.byte	0x1
  77 0069 3801     		.2byte	0x138
  78 006b 24000000 		.4byte	0x24
  79 006f 02       		.uleb128 0x2
  80 0070 04       		.byte	0x4
  81 0071 04       		.byte	0x4
  82 0072 A7010000 		.4byte	.LASF9
  83 0076 02       		.uleb128 0x2
  84 0077 08       		.byte	0x8
  85 0078 04       		.byte	0x4
  86 0079 02010000 		.4byte	.LASF10
  87 007d 02       		.uleb128 0x2
  88 007e 01       		.byte	0x1
  89 007f 08       		.byte	0x8
  90 0080 66000000 		.4byte	.LASF11
  91 0084 02       		.uleb128 0x2
  92 0085 04       		.byte	0x4
  93 0086 07       		.byte	0x7
  94 0087 B7010000 		.4byte	.LASF12
  95 008b 02       		.uleb128 0x2
  96 008c 08       		.byte	0x8
  97 008d 04       		.byte	0x4
  98 008e 9B010000 		.4byte	.LASF13
  99 0092 02       		.uleb128 0x2
 100 0093 01       		.byte	0x1
 101 0094 02       		.byte	0x2
 102 0095 67010000 		.4byte	.LASF14
 103 0099 05       		.uleb128 0x5
 104 009a 4A000000 		.4byte	.LASF19
 105 009e 02       		.byte	0x2
 106 009f 52       		.byte	0x52
 107 00a0 63000000 		.4byte	0x63
 108 00a4 05       		.uleb128 0x5
 109 00a5 03       		.byte	0x3
 110 00a6 00000000 		.4byte	HoseDispenser
 111 00aa 00       		.byte	0
 112              		.section	.debug_abbrev,"",%progbits
 113              	.Ldebug_abbrev0:
 114 0000 01       		.uleb128 0x1
ARM GAS  C:\Users\Lenovo\AppData\Local\Temp\cczXAjmS.s 			page 3


 115 0001 11       		.uleb128 0x11
 116 0002 01       		.byte	0x1
 117 0003 25       		.uleb128 0x25
 118 0004 0E       		.uleb128 0xe
 119 0005 13       		.uleb128 0x13
 120 0006 0B       		.uleb128 0xb
 121 0007 03       		.uleb128 0x3
 122 0008 0E       		.uleb128 0xe
 123 0009 1B       		.uleb128 0x1b
 124 000a 0E       		.uleb128 0xe
 125 000b 10       		.uleb128 0x10
 126 000c 17       		.uleb128 0x17
 127 000d 00       		.byte	0
 128 000e 00       		.byte	0
 129 000f 02       		.uleb128 0x2
 130 0010 24       		.uleb128 0x24
 131 0011 00       		.byte	0
 132 0012 0B       		.uleb128 0xb
 133 0013 0B       		.uleb128 0xb
 134 0014 3E       		.uleb128 0x3e
 135 0015 0B       		.uleb128 0xb
 136 0016 03       		.uleb128 0x3
 137 0017 0E       		.uleb128 0xe
 138 0018 00       		.byte	0
 139 0019 00       		.byte	0
 140 001a 03       		.uleb128 0x3
 141 001b 24       		.uleb128 0x24
 142 001c 00       		.byte	0
 143 001d 0B       		.uleb128 0xb
 144 001e 0B       		.uleb128 0xb
 145 001f 3E       		.uleb128 0x3e
 146 0020 0B       		.uleb128 0xb
 147 0021 03       		.uleb128 0x3
 148 0022 08       		.uleb128 0x8
 149 0023 00       		.byte	0
 150 0024 00       		.byte	0
 151 0025 04       		.uleb128 0x4
 152 0026 16       		.uleb128 0x16
 153 0027 00       		.byte	0
 154 0028 03       		.uleb128 0x3
 155 0029 0E       		.uleb128 0xe
 156 002a 3A       		.uleb128 0x3a
 157 002b 0B       		.uleb128 0xb
 158 002c 3B       		.uleb128 0x3b
 159 002d 05       		.uleb128 0x5
 160 002e 49       		.uleb128 0x49
 161 002f 13       		.uleb128 0x13
 162 0030 00       		.byte	0
 163 0031 00       		.byte	0
 164 0032 05       		.uleb128 0x5
 165 0033 34       		.uleb128 0x34
 166 0034 00       		.byte	0
 167 0035 03       		.uleb128 0x3
 168 0036 0E       		.uleb128 0xe
 169 0037 3A       		.uleb128 0x3a
 170 0038 0B       		.uleb128 0xb
 171 0039 3B       		.uleb128 0x3b
ARM GAS  C:\Users\Lenovo\AppData\Local\Temp\cczXAjmS.s 			page 4


 172 003a 0B       		.uleb128 0xb
 173 003b 49       		.uleb128 0x49
 174 003c 13       		.uleb128 0x13
 175 003d 3F       		.uleb128 0x3f
 176 003e 19       		.uleb128 0x19
 177 003f 02       		.uleb128 0x2
 178 0040 18       		.uleb128 0x18
 179 0041 00       		.byte	0
 180 0042 00       		.byte	0
 181 0043 00       		.byte	0
 182              		.section	.debug_aranges,"",%progbits
 183 0000 14000000 		.4byte	0x14
 184 0004 0200     		.2byte	0x2
 185 0006 00000000 		.4byte	.Ldebug_info0
 186 000a 04       		.byte	0x4
 187 000b 00       		.byte	0
 188 000c 0000     		.2byte	0
 189 000e 0000     		.2byte	0
 190 0010 00000000 		.4byte	0
 191 0014 00000000 		.4byte	0
 192              		.section	.debug_line,"",%progbits
 193              	.Ldebug_line0:
 194 0000 56000000 		.section	.debug_str,"MS",%progbits,1
 194      02005000 
 194      00000201 
 194      FB0E0D00 
 194      01010101 
 195              	.LASF6:
 196 0000 6C6F6E67 		.ascii	"long long int\000"
 196      206C6F6E 
 196      6720696E 
 196      7400
 197              	.LASF8:
 198 000e 756E7369 		.ascii	"unsigned int\000"
 198      676E6564 
 198      20696E74 
 198      00
 199              	.LASF18:
 200 001b 75696E74 		.ascii	"uint8\000"
 200      3800
 201              	.LASF5:
 202 0021 6C6F6E67 		.ascii	"long unsigned int\000"
 202      20756E73 
 202      69676E65 
 202      6420696E 
 202      7400
 203              	.LASF7:
 204 0033 6C6F6E67 		.ascii	"long long unsigned int\000"
 204      206C6F6E 
 204      6720756E 
 204      7369676E 
 204      65642069 
 205              	.LASF19:
 206 004a 486F7365 		.ascii	"HoseDispenser\000"
 206      44697370 
 206      656E7365 
 206      7200
ARM GAS  C:\Users\Lenovo\AppData\Local\Temp\cczXAjmS.s 			page 5


 207              	.LASF1:
 208 0058 756E7369 		.ascii	"unsigned char\000"
 208      676E6564 
 208      20636861 
 208      7200
 209              	.LASF11:
 210 0066 63686172 		.ascii	"char\000"
 210      00
 211              	.LASF4:
 212 006b 6C6F6E67 		.ascii	"long int\000"
 212      20696E74 
 212      00
 213              	.LASF15:
 214 0074 474E5520 		.ascii	"GNU C 4.9.3 20150303 (release) [ARM/embedded-4_9-br"
 214      4320342E 
 214      392E3320 
 214      32303135 
 214      30333033 
 215 00a7 616E6368 		.ascii	"anch revision 221220] -mcpu=cortex-m3 -mthumb -g -O"
 215      20726576 
 215      6973696F 
 215      6E203232 
 215      31323230 
 216 00da 30202D66 		.ascii	"0 -ffunction-sections -ffat-lto-objects\000"
 216      66756E63 
 216      74696F6E 
 216      2D736563 
 216      74696F6E 
 217              	.LASF10:
 218 0102 646F7562 		.ascii	"double\000"
 218      6C6500
 219              	.LASF17:
 220 0109 433A5C55 		.ascii	"C:\\Users\\Lenovo\\Documents\\GitHub\\CorEx-MUX-Ker"
 220      73657273 
 220      5C4C656E 
 220      6F766F5C 
 220      446F6375 
 221 0137 6E656C2D 		.ascii	"nel-Enhanced\\Workspace01\\CorEx-Mux-Kernel.cydsn\000"
 221      456E6861 
 221      6E636564 
 221      5C576F72 
 221      6B737061 
 222              	.LASF14:
 223 0167 5F426F6F 		.ascii	"_Bool\000"
 223      6C00
 224              	.LASF16:
 225 016d 2E5C456E 		.ascii	".\\EncoreFlow.c\000"
 225      636F7265 
 225      466C6F77 
 225      2E6300
 226              	.LASF3:
 227 017c 73686F72 		.ascii	"short unsigned int\000"
 227      7420756E 
 227      7369676E 
 227      65642069 
 227      6E7400
 228              	.LASF0:
ARM GAS  C:\Users\Lenovo\AppData\Local\Temp\cczXAjmS.s 			page 6


 229 018f 7369676E 		.ascii	"signed char\000"
 229      65642063 
 229      68617200 
 230              	.LASF13:
 231 019b 6C6F6E67 		.ascii	"long double\000"
 231      20646F75 
 231      626C6500 
 232              	.LASF9:
 233 01a7 666C6F61 		.ascii	"float\000"
 233      7400
 234              	.LASF2:
 235 01ad 73686F72 		.ascii	"short int\000"
 235      7420696E 
 235      7400
 236              	.LASF12:
 237 01b7 73697A65 		.ascii	"sizetype\000"
 237      74797065 
 237      00
 238              		.ident	"GCC: (GNU Tools for ARM Embedded Processors) 4.9.3 20150303 (release) [ARM/embedded-4_9-br
