ARM GAS  C:\Users\RECEPC~1\AppData\Local\Temp\cckfC9RB.s 			page 1


   1              		.syntax unified
   2              		.cpu cortex-m3
   3              		.fpu softvfp
   4              		.eabi_attribute 20, 1
   5              		.eabi_attribute 21, 1
   6              		.eabi_attribute 23, 3
   7              		.eabi_attribute 24, 1
   8              		.eabi_attribute 25, 1
   9              		.eabi_attribute 26, 1
  10              		.eabi_attribute 30, 6
  11              		.eabi_attribute 34, 1
  12              		.eabi_attribute 18, 4
  13              		.thumb
  14              		.file	"iButtonBLL.c"
  15              		.text
  16              	.Ltext0:
  17              		.cfi_sections	.debug_frame
  18              		.section	.text.iButton1Scan,"ax",%progbits
  19              		.align	2
  20              		.global	iButton1Scan
  21              		.thumb
  22              		.thumb_func
  23              		.type	iButton1Scan, %function
  24              	iButton1Scan:
  25              	.LFB63:
  26              		.file 1 ".\\iButtonBLL.c"
   1:.\iButtonBLL.c **** /* ========================================
   2:.\iButtonBLL.c ****  *
   3:.\iButtonBLL.c ****  * Copyright INSEPET SISTEMAS, 2016
   4:.\iButtonBLL.c ****  * All Rights Reserved
   5:.\iButtonBLL.c ****  * UNPUBLISHED, LICENSED SOFTWARE.
   6:.\iButtonBLL.c ****  *
   7:.\iButtonBLL.c ****  * CONFIDENTIAL AND PROPRIETARY INFORMATION
   8:.\iButtonBLL.c ****  * WHICH IS THE PROPERTY OF your company.
   9:.\iButtonBLL.c ****  *
  10:.\iButtonBLL.c ****  * ========================================
  11:.\iButtonBLL.c **** @Created By: HIJH
  12:.\iButtonBLL.c **** @Date: Septembre de 2016
  13:.\iButtonBLL.c **** */
  14:.\iButtonBLL.c **** #include <project.h>
  15:.\iButtonBLL.c **** #include "SinkManager.h"
  16:.\iButtonBLL.c **** #include "SinkObservables.h"
  17:.\iButtonBLL.c **** #include "GlobalDefinitions.h"
  18:.\iButtonBLL.c **** #include "iButton.h"
  19:.\iButtonBLL.c **** 
  20:.\iButtonBLL.c **** void iButtonCRCReset();
  21:.\iButtonBLL.c **** bool iButtonCRCCheck(char* pbuffer);
  22:.\iButtonBLL.c **** uint8 iButtonRead(uint8 port);
  23:.\iButtonBLL.c **** void iButtonWrite(uint8 port, uint8 data);
  24:.\iButtonBLL.c **** bool iButtonResetPresenceSequence(uint8 port);
  25:.\iButtonBLL.c **** 
  26:.\iButtonBLL.c **** 
  27:.\iButtonBLL.c **** //@Created by: HIJH
  28:.\iButtonBLL.c **** //@Date: Septembre de 2016
  29:.\iButtonBLL.c **** //Validates and acquires the unique identifier from the related iButton port
  30:.\iButtonBLL.c **** void iButton1Scan(void *pparam)
  31:.\iButtonBLL.c **** {
ARM GAS  C:\Users\RECEPC~1\AppData\Local\Temp\cckfC9RB.s 			page 2


  27              		.loc 1 31 0
  28              		.cfi_startproc
  29              		@ args = 0, pretend = 0, frame = 16
  30              		@ frame_needed = 1, uses_anonymous_args = 0
  31 0000 90B5     		push	{r4, r7, lr}
  32              		.cfi_def_cfa_offset 12
  33              		.cfi_offset 4, -12
  34              		.cfi_offset 7, -8
  35              		.cfi_offset 14, -4
  36 0002 85B0     		sub	sp, sp, #20
  37              		.cfi_def_cfa_offset 32
  38 0004 00AF     		add	r7, sp, #0
  39              		.cfi_def_cfa_register 7
  40 0006 7860     		str	r0, [r7, #4]
  32:.\iButtonBLL.c ****     CyDelayFreq(0x00);
  41              		.loc 1 32 0
  42 0008 0020     		movs	r0, #0
  43 000a FFF7FEFF 		bl	CyDelayFreq
  33:.\iButtonBLL.c ****     
  34:.\iButtonBLL.c ****     PSINKMESSAGEPTR pmsg = (PSINKMESSAGEPTR)pparam;
  44              		.loc 1 34 0
  45 000e 7B68     		ldr	r3, [r7, #4]
  46 0010 BB60     		str	r3, [r7, #8]
  35:.\iButtonBLL.c ****     if(pmsg->_messageid != IBUTTON1_SCAN)
  47              		.loc 1 35 0
  48 0012 BB68     		ldr	r3, [r7, #8]
  49 0014 5B78     		ldrb	r3, [r3, #1]
  50 0016 DBB2     		uxtb	r3, r3
  51 0018 252B     		cmp	r3, #37
  52 001a 00D0     		beq	.L2
  36:.\iButtonBLL.c ****         return;
  53              		.loc 1 36 0
  54 001c 46E0     		b	.L1
  55              	.L2:
  37:.\iButtonBLL.c ****     
  38:.\iButtonBLL.c ****     if(iButtonResetPresenceSequence(_IBUTTON_PORT1_))
  56              		.loc 1 38 0
  57 001e 0120     		movs	r0, #1
  58 0020 FFF7FEFF 		bl	iButtonResetPresenceSequence
  59 0024 0346     		mov	r3, r0
  60 0026 002B     		cmp	r3, #0
  61 0028 40D0     		beq	.L1
  62              	.LBB2:
  39:.\iButtonBLL.c ****     {
  40:.\iButtonBLL.c ****         char8 crc = 0x00;
  63              		.loc 1 40 0
  64 002a 0023     		movs	r3, #0
  65 002c FB73     		strb	r3, [r7, #15]
  41:.\iButtonBLL.c ****         iButtonWrite(_IBUTTON_PORT1_, _IBUTTON_READ_ROM_);
  66              		.loc 1 41 0
  67 002e 0120     		movs	r0, #1
  68 0030 3321     		movs	r1, #51
  69 0032 FFF7FEFF 		bl	iButtonWrite
  42:.\iButtonBLL.c ****         FOR(uint8 index = 0, index < _IBUTTON_PAYLOAD_LENGTH_, index++)
  70              		.loc 1 42 0
  71 0036 0023     		movs	r3, #0
  72 0038 BB73     		strb	r3, [r7, #14]
ARM GAS  C:\Users\RECEPC~1\AppData\Local\Temp\cckfC9RB.s 			page 3


  73 003a 0BE0     		b	.L4
  74              	.L5:
  43:.\iButtonBLL.c ****             pmsg->_buffer[index] = iButtonRead(_IBUTTON_PORT1_);
  75              		.loc 1 43 0 discriminator 3
  76 003c BC7B     		ldrb	r4, [r7, #14]	@ zero_extendqisi2
  77 003e 0120     		movs	r0, #1
  78 0040 FFF7FEFF 		bl	iButtonRead
  79 0044 0346     		mov	r3, r0
  80 0046 1A46     		mov	r2, r3
  81 0048 BB68     		ldr	r3, [r7, #8]
  82 004a 2344     		add	r3, r3, r4
  83 004c 1A73     		strb	r2, [r3, #12]
  42:.\iButtonBLL.c ****         FOR(uint8 index = 0, index < _IBUTTON_PAYLOAD_LENGTH_, index++)
  84              		.loc 1 42 0 discriminator 3
  85 004e BB7B     		ldrb	r3, [r7, #14]	@ zero_extendqisi2
  86 0050 0133     		adds	r3, r3, #1
  87 0052 BB73     		strb	r3, [r7, #14]
  88              	.L4:
  42:.\iButtonBLL.c ****         FOR(uint8 index = 0, index < _IBUTTON_PAYLOAD_LENGTH_, index++)
  89              		.loc 1 42 0 is_stmt 0 discriminator 1
  90 0054 BB7B     		ldrb	r3, [r7, #14]	@ zero_extendqisi2
  91 0056 072B     		cmp	r3, #7
  92 0058 F0D9     		bls	.L5
  44:.\iButtonBLL.c ****         
  45:.\iButtonBLL.c ****         FOR(index = 0, index < (_IBUTTON_PAYLOAD_LENGTH_ - 1), index++)
  93              		.loc 1 45 0 is_stmt 1
  94 005a 0023     		movs	r3, #0
  95 005c BB73     		strb	r3, [r7, #14]
  96 005e 0DE0     		b	.L6
  97              	.L7:
  46:.\iButtonBLL.c ****             crc = CRCCheck(crc, pmsg->_buffer[index]);
  98              		.loc 1 46 0 discriminator 3
  99 0060 BB7B     		ldrb	r3, [r7, #14]	@ zero_extendqisi2
 100 0062 BA68     		ldr	r2, [r7, #8]
 101 0064 1344     		add	r3, r3, r2
 102 0066 1B7B     		ldrb	r3, [r3, #12]	@ zero_extendqisi2
 103 0068 FA7B     		ldrb	r2, [r7, #15]	@ zero_extendqisi2
 104 006a 1046     		mov	r0, r2
 105 006c 1946     		mov	r1, r3
 106 006e FFF7FEFF 		bl	CRCCheck
 107 0072 0346     		mov	r3, r0
 108 0074 FB73     		strb	r3, [r7, #15]
  45:.\iButtonBLL.c ****             crc = CRCCheck(crc, pmsg->_buffer[index]);
 109              		.loc 1 45 0 discriminator 3
 110 0076 BB7B     		ldrb	r3, [r7, #14]	@ zero_extendqisi2
 111 0078 0133     		adds	r3, r3, #1
 112 007a BB73     		strb	r3, [r7, #14]
 113              	.L6:
  45:.\iButtonBLL.c ****             crc = CRCCheck(crc, pmsg->_buffer[index]);
 114              		.loc 1 45 0 is_stmt 0 discriminator 1
 115 007c BB7B     		ldrb	r3, [r7, #14]	@ zero_extendqisi2
 116 007e 062B     		cmp	r3, #6
 117 0080 EED9     		bls	.L7
  47:.\iButtonBLL.c ****         
  48:.\iButtonBLL.c ****         //iButton data stream integrity is ok after this check...
  49:.\iButtonBLL.c ****         if(crc == pmsg->_buffer[(_IBUTTON_PAYLOAD_LENGTH_ - 1)] && crc != 0x00)
 118              		.loc 1 49 0 is_stmt 1
ARM GAS  C:\Users\RECEPC~1\AppData\Local\Temp\cckfC9RB.s 			page 4


 119 0082 BB68     		ldr	r3, [r7, #8]
 120 0084 DB7C     		ldrb	r3, [r3, #19]	@ zero_extendqisi2
 121 0086 FA7B     		ldrb	r2, [r7, #15]	@ zero_extendqisi2
 122 0088 9A42     		cmp	r2, r3
 123 008a 0FD1     		bne	.L1
 124              		.loc 1 49 0 is_stmt 0 discriminator 1
 125 008c FB7B     		ldrb	r3, [r7, #15]	@ zero_extendqisi2
 126 008e 002B     		cmp	r3, #0
 127 0090 0CD0     		beq	.L1
  50:.\iButtonBLL.c ****             if(pmsg->Callback)
 128              		.loc 1 50 0 is_stmt 1
 129 0092 BB68     		ldr	r3, [r7, #8]
 130 0094 D3F89431 		ldr	r3, [r3, #404]
 131 0098 002B     		cmp	r3, #0
 132 009a 07D0     		beq	.L1
  51:.\iButtonBLL.c ****             {
  52:.\iButtonBLL.c ****                 pmsg->_selfkill = true;
 133              		.loc 1 52 0
 134 009c BB68     		ldr	r3, [r7, #8]
 135 009e 0122     		movs	r2, #1
 136 00a0 1A70     		strb	r2, [r3]
  53:.\iButtonBLL.c ****                 pmsg->Callback(pmsg);
 137              		.loc 1 53 0
 138 00a2 BB68     		ldr	r3, [r7, #8]
 139 00a4 D3F89431 		ldr	r3, [r3, #404]
 140 00a8 B868     		ldr	r0, [r7, #8]
 141 00aa 9847     		blx	r3
 142              	.L1:
 143              	.LBE2:
  54:.\iButtonBLL.c ****             }
  55:.\iButtonBLL.c ****     }
  56:.\iButtonBLL.c **** }
 144              		.loc 1 56 0
 145 00ac 1437     		adds	r7, r7, #20
 146              		.cfi_def_cfa_offset 12
 147 00ae BD46     		mov	sp, r7
 148              		.cfi_def_cfa_register 13
 149              		@ sp needed
 150 00b0 90BD     		pop	{r4, r7, pc}
 151              		.cfi_endproc
 152              	.LFE63:
 153              		.size	iButton1Scan, .-iButton1Scan
 154 00b2 00BF     		.section	.text.iButton2Scan,"ax",%progbits
 155              		.align	2
 156              		.global	iButton2Scan
 157              		.thumb
 158              		.thumb_func
 159              		.type	iButton2Scan, %function
 160              	iButton2Scan:
 161              	.LFB64:
  57:.\iButtonBLL.c **** 
  58:.\iButtonBLL.c **** //@Created by: HIJH
  59:.\iButtonBLL.c **** //@Date: Septembre de 2016
  60:.\iButtonBLL.c **** //Validates and acquires the unique identifier from the related iButton port
  61:.\iButtonBLL.c **** void iButton2Scan(void *pparam)
  62:.\iButtonBLL.c **** {
 162              		.loc 1 62 0
ARM GAS  C:\Users\RECEPC~1\AppData\Local\Temp\cckfC9RB.s 			page 5


 163              		.cfi_startproc
 164              		@ args = 0, pretend = 0, frame = 16
 165              		@ frame_needed = 1, uses_anonymous_args = 0
 166 0000 90B5     		push	{r4, r7, lr}
 167              		.cfi_def_cfa_offset 12
 168              		.cfi_offset 4, -12
 169              		.cfi_offset 7, -8
 170              		.cfi_offset 14, -4
 171 0002 85B0     		sub	sp, sp, #20
 172              		.cfi_def_cfa_offset 32
 173 0004 00AF     		add	r7, sp, #0
 174              		.cfi_def_cfa_register 7
 175 0006 7860     		str	r0, [r7, #4]
  63:.\iButtonBLL.c ****     CyDelayFreq(0x00);
 176              		.loc 1 63 0
 177 0008 0020     		movs	r0, #0
 178 000a FFF7FEFF 		bl	CyDelayFreq
  64:.\iButtonBLL.c ****     
  65:.\iButtonBLL.c ****     PSINKMESSAGEPTR pmsg = (PSINKMESSAGEPTR)pparam;
 179              		.loc 1 65 0
 180 000e 7B68     		ldr	r3, [r7, #4]
 181 0010 BB60     		str	r3, [r7, #8]
  66:.\iButtonBLL.c ****     if(iButtonResetPresenceSequence(_IBUTTON_PORT2_))
 182              		.loc 1 66 0
 183 0012 0220     		movs	r0, #2
 184 0014 FFF7FEFF 		bl	iButtonResetPresenceSequence
 185 0018 0346     		mov	r3, r0
 186 001a 002B     		cmp	r3, #0
 187 001c 40D0     		beq	.L8
 188              	.LBB3:
  67:.\iButtonBLL.c ****     {
  68:.\iButtonBLL.c ****         char8 crc = 0x00;
 189              		.loc 1 68 0
 190 001e 0023     		movs	r3, #0
 191 0020 FB73     		strb	r3, [r7, #15]
  69:.\iButtonBLL.c ****         iButtonWrite(_IBUTTON_PORT2_, _IBUTTON_READ_ROM_);
 192              		.loc 1 69 0
 193 0022 0220     		movs	r0, #2
 194 0024 3321     		movs	r1, #51
 195 0026 FFF7FEFF 		bl	iButtonWrite
  70:.\iButtonBLL.c ****         FOR(uint8 index = 0, index < _IBUTTON_PAYLOAD_LENGTH_, index++)
 196              		.loc 1 70 0
 197 002a 0023     		movs	r3, #0
 198 002c BB73     		strb	r3, [r7, #14]
 199 002e 0BE0     		b	.L10
 200              	.L11:
  71:.\iButtonBLL.c ****             pmsg->_buffer[index] = iButtonRead(_IBUTTON_PORT2_);
 201              		.loc 1 71 0 discriminator 3
 202 0030 BC7B     		ldrb	r4, [r7, #14]	@ zero_extendqisi2
 203 0032 0220     		movs	r0, #2
 204 0034 FFF7FEFF 		bl	iButtonRead
 205 0038 0346     		mov	r3, r0
 206 003a 1A46     		mov	r2, r3
 207 003c BB68     		ldr	r3, [r7, #8]
 208 003e 2344     		add	r3, r3, r4
 209 0040 1A73     		strb	r2, [r3, #12]
  70:.\iButtonBLL.c ****         FOR(uint8 index = 0, index < _IBUTTON_PAYLOAD_LENGTH_, index++)
ARM GAS  C:\Users\RECEPC~1\AppData\Local\Temp\cckfC9RB.s 			page 6


 210              		.loc 1 70 0 discriminator 3
 211 0042 BB7B     		ldrb	r3, [r7, #14]	@ zero_extendqisi2
 212 0044 0133     		adds	r3, r3, #1
 213 0046 BB73     		strb	r3, [r7, #14]
 214              	.L10:
  70:.\iButtonBLL.c ****         FOR(uint8 index = 0, index < _IBUTTON_PAYLOAD_LENGTH_, index++)
 215              		.loc 1 70 0 is_stmt 0 discriminator 1
 216 0048 BB7B     		ldrb	r3, [r7, #14]	@ zero_extendqisi2
 217 004a 072B     		cmp	r3, #7
 218 004c F0D9     		bls	.L11
  72:.\iButtonBLL.c ****         
  73:.\iButtonBLL.c ****         FOR(index = 0, index < (_IBUTTON_PAYLOAD_LENGTH_ - 1), index++)
 219              		.loc 1 73 0 is_stmt 1
 220 004e 0023     		movs	r3, #0
 221 0050 BB73     		strb	r3, [r7, #14]
 222 0052 0DE0     		b	.L12
 223              	.L13:
  74:.\iButtonBLL.c ****             crc = CRCCheck(crc, pmsg->_buffer[index]);
 224              		.loc 1 74 0 discriminator 3
 225 0054 BB7B     		ldrb	r3, [r7, #14]	@ zero_extendqisi2
 226 0056 BA68     		ldr	r2, [r7, #8]
 227 0058 1344     		add	r3, r3, r2
 228 005a 1B7B     		ldrb	r3, [r3, #12]	@ zero_extendqisi2
 229 005c FA7B     		ldrb	r2, [r7, #15]	@ zero_extendqisi2
 230 005e 1046     		mov	r0, r2
 231 0060 1946     		mov	r1, r3
 232 0062 FFF7FEFF 		bl	CRCCheck
 233 0066 0346     		mov	r3, r0
 234 0068 FB73     		strb	r3, [r7, #15]
  73:.\iButtonBLL.c ****             crc = CRCCheck(crc, pmsg->_buffer[index]);
 235              		.loc 1 73 0 discriminator 3
 236 006a BB7B     		ldrb	r3, [r7, #14]	@ zero_extendqisi2
 237 006c 0133     		adds	r3, r3, #1
 238 006e BB73     		strb	r3, [r7, #14]
 239              	.L12:
  73:.\iButtonBLL.c ****             crc = CRCCheck(crc, pmsg->_buffer[index]);
 240              		.loc 1 73 0 is_stmt 0 discriminator 1
 241 0070 BB7B     		ldrb	r3, [r7, #14]	@ zero_extendqisi2
 242 0072 062B     		cmp	r3, #6
 243 0074 EED9     		bls	.L13
  75:.\iButtonBLL.c ****         
  76:.\iButtonBLL.c ****         //iButton data stream integrity is ok after this check...
  77:.\iButtonBLL.c ****         if(crc == pmsg->_buffer[(_IBUTTON_PAYLOAD_LENGTH_ - 1)] && crc != 0x00)
 244              		.loc 1 77 0 is_stmt 1
 245 0076 BB68     		ldr	r3, [r7, #8]
 246 0078 DB7C     		ldrb	r3, [r3, #19]	@ zero_extendqisi2
 247 007a FA7B     		ldrb	r2, [r7, #15]	@ zero_extendqisi2
 248 007c 9A42     		cmp	r2, r3
 249 007e 0FD1     		bne	.L8
 250              		.loc 1 77 0 is_stmt 0 discriminator 1
 251 0080 FB7B     		ldrb	r3, [r7, #15]	@ zero_extendqisi2
 252 0082 002B     		cmp	r3, #0
 253 0084 0CD0     		beq	.L8
  78:.\iButtonBLL.c ****             if(pmsg->Callback)
 254              		.loc 1 78 0 is_stmt 1
 255 0086 BB68     		ldr	r3, [r7, #8]
 256 0088 D3F89431 		ldr	r3, [r3, #404]
ARM GAS  C:\Users\RECEPC~1\AppData\Local\Temp\cckfC9RB.s 			page 7


 257 008c 002B     		cmp	r3, #0
 258 008e 07D0     		beq	.L8
  79:.\iButtonBLL.c ****             {
  80:.\iButtonBLL.c ****                 pmsg->_selfkill = true;
 259              		.loc 1 80 0
 260 0090 BB68     		ldr	r3, [r7, #8]
 261 0092 0122     		movs	r2, #1
 262 0094 1A70     		strb	r2, [r3]
  81:.\iButtonBLL.c ****                 pmsg->Callback(pmsg);
 263              		.loc 1 81 0
 264 0096 BB68     		ldr	r3, [r7, #8]
 265 0098 D3F89431 		ldr	r3, [r3, #404]
 266 009c B868     		ldr	r0, [r7, #8]
 267 009e 9847     		blx	r3
 268              	.L8:
 269              	.LBE3:
  82:.\iButtonBLL.c ****             }
  83:.\iButtonBLL.c ****     }
  84:.\iButtonBLL.c **** }
 270              		.loc 1 84 0
 271 00a0 1437     		adds	r7, r7, #20
 272              		.cfi_def_cfa_offset 12
 273 00a2 BD46     		mov	sp, r7
 274              		.cfi_def_cfa_register 13
 275              		@ sp needed
 276 00a4 90BD     		pop	{r4, r7, pc}
 277              		.cfi_endproc
 278              	.LFE64:
 279              		.size	iButton2Scan, .-iButton2Scan
 280 00a6 00BF     		.section	.text.iButtonCRCReset,"ax",%progbits
 281              		.align	2
 282              		.global	iButtonCRCReset
 283              		.thumb
 284              		.thumb_func
 285              		.type	iButtonCRCReset, %function
 286              	iButtonCRCReset:
 287              	.LFB65:
  85:.\iButtonBLL.c **** 
  86:.\iButtonBLL.c **** //@Created By: HIJH
  87:.\iButtonBLL.c **** //@Septembre de 2016
  88:.\iButtonBLL.c **** void iButtonCRCReset()
  89:.\iButtonBLL.c **** {
 288              		.loc 1 89 0
 289              		.cfi_startproc
 290              		@ args = 0, pretend = 0, frame = 0
 291              		@ frame_needed = 1, uses_anonymous_args = 0
 292 0000 80B5     		push	{r7, lr}
 293              		.cfi_def_cfa_offset 8
 294              		.cfi_offset 7, -8
 295              		.cfi_offset 14, -4
 296 0002 00AF     		add	r7, sp, #0
 297              		.cfi_def_cfa_register 7
  90:.\iButtonBLL.c ****     Reset_iButton_Write(HIGH);
 298              		.loc 1 90 0
 299 0004 0120     		movs	r0, #1
 300 0006 FFF7FEFF 		bl	Reset_iButton_Write
  91:.\iButtonBLL.c ****     CRC_CLOCK_PULSE;
ARM GAS  C:\Users\RECEPC~1\AppData\Local\Temp\cckfC9RB.s 			page 8


 301              		.loc 1 91 0
 302 000a 0120     		movs	r0, #1
 303 000c FFF7FEFF 		bl	Clock_iButton_Write
 304 0010 0120     		movs	r0, #1
 305 0012 FFF7FEFF 		bl	CyDelayUs
 306 0016 0020     		movs	r0, #0
 307 0018 FFF7FEFF 		bl	Clock_iButton_Write
 308 001c 0120     		movs	r0, #1
 309 001e FFF7FEFF 		bl	CyDelayUs
  92:.\iButtonBLL.c ****     Reset_iButton_Write(LOW);
 310              		.loc 1 92 0
 311 0022 0020     		movs	r0, #0
 312 0024 FFF7FEFF 		bl	Reset_iButton_Write
  93:.\iButtonBLL.c **** }
 313              		.loc 1 93 0
 314 0028 80BD     		pop	{r7, pc}
 315              		.cfi_endproc
 316              	.LFE65:
 317              		.size	iButtonCRCReset, .-iButtonCRCReset
 318 002a 00BF     		.section	.text.iButtonCastCRCOutput,"ax",%progbits
 319              		.align	2
 320              		.global	iButtonCastCRCOutput
 321              		.thumb
 322              		.thumb_func
 323              		.type	iButtonCastCRCOutput, %function
 324              	iButtonCastCRCOutput:
 325              	.LFB66:
  94:.\iButtonBLL.c **** 
  95:.\iButtonBLL.c **** //@Created By: HIJH
  96:.\iButtonBLL.c **** //@Septembre de 2016
  97:.\iButtonBLL.c **** uint8 iButtonCastCRCOutput()
  98:.\iButtonBLL.c **** {
 326              		.loc 1 98 0
 327              		.cfi_startproc
 328              		@ args = 0, pretend = 0, frame = 0
 329              		@ frame_needed = 1, uses_anonymous_args = 0
 330 0000 98B5     		push	{r3, r4, r7, lr}
 331              		.cfi_def_cfa_offset 16
 332              		.cfi_offset 3, -16
 333              		.cfi_offset 4, -12
 334              		.cfi_offset 7, -8
 335              		.cfi_offset 14, -4
 336 0002 00AF     		add	r7, sp, #0
 337              		.cfi_def_cfa_register 7
  99:.\iButtonBLL.c ****     return (((ShiftReg_iButtonCRC3MSB_ReadRegValue() << 5) & 0xE0) | ((StatusReg_iButton5thCRCBit_R
 338              		.loc 1 99 0
 339 0004 FFF7FEFF 		bl	ShiftReg_iButtonCRC3MSB_ReadRegValue
 340 0008 0346     		mov	r3, r0
 341 000a 5B01     		lsls	r3, r3, #5
 342 000c DCB2     		uxtb	r4, r3
 343 000e FFF7FEFF 		bl	StatusReg_iButton5thCRCBit_Read
 344 0012 0346     		mov	r3, r0
 345 0014 1B01     		lsls	r3, r3, #4
 346 0016 DBB2     		uxtb	r3, r3
 347 0018 03F01003 		and	r3, r3, #16
 348 001c DBB2     		uxtb	r3, r3
 349 001e 2246     		mov	r2, r4
ARM GAS  C:\Users\RECEPC~1\AppData\Local\Temp\cckfC9RB.s 			page 9


 350 0020 1343     		orrs	r3, r3, r2
 351 0022 DCB2     		uxtb	r4, r3
 352 0024 FFF7FEFF 		bl	ShiftReg_iButtonCRC4LSB_ReadRegValue
 353 0028 0346     		mov	r3, r0
 354 002a DBB2     		uxtb	r3, r3
 355 002c 03F00F03 		and	r3, r3, #15
 356 0030 DBB2     		uxtb	r3, r3
 357 0032 2246     		mov	r2, r4
 358 0034 1343     		orrs	r3, r3, r2
 359 0036 DBB2     		uxtb	r3, r3
 360 0038 DBB2     		uxtb	r3, r3
 100:.\iButtonBLL.c **** }
 361              		.loc 1 100 0
 362 003a 1846     		mov	r0, r3
 363 003c 98BD     		pop	{r3, r4, r7, pc}
 364              		.cfi_endproc
 365              	.LFE66:
 366              		.size	iButtonCastCRCOutput, .-iButtonCastCRCOutput
 367 003e 00BF     		.section	.text.iButtonCRCCheck,"ax",%progbits
 368              		.align	2
 369              		.global	iButtonCRCCheck
 370              		.thumb
 371              		.thumb_func
 372              		.type	iButtonCRCCheck, %function
 373              	iButtonCRCCheck:
 374              	.LFB67:
 101:.\iButtonBLL.c **** 
 102:.\iButtonBLL.c **** //@Created By: HIJH
 103:.\iButtonBLL.c **** //@Septembre de 2016
 104:.\iButtonBLL.c **** bool iButtonCRCCheck(char* pbuffer)
 105:.\iButtonBLL.c **** {
 375              		.loc 1 105 0
 376              		.cfi_startproc
 377              		@ args = 0, pretend = 0, frame = 16
 378              		@ frame_needed = 1, uses_anonymous_args = 0
 379 0000 80B5     		push	{r7, lr}
 380              		.cfi_def_cfa_offset 8
 381              		.cfi_offset 7, -8
 382              		.cfi_offset 14, -4
 383 0002 84B0     		sub	sp, sp, #16
 384              		.cfi_def_cfa_offset 24
 385 0004 00AF     		add	r7, sp, #0
 386              		.cfi_def_cfa_register 7
 387 0006 7860     		str	r0, [r7, #4]
 106:.\iButtonBLL.c ****     FOR(uint8 byteindex = 0, byteindex < _IBUTTON_PAYLOAD_LENGTH_, byteindex++)
 388              		.loc 1 106 0
 389 0008 0023     		movs	r3, #0
 390 000a FB73     		strb	r3, [r7, #15]
 391 000c 26E0     		b	.L18
 392              	.L21:
 393              	.LBB4:
 107:.\iButtonBLL.c ****     {
 108:.\iButtonBLL.c ****         FOR(uint8 bitindex = 0, bitindex < 8, bitindex++)
 394              		.loc 1 108 0
 395 000e 0023     		movs	r3, #0
 396 0010 BB73     		strb	r3, [r7, #14]
 397 0012 1DE0     		b	.L19
ARM GAS  C:\Users\RECEPC~1\AppData\Local\Temp\cckfC9RB.s 			page 10


 398              	.L20:
 109:.\iButtonBLL.c ****         {
 110:.\iButtonBLL.c ****             Input_iButton_Write((pbuffer[byteindex] >> bitindex) & 0x01);
 399              		.loc 1 110 0 discriminator 3
 400 0014 FB7B     		ldrb	r3, [r7, #15]	@ zero_extendqisi2
 401 0016 7A68     		ldr	r2, [r7, #4]
 402 0018 1344     		add	r3, r3, r2
 403 001a 1B78     		ldrb	r3, [r3]	@ zero_extendqisi2
 404 001c 1A46     		mov	r2, r3
 405 001e BB7B     		ldrb	r3, [r7, #14]	@ zero_extendqisi2
 406 0020 42FA03F3 		asr	r3, r2, r3
 407 0024 DBB2     		uxtb	r3, r3
 408 0026 03F00103 		and	r3, r3, #1
 409 002a DBB2     		uxtb	r3, r3
 410 002c 1846     		mov	r0, r3
 411 002e FFF7FEFF 		bl	Input_iButton_Write
 111:.\iButtonBLL.c ****             CRC_CLOCK_PULSE;
 412              		.loc 1 111 0 discriminator 3
 413 0032 0120     		movs	r0, #1
 414 0034 FFF7FEFF 		bl	Clock_iButton_Write
 415 0038 0120     		movs	r0, #1
 416 003a FFF7FEFF 		bl	CyDelayUs
 417 003e 0020     		movs	r0, #0
 418 0040 FFF7FEFF 		bl	Clock_iButton_Write
 419 0044 0120     		movs	r0, #1
 420 0046 FFF7FEFF 		bl	CyDelayUs
 108:.\iButtonBLL.c ****         {
 421              		.loc 1 108 0 discriminator 3
 422 004a BB7B     		ldrb	r3, [r7, #14]	@ zero_extendqisi2
 423 004c 0133     		adds	r3, r3, #1
 424 004e BB73     		strb	r3, [r7, #14]
 425              	.L19:
 108:.\iButtonBLL.c ****         {
 426              		.loc 1 108 0 is_stmt 0 discriminator 1
 427 0050 BB7B     		ldrb	r3, [r7, #14]	@ zero_extendqisi2
 428 0052 072B     		cmp	r3, #7
 429 0054 DED9     		bls	.L20
 430              	.LBE4:
 106:.\iButtonBLL.c ****     {
 431              		.loc 1 106 0 is_stmt 1 discriminator 2
 432 0056 FB7B     		ldrb	r3, [r7, #15]	@ zero_extendqisi2
 433 0058 0133     		adds	r3, r3, #1
 434 005a FB73     		strb	r3, [r7, #15]
 435              	.L18:
 106:.\iButtonBLL.c ****     {
 436              		.loc 1 106 0 is_stmt 0 discriminator 1
 437 005c FB7B     		ldrb	r3, [r7, #15]	@ zero_extendqisi2
 438 005e 072B     		cmp	r3, #7
 439 0060 D5D9     		bls	.L21
 112:.\iButtonBLL.c ****         }
 113:.\iButtonBLL.c ****     }
 114:.\iButtonBLL.c ****     return (iButtonCastCRCOutput() == 0x00);
 440              		.loc 1 114 0 is_stmt 1
 441 0062 FFF7FEFF 		bl	iButtonCastCRCOutput
 442 0066 0346     		mov	r3, r0
 443 0068 002B     		cmp	r3, #0
 444 006a 0CBF     		ite	eq
ARM GAS  C:\Users\RECEPC~1\AppData\Local\Temp\cckfC9RB.s 			page 11


 445 006c 0123     		moveq	r3, #1
 446 006e 0023     		movne	r3, #0
 447 0070 DBB2     		uxtb	r3, r3
 115:.\iButtonBLL.c **** }
 448              		.loc 1 115 0
 449 0072 1846     		mov	r0, r3
 450 0074 1037     		adds	r7, r7, #16
 451              		.cfi_def_cfa_offset 8
 452 0076 BD46     		mov	sp, r7
 453              		.cfi_def_cfa_register 13
 454              		@ sp needed
 455 0078 80BD     		pop	{r7, pc}
 456              		.cfi_endproc
 457              	.LFE67:
 458              		.size	iButtonCRCCheck, .-iButtonCRCCheck
 459 007a 00BF     		.text
 460              	.Letext0:
 461              		.file 2 "c:\\program files (x86)\\cypress\\psoc creator\\3.3\\psoc creator\\import\\gnu\\arm\\4.9.
 462              		.file 3 "c:\\program files (x86)\\cypress\\psoc creator\\3.3\\psoc creator\\import\\gnu\\arm\\4.9.
 463              		.file 4 "Generated_Source\\PSoC5/cytypes.h"
 464              		.file 5 ".\\SinkManager.h"
 465              		.file 6 ".\\SinkObservables.h"
 466              		.file 7 ".\\iButton.h"
 467              		.file 8 "Generated_Source\\PSoC5/core_cm3.h"
 468              		.section	.debug_info,"",%progbits
 469              	.Ldebug_info0:
 470 0000 04040000 		.4byte	0x404
 471 0004 0400     		.2byte	0x4
 472 0006 00000000 		.4byte	.Ldebug_abbrev0
 473 000a 04       		.byte	0x4
 474 000b 01       		.uleb128 0x1
 475 000c EA010000 		.4byte	.LASF84
 476 0010 01       		.byte	0x1
 477 0011 DB010000 		.4byte	.LASF85
 478 0015 B2040000 		.4byte	.LASF86
 479 0019 00000000 		.4byte	.Ldebug_ranges0+0
 480 001d 00000000 		.4byte	0
 481 0021 00000000 		.4byte	.Ldebug_line0
 482 0025 02       		.uleb128 0x2
 483 0026 01       		.byte	0x1
 484 0027 06       		.byte	0x6
 485 0028 70030000 		.4byte	.LASF0
 486 002c 02       		.uleb128 0x2
 487 002d 01       		.byte	0x1
 488 002e 08       		.byte	0x8
 489 002f 1F030000 		.4byte	.LASF1
 490 0033 02       		.uleb128 0x2
 491 0034 02       		.byte	0x2
 492 0035 05       		.byte	0x5
 493 0036 70000000 		.4byte	.LASF2
 494 003a 02       		.uleb128 0x2
 495 003b 02       		.byte	0x2
 496 003c 07       		.byte	0x7
 497 003d 7D040000 		.4byte	.LASF3
 498 0041 03       		.uleb128 0x3
 499 0042 E4050000 		.4byte	.LASF9
 500 0046 02       		.byte	0x2
ARM GAS  C:\Users\RECEPC~1\AppData\Local\Temp\cckfC9RB.s 			page 12


 501 0047 3F       		.byte	0x3f
 502 0048 4C000000 		.4byte	0x4c
 503 004c 02       		.uleb128 0x2
 504 004d 04       		.byte	0x4
 505 004e 05       		.byte	0x5
 506 004f 83060000 		.4byte	.LASF4
 507 0053 02       		.uleb128 0x2
 508 0054 04       		.byte	0x4
 509 0055 07       		.byte	0x7
 510 0056 78050000 		.4byte	.LASF5
 511 005a 02       		.uleb128 0x2
 512 005b 08       		.byte	0x8
 513 005c 05       		.byte	0x5
 514 005d BF010000 		.4byte	.LASF6
 515 0061 02       		.uleb128 0x2
 516 0062 08       		.byte	0x8
 517 0063 07       		.byte	0x7
 518 0064 84030000 		.4byte	.LASF7
 519 0068 04       		.uleb128 0x4
 520 0069 04       		.byte	0x4
 521 006a 05       		.byte	0x5
 522 006b 696E7400 		.ascii	"int\000"
 523 006f 02       		.uleb128 0x2
 524 0070 04       		.byte	0x4
 525 0071 07       		.byte	0x7
 526 0072 B9030000 		.4byte	.LASF8
 527 0076 03       		.uleb128 0x3
 528 0077 7C030000 		.4byte	.LASF10
 529 007b 03       		.byte	0x3
 530 007c 2C       		.byte	0x2c
 531 007d 41000000 		.4byte	0x41
 532 0081 05       		.uleb128 0x5
 533 0082 5F010000 		.4byte	.LASF11
 534 0086 04       		.byte	0x4
 535 0087 3801     		.2byte	0x138
 536 0089 2C000000 		.4byte	0x2c
 537 008d 05       		.uleb128 0x5
 538 008e 31010000 		.4byte	.LASF12
 539 0092 04       		.byte	0x4
 540 0093 3901     		.2byte	0x139
 541 0095 3A000000 		.4byte	0x3a
 542 0099 02       		.uleb128 0x2
 543 009a 04       		.byte	0x4
 544 009b 04       		.byte	0x4
 545 009c B9010000 		.4byte	.LASF13
 546 00a0 02       		.uleb128 0x2
 547 00a1 08       		.byte	0x8
 548 00a2 04       		.byte	0x4
 549 00a3 8A050000 		.4byte	.LASF14
 550 00a7 05       		.uleb128 0x5
 551 00a8 98000000 		.4byte	.LASF15
 552 00ac 04       		.byte	0x4
 553 00ad 4901     		.2byte	0x149
 554 00af B3000000 		.4byte	0xb3
 555 00b3 02       		.uleb128 0x2
 556 00b4 01       		.byte	0x1
 557 00b5 08       		.byte	0x8
ARM GAS  C:\Users\RECEPC~1\AppData\Local\Temp\cckfC9RB.s 			page 13


 558 00b6 44040000 		.4byte	.LASF16
 559 00ba 06       		.uleb128 0x6
 560 00bb 81000000 		.4byte	0x81
 561 00bf 06       		.uleb128 0x6
 562 00c0 8D000000 		.4byte	0x8d
 563 00c4 02       		.uleb128 0x2
 564 00c5 04       		.byte	0x4
 565 00c6 07       		.byte	0x7
 566 00c7 8F000000 		.4byte	.LASF17
 567 00cb 07       		.uleb128 0x7
 568 00cc 04       		.byte	0x4
 569 00cd 08       		.uleb128 0x8
 570 00ce 04       		.byte	0x4
 571 00cf B3000000 		.4byte	0xb3
 572 00d3 02       		.uleb128 0x2
 573 00d4 08       		.byte	0x8
 574 00d5 04       		.byte	0x4
 575 00d6 13030000 		.4byte	.LASF18
 576 00da 09       		.uleb128 0x9
 577 00db 91050000 		.4byte	.LASF87
 578 00df 9801     		.2byte	0x198
 579 00e1 05       		.byte	0x5
 580 00e2 51       		.byte	0x51
 581 00e3 7B010000 		.4byte	0x17b
 582 00e7 0A       		.uleb128 0xa
 583 00e8 43050000 		.4byte	.LASF19
 584 00ec 05       		.byte	0x5
 585 00ed 53       		.byte	0x53
 586 00ee 7B010000 		.4byte	0x17b
 587 00f2 00       		.byte	0
 588 00f3 0A       		.uleb128 0xa
 589 00f4 D7030000 		.4byte	.LASF20
 590 00f8 05       		.byte	0x5
 591 00f9 54       		.byte	0x54
 592 00fa BA000000 		.4byte	0xba
 593 00fe 01       		.byte	0x1
 594 00ff 0A       		.uleb128 0xa
 595 0100 99060000 		.4byte	.LASF21
 596 0104 05       		.byte	0x5
 597 0105 55       		.byte	0x55
 598 0106 BA000000 		.4byte	0xba
 599 010a 02       		.byte	0x2
 600 010b 0A       		.uleb128 0xa
 601 010c CD010000 		.4byte	.LASF22
 602 0110 05       		.byte	0x5
 603 0111 56       		.byte	0x56
 604 0112 BA000000 		.4byte	0xba
 605 0116 03       		.byte	0x3
 606 0117 0A       		.uleb128 0xa
 607 0118 19040000 		.4byte	.LASF23
 608 011c 05       		.byte	0x5
 609 011d 58       		.byte	0x58
 610 011e BF000000 		.4byte	0xbf
 611 0122 04       		.byte	0x4
 612 0123 0A       		.uleb128 0xa
 613 0124 38010000 		.4byte	.LASF24
 614 0128 05       		.byte	0x5
ARM GAS  C:\Users\RECEPC~1\AppData\Local\Temp\cckfC9RB.s 			page 14


 615 0129 59       		.byte	0x59
 616 012a BF000000 		.4byte	0xbf
 617 012e 06       		.byte	0x6
 618 012f 0A       		.uleb128 0xa
 619 0130 9E000000 		.4byte	.LASF25
 620 0134 05       		.byte	0x5
 621 0135 5A       		.byte	0x5a
 622 0136 BF000000 		.4byte	0xbf
 623 013a 08       		.byte	0x8
 624 013b 0A       		.uleb128 0xa
 625 013c 5B030000 		.4byte	.LASF26
 626 0140 05       		.byte	0x5
 627 0141 5B       		.byte	0x5b
 628 0142 BF000000 		.4byte	0xbf
 629 0146 0A       		.byte	0xa
 630 0147 0A       		.uleb128 0xa
 631 0148 0B030000 		.4byte	.LASF27
 632 014c 05       		.byte	0x5
 633 014d 5C       		.byte	0x5c
 634 014e 87010000 		.4byte	0x187
 635 0152 0C       		.byte	0xc
 636 0153 0B       		.uleb128 0xb
 637 0154 EE050000 		.4byte	.LASF28
 638 0158 05       		.byte	0x5
 639 0159 5D       		.byte	0x5d
 640 015a BF000000 		.4byte	0xbf
 641 015e 8C01     		.2byte	0x18c
 642 0160 0B       		.uleb128 0xb
 643 0161 17070000 		.4byte	.LASF29
 644 0165 05       		.byte	0x5
 645 0166 60       		.byte	0x60
 646 0167 CB000000 		.4byte	0xcb
 647 016b 9001     		.2byte	0x190
 648 016d 0B       		.uleb128 0xb
 649 016e 0E070000 		.4byte	.LASF30
 650 0172 05       		.byte	0x5
 651 0173 61       		.byte	0x61
 652 0174 A3010000 		.4byte	0x1a3
 653 0178 9401     		.2byte	0x194
 654 017a 00       		.byte	0
 655 017b 06       		.uleb128 0x6
 656 017c 80010000 		.4byte	0x180
 657 0180 02       		.uleb128 0x2
 658 0181 01       		.byte	0x1
 659 0182 02       		.byte	0x2
 660 0183 11050000 		.4byte	.LASF31
 661 0187 0C       		.uleb128 0xc
 662 0188 A7000000 		.4byte	0xa7
 663 018c 98010000 		.4byte	0x198
 664 0190 0D       		.uleb128 0xd
 665 0191 C4000000 		.4byte	0xc4
 666 0195 7F01     		.2byte	0x17f
 667 0197 00       		.byte	0
 668 0198 0E       		.uleb128 0xe
 669 0199 A3010000 		.4byte	0x1a3
 670 019d 0F       		.uleb128 0xf
 671 019e CB000000 		.4byte	0xcb
ARM GAS  C:\Users\RECEPC~1\AppData\Local\Temp\cckfC9RB.s 			page 15


 672 01a2 00       		.byte	0
 673 01a3 08       		.uleb128 0x8
 674 01a4 04       		.byte	0x4
 675 01a5 98010000 		.4byte	0x198
 676 01a9 03       		.uleb128 0x3
 677 01aa A9010000 		.4byte	.LASF32
 678 01ae 05       		.byte	0x5
 679 01af 62       		.byte	0x62
 680 01b0 B4010000 		.4byte	0x1b4
 681 01b4 08       		.uleb128 0x8
 682 01b5 04       		.byte	0x4
 683 01b6 DA000000 		.4byte	0xda
 684 01ba 10       		.uleb128 0x10
 685 01bb 2D030000 		.4byte	.LASF88
 686 01bf 01       		.byte	0x1
 687 01c0 06       		.byte	0x6
 688 01c1 0F       		.byte	0xf
 689 01c2 BD020000 		.4byte	0x2bd
 690 01c6 11       		.uleb128 0x11
 691 01c7 66050000 		.4byte	.LASF33
 692 01cb 01       		.sleb128 1
 693 01cc 11       		.uleb128 0x11
 694 01cd 37040000 		.4byte	.LASF34
 695 01d1 02       		.sleb128 2
 696 01d2 11       		.uleb128 0x11
 697 01d3 B9060000 		.4byte	.LASF35
 698 01d7 03       		.sleb128 3
 699 01d8 11       		.uleb128 0x11
 700 01d9 68040000 		.4byte	.LASF36
 701 01dd 04       		.sleb128 4
 702 01de 11       		.uleb128 0x11
 703 01df C6020000 		.4byte	.LASF37
 704 01e3 05       		.sleb128 5
 705 01e4 11       		.uleb128 0x11
 706 01e5 36060000 		.4byte	.LASF38
 707 01e9 06       		.sleb128 6
 708 01ea 11       		.uleb128 0x11
 709 01eb 58060000 		.4byte	.LASF39
 710 01ef 07       		.sleb128 7
 711 01f0 11       		.uleb128 0x11
 712 01f1 78020000 		.4byte	.LASF40
 713 01f5 08       		.sleb128 8
 714 01f6 11       		.uleb128 0x11
 715 01f7 FD030000 		.4byte	.LASF41
 716 01fb 09       		.sleb128 9
 717 01fc 11       		.uleb128 0x11
 718 01fd 0E010000 		.4byte	.LASF42
 719 0201 0A       		.sleb128 10
 720 0202 11       		.uleb128 0x11
 721 0203 FA050000 		.4byte	.LASF43
 722 0207 0B       		.sleb128 11
 723 0208 11       		.uleb128 0x11
 724 0209 E2030000 		.4byte	.LASF44
 725 020d 0C       		.sleb128 12
 726 020e 11       		.uleb128 0x11
 727 020f 49040000 		.4byte	.LASF45
 728 0213 0D       		.sleb128 13
ARM GAS  C:\Users\RECEPC~1\AppData\Local\Temp\cckfC9RB.s 			page 16


 729 0214 11       		.uleb128 0x11
 730 0215 90040000 		.4byte	.LASF46
 731 0219 0E       		.sleb128 14
 732 021a 11       		.uleb128 0x11
 733 021b 17050000 		.4byte	.LASF47
 734 021f 0F       		.sleb128 15
 735 0220 11       		.uleb128 0x11
 736 0221 40030000 		.4byte	.LASF48
 737 0225 10       		.sleb128 16
 738 0226 11       		.uleb128 0x11
 739 0227 D9020000 		.4byte	.LASF49
 740 022b 11       		.sleb128 17
 741 022c 11       		.uleb128 0x11
 742 022d ED060000 		.4byte	.LASF50
 743 0231 12       		.sleb128 18
 744 0232 11       		.uleb128 0x11
 745 0233 C2000000 		.4byte	.LASF51
 746 0237 13       		.sleb128 19
 747 0238 11       		.uleb128 0x11
 748 0239 1F060000 		.4byte	.LASF52
 749 023d 14       		.sleb128 20
 750 023e 11       		.uleb128 0x11
 751 023f BA050000 		.4byte	.LASF53
 752 0243 15       		.sleb128 21
 753 0244 11       		.uleb128 0x11
 754 0245 30000000 		.4byte	.LASF54
 755 0249 16       		.sleb128 22
 756 024a 11       		.uleb128 0x11
 757 024b 95020000 		.4byte	.LASF55
 758 024f 17       		.sleb128 23
 759 0250 11       		.uleb128 0x11
 760 0251 AB030000 		.4byte	.LASF56
 761 0255 18       		.sleb128 24
 762 0256 11       		.uleb128 0x11
 763 0257 4A060000 		.4byte	.LASF57
 764 025b 19       		.sleb128 25
 765 025c 11       		.uleb128 0x11
 766 025d F9000000 		.4byte	.LASF58
 767 0261 1A       		.sleb128 26
 768 0262 11       		.uleb128 0x11
 769 0263 94010000 		.4byte	.LASF59
 770 0267 1B       		.sleb128 27
 771 0268 11       		.uleb128 0x11
 772 0269 A0050000 		.4byte	.LASF60
 773 026d 1C       		.sleb128 28
 774 026e 11       		.uleb128 0x11
 775 026f 1D000000 		.4byte	.LASF61
 776 0273 1D       		.sleb128 29
 777 0274 11       		.uleb128 0x11
 778 0275 E8000000 		.4byte	.LASF62
 779 0279 1E       		.sleb128 30
 780 027a 11       		.uleb128 0x11
 781 027b 65010000 		.4byte	.LASF63
 782 027f 1F       		.sleb128 31
 783 0280 11       		.uleb128 0x11
 784 0281 A3020000 		.4byte	.LASF64
 785 0285 20       		.sleb128 32
ARM GAS  C:\Users\RECEPC~1\AppData\Local\Temp\cckfC9RB.s 			page 17


 786 0286 11       		.uleb128 0x11
 787 0287 A6060000 		.4byte	.LASF65
 788 028b 21       		.sleb128 33
 789 028c 11       		.uleb128 0x11
 790 028d 4E010000 		.4byte	.LASF66
 791 0291 22       		.sleb128 34
 792 0292 11       		.uleb128 0x11
 793 0293 F2020000 		.4byte	.LASF67
 794 0297 23       		.sleb128 35
 795 0298 11       		.uleb128 0x11
 796 0299 7E010000 		.4byte	.LASF68
 797 029d 24       		.sleb128 36
 798 029e 11       		.uleb128 0x11
 799 029f 7A000000 		.4byte	.LASF69
 800 02a3 25       		.sleb128 37
 801 02a4 11       		.uleb128 0x11
 802 02a5 D6050000 		.4byte	.LASF70
 803 02a9 26       		.sleb128 38
 804 02aa 11       		.uleb128 0x11
 805 02ab D4060000 		.4byte	.LASF71
 806 02af 27       		.sleb128 39
 807 02b0 11       		.uleb128 0x11
 808 02b1 3E000000 		.4byte	.LASF72
 809 02b5 28       		.sleb128 40
 810 02b6 11       		.uleb128 0x11
 811 02b7 C6030000 		.4byte	.LASF73
 812 02bb 29       		.sleb128 41
 813 02bc 00       		.byte	0
 814 02bd 12       		.uleb128 0x12
 815 02be 01       		.byte	0x1
 816 02bf 07       		.byte	0x7
 817 02c0 2B       		.byte	0x2b
 818 02c1 D2020000 		.4byte	0x2d2
 819 02c5 11       		.uleb128 0x11
 820 02c6 56050000 		.4byte	.LASF74
 821 02ca 01       		.sleb128 1
 822 02cb 11       		.uleb128 0x11
 823 02cc 9B030000 		.4byte	.LASF75
 824 02d0 02       		.sleb128 2
 825 02d1 00       		.byte	0
 826 02d2 13       		.uleb128 0x13
 827 02d3 00000000 		.4byte	.LASF78
 828 02d7 01       		.byte	0x1
 829 02d8 1E       		.byte	0x1e
 830 02d9 00000000 		.4byte	.LFB63
 831 02dd B2000000 		.4byte	.LFE63-.LFB63
 832 02e1 01       		.uleb128 0x1
 833 02e2 9C       		.byte	0x9c
 834 02e3 2A030000 		.4byte	0x32a
 835 02e7 14       		.uleb128 0x14
 836 02e8 88000000 		.4byte	.LASF80
 837 02ec 01       		.byte	0x1
 838 02ed 1E       		.byte	0x1e
 839 02ee CB000000 		.4byte	0xcb
 840 02f2 02       		.uleb128 0x2
 841 02f3 91       		.byte	0x91
 842 02f4 64       		.sleb128 -28
ARM GAS  C:\Users\RECEPC~1\AppData\Local\Temp\cckfC9RB.s 			page 18


 843 02f5 15       		.uleb128 0x15
 844 02f6 E3000000 		.4byte	.LASF76
 845 02fa 01       		.byte	0x1
 846 02fb 22       		.byte	0x22
 847 02fc A9010000 		.4byte	0x1a9
 848 0300 02       		.uleb128 0x2
 849 0301 91       		.byte	0x91
 850 0302 68       		.sleb128 -24
 851 0303 16       		.uleb128 0x16
 852 0304 2A000000 		.4byte	.LBB2
 853 0308 82000000 		.4byte	.LBE2-.LBB2
 854 030c 17       		.uleb128 0x17
 855 030d 63726300 		.ascii	"crc\000"
 856 0311 01       		.byte	0x1
 857 0312 28       		.byte	0x28
 858 0313 A7000000 		.4byte	0xa7
 859 0317 02       		.uleb128 0x2
 860 0318 91       		.byte	0x91
 861 0319 6F       		.sleb128 -17
 862 031a 15       		.uleb128 0x15
 863 031b 48010000 		.4byte	.LASF77
 864 031f 01       		.byte	0x1
 865 0320 2A       		.byte	0x2a
 866 0321 81000000 		.4byte	0x81
 867 0325 02       		.uleb128 0x2
 868 0326 91       		.byte	0x91
 869 0327 6E       		.sleb128 -18
 870 0328 00       		.byte	0
 871 0329 00       		.byte	0
 872 032a 13       		.uleb128 0x13
 873 032b B9020000 		.4byte	.LASF79
 874 032f 01       		.byte	0x1
 875 0330 3D       		.byte	0x3d
 876 0331 00000000 		.4byte	.LFB64
 877 0335 A6000000 		.4byte	.LFE64-.LFB64
 878 0339 01       		.uleb128 0x1
 879 033a 9C       		.byte	0x9c
 880 033b 82030000 		.4byte	0x382
 881 033f 14       		.uleb128 0x14
 882 0340 88000000 		.4byte	.LASF80
 883 0344 01       		.byte	0x1
 884 0345 3D       		.byte	0x3d
 885 0346 CB000000 		.4byte	0xcb
 886 034a 02       		.uleb128 0x2
 887 034b 91       		.byte	0x91
 888 034c 64       		.sleb128 -28
 889 034d 15       		.uleb128 0x15
 890 034e E3000000 		.4byte	.LASF76
 891 0352 01       		.byte	0x1
 892 0353 41       		.byte	0x41
 893 0354 A9010000 		.4byte	0x1a9
 894 0358 02       		.uleb128 0x2
 895 0359 91       		.byte	0x91
 896 035a 68       		.sleb128 -24
 897 035b 16       		.uleb128 0x16
 898 035c 1E000000 		.4byte	.LBB3
 899 0360 82000000 		.4byte	.LBE3-.LBB3
ARM GAS  C:\Users\RECEPC~1\AppData\Local\Temp\cckfC9RB.s 			page 19


 900 0364 17       		.uleb128 0x17
 901 0365 63726300 		.ascii	"crc\000"
 902 0369 01       		.byte	0x1
 903 036a 44       		.byte	0x44
 904 036b A7000000 		.4byte	0xa7
 905 036f 02       		.uleb128 0x2
 906 0370 91       		.byte	0x91
 907 0371 6F       		.sleb128 -17
 908 0372 15       		.uleb128 0x15
 909 0373 48010000 		.4byte	.LASF77
 910 0377 01       		.byte	0x1
 911 0378 46       		.byte	0x46
 912 0379 81000000 		.4byte	0x81
 913 037d 02       		.uleb128 0x2
 914 037e 91       		.byte	0x91
 915 037f 6E       		.sleb128 -18
 916 0380 00       		.byte	0
 917 0381 00       		.byte	0
 918 0382 18       		.uleb128 0x18
 919 0383 0D000000 		.4byte	.LASF89
 920 0387 01       		.byte	0x1
 921 0388 58       		.byte	0x58
 922 0389 00000000 		.4byte	.LFB65
 923 038d 2A000000 		.4byte	.LFE65-.LFB65
 924 0391 01       		.uleb128 0x1
 925 0392 9C       		.byte	0x9c
 926 0393 19       		.uleb128 0x19
 927 0394 5B000000 		.4byte	.LASF90
 928 0398 01       		.byte	0x1
 929 0399 61       		.byte	0x61
 930 039a 81000000 		.4byte	0x81
 931 039e 00000000 		.4byte	.LFB66
 932 03a2 3E000000 		.4byte	.LFE66-.LFB66
 933 03a6 01       		.uleb128 0x1
 934 03a7 9C       		.byte	0x9c
 935 03a8 1A       		.uleb128 0x1a
 936 03a9 27040000 		.4byte	.LASF91
 937 03ad 01       		.byte	0x1
 938 03ae 68       		.byte	0x68
 939 03af 80010000 		.4byte	0x180
 940 03b3 00000000 		.4byte	.LFB67
 941 03b7 7A000000 		.4byte	.LFE67-.LFB67
 942 03bb 01       		.uleb128 0x1
 943 03bc 9C       		.byte	0x9c
 944 03bd F6030000 		.4byte	0x3f6
 945 03c1 14       		.uleb128 0x14
 946 03c2 DB000000 		.4byte	.LASF81
 947 03c6 01       		.byte	0x1
 948 03c7 68       		.byte	0x68
 949 03c8 CD000000 		.4byte	0xcd
 950 03cc 02       		.uleb128 0x2
 951 03cd 91       		.byte	0x91
 952 03ce 6C       		.sleb128 -20
 953 03cf 15       		.uleb128 0x15
 954 03d0 B8000000 		.4byte	.LASF82
 955 03d4 01       		.byte	0x1
 956 03d5 6A       		.byte	0x6a
ARM GAS  C:\Users\RECEPC~1\AppData\Local\Temp\cckfC9RB.s 			page 20


 957 03d6 81000000 		.4byte	0x81
 958 03da 02       		.uleb128 0x2
 959 03db 91       		.byte	0x91
 960 03dc 77       		.sleb128 -9
 961 03dd 16       		.uleb128 0x16
 962 03de 0E000000 		.4byte	.LBB4
 963 03e2 48000000 		.4byte	.LBE4-.LBB4
 964 03e6 15       		.uleb128 0x15
 965 03e7 4D050000 		.4byte	.LASF83
 966 03eb 01       		.byte	0x1
 967 03ec 6C       		.byte	0x6c
 968 03ed 81000000 		.4byte	0x81
 969 03f1 02       		.uleb128 0x2
 970 03f2 91       		.byte	0x91
 971 03f3 76       		.sleb128 -10
 972 03f4 00       		.byte	0
 973 03f5 00       		.byte	0
 974 03f6 1B       		.uleb128 0x1b
 975 03f7 8C060000 		.4byte	.LASF92
 976 03fb 08       		.byte	0x8
 977 03fc 5506     		.2byte	0x655
 978 03fe 02040000 		.4byte	0x402
 979 0402 06       		.uleb128 0x6
 980 0403 76000000 		.4byte	0x76
 981 0407 00       		.byte	0
 982              		.section	.debug_abbrev,"",%progbits
 983              	.Ldebug_abbrev0:
 984 0000 01       		.uleb128 0x1
 985 0001 11       		.uleb128 0x11
 986 0002 01       		.byte	0x1
 987 0003 25       		.uleb128 0x25
 988 0004 0E       		.uleb128 0xe
 989 0005 13       		.uleb128 0x13
 990 0006 0B       		.uleb128 0xb
 991 0007 03       		.uleb128 0x3
 992 0008 0E       		.uleb128 0xe
 993 0009 1B       		.uleb128 0x1b
 994 000a 0E       		.uleb128 0xe
 995 000b 55       		.uleb128 0x55
 996 000c 17       		.uleb128 0x17
 997 000d 11       		.uleb128 0x11
 998 000e 01       		.uleb128 0x1
 999 000f 10       		.uleb128 0x10
 1000 0010 17       		.uleb128 0x17
 1001 0011 00       		.byte	0
 1002 0012 00       		.byte	0
 1003 0013 02       		.uleb128 0x2
 1004 0014 24       		.uleb128 0x24
 1005 0015 00       		.byte	0
 1006 0016 0B       		.uleb128 0xb
 1007 0017 0B       		.uleb128 0xb
 1008 0018 3E       		.uleb128 0x3e
 1009 0019 0B       		.uleb128 0xb
 1010 001a 03       		.uleb128 0x3
 1011 001b 0E       		.uleb128 0xe
 1012 001c 00       		.byte	0
 1013 001d 00       		.byte	0
ARM GAS  C:\Users\RECEPC~1\AppData\Local\Temp\cckfC9RB.s 			page 21


 1014 001e 03       		.uleb128 0x3
 1015 001f 16       		.uleb128 0x16
 1016 0020 00       		.byte	0
 1017 0021 03       		.uleb128 0x3
 1018 0022 0E       		.uleb128 0xe
 1019 0023 3A       		.uleb128 0x3a
 1020 0024 0B       		.uleb128 0xb
 1021 0025 3B       		.uleb128 0x3b
 1022 0026 0B       		.uleb128 0xb
 1023 0027 49       		.uleb128 0x49
 1024 0028 13       		.uleb128 0x13
 1025 0029 00       		.byte	0
 1026 002a 00       		.byte	0
 1027 002b 04       		.uleb128 0x4
 1028 002c 24       		.uleb128 0x24
 1029 002d 00       		.byte	0
 1030 002e 0B       		.uleb128 0xb
 1031 002f 0B       		.uleb128 0xb
 1032 0030 3E       		.uleb128 0x3e
 1033 0031 0B       		.uleb128 0xb
 1034 0032 03       		.uleb128 0x3
 1035 0033 08       		.uleb128 0x8
 1036 0034 00       		.byte	0
 1037 0035 00       		.byte	0
 1038 0036 05       		.uleb128 0x5
 1039 0037 16       		.uleb128 0x16
 1040 0038 00       		.byte	0
 1041 0039 03       		.uleb128 0x3
 1042 003a 0E       		.uleb128 0xe
 1043 003b 3A       		.uleb128 0x3a
 1044 003c 0B       		.uleb128 0xb
 1045 003d 3B       		.uleb128 0x3b
 1046 003e 05       		.uleb128 0x5
 1047 003f 49       		.uleb128 0x49
 1048 0040 13       		.uleb128 0x13
 1049 0041 00       		.byte	0
 1050 0042 00       		.byte	0
 1051 0043 06       		.uleb128 0x6
 1052 0044 35       		.uleb128 0x35
 1053 0045 00       		.byte	0
 1054 0046 49       		.uleb128 0x49
 1055 0047 13       		.uleb128 0x13
 1056 0048 00       		.byte	0
 1057 0049 00       		.byte	0
 1058 004a 07       		.uleb128 0x7
 1059 004b 0F       		.uleb128 0xf
 1060 004c 00       		.byte	0
 1061 004d 0B       		.uleb128 0xb
 1062 004e 0B       		.uleb128 0xb
 1063 004f 00       		.byte	0
 1064 0050 00       		.byte	0
 1065 0051 08       		.uleb128 0x8
 1066 0052 0F       		.uleb128 0xf
 1067 0053 00       		.byte	0
 1068 0054 0B       		.uleb128 0xb
 1069 0055 0B       		.uleb128 0xb
 1070 0056 49       		.uleb128 0x49
ARM GAS  C:\Users\RECEPC~1\AppData\Local\Temp\cckfC9RB.s 			page 22


 1071 0057 13       		.uleb128 0x13
 1072 0058 00       		.byte	0
 1073 0059 00       		.byte	0
 1074 005a 09       		.uleb128 0x9
 1075 005b 13       		.uleb128 0x13
 1076 005c 01       		.byte	0x1
 1077 005d 03       		.uleb128 0x3
 1078 005e 0E       		.uleb128 0xe
 1079 005f 0B       		.uleb128 0xb
 1080 0060 05       		.uleb128 0x5
 1081 0061 3A       		.uleb128 0x3a
 1082 0062 0B       		.uleb128 0xb
 1083 0063 3B       		.uleb128 0x3b
 1084 0064 0B       		.uleb128 0xb
 1085 0065 01       		.uleb128 0x1
 1086 0066 13       		.uleb128 0x13
 1087 0067 00       		.byte	0
 1088 0068 00       		.byte	0
 1089 0069 0A       		.uleb128 0xa
 1090 006a 0D       		.uleb128 0xd
 1091 006b 00       		.byte	0
 1092 006c 03       		.uleb128 0x3
 1093 006d 0E       		.uleb128 0xe
 1094 006e 3A       		.uleb128 0x3a
 1095 006f 0B       		.uleb128 0xb
 1096 0070 3B       		.uleb128 0x3b
 1097 0071 0B       		.uleb128 0xb
 1098 0072 49       		.uleb128 0x49
 1099 0073 13       		.uleb128 0x13
 1100 0074 38       		.uleb128 0x38
 1101 0075 0B       		.uleb128 0xb
 1102 0076 00       		.byte	0
 1103 0077 00       		.byte	0
 1104 0078 0B       		.uleb128 0xb
 1105 0079 0D       		.uleb128 0xd
 1106 007a 00       		.byte	0
 1107 007b 03       		.uleb128 0x3
 1108 007c 0E       		.uleb128 0xe
 1109 007d 3A       		.uleb128 0x3a
 1110 007e 0B       		.uleb128 0xb
 1111 007f 3B       		.uleb128 0x3b
 1112 0080 0B       		.uleb128 0xb
 1113 0081 49       		.uleb128 0x49
 1114 0082 13       		.uleb128 0x13
 1115 0083 38       		.uleb128 0x38
 1116 0084 05       		.uleb128 0x5
 1117 0085 00       		.byte	0
 1118 0086 00       		.byte	0
 1119 0087 0C       		.uleb128 0xc
 1120 0088 01       		.uleb128 0x1
 1121 0089 01       		.byte	0x1
 1122 008a 49       		.uleb128 0x49
 1123 008b 13       		.uleb128 0x13
 1124 008c 01       		.uleb128 0x1
 1125 008d 13       		.uleb128 0x13
 1126 008e 00       		.byte	0
 1127 008f 00       		.byte	0
ARM GAS  C:\Users\RECEPC~1\AppData\Local\Temp\cckfC9RB.s 			page 23


 1128 0090 0D       		.uleb128 0xd
 1129 0091 21       		.uleb128 0x21
 1130 0092 00       		.byte	0
 1131 0093 49       		.uleb128 0x49
 1132 0094 13       		.uleb128 0x13
 1133 0095 2F       		.uleb128 0x2f
 1134 0096 05       		.uleb128 0x5
 1135 0097 00       		.byte	0
 1136 0098 00       		.byte	0
 1137 0099 0E       		.uleb128 0xe
 1138 009a 15       		.uleb128 0x15
 1139 009b 01       		.byte	0x1
 1140 009c 27       		.uleb128 0x27
 1141 009d 19       		.uleb128 0x19
 1142 009e 01       		.uleb128 0x1
 1143 009f 13       		.uleb128 0x13
 1144 00a0 00       		.byte	0
 1145 00a1 00       		.byte	0
 1146 00a2 0F       		.uleb128 0xf
 1147 00a3 05       		.uleb128 0x5
 1148 00a4 00       		.byte	0
 1149 00a5 49       		.uleb128 0x49
 1150 00a6 13       		.uleb128 0x13
 1151 00a7 00       		.byte	0
 1152 00a8 00       		.byte	0
 1153 00a9 10       		.uleb128 0x10
 1154 00aa 04       		.uleb128 0x4
 1155 00ab 01       		.byte	0x1
 1156 00ac 03       		.uleb128 0x3
 1157 00ad 0E       		.uleb128 0xe
 1158 00ae 0B       		.uleb128 0xb
 1159 00af 0B       		.uleb128 0xb
 1160 00b0 3A       		.uleb128 0x3a
 1161 00b1 0B       		.uleb128 0xb
 1162 00b2 3B       		.uleb128 0x3b
 1163 00b3 0B       		.uleb128 0xb
 1164 00b4 01       		.uleb128 0x1
 1165 00b5 13       		.uleb128 0x13
 1166 00b6 00       		.byte	0
 1167 00b7 00       		.byte	0
 1168 00b8 11       		.uleb128 0x11
 1169 00b9 28       		.uleb128 0x28
 1170 00ba 00       		.byte	0
 1171 00bb 03       		.uleb128 0x3
 1172 00bc 0E       		.uleb128 0xe
 1173 00bd 1C       		.uleb128 0x1c
 1174 00be 0D       		.uleb128 0xd
 1175 00bf 00       		.byte	0
 1176 00c0 00       		.byte	0
 1177 00c1 12       		.uleb128 0x12
 1178 00c2 04       		.uleb128 0x4
 1179 00c3 01       		.byte	0x1
 1180 00c4 0B       		.uleb128 0xb
 1181 00c5 0B       		.uleb128 0xb
 1182 00c6 3A       		.uleb128 0x3a
 1183 00c7 0B       		.uleb128 0xb
 1184 00c8 3B       		.uleb128 0x3b
ARM GAS  C:\Users\RECEPC~1\AppData\Local\Temp\cckfC9RB.s 			page 24


 1185 00c9 0B       		.uleb128 0xb
 1186 00ca 01       		.uleb128 0x1
 1187 00cb 13       		.uleb128 0x13
 1188 00cc 00       		.byte	0
 1189 00cd 00       		.byte	0
 1190 00ce 13       		.uleb128 0x13
 1191 00cf 2E       		.uleb128 0x2e
 1192 00d0 01       		.byte	0x1
 1193 00d1 3F       		.uleb128 0x3f
 1194 00d2 19       		.uleb128 0x19
 1195 00d3 03       		.uleb128 0x3
 1196 00d4 0E       		.uleb128 0xe
 1197 00d5 3A       		.uleb128 0x3a
 1198 00d6 0B       		.uleb128 0xb
 1199 00d7 3B       		.uleb128 0x3b
 1200 00d8 0B       		.uleb128 0xb
 1201 00d9 27       		.uleb128 0x27
 1202 00da 19       		.uleb128 0x19
 1203 00db 11       		.uleb128 0x11
 1204 00dc 01       		.uleb128 0x1
 1205 00dd 12       		.uleb128 0x12
 1206 00de 06       		.uleb128 0x6
 1207 00df 40       		.uleb128 0x40
 1208 00e0 18       		.uleb128 0x18
 1209 00e1 9642     		.uleb128 0x2116
 1210 00e3 19       		.uleb128 0x19
 1211 00e4 01       		.uleb128 0x1
 1212 00e5 13       		.uleb128 0x13
 1213 00e6 00       		.byte	0
 1214 00e7 00       		.byte	0
 1215 00e8 14       		.uleb128 0x14
 1216 00e9 05       		.uleb128 0x5
 1217 00ea 00       		.byte	0
 1218 00eb 03       		.uleb128 0x3
 1219 00ec 0E       		.uleb128 0xe
 1220 00ed 3A       		.uleb128 0x3a
 1221 00ee 0B       		.uleb128 0xb
 1222 00ef 3B       		.uleb128 0x3b
 1223 00f0 0B       		.uleb128 0xb
 1224 00f1 49       		.uleb128 0x49
 1225 00f2 13       		.uleb128 0x13
 1226 00f3 02       		.uleb128 0x2
 1227 00f4 18       		.uleb128 0x18
 1228 00f5 00       		.byte	0
 1229 00f6 00       		.byte	0
 1230 00f7 15       		.uleb128 0x15
 1231 00f8 34       		.uleb128 0x34
 1232 00f9 00       		.byte	0
 1233 00fa 03       		.uleb128 0x3
 1234 00fb 0E       		.uleb128 0xe
 1235 00fc 3A       		.uleb128 0x3a
 1236 00fd 0B       		.uleb128 0xb
 1237 00fe 3B       		.uleb128 0x3b
 1238 00ff 0B       		.uleb128 0xb
 1239 0100 49       		.uleb128 0x49
 1240 0101 13       		.uleb128 0x13
 1241 0102 02       		.uleb128 0x2
ARM GAS  C:\Users\RECEPC~1\AppData\Local\Temp\cckfC9RB.s 			page 25


 1242 0103 18       		.uleb128 0x18
 1243 0104 00       		.byte	0
 1244 0105 00       		.byte	0
 1245 0106 16       		.uleb128 0x16
 1246 0107 0B       		.uleb128 0xb
 1247 0108 01       		.byte	0x1
 1248 0109 11       		.uleb128 0x11
 1249 010a 01       		.uleb128 0x1
 1250 010b 12       		.uleb128 0x12
 1251 010c 06       		.uleb128 0x6
 1252 010d 00       		.byte	0
 1253 010e 00       		.byte	0
 1254 010f 17       		.uleb128 0x17
 1255 0110 34       		.uleb128 0x34
 1256 0111 00       		.byte	0
 1257 0112 03       		.uleb128 0x3
 1258 0113 08       		.uleb128 0x8
 1259 0114 3A       		.uleb128 0x3a
 1260 0115 0B       		.uleb128 0xb
 1261 0116 3B       		.uleb128 0x3b
 1262 0117 0B       		.uleb128 0xb
 1263 0118 49       		.uleb128 0x49
 1264 0119 13       		.uleb128 0x13
 1265 011a 02       		.uleb128 0x2
 1266 011b 18       		.uleb128 0x18
 1267 011c 00       		.byte	0
 1268 011d 00       		.byte	0
 1269 011e 18       		.uleb128 0x18
 1270 011f 2E       		.uleb128 0x2e
 1271 0120 00       		.byte	0
 1272 0121 3F       		.uleb128 0x3f
 1273 0122 19       		.uleb128 0x19
 1274 0123 03       		.uleb128 0x3
 1275 0124 0E       		.uleb128 0xe
 1276 0125 3A       		.uleb128 0x3a
 1277 0126 0B       		.uleb128 0xb
 1278 0127 3B       		.uleb128 0x3b
 1279 0128 0B       		.uleb128 0xb
 1280 0129 11       		.uleb128 0x11
 1281 012a 01       		.uleb128 0x1
 1282 012b 12       		.uleb128 0x12
 1283 012c 06       		.uleb128 0x6
 1284 012d 40       		.uleb128 0x40
 1285 012e 18       		.uleb128 0x18
 1286 012f 9642     		.uleb128 0x2116
 1287 0131 19       		.uleb128 0x19
 1288 0132 00       		.byte	0
 1289 0133 00       		.byte	0
 1290 0134 19       		.uleb128 0x19
 1291 0135 2E       		.uleb128 0x2e
 1292 0136 00       		.byte	0
 1293 0137 3F       		.uleb128 0x3f
 1294 0138 19       		.uleb128 0x19
 1295 0139 03       		.uleb128 0x3
 1296 013a 0E       		.uleb128 0xe
 1297 013b 3A       		.uleb128 0x3a
 1298 013c 0B       		.uleb128 0xb
ARM GAS  C:\Users\RECEPC~1\AppData\Local\Temp\cckfC9RB.s 			page 26


 1299 013d 3B       		.uleb128 0x3b
 1300 013e 0B       		.uleb128 0xb
 1301 013f 49       		.uleb128 0x49
 1302 0140 13       		.uleb128 0x13
 1303 0141 11       		.uleb128 0x11
 1304 0142 01       		.uleb128 0x1
 1305 0143 12       		.uleb128 0x12
 1306 0144 06       		.uleb128 0x6
 1307 0145 40       		.uleb128 0x40
 1308 0146 18       		.uleb128 0x18
 1309 0147 9642     		.uleb128 0x2116
 1310 0149 19       		.uleb128 0x19
 1311 014a 00       		.byte	0
 1312 014b 00       		.byte	0
 1313 014c 1A       		.uleb128 0x1a
 1314 014d 2E       		.uleb128 0x2e
 1315 014e 01       		.byte	0x1
 1316 014f 3F       		.uleb128 0x3f
 1317 0150 19       		.uleb128 0x19
 1318 0151 03       		.uleb128 0x3
 1319 0152 0E       		.uleb128 0xe
 1320 0153 3A       		.uleb128 0x3a
 1321 0154 0B       		.uleb128 0xb
 1322 0155 3B       		.uleb128 0x3b
 1323 0156 0B       		.uleb128 0xb
 1324 0157 27       		.uleb128 0x27
 1325 0158 19       		.uleb128 0x19
 1326 0159 49       		.uleb128 0x49
 1327 015a 13       		.uleb128 0x13
 1328 015b 11       		.uleb128 0x11
 1329 015c 01       		.uleb128 0x1
 1330 015d 12       		.uleb128 0x12
 1331 015e 06       		.uleb128 0x6
 1332 015f 40       		.uleb128 0x40
 1333 0160 18       		.uleb128 0x18
 1334 0161 9642     		.uleb128 0x2116
 1335 0163 19       		.uleb128 0x19
 1336 0164 01       		.uleb128 0x1
 1337 0165 13       		.uleb128 0x13
 1338 0166 00       		.byte	0
 1339 0167 00       		.byte	0
 1340 0168 1B       		.uleb128 0x1b
 1341 0169 34       		.uleb128 0x34
 1342 016a 00       		.byte	0
 1343 016b 03       		.uleb128 0x3
 1344 016c 0E       		.uleb128 0xe
 1345 016d 3A       		.uleb128 0x3a
 1346 016e 0B       		.uleb128 0xb
 1347 016f 3B       		.uleb128 0x3b
 1348 0170 05       		.uleb128 0x5
 1349 0171 49       		.uleb128 0x49
 1350 0172 13       		.uleb128 0x13
 1351 0173 3F       		.uleb128 0x3f
 1352 0174 19       		.uleb128 0x19
 1353 0175 3C       		.uleb128 0x3c
 1354 0176 19       		.uleb128 0x19
 1355 0177 00       		.byte	0
ARM GAS  C:\Users\RECEPC~1\AppData\Local\Temp\cckfC9RB.s 			page 27


 1356 0178 00       		.byte	0
 1357 0179 00       		.byte	0
 1358              		.section	.debug_aranges,"",%progbits
 1359 0000 3C000000 		.4byte	0x3c
 1360 0004 0200     		.2byte	0x2
 1361 0006 00000000 		.4byte	.Ldebug_info0
 1362 000a 04       		.byte	0x4
 1363 000b 00       		.byte	0
 1364 000c 0000     		.2byte	0
 1365 000e 0000     		.2byte	0
 1366 0010 00000000 		.4byte	.LFB63
 1367 0014 B2000000 		.4byte	.LFE63-.LFB63
 1368 0018 00000000 		.4byte	.LFB64
 1369 001c A6000000 		.4byte	.LFE64-.LFB64
 1370 0020 00000000 		.4byte	.LFB65
 1371 0024 2A000000 		.4byte	.LFE65-.LFB65
 1372 0028 00000000 		.4byte	.LFB66
 1373 002c 3E000000 		.4byte	.LFE66-.LFB66
 1374 0030 00000000 		.4byte	.LFB67
 1375 0034 7A000000 		.4byte	.LFE67-.LFB67
 1376 0038 00000000 		.4byte	0
 1377 003c 00000000 		.4byte	0
 1378              		.section	.debug_ranges,"",%progbits
 1379              	.Ldebug_ranges0:
 1380 0000 00000000 		.4byte	.LFB63
 1381 0004 B2000000 		.4byte	.LFE63
 1382 0008 00000000 		.4byte	.LFB64
 1383 000c A6000000 		.4byte	.LFE64
 1384 0010 00000000 		.4byte	.LFB65
 1385 0014 2A000000 		.4byte	.LFE65
 1386 0018 00000000 		.4byte	.LFB66
 1387 001c 3E000000 		.4byte	.LFE66
 1388 0020 00000000 		.4byte	.LFB67
 1389 0024 7A000000 		.4byte	.LFE67
 1390 0028 00000000 		.4byte	0
 1391 002c 00000000 		.4byte	0
 1392              		.section	.debug_line,"",%progbits
 1393              	.Ldebug_line0:
 1394 0000 75020000 		.section	.debug_str,"MS",%progbits,1
 1394      02008801 
 1394      00000201 
 1394      FB0E0D00 
 1394      01010101 
 1395              	.LASF78:
 1396 0000 69427574 		.ascii	"iButton1Scan\000"
 1396      746F6E31 
 1396      5363616E 
 1396      00
 1397              	.LASF89:
 1398 000d 69427574 		.ascii	"iButtonCRCReset\000"
 1398      746F6E43 
 1398      52435265 
 1398      73657400 
 1399              	.LASF61:
 1400 001d 44495350 		.ascii	"DISPLAY1_RECEPTION\000"
 1400      4C415931 
 1400      5F524543 
ARM GAS  C:\Users\RECEPC~1\AppData\Local\Temp\cckfC9RB.s 			page 28


 1400      45505449 
 1400      4F4E00
 1401              	.LASF54:
 1402 0030 5052494E 		.ascii	"PRINTER11_JOB\000"
 1402      54455231 
 1402      315F4A4F 
 1402      4200
 1403              	.LASF72:
 1404 003e 544F4747 		.ascii	"TOGGLE_SCREEN_AND_WRITE_TEST\000"
 1404      4C455F53 
 1404      43524545 
 1404      4E5F414E 
 1404      445F5752 
 1405              	.LASF90:
 1406 005b 69427574 		.ascii	"iButtonCastCRCOutput\000"
 1406      746F6E43 
 1406      61737443 
 1406      52434F75 
 1406      74707574 
 1407              	.LASF2:
 1408 0070 73686F72 		.ascii	"short int\000"
 1408      7420696E 
 1408      7400
 1409              	.LASF69:
 1410 007a 49425554 		.ascii	"IBUTTON1_SCAN\000"
 1410      544F4E31 
 1410      5F534341 
 1410      4E00
 1411              	.LASF80:
 1412 0088 70706172 		.ascii	"pparam\000"
 1412      616D00
 1413              	.LASF17:
 1414 008f 73697A65 		.ascii	"sizetype\000"
 1414      74797065 
 1414      00
 1415              	.LASF15:
 1416 0098 63686172 		.ascii	"char8\000"
 1416      3800
 1417              	.LASF25:
 1418 009e 5F6D6573 		.ascii	"_messagetimeoutmultiplier\000"
 1418      73616765 
 1418      74696D65 
 1418      6F75746D 
 1418      756C7469 
 1419              	.LASF82:
 1420 00b8 62797465 		.ascii	"byteindex\000"
 1420      696E6465 
 1420      7800
 1421              	.LASF51:
 1422 00c2 44495350 		.ascii	"DISPENSER_ACQUIRE_TOTALS\000"
 1422      454E5345 
 1422      525F4143 
 1422      51554952 
 1422      455F544F 
 1423              	.LASF81:
 1424 00db 70627566 		.ascii	"pbuffer\000"
 1424      66657200 
ARM GAS  C:\Users\RECEPC~1\AppData\Local\Temp\cckfC9RB.s 			page 29


 1425              	.LASF76:
 1426 00e3 706D7367 		.ascii	"pmsg\000"
 1426      00
 1427              	.LASF62:
 1428 00e8 44495350 		.ascii	"DISPLAY1_MESSAGE\000"
 1428      4C415931 
 1428      5F4D4553 
 1428      53414745 
 1428      00
 1429              	.LASF58:
 1430 00f9 5052494E 		.ascii	"PRINTER1_GENERIC_JOB\000"
 1430      54455231 
 1430      5F47454E 
 1430      45524943 
 1430      5F4A4F42 
 1431              	.LASF42:
 1432 010e 44495350 		.ascii	"DISPENSER_EXECUTE_CASH_TRANSACTION\000"
 1432      454E5345 
 1432      525F4558 
 1432      45435554 
 1432      455F4341 
 1433              	.LASF12:
 1434 0131 75696E74 		.ascii	"uint16\000"
 1434      313600
 1435              	.LASF24:
 1436 0138 5F6D6573 		.ascii	"_messagetimeout\000"
 1436      73616765 
 1436      74696D65 
 1436      6F757400 
 1437              	.LASF77:
 1438 0148 696E6465 		.ascii	"index\000"
 1438      7800
 1439              	.LASF66:
 1440 014e 44495350 		.ascii	"DISPLAY2_MESSAGE\000"
 1440      4C415932 
 1440      5F4D4553 
 1440      53414745 
 1440      00
 1441              	.LASF11:
 1442 015f 75696E74 		.ascii	"uint8\000"
 1442      3800
 1443              	.LASF63:
 1444 0165 44495350 		.ascii	"DISPLAY1_UPDATE_DATETIME\000"
 1444      4C415931 
 1444      5F555044 
 1444      4154455F 
 1444      44415445 
 1445              	.LASF68:
 1446 017e 44495350 		.ascii	"DISPLAY2_ANIMATE_HOME\000"
 1446      4C415932 
 1446      5F414E49 
 1446      4D415445 
 1446      5F484F4D 
 1447              	.LASF59:
 1448 0194 5052494E 		.ascii	"PRINTER2_GENERIC_JOB\000"
 1448      54455232 
 1448      5F47454E 
ARM GAS  C:\Users\RECEPC~1\AppData\Local\Temp\cckfC9RB.s 			page 30


 1448      45524943 
 1448      5F4A4F42 
 1449              	.LASF32:
 1450 01a9 5053494E 		.ascii	"PSINKMESSAGEPTR\000"
 1450      4B4D4553 
 1450      53414745 
 1450      50545200 
 1451              	.LASF13:
 1452 01b9 666C6F61 		.ascii	"float\000"
 1452      7400
 1453              	.LASF6:
 1454 01bf 6C6F6E67 		.ascii	"long long int\000"
 1454      206C6F6E 
 1454      6720696E 
 1454      7400
 1455              	.LASF22:
 1456 01cd 5F6D6573 		.ascii	"_messagestate\000"
 1456      73616765 
 1456      73746174 
 1456      6500
 1457              	.LASF85:
 1458 01db 2E5C6942 		.ascii	".\\iButtonBLL.c\000"
 1458      7574746F 
 1458      6E424C4C 
 1458      2E6300
 1459              	.LASF84:
 1460 01ea 474E5520 		.ascii	"GNU C 4.9.3 20150303 (release) [ARM/embedded-4_9-br"
 1460      4320342E 
 1460      392E3320 
 1460      32303135 
 1460      30333033 
 1461 021d 616E6368 		.ascii	"anch revision 221220] -mcpu=cortex-m3 -mthumb -g -O"
 1461      20726576 
 1461      6973696F 
 1461      6E203232 
 1461      31323230 
 1462 0250 30202D66 		.ascii	"0 -ffunction-sections -ffat-lto-objects\000"
 1462      66756E63 
 1462      74696F6E 
 1462      2D736563 
 1462      74696F6E 
 1463              	.LASF40:
 1464 0278 44495350 		.ascii	"DISPENSER_ACQUIRE_PUMP_STATE\000"
 1464      454E5345 
 1464      525F4143 
 1464      51554952 
 1464      455F5055 
 1465              	.LASF55:
 1466 0295 5052494E 		.ascii	"PRINTER12_JOB\000"
 1466      54455231 
 1466      325F4A4F 
 1466      4200
 1467              	.LASF64:
 1468 02a3 44495350 		.ascii	"DISPLAY1_ANIMATE_HOME\000"
 1468      4C415931 
 1468      5F414E49 
 1468      4D415445 
ARM GAS  C:\Users\RECEPC~1\AppData\Local\Temp\cckfC9RB.s 			page 31


 1468      5F484F4D 
 1469              	.LASF79:
 1470 02b9 69427574 		.ascii	"iButton2Scan\000"
 1470      746F6E32 
 1470      5363616E 
 1470      00
 1471              	.LASF37:
 1472 02c6 53494E4B 		.ascii	"SINK_RELEASE_BY_ID\000"
 1472      5F52454C 
 1472      45415345 
 1472      5F42595F 
 1472      494400
 1473              	.LASF49:
 1474 02d9 44495350 		.ascii	"DISPENSER_RESTORE_PRICES\000"
 1474      454E5345 
 1474      525F5245 
 1474      53544F52 
 1474      455F5052 
 1475              	.LASF67:
 1476 02f2 44495350 		.ascii	"DISPLAY2_UPDATE_DATETIME\000"
 1476      4C415932 
 1476      5F555044 
 1476      4154455F 
 1476      44415445 
 1477              	.LASF27:
 1478 030b 5F627566 		.ascii	"_buffer\000"
 1478      66657200 
 1479              	.LASF18:
 1480 0313 6C6F6E67 		.ascii	"long double\000"
 1480      20646F75 
 1480      626C6500 
 1481              	.LASF1:
 1482 031f 756E7369 		.ascii	"unsigned char\000"
 1482      676E6564 
 1482      20636861 
 1482      7200
 1483              	.LASF88:
 1484 032d 5F53494E 		.ascii	"_SINK_OBSERVABLES_\000"
 1484      4B5F4F42 
 1484      53455256 
 1484      41424C45 
 1484      535F00
 1485              	.LASF48:
 1486 0340 44495350 		.ascii	"DISPENSER_CONFIGURE_PRICES\000"
 1486      454E5345 
 1486      525F434F 
 1486      4E464947 
 1486      5552455F 
 1487              	.LASF26:
 1488 035b 5F6D6573 		.ascii	"_messagetimeoutlimit\000"
 1488      73616765 
 1488      74696D65 
 1488      6F75746C 
 1488      696D6974 
 1489              	.LASF0:
 1490 0370 7369676E 		.ascii	"signed char\000"
 1490      65642063 
ARM GAS  C:\Users\RECEPC~1\AppData\Local\Temp\cckfC9RB.s 			page 32


 1490      68617200 
 1491              	.LASF10:
 1492 037c 696E7433 		.ascii	"int32_t\000"
 1492      325F7400 
 1493              	.LASF7:
 1494 0384 6C6F6E67 		.ascii	"long long unsigned int\000"
 1494      206C6F6E 
 1494      6720756E 
 1494      7369676E 
 1494      65642069 
 1495              	.LASF75:
 1496 039b 5F494255 		.ascii	"_IBUTTON_PORT2_\000"
 1496      54544F4E 
 1496      5F504F52 
 1496      54325F00 
 1497              	.LASF56:
 1498 03ab 5052494E 		.ascii	"PRINTER21_JOB\000"
 1498      54455232 
 1498      315F4A4F 
 1498      4200
 1499              	.LASF8:
 1500 03b9 756E7369 		.ascii	"unsigned int\000"
 1500      676E6564 
 1500      20696E74 
 1500      00
 1501              	.LASF73:
 1502 03c6 57415443 		.ascii	"WATCHDOG_STARTUP\000"
 1502      48444F47 
 1502      5F535441 
 1502      52545550 
 1502      00
 1503              	.LASF20:
 1504 03d7 5F6D6573 		.ascii	"_messageid\000"
 1504      73616765 
 1504      696400
 1505              	.LASF44:
 1506 03e2 44495350 		.ascii	"DISPENSER_UNLOCK_EOT_PUMPS\000"
 1506      454E5345 
 1506      525F554E 
 1506      4C4F434B 
 1506      5F454F54 
 1507              	.LASF41:
 1508 03fd 44495350 		.ascii	"DISPENSER_ACQUIRE_PUMP_HOSE\000"
 1508      454E5345 
 1508      525F4143 
 1508      51554952 
 1508      455F5055 
 1509              	.LASF23:
 1510 0419 5F6D6573 		.ascii	"_messagedelay\000"
 1510      73616765 
 1510      64656C61 
 1510      7900
 1511              	.LASF91:
 1512 0427 69427574 		.ascii	"iButtonCRCCheck\000"
 1512      746F6E43 
 1512      52434368 
 1512      65636B00 
ARM GAS  C:\Users\RECEPC~1\AppData\Local\Temp\cckfC9RB.s 			page 33


 1513              	.LASF34:
 1514 0437 55415254 		.ascii	"UART_RF_TEST\000"
 1514      5F52465F 
 1514      54455354 
 1514      00
 1515              	.LASF16:
 1516 0444 63686172 		.ascii	"char\000"
 1516      00
 1517              	.LASF45:
 1518 0449 44495350 		.ascii	"DISPENSER_LOAD_EEPROM_SETTINGS\000"
 1518      454E5345 
 1518      525F4C4F 
 1518      41445F45 
 1518      4550524F 
 1519              	.LASF36:
 1520 0468 53494E4B 		.ascii	"SINK_UPDATE_COUNTERS\000"
 1520      5F555044 
 1520      4154455F 
 1520      434F554E 
 1520      54455253 
 1521              	.LASF3:
 1522 047d 73686F72 		.ascii	"short unsigned int\000"
 1522      7420756E 
 1522      7369676E 
 1522      65642069 
 1522      6E7400
 1523              	.LASF46:
 1524 0490 44495350 		.ascii	"DISPENSER_ENUMERATE_VISIBLE_PUMPS\000"
 1524      454E5345 
 1524      525F454E 
 1524      554D4552 
 1524      4154455F 
 1525              	.LASF86:
 1526 04b2 433A5C54 		.ascii	"C:\\TeamInsepet\\NSX-Prime\\Hardware\\CorEx-MUX-Ker"
 1526      65616D49 
 1526      6E736570 
 1526      65745C4E 
 1526      53582D50 
 1527 04e1 6E656C2D 		.ascii	"nel-Enhanced\\Workspace01\\CorEx-Mux-Kernel.cydsn\000"
 1527      456E6861 
 1527      6E636564 
 1527      5C576F72 
 1527      6B737061 
 1528              	.LASF31:
 1529 0511 5F426F6F 		.ascii	"_Bool\000"
 1529      6C00
 1530              	.LASF47:
 1531 0517 44495350 		.ascii	"DISPENSER_ACQUIRE_CONFIGURATION_INFORMATION\000"
 1531      454E5345 
 1531      525F4143 
 1531      51554952 
 1531      455F434F 
 1532              	.LASF19:
 1533 0543 5F73656C 		.ascii	"_selfkill\000"
 1533      666B696C 
 1533      6C00
 1534              	.LASF83:
ARM GAS  C:\Users\RECEPC~1\AppData\Local\Temp\cckfC9RB.s 			page 34


 1535 054d 62697469 		.ascii	"bitindex\000"
 1535      6E646578 
 1535      00
 1536              	.LASF74:
 1537 0556 5F494255 		.ascii	"_IBUTTON_PORT1_\000"
 1537      54544F4E 
 1537      5F504F52 
 1537      54315F00 
 1538              	.LASF33:
 1539 0566 55415254 		.ascii	"UART_RF_RECEPTION\000"
 1539      5F52465F 
 1539      52454345 
 1539      5054494F 
 1539      4E00
 1540              	.LASF5:
 1541 0578 6C6F6E67 		.ascii	"long unsigned int\000"
 1541      20756E73 
 1541      69676E65 
 1541      6420696E 
 1541      7400
 1542              	.LASF14:
 1543 058a 646F7562 		.ascii	"double\000"
 1543      6C6500
 1544              	.LASF87:
 1545 0591 5F53494E 		.ascii	"_SINK_MESSAGE_\000"
 1545      4B5F4D45 
 1545      53534147 
 1545      455F00
 1546              	.LASF60:
 1547 05a0 44495350 		.ascii	"DISPLAY_UPDATE_PUMP_STATE\000"
 1547      4C41595F 
 1547      55504441 
 1547      54455F50 
 1547      554D505F 
 1548              	.LASF53:
 1549 05ba 44495350 		.ascii	"DISPENSER_PUMP_BEEP_WARNING\000"
 1549      454E5345 
 1549      525F5055 
 1549      4D505F42 
 1549      4545505F 
 1550              	.LASF70:
 1551 05d6 49425554 		.ascii	"IBUTTON2_SCAN\000"
 1551      544F4E32 
 1551      5F534341 
 1551      4E00
 1552              	.LASF9:
 1553 05e4 5F5F696E 		.ascii	"__int32_t\000"
 1553      7433325F 
 1553      7400
 1554              	.LASF28:
 1555 05ee 5F627566 		.ascii	"_buffersize\000"
 1555      66657273 
 1555      697A6500 
 1556              	.LASF43:
 1557 05fa 44495350 		.ascii	"DISPENSER_EXECUTE_CREDIT_TRANSACTION\000"
 1557      454E5345 
 1557      525F4558 
ARM GAS  C:\Users\RECEPC~1\AppData\Local\Temp\cckfC9RB.s 			page 35


 1557      45435554 
 1557      455F4352 
 1558              	.LASF52:
 1559 061f 44495350 		.ascii	"DISPENSER_PUMP_HANDLER\000"
 1559      454E5345 
 1559      525F5055 
 1559      4D505F48 
 1559      414E444C 
 1560              	.LASF38:
 1561 0636 53494E4B 		.ascii	"SINK_RELEASE_BY_PTR\000"
 1561      5F52454C 
 1561      45415345 
 1561      5F42595F 
 1561      50545200 
 1562              	.LASF57:
 1563 064a 5052494E 		.ascii	"PRINTER22_JOB\000"
 1563      54455232 
 1563      325F4A4F 
 1563      4200
 1564              	.LASF39:
 1565 0658 44495350 		.ascii	"DISPENSER_UPDATE_PUMP_TRANSACTION_TIMEOUTS\000"
 1565      454E5345 
 1565      525F5550 
 1565      44415445 
 1565      5F50554D 
 1566              	.LASF4:
 1567 0683 6C6F6E67 		.ascii	"long int\000"
 1567      20696E74 
 1567      00
 1568              	.LASF92:
 1569 068c 49544D5F 		.ascii	"ITM_RxBuffer\000"
 1569      52784275 
 1569      66666572 
 1569      00
 1570              	.LASF21:
 1571 0699 5F6D6573 		.ascii	"_messagetype\000"
 1571      73616765 
 1571      74797065 
 1571      00
 1572              	.LASF65:
 1573 06a6 44495350 		.ascii	"DISPLAY2_RECEPTION\000"
 1573      4C415932 
 1573      5F524543 
 1573      45505449 
 1573      4F4E00
 1574              	.LASF35:
 1575 06b9 55415254 		.ascii	"UART_RF_AUTONOMOUS_MONITOR\000"
 1575      5F52465F 
 1575      4155544F 
 1575      4E4F4D4F 
 1575      55535F4D 
 1576              	.LASF71:
 1577 06d4 474C4F42 		.ascii	"GLOBAL_TICK_NOTIFICATION\000"
 1577      414C5F54 
 1577      49434B5F 
 1577      4E4F5449 
 1577      46494341 
ARM GAS  C:\Users\RECEPC~1\AppData\Local\Temp\cckfC9RB.s 			page 36


 1578              	.LASF50:
 1579 06ed 44495350 		.ascii	"DISPENSER_CONFIGURE_SINGLE_PRICE\000"
 1579      454E5345 
 1579      525F434F 
 1579      4E464947 
 1579      5552455F 
 1580              	.LASF30:
 1581 070e 43616C6C 		.ascii	"Callback\000"
 1581      6261636B 
 1581      00
 1582              	.LASF29:
 1583 0717 5F706461 		.ascii	"_pdata\000"
 1583      746100
 1584              		.ident	"GCC: (GNU Tools for ARM Embedded Processors) 4.9.3 20150303 (release) [ARM/embedded-4_9-br
