ARM GAS  C:\Users\RECEPC~1\AppData\Local\Temp\cc0fFXnP.s 			page 1


   1              		.syntax unified
   2              		.cpu cortex-m3
   3              		.fpu softvfp
   4              		.eabi_attribute 20, 1
   5              		.eabi_attribute 21, 1
   6              		.eabi_attribute 23, 3
   7              		.eabi_attribute 24, 1
   8              		.eabi_attribute 25, 1
   9              		.eabi_attribute 26, 1
  10              		.eabi_attribute 30, 6
  11              		.eabi_attribute 34, 1
  12              		.eabi_attribute 18, 4
  13              		.thumb
  14              		.file	"iButtonSink.c"
  15              		.text
  16              	.Ltext0:
  17              		.cfi_sections	.debug_frame
  18              		.comm	HoseDispenser,1,1
  19              		.section	.text.iButtonSinkRegistration,"ax",%progbits
  20              		.align	2
  21              		.global	iButtonSinkRegistration
  22              		.thumb
  23              		.thumb_func
  24              		.type	iButtonSinkRegistration, %function
  25              	iButtonSinkRegistration:
  26              	.LFB63:
  27              		.file 1 ".\\iButtonSink.c"
   1:.\iButtonSink.c **** /* ========================================
   2:.\iButtonSink.c ****  *
   3:.\iButtonSink.c ****  * Copyright SISTEMAS INSEPET, 2016
   4:.\iButtonSink.c ****  * All Rights Reserved
   5:.\iButtonSink.c ****  * UNPUBLISHED, LICENSED SOFTWARE.
   6:.\iButtonSink.c ****  *
   7:.\iButtonSink.c ****  * CONFIDENTIAL AND PROPRIETARY INFORMATION
   8:.\iButtonSink.c ****  * WHICH IS THE PROPERTY OF SISTEMAS INSEPET.
   9:.\iButtonSink.c ****  *
  10:.\iButtonSink.c ****  * Created by: HIJH
  11:.\iButtonSink.c ****  * Date: Septembre 2 de 2016
  12:.\iButtonSink.c ****  *
  13:.\iButtonSink.c ****  * ========================================
  14:.\iButtonSink.c **** */
  15:.\iButtonSink.c **** 
  16:.\iButtonSink.c **** #include <project.h>
  17:.\iButtonSink.c **** #include "SinkManager.h"
  18:.\iButtonSink.c **** #include "SinkObservables.h"
  19:.\iButtonSink.c **** #include "GlobalDefinitions.h"
  20:.\iButtonSink.c **** 
  21:.\iButtonSink.c **** void iButton1Scan(void *pparam);
  22:.\iButtonSink.c **** void iButton2Scan(void *pparam);
  23:.\iButtonSink.c **** 
  24:.\iButtonSink.c **** void iButtonSinkRegistration()
  25:.\iButtonSink.c **** {
  28              		.loc 1 25 0
  29              		.cfi_startproc
  30              		@ args = 0, pretend = 0, frame = 8
  31              		@ frame_needed = 1, uses_anonymous_args = 0
  32 0000 80B5     		push	{r7, lr}
ARM GAS  C:\Users\RECEPC~1\AppData\Local\Temp\cc0fFXnP.s 			page 2


  33              		.cfi_def_cfa_offset 8
  34              		.cfi_offset 7, -8
  35              		.cfi_offset 14, -4
  36 0002 82B0     		sub	sp, sp, #8
  37              		.cfi_def_cfa_offset 16
  38 0004 00AF     		add	r7, sp, #0
  39              		.cfi_def_cfa_register 7
  26:.\iButtonSink.c ****     PSINKSUBSCRIBERPTR psubscriber = AllocateSubscriberSlot();
  40              		.loc 1 26 0
  41 0006 FFF7FEFF 		bl	AllocateSubscriberSlot
  42 000a 7860     		str	r0, [r7, #4]
  27:.\iButtonSink.c ****     if(psubscriber)
  43              		.loc 1 27 0
  44 000c 7B68     		ldr	r3, [r7, #4]
  45 000e 002B     		cmp	r3, #0
  46 0010 1DD0     		beq	.L1
  47              	.LBB2:
  28:.\iButtonSink.c ****     {
  29:.\iButtonSink.c ****         uint8 index = 0;
  48              		.loc 1 29 0
  49 0012 0023     		movs	r3, #0
  50 0014 FB70     		strb	r3, [r7, #3]
  30:.\iButtonSink.c ****         //The maximum number of observable identifiers is _OBSERVED_IDENTIFIERS_
  31:.\iButtonSink.c ****         //located in the header file "SinkManager.h"
  32:.\iButtonSink.c ****         //Every identifier is paired with its respective Callback method pointer
  33:.\iButtonSink.c ****         psubscriber->_arrmsgid[index] = IBUTTON1_SCAN;
  51              		.loc 1 33 0
  52 0016 FB78     		ldrb	r3, [r7, #3]	@ zero_extendqisi2
  53 0018 7A68     		ldr	r2, [r7, #4]
  54 001a 1344     		add	r3, r3, r2
  55 001c 2722     		movs	r2, #39
  56 001e 5A70     		strb	r2, [r3, #1]
  34:.\iButtonSink.c ****         psubscriber->Callback[index++] = iButton1Scan;
  57              		.loc 1 34 0
  58 0020 FB78     		ldrb	r3, [r7, #3]	@ zero_extendqisi2
  59 0022 5A1C     		adds	r2, r3, #1
  60 0024 FA70     		strb	r2, [r7, #3]
  61 0026 7A68     		ldr	r2, [r7, #4]
  62 0028 0233     		adds	r3, r3, #2
  63 002a 9B00     		lsls	r3, r3, #2
  64 002c 1344     		add	r3, r3, r2
  65 002e 094A     		ldr	r2, .L3
  66 0030 5A60     		str	r2, [r3, #4]
  35:.\iButtonSink.c ****         
  36:.\iButtonSink.c ****         psubscriber->_arrmsgid[index] = IBUTTON2_SCAN;
  67              		.loc 1 36 0
  68 0032 FB78     		ldrb	r3, [r7, #3]	@ zero_extendqisi2
  69 0034 7A68     		ldr	r2, [r7, #4]
  70 0036 1344     		add	r3, r3, r2
  71 0038 2822     		movs	r2, #40
  72 003a 5A70     		strb	r2, [r3, #1]
  37:.\iButtonSink.c ****         psubscriber->Callback[index++] = iButton2Scan;
  73              		.loc 1 37 0
  74 003c FB78     		ldrb	r3, [r7, #3]	@ zero_extendqisi2
  75 003e 5A1C     		adds	r2, r3, #1
  76 0040 FA70     		strb	r2, [r7, #3]
  77 0042 7A68     		ldr	r2, [r7, #4]
ARM GAS  C:\Users\RECEPC~1\AppData\Local\Temp\cc0fFXnP.s 			page 3


  78 0044 0233     		adds	r3, r3, #2
  79 0046 9B00     		lsls	r3, r3, #2
  80 0048 1344     		add	r3, r3, r2
  81 004a 034A     		ldr	r2, .L3+4
  82 004c 5A60     		str	r2, [r3, #4]
  83              	.L1:
  84              	.LBE2:
  38:.\iButtonSink.c ****     }
  39:.\iButtonSink.c **** }
  85              		.loc 1 39 0
  86 004e 0837     		adds	r7, r7, #8
  87              		.cfi_def_cfa_offset 8
  88 0050 BD46     		mov	sp, r7
  89              		.cfi_def_cfa_register 13
  90              		@ sp needed
  91 0052 80BD     		pop	{r7, pc}
  92              	.L4:
  93              		.align	2
  94              	.L3:
  95 0054 00000000 		.word	iButton1Scan
  96 0058 00000000 		.word	iButton2Scan
  97              		.cfi_endproc
  98              	.LFE63:
  99              		.size	iButtonSinkRegistration, .-iButtonSinkRegistration
 100              		.text
 101              	.Letext0:
 102              		.file 2 "c:\\program files (x86)\\cypress\\psoc creator\\3.3\\psoc creator\\import\\gnu\\arm\\4.9.
 103              		.file 3 "c:\\program files (x86)\\cypress\\psoc creator\\3.3\\psoc creator\\import\\gnu\\arm\\4.9.
 104              		.file 4 "Generated_Source\\PSoC5/cytypes.h"
 105              		.file 5 ".\\SinkManager.h"
 106              		.file 6 "Generated_Source\\PSoC5/core_cm3.h"
 107              		.file 7 ".\\GlobalDefinitions.h"
 108              		.file 8 ".\\SinkObservables.h"
 109              		.section	.debug_info,"",%progbits
 110              	.Ldebug_info0:
 111 0000 9B020000 		.4byte	0x29b
 112 0004 0400     		.2byte	0x4
 113 0006 00000000 		.4byte	.Ldebug_abbrev0
 114 000a 04       		.byte	0x4
 115 000b 01       		.uleb128 0x1
 116 000c 65010000 		.4byte	.LASF69
 117 0010 01       		.byte	0x1
 118 0011 C8000000 		.4byte	.LASF70
 119 0015 EC030000 		.4byte	.LASF71
 120 0019 00000000 		.4byte	.Ldebug_ranges0+0
 121 001d 00000000 		.4byte	0
 122 0021 00000000 		.4byte	.Ldebug_line0
 123 0025 02       		.uleb128 0x2
 124 0026 01       		.byte	0x1
 125 0027 06       		.byte	0x6
 126 0028 CD020000 		.4byte	.LASF0
 127 002c 02       		.uleb128 0x2
 128 002d 01       		.byte	0x1
 129 002e 08       		.byte	0x8
 130 002f 91020000 		.4byte	.LASF1
 131 0033 02       		.uleb128 0x2
 132 0034 02       		.byte	0x2
ARM GAS  C:\Users\RECEPC~1\AppData\Local\Temp\cc0fFXnP.s 			page 4


 133 0035 05       		.byte	0x5
 134 0036 3E000000 		.4byte	.LASF2
 135 003a 02       		.uleb128 0x2
 136 003b 02       		.byte	0x2
 137 003c 07       		.byte	0x7
 138 003d AA040000 		.4byte	.LASF3
 139 0041 03       		.uleb128 0x3
 140 0042 3D050000 		.4byte	.LASF9
 141 0046 02       		.byte	0x2
 142 0047 3F       		.byte	0x3f
 143 0048 4C000000 		.4byte	0x4c
 144 004c 02       		.uleb128 0x2
 145 004d 04       		.byte	0x4
 146 004e 05       		.byte	0x5
 147 004f D0050000 		.4byte	.LASF4
 148 0053 02       		.uleb128 0x2
 149 0054 04       		.byte	0x4
 150 0055 07       		.byte	0x7
 151 0056 CF040000 		.4byte	.LASF5
 152 005a 02       		.uleb128 0x2
 153 005b 08       		.byte	0x8
 154 005c 05       		.byte	0x5
 155 005d 57010000 		.4byte	.LASF6
 156 0061 02       		.uleb128 0x2
 157 0062 08       		.byte	0x8
 158 0063 07       		.byte	0x7
 159 0064 E1020000 		.4byte	.LASF7
 160 0068 04       		.uleb128 0x4
 161 0069 04       		.byte	0x4
 162 006a 05       		.byte	0x5
 163 006b 696E7400 		.ascii	"int\000"
 164 006f 02       		.uleb128 0x2
 165 0070 04       		.byte	0x4
 166 0071 07       		.byte	0x7
 167 0072 06030000 		.4byte	.LASF8
 168 0076 03       		.uleb128 0x3
 169 0077 D9020000 		.4byte	.LASF10
 170 007b 03       		.byte	0x3
 171 007c 2C       		.byte	0x2c
 172 007d 41000000 		.4byte	0x41
 173 0081 05       		.uleb128 0x5
 174 0082 EF000000 		.4byte	.LASF11
 175 0086 04       		.byte	0x4
 176 0087 3801     		.2byte	0x138
 177 0089 2C000000 		.4byte	0x2c
 178 008d 02       		.uleb128 0x2
 179 008e 04       		.byte	0x4
 180 008f 04       		.byte	0x4
 181 0090 51010000 		.4byte	.LASF12
 182 0094 02       		.uleb128 0x2
 183 0095 08       		.byte	0x8
 184 0096 04       		.byte	0x4
 185 0097 E1040000 		.4byte	.LASF13
 186 009b 02       		.uleb128 0x2
 187 009c 01       		.byte	0x1
 188 009d 08       		.byte	0x8
 189 009e 77030000 		.4byte	.LASF14
ARM GAS  C:\Users\RECEPC~1\AppData\Local\Temp\cc0fFXnP.s 			page 5


 190 00a2 06       		.uleb128 0x6
 191 00a3 81000000 		.4byte	0x81
 192 00a7 02       		.uleb128 0x2
 193 00a8 04       		.byte	0x4
 194 00a9 07       		.byte	0x7
 195 00aa 56000000 		.4byte	.LASF15
 196 00ae 07       		.uleb128 0x7
 197 00af 04       		.byte	0x4
 198 00b0 02       		.uleb128 0x2
 199 00b1 08       		.byte	0x8
 200 00b2 04       		.byte	0x4
 201 00b3 85020000 		.4byte	.LASF16
 202 00b7 02       		.uleb128 0x2
 203 00b8 01       		.byte	0x1
 204 00b9 02       		.byte	0x2
 205 00ba 4B040000 		.4byte	.LASF17
 206 00be 08       		.uleb128 0x8
 207 00bf C9000000 		.4byte	0xc9
 208 00c3 09       		.uleb128 0x9
 209 00c4 AE000000 		.4byte	0xae
 210 00c8 00       		.byte	0
 211 00c9 0A       		.uleb128 0xa
 212 00ca 04       		.byte	0x4
 213 00cb BE000000 		.4byte	0xbe
 214 00cf 0B       		.uleb128 0xb
 215 00d0 4A030000 		.4byte	.LASF72
 216 00d4 2C       		.byte	0x2c
 217 00d5 05       		.byte	0x5
 218 00d6 66       		.byte	0x66
 219 00d7 00010000 		.4byte	0x100
 220 00db 0C       		.uleb128 0xc
 221 00dc 78000000 		.4byte	.LASF18
 222 00e0 05       		.byte	0x5
 223 00e1 68       		.byte	0x68
 224 00e2 A2000000 		.4byte	0xa2
 225 00e6 00       		.byte	0
 226 00e7 0C       		.uleb128 0xc
 227 00e8 14060000 		.4byte	.LASF19
 228 00ec 05       		.byte	0x5
 229 00ed 6A       		.byte	0x6a
 230 00ee 00010000 		.4byte	0x100
 231 00f2 01       		.byte	0x1
 232 00f3 0C       		.uleb128 0xc
 233 00f4 58060000 		.4byte	.LASF20
 234 00f8 05       		.byte	0x5
 235 00f9 6B       		.byte	0x6b
 236 00fa 10010000 		.4byte	0x110
 237 00fe 0C       		.byte	0xc
 238 00ff 00       		.byte	0
 239 0100 0D       		.uleb128 0xd
 240 0101 81000000 		.4byte	0x81
 241 0105 10010000 		.4byte	0x110
 242 0109 0E       		.uleb128 0xe
 243 010a A7000000 		.4byte	0xa7
 244 010e 07       		.byte	0x7
 245 010f 00       		.byte	0
 246 0110 0D       		.uleb128 0xd
ARM GAS  C:\Users\RECEPC~1\AppData\Local\Temp\cc0fFXnP.s 			page 6


 247 0111 C9000000 		.4byte	0xc9
 248 0115 20010000 		.4byte	0x120
 249 0119 0E       		.uleb128 0xe
 250 011a A7000000 		.4byte	0xa7
 251 011e 07       		.byte	0x7
 252 011f 00       		.byte	0
 253 0120 03       		.uleb128 0x3
 254 0121 51040000 		.4byte	.LASF21
 255 0125 05       		.byte	0x5
 256 0126 6C       		.byte	0x6c
 257 0127 2B010000 		.4byte	0x12b
 258 012b 0A       		.uleb128 0xa
 259 012c 04       		.byte	0x4
 260 012d CF000000 		.4byte	0xcf
 261 0131 0F       		.uleb128 0xf
 262 0132 9F020000 		.4byte	.LASF73
 263 0136 01       		.byte	0x1
 264 0137 08       		.byte	0x8
 265 0138 0F       		.byte	0xf
 266 0139 40020000 		.4byte	0x240
 267 013d 10       		.uleb128 0x10
 268 013e BD040000 		.4byte	.LASF22
 269 0142 01       		.sleb128 1
 270 0143 10       		.uleb128 0x10
 271 0144 6A030000 		.4byte	.LASF23
 272 0148 02       		.sleb128 2
 273 0149 10       		.uleb128 0x10
 274 014a E6050000 		.4byte	.LASF24
 275 014e 03       		.sleb128 3
 276 014f 10       		.uleb128 0x10
 277 0150 9B030000 		.4byte	.LASF25
 278 0154 04       		.sleb128 4
 279 0155 10       		.uleb128 0x10
 280 0156 40020000 		.4byte	.LASF26
 281 015a 05       		.sleb128 5
 282 015b 10       		.uleb128 0x10
 283 015c 83050000 		.4byte	.LASF27
 284 0160 06       		.sleb128 6
 285 0161 10       		.uleb128 0x10
 286 0162 A5050000 		.4byte	.LASF28
 287 0166 07       		.sleb128 7
 288 0167 10       		.uleb128 0x10
 289 0168 FF010000 		.4byte	.LASF29
 290 016c 08       		.sleb128 8
 291 016d 10       		.uleb128 0x10
 292 016e 2E030000 		.4byte	.LASF30
 293 0172 09       		.sleb128 9
 294 0173 10       		.uleb128 0x10
 295 0174 A5000000 		.4byte	.LASF31
 296 0178 0A       		.sleb128 10
 297 0179 10       		.uleb128 0x10
 298 017a 47050000 		.4byte	.LASF32
 299 017e 0B       		.sleb128 11
 300 017f 10       		.uleb128 0x10
 301 0180 13030000 		.4byte	.LASF33
 302 0184 0C       		.sleb128 12
 303 0185 10       		.uleb128 0x10
ARM GAS  C:\Users\RECEPC~1\AppData\Local\Temp\cc0fFXnP.s 			page 7


 304 0186 7C030000 		.4byte	.LASF34
 305 018a 0D       		.sleb128 13
 306 018b 10       		.uleb128 0x10
 307 018c CA030000 		.4byte	.LASF35
 308 0190 0E       		.sleb128 14
 309 0191 10       		.uleb128 0x10
 310 0192 64040000 		.4byte	.LASF36
 311 0196 0F       		.sleb128 15
 312 0197 10       		.uleb128 0x10
 313 0198 B2020000 		.4byte	.LASF37
 314 019c 10       		.sleb128 16
 315 019d 10       		.uleb128 0x10
 316 019e 53020000 		.4byte	.LASF38
 317 01a2 11       		.sleb128 17
 318 01a3 10       		.uleb128 0x10
 319 01a4 37060000 		.4byte	.LASF39
 320 01a8 12       		.sleb128 18
 321 01a9 10       		.uleb128 0x10
 322 01aa 5F000000 		.4byte	.LASF40
 323 01ae 13       		.sleb128 19
 324 01af 10       		.uleb128 0x10
 325 01b0 6C050000 		.4byte	.LASF41
 326 01b4 14       		.sleb128 20
 327 01b5 10       		.uleb128 0x10
 328 01b6 13050000 		.4byte	.LASF42
 329 01ba 15       		.sleb128 21
 330 01bb 10       		.uleb128 0x10
 331 01bc 13000000 		.4byte	.LASF43
 332 01c0 16       		.sleb128 22
 333 01c1 10       		.uleb128 0x10
 334 01c2 1C020000 		.4byte	.LASF44
 335 01c6 17       		.sleb128 23
 336 01c7 10       		.uleb128 0x10
 337 01c8 F8020000 		.4byte	.LASF45
 338 01cc 18       		.sleb128 24
 339 01cd 10       		.uleb128 0x10
 340 01ce 97050000 		.4byte	.LASF46
 341 01d2 19       		.sleb128 25
 342 01d3 10       		.uleb128 0x10
 343 01d4 90000000 		.4byte	.LASF47
 344 01d8 1A       		.sleb128 26
 345 01d9 10       		.uleb128 0x10
 346 01da 24010000 		.4byte	.LASF48
 347 01de 1B       		.sleb128 27
 348 01df 10       		.uleb128 0x10
 349 01e0 90040000 		.4byte	.LASF49
 350 01e4 1C       		.sleb128 28
 351 01e5 10       		.uleb128 0x10
 352 01e6 B0030000 		.4byte	.LASF50
 353 01ea 1D       		.sleb128 29
 354 01eb 10       		.uleb128 0x10
 355 01ec F9040000 		.4byte	.LASF51
 356 01f0 1E       		.sleb128 30
 357 01f1 10       		.uleb128 0x10
 358 01f2 00000000 		.4byte	.LASF52
 359 01f6 1F       		.sleb128 31
 360 01f7 10       		.uleb128 0x10
ARM GAS  C:\Users\RECEPC~1\AppData\Local\Temp\cc0fFXnP.s 			page 8


 361 01f8 7F000000 		.4byte	.LASF53
 362 01fc 20       		.sleb128 32
 363 01fd 10       		.uleb128 0x10
 364 01fe F5000000 		.4byte	.LASF54
 365 0202 21       		.sleb128 33
 366 0203 10       		.uleb128 0x10
 367 0204 2A020000 		.4byte	.LASF55
 368 0208 22       		.sleb128 34
 369 0209 10       		.uleb128 0x10
 370 020a 01060000 		.4byte	.LASF56
 371 020e 23       		.sleb128 35
 372 020f 10       		.uleb128 0x10
 373 0210 DE000000 		.4byte	.LASF57
 374 0214 24       		.sleb128 36
 375 0215 10       		.uleb128 0x10
 376 0216 6C020000 		.4byte	.LASF58
 377 021a 25       		.sleb128 37
 378 021b 10       		.uleb128 0x10
 379 021c 0E010000 		.4byte	.LASF59
 380 0220 26       		.sleb128 38
 381 0221 10       		.uleb128 0x10
 382 0222 48000000 		.4byte	.LASF60
 383 0226 27       		.sleb128 39
 384 0227 10       		.uleb128 0x10
 385 0228 2F050000 		.4byte	.LASF61
 386 022c 28       		.sleb128 40
 387 022d 10       		.uleb128 0x10
 388 022e 1E060000 		.4byte	.LASF62
 389 0232 29       		.sleb128 41
 390 0233 10       		.uleb128 0x10
 391 0234 21000000 		.4byte	.LASF63
 392 0238 2A       		.sleb128 42
 393 0239 10       		.uleb128 0x10
 394 023a E8040000 		.4byte	.LASF64
 395 023e 2B       		.sleb128 43
 396 023f 00       		.byte	0
 397 0240 11       		.uleb128 0x11
 398 0241 39010000 		.4byte	.LASF74
 399 0245 01       		.byte	0x1
 400 0246 18       		.byte	0x18
 401 0247 00000000 		.4byte	.LFB63
 402 024b 5C000000 		.4byte	.LFE63-.LFB63
 403 024f 01       		.uleb128 0x1
 404 0250 9C       		.byte	0x9c
 405 0251 7C020000 		.4byte	0x27c
 406 0255 12       		.uleb128 0x12
 407 0256 F3010000 		.4byte	.LASF65
 408 025a 01       		.byte	0x1
 409 025b 1A       		.byte	0x1a
 410 025c 20010000 		.4byte	0x120
 411 0260 02       		.uleb128 0x2
 412 0261 91       		.byte	0x91
 413 0262 74       		.sleb128 -12
 414 0263 13       		.uleb128 0x13
 415 0264 12000000 		.4byte	.LBB2
 416 0268 3C000000 		.4byte	.LBE2-.LBB2
 417 026c 12       		.uleb128 0x12
ARM GAS  C:\Users\RECEPC~1\AppData\Local\Temp\cc0fFXnP.s 			page 9


 418 026d D8000000 		.4byte	.LASF66
 419 0271 01       		.byte	0x1
 420 0272 1D       		.byte	0x1d
 421 0273 81000000 		.4byte	0x81
 422 0277 02       		.uleb128 0x2
 423 0278 91       		.byte	0x91
 424 0279 73       		.sleb128 -13
 425 027a 00       		.byte	0
 426 027b 00       		.byte	0
 427 027c 14       		.uleb128 0x14
 428 027d D9050000 		.4byte	.LASF67
 429 0281 06       		.byte	0x6
 430 0282 5506     		.2byte	0x655
 431 0284 88020000 		.4byte	0x288
 432 0288 06       		.uleb128 0x6
 433 0289 76000000 		.4byte	0x76
 434 028d 15       		.uleb128 0x15
 435 028e 5C030000 		.4byte	.LASF68
 436 0292 07       		.byte	0x7
 437 0293 52       		.byte	0x52
 438 0294 81000000 		.4byte	0x81
 439 0298 05       		.uleb128 0x5
 440 0299 03       		.byte	0x3
 441 029a 00000000 		.4byte	HoseDispenser
 442 029e 00       		.byte	0
 443              		.section	.debug_abbrev,"",%progbits
 444              	.Ldebug_abbrev0:
 445 0000 01       		.uleb128 0x1
 446 0001 11       		.uleb128 0x11
 447 0002 01       		.byte	0x1
 448 0003 25       		.uleb128 0x25
 449 0004 0E       		.uleb128 0xe
 450 0005 13       		.uleb128 0x13
 451 0006 0B       		.uleb128 0xb
 452 0007 03       		.uleb128 0x3
 453 0008 0E       		.uleb128 0xe
 454 0009 1B       		.uleb128 0x1b
 455 000a 0E       		.uleb128 0xe
 456 000b 55       		.uleb128 0x55
 457 000c 17       		.uleb128 0x17
 458 000d 11       		.uleb128 0x11
 459 000e 01       		.uleb128 0x1
 460 000f 10       		.uleb128 0x10
 461 0010 17       		.uleb128 0x17
 462 0011 00       		.byte	0
 463 0012 00       		.byte	0
 464 0013 02       		.uleb128 0x2
 465 0014 24       		.uleb128 0x24
 466 0015 00       		.byte	0
 467 0016 0B       		.uleb128 0xb
 468 0017 0B       		.uleb128 0xb
 469 0018 3E       		.uleb128 0x3e
 470 0019 0B       		.uleb128 0xb
 471 001a 03       		.uleb128 0x3
 472 001b 0E       		.uleb128 0xe
 473 001c 00       		.byte	0
 474 001d 00       		.byte	0
ARM GAS  C:\Users\RECEPC~1\AppData\Local\Temp\cc0fFXnP.s 			page 10


 475 001e 03       		.uleb128 0x3
 476 001f 16       		.uleb128 0x16
 477 0020 00       		.byte	0
 478 0021 03       		.uleb128 0x3
 479 0022 0E       		.uleb128 0xe
 480 0023 3A       		.uleb128 0x3a
 481 0024 0B       		.uleb128 0xb
 482 0025 3B       		.uleb128 0x3b
 483 0026 0B       		.uleb128 0xb
 484 0027 49       		.uleb128 0x49
 485 0028 13       		.uleb128 0x13
 486 0029 00       		.byte	0
 487 002a 00       		.byte	0
 488 002b 04       		.uleb128 0x4
 489 002c 24       		.uleb128 0x24
 490 002d 00       		.byte	0
 491 002e 0B       		.uleb128 0xb
 492 002f 0B       		.uleb128 0xb
 493 0030 3E       		.uleb128 0x3e
 494 0031 0B       		.uleb128 0xb
 495 0032 03       		.uleb128 0x3
 496 0033 08       		.uleb128 0x8
 497 0034 00       		.byte	0
 498 0035 00       		.byte	0
 499 0036 05       		.uleb128 0x5
 500 0037 16       		.uleb128 0x16
 501 0038 00       		.byte	0
 502 0039 03       		.uleb128 0x3
 503 003a 0E       		.uleb128 0xe
 504 003b 3A       		.uleb128 0x3a
 505 003c 0B       		.uleb128 0xb
 506 003d 3B       		.uleb128 0x3b
 507 003e 05       		.uleb128 0x5
 508 003f 49       		.uleb128 0x49
 509 0040 13       		.uleb128 0x13
 510 0041 00       		.byte	0
 511 0042 00       		.byte	0
 512 0043 06       		.uleb128 0x6
 513 0044 35       		.uleb128 0x35
 514 0045 00       		.byte	0
 515 0046 49       		.uleb128 0x49
 516 0047 13       		.uleb128 0x13
 517 0048 00       		.byte	0
 518 0049 00       		.byte	0
 519 004a 07       		.uleb128 0x7
 520 004b 0F       		.uleb128 0xf
 521 004c 00       		.byte	0
 522 004d 0B       		.uleb128 0xb
 523 004e 0B       		.uleb128 0xb
 524 004f 00       		.byte	0
 525 0050 00       		.byte	0
 526 0051 08       		.uleb128 0x8
 527 0052 15       		.uleb128 0x15
 528 0053 01       		.byte	0x1
 529 0054 27       		.uleb128 0x27
 530 0055 19       		.uleb128 0x19
 531 0056 01       		.uleb128 0x1
ARM GAS  C:\Users\RECEPC~1\AppData\Local\Temp\cc0fFXnP.s 			page 11


 532 0057 13       		.uleb128 0x13
 533 0058 00       		.byte	0
 534 0059 00       		.byte	0
 535 005a 09       		.uleb128 0x9
 536 005b 05       		.uleb128 0x5
 537 005c 00       		.byte	0
 538 005d 49       		.uleb128 0x49
 539 005e 13       		.uleb128 0x13
 540 005f 00       		.byte	0
 541 0060 00       		.byte	0
 542 0061 0A       		.uleb128 0xa
 543 0062 0F       		.uleb128 0xf
 544 0063 00       		.byte	0
 545 0064 0B       		.uleb128 0xb
 546 0065 0B       		.uleb128 0xb
 547 0066 49       		.uleb128 0x49
 548 0067 13       		.uleb128 0x13
 549 0068 00       		.byte	0
 550 0069 00       		.byte	0
 551 006a 0B       		.uleb128 0xb
 552 006b 13       		.uleb128 0x13
 553 006c 01       		.byte	0x1
 554 006d 03       		.uleb128 0x3
 555 006e 0E       		.uleb128 0xe
 556 006f 0B       		.uleb128 0xb
 557 0070 0B       		.uleb128 0xb
 558 0071 3A       		.uleb128 0x3a
 559 0072 0B       		.uleb128 0xb
 560 0073 3B       		.uleb128 0x3b
 561 0074 0B       		.uleb128 0xb
 562 0075 01       		.uleb128 0x1
 563 0076 13       		.uleb128 0x13
 564 0077 00       		.byte	0
 565 0078 00       		.byte	0
 566 0079 0C       		.uleb128 0xc
 567 007a 0D       		.uleb128 0xd
 568 007b 00       		.byte	0
 569 007c 03       		.uleb128 0x3
 570 007d 0E       		.uleb128 0xe
 571 007e 3A       		.uleb128 0x3a
 572 007f 0B       		.uleb128 0xb
 573 0080 3B       		.uleb128 0x3b
 574 0081 0B       		.uleb128 0xb
 575 0082 49       		.uleb128 0x49
 576 0083 13       		.uleb128 0x13
 577 0084 38       		.uleb128 0x38
 578 0085 0B       		.uleb128 0xb
 579 0086 00       		.byte	0
 580 0087 00       		.byte	0
 581 0088 0D       		.uleb128 0xd
 582 0089 01       		.uleb128 0x1
 583 008a 01       		.byte	0x1
 584 008b 49       		.uleb128 0x49
 585 008c 13       		.uleb128 0x13
 586 008d 01       		.uleb128 0x1
 587 008e 13       		.uleb128 0x13
 588 008f 00       		.byte	0
ARM GAS  C:\Users\RECEPC~1\AppData\Local\Temp\cc0fFXnP.s 			page 12


 589 0090 00       		.byte	0
 590 0091 0E       		.uleb128 0xe
 591 0092 21       		.uleb128 0x21
 592 0093 00       		.byte	0
 593 0094 49       		.uleb128 0x49
 594 0095 13       		.uleb128 0x13
 595 0096 2F       		.uleb128 0x2f
 596 0097 0B       		.uleb128 0xb
 597 0098 00       		.byte	0
 598 0099 00       		.byte	0
 599 009a 0F       		.uleb128 0xf
 600 009b 04       		.uleb128 0x4
 601 009c 01       		.byte	0x1
 602 009d 03       		.uleb128 0x3
 603 009e 0E       		.uleb128 0xe
 604 009f 0B       		.uleb128 0xb
 605 00a0 0B       		.uleb128 0xb
 606 00a1 3A       		.uleb128 0x3a
 607 00a2 0B       		.uleb128 0xb
 608 00a3 3B       		.uleb128 0x3b
 609 00a4 0B       		.uleb128 0xb
 610 00a5 01       		.uleb128 0x1
 611 00a6 13       		.uleb128 0x13
 612 00a7 00       		.byte	0
 613 00a8 00       		.byte	0
 614 00a9 10       		.uleb128 0x10
 615 00aa 28       		.uleb128 0x28
 616 00ab 00       		.byte	0
 617 00ac 03       		.uleb128 0x3
 618 00ad 0E       		.uleb128 0xe
 619 00ae 1C       		.uleb128 0x1c
 620 00af 0D       		.uleb128 0xd
 621 00b0 00       		.byte	0
 622 00b1 00       		.byte	0
 623 00b2 11       		.uleb128 0x11
 624 00b3 2E       		.uleb128 0x2e
 625 00b4 01       		.byte	0x1
 626 00b5 3F       		.uleb128 0x3f
 627 00b6 19       		.uleb128 0x19
 628 00b7 03       		.uleb128 0x3
 629 00b8 0E       		.uleb128 0xe
 630 00b9 3A       		.uleb128 0x3a
 631 00ba 0B       		.uleb128 0xb
 632 00bb 3B       		.uleb128 0x3b
 633 00bc 0B       		.uleb128 0xb
 634 00bd 11       		.uleb128 0x11
 635 00be 01       		.uleb128 0x1
 636 00bf 12       		.uleb128 0x12
 637 00c0 06       		.uleb128 0x6
 638 00c1 40       		.uleb128 0x40
 639 00c2 18       		.uleb128 0x18
 640 00c3 9642     		.uleb128 0x2116
 641 00c5 19       		.uleb128 0x19
 642 00c6 01       		.uleb128 0x1
 643 00c7 13       		.uleb128 0x13
 644 00c8 00       		.byte	0
 645 00c9 00       		.byte	0
ARM GAS  C:\Users\RECEPC~1\AppData\Local\Temp\cc0fFXnP.s 			page 13


 646 00ca 12       		.uleb128 0x12
 647 00cb 34       		.uleb128 0x34
 648 00cc 00       		.byte	0
 649 00cd 03       		.uleb128 0x3
 650 00ce 0E       		.uleb128 0xe
 651 00cf 3A       		.uleb128 0x3a
 652 00d0 0B       		.uleb128 0xb
 653 00d1 3B       		.uleb128 0x3b
 654 00d2 0B       		.uleb128 0xb
 655 00d3 49       		.uleb128 0x49
 656 00d4 13       		.uleb128 0x13
 657 00d5 02       		.uleb128 0x2
 658 00d6 18       		.uleb128 0x18
 659 00d7 00       		.byte	0
 660 00d8 00       		.byte	0
 661 00d9 13       		.uleb128 0x13
 662 00da 0B       		.uleb128 0xb
 663 00db 01       		.byte	0x1
 664 00dc 11       		.uleb128 0x11
 665 00dd 01       		.uleb128 0x1
 666 00de 12       		.uleb128 0x12
 667 00df 06       		.uleb128 0x6
 668 00e0 00       		.byte	0
 669 00e1 00       		.byte	0
 670 00e2 14       		.uleb128 0x14
 671 00e3 34       		.uleb128 0x34
 672 00e4 00       		.byte	0
 673 00e5 03       		.uleb128 0x3
 674 00e6 0E       		.uleb128 0xe
 675 00e7 3A       		.uleb128 0x3a
 676 00e8 0B       		.uleb128 0xb
 677 00e9 3B       		.uleb128 0x3b
 678 00ea 05       		.uleb128 0x5
 679 00eb 49       		.uleb128 0x49
 680 00ec 13       		.uleb128 0x13
 681 00ed 3F       		.uleb128 0x3f
 682 00ee 19       		.uleb128 0x19
 683 00ef 3C       		.uleb128 0x3c
 684 00f0 19       		.uleb128 0x19
 685 00f1 00       		.byte	0
 686 00f2 00       		.byte	0
 687 00f3 15       		.uleb128 0x15
 688 00f4 34       		.uleb128 0x34
 689 00f5 00       		.byte	0
 690 00f6 03       		.uleb128 0x3
 691 00f7 0E       		.uleb128 0xe
 692 00f8 3A       		.uleb128 0x3a
 693 00f9 0B       		.uleb128 0xb
 694 00fa 3B       		.uleb128 0x3b
 695 00fb 0B       		.uleb128 0xb
 696 00fc 49       		.uleb128 0x49
 697 00fd 13       		.uleb128 0x13
 698 00fe 3F       		.uleb128 0x3f
 699 00ff 19       		.uleb128 0x19
 700 0100 02       		.uleb128 0x2
 701 0101 18       		.uleb128 0x18
 702 0102 00       		.byte	0
ARM GAS  C:\Users\RECEPC~1\AppData\Local\Temp\cc0fFXnP.s 			page 14


 703 0103 00       		.byte	0
 704 0104 00       		.byte	0
 705              		.section	.debug_aranges,"",%progbits
 706 0000 1C000000 		.4byte	0x1c
 707 0004 0200     		.2byte	0x2
 708 0006 00000000 		.4byte	.Ldebug_info0
 709 000a 04       		.byte	0x4
 710 000b 00       		.byte	0
 711 000c 0000     		.2byte	0
 712 000e 0000     		.2byte	0
 713 0010 00000000 		.4byte	.LFB63
 714 0014 5C000000 		.4byte	.LFE63-.LFB63
 715 0018 00000000 		.4byte	0
 716 001c 00000000 		.4byte	0
 717              		.section	.debug_ranges,"",%progbits
 718              	.Ldebug_ranges0:
 719 0000 00000000 		.4byte	.LFB63
 720 0004 5C000000 		.4byte	.LFE63
 721 0008 00000000 		.4byte	0
 722 000c 00000000 		.4byte	0
 723              		.section	.debug_line,"",%progbits
 724              	.Ldebug_line0:
 725 0000 B0010000 		.section	.debug_str,"MS",%progbits,1
 725      02009301 
 725      00000201 
 725      FB0E0D00 
 725      01010101 
 726              	.LASF52:
 727 0000 44495350 		.ascii	"DISPLAY1_RECEPTION\000"
 727      4C415931 
 727      5F524543 
 727      45505449 
 727      4F4E00
 728              	.LASF43:
 729 0013 5052494E 		.ascii	"PRINTER11_JOB\000"
 729      54455231 
 729      315F4A4F 
 729      4200
 730              	.LASF63:
 731 0021 544F4747 		.ascii	"TOGGLE_SCREEN_AND_WRITE_TEST\000"
 731      4C455F53 
 731      43524545 
 731      4E5F414E 
 731      445F5752 
 732              	.LASF2:
 733 003e 73686F72 		.ascii	"short int\000"
 733      7420696E 
 733      7400
 734              	.LASF60:
 735 0048 49425554 		.ascii	"IBUTTON1_SCAN\000"
 735      544F4E31 
 735      5F534341 
 735      4E00
 736              	.LASF15:
 737 0056 73697A65 		.ascii	"sizetype\000"
 737      74797065 
 737      00
ARM GAS  C:\Users\RECEPC~1\AppData\Local\Temp\cc0fFXnP.s 			page 15


 738              	.LASF40:
 739 005f 44495350 		.ascii	"DISPENSER_ACQUIRE_TOTALS\000"
 739      454E5345 
 739      525F4143 
 739      51554952 
 739      455F544F 
 740              	.LASF18:
 741 0078 5F737461 		.ascii	"_state\000"
 741      746500
 742              	.LASF53:
 743 007f 44495350 		.ascii	"DISPLAY1_MESSAGE\000"
 743      4C415931 
 743      5F4D4553 
 743      53414745 
 743      00
 744              	.LASF47:
 745 0090 5052494E 		.ascii	"PRINTER1_GENERIC_JOB\000"
 745      54455231 
 745      5F47454E 
 745      45524943 
 745      5F4A4F42 
 746              	.LASF31:
 747 00a5 44495350 		.ascii	"DISPENSER_EXECUTE_CASH_TRANSACTION\000"
 747      454E5345 
 747      525F4558 
 747      45435554 
 747      455F4341 
 748              	.LASF70:
 749 00c8 2E5C6942 		.ascii	".\\iButtonSink.c\000"
 749      7574746F 
 749      6E53696E 
 749      6B2E6300 
 750              	.LASF66:
 751 00d8 696E6465 		.ascii	"index\000"
 751      7800
 752              	.LASF57:
 753 00de 44495350 		.ascii	"DISPLAY2_MESSAGE\000"
 753      4C415932 
 753      5F4D4553 
 753      53414745 
 753      00
 754              	.LASF11:
 755 00ef 75696E74 		.ascii	"uint8\000"
 755      3800
 756              	.LASF54:
 757 00f5 44495350 		.ascii	"DISPLAY1_UPDATE_DATETIME\000"
 757      4C415931 
 757      5F555044 
 757      4154455F 
 757      44415445 
 758              	.LASF59:
 759 010e 44495350 		.ascii	"DISPLAY2_ANIMATE_HOME\000"
 759      4C415932 
 759      5F414E49 
 759      4D415445 
 759      5F484F4D 
 760              	.LASF48:
ARM GAS  C:\Users\RECEPC~1\AppData\Local\Temp\cc0fFXnP.s 			page 16


 761 0124 5052494E 		.ascii	"PRINTER2_GENERIC_JOB\000"
 761      54455232 
 761      5F47454E 
 761      45524943 
 761      5F4A4F42 
 762              	.LASF74:
 763 0139 69427574 		.ascii	"iButtonSinkRegistration\000"
 763      746F6E53 
 763      696E6B52 
 763      65676973 
 763      74726174 
 764              	.LASF12:
 765 0151 666C6F61 		.ascii	"float\000"
 765      7400
 766              	.LASF6:
 767 0157 6C6F6E67 		.ascii	"long long int\000"
 767      206C6F6E 
 767      6720696E 
 767      7400
 768              	.LASF69:
 769 0165 474E5520 		.ascii	"GNU C 4.9.3 20150303 (release) [ARM/embedded-4_9-br"
 769      4320342E 
 769      392E3320 
 769      32303135 
 769      30333033 
 770 0198 616E6368 		.ascii	"anch revision 221220] -mcpu=cortex-m3 -mthumb -g -O"
 770      20726576 
 770      6973696F 
 770      6E203232 
 770      31323230 
 771 01cb 30202D66 		.ascii	"0 -ffunction-sections -ffat-lto-objects\000"
 771      66756E63 
 771      74696F6E 
 771      2D736563 
 771      74696F6E 
 772              	.LASF65:
 773 01f3 70737562 		.ascii	"psubscriber\000"
 773      73637269 
 773      62657200 
 774              	.LASF29:
 775 01ff 44495350 		.ascii	"DISPENSER_ACQUIRE_PUMP_STATE\000"
 775      454E5345 
 775      525F4143 
 775      51554952 
 775      455F5055 
 776              	.LASF44:
 777 021c 5052494E 		.ascii	"PRINTER12_JOB\000"
 777      54455231 
 777      325F4A4F 
 777      4200
 778              	.LASF55:
 779 022a 44495350 		.ascii	"DISPLAY1_ANIMATE_HOME\000"
 779      4C415931 
 779      5F414E49 
 779      4D415445 
 779      5F484F4D 
 780              	.LASF26:
ARM GAS  C:\Users\RECEPC~1\AppData\Local\Temp\cc0fFXnP.s 			page 17


 781 0240 53494E4B 		.ascii	"SINK_RELEASE_BY_ID\000"
 781      5F52454C 
 781      45415345 
 781      5F42595F 
 781      494400
 782              	.LASF38:
 783 0253 44495350 		.ascii	"DISPENSER_RESTORE_PRICES\000"
 783      454E5345 
 783      525F5245 
 783      53544F52 
 783      455F5052 
 784              	.LASF58:
 785 026c 44495350 		.ascii	"DISPLAY2_UPDATE_DATETIME\000"
 785      4C415932 
 785      5F555044 
 785      4154455F 
 785      44415445 
 786              	.LASF16:
 787 0285 6C6F6E67 		.ascii	"long double\000"
 787      20646F75 
 787      626C6500 
 788              	.LASF1:
 789 0291 756E7369 		.ascii	"unsigned char\000"
 789      676E6564 
 789      20636861 
 789      7200
 790              	.LASF73:
 791 029f 5F53494E 		.ascii	"_SINK_OBSERVABLES_\000"
 791      4B5F4F42 
 791      53455256 
 791      41424C45 
 791      535F00
 792              	.LASF37:
 793 02b2 44495350 		.ascii	"DISPENSER_CONFIGURE_PRICES\000"
 793      454E5345 
 793      525F434F 
 793      4E464947 
 793      5552455F 
 794              	.LASF0:
 795 02cd 7369676E 		.ascii	"signed char\000"
 795      65642063 
 795      68617200 
 796              	.LASF10:
 797 02d9 696E7433 		.ascii	"int32_t\000"
 797      325F7400 
 798              	.LASF7:
 799 02e1 6C6F6E67 		.ascii	"long long unsigned int\000"
 799      206C6F6E 
 799      6720756E 
 799      7369676E 
 799      65642069 
 800              	.LASF45:
 801 02f8 5052494E 		.ascii	"PRINTER21_JOB\000"
 801      54455232 
 801      315F4A4F 
 801      4200
 802              	.LASF8:
ARM GAS  C:\Users\RECEPC~1\AppData\Local\Temp\cc0fFXnP.s 			page 18


 803 0306 756E7369 		.ascii	"unsigned int\000"
 803      676E6564 
 803      20696E74 
 803      00
 804              	.LASF33:
 805 0313 44495350 		.ascii	"DISPENSER_UNLOCK_EOT_PUMPS\000"
 805      454E5345 
 805      525F554E 
 805      4C4F434B 
 805      5F454F54 
 806              	.LASF30:
 807 032e 44495350 		.ascii	"DISPENSER_ACQUIRE_PUMP_HOSE\000"
 807      454E5345 
 807      525F4143 
 807      51554952 
 807      455F5055 
 808              	.LASF72:
 809 034a 5F53494E 		.ascii	"_SINK_SUBSCRIBER_\000"
 809      4B5F5355 
 809      42534352 
 809      49424552 
 809      5F00
 810              	.LASF68:
 811 035c 486F7365 		.ascii	"HoseDispenser\000"
 811      44697370 
 811      656E7365 
 811      7200
 812              	.LASF23:
 813 036a 55415254 		.ascii	"UART_RF_TEST\000"
 813      5F52465F 
 813      54455354 
 813      00
 814              	.LASF14:
 815 0377 63686172 		.ascii	"char\000"
 815      00
 816              	.LASF34:
 817 037c 44495350 		.ascii	"DISPENSER_LOAD_EEPROM_SETTINGS\000"
 817      454E5345 
 817      525F4C4F 
 817      41445F45 
 817      4550524F 
 818              	.LASF25:
 819 039b 53494E4B 		.ascii	"SINK_UPDATE_COUNTERS\000"
 819      5F555044 
 819      4154455F 
 819      434F554E 
 819      54455253 
 820              	.LASF50:
 821 03b0 5052494E 		.ascii	"PRINTER2_GENERIC_JOB_LOGO\000"
 821      54455232 
 821      5F47454E 
 821      45524943 
 821      5F4A4F42 
 822              	.LASF35:
 823 03ca 44495350 		.ascii	"DISPENSER_ENUMERATE_VISIBLE_PUMPS\000"
 823      454E5345 
 823      525F454E 
ARM GAS  C:\Users\RECEPC~1\AppData\Local\Temp\cc0fFXnP.s 			page 19


 823      554D4552 
 823      4154455F 
 824              	.LASF71:
 825 03ec 433A5C54 		.ascii	"C:\\TeamInsepet\\NSX-Prime\\Hardware\\CorEx-MUX-Ker"
 825      65616D49 
 825      6E736570 
 825      65745C4E 
 825      53582D50 
 826 041b 6E656C2D 		.ascii	"nel-Enhanced\\Workspace01\\CorEx-Mux-Kernel.cydsn\000"
 826      456E6861 
 826      6E636564 
 826      5C576F72 
 826      6B737061 
 827              	.LASF17:
 828 044b 5F426F6F 		.ascii	"_Bool\000"
 828      6C00
 829              	.LASF21:
 830 0451 5053494E 		.ascii	"PSINKSUBSCRIBERPTR\000"
 830      4B535542 
 830      53435249 
 830      42455250 
 830      545200
 831              	.LASF36:
 832 0464 44495350 		.ascii	"DISPENSER_ACQUIRE_CONFIGURATION_INFORMATION\000"
 832      454E5345 
 832      525F4143 
 832      51554952 
 832      455F434F 
 833              	.LASF49:
 834 0490 5052494E 		.ascii	"PRINTER1_GENERIC_JOB_LOGO\000"
 834      54455231 
 834      5F47454E 
 834      45524943 
 834      5F4A4F42 
 835              	.LASF3:
 836 04aa 73686F72 		.ascii	"short unsigned int\000"
 836      7420756E 
 836      7369676E 
 836      65642069 
 836      6E7400
 837              	.LASF22:
 838 04bd 55415254 		.ascii	"UART_RF_RECEPTION\000"
 838      5F52465F 
 838      52454345 
 838      5054494F 
 838      4E00
 839              	.LASF5:
 840 04cf 6C6F6E67 		.ascii	"long unsigned int\000"
 840      20756E73 
 840      69676E65 
 840      6420696E 
 840      7400
 841              	.LASF13:
 842 04e1 646F7562 		.ascii	"double\000"
 842      6C6500
 843              	.LASF64:
 844 04e8 57415443 		.ascii	"WATCHDOG_STARTUP\000"
ARM GAS  C:\Users\RECEPC~1\AppData\Local\Temp\cc0fFXnP.s 			page 20


 844      48444F47 
 844      5F535441 
 844      52545550 
 844      00
 845              	.LASF51:
 846 04f9 44495350 		.ascii	"DISPLAY_UPDATE_PUMP_STATE\000"
 846      4C41595F 
 846      55504441 
 846      54455F50 
 846      554D505F 
 847              	.LASF42:
 848 0513 44495350 		.ascii	"DISPENSER_PUMP_BEEP_WARNING\000"
 848      454E5345 
 848      525F5055 
 848      4D505F42 
 848      4545505F 
 849              	.LASF61:
 850 052f 49425554 		.ascii	"IBUTTON2_SCAN\000"
 850      544F4E32 
 850      5F534341 
 850      4E00
 851              	.LASF9:
 852 053d 5F5F696E 		.ascii	"__int32_t\000"
 852      7433325F 
 852      7400
 853              	.LASF32:
 854 0547 44495350 		.ascii	"DISPENSER_EXECUTE_CREDIT_TRANSACTION\000"
 854      454E5345 
 854      525F4558 
 854      45435554 
 854      455F4352 
 855              	.LASF41:
 856 056c 44495350 		.ascii	"DISPENSER_PUMP_HANDLER\000"
 856      454E5345 
 856      525F5055 
 856      4D505F48 
 856      414E444C 
 857              	.LASF27:
 858 0583 53494E4B 		.ascii	"SINK_RELEASE_BY_PTR\000"
 858      5F52454C 
 858      45415345 
 858      5F42595F 
 858      50545200 
 859              	.LASF46:
 860 0597 5052494E 		.ascii	"PRINTER22_JOB\000"
 860      54455232 
 860      325F4A4F 
 860      4200
 861              	.LASF28:
 862 05a5 44495350 		.ascii	"DISPENSER_UPDATE_PUMP_TRANSACTION_TIMEOUTS\000"
 862      454E5345 
 862      525F5550 
 862      44415445 
 862      5F50554D 
 863              	.LASF4:
 864 05d0 6C6F6E67 		.ascii	"long int\000"
 864      20696E74 
ARM GAS  C:\Users\RECEPC~1\AppData\Local\Temp\cc0fFXnP.s 			page 21


 864      00
 865              	.LASF67:
 866 05d9 49544D5F 		.ascii	"ITM_RxBuffer\000"
 866      52784275 
 866      66666572 
 866      00
 867              	.LASF24:
 868 05e6 55415254 		.ascii	"UART_RF_AUTONOMOUS_MONITOR\000"
 868      5F52465F 
 868      4155544F 
 868      4E4F4D4F 
 868      55535F4D 
 869              	.LASF56:
 870 0601 44495350 		.ascii	"DISPLAY2_RECEPTION\000"
 870      4C415932 
 870      5F524543 
 870      45505449 
 870      4F4E00
 871              	.LASF19:
 872 0614 5F617272 		.ascii	"_arrmsgid\000"
 872      6D736769 
 872      6400
 873              	.LASF62:
 874 061e 474C4F42 		.ascii	"GLOBAL_TICK_NOTIFICATION\000"
 874      414C5F54 
 874      49434B5F 
 874      4E4F5449 
 874      46494341 
 875              	.LASF39:
 876 0637 44495350 		.ascii	"DISPENSER_CONFIGURE_SINGLE_PRICE\000"
 876      454E5345 
 876      525F434F 
 876      4E464947 
 876      5552455F 
 877              	.LASF20:
 878 0658 43616C6C 		.ascii	"Callback\000"
 878      6261636B 
 878      00
 879              		.ident	"GCC: (GNU Tools for ARM Embedded Processors) 4.9.3 20150303 (release) [ARM/embedded-4_9-br
