ARM GAS  C:\Users\RECEPC~1\AppData\Local\Temp\ccAcinmb.s 			page 1


   1              		.syntax unified
   2              		.cpu cortex-m3
   3              		.fpu softvfp
   4              		.eabi_attribute 20, 1
   5              		.eabi_attribute 21, 1
   6              		.eabi_attribute 23, 3
   7              		.eabi_attribute 24, 1
   8              		.eabi_attribute 25, 1
   9              		.eabi_attribute 26, 1
  10              		.eabi_attribute 30, 6
  11              		.eabi_attribute 34, 1
  12              		.eabi_attribute 18, 4
  13              		.thumb
  14              		.file	"iButtonProtocol.c"
  15              		.text
  16              	.Ltext0:
  17              		.cfi_sections	.debug_frame
  18              		.comm	HoseDispenser,1,1
  19              		.section	.text.iButtonResetPresenceSequence,"ax",%progbits
  20              		.align	2
  21              		.global	iButtonResetPresenceSequence
  22              		.thumb
  23              		.thumb_func
  24              		.type	iButtonResetPresenceSequence, %function
  25              	iButtonResetPresenceSequence:
  26              	.LFB63:
  27              		.file 1 ".\\iButtonProtocol.c"
   1:.\iButtonProtocol.c **** /* ========================================
   2:.\iButtonProtocol.c ****  *
   3:.\iButtonProtocol.c ****  * Copyright INSEPET SISTEMAS, 2016
   4:.\iButtonProtocol.c ****  * All Rights Reserved
   5:.\iButtonProtocol.c ****  * UNPUBLISHED, LICENSED SOFTWARE.
   6:.\iButtonProtocol.c ****  *
   7:.\iButtonProtocol.c ****  * CONFIDENTIAL AND PROPRIETARY INFORMATION
   8:.\iButtonProtocol.c ****  * WHICH IS THE PROPERTY OF your company.
   9:.\iButtonProtocol.c ****  *
  10:.\iButtonProtocol.c ****  * ========================================
  11:.\iButtonProtocol.c **** @Created By: HIJH
  12:.\iButtonProtocol.c **** @Date: Septembre de 2016
  13:.\iButtonProtocol.c **** 
  14:.\iButtonProtocol.c **** This is the implementation of the 1-Wire protocol for the iButton communication
  15:.\iButtonProtocol.c **** 
  16:.\iButtonProtocol.c **** */
  17:.\iButtonProtocol.c **** #include <project.h>
  18:.\iButtonProtocol.c **** #include "SinkManager.h"
  19:.\iButtonProtocol.c **** #include "SinkObservables.h"
  20:.\iButtonProtocol.c **** #include "GlobalDefinitions.h"
  21:.\iButtonProtocol.c **** #include "iButton.h"
  22:.\iButtonProtocol.c **** 
  23:.\iButtonProtocol.c **** bool iButtonResetPresenceSequence(uint8 port)
  24:.\iButtonProtocol.c **** {
  28              		.loc 1 24 0
  29              		.cfi_startproc
  30              		@ args = 0, pretend = 0, frame = 16
  31              		@ frame_needed = 1, uses_anonymous_args = 0
  32 0000 80B5     		push	{r7, lr}
  33              		.cfi_def_cfa_offset 8
ARM GAS  C:\Users\RECEPC~1\AppData\Local\Temp\ccAcinmb.s 			page 2


  34              		.cfi_offset 7, -8
  35              		.cfi_offset 14, -4
  36 0002 84B0     		sub	sp, sp, #16
  37              		.cfi_def_cfa_offset 24
  38 0004 00AF     		add	r7, sp, #0
  39              		.cfi_def_cfa_register 7
  40 0006 0346     		mov	r3, r0
  41 0008 FB71     		strb	r3, [r7, #7]
  25:.\iButtonProtocol.c ****     bool retval = false;
  42              		.loc 1 25 0
  43 000a 0023     		movs	r3, #0
  44 000c FB73     		strb	r3, [r7, #15]
  26:.\iButtonProtocol.c ****     switch(port)
  45              		.loc 1 26 0
  46 000e FB79     		ldrb	r3, [r7, #7]	@ zero_extendqisi2
  47 0010 012B     		cmp	r3, #1
  48 0012 02D0     		beq	.L3
  49 0014 022B     		cmp	r3, #2
  50 0016 16D0     		beq	.L4
  51 0018 2BE0     		b	.L2
  52              	.L3:
  27:.\iButtonProtocol.c ****     {
  28:.\iButtonProtocol.c ****         case _IBUTTON_PORT1_:
  29:.\iButtonProtocol.c ****         {
  30:.\iButtonProtocol.c ****             iButton1_Write(LOW);
  53              		.loc 1 30 0
  54 001a 0020     		movs	r0, #0
  55 001c FFF7FEFF 		bl	iButton1_Write
  31:.\iButtonProtocol.c ****             _1WIRE_WAIT_RSTL;
  56              		.loc 1 31 0
  57 0020 4FF4FA70 		mov	r0, #500
  58 0024 FFF7FEFF 		bl	CyDelayUs
  32:.\iButtonProtocol.c ****             iButton1_Write(HIGH);
  59              		.loc 1 32 0
  60 0028 0120     		movs	r0, #1
  61 002a FFF7FEFF 		bl	iButton1_Write
  33:.\iButtonProtocol.c ****             _1WIRE_WAIT_PDL;
  62              		.loc 1 33 0
  63 002e 4620     		movs	r0, #70
  64 0030 FFF7FEFF 		bl	CyDelayUs
  34:.\iButtonProtocol.c ****             retval = !iButton1_Read(); //Ack/Nack
  65              		.loc 1 34 0
  66 0034 FFF7FEFF 		bl	iButton1_Read
  67 0038 0346     		mov	r3, r0
  68 003a 002B     		cmp	r3, #0
  69 003c 0CBF     		ite	eq
  70 003e 0123     		moveq	r3, #1
  71 0040 0023     		movne	r3, #0
  72 0042 FB73     		strb	r3, [r7, #15]
  35:.\iButtonProtocol.c ****             break;
  73              		.loc 1 35 0
  74 0044 15E0     		b	.L2
  75              	.L4:
  36:.\iButtonProtocol.c ****         }
  37:.\iButtonProtocol.c ****         case _IBUTTON_PORT2_:
  38:.\iButtonProtocol.c ****         {
  39:.\iButtonProtocol.c ****             iButton2_Write(LOW);
ARM GAS  C:\Users\RECEPC~1\AppData\Local\Temp\ccAcinmb.s 			page 3


  76              		.loc 1 39 0
  77 0046 0020     		movs	r0, #0
  78 0048 FFF7FEFF 		bl	iButton2_Write
  40:.\iButtonProtocol.c ****             _1WIRE_WAIT_RSTL;
  79              		.loc 1 40 0
  80 004c 4FF4FA70 		mov	r0, #500
  81 0050 FFF7FEFF 		bl	CyDelayUs
  41:.\iButtonProtocol.c ****             iButton2_Write(HIGH);
  82              		.loc 1 41 0
  83 0054 0120     		movs	r0, #1
  84 0056 FFF7FEFF 		bl	iButton2_Write
  42:.\iButtonProtocol.c ****             _1WIRE_WAIT_PDL;
  85              		.loc 1 42 0
  86 005a 4620     		movs	r0, #70
  87 005c FFF7FEFF 		bl	CyDelayUs
  43:.\iButtonProtocol.c ****             retval = !iButton2_Read(); //Ack/Nack
  88              		.loc 1 43 0
  89 0060 FFF7FEFF 		bl	iButton2_Read
  90 0064 0346     		mov	r3, r0
  91 0066 002B     		cmp	r3, #0
  92 0068 0CBF     		ite	eq
  93 006a 0123     		moveq	r3, #1
  94 006c 0023     		movne	r3, #0
  95 006e FB73     		strb	r3, [r7, #15]
  44:.\iButtonProtocol.c ****             break;
  96              		.loc 1 44 0
  97 0070 00BF     		nop
  98              	.L2:
  45:.\iButtonProtocol.c ****         }
  46:.\iButtonProtocol.c ****     }
  47:.\iButtonProtocol.c ****     _1WIRE_RESET_WAIT_TIME_SLOT;
  99              		.loc 1 47 0
 100 0072 6420     		movs	r0, #100
 101 0074 FFF7FEFF 		bl	CyDelayUs
  48:.\iButtonProtocol.c ****     return retval;
 102              		.loc 1 48 0
 103 0078 FB7B     		ldrb	r3, [r7, #15]	@ zero_extendqisi2
  49:.\iButtonProtocol.c **** }
 104              		.loc 1 49 0
 105 007a 1846     		mov	r0, r3
 106 007c 1037     		adds	r7, r7, #16
 107              		.cfi_def_cfa_offset 8
 108 007e BD46     		mov	sp, r7
 109              		.cfi_def_cfa_register 13
 110              		@ sp needed
 111 0080 80BD     		pop	{r7, pc}
 112              		.cfi_endproc
 113              	.LFE63:
 114              		.size	iButtonResetPresenceSequence, .-iButtonResetPresenceSequence
 115 0082 00BF     		.section	.text.iButtonRead,"ax",%progbits
 116              		.align	2
 117              		.global	iButtonRead
 118              		.thumb
 119              		.thumb_func
 120              		.type	iButtonRead, %function
 121              	iButtonRead:
 122              	.LFB64:
ARM GAS  C:\Users\RECEPC~1\AppData\Local\Temp\ccAcinmb.s 			page 4


  50:.\iButtonProtocol.c **** 
  51:.\iButtonProtocol.c **** uint8 iButtonRead(uint8 port)
  52:.\iButtonProtocol.c **** {
 123              		.loc 1 52 0
 124              		.cfi_startproc
 125              		@ args = 0, pretend = 0, frame = 16
 126              		@ frame_needed = 1, uses_anonymous_args = 0
 127 0000 80B5     		push	{r7, lr}
 128              		.cfi_def_cfa_offset 8
 129              		.cfi_offset 7, -8
 130              		.cfi_offset 14, -4
 131 0002 84B0     		sub	sp, sp, #16
 132              		.cfi_def_cfa_offset 24
 133 0004 00AF     		add	r7, sp, #0
 134              		.cfi_def_cfa_register 7
 135 0006 0346     		mov	r3, r0
 136 0008 FB71     		strb	r3, [r7, #7]
  53:.\iButtonProtocol.c ****     uint8 retval = 0x00;
 137              		.loc 1 53 0
 138 000a 0023     		movs	r3, #0
 139 000c FB73     		strb	r3, [r7, #15]
  54:.\iButtonProtocol.c ****     switch(port)
 140              		.loc 1 54 0
 141 000e FB79     		ldrb	r3, [r7, #7]	@ zero_extendqisi2
 142 0010 012B     		cmp	r3, #1
 143 0012 02D0     		beq	.L8
 144 0014 022B     		cmp	r3, #2
 145 0016 26D0     		beq	.L9
 146 0018 4BE0     		b	.L7
 147              	.L8:
 148              	.LBB2:
  55:.\iButtonProtocol.c ****     {
  56:.\iButtonProtocol.c ****         case _IBUTTON_PORT1_:
  57:.\iButtonProtocol.c ****         {
  58:.\iButtonProtocol.c ****             FOR(uint8 index = 0, index < 8, index++)
 149              		.loc 1 58 0
 150 001a 0023     		movs	r3, #0
 151 001c BB73     		strb	r3, [r7, #14]
 152 001e 1EE0     		b	.L10
 153              	.L11:
 154              	.LBB3:
  59:.\iButtonProtocol.c ****             {
  60:.\iButtonProtocol.c ****                 iButton1_Write(LOW);
 155              		.loc 1 60 0 discriminator 3
 156 0020 0020     		movs	r0, #0
 157 0022 FFF7FEFF 		bl	iButton1_Write
  61:.\iButtonProtocol.c ****                 _1WIRE_RL1_TIME;
 158              		.loc 1 61 0 discriminator 3
 159 0026 0620     		movs	r0, #6
 160 0028 FFF7FEFF 		bl	CyDelayUs
  62:.\iButtonProtocol.c ****                 iButton1_Write(HIGH);
 161              		.loc 1 62 0 discriminator 3
 162 002c 0120     		movs	r0, #1
 163 002e FFF7FEFF 		bl	iButton1_Write
  63:.\iButtonProtocol.c ****                 _1WIRE_MSR0_TIME;
 164              		.loc 1 63 0 discriminator 3
 165 0032 0920     		movs	r0, #9
ARM GAS  C:\Users\RECEPC~1\AppData\Local\Temp\ccAcinmb.s 			page 5


 166 0034 FFF7FEFF 		bl	CyDelayUs
  64:.\iButtonProtocol.c ****                 uint8 bitdata = iButton1_Read();
 167              		.loc 1 64 0 discriminator 3
 168 0038 FFF7FEFF 		bl	iButton1_Read
 169 003c 0346     		mov	r3, r0
 170 003e 3B73     		strb	r3, [r7, #12]
  65:.\iButtonProtocol.c ****                 retval |= (bitdata << index);
 171              		.loc 1 65 0 discriminator 3
 172 0040 3A7B     		ldrb	r2, [r7, #12]	@ zero_extendqisi2
 173 0042 BB7B     		ldrb	r3, [r7, #14]	@ zero_extendqisi2
 174 0044 02FA03F3 		lsl	r3, r2, r3
 175 0048 DAB2     		uxtb	r2, r3
 176 004a FB7B     		ldrb	r3, [r7, #15]	@ zero_extendqisi2
 177 004c 1343     		orrs	r3, r3, r2
 178 004e DBB2     		uxtb	r3, r3
 179 0050 FB73     		strb	r3, [r7, #15]
  66:.\iButtonProtocol.c ****                 _1WIRE_WAIT_TIME_SLOT;
 180              		.loc 1 66 0 discriminator 3
 181 0052 3720     		movs	r0, #55
 182 0054 FFF7FEFF 		bl	CyDelayUs
 183              	.LBE3:
  58:.\iButtonProtocol.c ****             {
 184              		.loc 1 58 0 discriminator 3
 185 0058 BB7B     		ldrb	r3, [r7, #14]	@ zero_extendqisi2
 186 005a 0133     		adds	r3, r3, #1
 187 005c BB73     		strb	r3, [r7, #14]
 188              	.L10:
  58:.\iButtonProtocol.c ****             {
 189              		.loc 1 58 0 is_stmt 0 discriminator 1
 190 005e BB7B     		ldrb	r3, [r7, #14]	@ zero_extendqisi2
 191 0060 072B     		cmp	r3, #7
 192 0062 DDD9     		bls	.L11
  67:.\iButtonProtocol.c ****             }
  68:.\iButtonProtocol.c ****             break;
 193              		.loc 1 68 0 is_stmt 1
 194 0064 25E0     		b	.L7
 195              	.L9:
 196              	.LBE2:
 197              	.LBB4:
  69:.\iButtonProtocol.c ****         }
  70:.\iButtonProtocol.c ****         case _IBUTTON_PORT2_:
  71:.\iButtonProtocol.c ****         {
  72:.\iButtonProtocol.c ****             FOR(uint8 index = 0, index < 8, index++)
 198              		.loc 1 72 0
 199 0066 0023     		movs	r3, #0
 200 0068 7B73     		strb	r3, [r7, #13]
 201 006a 1EE0     		b	.L12
 202              	.L13:
 203              	.LBB5:
  73:.\iButtonProtocol.c ****             {
  74:.\iButtonProtocol.c ****                 iButton2_Write(LOW);
 204              		.loc 1 74 0 discriminator 3
 205 006c 0020     		movs	r0, #0
 206 006e FFF7FEFF 		bl	iButton2_Write
  75:.\iButtonProtocol.c ****                 _1WIRE_RL1_TIME;
 207              		.loc 1 75 0 discriminator 3
 208 0072 0620     		movs	r0, #6
ARM GAS  C:\Users\RECEPC~1\AppData\Local\Temp\ccAcinmb.s 			page 6


 209 0074 FFF7FEFF 		bl	CyDelayUs
  76:.\iButtonProtocol.c ****                 iButton2_Write(HIGH);
 210              		.loc 1 76 0 discriminator 3
 211 0078 0120     		movs	r0, #1
 212 007a FFF7FEFF 		bl	iButton2_Write
  77:.\iButtonProtocol.c ****                 _1WIRE_MSR0_TIME;
 213              		.loc 1 77 0 discriminator 3
 214 007e 0920     		movs	r0, #9
 215 0080 FFF7FEFF 		bl	CyDelayUs
  78:.\iButtonProtocol.c ****                 uint8 bitdata = iButton2_Read();
 216              		.loc 1 78 0 discriminator 3
 217 0084 FFF7FEFF 		bl	iButton2_Read
 218 0088 0346     		mov	r3, r0
 219 008a FB72     		strb	r3, [r7, #11]
  79:.\iButtonProtocol.c ****                 retval |= (bitdata << index);
 220              		.loc 1 79 0 discriminator 3
 221 008c FA7A     		ldrb	r2, [r7, #11]	@ zero_extendqisi2
 222 008e 7B7B     		ldrb	r3, [r7, #13]	@ zero_extendqisi2
 223 0090 02FA03F3 		lsl	r3, r2, r3
 224 0094 DAB2     		uxtb	r2, r3
 225 0096 FB7B     		ldrb	r3, [r7, #15]	@ zero_extendqisi2
 226 0098 1343     		orrs	r3, r3, r2
 227 009a DBB2     		uxtb	r3, r3
 228 009c FB73     		strb	r3, [r7, #15]
  80:.\iButtonProtocol.c ****                 _1WIRE_WAIT_TIME_SLOT;
 229              		.loc 1 80 0 discriminator 3
 230 009e 3720     		movs	r0, #55
 231 00a0 FFF7FEFF 		bl	CyDelayUs
 232              	.LBE5:
  72:.\iButtonProtocol.c ****             {
 233              		.loc 1 72 0 discriminator 3
 234 00a4 7B7B     		ldrb	r3, [r7, #13]	@ zero_extendqisi2
 235 00a6 0133     		adds	r3, r3, #1
 236 00a8 7B73     		strb	r3, [r7, #13]
 237              	.L12:
  72:.\iButtonProtocol.c ****             {
 238              		.loc 1 72 0 is_stmt 0 discriminator 1
 239 00aa 7B7B     		ldrb	r3, [r7, #13]	@ zero_extendqisi2
 240 00ac 072B     		cmp	r3, #7
 241 00ae DDD9     		bls	.L13
  81:.\iButtonProtocol.c ****             }
  82:.\iButtonProtocol.c ****             break;
 242              		.loc 1 82 0 is_stmt 1
 243 00b0 00BF     		nop
 244              	.L7:
 245              	.LBE4:
  83:.\iButtonProtocol.c ****         }
  84:.\iButtonProtocol.c ****     }
  85:.\iButtonProtocol.c ****     return retval;
 246              		.loc 1 85 0
 247 00b2 FB7B     		ldrb	r3, [r7, #15]	@ zero_extendqisi2
  86:.\iButtonProtocol.c **** }
 248              		.loc 1 86 0
 249 00b4 1846     		mov	r0, r3
 250 00b6 1037     		adds	r7, r7, #16
 251              		.cfi_def_cfa_offset 8
 252 00b8 BD46     		mov	sp, r7
ARM GAS  C:\Users\RECEPC~1\AppData\Local\Temp\ccAcinmb.s 			page 7


 253              		.cfi_def_cfa_register 13
 254              		@ sp needed
 255 00ba 80BD     		pop	{r7, pc}
 256              		.cfi_endproc
 257              	.LFE64:
 258              		.size	iButtonRead, .-iButtonRead
 259              		.section	.text.iButtonWrite,"ax",%progbits
 260              		.align	2
 261              		.global	iButtonWrite
 262              		.thumb
 263              		.thumb_func
 264              		.type	iButtonWrite, %function
 265              	iButtonWrite:
 266              	.LFB65:
  87:.\iButtonProtocol.c **** 
  88:.\iButtonProtocol.c **** void iButtonWrite(uint8 port, uint8 data)
  89:.\iButtonProtocol.c **** {
 267              		.loc 1 89 0
 268              		.cfi_startproc
 269              		@ args = 0, pretend = 0, frame = 16
 270              		@ frame_needed = 1, uses_anonymous_args = 0
 271 0000 80B5     		push	{r7, lr}
 272              		.cfi_def_cfa_offset 8
 273              		.cfi_offset 7, -8
 274              		.cfi_offset 14, -4
 275 0002 84B0     		sub	sp, sp, #16
 276              		.cfi_def_cfa_offset 24
 277 0004 00AF     		add	r7, sp, #0
 278              		.cfi_def_cfa_register 7
 279 0006 0346     		mov	r3, r0
 280 0008 0A46     		mov	r2, r1
 281 000a FB71     		strb	r3, [r7, #7]
 282 000c 1346     		mov	r3, r2
 283 000e BB71     		strb	r3, [r7, #6]
  90:.\iButtonProtocol.c ****     switch(port)
 284              		.loc 1 90 0
 285 0010 FB79     		ldrb	r3, [r7, #7]	@ zero_extendqisi2
 286 0012 012B     		cmp	r3, #1
 287 0014 02D0     		beq	.L17
 288 0016 022B     		cmp	r3, #2
 289 0018 28D0     		beq	.L18
 290 001a 4FE0     		b	.L15
 291              	.L17:
 292              	.LBB6:
  91:.\iButtonProtocol.c ****     {
  92:.\iButtonProtocol.c ****         case _IBUTTON_PORT1_:
  93:.\iButtonProtocol.c ****         {
  94:.\iButtonProtocol.c ****             FOR(uint8 index = 0, index < 8, index++)
 293              		.loc 1 94 0
 294 001c 0023     		movs	r3, #0
 295 001e FB73     		strb	r3, [r7, #15]
 296 0020 20E0     		b	.L19
 297              	.L22:
  95:.\iButtonProtocol.c ****             {
  96:.\iButtonProtocol.c ****                 iButton1_Write(LOW);
 298              		.loc 1 96 0
 299 0022 0020     		movs	r0, #0
ARM GAS  C:\Users\RECEPC~1\AppData\Local\Temp\ccAcinmb.s 			page 8


 300 0024 FFF7FEFF 		bl	iButton1_Write
  97:.\iButtonProtocol.c ****                 if((data >> index) & 0x01)
 301              		.loc 1 97 0
 302 0028 BA79     		ldrb	r2, [r7, #6]	@ zero_extendqisi2
 303 002a FB7B     		ldrb	r3, [r7, #15]	@ zero_extendqisi2
 304 002c 42FA03F3 		asr	r3, r2, r3
 305 0030 03F00103 		and	r3, r3, #1
 306 0034 002B     		cmp	r3, #0
 307 0036 09D0     		beq	.L20
  98:.\iButtonProtocol.c ****                 {
  99:.\iButtonProtocol.c ****                     _1WIRE_WRITE1_DELAY;
 308              		.loc 1 99 0
 309 0038 0620     		movs	r0, #6
 310 003a FFF7FEFF 		bl	CyDelayUs
 100:.\iButtonProtocol.c ****                     iButton1_Write(HIGH);
 311              		.loc 1 100 0
 312 003e 0120     		movs	r0, #1
 313 0040 FFF7FEFF 		bl	iButton1_Write
 101:.\iButtonProtocol.c ****                     _1WIRE_WRITE1_TIME_SLOT_;
 314              		.loc 1 101 0
 315 0044 4020     		movs	r0, #64
 316 0046 FFF7FEFF 		bl	CyDelayUs
 317 004a 08E0     		b	.L21
 318              	.L20:
 102:.\iButtonProtocol.c ****                 }
 103:.\iButtonProtocol.c ****                 else
 104:.\iButtonProtocol.c ****                 {
 105:.\iButtonProtocol.c ****                     _1WIRE_WRITE0_DELAY;
 319              		.loc 1 105 0
 320 004c 3C20     		movs	r0, #60
 321 004e FFF7FEFF 		bl	CyDelayUs
 106:.\iButtonProtocol.c ****                     iButton1_Write(HIGH);
 322              		.loc 1 106 0
 323 0052 0120     		movs	r0, #1
 324 0054 FFF7FEFF 		bl	iButton1_Write
 107:.\iButtonProtocol.c ****                     _1WIRE_WRITE0_TIME_SLOT_;
 325              		.loc 1 107 0
 326 0058 0A20     		movs	r0, #10
 327 005a FFF7FEFF 		bl	CyDelayUs
 328              	.L21:
  94:.\iButtonProtocol.c ****             {
 329              		.loc 1 94 0 discriminator 2
 330 005e FB7B     		ldrb	r3, [r7, #15]	@ zero_extendqisi2
 331 0060 0133     		adds	r3, r3, #1
 332 0062 FB73     		strb	r3, [r7, #15]
 333              	.L19:
  94:.\iButtonProtocol.c ****             {
 334              		.loc 1 94 0 is_stmt 0 discriminator 1
 335 0064 FB7B     		ldrb	r3, [r7, #15]	@ zero_extendqisi2
 336 0066 072B     		cmp	r3, #7
 337 0068 DBD9     		bls	.L22
 108:.\iButtonProtocol.c **** 
 109:.\iButtonProtocol.c ****                 }
 110:.\iButtonProtocol.c ****             }
 111:.\iButtonProtocol.c ****             break;
 338              		.loc 1 111 0 is_stmt 1
 339 006a 27E0     		b	.L15
ARM GAS  C:\Users\RECEPC~1\AppData\Local\Temp\ccAcinmb.s 			page 9


 340              	.L18:
 341              	.LBE6:
 342              	.LBB7:
 112:.\iButtonProtocol.c ****         }
 113:.\iButtonProtocol.c ****         case _IBUTTON_PORT2_:
 114:.\iButtonProtocol.c ****         {
 115:.\iButtonProtocol.c ****             FOR(uint8 index = 0, index < 8, index++)
 343              		.loc 1 115 0
 344 006c 0023     		movs	r3, #0
 345 006e BB73     		strb	r3, [r7, #14]
 346 0070 20E0     		b	.L23
 347              	.L26:
 116:.\iButtonProtocol.c ****             {
 117:.\iButtonProtocol.c ****                 iButton2_Write(LOW);
 348              		.loc 1 117 0
 349 0072 0020     		movs	r0, #0
 350 0074 FFF7FEFF 		bl	iButton2_Write
 118:.\iButtonProtocol.c ****                 if((data >> index) & 0x01)
 351              		.loc 1 118 0
 352 0078 BA79     		ldrb	r2, [r7, #6]	@ zero_extendqisi2
 353 007a BB7B     		ldrb	r3, [r7, #14]	@ zero_extendqisi2
 354 007c 42FA03F3 		asr	r3, r2, r3
 355 0080 03F00103 		and	r3, r3, #1
 356 0084 002B     		cmp	r3, #0
 357 0086 09D0     		beq	.L24
 119:.\iButtonProtocol.c ****                 {
 120:.\iButtonProtocol.c ****                     _1WIRE_WRITE1_DELAY;
 358              		.loc 1 120 0
 359 0088 0620     		movs	r0, #6
 360 008a FFF7FEFF 		bl	CyDelayUs
 121:.\iButtonProtocol.c ****                     iButton2_Write(HIGH);
 361              		.loc 1 121 0
 362 008e 0120     		movs	r0, #1
 363 0090 FFF7FEFF 		bl	iButton2_Write
 122:.\iButtonProtocol.c ****                     _1WIRE_WRITE1_TIME_SLOT_;
 364              		.loc 1 122 0
 365 0094 4020     		movs	r0, #64
 366 0096 FFF7FEFF 		bl	CyDelayUs
 367 009a 08E0     		b	.L25
 368              	.L24:
 123:.\iButtonProtocol.c ****                 }
 124:.\iButtonProtocol.c ****                 else
 125:.\iButtonProtocol.c ****                 {
 126:.\iButtonProtocol.c ****                     _1WIRE_WRITE0_DELAY;
 369              		.loc 1 126 0
 370 009c 3C20     		movs	r0, #60
 371 009e FFF7FEFF 		bl	CyDelayUs
 127:.\iButtonProtocol.c ****                     iButton2_Write(HIGH);
 372              		.loc 1 127 0
 373 00a2 0120     		movs	r0, #1
 374 00a4 FFF7FEFF 		bl	iButton2_Write
 128:.\iButtonProtocol.c ****                     _1WIRE_WRITE0_TIME_SLOT_;
 375              		.loc 1 128 0
 376 00a8 0A20     		movs	r0, #10
 377 00aa FFF7FEFF 		bl	CyDelayUs
 378              	.L25:
 115:.\iButtonProtocol.c ****             {
ARM GAS  C:\Users\RECEPC~1\AppData\Local\Temp\ccAcinmb.s 			page 10


 379              		.loc 1 115 0 discriminator 2
 380 00ae BB7B     		ldrb	r3, [r7, #14]	@ zero_extendqisi2
 381 00b0 0133     		adds	r3, r3, #1
 382 00b2 BB73     		strb	r3, [r7, #14]
 383              	.L23:
 115:.\iButtonProtocol.c ****             {
 384              		.loc 1 115 0 is_stmt 0 discriminator 1
 385 00b4 BB7B     		ldrb	r3, [r7, #14]	@ zero_extendqisi2
 386 00b6 072B     		cmp	r3, #7
 387 00b8 DBD9     		bls	.L26
 129:.\iButtonProtocol.c ****                 }
 130:.\iButtonProtocol.c ****             }
 131:.\iButtonProtocol.c ****             break;
 388              		.loc 1 131 0 is_stmt 1
 389 00ba 00BF     		nop
 390              	.L15:
 391              	.LBE7:
 132:.\iButtonProtocol.c ****         }
 133:.\iButtonProtocol.c ****     }
 134:.\iButtonProtocol.c **** }
 392              		.loc 1 134 0
 393 00bc 1037     		adds	r7, r7, #16
 394              		.cfi_def_cfa_offset 8
 395 00be BD46     		mov	sp, r7
 396              		.cfi_def_cfa_register 13
 397              		@ sp needed
 398 00c0 80BD     		pop	{r7, pc}
 399              		.cfi_endproc
 400              	.LFE65:
 401              		.size	iButtonWrite, .-iButtonWrite
 402 00c2 00BF     		.text
 403              	.Letext0:
 404              		.file 2 "c:\\program files (x86)\\cypress\\psoc creator\\3.3\\psoc creator\\import\\gnu\\arm\\4.9.
 405              		.file 3 "c:\\program files (x86)\\cypress\\psoc creator\\3.3\\psoc creator\\import\\gnu\\arm\\4.9.
 406              		.file 4 "Generated_Source\\PSoC5/cytypes.h"
 407              		.file 5 "Generated_Source\\PSoC5/core_cm3.h"
 408              		.file 6 ".\\GlobalDefinitions.h"
 409              		.file 7 ".\\iButton.h"
 410              		.section	.debug_info,"",%progbits
 411              	.Ldebug_info0:
 412 0000 21020000 		.4byte	0x221
 413 0004 0400     		.2byte	0x4
 414 0006 00000000 		.4byte	.Ldebug_abbrev0
 415 000a 04       		.byte	0x4
 416 000b 01       		.uleb128 0x1
 417 000c FE000000 		.4byte	.LASF29
 418 0010 01       		.byte	0x1
 419 0011 40020000 		.4byte	.LASF30
 420 0015 2B000000 		.4byte	.LASF31
 421 0019 00000000 		.4byte	.Ldebug_ranges0+0
 422 001d 00000000 		.4byte	0
 423 0021 00000000 		.4byte	.Ldebug_line0
 424 0025 02       		.uleb128 0x2
 425 0026 01       		.byte	0x1
 426 0027 06       		.byte	0x6
 427 0028 34020000 		.4byte	.LASF0
 428 002c 02       		.uleb128 0x2
ARM GAS  C:\Users\RECEPC~1\AppData\Local\Temp\ccAcinmb.s 			page 11


 429 002d 01       		.byte	0x1
 430 002e 08       		.byte	0x8
 431 002f 9A000000 		.4byte	.LASF1
 432 0033 02       		.uleb128 0x2
 433 0034 02       		.byte	0x2
 434 0035 05       		.byte	0x5
 435 0036 0F020000 		.4byte	.LASF2
 436 003a 02       		.uleb128 0x2
 437 003b 02       		.byte	0x2
 438 003c 07       		.byte	0x7
 439 003d C1000000 		.4byte	.LASF3
 440 0041 03       		.uleb128 0x3
 441 0042 00000000 		.4byte	.LASF9
 442 0046 02       		.byte	0x2
 443 0047 3F       		.byte	0x3f
 444 0048 4C000000 		.4byte	0x4c
 445 004c 02       		.uleb128 0x2
 446 004d 04       		.byte	0x4
 447 004e 05       		.byte	0x5
 448 004f 1F020000 		.4byte	.LASF4
 449 0053 02       		.uleb128 0x2
 450 0054 04       		.byte	0x4
 451 0055 07       		.byte	0x7
 452 0056 AF000000 		.4byte	.LASF5
 453 005a 02       		.uleb128 0x2
 454 005b 08       		.byte	0x8
 455 005c 05       		.byte	0x5
 456 005d E1010000 		.4byte	.LASF6
 457 0061 02       		.uleb128 0x2
 458 0062 08       		.byte	0x8
 459 0063 07       		.byte	0x7
 460 0064 AD010000 		.4byte	.LASF7
 461 0068 04       		.uleb128 0x4
 462 0069 04       		.byte	0x4
 463 006a 05       		.byte	0x5
 464 006b 696E7400 		.ascii	"int\000"
 465 006f 02       		.uleb128 0x2
 466 0070 04       		.byte	0x4
 467 0071 07       		.byte	0x7
 468 0072 A0010000 		.4byte	.LASF8
 469 0076 03       		.uleb128 0x3
 470 0077 D0010000 		.4byte	.LASF10
 471 007b 03       		.byte	0x3
 472 007c 2C       		.byte	0x2c
 473 007d 41000000 		.4byte	0x41
 474 0081 05       		.uleb128 0x5
 475 0082 19020000 		.4byte	.LASF11
 476 0086 04       		.byte	0x4
 477 0087 3801     		.2byte	0x138
 478 0089 2C000000 		.4byte	0x2c
 479 008d 02       		.uleb128 0x2
 480 008e 04       		.byte	0x4
 481 008f 04       		.byte	0x4
 482 0090 20000000 		.4byte	.LASF12
 483 0094 02       		.uleb128 0x2
 484 0095 08       		.byte	0x8
 485 0096 04       		.byte	0x4
ARM GAS  C:\Users\RECEPC~1\AppData\Local\Temp\ccAcinmb.s 			page 12


 486 0097 8C010000 		.4byte	.LASF13
 487 009b 02       		.uleb128 0x2
 488 009c 01       		.byte	0x1
 489 009d 08       		.byte	0x8
 490 009e EF010000 		.4byte	.LASF14
 491 00a2 02       		.uleb128 0x2
 492 00a3 04       		.byte	0x4
 493 00a4 07       		.byte	0x7
 494 00a5 D8010000 		.4byte	.LASF15
 495 00a9 02       		.uleb128 0x2
 496 00aa 08       		.byte	0x8
 497 00ab 04       		.byte	0x4
 498 00ac 28020000 		.4byte	.LASF16
 499 00b0 02       		.uleb128 0x2
 500 00b1 01       		.byte	0x1
 501 00b2 02       		.byte	0x2
 502 00b3 54020000 		.4byte	.LASF17
 503 00b7 06       		.uleb128 0x6
 504 00b8 01       		.byte	0x1
 505 00b9 07       		.byte	0x7
 506 00ba 2B       		.byte	0x2b
 507 00bb CC000000 		.4byte	0xcc
 508 00bf 07       		.uleb128 0x7
 509 00c0 FA010000 		.4byte	.LASF18
 510 00c4 01       		.sleb128 1
 511 00c5 07       		.uleb128 0x7
 512 00c6 8A000000 		.4byte	.LASF19
 513 00ca 02       		.sleb128 2
 514 00cb 00       		.byte	0
 515 00cc 08       		.uleb128 0x8
 516 00cd E1000000 		.4byte	.LASF20
 517 00d1 01       		.byte	0x1
 518 00d2 17       		.byte	0x17
 519 00d3 B0000000 		.4byte	0xb0
 520 00d7 00000000 		.4byte	.LFB63
 521 00db 82000000 		.4byte	.LFE63-.LFB63
 522 00df 01       		.uleb128 0x1
 523 00e0 9C       		.byte	0x9c
 524 00e1 02010000 		.4byte	0x102
 525 00e5 09       		.uleb128 0x9
 526 00e6 0A020000 		.4byte	.LASF22
 527 00ea 01       		.byte	0x1
 528 00eb 17       		.byte	0x17
 529 00ec 81000000 		.4byte	0x81
 530 00f0 02       		.uleb128 0x2
 531 00f1 91       		.byte	0x91
 532 00f2 6F       		.sleb128 -17
 533 00f3 0A       		.uleb128 0xa
 534 00f4 A8000000 		.4byte	.LASF23
 535 00f8 01       		.byte	0x1
 536 00f9 19       		.byte	0x19
 537 00fa B0000000 		.4byte	0xb0
 538 00fe 02       		.uleb128 0x2
 539 00ff 91       		.byte	0x91
 540 0100 77       		.sleb128 -9
 541 0101 00       		.byte	0
 542 0102 08       		.uleb128 0x8
ARM GAS  C:\Users\RECEPC~1\AppData\Local\Temp\ccAcinmb.s 			page 13


 543 0103 C4010000 		.4byte	.LASF21
 544 0107 01       		.byte	0x1
 545 0108 33       		.byte	0x33
 546 0109 81000000 		.4byte	0x81
 547 010d 00000000 		.4byte	.LFB64
 548 0111 BC000000 		.4byte	.LFE64-.LFB64
 549 0115 01       		.uleb128 0x1
 550 0116 9C       		.byte	0x9c
 551 0117 9C010000 		.4byte	0x19c
 552 011b 09       		.uleb128 0x9
 553 011c 0A020000 		.4byte	.LASF22
 554 0120 01       		.byte	0x1
 555 0121 33       		.byte	0x33
 556 0122 81000000 		.4byte	0x81
 557 0126 02       		.uleb128 0x2
 558 0127 91       		.byte	0x91
 559 0128 6F       		.sleb128 -17
 560 0129 0A       		.uleb128 0xa
 561 012a A8000000 		.4byte	.LASF23
 562 012e 01       		.byte	0x1
 563 012f 35       		.byte	0x35
 564 0130 81000000 		.4byte	0x81
 565 0134 02       		.uleb128 0x2
 566 0135 91       		.byte	0x91
 567 0136 77       		.sleb128 -9
 568 0137 0B       		.uleb128 0xb
 569 0138 1A000000 		.4byte	.LBB2
 570 013c 4C000000 		.4byte	.LBE2-.LBB2
 571 0140 6B010000 		.4byte	0x16b
 572 0144 0A       		.uleb128 0xa
 573 0145 F4010000 		.4byte	.LASF24
 574 0149 01       		.byte	0x1
 575 014a 3A       		.byte	0x3a
 576 014b 81000000 		.4byte	0x81
 577 014f 02       		.uleb128 0x2
 578 0150 91       		.byte	0x91
 579 0151 76       		.sleb128 -10
 580 0152 0C       		.uleb128 0xc
 581 0153 20000000 		.4byte	.LBB3
 582 0157 38000000 		.4byte	.LBE3-.LBB3
 583 015b 0A       		.uleb128 0xa
 584 015c 0A000000 		.4byte	.LASF25
 585 0160 01       		.byte	0x1
 586 0161 40       		.byte	0x40
 587 0162 81000000 		.4byte	0x81
 588 0166 02       		.uleb128 0x2
 589 0167 91       		.byte	0x91
 590 0168 74       		.sleb128 -12
 591 0169 00       		.byte	0
 592 016a 00       		.byte	0
 593 016b 0C       		.uleb128 0xc
 594 016c 66000000 		.4byte	.LBB4
 595 0170 4C000000 		.4byte	.LBE4-.LBB4
 596 0174 0A       		.uleb128 0xa
 597 0175 F4010000 		.4byte	.LASF24
 598 0179 01       		.byte	0x1
 599 017a 48       		.byte	0x48
ARM GAS  C:\Users\RECEPC~1\AppData\Local\Temp\ccAcinmb.s 			page 14


 600 017b 81000000 		.4byte	0x81
 601 017f 02       		.uleb128 0x2
 602 0180 91       		.byte	0x91
 603 0181 75       		.sleb128 -11
 604 0182 0C       		.uleb128 0xc
 605 0183 6C000000 		.4byte	.LBB5
 606 0187 38000000 		.4byte	.LBE5-.LBB5
 607 018b 0A       		.uleb128 0xa
 608 018c 0A000000 		.4byte	.LASF25
 609 0190 01       		.byte	0x1
 610 0191 4E       		.byte	0x4e
 611 0192 81000000 		.4byte	0x81
 612 0196 02       		.uleb128 0x2
 613 0197 91       		.byte	0x91
 614 0198 73       		.sleb128 -13
 615 0199 00       		.byte	0
 616 019a 00       		.byte	0
 617 019b 00       		.byte	0
 618 019c 0D       		.uleb128 0xd
 619 019d 93010000 		.4byte	.LASF32
 620 01a1 01       		.byte	0x1
 621 01a2 58       		.byte	0x58
 622 01a3 00000000 		.4byte	.LFB65
 623 01a7 C2000000 		.4byte	.LFE65-.LFB65
 624 01ab 01       		.uleb128 0x1
 625 01ac 9C       		.byte	0x9c
 626 01ad 02020000 		.4byte	0x202
 627 01b1 09       		.uleb128 0x9
 628 01b2 0A020000 		.4byte	.LASF22
 629 01b6 01       		.byte	0x1
 630 01b7 58       		.byte	0x58
 631 01b8 81000000 		.4byte	0x81
 632 01bc 02       		.uleb128 0x2
 633 01bd 91       		.byte	0x91
 634 01be 6F       		.sleb128 -17
 635 01bf 09       		.uleb128 0x9
 636 01c0 26000000 		.4byte	.LASF26
 637 01c4 01       		.byte	0x1
 638 01c5 58       		.byte	0x58
 639 01c6 81000000 		.4byte	0x81
 640 01ca 02       		.uleb128 0x2
 641 01cb 91       		.byte	0x91
 642 01cc 6E       		.sleb128 -18
 643 01cd 0B       		.uleb128 0xb
 644 01ce 1C000000 		.4byte	.LBB6
 645 01d2 50000000 		.4byte	.LBE6-.LBB6
 646 01d6 E9010000 		.4byte	0x1e9
 647 01da 0A       		.uleb128 0xa
 648 01db F4010000 		.4byte	.LASF24
 649 01df 01       		.byte	0x1
 650 01e0 5E       		.byte	0x5e
 651 01e1 81000000 		.4byte	0x81
 652 01e5 02       		.uleb128 0x2
 653 01e6 91       		.byte	0x91
 654 01e7 77       		.sleb128 -9
 655 01e8 00       		.byte	0
 656 01e9 0C       		.uleb128 0xc
ARM GAS  C:\Users\RECEPC~1\AppData\Local\Temp\ccAcinmb.s 			page 15


 657 01ea 6C000000 		.4byte	.LBB7
 658 01ee 50000000 		.4byte	.LBE7-.LBB7
 659 01f2 0A       		.uleb128 0xa
 660 01f3 F4010000 		.4byte	.LASF24
 661 01f7 01       		.byte	0x1
 662 01f8 73       		.byte	0x73
 663 01f9 81000000 		.4byte	0x81
 664 01fd 02       		.uleb128 0x2
 665 01fe 91       		.byte	0x91
 666 01ff 76       		.sleb128 -10
 667 0200 00       		.byte	0
 668 0201 00       		.byte	0
 669 0202 0E       		.uleb128 0xe
 670 0203 D4000000 		.4byte	.LASF27
 671 0207 05       		.byte	0x5
 672 0208 5506     		.2byte	0x655
 673 020a 0E020000 		.4byte	0x20e
 674 020e 0F       		.uleb128 0xf
 675 020f 76000000 		.4byte	0x76
 676 0213 10       		.uleb128 0x10
 677 0214 12000000 		.4byte	.LASF28
 678 0218 06       		.byte	0x6
 679 0219 52       		.byte	0x52
 680 021a 81000000 		.4byte	0x81
 681 021e 05       		.uleb128 0x5
 682 021f 03       		.byte	0x3
 683 0220 00000000 		.4byte	HoseDispenser
 684 0224 00       		.byte	0
 685              		.section	.debug_abbrev,"",%progbits
 686              	.Ldebug_abbrev0:
 687 0000 01       		.uleb128 0x1
 688 0001 11       		.uleb128 0x11
 689 0002 01       		.byte	0x1
 690 0003 25       		.uleb128 0x25
 691 0004 0E       		.uleb128 0xe
 692 0005 13       		.uleb128 0x13
 693 0006 0B       		.uleb128 0xb
 694 0007 03       		.uleb128 0x3
 695 0008 0E       		.uleb128 0xe
 696 0009 1B       		.uleb128 0x1b
 697 000a 0E       		.uleb128 0xe
 698 000b 55       		.uleb128 0x55
 699 000c 17       		.uleb128 0x17
 700 000d 11       		.uleb128 0x11
 701 000e 01       		.uleb128 0x1
 702 000f 10       		.uleb128 0x10
 703 0010 17       		.uleb128 0x17
 704 0011 00       		.byte	0
 705 0012 00       		.byte	0
 706 0013 02       		.uleb128 0x2
 707 0014 24       		.uleb128 0x24
 708 0015 00       		.byte	0
 709 0016 0B       		.uleb128 0xb
 710 0017 0B       		.uleb128 0xb
 711 0018 3E       		.uleb128 0x3e
 712 0019 0B       		.uleb128 0xb
 713 001a 03       		.uleb128 0x3
ARM GAS  C:\Users\RECEPC~1\AppData\Local\Temp\ccAcinmb.s 			page 16


 714 001b 0E       		.uleb128 0xe
 715 001c 00       		.byte	0
 716 001d 00       		.byte	0
 717 001e 03       		.uleb128 0x3
 718 001f 16       		.uleb128 0x16
 719 0020 00       		.byte	0
 720 0021 03       		.uleb128 0x3
 721 0022 0E       		.uleb128 0xe
 722 0023 3A       		.uleb128 0x3a
 723 0024 0B       		.uleb128 0xb
 724 0025 3B       		.uleb128 0x3b
 725 0026 0B       		.uleb128 0xb
 726 0027 49       		.uleb128 0x49
 727 0028 13       		.uleb128 0x13
 728 0029 00       		.byte	0
 729 002a 00       		.byte	0
 730 002b 04       		.uleb128 0x4
 731 002c 24       		.uleb128 0x24
 732 002d 00       		.byte	0
 733 002e 0B       		.uleb128 0xb
 734 002f 0B       		.uleb128 0xb
 735 0030 3E       		.uleb128 0x3e
 736 0031 0B       		.uleb128 0xb
 737 0032 03       		.uleb128 0x3
 738 0033 08       		.uleb128 0x8
 739 0034 00       		.byte	0
 740 0035 00       		.byte	0
 741 0036 05       		.uleb128 0x5
 742 0037 16       		.uleb128 0x16
 743 0038 00       		.byte	0
 744 0039 03       		.uleb128 0x3
 745 003a 0E       		.uleb128 0xe
 746 003b 3A       		.uleb128 0x3a
 747 003c 0B       		.uleb128 0xb
 748 003d 3B       		.uleb128 0x3b
 749 003e 05       		.uleb128 0x5
 750 003f 49       		.uleb128 0x49
 751 0040 13       		.uleb128 0x13
 752 0041 00       		.byte	0
 753 0042 00       		.byte	0
 754 0043 06       		.uleb128 0x6
 755 0044 04       		.uleb128 0x4
 756 0045 01       		.byte	0x1
 757 0046 0B       		.uleb128 0xb
 758 0047 0B       		.uleb128 0xb
 759 0048 3A       		.uleb128 0x3a
 760 0049 0B       		.uleb128 0xb
 761 004a 3B       		.uleb128 0x3b
 762 004b 0B       		.uleb128 0xb
 763 004c 01       		.uleb128 0x1
 764 004d 13       		.uleb128 0x13
 765 004e 00       		.byte	0
 766 004f 00       		.byte	0
 767 0050 07       		.uleb128 0x7
 768 0051 28       		.uleb128 0x28
 769 0052 00       		.byte	0
 770 0053 03       		.uleb128 0x3
ARM GAS  C:\Users\RECEPC~1\AppData\Local\Temp\ccAcinmb.s 			page 17


 771 0054 0E       		.uleb128 0xe
 772 0055 1C       		.uleb128 0x1c
 773 0056 0D       		.uleb128 0xd
 774 0057 00       		.byte	0
 775 0058 00       		.byte	0
 776 0059 08       		.uleb128 0x8
 777 005a 2E       		.uleb128 0x2e
 778 005b 01       		.byte	0x1
 779 005c 3F       		.uleb128 0x3f
 780 005d 19       		.uleb128 0x19
 781 005e 03       		.uleb128 0x3
 782 005f 0E       		.uleb128 0xe
 783 0060 3A       		.uleb128 0x3a
 784 0061 0B       		.uleb128 0xb
 785 0062 3B       		.uleb128 0x3b
 786 0063 0B       		.uleb128 0xb
 787 0064 27       		.uleb128 0x27
 788 0065 19       		.uleb128 0x19
 789 0066 49       		.uleb128 0x49
 790 0067 13       		.uleb128 0x13
 791 0068 11       		.uleb128 0x11
 792 0069 01       		.uleb128 0x1
 793 006a 12       		.uleb128 0x12
 794 006b 06       		.uleb128 0x6
 795 006c 40       		.uleb128 0x40
 796 006d 18       		.uleb128 0x18
 797 006e 9642     		.uleb128 0x2116
 798 0070 19       		.uleb128 0x19
 799 0071 01       		.uleb128 0x1
 800 0072 13       		.uleb128 0x13
 801 0073 00       		.byte	0
 802 0074 00       		.byte	0
 803 0075 09       		.uleb128 0x9
 804 0076 05       		.uleb128 0x5
 805 0077 00       		.byte	0
 806 0078 03       		.uleb128 0x3
 807 0079 0E       		.uleb128 0xe
 808 007a 3A       		.uleb128 0x3a
 809 007b 0B       		.uleb128 0xb
 810 007c 3B       		.uleb128 0x3b
 811 007d 0B       		.uleb128 0xb
 812 007e 49       		.uleb128 0x49
 813 007f 13       		.uleb128 0x13
 814 0080 02       		.uleb128 0x2
 815 0081 18       		.uleb128 0x18
 816 0082 00       		.byte	0
 817 0083 00       		.byte	0
 818 0084 0A       		.uleb128 0xa
 819 0085 34       		.uleb128 0x34
 820 0086 00       		.byte	0
 821 0087 03       		.uleb128 0x3
 822 0088 0E       		.uleb128 0xe
 823 0089 3A       		.uleb128 0x3a
 824 008a 0B       		.uleb128 0xb
 825 008b 3B       		.uleb128 0x3b
 826 008c 0B       		.uleb128 0xb
 827 008d 49       		.uleb128 0x49
ARM GAS  C:\Users\RECEPC~1\AppData\Local\Temp\ccAcinmb.s 			page 18


 828 008e 13       		.uleb128 0x13
 829 008f 02       		.uleb128 0x2
 830 0090 18       		.uleb128 0x18
 831 0091 00       		.byte	0
 832 0092 00       		.byte	0
 833 0093 0B       		.uleb128 0xb
 834 0094 0B       		.uleb128 0xb
 835 0095 01       		.byte	0x1
 836 0096 11       		.uleb128 0x11
 837 0097 01       		.uleb128 0x1
 838 0098 12       		.uleb128 0x12
 839 0099 06       		.uleb128 0x6
 840 009a 01       		.uleb128 0x1
 841 009b 13       		.uleb128 0x13
 842 009c 00       		.byte	0
 843 009d 00       		.byte	0
 844 009e 0C       		.uleb128 0xc
 845 009f 0B       		.uleb128 0xb
 846 00a0 01       		.byte	0x1
 847 00a1 11       		.uleb128 0x11
 848 00a2 01       		.uleb128 0x1
 849 00a3 12       		.uleb128 0x12
 850 00a4 06       		.uleb128 0x6
 851 00a5 00       		.byte	0
 852 00a6 00       		.byte	0
 853 00a7 0D       		.uleb128 0xd
 854 00a8 2E       		.uleb128 0x2e
 855 00a9 01       		.byte	0x1
 856 00aa 3F       		.uleb128 0x3f
 857 00ab 19       		.uleb128 0x19
 858 00ac 03       		.uleb128 0x3
 859 00ad 0E       		.uleb128 0xe
 860 00ae 3A       		.uleb128 0x3a
 861 00af 0B       		.uleb128 0xb
 862 00b0 3B       		.uleb128 0x3b
 863 00b1 0B       		.uleb128 0xb
 864 00b2 27       		.uleb128 0x27
 865 00b3 19       		.uleb128 0x19
 866 00b4 11       		.uleb128 0x11
 867 00b5 01       		.uleb128 0x1
 868 00b6 12       		.uleb128 0x12
 869 00b7 06       		.uleb128 0x6
 870 00b8 40       		.uleb128 0x40
 871 00b9 18       		.uleb128 0x18
 872 00ba 9642     		.uleb128 0x2116
 873 00bc 19       		.uleb128 0x19
 874 00bd 01       		.uleb128 0x1
 875 00be 13       		.uleb128 0x13
 876 00bf 00       		.byte	0
 877 00c0 00       		.byte	0
 878 00c1 0E       		.uleb128 0xe
 879 00c2 34       		.uleb128 0x34
 880 00c3 00       		.byte	0
 881 00c4 03       		.uleb128 0x3
 882 00c5 0E       		.uleb128 0xe
 883 00c6 3A       		.uleb128 0x3a
 884 00c7 0B       		.uleb128 0xb
ARM GAS  C:\Users\RECEPC~1\AppData\Local\Temp\ccAcinmb.s 			page 19


 885 00c8 3B       		.uleb128 0x3b
 886 00c9 05       		.uleb128 0x5
 887 00ca 49       		.uleb128 0x49
 888 00cb 13       		.uleb128 0x13
 889 00cc 3F       		.uleb128 0x3f
 890 00cd 19       		.uleb128 0x19
 891 00ce 3C       		.uleb128 0x3c
 892 00cf 19       		.uleb128 0x19
 893 00d0 00       		.byte	0
 894 00d1 00       		.byte	0
 895 00d2 0F       		.uleb128 0xf
 896 00d3 35       		.uleb128 0x35
 897 00d4 00       		.byte	0
 898 00d5 49       		.uleb128 0x49
 899 00d6 13       		.uleb128 0x13
 900 00d7 00       		.byte	0
 901 00d8 00       		.byte	0
 902 00d9 10       		.uleb128 0x10
 903 00da 34       		.uleb128 0x34
 904 00db 00       		.byte	0
 905 00dc 03       		.uleb128 0x3
 906 00dd 0E       		.uleb128 0xe
 907 00de 3A       		.uleb128 0x3a
 908 00df 0B       		.uleb128 0xb
 909 00e0 3B       		.uleb128 0x3b
 910 00e1 0B       		.uleb128 0xb
 911 00e2 49       		.uleb128 0x49
 912 00e3 13       		.uleb128 0x13
 913 00e4 3F       		.uleb128 0x3f
 914 00e5 19       		.uleb128 0x19
 915 00e6 02       		.uleb128 0x2
 916 00e7 18       		.uleb128 0x18
 917 00e8 00       		.byte	0
 918 00e9 00       		.byte	0
 919 00ea 00       		.byte	0
 920              		.section	.debug_aranges,"",%progbits
 921 0000 2C000000 		.4byte	0x2c
 922 0004 0200     		.2byte	0x2
 923 0006 00000000 		.4byte	.Ldebug_info0
 924 000a 04       		.byte	0x4
 925 000b 00       		.byte	0
 926 000c 0000     		.2byte	0
 927 000e 0000     		.2byte	0
 928 0010 00000000 		.4byte	.LFB63
 929 0014 82000000 		.4byte	.LFE63-.LFB63
 930 0018 00000000 		.4byte	.LFB64
 931 001c BC000000 		.4byte	.LFE64-.LFB64
 932 0020 00000000 		.4byte	.LFB65
 933 0024 C2000000 		.4byte	.LFE65-.LFB65
 934 0028 00000000 		.4byte	0
 935 002c 00000000 		.4byte	0
 936              		.section	.debug_ranges,"",%progbits
 937              	.Ldebug_ranges0:
 938 0000 00000000 		.4byte	.LFB63
 939 0004 82000000 		.4byte	.LFE63
 940 0008 00000000 		.4byte	.LFB64
 941 000c BC000000 		.4byte	.LFE64
ARM GAS  C:\Users\RECEPC~1\AppData\Local\Temp\ccAcinmb.s 			page 20


 942 0010 00000000 		.4byte	.LFB65
 943 0014 C2000000 		.4byte	.LFE65
 944 0018 00000000 		.4byte	0
 945 001c 00000000 		.4byte	0
 946              		.section	.debug_line,"",%progbits
 947              	.Ldebug_line0:
 948 0000 65020000 		.section	.debug_str,"MS",%progbits,1
 948      02007C01 
 948      00000201 
 948      FB0E0D00 
 948      01010101 
 949              	.LASF9:
 950 0000 5F5F696E 		.ascii	"__int32_t\000"
 950      7433325F 
 950      7400
 951              	.LASF25:
 952 000a 62697464 		.ascii	"bitdata\000"
 952      61746100 
 953              	.LASF28:
 954 0012 486F7365 		.ascii	"HoseDispenser\000"
 954      44697370 
 954      656E7365 
 954      7200
 955              	.LASF12:
 956 0020 666C6F61 		.ascii	"float\000"
 956      7400
 957              	.LASF26:
 958 0026 64617461 		.ascii	"data\000"
 958      00
 959              	.LASF31:
 960 002b 433A5C54 		.ascii	"C:\\TeamInsepet\\NSX-Prime\\Hardware\\CorEx-MUX-Ker"
 960      65616D49 
 960      6E736570 
 960      65745C4E 
 960      53582D50 
 961 005a 6E656C2D 		.ascii	"nel-Enhanced\\Workspace01\\CorEx-Mux-Kernel.cydsn\000"
 961      456E6861 
 961      6E636564 
 961      5C576F72 
 961      6B737061 
 962              	.LASF19:
 963 008a 5F494255 		.ascii	"_IBUTTON_PORT2_\000"
 963      54544F4E 
 963      5F504F52 
 963      54325F00 
 964              	.LASF1:
 965 009a 756E7369 		.ascii	"unsigned char\000"
 965      676E6564 
 965      20636861 
 965      7200
 966              	.LASF23:
 967 00a8 72657476 		.ascii	"retval\000"
 967      616C00
 968              	.LASF5:
 969 00af 6C6F6E67 		.ascii	"long unsigned int\000"
 969      20756E73 
 969      69676E65 
ARM GAS  C:\Users\RECEPC~1\AppData\Local\Temp\ccAcinmb.s 			page 21


 969      6420696E 
 969      7400
 970              	.LASF3:
 971 00c1 73686F72 		.ascii	"short unsigned int\000"
 971      7420756E 
 971      7369676E 
 971      65642069 
 971      6E7400
 972              	.LASF27:
 973 00d4 49544D5F 		.ascii	"ITM_RxBuffer\000"
 973      52784275 
 973      66666572 
 973      00
 974              	.LASF20:
 975 00e1 69427574 		.ascii	"iButtonResetPresenceSequence\000"
 975      746F6E52 
 975      65736574 
 975      50726573 
 975      656E6365 
 976              	.LASF29:
 977 00fe 474E5520 		.ascii	"GNU C 4.9.3 20150303 (release) [ARM/embedded-4_9-br"
 977      4320342E 
 977      392E3320 
 977      32303135 
 977      30333033 
 978 0131 616E6368 		.ascii	"anch revision 221220] -mcpu=cortex-m3 -mthumb -g -O"
 978      20726576 
 978      6973696F 
 978      6E203232 
 978      31323230 
 979 0164 30202D66 		.ascii	"0 -ffunction-sections -ffat-lto-objects\000"
 979      66756E63 
 979      74696F6E 
 979      2D736563 
 979      74696F6E 
 980              	.LASF13:
 981 018c 646F7562 		.ascii	"double\000"
 981      6C6500
 982              	.LASF32:
 983 0193 69427574 		.ascii	"iButtonWrite\000"
 983      746F6E57 
 983      72697465 
 983      00
 984              	.LASF8:
 985 01a0 756E7369 		.ascii	"unsigned int\000"
 985      676E6564 
 985      20696E74 
 985      00
 986              	.LASF7:
 987 01ad 6C6F6E67 		.ascii	"long long unsigned int\000"
 987      206C6F6E 
 987      6720756E 
 987      7369676E 
 987      65642069 
 988              	.LASF21:
 989 01c4 69427574 		.ascii	"iButtonRead\000"
 989      746F6E52 
ARM GAS  C:\Users\RECEPC~1\AppData\Local\Temp\ccAcinmb.s 			page 22


 989      65616400 
 990              	.LASF10:
 991 01d0 696E7433 		.ascii	"int32_t\000"
 991      325F7400 
 992              	.LASF15:
 993 01d8 73697A65 		.ascii	"sizetype\000"
 993      74797065 
 993      00
 994              	.LASF6:
 995 01e1 6C6F6E67 		.ascii	"long long int\000"
 995      206C6F6E 
 995      6720696E 
 995      7400
 996              	.LASF14:
 997 01ef 63686172 		.ascii	"char\000"
 997      00
 998              	.LASF24:
 999 01f4 696E6465 		.ascii	"index\000"
 999      7800
 1000              	.LASF18:
 1001 01fa 5F494255 		.ascii	"_IBUTTON_PORT1_\000"
 1001      54544F4E 
 1001      5F504F52 
 1001      54315F00 
 1002              	.LASF22:
 1003 020a 706F7274 		.ascii	"port\000"
 1003      00
 1004              	.LASF2:
 1005 020f 73686F72 		.ascii	"short int\000"
 1005      7420696E 
 1005      7400
 1006              	.LASF11:
 1007 0219 75696E74 		.ascii	"uint8\000"
 1007      3800
 1008              	.LASF4:
 1009 021f 6C6F6E67 		.ascii	"long int\000"
 1009      20696E74 
 1009      00
 1010              	.LASF16:
 1011 0228 6C6F6E67 		.ascii	"long double\000"
 1011      20646F75 
 1011      626C6500 
 1012              	.LASF0:
 1013 0234 7369676E 		.ascii	"signed char\000"
 1013      65642063 
 1013      68617200 
 1014              	.LASF30:
 1015 0240 2E5C6942 		.ascii	".\\iButtonProtocol.c\000"
 1015      7574746F 
 1015      6E50726F 
 1015      746F636F 
 1015      6C2E6300 
 1016              	.LASF17:
 1017 0254 5F426F6F 		.ascii	"_Bool\000"
 1017      6C00
 1018              		.ident	"GCC: (GNU Tools for ARM Embedded Processors) 4.9.3 20150303 (release) [ARM/embedded-4_9-br
