<<<<<<< HEAD
ARM GAS  C:\Users\RECEPC~1\AppData\Local\Temp\cchfr3iz.s 			page 1
=======
ARM GAS  C:\Users\Lenovo\AppData\Local\Temp\cceGYsuA.s 			page 1
>>>>>>> 5d99cc67d951a7f3c0e17af4c7fa457321941ad2


   1              		.syntax unified
   2              		.cpu cortex-m3
   3              		.fpu softvfp
   4              		.eabi_attribute 20, 1
   5              		.eabi_attribute 21, 1
   6              		.eabi_attribute 23, 3
   7              		.eabi_attribute 24, 1
   8              		.eabi_attribute 25, 1
   9              		.eabi_attribute 26, 1
  10              		.eabi_attribute 30, 6
  11              		.eabi_attribute 34, 1
  12              		.eabi_attribute 18, 4
  13              		.thumb
  14              		.file	"Initializers.c"
  15              		.text
  16              	.Ltext0:
  17              		.cfi_sections	.debug_frame
  18              		.section	.text.GlobalInitializer,"ax",%progbits
  19              		.align	2
  20              		.global	GlobalInitializer
  21              		.thumb
  22              		.thumb_func
  23              		.type	GlobalInitializer, %function
  24              	GlobalInitializer:
  25              	.LFB63:
  26              		.file 1 ".\\Initializers.c"
   1:.\Initializers.c **** /* ========================================
   2:.\Initializers.c ****  *
   3:.\Initializers.c ****  * Copyright INSEPET SISTEMAS, 2016
   4:.\Initializers.c ****  * All Rights Reserved
   5:.\Initializers.c ****  * UNPUBLISHED, LICENSED SOFTWARE.
   6:.\Initializers.c ****  *
   7:.\Initializers.c ****  * CONFIDENTIAL AND PROPRIETARY INFORMATION
   8:.\Initializers.c ****  * WHICH IS THE PROPERTY OF your company.
   9:.\Initializers.c ****  *
  10:.\Initializers.c ****  * ========================================
  11:.\Initializers.c **** @Created by: HIJH
  12:.\Initializers.c **** @Date: Septembre 2 de 2016
  13:.\Initializers.c **** */
  14:.\Initializers.c **** #include <project.h>
  15:.\Initializers.c **** #include "SinkManager.h"
  16:.\Initializers.c **** #include "UARTManager.h"
  17:.\Initializers.c **** 
  18:.\Initializers.c **** #include "Eeprom.h"
  19:.\Initializers.c **** 
  20:.\Initializers.c **** /*
  21:.\Initializers.c **** @Created by: HIJH
  22:.\Initializers.c **** @Date: Aôut 30 de 2016
  23:.\Initializers.c **** 
  24:.\Initializers.c **** This is the unique function to be called in order to initialize the RF networking stack
  25:.\Initializers.c **** */
  26:.\Initializers.c **** void RFSinkRegistration();
  27:.\Initializers.c **** void DispenserSinkRegistration();
  28:.\Initializers.c **** void DisplaySinkRegistration();
  29:.\Initializers.c **** void PrinterSinkRegistration();
  30:.\Initializers.c **** void iButtonSinkRegistration();
  31:.\Initializers.c **** 
<<<<<<< HEAD
ARM GAS  C:\Users\RECEPC~1\AppData\Local\Temp\cchfr3iz.s 			page 2
=======
ARM GAS  C:\Users\Lenovo\AppData\Local\Temp\cceGYsuA.s 			page 2
>>>>>>> 5d99cc67d951a7f3c0e17af4c7fa457321941ad2


  32:.\Initializers.c **** void WatchDogInitialize();
  33:.\Initializers.c **** 
  34:.\Initializers.c **** void InitTimers();
  35:.\Initializers.c **** void InitTest();
  36:.\Initializers.c **** 
  37:.\Initializers.c **** void GlobalInitializer()
  38:.\Initializers.c **** {
  27              		.loc 1 38 0
  28              		.cfi_startproc
  29              		@ args = 0, pretend = 0, frame = 0
  30              		@ frame_needed = 1, uses_anonymous_args = 0
  31 0000 80B5     		push	{r7, lr}
  32              		.cfi_def_cfa_offset 8
  33              		.cfi_offset 7, -8
  34              		.cfi_offset 14, -4
  35 0002 00AF     		add	r7, sp, #0
  36              		.cfi_def_cfa_register 7
  39:.\Initializers.c ****     RF_Physical_Start();
  37              		.loc 1 39 0
  38 0004 FFF7FEFF 		bl	RF_Physical_Start
  40:.\Initializers.c ****     
  41:.\Initializers.c ****     Printer_Start();
  39              		.loc 1 41 0
  40 0008 FFF7FEFF 		bl	Printer_Start
  42:.\Initializers.c ****     Display1_Start();
  41              		.loc 1 42 0
  42 000c FFF7FEFF 		bl	Display1_Start
  43:.\Initializers.c ****     Display2_Start();
  43              		.loc 1 43 0
  44 0010 FFF7FEFF 		bl	Display2_Start
  44:.\Initializers.c ****     Dispenser_Start();
  45              		.loc 1 44 0
  46 0014 FFF7FEFF 		bl	Dispenser_Start
  45:.\Initializers.c ****     I2C_Bus_Start();
  47              		.loc 1 45 0
  48 0018 FFF7FEFF 		bl	I2C_Bus_Start
  46:.\Initializers.c ****     
  47:.\Initializers.c ****     InitTimers();
  49              		.loc 1 47 0
  50 001c FFF7FEFF 		bl	InitTimers
  48:.\Initializers.c ****     
  49:.\Initializers.c ****     SinkManagerRegistration();
  51              		.loc 1 49 0
  52 0020 FFF7FEFF 		bl	SinkManagerRegistration
  50:.\Initializers.c ****     WatchDogInitialize();
  53              		.loc 1 50 0
  54 0024 FFF7FEFF 		bl	WatchDogInitialize
  51:.\Initializers.c ****     InitUARTManager();
  55              		.loc 1 51 0
  56 0028 FFF7FEFF 		bl	InitUARTManager
  52:.\Initializers.c ****     
  53:.\Initializers.c ****     UARTSinkRegistration();
  57              		.loc 1 53 0
  58 002c FFF7FEFF 		bl	UARTSinkRegistration
  54:.\Initializers.c ****     RFSinkRegistration();
  59              		.loc 1 54 0
  60 0030 FFF7FEFF 		bl	RFSinkRegistration
<<<<<<< HEAD
ARM GAS  C:\Users\RECEPC~1\AppData\Local\Temp\cchfr3iz.s 			page 3
=======
ARM GAS  C:\Users\Lenovo\AppData\Local\Temp\cceGYsuA.s 			page 3
>>>>>>> 5d99cc67d951a7f3c0e17af4c7fa457321941ad2


  55:.\Initializers.c ****     DisplaySinkRegistration();
  61              		.loc 1 55 0
  62 0034 FFF7FEFF 		bl	DisplaySinkRegistration
  56:.\Initializers.c ****     PrinterSinkRegistration();
  63              		.loc 1 56 0
  64 0038 FFF7FEFF 		bl	PrinterSinkRegistration
  57:.\Initializers.c ****     DispenserSinkRegistration();
  65              		.loc 1 57 0
  66 003c FFF7FEFF 		bl	DispenserSinkRegistration
  58:.\Initializers.c ****     iButtonSinkRegistration();
  67              		.loc 1 58 0
  68 0040 FFF7FEFF 		bl	iButtonSinkRegistration
  59:.\Initializers.c **** 
  60:.\Initializers.c **** }
  69              		.loc 1 60 0
  70 0044 80BD     		pop	{r7, pc}
  71              		.cfi_endproc
  72              	.LFE63:
  73              		.size	GlobalInitializer, .-GlobalInitializer
  74 0046 00BF     		.text
  75              	.Letext0:
  76              		.file 2 "c:\\program files (x86)\\cypress\\psoc creator\\3.3\\psoc creator\\import\\gnu\\arm\\4.9.
  77              		.file 3 "c:\\program files (x86)\\cypress\\psoc creator\\3.3\\psoc creator\\import\\gnu\\arm\\4.9.
  78              		.file 4 "Generated_Source\\PSoC5/core_cm3.h"
  79              		.section	.debug_info,"",%progbits
  80              	.Ldebug_info0:
  81 0000 CA000000 		.4byte	0xca
  82 0004 0400     		.2byte	0x4
  83 0006 00000000 		.4byte	.Ldebug_abbrev0
  84 000a 04       		.byte	0x4
  85 000b 01       		.uleb128 0x1
  86 000c D2000000 		.4byte	.LASF17
  87 0010 01       		.byte	0x1
  88 0011 9C010000 		.4byte	.LASF18
  89 0015 57000000 		.4byte	.LASF19
  90 0019 00000000 		.4byte	.Ldebug_ranges0+0
  91 001d 00000000 		.4byte	0
  92 0021 00000000 		.4byte	.Ldebug_line0
  93 0025 02       		.uleb128 0x2
  94 0026 01       		.byte	0x1
  95 0027 06       		.byte	0x6
  96 0028 7A010000 		.4byte	.LASF0
  97 002c 02       		.uleb128 0x2
  98 002d 01       		.byte	0x1
  99 002e 08       		.byte	0x8
 100 002f B6000000 		.4byte	.LASF1
 101 0033 02       		.uleb128 0x2
 102 0034 02       		.byte	0x2
 103 0035 05       		.byte	0x5
 104 0036 C5010000 		.4byte	.LASF2
 105 003a 02       		.uleb128 0x2
 106 003b 02       		.byte	0x2
 107 003c 07       		.byte	0x7
 108 003d 0E000000 		.4byte	.LASF3
 109 0041 03       		.uleb128 0x3
 110 0042 92010000 		.4byte	.LASF9
 111 0046 02       		.byte	0x2
<<<<<<< HEAD
ARM GAS  C:\Users\RECEPC~1\AppData\Local\Temp\cchfr3iz.s 			page 4
=======
ARM GAS  C:\Users\Lenovo\AppData\Local\Temp\cceGYsuA.s 			page 4
>>>>>>> 5d99cc67d951a7f3c0e17af4c7fa457321941ad2


 112 0047 3F       		.byte	0x3f
 113 0048 4C000000 		.4byte	0x4c
 114 004c 02       		.uleb128 0x2
 115 004d 04       		.byte	0x4
 116 004e 05       		.byte	0x5
 117 004f C9000000 		.4byte	.LASF4
 118 0053 02       		.uleb128 0x2
 119 0054 04       		.byte	0x4
 120 0055 07       		.byte	0x7
 121 0056 2E000000 		.4byte	.LASF5
 122 005a 02       		.uleb128 0x2
 123 005b 08       		.byte	0x8
 124 005c 05       		.byte	0x5
 125 005d 00000000 		.4byte	.LASF6
 126 0061 02       		.uleb128 0x2
 127 0062 08       		.byte	0x8
 128 0063 07       		.byte	0x7
 129 0064 40000000 		.4byte	.LASF7
 130 0068 04       		.uleb128 0x4
 131 0069 04       		.byte	0x4
 132 006a 05       		.byte	0x5
 133 006b 696E7400 		.ascii	"int\000"
 134 006f 02       		.uleb128 0x2
 135 0070 04       		.byte	0x4
 136 0071 07       		.byte	0x7
 137 0072 21000000 		.4byte	.LASF8
 138 0076 03       		.uleb128 0x3
 139 0077 CF010000 		.4byte	.LASF10
 140 007b 03       		.byte	0x3
 141 007c 2C       		.byte	0x2c
 142 007d 41000000 		.4byte	0x41
 143 0081 02       		.uleb128 0x2
 144 0082 04       		.byte	0x4
 145 0083 04       		.byte	0x4
 146 0084 AD010000 		.4byte	.LASF11
 147 0088 02       		.uleb128 0x2
 148 0089 08       		.byte	0x8
 149 008a 04       		.byte	0x4
 150 008b 60010000 		.4byte	.LASF12
 151 008f 02       		.uleb128 0x2
 152 0090 01       		.byte	0x1
 153 0091 08       		.byte	0x8
 154 0092 C4000000 		.4byte	.LASF13
 155 0096 02       		.uleb128 0x2
 156 0097 04       		.byte	0x4
 157 0098 07       		.byte	0x7
 158 0099 D7010000 		.4byte	.LASF14
 159 009d 02       		.uleb128 0x2
 160 009e 08       		.byte	0x8
 161 009f 04       		.byte	0x4
 162 00a0 86010000 		.4byte	.LASF15
 163 00a4 02       		.uleb128 0x2
 164 00a5 01       		.byte	0x1
 165 00a6 02       		.byte	0x2
 166 00a7 67010000 		.4byte	.LASF16
 167 00ab 05       		.uleb128 0x5
<<<<<<< HEAD
 168 00ac B3010000 		.4byte	.LASF20
ARM GAS  C:\Users\RECEPC~1\AppData\Local\Temp\cchfr3iz.s 			page 5
=======
 168 00ac B2010000 		.4byte	.LASF20
ARM GAS  C:\Users\Lenovo\AppData\Local\Temp\cceGYsuA.s 			page 5
>>>>>>> 5d99cc67d951a7f3c0e17af4c7fa457321941ad2


 169 00b0 01       		.byte	0x1
 170 00b1 25       		.byte	0x25
 171 00b2 00000000 		.4byte	.LFB63
 172 00b6 46000000 		.4byte	.LFE63-.LFB63
 173 00ba 01       		.uleb128 0x1
 174 00bb 9C       		.byte	0x9c
 175 00bc 06       		.uleb128 0x6
 176 00bd 6D010000 		.4byte	.LASF21
 177 00c1 04       		.byte	0x4
 178 00c2 5506     		.2byte	0x655
 179 00c4 C8000000 		.4byte	0xc8
 180 00c8 07       		.uleb128 0x7
 181 00c9 76000000 		.4byte	0x76
 182 00cd 00       		.byte	0
 183              		.section	.debug_abbrev,"",%progbits
 184              	.Ldebug_abbrev0:
 185 0000 01       		.uleb128 0x1
 186 0001 11       		.uleb128 0x11
 187 0002 01       		.byte	0x1
 188 0003 25       		.uleb128 0x25
 189 0004 0E       		.uleb128 0xe
 190 0005 13       		.uleb128 0x13
 191 0006 0B       		.uleb128 0xb
 192 0007 03       		.uleb128 0x3
 193 0008 0E       		.uleb128 0xe
 194 0009 1B       		.uleb128 0x1b
 195 000a 0E       		.uleb128 0xe
 196 000b 55       		.uleb128 0x55
 197 000c 17       		.uleb128 0x17
 198 000d 11       		.uleb128 0x11
 199 000e 01       		.uleb128 0x1
 200 000f 10       		.uleb128 0x10
 201 0010 17       		.uleb128 0x17
 202 0011 00       		.byte	0
 203 0012 00       		.byte	0
 204 0013 02       		.uleb128 0x2
 205 0014 24       		.uleb128 0x24
 206 0015 00       		.byte	0
 207 0016 0B       		.uleb128 0xb
 208 0017 0B       		.uleb128 0xb
 209 0018 3E       		.uleb128 0x3e
 210 0019 0B       		.uleb128 0xb
 211 001a 03       		.uleb128 0x3
 212 001b 0E       		.uleb128 0xe
 213 001c 00       		.byte	0
 214 001d 00       		.byte	0
 215 001e 03       		.uleb128 0x3
 216 001f 16       		.uleb128 0x16
 217 0020 00       		.byte	0
 218 0021 03       		.uleb128 0x3
 219 0022 0E       		.uleb128 0xe
 220 0023 3A       		.uleb128 0x3a
 221 0024 0B       		.uleb128 0xb
 222 0025 3B       		.uleb128 0x3b
 223 0026 0B       		.uleb128 0xb
 224 0027 49       		.uleb128 0x49
 225 0028 13       		.uleb128 0x13
<<<<<<< HEAD
ARM GAS  C:\Users\RECEPC~1\AppData\Local\Temp\cchfr3iz.s 			page 6
=======
ARM GAS  C:\Users\Lenovo\AppData\Local\Temp\cceGYsuA.s 			page 6
>>>>>>> 5d99cc67d951a7f3c0e17af4c7fa457321941ad2


 226 0029 00       		.byte	0
 227 002a 00       		.byte	0
 228 002b 04       		.uleb128 0x4
 229 002c 24       		.uleb128 0x24
 230 002d 00       		.byte	0
 231 002e 0B       		.uleb128 0xb
 232 002f 0B       		.uleb128 0xb
 233 0030 3E       		.uleb128 0x3e
 234 0031 0B       		.uleb128 0xb
 235 0032 03       		.uleb128 0x3
 236 0033 08       		.uleb128 0x8
 237 0034 00       		.byte	0
 238 0035 00       		.byte	0
 239 0036 05       		.uleb128 0x5
 240 0037 2E       		.uleb128 0x2e
 241 0038 00       		.byte	0
 242 0039 3F       		.uleb128 0x3f
 243 003a 19       		.uleb128 0x19
 244 003b 03       		.uleb128 0x3
 245 003c 0E       		.uleb128 0xe
 246 003d 3A       		.uleb128 0x3a
 247 003e 0B       		.uleb128 0xb
 248 003f 3B       		.uleb128 0x3b
 249 0040 0B       		.uleb128 0xb
 250 0041 11       		.uleb128 0x11
 251 0042 01       		.uleb128 0x1
 252 0043 12       		.uleb128 0x12
 253 0044 06       		.uleb128 0x6
 254 0045 40       		.uleb128 0x40
 255 0046 18       		.uleb128 0x18
 256 0047 9642     		.uleb128 0x2116
 257 0049 19       		.uleb128 0x19
 258 004a 00       		.byte	0
 259 004b 00       		.byte	0
 260 004c 06       		.uleb128 0x6
 261 004d 34       		.uleb128 0x34
 262 004e 00       		.byte	0
 263 004f 03       		.uleb128 0x3
 264 0050 0E       		.uleb128 0xe
 265 0051 3A       		.uleb128 0x3a
 266 0052 0B       		.uleb128 0xb
 267 0053 3B       		.uleb128 0x3b
 268 0054 05       		.uleb128 0x5
 269 0055 49       		.uleb128 0x49
 270 0056 13       		.uleb128 0x13
 271 0057 3F       		.uleb128 0x3f
 272 0058 19       		.uleb128 0x19
 273 0059 3C       		.uleb128 0x3c
 274 005a 19       		.uleb128 0x19
 275 005b 00       		.byte	0
 276 005c 00       		.byte	0
 277 005d 07       		.uleb128 0x7
 278 005e 35       		.uleb128 0x35
 279 005f 00       		.byte	0
 280 0060 49       		.uleb128 0x49
 281 0061 13       		.uleb128 0x13
 282 0062 00       		.byte	0
<<<<<<< HEAD
ARM GAS  C:\Users\RECEPC~1\AppData\Local\Temp\cchfr3iz.s 			page 7
=======
ARM GAS  C:\Users\Lenovo\AppData\Local\Temp\cceGYsuA.s 			page 7
>>>>>>> 5d99cc67d951a7f3c0e17af4c7fa457321941ad2


 283 0063 00       		.byte	0
 284 0064 00       		.byte	0
 285              		.section	.debug_aranges,"",%progbits
 286 0000 1C000000 		.4byte	0x1c
 287 0004 0200     		.2byte	0x2
 288 0006 00000000 		.4byte	.Ldebug_info0
 289 000a 04       		.byte	0x4
 290 000b 00       		.byte	0
 291 000c 0000     		.2byte	0
 292 000e 0000     		.2byte	0
 293 0010 00000000 		.4byte	.LFB63
 294 0014 46000000 		.4byte	.LFE63-.LFB63
 295 0018 00000000 		.4byte	0
 296 001c 00000000 		.4byte	0
 297              		.section	.debug_ranges,"",%progbits
 298              	.Ldebug_ranges0:
 299 0000 00000000 		.4byte	.LFB63
 300 0004 46000000 		.4byte	.LFE63
 301 0008 00000000 		.4byte	0
 302 000c 00000000 		.4byte	0
 303              		.section	.debug_line,"",%progbits
 304              	.Ldebug_line0:
 305 0000 6A010000 		.section	.debug_str,"MS",%progbits,1
 305      02004401 
 305      00000201 
 305      FB0E0D00 
 305      01010101 
 306              	.LASF6:
 307 0000 6C6F6E67 		.ascii	"long long int\000"
 307      206C6F6E 
 307      6720696E 
 307      7400
 308              	.LASF3:
 309 000e 73686F72 		.ascii	"short unsigned int\000"
 309      7420756E 
 309      7369676E 
 309      65642069 
 309      6E7400
 310              	.LASF8:
 311 0021 756E7369 		.ascii	"unsigned int\000"
 311      676E6564 
 311      20696E74 
 311      00
 312              	.LASF5:
 313 002e 6C6F6E67 		.ascii	"long unsigned int\000"
 313      20756E73 
 313      69676E65 
 313      6420696E 
 313      7400
 314              	.LASF7:
 315 0040 6C6F6E67 		.ascii	"long long unsigned int\000"
 315      206C6F6E 
 315      6720756E 
 315      7369676E 
 315      65642069 
<<<<<<< HEAD
 316              	.LASF19:
 317 0057 433A5C54 		.ascii	"C:\\TeamInsepet\\NSX-Prime\\Hardware\\CorEx-MUX-Ker"
ARM GAS  C:\Users\RECEPC~1\AppData\Local\Temp\cchfr3iz.s 			page 8
=======
 316              	.LASF1:
 317 0057 756E7369 		.ascii	"unsigned char\000"
ARM GAS  C:\Users\Lenovo\AppData\Local\Temp\cceGYsuA.s 			page 8
>>>>>>> 5d99cc67d951a7f3c0e17af4c7fa457321941ad2


 317      65616D49 
 317      6E736570 
 317      65745C4E 
 317      53582D50 
 318 0086 6E656C2D 		.ascii	"nel-Enhanced\\Workspace01\\CorEx-Mux-Kernel.cydsn\000"
 318      456E6861 
 318      6E636564 
 318      5C576F72 
 318      6B737061 
 319              	.LASF1:
 320 00b6 756E7369 		.ascii	"unsigned char\000"
 320      676E6564 
 320      20636861 
 320      7200
 321              	.LASF13:
 322 00c4 63686172 		.ascii	"char\000"
 322      00
 323              	.LASF4:
 324 00c9 6C6F6E67 		.ascii	"long int\000"
 324      20696E74 
 324      00
 325              	.LASF17:
 326 00d2 474E5520 		.ascii	"GNU C 4.9.3 20150303 (release) [ARM/embedded-4_9-br"
 326      4320342E 
 326      392E3320 
 326      32303135 
 326      30333033 
 327 0105 616E6368 		.ascii	"anch revision 221220] -mcpu=cortex-m3 -mthumb -g -O"
 327      20726576 
 327      6973696F 
 327      6E203232 
 327      31323230 
 328 0138 30202D66 		.ascii	"0 -ffunction-sections -ffat-lto-objects\000"
 328      66756E63 
 328      74696F6E 
 328      2D736563 
 328      74696F6E 
 329              	.LASF12:
 330 0160 646F7562 		.ascii	"double\000"
 330      6C6500
 331              	.LASF16:
 332 0167 5F426F6F 		.ascii	"_Bool\000"
 332      6C00
 333              	.LASF21:
 334 016d 49544D5F 		.ascii	"ITM_RxBuffer\000"
 334      52784275 
 334      66666572 
 334      00
 335              	.LASF0:
 336 017a 7369676E 		.ascii	"signed char\000"
 336      65642063 
 336      68617200 
 337              	.LASF15:
 338 0186 6C6F6E67 		.ascii	"long double\000"
 338      20646F75 
 338      626C6500 
 339              	.LASF9:
<<<<<<< HEAD
ARM GAS  C:\Users\RECEPC~1\AppData\Local\Temp\cchfr3iz.s 			page 9
=======
ARM GAS  C:\Users\Lenovo\AppData\Local\Temp\cceGYsuA.s 			page 9
>>>>>>> 5d99cc67d951a7f3c0e17af4c7fa457321941ad2


 340 0192 5F5F696E 		.ascii	"__int32_t\000"
 340      7433325F 
 340      7400
 341              	.LASF18:
 342 019c 2E5C496E 		.ascii	".\\Initializers.c\000"
 342      69746961 
 342      6C697A65 
 342      72732E63 
 342      00
 343              	.LASF11:
 344 01ad 666C6F61 		.ascii	"float\000"
 344      7400
 345              	.LASF20:
 346 01b3 476C6F62 		.ascii	"GlobalInitializer\000"
 346      616C496E 
 346      69746961 
 346      6C697A65 
 346      7200
 347              	.LASF2:
 348 01c5 73686F72 		.ascii	"short int\000"
 348      7420696E 
 348      7400
 349              	.LASF10:
 350 01cf 696E7433 		.ascii	"int32_t\000"
 350      325F7400 
 351              	.LASF14:
 352 01d7 73697A65 		.ascii	"sizetype\000"
 352      74797065 
 352      00
 353              		.ident	"GCC: (GNU Tools for ARM Embedded Processors) 4.9.3 20150303 (release) [ARM/embedded-4_9-br
