ARM GAS  C:\Users\Lenovo\AppData\Local\Temp\ccfBpJLK.s 			page 1


   1              		.syntax unified
   2              		.cpu cortex-m3
   3              		.fpu softvfp
   4              		.eabi_attribute 20, 1
   5              		.eabi_attribute 21, 1
   6              		.eabi_attribute 23, 3
   7              		.eabi_attribute 24, 1
   8              		.eabi_attribute 25, 1
   9              		.eabi_attribute 26, 1
  10              		.eabi_attribute 30, 6
  11              		.eabi_attribute 34, 1
  12              		.eabi_attribute 18, 4
  13              		.thumb
  14              		.file	"main.c"
  15              		.text
  16              	.Ltext0:
  17              		.cfi_sections	.debug_frame
  18              		.comm	HoseDispenser,1,1
  19              		.section	.text.main,"ax",%progbits
  20              		.align	2
  21              		.global	main
  22              		.thumb
  23              		.thumb_func
  24              		.type	main, %function
  25              	main:
  26              	.LFB63:
  27              		.file 1 ".\\main.c"
   1:.\main.c      **** /* ========================================
   2:.\main.c      ****  *
   3:.\main.c      ****  * Copyright INSEPET SISTEMAS, 2016
   4:.\main.c      ****  * All Rights Reserved
   5:.\main.c      ****  * UNPUBLISHED, LICENSED SOFTWARE.
   6:.\main.c      ****  *
   7:.\main.c      ****  * CONFIDENTIAL AND PROPRIETARY INFORMATION
   8:.\main.c      ****  * WHICH IS THE PROPERTY OF your company.
   9:.\main.c      ****  *
  10:.\main.c      ****  * ========================================
  11:.\main.c      **** @Created By: HIJH
  12:.\main.c      **** @Date: Septembre de 2016
  13:.\main.c      **** */
  14:.\main.c      **** #include <project.h>
  15:.\main.c      **** 
  16:.\main.c      **** #include "GlobalDefinitions.h"
  17:.\main.c      **** 
  18:.\main.c      **** #pragma long_calls
  19:.\main.c      **** /*
  20:.\main.c      **** @Created by HIJH
  21:.\main.c      **** @Date: Août 31 de 2016
  22:.\main.c      **** 
  23:.\main.c      **** ****** GLOBAL CONVENTIONS ****** 
  24:.\main.c      **** 
  25:.\main.c      **** - Global variables (those that have no parent "module") are preceded by an underscore "_"
  26:.\main.c      **** - Global constants are preceded by an underscore "_" and defined in UPPERCASE as a RULE
  27:.\main.c      **** - MACROS are some preceded by an underscore "_" and others don't. They are as a RULE defined in UPP
  28:.\main.c      **** - Global variables and types are prefixed with "_g_" to imply that are "Global"
  29:.\main.c      **** 
  30:.\main.c      **** There is a global loop handler that invokes all of the handled methods in the order they where push
ARM GAS  C:\Users\Lenovo\AppData\Local\Temp\ccfBpJLK.s 			page 2


  31:.\main.c      **** onto the Loop Queue. Take this into account in order to avoid weird behaviors.
  32:.\main.c      **** 
  33:.\main.c      **** As an example on how to push a method that will be running in the loop, one would make the followin
  34:.\main.c      **** 
  35:.\main.c      **** GLOBAL_LOOP_PUSH(YourMethodName);
  36:.\main.c      **** 
  37:.\main.c      **** Include the header file "globaldefinitions.h" to get access to this macro.
  38:.\main.c      **** 
  39:.\main.c      **** The preferred place to push your method is during the initialization phase, so put the initializati
  40:.\main.c      **** in the desired order according to the loop invocation order.
  41:.\main.c      **** 
  42:.\main.c      **** */
  43:.\main.c      **** 
  44:.\main.c      **** int main()
  45:.\main.c      **** {    
  28              		.loc 1 45 0
  29              		.cfi_startproc
  30              		@ args = 0, pretend = 0, frame = 0
  31              		@ frame_needed = 1, uses_anonymous_args = 0
  32 0000 80B5     		push	{r7, lr}
  33              		.cfi_def_cfa_offset 8
  34              		.cfi_offset 7, -8
  35              		.cfi_offset 14, -4
  36 0002 00AF     		add	r7, sp, #0
  37              		.cfi_def_cfa_register 7
  46:.\main.c      ****     CyGlobalIntEnable; /* Enable global interrupts. */
  38              		.loc 1 46 0
  39              	@ 46 ".\main.c" 1
  40 0004 62B6     		CPSIE   i
  41              	@ 0 "" 2
  47:.\main.c      ****     
  48:.\main.c      ****     //Setting the bus clock freq as reference for CyDelay functions
  49:.\main.c      ****     CyDelayFreq(0u);
  42              		.loc 1 49 0
  43              		.thumb
  44 0006 0020     		movs	r0, #0
  45 0008 FFF7FEFF 		bl	CyDelayFreq
  50:.\main.c      ****     /* 
  51:.\main.c      ****     Place your initialization/startup code here (e.g. MyInst_Start()) 
  52:.\main.c      ****     ******************************************************************
  53:.\main.c      ****     Take into account the GLOBAL LOOP order to make the push calls.
  54:.\main.c      ****     ******************************************************************    
  55:.\main.c      ****     */
  56:.\main.c      ****         
  57:.\main.c      ****     //First initialization delay
  58:.\main.c      ****     INITITALIZATION_DELAY0;
  46              		.loc 1 58 0
  47 000c 4FF47A70 		mov	r0, #1000
  48 0010 FFF7FEFF 		bl	CyDelay
  59:.\main.c      ****     //All of the initializers all invoked from the file "Initializers.c" located in the "Framework"
  60:.\main.c      ****     GlobalInitializer();
  49              		.loc 1 60 0
  50 0014 FFF7FEFF 		bl	GlobalInitializer
  61:.\main.c      ****     //Second initialization delay
  62:.\main.c      ****     INITITALIZATION_DELAY1;
  51              		.loc 1 62 0
  52 0018 4FF4FA70 		mov	r0, #500
ARM GAS  C:\Users\Lenovo\AppData\Local\Temp\ccfBpJLK.s 			page 3


  53 001c FFF7FEFF 		bl	CyDelay
  54              	.L2:
  63:.\main.c      ****     //Infinite loop over the whole registered handlers
  64:.\main.c      ****     LOOP_FOREVER;
  55              		.loc 1 64 0 discriminator 1
  56 0020 FFF7FEFF 		bl	loop_invoke
  57 0024 FCE7     		b	.L2
  58              		.cfi_endproc
  59              	.LFE63:
  60              		.size	main, .-main
  61 0026 00BF     		.text
  62              	.Letext0:
  63              		.file 2 "c:\\program files (x86)\\cypress\\psoc creator\\3.3\\psoc creator\\import\\gnu\\arm\\4.9.
  64              		.file 3 "c:\\program files (x86)\\cypress\\psoc creator\\3.3\\psoc creator\\import\\gnu\\arm\\4.9.
  65              		.file 4 "Generated_Source\\PSoC5/cytypes.h"
  66              		.file 5 "Generated_Source\\PSoC5/core_cm3.h"
  67              		.file 6 ".\\GlobalDefinitions.h"
  68              		.section	.debug_info,"",%progbits
  69              	.Ldebug_info0:
  70 0000 E4000000 		.4byte	0xe4
  71 0004 0400     		.2byte	0x4
  72 0006 00000000 		.4byte	.Ldebug_abbrev0
  73 000a 04       		.byte	0x4
  74 000b 01       		.uleb128 0x1
  75 000c 8C000000 		.4byte	.LASF19
  76 0010 01       		.byte	0x1
  77 0011 1A010000 		.4byte	.LASF20
  78 0015 23010000 		.4byte	.LASF21
  79 0019 00000000 		.4byte	.Ldebug_ranges0+0
  80 001d 00000000 		.4byte	0
  81 0021 00000000 		.4byte	.Ldebug_line0
  82 0025 02       		.uleb128 0x2
  83 0026 01       		.byte	0x1
  84 0027 06       		.byte	0x6
  85 0028 95010000 		.4byte	.LASF0
  86 002c 02       		.uleb128 0x2
  87 002d 01       		.byte	0x1
  88 002e 08       		.byte	0x8
  89 002f 70000000 		.4byte	.LASF1
  90 0033 02       		.uleb128 0x2
  91 0034 02       		.byte	0x2
  92 0035 05       		.byte	0x5
  93 0036 BD010000 		.4byte	.LASF2
  94 003a 02       		.uleb128 0x2
  95 003b 02       		.byte	0x2
  96 003c 07       		.byte	0x7
  97 003d 0E000000 		.4byte	.LASF3
  98 0041 03       		.uleb128 0x3
  99 0042 AD010000 		.4byte	.LASF9
 100 0046 02       		.byte	0x2
 101 0047 3F       		.byte	0x3f
 102 0048 4C000000 		.4byte	0x4c
 103 004c 02       		.uleb128 0x2
 104 004d 04       		.byte	0x4
 105 004e 05       		.byte	0x5
 106 004f 83000000 		.4byte	.LASF4
 107 0053 02       		.uleb128 0x2
ARM GAS  C:\Users\Lenovo\AppData\Local\Temp\ccfBpJLK.s 			page 4


 108 0054 04       		.byte	0x4
 109 0055 07       		.byte	0x7
 110 0056 39000000 		.4byte	.LASF5
 111 005a 02       		.uleb128 0x2
 112 005b 08       		.byte	0x8
 113 005c 05       		.byte	0x5
 114 005d 00000000 		.4byte	.LASF6
 115 0061 02       		.uleb128 0x2
 116 0062 08       		.byte	0x8
 117 0063 07       		.byte	0x7
 118 0064 4B000000 		.4byte	.LASF7
 119 0068 04       		.uleb128 0x4
 120 0069 04       		.byte	0x4
 121 006a 05       		.byte	0x5
 122 006b 696E7400 		.ascii	"int\000"
 123 006f 02       		.uleb128 0x2
 124 0070 04       		.byte	0x4
 125 0071 07       		.byte	0x7
 126 0072 21000000 		.4byte	.LASF8
 127 0076 03       		.uleb128 0x3
 128 0077 C7010000 		.4byte	.LASF10
 129 007b 03       		.byte	0x3
 130 007c 2C       		.byte	0x2c
 131 007d 41000000 		.4byte	0x41
 132 0081 05       		.uleb128 0x5
 133 0082 33000000 		.4byte	.LASF11
 134 0086 04       		.byte	0x4
 135 0087 3801     		.2byte	0x138
 136 0089 2C000000 		.4byte	0x2c
 137 008d 02       		.uleb128 0x2
 138 008e 04       		.byte	0x4
 139 008f 04       		.byte	0x4
 140 0090 B7010000 		.4byte	.LASF12
 141 0094 02       		.uleb128 0x2
 142 0095 08       		.byte	0x8
 143 0096 04       		.byte	0x4
 144 0097 81010000 		.4byte	.LASF13
 145 009b 02       		.uleb128 0x2
 146 009c 01       		.byte	0x1
 147 009d 08       		.byte	0x8
 148 009e 7E000000 		.4byte	.LASF14
 149 00a2 02       		.uleb128 0x2
 150 00a3 04       		.byte	0x4
 151 00a4 07       		.byte	0x7
 152 00a5 CF010000 		.4byte	.LASF15
 153 00a9 02       		.uleb128 0x2
 154 00aa 08       		.byte	0x8
 155 00ab 04       		.byte	0x4
 156 00ac A1010000 		.4byte	.LASF16
 157 00b0 06       		.uleb128 0x6
 158 00b1 2E000000 		.4byte	.LASF22
 159 00b5 01       		.byte	0x1
 160 00b6 2C       		.byte	0x2c
 161 00b7 68000000 		.4byte	0x68
 162 00bb 00000000 		.4byte	.LFB63
 163 00bf 26000000 		.4byte	.LFE63-.LFB63
 164 00c3 01       		.uleb128 0x1
ARM GAS  C:\Users\Lenovo\AppData\Local\Temp\ccfBpJLK.s 			page 5


 165 00c4 9C       		.byte	0x9c
 166 00c5 07       		.uleb128 0x7
 167 00c6 88010000 		.4byte	.LASF17
 168 00ca 05       		.byte	0x5
 169 00cb 5506     		.2byte	0x655
 170 00cd D1000000 		.4byte	0xd1
 171 00d1 08       		.uleb128 0x8
 172 00d2 76000000 		.4byte	0x76
 173 00d6 09       		.uleb128 0x9
 174 00d7 62000000 		.4byte	.LASF18
 175 00db 06       		.byte	0x6
 176 00dc 52       		.byte	0x52
 177 00dd 81000000 		.4byte	0x81
 178 00e1 05       		.uleb128 0x5
 179 00e2 03       		.byte	0x3
 180 00e3 00000000 		.4byte	HoseDispenser
 181 00e7 00       		.byte	0
 182              		.section	.debug_abbrev,"",%progbits
 183              	.Ldebug_abbrev0:
 184 0000 01       		.uleb128 0x1
 185 0001 11       		.uleb128 0x11
 186 0002 01       		.byte	0x1
 187 0003 25       		.uleb128 0x25
 188 0004 0E       		.uleb128 0xe
 189 0005 13       		.uleb128 0x13
 190 0006 0B       		.uleb128 0xb
 191 0007 03       		.uleb128 0x3
 192 0008 0E       		.uleb128 0xe
 193 0009 1B       		.uleb128 0x1b
 194 000a 0E       		.uleb128 0xe
 195 000b 55       		.uleb128 0x55
 196 000c 17       		.uleb128 0x17
 197 000d 11       		.uleb128 0x11
 198 000e 01       		.uleb128 0x1
 199 000f 10       		.uleb128 0x10
 200 0010 17       		.uleb128 0x17
 201 0011 00       		.byte	0
 202 0012 00       		.byte	0
 203 0013 02       		.uleb128 0x2
 204 0014 24       		.uleb128 0x24
 205 0015 00       		.byte	0
 206 0016 0B       		.uleb128 0xb
 207 0017 0B       		.uleb128 0xb
 208 0018 3E       		.uleb128 0x3e
 209 0019 0B       		.uleb128 0xb
 210 001a 03       		.uleb128 0x3
 211 001b 0E       		.uleb128 0xe
 212 001c 00       		.byte	0
 213 001d 00       		.byte	0
 214 001e 03       		.uleb128 0x3
 215 001f 16       		.uleb128 0x16
 216 0020 00       		.byte	0
 217 0021 03       		.uleb128 0x3
 218 0022 0E       		.uleb128 0xe
 219 0023 3A       		.uleb128 0x3a
 220 0024 0B       		.uleb128 0xb
 221 0025 3B       		.uleb128 0x3b
ARM GAS  C:\Users\Lenovo\AppData\Local\Temp\ccfBpJLK.s 			page 6


 222 0026 0B       		.uleb128 0xb
 223 0027 49       		.uleb128 0x49
 224 0028 13       		.uleb128 0x13
 225 0029 00       		.byte	0
 226 002a 00       		.byte	0
 227 002b 04       		.uleb128 0x4
 228 002c 24       		.uleb128 0x24
 229 002d 00       		.byte	0
 230 002e 0B       		.uleb128 0xb
 231 002f 0B       		.uleb128 0xb
 232 0030 3E       		.uleb128 0x3e
 233 0031 0B       		.uleb128 0xb
 234 0032 03       		.uleb128 0x3
 235 0033 08       		.uleb128 0x8
 236 0034 00       		.byte	0
 237 0035 00       		.byte	0
 238 0036 05       		.uleb128 0x5
 239 0037 16       		.uleb128 0x16
 240 0038 00       		.byte	0
 241 0039 03       		.uleb128 0x3
 242 003a 0E       		.uleb128 0xe
 243 003b 3A       		.uleb128 0x3a
 244 003c 0B       		.uleb128 0xb
 245 003d 3B       		.uleb128 0x3b
 246 003e 05       		.uleb128 0x5
 247 003f 49       		.uleb128 0x49
 248 0040 13       		.uleb128 0x13
 249 0041 00       		.byte	0
 250 0042 00       		.byte	0
 251 0043 06       		.uleb128 0x6
 252 0044 2E       		.uleb128 0x2e
 253 0045 00       		.byte	0
 254 0046 3F       		.uleb128 0x3f
 255 0047 19       		.uleb128 0x19
 256 0048 03       		.uleb128 0x3
 257 0049 0E       		.uleb128 0xe
 258 004a 3A       		.uleb128 0x3a
 259 004b 0B       		.uleb128 0xb
 260 004c 3B       		.uleb128 0x3b
 261 004d 0B       		.uleb128 0xb
 262 004e 49       		.uleb128 0x49
 263 004f 13       		.uleb128 0x13
 264 0050 11       		.uleb128 0x11
 265 0051 01       		.uleb128 0x1
 266 0052 12       		.uleb128 0x12
 267 0053 06       		.uleb128 0x6
 268 0054 40       		.uleb128 0x40
 269 0055 18       		.uleb128 0x18
 270 0056 9642     		.uleb128 0x2116
 271 0058 19       		.uleb128 0x19
 272 0059 00       		.byte	0
 273 005a 00       		.byte	0
 274 005b 07       		.uleb128 0x7
 275 005c 34       		.uleb128 0x34
 276 005d 00       		.byte	0
 277 005e 03       		.uleb128 0x3
 278 005f 0E       		.uleb128 0xe
ARM GAS  C:\Users\Lenovo\AppData\Local\Temp\ccfBpJLK.s 			page 7


 279 0060 3A       		.uleb128 0x3a
 280 0061 0B       		.uleb128 0xb
 281 0062 3B       		.uleb128 0x3b
 282 0063 05       		.uleb128 0x5
 283 0064 49       		.uleb128 0x49
 284 0065 13       		.uleb128 0x13
 285 0066 3F       		.uleb128 0x3f
 286 0067 19       		.uleb128 0x19
 287 0068 3C       		.uleb128 0x3c
 288 0069 19       		.uleb128 0x19
 289 006a 00       		.byte	0
 290 006b 00       		.byte	0
 291 006c 08       		.uleb128 0x8
 292 006d 35       		.uleb128 0x35
 293 006e 00       		.byte	0
 294 006f 49       		.uleb128 0x49
 295 0070 13       		.uleb128 0x13
 296 0071 00       		.byte	0
 297 0072 00       		.byte	0
 298 0073 09       		.uleb128 0x9
 299 0074 34       		.uleb128 0x34
 300 0075 00       		.byte	0
 301 0076 03       		.uleb128 0x3
 302 0077 0E       		.uleb128 0xe
 303 0078 3A       		.uleb128 0x3a
 304 0079 0B       		.uleb128 0xb
 305 007a 3B       		.uleb128 0x3b
 306 007b 0B       		.uleb128 0xb
 307 007c 49       		.uleb128 0x49
 308 007d 13       		.uleb128 0x13
 309 007e 3F       		.uleb128 0x3f
 310 007f 19       		.uleb128 0x19
 311 0080 02       		.uleb128 0x2
 312 0081 18       		.uleb128 0x18
 313 0082 00       		.byte	0
 314 0083 00       		.byte	0
 315 0084 00       		.byte	0
 316              		.section	.debug_aranges,"",%progbits
 317 0000 1C000000 		.4byte	0x1c
 318 0004 0200     		.2byte	0x2
 319 0006 00000000 		.4byte	.Ldebug_info0
 320 000a 04       		.byte	0x4
 321 000b 00       		.byte	0
 322 000c 0000     		.2byte	0
 323 000e 0000     		.2byte	0
 324 0010 00000000 		.4byte	.LFB63
 325 0014 26000000 		.4byte	.LFE63-.LFB63
 326 0018 00000000 		.4byte	0
 327 001c 00000000 		.4byte	0
 328              		.section	.debug_ranges,"",%progbits
 329              	.Ldebug_ranges0:
 330 0000 00000000 		.4byte	.LFB63
 331 0004 26000000 		.4byte	.LFE63
 332 0008 00000000 		.4byte	0
 333 000c 00000000 		.4byte	0
 334              		.section	.debug_line,"",%progbits
 335              	.Ldebug_line0:
ARM GAS  C:\Users\Lenovo\AppData\Local\Temp\ccfBpJLK.s 			page 8


 336 0000 83010000 		.section	.debug_str,"MS",%progbits,1
 336      02006201 
 336      00000201 
 336      FB0E0D00 
 336      01010101 
 337              	.LASF6:
 338 0000 6C6F6E67 		.ascii	"long long int\000"
 338      206C6F6E 
 338      6720696E 
 338      7400
 339              	.LASF3:
 340 000e 73686F72 		.ascii	"short unsigned int\000"
 340      7420756E 
 340      7369676E 
 340      65642069 
 340      6E7400
 341              	.LASF8:
 342 0021 756E7369 		.ascii	"unsigned int\000"
 342      676E6564 
 342      20696E74 
 342      00
 343              	.LASF22:
 344 002e 6D61696E 		.ascii	"main\000"
 344      00
 345              	.LASF11:
 346 0033 75696E74 		.ascii	"uint8\000"
 346      3800
 347              	.LASF5:
 348 0039 6C6F6E67 		.ascii	"long unsigned int\000"
 348      20756E73 
 348      69676E65 
 348      6420696E 
 348      7400
 349              	.LASF7:
 350 004b 6C6F6E67 		.ascii	"long long unsigned int\000"
 350      206C6F6E 
 350      6720756E 
 350      7369676E 
 350      65642069 
 351              	.LASF18:
 352 0062 486F7365 		.ascii	"HoseDispenser\000"
 352      44697370 
 352      656E7365 
 352      7200
 353              	.LASF1:
 354 0070 756E7369 		.ascii	"unsigned char\000"
 354      676E6564 
 354      20636861 
 354      7200
 355              	.LASF14:
 356 007e 63686172 		.ascii	"char\000"
 356      00
 357              	.LASF4:
 358 0083 6C6F6E67 		.ascii	"long int\000"
 358      20696E74 
 358      00
 359              	.LASF19:
ARM GAS  C:\Users\Lenovo\AppData\Local\Temp\ccfBpJLK.s 			page 9


 360 008c 474E5520 		.ascii	"GNU C 4.9.3 20150303 (release) [ARM/embedded-4_9-br"
 360      4320342E 
 360      392E3320 
 360      32303135 
 360      30333033 
 361 00bf 616E6368 		.ascii	"anch revision 221220] -mcpu=cortex-m3 -mthumb -g -O"
 361      20726576 
 361      6973696F 
 361      6E203232 
 361      31323230 
 362 00f2 30202D66 		.ascii	"0 -ffunction-sections -ffat-lto-objects\000"
 362      66756E63 
 362      74696F6E 
 362      2D736563 
 362      74696F6E 
 363              	.LASF20:
 364 011a 2E5C6D61 		.ascii	".\\main.c\000"
 364      696E2E63 
 364      00
 365              	.LASF21:
 366 0123 433A5C55 		.ascii	"C:\\Users\\Lenovo\\Documents\\GitHub\\CorEx-MUX-Ker"
 366      73657273 
 366      5C4C656E 
 366      6F766F5C 
 366      446F6375 
 367 0151 6E656C2D 		.ascii	"nel-Enhanced\\Workspace01\\CorEx-Mux-Kernel.cydsn\000"
 367      456E6861 
 367      6E636564 
 367      5C576F72 
 367      6B737061 
 368              	.LASF13:
 369 0181 646F7562 		.ascii	"double\000"
 369      6C6500
 370              	.LASF17:
 371 0188 49544D5F 		.ascii	"ITM_RxBuffer\000"
 371      52784275 
 371      66666572 
 371      00
 372              	.LASF0:
 373 0195 7369676E 		.ascii	"signed char\000"
 373      65642063 
 373      68617200 
 374              	.LASF16:
 375 01a1 6C6F6E67 		.ascii	"long double\000"
 375      20646F75 
 375      626C6500 
 376              	.LASF9:
 377 01ad 5F5F696E 		.ascii	"__int32_t\000"
 377      7433325F 
 377      7400
 378              	.LASF12:
 379 01b7 666C6F61 		.ascii	"float\000"
 379      7400
 380              	.LASF2:
 381 01bd 73686F72 		.ascii	"short int\000"
 381      7420696E 
 381      7400
ARM GAS  C:\Users\Lenovo\AppData\Local\Temp\ccfBpJLK.s 			page 10


 382              	.LASF10:
 383 01c7 696E7433 		.ascii	"int32_t\000"
 383      325F7400 
 384              	.LASF15:
 385 01cf 73697A65 		.ascii	"sizetype\000"
 385      74797065 
 385      00
 386              		.ident	"GCC: (GNU Tools for ARM Embedded Processors) 4.9.3 20150303 (release) [ARM/embedded-4_9-br
