ARM GAS  C:\Users\Lenovo\AppData\Local\Temp\ccmt8COZ.s 			page 1


   1              		.syntax unified
   2              		.cpu cortex-m3
   3              		.fpu softvfp
   4              		.eabi_attribute 20, 1
   5              		.eabi_attribute 21, 1
   6              		.eabi_attribute 23, 3
   7              		.eabi_attribute 24, 1
   8              		.eabi_attribute 25, 1
   9              		.eabi_attribute 26, 1
  10              		.eabi_attribute 30, 6
  11              		.eabi_attribute 34, 1
  12              		.eabi_attribute 18, 4
  13              		.thumb
  14              		.file	"Prime.c"
  15              		.text
  16              	.Ltext0:
  17              		.cfi_sections	.debug_frame
  18              	.Letext0:
  19              		.file 1 "c:\\program files (x86)\\cypress\\psoc creator\\3.3\\psoc creator\\import\\gnu\\arm\\4.9.
  20              		.file 2 "c:\\program files (x86)\\cypress\\psoc creator\\3.3\\psoc creator\\import\\gnu\\arm\\4.9.
  21              		.file 3 "Generated_Source\\PSoC5/core_cm3.h"
  22              		.section	.debug_info,"",%progbits
  23              	.Ldebug_info0:
  24 0000 B1000000 		.4byte	0xb1
  25 0004 0400     		.2byte	0x4
  26 0006 00000000 		.4byte	.Ldebug_abbrev0
  27 000a 04       		.byte	0x4
  28 000b 01       		.uleb128 0x1
  29 000c 73000000 		.4byte	.LASF17
  30 0010 01       		.byte	0x1
  31 0011 B3010000 		.4byte	.LASF18
  32 0015 08010000 		.4byte	.LASF19
  33 0019 00000000 		.4byte	.Ldebug_line0
  34 001d 02       		.uleb128 0x2
  35 001e 01       		.byte	0x1
  36 001f 06       		.byte	0x6
  37 0020 79010000 		.4byte	.LASF0
  38 0024 02       		.uleb128 0x2
  39 0025 01       		.byte	0x1
  40 0026 08       		.byte	0x8
  41 0027 57000000 		.4byte	.LASF1
  42 002b 02       		.uleb128 0x2
  43 002c 02       		.byte	0x2
  44 002d 05       		.byte	0x5
  45 002e A1010000 		.4byte	.LASF2
  46 0032 02       		.uleb128 0x2
  47 0033 02       		.byte	0x2
  48 0034 07       		.byte	0x7
  49 0035 0E000000 		.4byte	.LASF3
  50 0039 03       		.uleb128 0x3
  51 003a 91010000 		.4byte	.LASF9
  52 003e 01       		.byte	0x1
  53 003f 3F       		.byte	0x3f
  54 0040 44000000 		.4byte	0x44
  55 0044 02       		.uleb128 0x2
  56 0045 04       		.byte	0x4
  57 0046 05       		.byte	0x5
ARM GAS  C:\Users\Lenovo\AppData\Local\Temp\ccmt8COZ.s 			page 2


  58 0047 6A000000 		.4byte	.LASF4
  59 004b 02       		.uleb128 0x2
  60 004c 04       		.byte	0x4
  61 004d 07       		.byte	0x7
  62 004e 2E000000 		.4byte	.LASF5
  63 0052 02       		.uleb128 0x2
  64 0053 08       		.byte	0x8
  65 0054 05       		.byte	0x5
  66 0055 00000000 		.4byte	.LASF6
  67 0059 02       		.uleb128 0x2
  68 005a 08       		.byte	0x8
  69 005b 07       		.byte	0x7
  70 005c 40000000 		.4byte	.LASF7
  71 0060 04       		.uleb128 0x4
  72 0061 04       		.byte	0x4
  73 0062 05       		.byte	0x5
  74 0063 696E7400 		.ascii	"int\000"
  75 0067 02       		.uleb128 0x2
  76 0068 04       		.byte	0x4
  77 0069 07       		.byte	0x7
  78 006a 21000000 		.4byte	.LASF8
  79 006e 03       		.uleb128 0x3
  80 006f AB010000 		.4byte	.LASF10
  81 0073 02       		.byte	0x2
  82 0074 2C       		.byte	0x2c
  83 0075 39000000 		.4byte	0x39
  84 0079 02       		.uleb128 0x2
  85 007a 04       		.byte	0x4
  86 007b 04       		.byte	0x4
  87 007c 9B010000 		.4byte	.LASF11
  88 0080 02       		.uleb128 0x2
  89 0081 08       		.byte	0x8
  90 0082 04       		.byte	0x4
  91 0083 01010000 		.4byte	.LASF12
  92 0087 02       		.uleb128 0x2
  93 0088 01       		.byte	0x1
  94 0089 08       		.byte	0x8
  95 008a 65000000 		.4byte	.LASF13
  96 008e 02       		.uleb128 0x2
  97 008f 04       		.byte	0x4
  98 0090 07       		.byte	0x7
  99 0091 BD010000 		.4byte	.LASF14
 100 0095 02       		.uleb128 0x2
 101 0096 08       		.byte	0x8
 102 0097 04       		.byte	0x4
 103 0098 85010000 		.4byte	.LASF15
 104 009c 02       		.uleb128 0x2
 105 009d 01       		.byte	0x1
 106 009e 02       		.byte	0x2
 107 009f 66010000 		.4byte	.LASF16
 108 00a3 05       		.uleb128 0x5
 109 00a4 6C010000 		.4byte	.LASF20
 110 00a8 03       		.byte	0x3
 111 00a9 5506     		.2byte	0x655
 112 00ab AF000000 		.4byte	0xaf
 113 00af 06       		.uleb128 0x6
 114 00b0 6E000000 		.4byte	0x6e
ARM GAS  C:\Users\Lenovo\AppData\Local\Temp\ccmt8COZ.s 			page 3


 115 00b4 00       		.byte	0
 116              		.section	.debug_abbrev,"",%progbits
 117              	.Ldebug_abbrev0:
 118 0000 01       		.uleb128 0x1
 119 0001 11       		.uleb128 0x11
 120 0002 01       		.byte	0x1
 121 0003 25       		.uleb128 0x25
 122 0004 0E       		.uleb128 0xe
 123 0005 13       		.uleb128 0x13
 124 0006 0B       		.uleb128 0xb
 125 0007 03       		.uleb128 0x3
 126 0008 0E       		.uleb128 0xe
 127 0009 1B       		.uleb128 0x1b
 128 000a 0E       		.uleb128 0xe
 129 000b 10       		.uleb128 0x10
 130 000c 17       		.uleb128 0x17
 131 000d 00       		.byte	0
 132 000e 00       		.byte	0
 133 000f 02       		.uleb128 0x2
 134 0010 24       		.uleb128 0x24
 135 0011 00       		.byte	0
 136 0012 0B       		.uleb128 0xb
 137 0013 0B       		.uleb128 0xb
 138 0014 3E       		.uleb128 0x3e
 139 0015 0B       		.uleb128 0xb
 140 0016 03       		.uleb128 0x3
 141 0017 0E       		.uleb128 0xe
 142 0018 00       		.byte	0
 143 0019 00       		.byte	0
 144 001a 03       		.uleb128 0x3
 145 001b 16       		.uleb128 0x16
 146 001c 00       		.byte	0
 147 001d 03       		.uleb128 0x3
 148 001e 0E       		.uleb128 0xe
 149 001f 3A       		.uleb128 0x3a
 150 0020 0B       		.uleb128 0xb
 151 0021 3B       		.uleb128 0x3b
 152 0022 0B       		.uleb128 0xb
 153 0023 49       		.uleb128 0x49
 154 0024 13       		.uleb128 0x13
 155 0025 00       		.byte	0
 156 0026 00       		.byte	0
 157 0027 04       		.uleb128 0x4
 158 0028 24       		.uleb128 0x24
 159 0029 00       		.byte	0
 160 002a 0B       		.uleb128 0xb
 161 002b 0B       		.uleb128 0xb
 162 002c 3E       		.uleb128 0x3e
 163 002d 0B       		.uleb128 0xb
 164 002e 03       		.uleb128 0x3
 165 002f 08       		.uleb128 0x8
 166 0030 00       		.byte	0
 167 0031 00       		.byte	0
 168 0032 05       		.uleb128 0x5
 169 0033 34       		.uleb128 0x34
 170 0034 00       		.byte	0
 171 0035 03       		.uleb128 0x3
ARM GAS  C:\Users\Lenovo\AppData\Local\Temp\ccmt8COZ.s 			page 4


 172 0036 0E       		.uleb128 0xe
 173 0037 3A       		.uleb128 0x3a
 174 0038 0B       		.uleb128 0xb
 175 0039 3B       		.uleb128 0x3b
 176 003a 05       		.uleb128 0x5
 177 003b 49       		.uleb128 0x49
 178 003c 13       		.uleb128 0x13
 179 003d 3F       		.uleb128 0x3f
 180 003e 19       		.uleb128 0x19
 181 003f 3C       		.uleb128 0x3c
 182 0040 19       		.uleb128 0x19
 183 0041 00       		.byte	0
 184 0042 00       		.byte	0
 185 0043 06       		.uleb128 0x6
 186 0044 35       		.uleb128 0x35
 187 0045 00       		.byte	0
 188 0046 49       		.uleb128 0x49
 189 0047 13       		.uleb128 0x13
 190 0048 00       		.byte	0
 191 0049 00       		.byte	0
 192 004a 00       		.byte	0
 193              		.section	.debug_aranges,"",%progbits
 194 0000 14000000 		.4byte	0x14
 195 0004 0200     		.2byte	0x2
 196 0006 00000000 		.4byte	.Ldebug_info0
 197 000a 04       		.byte	0x4
 198 000b 00       		.byte	0
 199 000c 0000     		.2byte	0
 200 000e 0000     		.2byte	0
 201 0010 00000000 		.4byte	0
 202 0014 00000000 		.4byte	0
 203              		.section	.debug_line,"",%progbits
 204              	.Ldebug_line0:
 205 0000 36010000 		.section	.debug_str,"MS",%progbits,1
 205      02003001 
 205      00000201 
 205      FB0E0D00 
 205      01010101 
 206              	.LASF6:
 207 0000 6C6F6E67 		.ascii	"long long int\000"
 207      206C6F6E 
 207      6720696E 
 207      7400
 208              	.LASF3:
 209 000e 73686F72 		.ascii	"short unsigned int\000"
 209      7420756E 
 209      7369676E 
 209      65642069 
 209      6E7400
 210              	.LASF8:
 211 0021 756E7369 		.ascii	"unsigned int\000"
 211      676E6564 
 211      20696E74 
 211      00
 212              	.LASF5:
 213 002e 6C6F6E67 		.ascii	"long unsigned int\000"
 213      20756E73 
ARM GAS  C:\Users\Lenovo\AppData\Local\Temp\ccmt8COZ.s 			page 5


 213      69676E65 
 213      6420696E 
 213      7400
 214              	.LASF7:
 215 0040 6C6F6E67 		.ascii	"long long unsigned int\000"
 215      206C6F6E 
 215      6720756E 
 215      7369676E 
 215      65642069 
 216              	.LASF1:
 217 0057 756E7369 		.ascii	"unsigned char\000"
 217      676E6564 
 217      20636861 
 217      7200
 218              	.LASF13:
 219 0065 63686172 		.ascii	"char\000"
 219      00
 220              	.LASF4:
 221 006a 6C6F6E67 		.ascii	"long int\000"
 221      20696E74 
 221      00
 222              	.LASF17:
 223 0073 474E5520 		.ascii	"GNU C 4.9.3 20150303 (release) [ARM/embedded-4_9-br"
 223      4320342E 
 223      392E3320 
 223      32303135 
 223      30333033 
 224 00a6 616E6368 		.ascii	"anch revision 221220] -mcpu=cortex-m3 -mthumb -g -O"
 224      20726576 
 224      6973696F 
 224      6E203232 
 224      31323230 
 225 00d9 30202D66 		.ascii	"0 -ffunction-sections -ffat-lto-objects\000"
 225      66756E63 
 225      74696F6E 
 225      2D736563 
 225      74696F6E 
 226              	.LASF12:
 227 0101 646F7562 		.ascii	"double\000"
 227      6C6500
 228              	.LASF19:
 229 0108 433A5C55 		.ascii	"C:\\Users\\Lenovo\\Documents\\GitHub\\CorEx-MUX-Ker"
 229      73657273 
 229      5C4C656E 
 229      6F766F5C 
 229      446F6375 
 230 0136 6E656C2D 		.ascii	"nel-Enhanced\\Workspace01\\CorEx-Mux-Kernel.cydsn\000"
 230      456E6861 
 230      6E636564 
 230      5C576F72 
 230      6B737061 
 231              	.LASF16:
 232 0166 5F426F6F 		.ascii	"_Bool\000"
 232      6C00
 233              	.LASF20:
 234 016c 49544D5F 		.ascii	"ITM_RxBuffer\000"
 234      52784275 
ARM GAS  C:\Users\Lenovo\AppData\Local\Temp\ccmt8COZ.s 			page 6


 234      66666572 
 234      00
 235              	.LASF0:
 236 0179 7369676E 		.ascii	"signed char\000"
 236      65642063 
 236      68617200 
 237              	.LASF15:
 238 0185 6C6F6E67 		.ascii	"long double\000"
 238      20646F75 
 238      626C6500 
 239              	.LASF9:
 240 0191 5F5F696E 		.ascii	"__int32_t\000"
 240      7433325F 
 240      7400
 241              	.LASF11:
 242 019b 666C6F61 		.ascii	"float\000"
 242      7400
 243              	.LASF2:
 244 01a1 73686F72 		.ascii	"short int\000"
 244      7420696E 
 244      7400
 245              	.LASF10:
 246 01ab 696E7433 		.ascii	"int32_t\000"
 246      325F7400 
 247              	.LASF18:
 248 01b3 2E5C5072 		.ascii	".\\Prime.c\000"
 248      696D652E 
 248      6300
 249              	.LASF14:
 250 01bd 73697A65 		.ascii	"sizetype\000"
 250      74797065 
 250      00
 251              		.ident	"GCC: (GNU Tools for ARM Embedded Processors) 4.9.3 20150303 (release) [ARM/embedded-4_9-br
