ARM GAS  C:\Users\RECEPC~1\AppData\Local\Temp\cc6OI9eZ.s 			page 1


   1              		.syntax unified
   2              		.cpu cortex-m3
   3              		.fpu softvfp
   4              		.eabi_attribute 20, 1
   5              		.eabi_attribute 21, 1
   6              		.eabi_attribute 23, 3
   7              		.eabi_attribute 24, 1
   8              		.eabi_attribute 25, 1
   9              		.eabi_attribute 26, 1
  10              		.eabi_attribute 30, 6
  11              		.eabi_attribute 34, 1
  12              		.eabi_attribute 18, 4
  13              		.thumb
  14              		.file	"PrinterSink.c"
  15              		.text
  16              	.Ltext0:
  17              		.cfi_sections	.debug_frame
  18              		.comm	_g_printerlayout,2,4
  19              		.section	.text.PrinterSinkRegistration,"ax",%progbits
  20              		.align	2
  21              		.global	PrinterSinkRegistration
  22              		.thumb
  23              		.thumb_func
  24              		.type	PrinterSinkRegistration, %function
  25              	PrinterSinkRegistration:
  26              	.LFB0:
  27              		.file 1 ".\\PrinterSink.c"
   1:.\PrinterSink.c **** /* ========================================
   2:.\PrinterSink.c ****  *
   3:.\PrinterSink.c ****  * Copyright YOUR COMPANY, THE YEAR
   4:.\PrinterSink.c ****  * All Rights Reserved
   5:.\PrinterSink.c ****  * UNPUBLISHED, LICENSED SOFTWARE.
   6:.\PrinterSink.c ****  *
   7:.\PrinterSink.c ****  * CONFIDENTIAL AND PROPRIETARY INFORMATION
   8:.\PrinterSink.c ****  * WHICH IS THE PROPERTY OF your company.
   9:.\PrinterSink.c ****  *
  10:.\PrinterSink.c ****  * ========================================
  11:.\PrinterSink.c **** */
  12:.\PrinterSink.c **** #include "SinkManager.h"
  13:.\PrinterSink.c **** #include "SinkObservables.h"
  14:.\PrinterSink.c **** #include "Eeprom.h"
  15:.\PrinterSink.c **** #include "Printer.h"
  16:.\PrinterSink.c **** 
  17:.\PrinterSink.c **** void Printer11Callback(void *pdata);
  18:.\PrinterSink.c **** void Printer12Callback(void *pdata);
  19:.\PrinterSink.c **** void Printer21Callback(void *pdata);
  20:.\PrinterSink.c **** void Printer22Callback(void *pdata);
  21:.\PrinterSink.c **** void Printer1GenericCallback(void *pdata);
  22:.\PrinterSink.c **** void Printer2GenericCallback(void *pdata);
  23:.\PrinterSink.c **** 
  24:.\PrinterSink.c **** PrinterLayout _g_printerlayout;
  25:.\PrinterSink.c **** 
  26:.\PrinterSink.c **** extern uint8 _g_separator[_MAX_PRINTER_LINE_WIDTH_];
  27:.\PrinterSink.c **** extern uint8 _g_padcharacters[_MAX_PRINTER_LINE_WIDTH_];
  28:.\PrinterSink.c **** 
  29:.\PrinterSink.c **** void PrinterSinkRegistration()
  30:.\PrinterSink.c **** {
ARM GAS  C:\Users\RECEPC~1\AppData\Local\Temp\cc6OI9eZ.s 			page 2


  28              		.loc 1 30 0
  29              		.cfi_startproc
  30              		@ args = 0, pretend = 0, frame = 8
  31              		@ frame_needed = 1, uses_anonymous_args = 0
  32 0000 80B5     		push	{r7, lr}
  33              		.cfi_def_cfa_offset 8
  34              		.cfi_offset 7, -8
  35              		.cfi_offset 14, -4
  36 0002 82B0     		sub	sp, sp, #8
  37              		.cfi_def_cfa_offset 16
  38 0004 00AF     		add	r7, sp, #0
  39              		.cfi_def_cfa_register 7
  31:.\PrinterSink.c ****     PSINKSUBSCRIBERPTR psubscriber = AllocateSubscriberSlot();
  40              		.loc 1 31 0
  41 0006 FFF7FEFF 		bl	AllocateSubscriberSlot
  42 000a 7860     		str	r0, [r7, #4]
  32:.\PrinterSink.c ****     if(psubscriber)
  43              		.loc 1 32 0
  44 000c 7B68     		ldr	r3, [r7, #4]
  45 000e 002B     		cmp	r3, #0
  46 0010 55D0     		beq	.L2
  47              	.LBB2:
  33:.\PrinterSink.c ****     {
  34:.\PrinterSink.c ****         uint8 index = 0;
  48              		.loc 1 34 0
  49 0012 0023     		movs	r3, #0
  50 0014 FB70     		strb	r3, [r7, #3]
  35:.\PrinterSink.c ****         //The maximum number of observable identifiers is _OBSERVED_IDENTIFIERS_
  36:.\PrinterSink.c ****         //located in the header file "SinkManager.h"
  37:.\PrinterSink.c ****         //Every identifier is paired with its respective Callback method pointer
  38:.\PrinterSink.c ****         psubscriber->_arrmsgid[index] = PRINTER11_JOB;
  51              		.loc 1 38 0
  52 0016 FB78     		ldrb	r3, [r7, #3]	@ zero_extendqisi2
  53 0018 7A68     		ldr	r2, [r7, #4]
  54 001a 1344     		add	r3, r3, r2
  55 001c 1622     		movs	r2, #22
  56 001e 5A70     		strb	r2, [r3, #1]
  39:.\PrinterSink.c ****         psubscriber->Callback[index++] = Printer11Callback;
  57              		.loc 1 39 0
  58 0020 FB78     		ldrb	r3, [r7, #3]	@ zero_extendqisi2
  59 0022 5A1C     		adds	r2, r3, #1
  60 0024 FA70     		strb	r2, [r7, #3]
  61 0026 7A68     		ldr	r2, [r7, #4]
  62 0028 0233     		adds	r3, r3, #2
  63 002a 9B00     		lsls	r3, r3, #2
  64 002c 1344     		add	r3, r3, r2
  65 002e 2D4A     		ldr	r2, .L3
  66 0030 5A60     		str	r2, [r3, #4]
  40:.\PrinterSink.c **** 
  41:.\PrinterSink.c ****         psubscriber->_arrmsgid[index] = PRINTER12_JOB;
  67              		.loc 1 41 0
  68 0032 FB78     		ldrb	r3, [r7, #3]	@ zero_extendqisi2
  69 0034 7A68     		ldr	r2, [r7, #4]
  70 0036 1344     		add	r3, r3, r2
  71 0038 1722     		movs	r2, #23
  72 003a 5A70     		strb	r2, [r3, #1]
  42:.\PrinterSink.c ****         psubscriber->Callback[index++] = Printer12Callback;
ARM GAS  C:\Users\RECEPC~1\AppData\Local\Temp\cc6OI9eZ.s 			page 3


  73              		.loc 1 42 0
  74 003c FB78     		ldrb	r3, [r7, #3]	@ zero_extendqisi2
  75 003e 5A1C     		adds	r2, r3, #1
  76 0040 FA70     		strb	r2, [r7, #3]
  77 0042 7A68     		ldr	r2, [r7, #4]
  78 0044 0233     		adds	r3, r3, #2
  79 0046 9B00     		lsls	r3, r3, #2
  80 0048 1344     		add	r3, r3, r2
  81 004a 274A     		ldr	r2, .L3+4
  82 004c 5A60     		str	r2, [r3, #4]
  43:.\PrinterSink.c ****         
  44:.\PrinterSink.c ****         psubscriber->_arrmsgid[index] = PRINTER21_JOB;
  83              		.loc 1 44 0
  84 004e FB78     		ldrb	r3, [r7, #3]	@ zero_extendqisi2
  85 0050 7A68     		ldr	r2, [r7, #4]
  86 0052 1344     		add	r3, r3, r2
  87 0054 1822     		movs	r2, #24
  88 0056 5A70     		strb	r2, [r3, #1]
  45:.\PrinterSink.c ****         psubscriber->Callback[index++] = Printer21Callback;
  89              		.loc 1 45 0
  90 0058 FB78     		ldrb	r3, [r7, #3]	@ zero_extendqisi2
  91 005a 5A1C     		adds	r2, r3, #1
  92 005c FA70     		strb	r2, [r7, #3]
  93 005e 7A68     		ldr	r2, [r7, #4]
  94 0060 0233     		adds	r3, r3, #2
  95 0062 9B00     		lsls	r3, r3, #2
  96 0064 1344     		add	r3, r3, r2
  97 0066 214A     		ldr	r2, .L3+8
  98 0068 5A60     		str	r2, [r3, #4]
  46:.\PrinterSink.c **** 
  47:.\PrinterSink.c ****         psubscriber->_arrmsgid[index] = PRINTER22_JOB;
  99              		.loc 1 47 0
 100 006a FB78     		ldrb	r3, [r7, #3]	@ zero_extendqisi2
 101 006c 7A68     		ldr	r2, [r7, #4]
 102 006e 1344     		add	r3, r3, r2
 103 0070 1922     		movs	r2, #25
 104 0072 5A70     		strb	r2, [r3, #1]
  48:.\PrinterSink.c ****         psubscriber->Callback[index++] = Printer22Callback;
 105              		.loc 1 48 0
 106 0074 FB78     		ldrb	r3, [r7, #3]	@ zero_extendqisi2
 107 0076 5A1C     		adds	r2, r3, #1
 108 0078 FA70     		strb	r2, [r7, #3]
 109 007a 7A68     		ldr	r2, [r7, #4]
 110 007c 0233     		adds	r3, r3, #2
 111 007e 9B00     		lsls	r3, r3, #2
 112 0080 1344     		add	r3, r3, r2
 113 0082 1B4A     		ldr	r2, .L3+12
 114 0084 5A60     		str	r2, [r3, #4]
  49:.\PrinterSink.c **** 
  50:.\PrinterSink.c ****         psubscriber->_arrmsgid[index] = PRINTER1_GENERIC_JOB;
 115              		.loc 1 50 0
 116 0086 FB78     		ldrb	r3, [r7, #3]	@ zero_extendqisi2
 117 0088 7A68     		ldr	r2, [r7, #4]
 118 008a 1344     		add	r3, r3, r2
 119 008c 1A22     		movs	r2, #26
 120 008e 5A70     		strb	r2, [r3, #1]
  51:.\PrinterSink.c ****         psubscriber->Callback[index++] = Printer1GenericCallback;
ARM GAS  C:\Users\RECEPC~1\AppData\Local\Temp\cc6OI9eZ.s 			page 4


 121              		.loc 1 51 0
 122 0090 FB78     		ldrb	r3, [r7, #3]	@ zero_extendqisi2
 123 0092 5A1C     		adds	r2, r3, #1
 124 0094 FA70     		strb	r2, [r7, #3]
 125 0096 7A68     		ldr	r2, [r7, #4]
 126 0098 0233     		adds	r3, r3, #2
 127 009a 9B00     		lsls	r3, r3, #2
 128 009c 1344     		add	r3, r3, r2
 129 009e 154A     		ldr	r2, .L3+16
 130 00a0 5A60     		str	r2, [r3, #4]
  52:.\PrinterSink.c **** 
  53:.\PrinterSink.c ****         psubscriber->_arrmsgid[index] = PRINTER2_GENERIC_JOB;
 131              		.loc 1 53 0
 132 00a2 FB78     		ldrb	r3, [r7, #3]	@ zero_extendqisi2
 133 00a4 7A68     		ldr	r2, [r7, #4]
 134 00a6 1344     		add	r3, r3, r2
 135 00a8 1B22     		movs	r2, #27
 136 00aa 5A70     		strb	r2, [r3, #1]
  54:.\PrinterSink.c ****         psubscriber->Callback[index++] = Printer2GenericCallback;
 137              		.loc 1 54 0
 138 00ac FB78     		ldrb	r3, [r7, #3]	@ zero_extendqisi2
 139 00ae 5A1C     		adds	r2, r3, #1
 140 00b0 FA70     		strb	r2, [r7, #3]
 141 00b2 7A68     		ldr	r2, [r7, #4]
 142 00b4 0233     		adds	r3, r3, #2
 143 00b6 9B00     		lsls	r3, r3, #2
 144 00b8 1344     		add	r3, r3, r2
 145 00ba 0F4A     		ldr	r2, .L3+20
 146 00bc 5A60     		str	r2, [r3, #4]
 147              	.L2:
 148              	.LBE2:
  55:.\PrinterSink.c ****     }
  56:.\PrinterSink.c ****     
  57:.\PrinterSink.c ****     //This is the default printer port allocation
  58:.\PrinterSink.c ****     _g_printerlayout._printerportside1 = PRINTER11_JOB;
 149              		.loc 1 58 0
 150 00be 0F4B     		ldr	r3, .L3+24
 151 00c0 1622     		movs	r2, #22
 152 00c2 1A70     		strb	r2, [r3]
  59:.\PrinterSink.c ****     _g_printerlayout._printerportside2 = PRINTER21_JOB;
 153              		.loc 1 59 0
 154 00c4 0D4B     		ldr	r3, .L3+24
 155 00c6 1822     		movs	r2, #24
 156 00c8 5A70     		strb	r2, [r3, #1]
  60:.\PrinterSink.c ****     //Loading printer port configuration from the EEPROM here ...
  61:.\PrinterSink.c ****     
  62:.\PrinterSink.c ****     memset(_g_padcharacters, _ASCII_SPACE_, _MAX_PRINTER_LINE_WIDTH_);
 157              		.loc 1 62 0
 158 00ca 0D48     		ldr	r0, .L3+28
 159 00cc 2021     		movs	r1, #32
 160 00ce 1F22     		movs	r2, #31
 161 00d0 FFF7FEFF 		bl	memset
  63:.\PrinterSink.c ****     memset(_g_separator, _ASCII_DASH_, _MAX_PRINTER_LINE_WIDTH_);
 162              		.loc 1 63 0
 163 00d4 0B48     		ldr	r0, .L3+32
 164 00d6 2A21     		movs	r1, #42
 165 00d8 1F22     		movs	r2, #31
ARM GAS  C:\Users\RECEPC~1\AppData\Local\Temp\cc6OI9eZ.s 			page 5


 166 00da FFF7FEFF 		bl	memset
  64:.\PrinterSink.c **** }
 167              		.loc 1 64 0
 168 00de 0837     		adds	r7, r7, #8
 169              		.cfi_def_cfa_offset 8
 170 00e0 BD46     		mov	sp, r7
 171              		.cfi_def_cfa_register 13
 172              		@ sp needed
 173 00e2 80BD     		pop	{r7, pc}
 174              	.L4:
 175              		.align	2
 176              	.L3:
 177 00e4 00000000 		.word	Printer11Callback
 178 00e8 00000000 		.word	Printer12Callback
 179 00ec 00000000 		.word	Printer21Callback
 180 00f0 00000000 		.word	Printer22Callback
 181 00f4 00000000 		.word	Printer1GenericCallback
 182 00f8 00000000 		.word	Printer2GenericCallback
 183 00fc 00000000 		.word	_g_printerlayout
 184 0100 00000000 		.word	_g_padcharacters
 185 0104 00000000 		.word	_g_separator
 186              		.cfi_endproc
 187              	.LFE0:
 188              		.size	PrinterSinkRegistration, .-PrinterSinkRegistration
 189              		.text
 190              	.Letext0:
 191              		.file 2 ".\\SinkManager.h"
 192              		.file 3 "Generated_Source\\PSoC5/cytypes.h"
 193              		.file 4 ".\\Printer.h"
 194              		.file 5 ".\\SinkObservables.h"
 195              		.section	.debug_info,"",%progbits
 196              	.Ldebug_info0:
 197 0000 BA020000 		.4byte	0x2ba
 198 0004 0400     		.2byte	0x4
 199 0006 00000000 		.4byte	.Ldebug_abbrev0
 200 000a 04       		.byte	0x4
 201 000b 01       		.uleb128 0x1
 202 000c 00000000 		.4byte	.LASF69
 203 0010 01       		.byte	0x1
 204 0011 FE000000 		.4byte	.LASF70
 205 0015 27040000 		.4byte	.LASF71
 206 0019 00000000 		.4byte	.Ldebug_ranges0+0
 207 001d 00000000 		.4byte	0
 208 0021 00000000 		.4byte	.Ldebug_line0
 209 0025 02       		.uleb128 0x2
 210 0026 01       		.byte	0x1
 211 0027 06       		.byte	0x6
 212 0028 14030000 		.4byte	.LASF0
 213 002c 02       		.uleb128 0x2
 214 002d 01       		.byte	0x1
 215 002e 08       		.byte	0x8
 216 002f D8020000 		.4byte	.LASF1
 217 0033 02       		.uleb128 0x2
 218 0034 02       		.byte	0x2
 219 0035 05       		.byte	0x5
 220 0036 CC000000 		.4byte	.LASF2
 221 003a 02       		.uleb128 0x2
ARM GAS  C:\Users\RECEPC~1\AppData\Local\Temp\cc6OI9eZ.s 			page 6


 222 003b 02       		.byte	0x2
 223 003c 07       		.byte	0x7
 224 003d 9B030000 		.4byte	.LASF3
 225 0041 02       		.uleb128 0x2
 226 0042 04       		.byte	0x4
 227 0043 05       		.byte	0x5
 228 0044 DD050000 		.4byte	.LASF4
 229 0048 02       		.uleb128 0x2
 230 0049 04       		.byte	0x4
 231 004a 07       		.byte	0x7
 232 004b DD040000 		.4byte	.LASF5
 233 004f 02       		.uleb128 0x2
 234 0050 08       		.byte	0x8
 235 0051 05       		.byte	0x5
 236 0052 F5010000 		.4byte	.LASF6
 237 0056 02       		.uleb128 0x2
 238 0057 08       		.byte	0x8
 239 0058 07       		.byte	0x7
 240 0059 20030000 		.4byte	.LASF7
 241 005d 03       		.uleb128 0x3
 242 005e 04       		.byte	0x4
 243 005f 05       		.byte	0x5
 244 0060 696E7400 		.ascii	"int\000"
 245 0064 02       		.uleb128 0x2
 246 0065 04       		.byte	0x4
 247 0066 07       		.byte	0x7
 248 0067 45030000 		.4byte	.LASF8
 249 006b 04       		.uleb128 0x4
 250 006c 8E010000 		.4byte	.LASF18
 251 0070 03       		.byte	0x3
 252 0071 3801     		.2byte	0x138
 253 0073 2C000000 		.4byte	0x2c
 254 0077 02       		.uleb128 0x2
 255 0078 04       		.byte	0x4
 256 0079 04       		.byte	0x4
 257 007a D8010000 		.4byte	.LASF9
 258 007e 02       		.uleb128 0x2
 259 007f 08       		.byte	0x8
 260 0080 04       		.byte	0x4
 261 0081 EF040000 		.4byte	.LASF10
 262 0085 02       		.uleb128 0x2
 263 0086 01       		.byte	0x1
 264 0087 08       		.byte	0x8
 265 0088 CC030000 		.4byte	.LASF11
 266 008c 05       		.uleb128 0x5
 267 008d 6B000000 		.4byte	0x6b
 268 0091 02       		.uleb128 0x2
 269 0092 04       		.byte	0x4
 270 0093 07       		.byte	0x7
 271 0094 F5000000 		.4byte	.LASF12
 272 0098 06       		.uleb128 0x6
 273 0099 04       		.byte	0x4
 274 009a 02       		.uleb128 0x2
 275 009b 08       		.byte	0x8
 276 009c 04       		.byte	0x4
 277 009d CC020000 		.4byte	.LASF13
 278 00a1 02       		.uleb128 0x2
ARM GAS  C:\Users\RECEPC~1\AppData\Local\Temp\cc6OI9eZ.s 			page 7


 279 00a2 01       		.byte	0x1
 280 00a3 02       		.byte	0x2
 281 00a4 86040000 		.4byte	.LASF14
 282 00a8 07       		.uleb128 0x7
 283 00a9 B3000000 		.4byte	0xb3
 284 00ad 08       		.uleb128 0x8
 285 00ae 98000000 		.4byte	0x98
 286 00b2 00       		.byte	0
 287 00b3 09       		.uleb128 0x9
 288 00b4 04       		.byte	0x4
 289 00b5 A8000000 		.4byte	0xa8
 290 00b9 0A       		.uleb128 0xa
 291 00ba 89030000 		.4byte	.LASF72
 292 00be 2C       		.byte	0x2c
 293 00bf 02       		.byte	0x2
 294 00c0 64       		.byte	0x64
 295 00c1 EA000000 		.4byte	0xea
 296 00c5 0B       		.uleb128 0xb
 297 00c6 27010000 		.4byte	.LASF15
 298 00ca 02       		.byte	0x2
 299 00cb 66       		.byte	0x66
 300 00cc 8C000000 		.4byte	0x8c
 301 00d0 00       		.byte	0
 302 00d1 0B       		.uleb128 0xb
 303 00d2 14060000 		.4byte	.LASF16
 304 00d6 02       		.byte	0x2
 305 00d7 68       		.byte	0x68
 306 00d8 EA000000 		.4byte	0xea
 307 00dc 01       		.byte	0x1
 308 00dd 0B       		.uleb128 0xb
 309 00de 58060000 		.4byte	.LASF17
 310 00e2 02       		.byte	0x2
 311 00e3 69       		.byte	0x69
 312 00e4 FA000000 		.4byte	0xfa
 313 00e8 0C       		.byte	0xc
 314 00e9 00       		.byte	0
 315 00ea 0C       		.uleb128 0xc
 316 00eb 6B000000 		.4byte	0x6b
 317 00ef FA000000 		.4byte	0xfa
 318 00f3 0D       		.uleb128 0xd
 319 00f4 91000000 		.4byte	0x91
 320 00f8 07       		.byte	0x7
 321 00f9 00       		.byte	0
 322 00fa 0C       		.uleb128 0xc
 323 00fb B3000000 		.4byte	0xb3
 324 00ff 0A010000 		.4byte	0x10a
 325 0103 0D       		.uleb128 0xd
 326 0104 91000000 		.4byte	0x91
 327 0108 07       		.byte	0x7
 328 0109 00       		.byte	0
 329 010a 0E       		.uleb128 0xe
 330 010b 8C040000 		.4byte	.LASF19
 331 010f 02       		.byte	0x2
 332 0110 6A       		.byte	0x6a
 333 0111 15010000 		.4byte	0x115
 334 0115 09       		.uleb128 0x9
 335 0116 04       		.byte	0x4
ARM GAS  C:\Users\RECEPC~1\AppData\Local\Temp\cc6OI9eZ.s 			page 8


 336 0117 B9000000 		.4byte	0xb9
 337 011b 0F       		.uleb128 0xf
 338 011c E6020000 		.4byte	.LASF73
 339 0120 01       		.byte	0x1
 340 0121 05       		.byte	0x5
 341 0122 0F       		.byte	0xf
 342 0123 1E020000 		.4byte	0x21e
 343 0127 10       		.uleb128 0x10
 344 0128 CB040000 		.4byte	.LASF20
 345 012c 01       		.sleb128 1
 346 012d 10       		.uleb128 0x10
 347 012e AE030000 		.4byte	.LASF21
 348 0132 02       		.sleb128 2
 349 0133 10       		.uleb128 0x10
 350 0134 E6050000 		.4byte	.LASF22
 351 0138 03       		.sleb128 3
 352 0139 10       		.uleb128 0x10
 353 013a F0030000 		.4byte	.LASF23
 354 013e 04       		.sleb128 4
 355 013f 10       		.uleb128 0x10
 356 0140 7A020000 		.4byte	.LASF24
 357 0144 05       		.sleb128 5
 358 0145 10       		.uleb128 0x10
 359 0146 7E050000 		.4byte	.LASF25
 360 014a 06       		.sleb128 6
 361 014b 10       		.uleb128 0x10
 362 014c B2050000 		.4byte	.LASF26
 363 0150 07       		.sleb128 7
 364 0151 10       		.uleb128 0x10
 365 0152 39020000 		.4byte	.LASF27
 366 0156 08       		.sleb128 8
 367 0157 10       		.uleb128 0x10
 368 0158 6D030000 		.4byte	.LASF28
 369 015c 09       		.sleb128 9
 370 015d 10       		.uleb128 0x10
 371 015e 54010000 		.4byte	.LASF29
 372 0162 0A       		.sleb128 10
 373 0163 10       		.uleb128 0x10
 374 0164 4B050000 		.4byte	.LASF30
 375 0168 0B       		.sleb128 11
 376 0169 10       		.uleb128 0x10
 377 016a 52030000 		.4byte	.LASF31
 378 016e 0C       		.sleb128 12
 379 016f 10       		.uleb128 0x10
 380 0170 D1030000 		.4byte	.LASF32
 381 0174 0D       		.sleb128 13
 382 0175 10       		.uleb128 0x10
 383 0176 05040000 		.4byte	.LASF33
 384 017a 0E       		.sleb128 14
 385 017b 10       		.uleb128 0x10
 386 017c 9F040000 		.4byte	.LASF34
 387 0180 0F       		.sleb128 15
 388 0181 10       		.uleb128 0x10
 389 0182 F9020000 		.4byte	.LASF35
 390 0186 10       		.sleb128 16
 391 0187 10       		.uleb128 0x10
 392 0188 8D020000 		.4byte	.LASF36
ARM GAS  C:\Users\RECEPC~1\AppData\Local\Temp\cc6OI9eZ.s 			page 9


 393 018c 11       		.sleb128 17
 394 018d 10       		.uleb128 0x10
 395 018e 37060000 		.4byte	.LASF37
 396 0192 12       		.sleb128 18
 397 0193 10       		.uleb128 0x10
 398 0194 0E010000 		.4byte	.LASF38
 399 0198 13       		.sleb128 19
 400 0199 10       		.uleb128 0x10
 401 019a DE010000 		.4byte	.LASF39
 402 019e 14       		.sleb128 20
 403 019f 10       		.uleb128 0x10
 404 01a0 21050000 		.4byte	.LASF40
 405 01a4 15       		.sleb128 21
 406 01a5 10       		.uleb128 0x10
 407 01a6 A1000000 		.4byte	.LASF41
 408 01aa 16       		.sleb128 22
 409 01ab 10       		.uleb128 0x10
 410 01ac 56020000 		.4byte	.LASF42
 411 01b0 17       		.sleb128 23
 412 01b1 10       		.uleb128 0x10
 413 01b2 37030000 		.4byte	.LASF43
 414 01b6 18       		.sleb128 24
 415 01b7 10       		.uleb128 0x10
 416 01b8 A4050000 		.4byte	.LASF44
 417 01bc 19       		.sleb128 25
 418 01bd 10       		.uleb128 0x10
 419 01be 3F010000 		.4byte	.LASF45
 420 01c2 1A       		.sleb128 26
 421 01c3 10       		.uleb128 0x10
 422 01c4 C3010000 		.4byte	.LASF46
 423 01c8 1B       		.sleb128 27
 424 01c9 10       		.uleb128 0x10
 425 01ca 07050000 		.4byte	.LASF47
 426 01ce 1C       		.sleb128 28
 427 01cf 10       		.uleb128 0x10
 428 01d0 8E000000 		.4byte	.LASF48
 429 01d4 1D       		.sleb128 29
 430 01d5 10       		.uleb128 0x10
 431 01d6 2E010000 		.4byte	.LASF49
 432 01da 1E       		.sleb128 30
 433 01db 10       		.uleb128 0x10
 434 01dc 94010000 		.4byte	.LASF50
 435 01e0 1F       		.sleb128 31
 436 01e1 10       		.uleb128 0x10
 437 01e2 64020000 		.4byte	.LASF51
 438 01e6 20       		.sleb128 32
 439 01e7 10       		.uleb128 0x10
 440 01e8 01060000 		.4byte	.LASF52
 441 01ec 21       		.sleb128 33
 442 01ed 10       		.uleb128 0x10
 443 01ee 7D010000 		.4byte	.LASF53
 444 01f2 22       		.sleb128 34
 445 01f3 10       		.uleb128 0x10
 446 01f4 B3020000 		.4byte	.LASF54
 447 01f8 23       		.sleb128 35
 448 01f9 10       		.uleb128 0x10
 449 01fa AD010000 		.4byte	.LASF55
ARM GAS  C:\Users\RECEPC~1\AppData\Local\Temp\cc6OI9eZ.s 			page 10


 450 01fe 24       		.sleb128 36
 451 01ff 10       		.uleb128 0x10
 452 0200 D6000000 		.4byte	.LASF56
 453 0204 25       		.sleb128 37
 454 0205 10       		.uleb128 0x10
 455 0206 3D050000 		.4byte	.LASF57
 456 020a 26       		.sleb128 38
 457 020b 10       		.uleb128 0x10
 458 020c 1E060000 		.4byte	.LASF58
 459 0210 27       		.sleb128 39
 460 0211 10       		.uleb128 0x10
 461 0212 AF000000 		.4byte	.LASF59
 462 0216 28       		.sleb128 40
 463 0217 10       		.uleb128 0x10
 464 0218 F6040000 		.4byte	.LASF60
 465 021c 29       		.sleb128 41
 466 021d 00       		.byte	0
 467 021e 11       		.uleb128 0x11
 468 021f 02       		.byte	0x2
 469 0220 04       		.byte	0x4
 470 0221 6D       		.byte	0x6d
 471 0222 3F020000 		.4byte	0x23f
 472 0226 0B       		.uleb128 0xb
 473 0227 03020000 		.4byte	.LASF61
 474 022b 04       		.byte	0x4
 475 022c 6F       		.byte	0x6f
 476 022d 6B000000 		.4byte	0x6b
 477 0231 00       		.byte	0
 478 0232 0B       		.uleb128 0xb
 479 0233 92050000 		.4byte	.LASF62
 480 0237 04       		.byte	0x4
 481 0238 70       		.byte	0x70
 482 0239 6B000000 		.4byte	0x6b
 483 023d 01       		.byte	0x1
 484 023e 00       		.byte	0
 485 023f 0E       		.uleb128 0xe
 486 0240 70050000 		.4byte	.LASF63
 487 0244 04       		.byte	0x4
 488 0245 72       		.byte	0x72
 489 0246 1E020000 		.4byte	0x21e
 490 024a 12       		.uleb128 0x12
 491 024b 15020000 		.4byte	.LASF74
 492 024f 01       		.byte	0x1
 493 0250 1D       		.byte	0x1d
 494 0251 00000000 		.4byte	.LFB0
 495 0255 08010000 		.4byte	.LFE0-.LFB0
 496 0259 01       		.uleb128 0x1
 497 025a 9C       		.byte	0x9c
 498 025b 86020000 		.4byte	0x286
 499 025f 13       		.uleb128 0x13
 500 0260 2D020000 		.4byte	.LASF64
 501 0264 01       		.byte	0x1
 502 0265 1F       		.byte	0x1f
 503 0266 0A010000 		.4byte	0x10a
 504 026a 02       		.uleb128 0x2
 505 026b 91       		.byte	0x91
 506 026c 74       		.sleb128 -12
ARM GAS  C:\Users\RECEPC~1\AppData\Local\Temp\cc6OI9eZ.s 			page 11


 507 026d 14       		.uleb128 0x14
 508 026e 12000000 		.4byte	.LBB2
 509 0272 AC000000 		.4byte	.LBE2-.LBB2
 510 0276 13       		.uleb128 0x13
 511 0277 77010000 		.4byte	.LASF65
 512 027b 01       		.byte	0x1
 513 027c 22       		.byte	0x22
 514 027d 6B000000 		.4byte	0x6b
 515 0281 02       		.uleb128 0x2
 516 0282 91       		.byte	0x91
 517 0283 73       		.sleb128 -13
 518 0284 00       		.byte	0
 519 0285 00       		.byte	0
 520 0286 15       		.uleb128 0x15
 521 0287 E4000000 		.4byte	.LASF66
 522 028b 01       		.byte	0x1
 523 028c 18       		.byte	0x18
 524 028d 3F020000 		.4byte	0x23f
 525 0291 05       		.uleb128 0x5
 526 0292 03       		.byte	0x3
 527 0293 00000000 		.4byte	_g_printerlayout
 528 0297 0C       		.uleb128 0xc
 529 0298 6B000000 		.4byte	0x6b
 530 029c A7020000 		.4byte	0x2a7
 531 02a0 0D       		.uleb128 0xd
 532 02a1 91000000 		.4byte	0x91
 533 02a5 1E       		.byte	0x1e
 534 02a6 00       		.byte	0
 535 02a7 16       		.uleb128 0x16
 536 02a8 A6020000 		.4byte	.LASF67
 537 02ac 01       		.byte	0x1
 538 02ad 1A       		.byte	0x1a
 539 02ae 97020000 		.4byte	0x297
 540 02b2 16       		.uleb128 0x16
 541 02b3 BB030000 		.4byte	.LASF68
 542 02b7 01       		.byte	0x1
 543 02b8 1B       		.byte	0x1b
 544 02b9 97020000 		.4byte	0x297
 545 02bd 00       		.byte	0
 546              		.section	.debug_abbrev,"",%progbits
 547              	.Ldebug_abbrev0:
 548 0000 01       		.uleb128 0x1
 549 0001 11       		.uleb128 0x11
 550 0002 01       		.byte	0x1
 551 0003 25       		.uleb128 0x25
 552 0004 0E       		.uleb128 0xe
 553 0005 13       		.uleb128 0x13
 554 0006 0B       		.uleb128 0xb
 555 0007 03       		.uleb128 0x3
 556 0008 0E       		.uleb128 0xe
 557 0009 1B       		.uleb128 0x1b
 558 000a 0E       		.uleb128 0xe
 559 000b 55       		.uleb128 0x55
 560 000c 17       		.uleb128 0x17
 561 000d 11       		.uleb128 0x11
 562 000e 01       		.uleb128 0x1
 563 000f 10       		.uleb128 0x10
ARM GAS  C:\Users\RECEPC~1\AppData\Local\Temp\cc6OI9eZ.s 			page 12


 564 0010 17       		.uleb128 0x17
 565 0011 00       		.byte	0
 566 0012 00       		.byte	0
 567 0013 02       		.uleb128 0x2
 568 0014 24       		.uleb128 0x24
 569 0015 00       		.byte	0
 570 0016 0B       		.uleb128 0xb
 571 0017 0B       		.uleb128 0xb
 572 0018 3E       		.uleb128 0x3e
 573 0019 0B       		.uleb128 0xb
 574 001a 03       		.uleb128 0x3
 575 001b 0E       		.uleb128 0xe
 576 001c 00       		.byte	0
 577 001d 00       		.byte	0
 578 001e 03       		.uleb128 0x3
 579 001f 24       		.uleb128 0x24
 580 0020 00       		.byte	0
 581 0021 0B       		.uleb128 0xb
 582 0022 0B       		.uleb128 0xb
 583 0023 3E       		.uleb128 0x3e
 584 0024 0B       		.uleb128 0xb
 585 0025 03       		.uleb128 0x3
 586 0026 08       		.uleb128 0x8
 587 0027 00       		.byte	0
 588 0028 00       		.byte	0
 589 0029 04       		.uleb128 0x4
 590 002a 16       		.uleb128 0x16
 591 002b 00       		.byte	0
 592 002c 03       		.uleb128 0x3
 593 002d 0E       		.uleb128 0xe
 594 002e 3A       		.uleb128 0x3a
 595 002f 0B       		.uleb128 0xb
 596 0030 3B       		.uleb128 0x3b
 597 0031 05       		.uleb128 0x5
 598 0032 49       		.uleb128 0x49
 599 0033 13       		.uleb128 0x13
 600 0034 00       		.byte	0
 601 0035 00       		.byte	0
 602 0036 05       		.uleb128 0x5
 603 0037 35       		.uleb128 0x35
 604 0038 00       		.byte	0
 605 0039 49       		.uleb128 0x49
 606 003a 13       		.uleb128 0x13
 607 003b 00       		.byte	0
 608 003c 00       		.byte	0
 609 003d 06       		.uleb128 0x6
 610 003e 0F       		.uleb128 0xf
 611 003f 00       		.byte	0
 612 0040 0B       		.uleb128 0xb
 613 0041 0B       		.uleb128 0xb
 614 0042 00       		.byte	0
 615 0043 00       		.byte	0
 616 0044 07       		.uleb128 0x7
 617 0045 15       		.uleb128 0x15
 618 0046 01       		.byte	0x1
 619 0047 27       		.uleb128 0x27
 620 0048 19       		.uleb128 0x19
ARM GAS  C:\Users\RECEPC~1\AppData\Local\Temp\cc6OI9eZ.s 			page 13


 621 0049 01       		.uleb128 0x1
 622 004a 13       		.uleb128 0x13
 623 004b 00       		.byte	0
 624 004c 00       		.byte	0
 625 004d 08       		.uleb128 0x8
 626 004e 05       		.uleb128 0x5
 627 004f 00       		.byte	0
 628 0050 49       		.uleb128 0x49
 629 0051 13       		.uleb128 0x13
 630 0052 00       		.byte	0
 631 0053 00       		.byte	0
 632 0054 09       		.uleb128 0x9
 633 0055 0F       		.uleb128 0xf
 634 0056 00       		.byte	0
 635 0057 0B       		.uleb128 0xb
 636 0058 0B       		.uleb128 0xb
 637 0059 49       		.uleb128 0x49
 638 005a 13       		.uleb128 0x13
 639 005b 00       		.byte	0
 640 005c 00       		.byte	0
 641 005d 0A       		.uleb128 0xa
 642 005e 13       		.uleb128 0x13
 643 005f 01       		.byte	0x1
 644 0060 03       		.uleb128 0x3
 645 0061 0E       		.uleb128 0xe
 646 0062 0B       		.uleb128 0xb
 647 0063 0B       		.uleb128 0xb
 648 0064 3A       		.uleb128 0x3a
 649 0065 0B       		.uleb128 0xb
 650 0066 3B       		.uleb128 0x3b
 651 0067 0B       		.uleb128 0xb
 652 0068 01       		.uleb128 0x1
 653 0069 13       		.uleb128 0x13
 654 006a 00       		.byte	0
 655 006b 00       		.byte	0
 656 006c 0B       		.uleb128 0xb
 657 006d 0D       		.uleb128 0xd
 658 006e 00       		.byte	0
 659 006f 03       		.uleb128 0x3
 660 0070 0E       		.uleb128 0xe
 661 0071 3A       		.uleb128 0x3a
 662 0072 0B       		.uleb128 0xb
 663 0073 3B       		.uleb128 0x3b
 664 0074 0B       		.uleb128 0xb
 665 0075 49       		.uleb128 0x49
 666 0076 13       		.uleb128 0x13
 667 0077 38       		.uleb128 0x38
 668 0078 0B       		.uleb128 0xb
 669 0079 00       		.byte	0
 670 007a 00       		.byte	0
 671 007b 0C       		.uleb128 0xc
 672 007c 01       		.uleb128 0x1
 673 007d 01       		.byte	0x1
 674 007e 49       		.uleb128 0x49
 675 007f 13       		.uleb128 0x13
 676 0080 01       		.uleb128 0x1
 677 0081 13       		.uleb128 0x13
ARM GAS  C:\Users\RECEPC~1\AppData\Local\Temp\cc6OI9eZ.s 			page 14


 678 0082 00       		.byte	0
 679 0083 00       		.byte	0
 680 0084 0D       		.uleb128 0xd
 681 0085 21       		.uleb128 0x21
 682 0086 00       		.byte	0
 683 0087 49       		.uleb128 0x49
 684 0088 13       		.uleb128 0x13
 685 0089 2F       		.uleb128 0x2f
 686 008a 0B       		.uleb128 0xb
 687 008b 00       		.byte	0
 688 008c 00       		.byte	0
 689 008d 0E       		.uleb128 0xe
 690 008e 16       		.uleb128 0x16
 691 008f 00       		.byte	0
 692 0090 03       		.uleb128 0x3
 693 0091 0E       		.uleb128 0xe
 694 0092 3A       		.uleb128 0x3a
 695 0093 0B       		.uleb128 0xb
 696 0094 3B       		.uleb128 0x3b
 697 0095 0B       		.uleb128 0xb
 698 0096 49       		.uleb128 0x49
 699 0097 13       		.uleb128 0x13
 700 0098 00       		.byte	0
 701 0099 00       		.byte	0
 702 009a 0F       		.uleb128 0xf
 703 009b 04       		.uleb128 0x4
 704 009c 01       		.byte	0x1
 705 009d 03       		.uleb128 0x3
 706 009e 0E       		.uleb128 0xe
 707 009f 0B       		.uleb128 0xb
 708 00a0 0B       		.uleb128 0xb
 709 00a1 3A       		.uleb128 0x3a
 710 00a2 0B       		.uleb128 0xb
 711 00a3 3B       		.uleb128 0x3b
 712 00a4 0B       		.uleb128 0xb
 713 00a5 01       		.uleb128 0x1
 714 00a6 13       		.uleb128 0x13
 715 00a7 00       		.byte	0
 716 00a8 00       		.byte	0
 717 00a9 10       		.uleb128 0x10
 718 00aa 28       		.uleb128 0x28
 719 00ab 00       		.byte	0
 720 00ac 03       		.uleb128 0x3
 721 00ad 0E       		.uleb128 0xe
 722 00ae 1C       		.uleb128 0x1c
 723 00af 0D       		.uleb128 0xd
 724 00b0 00       		.byte	0
 725 00b1 00       		.byte	0
 726 00b2 11       		.uleb128 0x11
 727 00b3 13       		.uleb128 0x13
 728 00b4 01       		.byte	0x1
 729 00b5 0B       		.uleb128 0xb
 730 00b6 0B       		.uleb128 0xb
 731 00b7 3A       		.uleb128 0x3a
 732 00b8 0B       		.uleb128 0xb
 733 00b9 3B       		.uleb128 0x3b
 734 00ba 0B       		.uleb128 0xb
ARM GAS  C:\Users\RECEPC~1\AppData\Local\Temp\cc6OI9eZ.s 			page 15


 735 00bb 01       		.uleb128 0x1
 736 00bc 13       		.uleb128 0x13
 737 00bd 00       		.byte	0
 738 00be 00       		.byte	0
 739 00bf 12       		.uleb128 0x12
 740 00c0 2E       		.uleb128 0x2e
 741 00c1 01       		.byte	0x1
 742 00c2 3F       		.uleb128 0x3f
 743 00c3 19       		.uleb128 0x19
 744 00c4 03       		.uleb128 0x3
 745 00c5 0E       		.uleb128 0xe
 746 00c6 3A       		.uleb128 0x3a
 747 00c7 0B       		.uleb128 0xb
 748 00c8 3B       		.uleb128 0x3b
 749 00c9 0B       		.uleb128 0xb
 750 00ca 11       		.uleb128 0x11
 751 00cb 01       		.uleb128 0x1
 752 00cc 12       		.uleb128 0x12
 753 00cd 06       		.uleb128 0x6
 754 00ce 40       		.uleb128 0x40
 755 00cf 18       		.uleb128 0x18
 756 00d0 9642     		.uleb128 0x2116
 757 00d2 19       		.uleb128 0x19
 758 00d3 01       		.uleb128 0x1
 759 00d4 13       		.uleb128 0x13
 760 00d5 00       		.byte	0
 761 00d6 00       		.byte	0
 762 00d7 13       		.uleb128 0x13
 763 00d8 34       		.uleb128 0x34
 764 00d9 00       		.byte	0
 765 00da 03       		.uleb128 0x3
 766 00db 0E       		.uleb128 0xe
 767 00dc 3A       		.uleb128 0x3a
 768 00dd 0B       		.uleb128 0xb
 769 00de 3B       		.uleb128 0x3b
 770 00df 0B       		.uleb128 0xb
 771 00e0 49       		.uleb128 0x49
 772 00e1 13       		.uleb128 0x13
 773 00e2 02       		.uleb128 0x2
 774 00e3 18       		.uleb128 0x18
 775 00e4 00       		.byte	0
 776 00e5 00       		.byte	0
 777 00e6 14       		.uleb128 0x14
 778 00e7 0B       		.uleb128 0xb
 779 00e8 01       		.byte	0x1
 780 00e9 11       		.uleb128 0x11
 781 00ea 01       		.uleb128 0x1
 782 00eb 12       		.uleb128 0x12
 783 00ec 06       		.uleb128 0x6
 784 00ed 00       		.byte	0
 785 00ee 00       		.byte	0
 786 00ef 15       		.uleb128 0x15
 787 00f0 34       		.uleb128 0x34
 788 00f1 00       		.byte	0
 789 00f2 03       		.uleb128 0x3
 790 00f3 0E       		.uleb128 0xe
 791 00f4 3A       		.uleb128 0x3a
ARM GAS  C:\Users\RECEPC~1\AppData\Local\Temp\cc6OI9eZ.s 			page 16


 792 00f5 0B       		.uleb128 0xb
 793 00f6 3B       		.uleb128 0x3b
 794 00f7 0B       		.uleb128 0xb
 795 00f8 49       		.uleb128 0x49
 796 00f9 13       		.uleb128 0x13
 797 00fa 3F       		.uleb128 0x3f
 798 00fb 19       		.uleb128 0x19
 799 00fc 02       		.uleb128 0x2
 800 00fd 18       		.uleb128 0x18
 801 00fe 00       		.byte	0
 802 00ff 00       		.byte	0
 803 0100 16       		.uleb128 0x16
 804 0101 34       		.uleb128 0x34
 805 0102 00       		.byte	0
 806 0103 03       		.uleb128 0x3
 807 0104 0E       		.uleb128 0xe
 808 0105 3A       		.uleb128 0x3a
 809 0106 0B       		.uleb128 0xb
 810 0107 3B       		.uleb128 0x3b
 811 0108 0B       		.uleb128 0xb
 812 0109 49       		.uleb128 0x49
 813 010a 13       		.uleb128 0x13
 814 010b 3F       		.uleb128 0x3f
 815 010c 19       		.uleb128 0x19
 816 010d 3C       		.uleb128 0x3c
 817 010e 19       		.uleb128 0x19
 818 010f 00       		.byte	0
 819 0110 00       		.byte	0
 820 0111 00       		.byte	0
 821              		.section	.debug_aranges,"",%progbits
 822 0000 1C000000 		.4byte	0x1c
 823 0004 0200     		.2byte	0x2
 824 0006 00000000 		.4byte	.Ldebug_info0
 825 000a 04       		.byte	0x4
 826 000b 00       		.byte	0
 827 000c 0000     		.2byte	0
 828 000e 0000     		.2byte	0
 829 0010 00000000 		.4byte	.LFB0
 830 0014 08010000 		.4byte	.LFE0-.LFB0
 831 0018 00000000 		.4byte	0
 832 001c 00000000 		.4byte	0
 833              		.section	.debug_ranges,"",%progbits
 834              	.Ldebug_ranges0:
 835 0000 00000000 		.4byte	.LFB0
 836 0004 08010000 		.4byte	.LFE0
 837 0008 00000000 		.4byte	0
 838 000c 00000000 		.4byte	0
 839              		.section	.debug_line,"",%progbits
 840              	.Ldebug_line0:
 841 0000 AC000000 		.section	.debug_str,"MS",%progbits,1
 841      02008300 
 841      00000201 
 841      FB0E0D00 
 841      01010101 
 842              	.LASF69:
 843 0000 474E5520 		.ascii	"GNU C 4.9.3 20150303 (release) [ARM/embedded-4_9-br"
 843      4320342E 
ARM GAS  C:\Users\RECEPC~1\AppData\Local\Temp\cc6OI9eZ.s 			page 17


 843      392E3320 
 843      32303135 
 843      30333033 
 844 0033 616E6368 		.ascii	"anch revision 221220] -mcpu=cortex-m3 -mthumb -g -O"
 844      20726576 
 844      6973696F 
 844      6E203232 
 844      31323230 
 845 0066 30202D66 		.ascii	"0 -ffunction-sections -ffat-lto-objects\000"
 845      66756E63 
 845      74696F6E 
 845      2D736563 
 845      74696F6E 
 846              	.LASF48:
 847 008e 44495350 		.ascii	"DISPLAY1_RECEPTION\000"
 847      4C415931 
 847      5F524543 
 847      45505449 
 847      4F4E00
 848              	.LASF41:
 849 00a1 5052494E 		.ascii	"PRINTER11_JOB\000"
 849      54455231 
 849      315F4A4F 
 849      4200
 850              	.LASF59:
 851 00af 544F4747 		.ascii	"TOGGLE_SCREEN_AND_WRITE_TEST\000"
 851      4C455F53 
 851      43524545 
 851      4E5F414E 
 851      445F5752 
 852              	.LASF2:
 853 00cc 73686F72 		.ascii	"short int\000"
 853      7420696E 
 853      7400
 854              	.LASF56:
 855 00d6 49425554 		.ascii	"IBUTTON1_SCAN\000"
 855      544F4E31 
 855      5F534341 
 855      4E00
 856              	.LASF66:
 857 00e4 5F675F70 		.ascii	"_g_printerlayout\000"
 857      72696E74 
 857      65726C61 
 857      796F7574 
 857      00
 858              	.LASF12:
 859 00f5 73697A65 		.ascii	"sizetype\000"
 859      74797065 
 859      00
 860              	.LASF70:
 861 00fe 2E5C5072 		.ascii	".\\PrinterSink.c\000"
 861      696E7465 
 861      7253696E 
 861      6B2E6300 
 862              	.LASF38:
 863 010e 44495350 		.ascii	"DISPENSER_ACQUIRE_TOTALS\000"
 863      454E5345 
ARM GAS  C:\Users\RECEPC~1\AppData\Local\Temp\cc6OI9eZ.s 			page 18


 863      525F4143 
 863      51554952 
 863      455F544F 
 864              	.LASF15:
 865 0127 5F737461 		.ascii	"_state\000"
 865      746500
 866              	.LASF49:
 867 012e 44495350 		.ascii	"DISPLAY1_MESSAGE\000"
 867      4C415931 
 867      5F4D4553 
 867      53414745 
 867      00
 868              	.LASF45:
 869 013f 5052494E 		.ascii	"PRINTER1_GENERIC_JOB\000"
 869      54455231 
 869      5F47454E 
 869      45524943 
 869      5F4A4F42 
 870              	.LASF29:
 871 0154 44495350 		.ascii	"DISPENSER_EXECUTE_CASH_TRANSACTION\000"
 871      454E5345 
 871      525F4558 
 871      45435554 
 871      455F4341 
 872              	.LASF65:
 873 0177 696E6465 		.ascii	"index\000"
 873      7800
 874              	.LASF53:
 875 017d 44495350 		.ascii	"DISPLAY2_MESSAGE\000"
 875      4C415932 
 875      5F4D4553 
 875      53414745 
 875      00
 876              	.LASF18:
 877 018e 75696E74 		.ascii	"uint8\000"
 877      3800
 878              	.LASF50:
 879 0194 44495350 		.ascii	"DISPLAY1_UPDATE_DATETIME\000"
 879      4C415931 
 879      5F555044 
 879      4154455F 
 879      44415445 
 880              	.LASF55:
 881 01ad 44495350 		.ascii	"DISPLAY2_ANIMATE_HOME\000"
 881      4C415932 
 881      5F414E49 
 881      4D415445 
 881      5F484F4D 
 882              	.LASF46:
 883 01c3 5052494E 		.ascii	"PRINTER2_GENERIC_JOB\000"
 883      54455232 
 883      5F47454E 
 883      45524943 
 883      5F4A4F42 
 884              	.LASF9:
 885 01d8 666C6F61 		.ascii	"float\000"
 885      7400
ARM GAS  C:\Users\RECEPC~1\AppData\Local\Temp\cc6OI9eZ.s 			page 19


 886              	.LASF39:
 887 01de 44495350 		.ascii	"DISPENSER_PUMP_HANDLER\000"
 887      454E5345 
 887      525F5055 
 887      4D505F48 
 887      414E444C 
 888              	.LASF6:
 889 01f5 6C6F6E67 		.ascii	"long long int\000"
 889      206C6F6E 
 889      6720696E 
 889      7400
 890              	.LASF61:
 891 0203 5F707269 		.ascii	"_printerportside1\000"
 891      6E746572 
 891      706F7274 
 891      73696465 
 891      3100
 892              	.LASF74:
 893 0215 5072696E 		.ascii	"PrinterSinkRegistration\000"
 893      74657253 
 893      696E6B52 
 893      65676973 
 893      74726174 
 894              	.LASF64:
 895 022d 70737562 		.ascii	"psubscriber\000"
 895      73637269 
 895      62657200 
 896              	.LASF27:
 897 0239 44495350 		.ascii	"DISPENSER_ACQUIRE_PUMP_STATE\000"
 897      454E5345 
 897      525F4143 
 897      51554952 
 897      455F5055 
 898              	.LASF42:
 899 0256 5052494E 		.ascii	"PRINTER12_JOB\000"
 899      54455231 
 899      325F4A4F 
 899      4200
 900              	.LASF51:
 901 0264 44495350 		.ascii	"DISPLAY1_ANIMATE_HOME\000"
 901      4C415931 
 901      5F414E49 
 901      4D415445 
 901      5F484F4D 
 902              	.LASF24:
 903 027a 53494E4B 		.ascii	"SINK_RELEASE_BY_ID\000"
 903      5F52454C 
 903      45415345 
 903      5F42595F 
 903      494400
 904              	.LASF36:
 905 028d 44495350 		.ascii	"DISPENSER_RESTORE_PRICES\000"
 905      454E5345 
 905      525F5245 
 905      53544F52 
 905      455F5052 
 906              	.LASF67:
ARM GAS  C:\Users\RECEPC~1\AppData\Local\Temp\cc6OI9eZ.s 			page 20


 907 02a6 5F675F73 		.ascii	"_g_separator\000"
 907      65706172 
 907      61746F72 
 907      00
 908              	.LASF54:
 909 02b3 44495350 		.ascii	"DISPLAY2_UPDATE_DATETIME\000"
 909      4C415932 
 909      5F555044 
 909      4154455F 
 909      44415445 
 910              	.LASF13:
 911 02cc 6C6F6E67 		.ascii	"long double\000"
 911      20646F75 
 911      626C6500 
 912              	.LASF1:
 913 02d8 756E7369 		.ascii	"unsigned char\000"
 913      676E6564 
 913      20636861 
 913      7200
 914              	.LASF73:
 915 02e6 5F53494E 		.ascii	"_SINK_OBSERVABLES_\000"
 915      4B5F4F42 
 915      53455256 
 915      41424C45 
 915      535F00
 916              	.LASF35:
 917 02f9 44495350 		.ascii	"DISPENSER_CONFIGURE_PRICES\000"
 917      454E5345 
 917      525F434F 
 917      4E464947 
 917      5552455F 
 918              	.LASF0:
 919 0314 7369676E 		.ascii	"signed char\000"
 919      65642063 
 919      68617200 
 920              	.LASF7:
 921 0320 6C6F6E67 		.ascii	"long long unsigned int\000"
 921      206C6F6E 
 921      6720756E 
 921      7369676E 
 921      65642069 
 922              	.LASF43:
 923 0337 5052494E 		.ascii	"PRINTER21_JOB\000"
 923      54455232 
 923      315F4A4F 
 923      4200
 924              	.LASF8:
 925 0345 756E7369 		.ascii	"unsigned int\000"
 925      676E6564 
 925      20696E74 
 925      00
 926              	.LASF31:
 927 0352 44495350 		.ascii	"DISPENSER_UNLOCK_EOT_PUMPS\000"
 927      454E5345 
 927      525F554E 
 927      4C4F434B 
 927      5F454F54 
ARM GAS  C:\Users\RECEPC~1\AppData\Local\Temp\cc6OI9eZ.s 			page 21


 928              	.LASF28:
 929 036d 44495350 		.ascii	"DISPENSER_ACQUIRE_PUMP_HOSE\000"
 929      454E5345 
 929      525F4143 
 929      51554952 
 929      455F5055 
 930              	.LASF72:
 931 0389 5F53494E 		.ascii	"_SINK_SUBSCRIBER_\000"
 931      4B5F5355 
 931      42534352 
 931      49424552 
 931      5F00
 932              	.LASF3:
 933 039b 73686F72 		.ascii	"short unsigned int\000"
 933      7420756E 
 933      7369676E 
 933      65642069 
 933      6E7400
 934              	.LASF21:
 935 03ae 55415254 		.ascii	"UART_RF_TEST\000"
 935      5F52465F 
 935      54455354 
 935      00
 936              	.LASF68:
 937 03bb 5F675F70 		.ascii	"_g_padcharacters\000"
 937      61646368 
 937      61726163 
 937      74657273 
 937      00
 938              	.LASF11:
 939 03cc 63686172 		.ascii	"char\000"
 939      00
 940              	.LASF32:
 941 03d1 44495350 		.ascii	"DISPENSER_LOAD_EEPROM_SETTINGS\000"
 941      454E5345 
 941      525F4C4F 
 941      41445F45 
 941      4550524F 
 942              	.LASF23:
 943 03f0 53494E4B 		.ascii	"SINK_UPDATE_COUNTERS\000"
 943      5F555044 
 943      4154455F 
 943      434F554E 
 943      54455253 
 944              	.LASF33:
 945 0405 44495350 		.ascii	"DISPENSER_ENUMERATE_VISIBLE_PUMPS\000"
 945      454E5345 
 945      525F454E 
 945      554D4552 
 945      4154455F 
 946              	.LASF71:
 947 0427 433A5C54 		.ascii	"C:\\TeamInsepet\\NSX-Prime\\Hardware\\CorEx-MUX-Ker"
 947      65616D49 
 947      6E736570 
 947      65745C4E 
 947      53582D50 
 948 0456 6E656C2D 		.ascii	"nel-Enhanced\\Workspace01\\CorEx-Mux-Kernel.cydsn\000"
ARM GAS  C:\Users\RECEPC~1\AppData\Local\Temp\cc6OI9eZ.s 			page 22


 948      456E6861 
 948      6E636564 
 948      5C576F72 
 948      6B737061 
 949              	.LASF14:
 950 0486 5F426F6F 		.ascii	"_Bool\000"
 950      6C00
 951              	.LASF19:
 952 048c 5053494E 		.ascii	"PSINKSUBSCRIBERPTR\000"
 952      4B535542 
 952      53435249 
 952      42455250 
 952      545200
 953              	.LASF34:
 954 049f 44495350 		.ascii	"DISPENSER_ACQUIRE_CONFIGURATION_INFORMATION\000"
 954      454E5345 
 954      525F4143 
 954      51554952 
 954      455F434F 
 955              	.LASF20:
 956 04cb 55415254 		.ascii	"UART_RF_RECEPTION\000"
 956      5F52465F 
 956      52454345 
 956      5054494F 
 956      4E00
 957              	.LASF5:
 958 04dd 6C6F6E67 		.ascii	"long unsigned int\000"
 958      20756E73 
 958      69676E65 
 958      6420696E 
 958      7400
 959              	.LASF10:
 960 04ef 646F7562 		.ascii	"double\000"
 960      6C6500
 961              	.LASF60:
 962 04f6 57415443 		.ascii	"WATCHDOG_STARTUP\000"
 962      48444F47 
 962      5F535441 
 962      52545550 
 962      00
 963              	.LASF47:
 964 0507 44495350 		.ascii	"DISPLAY_UPDATE_PUMP_STATE\000"
 964      4C41595F 
 964      55504441 
 964      54455F50 
 964      554D505F 
 965              	.LASF40:
 966 0521 44495350 		.ascii	"DISPENSER_PUMP_BEEP_WARNING\000"
 966      454E5345 
 966      525F5055 
 966      4D505F42 
 966      4545505F 
 967              	.LASF57:
 968 053d 49425554 		.ascii	"IBUTTON2_SCAN\000"
 968      544F4E32 
 968      5F534341 
 968      4E00
ARM GAS  C:\Users\RECEPC~1\AppData\Local\Temp\cc6OI9eZ.s 			page 23


 969              	.LASF30:
 970 054b 44495350 		.ascii	"DISPENSER_EXECUTE_CREDIT_TRANSACTION\000"
 970      454E5345 
 970      525F4558 
 970      45435554 
 970      455F4352 
 971              	.LASF63:
 972 0570 5072696E 		.ascii	"PrinterLayout\000"
 972      7465724C 
 972      61796F75 
 972      7400
 973              	.LASF25:
 974 057e 53494E4B 		.ascii	"SINK_RELEASE_BY_PTR\000"
 974      5F52454C 
 974      45415345 
 974      5F42595F 
 974      50545200 
 975              	.LASF62:
 976 0592 5F707269 		.ascii	"_printerportside2\000"
 976      6E746572 
 976      706F7274 
 976      73696465 
 976      3200
 977              	.LASF44:
 978 05a4 5052494E 		.ascii	"PRINTER22_JOB\000"
 978      54455232 
 978      325F4A4F 
 978      4200
 979              	.LASF26:
 980 05b2 44495350 		.ascii	"DISPENSER_UPDATE_PUMP_TRANSACTION_TIMEOUTS\000"
 980      454E5345 
 980      525F5550 
 980      44415445 
 980      5F50554D 
 981              	.LASF4:
 982 05dd 6C6F6E67 		.ascii	"long int\000"
 982      20696E74 
 982      00
 983              	.LASF22:
 984 05e6 55415254 		.ascii	"UART_RF_AUTONOMOUS_MONITOR\000"
 984      5F52465F 
 984      4155544F 
 984      4E4F4D4F 
 984      55535F4D 
 985              	.LASF52:
 986 0601 44495350 		.ascii	"DISPLAY2_RECEPTION\000"
 986      4C415932 
 986      5F524543 
 986      45505449 
 986      4F4E00
 987              	.LASF16:
 988 0614 5F617272 		.ascii	"_arrmsgid\000"
 988      6D736769 
 988      6400
 989              	.LASF58:
 990 061e 474C4F42 		.ascii	"GLOBAL_TICK_NOTIFICATION\000"
 990      414C5F54 
ARM GAS  C:\Users\RECEPC~1\AppData\Local\Temp\cc6OI9eZ.s 			page 24


 990      49434B5F 
 990      4E4F5449 
 990      46494341 
 991              	.LASF37:
 992 0637 44495350 		.ascii	"DISPENSER_CONFIGURE_SINGLE_PRICE\000"
 992      454E5345 
 992      525F434F 
 992      4E464947 
 992      5552455F 
 993              	.LASF17:
 994 0658 43616C6C 		.ascii	"Callback\000"
 994      6261636B 
 994      00
 995              		.ident	"GCC: (GNU Tools for ARM Embedded Processors) 4.9.3 20150303 (release) [ARM/embedded-4_9-br
