<<<<<<< HEAD
ARM GAS  C:\Users\RECEPC~1\AppData\Local\Temp\ccfsZT1O.s 			page 1
=======
ARM GAS  C:\Users\RECEPC~1\AppData\Local\Temp\cc60cY4o.s 			page 1
>>>>>>> parent of cf6f4cd... Ultima version para pruebas 18.5


   1              		.syntax unified
   2              		.cpu cortex-m3
   3              		.fpu softvfp
   4              		.eabi_attribute 20, 1
   5              		.eabi_attribute 21, 1
   6              		.eabi_attribute 23, 3
   7              		.eabi_attribute 24, 1
   8              		.eabi_attribute 25, 1
   9              		.eabi_attribute 26, 1
  10              		.eabi_attribute 30, 6
  11              		.eabi_attribute 34, 1
  12              		.eabi_attribute 18, 4
  13              		.thumb
  14              		.file	"Printer_INT.c"
  15              		.text
  16              	.Ltext0:
  17              		.cfi_sections	.debug_frame
  18              	.Letext0:
  19              		.section	.debug_info,"",%progbits
  20              	.Ldebug_info0:
  21 0000 8A000000 		.4byte	0x8a
  22 0004 0400     		.2byte	0x4
  23 0006 00000000 		.4byte	.Ldebug_abbrev0
  24 000a 04       		.byte	0x4
  25 000b 01       		.uleb128 0x1
  26 000c 93000000 		.4byte	.LASF15
  27 0010 01       		.byte	0x1
  28 0011 29000000 		.4byte	.LASF16
  29 0015 21010000 		.4byte	.LASF17
  30 0019 00000000 		.4byte	.Ldebug_line0
  31 001d 02       		.uleb128 0x2
  32 001e 01       		.byte	0x1
  33 001f 06       		.byte	0x6
  34 0020 A2010000 		.4byte	.LASF0
  35 0024 02       		.uleb128 0x2
  36 0025 01       		.byte	0x1
  37 0026 08       		.byte	0x8
  38 0027 1B000000 		.4byte	.LASF1
  39 002b 02       		.uleb128 0x2
  40 002c 02       		.byte	0x2
  41 002d 05       		.byte	0x5
  42 002e BA010000 		.4byte	.LASF2
  43 0032 02       		.uleb128 0x2
  44 0033 02       		.byte	0x2
  45 0034 07       		.byte	0x7
  46 0035 8F010000 		.4byte	.LASF3
  47 0039 02       		.uleb128 0x2
  48 003a 04       		.byte	0x4
  49 003b 05       		.byte	0x5
  50 003c 8A000000 		.4byte	.LASF4
  51 0040 02       		.uleb128 0x2
  52 0041 04       		.byte	0x4
  53 0042 07       		.byte	0x7
  54 0043 50000000 		.4byte	.LASF5
  55 0047 02       		.uleb128 0x2
  56 0048 08       		.byte	0x8
  57 0049 05       		.byte	0x5
<<<<<<< HEAD
ARM GAS  C:\Users\RECEPC~1\AppData\Local\Temp\ccfsZT1O.s 			page 2
=======
ARM GAS  C:\Users\RECEPC~1\AppData\Local\Temp\cc60cY4o.s 			page 2
>>>>>>> parent of cf6f4cd... Ultima version para pruebas 18.5


  58 004a 00000000 		.4byte	.LASF6
  59 004e 02       		.uleb128 0x2
  60 004f 08       		.byte	0x8
  61 0050 07       		.byte	0x7
  62 0051 62000000 		.4byte	.LASF7
  63 0055 03       		.uleb128 0x3
  64 0056 04       		.byte	0x4
  65 0057 05       		.byte	0x5
  66 0058 696E7400 		.ascii	"int\000"
  67 005c 02       		.uleb128 0x2
  68 005d 04       		.byte	0x4
  69 005e 07       		.byte	0x7
  70 005f 0E000000 		.4byte	.LASF8
  71 0063 02       		.uleb128 0x2
  72 0064 04       		.byte	0x4
  73 0065 04       		.byte	0x4
  74 0066 79000000 		.4byte	.LASF9
  75 006a 02       		.uleb128 0x2
  76 006b 08       		.byte	0x8
  77 006c 04       		.byte	0x4
  78 006d 88010000 		.4byte	.LASF10
  79 0071 02       		.uleb128 0x2
  80 0072 01       		.byte	0x1
  81 0073 08       		.byte	0x8
  82 0074 85000000 		.4byte	.LASF11
  83 0078 02       		.uleb128 0x2
  84 0079 04       		.byte	0x4
  85 007a 07       		.byte	0x7
  86 007b C4010000 		.4byte	.LASF12
  87 007f 02       		.uleb128 0x2
  88 0080 08       		.byte	0x8
  89 0081 04       		.byte	0x4
  90 0082 AE010000 		.4byte	.LASF13
  91 0086 02       		.uleb128 0x2
  92 0087 01       		.byte	0x1
  93 0088 02       		.byte	0x2
  94 0089 7F000000 		.4byte	.LASF14
  95 008d 00       		.byte	0
  96              		.section	.debug_abbrev,"",%progbits
  97              	.Ldebug_abbrev0:
  98 0000 01       		.uleb128 0x1
  99 0001 11       		.uleb128 0x11
 100 0002 01       		.byte	0x1
 101 0003 25       		.uleb128 0x25
 102 0004 0E       		.uleb128 0xe
 103 0005 13       		.uleb128 0x13
 104 0006 0B       		.uleb128 0xb
 105 0007 03       		.uleb128 0x3
 106 0008 0E       		.uleb128 0xe
 107 0009 1B       		.uleb128 0x1b
 108 000a 0E       		.uleb128 0xe
 109 000b 10       		.uleb128 0x10
 110 000c 17       		.uleb128 0x17
 111 000d 00       		.byte	0
 112 000e 00       		.byte	0
 113 000f 02       		.uleb128 0x2
 114 0010 24       		.uleb128 0x24
<<<<<<< HEAD
ARM GAS  C:\Users\RECEPC~1\AppData\Local\Temp\ccfsZT1O.s 			page 3
=======
ARM GAS  C:\Users\RECEPC~1\AppData\Local\Temp\cc60cY4o.s 			page 3
>>>>>>> parent of cf6f4cd... Ultima version para pruebas 18.5


 115 0011 00       		.byte	0
 116 0012 0B       		.uleb128 0xb
 117 0013 0B       		.uleb128 0xb
 118 0014 3E       		.uleb128 0x3e
 119 0015 0B       		.uleb128 0xb
 120 0016 03       		.uleb128 0x3
 121 0017 0E       		.uleb128 0xe
 122 0018 00       		.byte	0
 123 0019 00       		.byte	0
 124 001a 03       		.uleb128 0x3
 125 001b 24       		.uleb128 0x24
 126 001c 00       		.byte	0
 127 001d 0B       		.uleb128 0xb
 128 001e 0B       		.uleb128 0xb
 129 001f 3E       		.uleb128 0x3e
 130 0020 0B       		.uleb128 0xb
 131 0021 03       		.uleb128 0x3
 132 0022 08       		.uleb128 0x8
 133 0023 00       		.byte	0
 134 0024 00       		.byte	0
 135 0025 00       		.byte	0
 136              		.section	.debug_aranges,"",%progbits
 137 0000 14000000 		.4byte	0x14
 138 0004 0200     		.2byte	0x2
 139 0006 00000000 		.4byte	.Ldebug_info0
 140 000a 04       		.byte	0x4
 141 000b 00       		.byte	0
 142 000c 0000     		.2byte	0
 143 000e 0000     		.2byte	0
 144 0010 00000000 		.4byte	0
 145 0014 00000000 		.4byte	0
 146              		.section	.debug_line,"",%progbits
 147              	.Ldebug_line0:
 148 0000 19000000 		.section	.debug_str,"MS",%progbits,1
 148      02001300 
 148      00000201 
 148      FB0E0D00 
 148      01010101 
 149              	.LASF6:
 150 0000 6C6F6E67 		.ascii	"long long int\000"
 150      206C6F6E 
 150      6720696E 
 150      7400
 151              	.LASF8:
 152 000e 756E7369 		.ascii	"unsigned int\000"
 152      676E6564 
 152      20696E74 
 152      00
 153              	.LASF1:
 154 001b 756E7369 		.ascii	"unsigned char\000"
 154      676E6564 
 154      20636861 
 154      7200
 155              	.LASF16:
 156 0029 2E5C4765 		.ascii	".\\Generated_Source\\PSoC5\\Printer_INT.c\000"
 156      6E657261 
 156      7465645F 
<<<<<<< HEAD
ARM GAS  C:\Users\RECEPC~1\AppData\Local\Temp\ccfsZT1O.s 			page 4
=======
ARM GAS  C:\Users\RECEPC~1\AppData\Local\Temp\cc60cY4o.s 			page 4
>>>>>>> parent of cf6f4cd... Ultima version para pruebas 18.5


 156      536F7572 
 156      63655C50 
 157              	.LASF5:
 158 0050 6C6F6E67 		.ascii	"long unsigned int\000"
 158      20756E73 
 158      69676E65 
 158      6420696E 
 158      7400
 159              	.LASF7:
 160 0062 6C6F6E67 		.ascii	"long long unsigned int\000"
 160      206C6F6E 
 160      6720756E 
 160      7369676E 
 160      65642069 
 161              	.LASF9:
 162 0079 666C6F61 		.ascii	"float\000"
 162      7400
 163              	.LASF14:
 164 007f 5F426F6F 		.ascii	"_Bool\000"
 164      6C00
 165              	.LASF11:
 166 0085 63686172 		.ascii	"char\000"
 166      00
 167              	.LASF4:
 168 008a 6C6F6E67 		.ascii	"long int\000"
 168      20696E74 
 168      00
 169              	.LASF15:
 170 0093 474E5520 		.ascii	"GNU C 4.9.3 20150303 (release) [ARM/embedded-4_9-br"
 170      4320342E 
 170      392E3320 
 170      32303135 
 170      30333033 
 171 00c6 616E6368 		.ascii	"anch revision 221220] -mcpu=cortex-m3 -mthumb -g -O"
 171      20726576 
 171      6973696F 
 171      6E203232 
 171      31323230 
 172 00f9 30202D66 		.ascii	"0 -ffunction-sections -ffat-lto-objects\000"
 172      66756E63 
 172      74696F6E 
 172      2D736563 
 172      74696F6E 
<<<<<<< HEAD
 173              	.LASF10:
 174 0121 646F7562 		.ascii	"double\000"
 174      6C6500
 175              	.LASF3:
 176 0128 73686F72 		.ascii	"short unsigned int\000"
 176      7420756E 
 176      7369676E 
 176      65642069 
 176      6E7400
 177              	.LASF0:
 178 013b 7369676E 		.ascii	"signed char\000"
 178      65642063 
 178      68617200 
 179              	.LASF17:
ARM GAS  C:\Users\RECEPC~1\AppData\Local\Temp\ccfsZT1O.s 			page 5
=======
 173              	.LASF17:
 174 0121 433A5C55 		.ascii	"C:\\Users\\Recepcion\\Documents\\CorEx-MUX-Kernel-E"
 174      73657273 
 174      5C526563 
 174      65706369 
 174      6F6E5C44 
 175 0150 6E68616E 		.ascii	"nhanced-COPIA RECIBO\\Workspace01\\CorEx-Mux-Kernel"
 175      6365642D 
 175      434F5049 
 175      41205245 
 175      4349424F 
 176 0181 2E637964 		.ascii	".cydsn\000"
 176      736E00
 177              	.LASF10:
ARM GAS  C:\Users\RECEPC~1\AppData\Local\Temp\cc60cY4o.s 			page 5
>>>>>>> parent of cf6f4cd... Ultima version para pruebas 18.5


 178 0188 646F7562 		.ascii	"double\000"
 178      6C6500
 179              	.LASF3:
 180 018f 73686F72 		.ascii	"short unsigned int\000"
 180      7420756E 
 180      7369676E 
 180      65642069 
 180      6E7400
 181              	.LASF0:
 182 01a2 7369676E 		.ascii	"signed char\000"
 182      65642063 
 182      68617200 
 183              	.LASF13:
 184 01ae 6C6F6E67 		.ascii	"long double\000"
 184      20646F75 
 184      626C6500 
 185              	.LASF2:
 186 01ba 73686F72 		.ascii	"short int\000"
 186      7420696E 
 186      7400
 187              	.LASF12:
 188 01c4 73697A65 		.ascii	"sizetype\000"
 188      74797065 
 188      00
 189              		.ident	"GCC: (GNU Tools for ARM Embedded Processors) 4.9.3 20150303 (release) [ARM/embedded-4_9-br
