ARM GAS  C:\Users\RECEPC~1\AppData\Local\Temp\ccRreK3F.s 			page 1


   1              		.syntax unified
   2              		.cpu cortex-m3
   3              		.fpu softvfp
   4              		.eabi_attribute 20, 1
   5              		.eabi_attribute 21, 1
   6              		.eabi_attribute 23, 3
   7              		.eabi_attribute 24, 1
   8              		.eabi_attribute 25, 1
   9              		.eabi_attribute 26, 1
  10              		.eabi_attribute 30, 6
  11              		.eabi_attribute 34, 1
  12              		.eabi_attribute 18, 4
  13              		.thumb
  14              		.file	"PrinterTemplate.c"
  15              		.text
  16              	.Ltext0:
  17              		.cfi_sections	.debug_frame
  18              		.global	_g_printertemplate
  19              		.section	.rodata
  20              		.align	2
  21              	.LC0:
  22 0000 46656368 		.ascii	"Fecha      : \000"
  22      61202020 
  22      2020203A 
  22      2000
  23 000e 0000     		.align	2
  24              	.LC1:
  25 0010 486F7261 		.ascii	"Hora       : \000"
  25      20202020 
  25      2020203A 
  25      2000
  26 001e 0000     		.align	2
  27              	.LC2:
  28 0020 506C6163 		.ascii	"Placa      : \000"
  28      61202020 
  28      2020203A 
  28      2000
  29 002e 0000     		.align	2
  30              	.LC3:
  31 0030 53657269 		.ascii	"Serial     : \000"
  31      616C2020 
  31      2020203A 
  31      2000
  32 003e 0000     		.align	2
  33              	.LC4:
  34 0040 4B696C6F 		.ascii	"Kilometraje: \000"
  34      6D657472 
  34      616A653A 
  34      2000
  35 004e 0000     		.align	2
  36              	.LC5:
  37 0050 5469706F 		.ascii	"Tipo       : \000"
  37      20202020 
  37      2020203A 
  37      2000
  38 005e 0000     		.align	2
  39              	.LC6:
ARM GAS  C:\Users\RECEPC~1\AppData\Local\Temp\ccRreK3F.s 			page 2


  40 0060 506F7369 		.ascii	"Posicion   : \000"
  40      63696F6E 
  40      2020203A 
  40      2000
  41 006e 0000     		.align	2
  42              	.LC7:
  43 0070 50726F64 		.ascii	"Producto   : \000"
  43      7563746F 
  43      2020203A 
  43      2000
  44 007e 0000     		.align	2
  45              	.LC8:
  46 0080 50707520 		.ascii	"Ppu        : \000"
  46      20202020 
  46      2020203A 
  46      2000
  47 008e 0000     		.align	2
  48              	.LC9:
  49 0090 566F6C75 		.ascii	"Volumen    : \000"
  49      6D656E20 
  49      2020203A 
  49      2000
  50 009e 0000     		.align	2
  51              	.LC10:
  52 00a0 44696E65 		.ascii	"Dinero     : \000"
  52      726F2020 
  52      2020203A 
  52      2000
  53 00ae 0000     		.align	2
  54              	.LC11:
  55 00b0 436F6E73 		.ascii	"Consecutivo: \000"
  55      65637574 
  55      69766F3A 
  55      2000
  56 00be 0000     		.align	2
  57              	.LC12:
  58 00c0 53616C64 		.ascii	"Saldo      : \000"
  58      6F202020 
  58      2020203A 
  58      2000
  59 00ce 0000     		.align	2
  60              	.LC13:
  61 00d0 456D7072 		.ascii	"Empresa    : \000"
  61      65736120 
  61      2020203A 
  61      2000
  62 00de 0000     		.align	2
  63              	.LC14:
  64 00e0 4375656E 		.ascii	"Cuenta     : \000"
  64      74612020 
  64      2020203A 
  64      2000
  65 00ee 0000     		.align	2
  66              	.LC15:
  67 00f0 5469706F 		.ascii	"Tipo Cuenta: \000"
  67      20437565 
  67      6E74613A 
ARM GAS  C:\Users\RECEPC~1\AppData\Local\Temp\ccRreK3F.s 			page 3


  67      2000
  68 00fe 0000     		.align	2
  69              	.LC16:
  70 0100 56697369 		.ascii	"Visitas Dia: \000"
  70      74617320 
  70      4469613A 
  70      2000
  71 010e 0000     		.align	2
  72              	.LC17:
  73 0110 56697369 		.ascii	"Visitas Sem: \000"
  73      74617320 
  73      53656D3A 
  73      2000
  74 011e 0000     		.align	2
  75              	.LC18:
  76 0120 56697369 		.ascii	"Visitas Mes: \000"
  76      74617320 
  76      4D65733A 
  76      2000
  77 012e 0000     		.align	2
  78              	.LC19:
  79 0130 566F6C75 		.ascii	"Volumen Dia: \000"
  79      6D656E20 
  79      4469613A 
  79      2000
  80 013e 0000     		.align	2
  81              	.LC20:
  82 0140 566F6C75 		.ascii	"Volumen Sem: \000"
  82      6D656E20 
  82      53656D3A 
  82      2000
  83 014e 0000     		.align	2
  84              	.LC21:
  85 0150 566F6C75 		.ascii	"Volumen Mes: \000"
  85      6D656E20 
  85      4D65733A 
  85      2000
  86 015e 0000     		.align	2
  87              	.LC22:
  88 0160 44696E65 		.ascii	"Dinero Dia : \000"
  88      726F2044 
  88      6961203A 
  88      2000
  89 016e 0000     		.align	2
  90              	.LC23:
  91 0170 44696E65 		.ascii	"Dinero Sem : \000"
  91      726F2053 
  91      656D203A 
  91      2000
  92 017e 0000     		.align	2
  93              	.LC24:
  94 0180 44696E65 		.ascii	"Dinero Mes : \000"
  94      726F204D 
  94      6573203A 
  94      2000
  95 018e 0000     		.align	2
  96              	.LC25:
ARM GAS  C:\Users\RECEPC~1\AppData\Local\Temp\ccRreK3F.s 			page 4


  97 0190 4669726D 		.ascii	"Firma      :................. \000"
  97      61202020 
  97      2020203A 
  97      2E2E2E2E 
  97      2E2E2E2E 
  98 01af 00       		.align	2
  99              	.LC26:
 100 01b0 43656475 		.ascii	"Cedula     :................. \000"
 100      6C612020 
 100      2020203A 
 100      2E2E2E2E 
 100      2E2E2E2E 
 101              		.data
 102              		.align	2
 103              		.type	_g_printertemplate, %object
 104              		.size	_g_printertemplate, 224
 105              	_g_printertemplate:
 106 0000 01       		.byte	1
 107 0001 000000   		.space	3
 108 0004 00000000 		.word	.LC0
 109 0008 02       		.byte	2
 110 0009 000000   		.space	3
 111 000c 10000000 		.word	.LC1
 112 0010 03       		.byte	3
 113 0011 000000   		.space	3
 114 0014 20000000 		.word	.LC2
 115 0018 1B       		.byte	27
 116 0019 000000   		.space	3
 117 001c 30000000 		.word	.LC3
 118 0020 04       		.byte	4
 119 0021 000000   		.space	3
 120 0024 40000000 		.word	.LC4
 121 0028 05       		.byte	5
 122 0029 000000   		.space	3
 123 002c 50000000 		.word	.LC5
 124 0030 06       		.byte	6
 125 0031 000000   		.space	3
 126 0034 60000000 		.word	.LC6
 127 0038 15       		.byte	21
 128 0039 000000   		.space	3
 129 003c 70000000 		.word	.LC7
 130 0040 16       		.byte	22
 131 0041 000000   		.space	3
 132 0044 80000000 		.word	.LC8
 133 0048 17       		.byte	23
 134 0049 000000   		.space	3
 135 004c 90000000 		.word	.LC9
 136 0050 18       		.byte	24
 137 0051 000000   		.space	3
 138 0054 A0000000 		.word	.LC10
 139 0058 07       		.byte	7
 140 0059 000000   		.space	3
 141 005c B0000000 		.word	.LC11
 142 0060 08       		.byte	8
 143 0061 000000   		.space	3
 144 0064 C0000000 		.word	.LC12
 145 0068 09       		.byte	9
ARM GAS  C:\Users\RECEPC~1\AppData\Local\Temp\ccRreK3F.s 			page 5


 146 0069 000000   		.space	3
 147 006c D0000000 		.word	.LC13
 148 0070 0A       		.byte	10
 149 0071 000000   		.space	3
 150 0074 E0000000 		.word	.LC14
 151 0078 14       		.byte	20
 152 0079 000000   		.space	3
 153 007c F0000000 		.word	.LC15
 154 0080 0B       		.byte	11
 155 0081 000000   		.space	3
 156 0084 00010000 		.word	.LC16
 157 0088 0C       		.byte	12
 158 0089 000000   		.space	3
 159 008c 10010000 		.word	.LC17
 160 0090 0D       		.byte	13
 161 0091 000000   		.space	3
 162 0094 20010000 		.word	.LC18
 163 0098 0E       		.byte	14
 164 0099 000000   		.space	3
 165 009c 30010000 		.word	.LC19
 166 00a0 0F       		.byte	15
 167 00a1 000000   		.space	3
 168 00a4 40010000 		.word	.LC20
 169 00a8 10       		.byte	16
 170 00a9 000000   		.space	3
 171 00ac 50010000 		.word	.LC21
 172 00b0 11       		.byte	17
 173 00b1 000000   		.space	3
 174 00b4 60010000 		.word	.LC22
 175 00b8 12       		.byte	18
 176 00b9 000000   		.space	3
 177 00bc 70010000 		.word	.LC23
 178 00c0 13       		.byte	19
 179 00c1 000000   		.space	3
 180 00c4 80010000 		.word	.LC24
 181 00c8 1A       		.byte	26
 182 00c9 000000   		.space	3
 183 00cc 90010000 		.word	.LC25
 184 00d0 19       		.byte	25
 185 00d1 000000   		.space	3
 186 00d4 B0010000 		.word	.LC26
 187 00d8 00       		.byte	0
 188 00d9 000000   		.space	3
 189 00dc 00000000 		.word	0
 190              		.global	_g_printervolumetemplate
 191              		.section	.rodata
 192 01cf 00       		.align	2
 193              	.LC27:
 194 01d0 2047616C 		.ascii	" Gal\000"
 194      00
 195 01d5 000000   		.align	2
 196              	.LC28:
 197 01d8 204C00   		.ascii	" L\000"
 198              		.data
 199              		.align	2
 200              		.type	_g_printervolumetemplate, %object
 201              		.size	_g_printervolumetemplate, 48
ARM GAS  C:\Users\RECEPC~1\AppData\Local\Temp\ccRreK3F.s 			page 6


 202              	_g_printervolumetemplate:
 203 00e0 01       		.byte	1
 204 00e1 000000   		.space	3
 205 00e4 D0010000 		.word	.LC27
 206 00e8 02       		.byte	2
 207 00e9 000000   		.space	3
 208 00ec D0010000 		.word	.LC27
 209 00f0 03       		.byte	3
 210 00f1 000000   		.space	3
 211 00f4 D8010000 		.word	.LC28
 212 00f8 04       		.byte	4
 213 00f9 000000   		.space	3
 214 00fc D0010000 		.word	.LC27
 215 0100 05       		.byte	5
 216 0101 000000   		.space	3
 217 0104 D0010000 		.word	.LC27
 218 0108 00       		.byte	0
 219 0109 000000   		.space	3
 220 010c 00000000 		.word	0
 221              		.global	_g_printerpricetemplate
 222              		.section	.rodata
 223 01db 00       		.align	2
 224              	.LC29:
 225 01dc 20242F47 		.ascii	" $/Gal\000"
 225      616C00
 226 01e3 00       		.align	2
 227              	.LC30:
 228 01e4 20242F4C 		.ascii	" $/L\000"
 228      00
 229 01e9 000000   		.data
 230              		.align	2
 231              		.type	_g_printerpricetemplate, %object
 232              		.size	_g_printerpricetemplate, 24
 233              	_g_printerpricetemplate:
 234 0110 01       		.byte	1
 235 0111 000000   		.space	3
 236 0114 DC010000 		.word	.LC29
 237 0118 03       		.byte	3
 238 0119 000000   		.space	3
 239 011c E4010000 		.word	.LC30
 240 0120 00       		.byte	0
 241 0121 000000   		.space	3
 242 0124 00000000 		.word	0
 243              		.section	.text.GetPrinterTemplateLine,"ax",%progbits
 244              		.align	2
 245              		.global	GetPrinterTemplateLine
 246              		.thumb
 247              		.thumb_func
 248              		.type	GetPrinterTemplateLine, %function
 249              	GetPrinterTemplateLine:
 250              	.LFB0:
 251              		.file 1 ".\\PrinterTemplate.c"
   1:.\PrinterTemplate.c **** /* ========================================
   2:.\PrinterTemplate.c ****  *
   3:.\PrinterTemplate.c ****  * Copyright YOUR COMPANY, THE YEAR
   4:.\PrinterTemplate.c ****  * All Rights Reserved
   5:.\PrinterTemplate.c ****  * UNPUBLISHED, LICENSED SOFTWARE.
ARM GAS  C:\Users\RECEPC~1\AppData\Local\Temp\ccRreK3F.s 			page 7


   6:.\PrinterTemplate.c ****  *
   7:.\PrinterTemplate.c ****  * CONFIDENTIAL AND PROPRIETARY INFORMATION
   8:.\PrinterTemplate.c ****  * WHICH IS THE PROPERTY OF your company.
   9:.\PrinterTemplate.c ****  *
  10:.\PrinterTemplate.c ****  * ========================================
  11:.\PrinterTemplate.c **** */
  12:.\PrinterTemplate.c **** #include "Printer.h"
  13:.\PrinterTemplate.c **** 
  14:.\PrinterTemplate.c **** PrinterTemplate _g_printertemplate[] =
  15:.\PrinterTemplate.c **** {
  16:.\PrinterTemplate.c ****     { PRN_DATE,         "Fecha      : " },
  17:.\PrinterTemplate.c ****     { PRN_HOUR,         "Hora       : " },
  18:.\PrinterTemplate.c ****     { PRN_PLATE,        "Placa      : " },
  19:.\PrinterTemplate.c ****     { PRN_SERIAL,       "Serial     : " },
  20:.\PrinterTemplate.c ****     { PRN_MILLEAGE,     "Kilometraje: " },
  21:.\PrinterTemplate.c ****     { PRN_TRANSTYPE,    "Tipo       : " },
  22:.\PrinterTemplate.c ****     { PRN_PUMPPOS,      "Posicion   : " },
  23:.\PrinterTemplate.c ****     { PRN_PRODUCT,      "Producto   : " },
  24:.\PrinterTemplate.c ****     { PRN_PRODPRICE,    "Ppu        : " },
  25:.\PrinterTemplate.c ****     { PRN_VOLUME,       "Volumen    : " },
  26:.\PrinterTemplate.c ****     { PRN_MONEY,        "Dinero     : " },
  27:.\PrinterTemplate.c ****     { PRN_INVNUMBER,    "Consecutivo: " },
  28:.\PrinterTemplate.c ****     { PRN_BALANCE,      "Saldo      : " },
  29:.\PrinterTemplate.c ****     { PRN_COMPANY,      "Empresa    : " },
  30:.\PrinterTemplate.c ****     { PRN_ACCOUNT,      "Cuenta     : " },
  31:.\PrinterTemplate.c ****     { PRN_ACCOUNTTYPE,  "Tipo Cuenta: " },
  32:.\PrinterTemplate.c ****     { PRN_VISITSDAY,    "Visitas Dia: " },
  33:.\PrinterTemplate.c ****     { PRN_VISITSWEEK,   "Visitas Sem: " },
  34:.\PrinterTemplate.c ****     { PRN_VISITSMONTH,  "Visitas Mes: " },
  35:.\PrinterTemplate.c ****     { PRN_VOLUMEDAY,    "Volumen Dia: " },
  36:.\PrinterTemplate.c ****     { PRN_VOLUMEWEEK,   "Volumen Sem: " },
  37:.\PrinterTemplate.c ****     { PRN_VOLUMEMONTH,  "Volumen Mes: " },
  38:.\PrinterTemplate.c ****     { PRN_MONEYDAY,     "Dinero Dia : " },
  39:.\PrinterTemplate.c ****     { PRN_MONEYWEEK,    "Dinero Sem : " },
  40:.\PrinterTemplate.c ****     { PRN_MONEYMONTH,   "Dinero Mes : " },    
  41:.\PrinterTemplate.c ****     { PRN_SIGNATURE,    "Firma      :................. " },
  42:.\PrinterTemplate.c ****     { PRN_ID,           "Cedula     :................. " },
  43:.\PrinterTemplate.c ****     { 0x00,             NULL },
  44:.\PrinterTemplate.c **** };
  45:.\PrinterTemplate.c **** 
  46:.\PrinterTemplate.c **** PrinterTemplate _g_printervolumetemplate[] =
  47:.\PrinterTemplate.c **** {
  48:.\PrinterTemplate.c ****     { PRN_VOLUNIT_US_GALLONS,           " Gal" },//US
  49:.\PrinterTemplate.c ****     { PRN_VOLUNIT_UK_GALLONS,           " Gal" },//UK
  50:.\PrinterTemplate.c ****     { PRN_VOLUNIT_LITERS,               " L" },//Liters
  51:.\PrinterTemplate.c ****     { PRN_VOLUNIT_HAWAIIAN_GALLONS_GAS, " Gal" },//Hawaiian Gallons of Gasoline
  52:.\PrinterTemplate.c ****     { PRN_VOLUNIT_HAWAIIAN_GALLONS_DIE, " Gal" },//Hawaiian Gallons of Diesel
  53:.\PrinterTemplate.c ****     { 0x00,                             NULL }
  54:.\PrinterTemplate.c **** };
  55:.\PrinterTemplate.c **** 
  56:.\PrinterTemplate.c **** PrinterTemplate _g_printerpricetemplate[] =
  57:.\PrinterTemplate.c **** {
  58:.\PrinterTemplate.c ****     { PRN_MONEY_GALLONS,           " $/Gal" },//Money units per Gallon
  59:.\PrinterTemplate.c ****     { PRN_MONEY_LITERS,            " $/L" },//Money units per Liter
  60:.\PrinterTemplate.c ****     { 0x00,                        NULL }
  61:.\PrinterTemplate.c **** };
  62:.\PrinterTemplate.c **** 
ARM GAS  C:\Users\RECEPC~1\AppData\Local\Temp\ccRreK3F.s 			page 8


  63:.\PrinterTemplate.c **** char8* GetPrinterTemplateLine(uint8 lineid)
  64:.\PrinterTemplate.c **** {
 252              		.loc 1 64 0
 253              		.cfi_startproc
 254              		@ args = 0, pretend = 0, frame = 16
 255              		@ frame_needed = 1, uses_anonymous_args = 0
 256              		@ link register save eliminated.
 257 0000 80B4     		push	{r7}
 258              		.cfi_def_cfa_offset 4
 259              		.cfi_offset 7, -4
 260 0002 85B0     		sub	sp, sp, #20
 261              		.cfi_def_cfa_offset 24
 262 0004 00AF     		add	r7, sp, #0
 263              		.cfi_def_cfa_register 7
 264 0006 0346     		mov	r3, r0
 265 0008 FB71     		strb	r3, [r7, #7]
  65:.\PrinterTemplate.c ****     char8* retval = NULL;
 266              		.loc 1 65 0
 267 000a 0023     		movs	r3, #0
 268 000c FB60     		str	r3, [r7, #12]
  66:.\PrinterTemplate.c ****     PNEAR_PRINTERTEMPLATEPTR ptr = &_g_printertemplate[0x00];
 269              		.loc 1 66 0
 270 000e 0D4B     		ldr	r3, .L7
 271 0010 BB60     		str	r3, [r7, #8]
  67:.\PrinterTemplate.c ****     while(ptr->_namedline != 0x00)
 272              		.loc 1 67 0
 273 0012 0BE0     		b	.L2
 274              	.L5:
  68:.\PrinterTemplate.c ****     {
  69:.\PrinterTemplate.c ****         if(ptr->_namedline == lineid)
 275              		.loc 1 69 0
 276 0014 BB68     		ldr	r3, [r7, #8]
 277 0016 1B78     		ldrb	r3, [r3]	@ zero_extendqisi2
 278 0018 FA79     		ldrb	r2, [r7, #7]	@ zero_extendqisi2
 279 001a 9A42     		cmp	r2, r3
 280 001c 03D1     		bne	.L3
  70:.\PrinterTemplate.c ****         {
  71:.\PrinterTemplate.c ****             retval = (char8*)ptr->_pstrline;
 281              		.loc 1 71 0
 282 001e BB68     		ldr	r3, [r7, #8]
 283 0020 5B68     		ldr	r3, [r3, #4]
 284 0022 FB60     		str	r3, [r7, #12]
  72:.\PrinterTemplate.c ****             break;
 285              		.loc 1 72 0
 286 0024 06E0     		b	.L4
 287              	.L3:
  73:.\PrinterTemplate.c ****         }
  74:.\PrinterTemplate.c ****         ptr++;
 288              		.loc 1 74 0
 289 0026 BB68     		ldr	r3, [r7, #8]
 290 0028 0833     		adds	r3, r3, #8
 291 002a BB60     		str	r3, [r7, #8]
 292              	.L2:
  67:.\PrinterTemplate.c ****     {
 293              		.loc 1 67 0
 294 002c BB68     		ldr	r3, [r7, #8]
 295 002e 1B78     		ldrb	r3, [r3]	@ zero_extendqisi2
ARM GAS  C:\Users\RECEPC~1\AppData\Local\Temp\ccRreK3F.s 			page 9


 296 0030 002B     		cmp	r3, #0
 297 0032 EFD1     		bne	.L5
 298              	.L4:
  75:.\PrinterTemplate.c ****     }
  76:.\PrinterTemplate.c ****     return retval;
 299              		.loc 1 76 0
 300 0034 FB68     		ldr	r3, [r7, #12]
  77:.\PrinterTemplate.c **** }
 301              		.loc 1 77 0
 302 0036 1846     		mov	r0, r3
 303 0038 1437     		adds	r7, r7, #20
 304              		.cfi_def_cfa_offset 4
 305 003a BD46     		mov	sp, r7
 306              		.cfi_def_cfa_register 13
 307              		@ sp needed
 308 003c 5DF8047B 		ldr	r7, [sp], #4
 309              		.cfi_restore 7
 310              		.cfi_def_cfa_offset 0
 311 0040 7047     		bx	lr
 312              	.L8:
 313 0042 00BF     		.align	2
 314              	.L7:
 315 0044 00000000 		.word	_g_printertemplate
 316              		.cfi_endproc
 317              	.LFE0:
 318              		.size	GetPrinterTemplateLine, .-GetPrinterTemplateLine
 319              		.section	.text.GetPrinterVolumeTemplateTag,"ax",%progbits
 320              		.align	2
 321              		.global	GetPrinterVolumeTemplateTag
 322              		.thumb
 323              		.thumb_func
 324              		.type	GetPrinterVolumeTemplateTag, %function
 325              	GetPrinterVolumeTemplateTag:
 326              	.LFB1:
  78:.\PrinterTemplate.c **** 
  79:.\PrinterTemplate.c **** char8* GetPrinterVolumeTemplateTag(uint8 lineid)
  80:.\PrinterTemplate.c **** {
 327              		.loc 1 80 0
 328              		.cfi_startproc
 329              		@ args = 0, pretend = 0, frame = 16
 330              		@ frame_needed = 1, uses_anonymous_args = 0
 331              		@ link register save eliminated.
 332 0000 80B4     		push	{r7}
 333              		.cfi_def_cfa_offset 4
 334              		.cfi_offset 7, -4
 335 0002 85B0     		sub	sp, sp, #20
 336              		.cfi_def_cfa_offset 24
 337 0004 00AF     		add	r7, sp, #0
 338              		.cfi_def_cfa_register 7
 339 0006 0346     		mov	r3, r0
 340 0008 FB71     		strb	r3, [r7, #7]
  81:.\PrinterTemplate.c ****     char8* retval = NULL;
 341              		.loc 1 81 0
 342 000a 0023     		movs	r3, #0
 343 000c FB60     		str	r3, [r7, #12]
  82:.\PrinterTemplate.c ****     PNEAR_PRINTERTEMPLATEPTR ptr = &_g_printervolumetemplate[0x00];
 344              		.loc 1 82 0
ARM GAS  C:\Users\RECEPC~1\AppData\Local\Temp\ccRreK3F.s 			page 10


 345 000e 0D4B     		ldr	r3, .L15
 346 0010 BB60     		str	r3, [r7, #8]
  83:.\PrinterTemplate.c ****     while(ptr->_namedline != 0x00)
 347              		.loc 1 83 0
 348 0012 0BE0     		b	.L10
 349              	.L13:
  84:.\PrinterTemplate.c ****     {
  85:.\PrinterTemplate.c ****         if(ptr->_namedline == lineid)
 350              		.loc 1 85 0
 351 0014 BB68     		ldr	r3, [r7, #8]
 352 0016 1B78     		ldrb	r3, [r3]	@ zero_extendqisi2
 353 0018 FA79     		ldrb	r2, [r7, #7]	@ zero_extendqisi2
 354 001a 9A42     		cmp	r2, r3
 355 001c 03D1     		bne	.L11
  86:.\PrinterTemplate.c ****         {
  87:.\PrinterTemplate.c ****             retval = (char8*)ptr->_pstrline;
 356              		.loc 1 87 0
 357 001e BB68     		ldr	r3, [r7, #8]
 358 0020 5B68     		ldr	r3, [r3, #4]
 359 0022 FB60     		str	r3, [r7, #12]
  88:.\PrinterTemplate.c ****             break;
 360              		.loc 1 88 0
 361 0024 06E0     		b	.L12
 362              	.L11:
  89:.\PrinterTemplate.c ****         }
  90:.\PrinterTemplate.c ****         ptr++;
 363              		.loc 1 90 0
 364 0026 BB68     		ldr	r3, [r7, #8]
 365 0028 0833     		adds	r3, r3, #8
 366 002a BB60     		str	r3, [r7, #8]
 367              	.L10:
  83:.\PrinterTemplate.c ****     {
 368              		.loc 1 83 0
 369 002c BB68     		ldr	r3, [r7, #8]
 370 002e 1B78     		ldrb	r3, [r3]	@ zero_extendqisi2
 371 0030 002B     		cmp	r3, #0
 372 0032 EFD1     		bne	.L13
 373              	.L12:
  91:.\PrinterTemplate.c ****     }
  92:.\PrinterTemplate.c ****     return retval;
 374              		.loc 1 92 0
 375 0034 FB68     		ldr	r3, [r7, #12]
  93:.\PrinterTemplate.c **** }
 376              		.loc 1 93 0
 377 0036 1846     		mov	r0, r3
 378 0038 1437     		adds	r7, r7, #20
 379              		.cfi_def_cfa_offset 4
 380 003a BD46     		mov	sp, r7
 381              		.cfi_def_cfa_register 13
 382              		@ sp needed
 383 003c 5DF8047B 		ldr	r7, [sp], #4
 384              		.cfi_restore 7
 385              		.cfi_def_cfa_offset 0
 386 0040 7047     		bx	lr
 387              	.L16:
 388 0042 00BF     		.align	2
 389              	.L15:
ARM GAS  C:\Users\RECEPC~1\AppData\Local\Temp\ccRreK3F.s 			page 11


 390 0044 00000000 		.word	_g_printervolumetemplate
 391              		.cfi_endproc
 392              	.LFE1:
 393              		.size	GetPrinterVolumeTemplateTag, .-GetPrinterVolumeTemplateTag
 394              		.section	.text.GetPrinterPriceTemplateTag,"ax",%progbits
 395              		.align	2
 396              		.global	GetPrinterPriceTemplateTag
 397              		.thumb
 398              		.thumb_func
 399              		.type	GetPrinterPriceTemplateTag, %function
 400              	GetPrinterPriceTemplateTag:
 401              	.LFB2:
  94:.\PrinterTemplate.c **** 
  95:.\PrinterTemplate.c **** char8* GetPrinterPriceTemplateTag(uint8 refid)
  96:.\PrinterTemplate.c **** {
 402              		.loc 1 96 0
 403              		.cfi_startproc
 404              		@ args = 0, pretend = 0, frame = 16
 405              		@ frame_needed = 1, uses_anonymous_args = 0
 406              		@ link register save eliminated.
 407 0000 80B4     		push	{r7}
 408              		.cfi_def_cfa_offset 4
 409              		.cfi_offset 7, -4
 410 0002 85B0     		sub	sp, sp, #20
 411              		.cfi_def_cfa_offset 24
 412 0004 00AF     		add	r7, sp, #0
 413              		.cfi_def_cfa_register 7
 414 0006 0346     		mov	r3, r0
 415 0008 FB71     		strb	r3, [r7, #7]
  97:.\PrinterTemplate.c ****     char8* retval = NULL;
 416              		.loc 1 97 0
 417 000a 0023     		movs	r3, #0
 418 000c FB60     		str	r3, [r7, #12]
  98:.\PrinterTemplate.c ****     if(refid == PRN_MONEY_LITERS)
 419              		.loc 1 98 0
 420 000e FB79     		ldrb	r3, [r7, #7]	@ zero_extendqisi2
 421 0010 032B     		cmp	r3, #3
 422 0012 03D1     		bne	.L18
  99:.\PrinterTemplate.c ****         retval = (char8*)_g_printerpricetemplate[0x01]._pstrline;
 423              		.loc 1 99 0
 424 0014 064B     		ldr	r3, .L21
 425 0016 DB68     		ldr	r3, [r3, #12]
 426 0018 FB60     		str	r3, [r7, #12]
 427 001a 02E0     		b	.L19
 428              	.L18:
 100:.\PrinterTemplate.c ****     else
 101:.\PrinterTemplate.c ****         retval = (char8*)_g_printerpricetemplate[0x00]._pstrline;
 429              		.loc 1 101 0
 430 001c 044B     		ldr	r3, .L21
 431 001e 5B68     		ldr	r3, [r3, #4]
 432 0020 FB60     		str	r3, [r7, #12]
 433              	.L19:
 102:.\PrinterTemplate.c ****         
 103:.\PrinterTemplate.c ****     return retval;
 434              		.loc 1 103 0
 435 0022 FB68     		ldr	r3, [r7, #12]
 104:.\PrinterTemplate.c **** }
ARM GAS  C:\Users\RECEPC~1\AppData\Local\Temp\ccRreK3F.s 			page 12


 436              		.loc 1 104 0
 437 0024 1846     		mov	r0, r3
 438 0026 1437     		adds	r7, r7, #20
 439              		.cfi_def_cfa_offset 4
 440 0028 BD46     		mov	sp, r7
 441              		.cfi_def_cfa_register 13
 442              		@ sp needed
 443 002a 5DF8047B 		ldr	r7, [sp], #4
 444              		.cfi_restore 7
 445              		.cfi_def_cfa_offset 0
 446 002e 7047     		bx	lr
 447              	.L22:
 448              		.align	2
 449              	.L21:
 450 0030 00000000 		.word	_g_printerpricetemplate
 451              		.cfi_endproc
 452              	.LFE2:
 453              		.size	GetPrinterPriceTemplateTag, .-GetPrinterPriceTemplateTag
 454              		.text
 455              	.Letext0:
 456              		.file 2 "Generated_Source\\PSoC5/cytypes.h"
 457              		.file 3 ".\\Printer.h"
 458              		.section	.debug_info,"",%progbits
 459              	.Ldebug_info0:
 460 0000 05030000 		.4byte	0x305
 461 0004 0400     		.2byte	0x4
 462 0006 00000000 		.4byte	.Ldebug_abbrev0
 463 000a 04       		.byte	0x4
 464 000b 01       		.uleb128 0x1
 465 000c 18020000 		.4byte	.LASF66
 466 0010 01       		.byte	0x1
 467 0011 46000000 		.4byte	.LASF67
 468 0015 D0020000 		.4byte	.LASF68
 469 0019 00000000 		.4byte	.Ldebug_ranges0+0
 470 001d 00000000 		.4byte	0
 471 0021 00000000 		.4byte	.Ldebug_line0
 472 0025 02       		.uleb128 0x2
 473 0026 01       		.byte	0x1
 474 0027 06       		.byte	0x6
 475 0028 DE000000 		.4byte	.LASF0
 476 002c 02       		.uleb128 0x2
 477 002d 01       		.byte	0x1
 478 002e 08       		.byte	0x8
 479 002f 48030000 		.4byte	.LASF1
 480 0033 02       		.uleb128 0x2
 481 0034 02       		.byte	0x2
 482 0035 05       		.byte	0x5
 483 0036 8E030000 		.4byte	.LASF2
 484 003a 02       		.uleb128 0x2
 485 003b 02       		.byte	0x2
 486 003c 07       		.byte	0x7
 487 003d A2010000 		.4byte	.LASF3
 488 0041 02       		.uleb128 0x2
 489 0042 04       		.byte	0x4
 490 0043 05       		.byte	0x5
 491 0044 FF000000 		.4byte	.LASF4
 492 0048 02       		.uleb128 0x2
ARM GAS  C:\Users\RECEPC~1\AppData\Local\Temp\ccRreK3F.s 			page 13


 493 0049 04       		.byte	0x4
 494 004a 07       		.byte	0x7
 495 004b 82010000 		.4byte	.LASF5
 496 004f 02       		.uleb128 0x2
 497 0050 08       		.byte	0x8
 498 0051 05       		.byte	0x5
 499 0052 D0000000 		.4byte	.LASF6
 500 0056 02       		.uleb128 0x2
 501 0057 08       		.byte	0x8
 502 0058 07       		.byte	0x7
 503 0059 81000000 		.4byte	.LASF7
 504 005d 03       		.uleb128 0x3
 505 005e 04       		.byte	0x4
 506 005f 05       		.byte	0x5
 507 0060 696E7400 		.ascii	"int\000"
 508 0064 02       		.uleb128 0x2
 509 0065 04       		.byte	0x4
 510 0066 07       		.byte	0x7
 511 0067 66010000 		.4byte	.LASF8
 512 006b 04       		.uleb128 0x4
 513 006c 25010000 		.4byte	.LASF11
 514 0070 02       		.byte	0x2
 515 0071 3801     		.2byte	0x138
 516 0073 2C000000 		.4byte	0x2c
 517 0077 02       		.uleb128 0x2
 518 0078 04       		.byte	0x4
 519 0079 04       		.byte	0x4
 520 007a CA020000 		.4byte	.LASF9
 521 007e 02       		.uleb128 0x2
 522 007f 08       		.byte	0x8
 523 0080 04       		.byte	0x4
 524 0081 32010000 		.4byte	.LASF10
 525 0085 04       		.uleb128 0x4
 526 0086 19040000 		.4byte	.LASF12
 527 008a 02       		.byte	0x2
 528 008b 4901     		.2byte	0x149
 529 008d 91000000 		.4byte	0x91
 530 0091 02       		.uleb128 0x2
 531 0092 01       		.byte	0x1
 532 0093 08       		.byte	0x8
 533 0094 ED030000 		.4byte	.LASF13
 534 0098 02       		.uleb128 0x2
 535 0099 04       		.byte	0x4
 536 009a 07       		.byte	0x7
 537 009b F5010000 		.4byte	.LASF14
 538 009f 02       		.uleb128 0x2
 539 00a0 08       		.byte	0x8
 540 00a1 04       		.byte	0x4
 541 00a2 FE010000 		.4byte	.LASF15
 542 00a6 05       		.uleb128 0x5
 543 00a7 A3030000 		.4byte	.LASF43
 544 00ab 01       		.byte	0x1
 545 00ac 03       		.byte	0x3
 546 00ad 3F       		.byte	0x3f
 547 00ae 55010000 		.4byte	0x155
 548 00b2 06       		.uleb128 0x6
 549 00b3 0C000000 		.4byte	.LASF16
ARM GAS  C:\Users\RECEPC~1\AppData\Local\Temp\ccRreK3F.s 			page 14


 550 00b7 01       		.sleb128 1
 551 00b8 06       		.uleb128 0x6
 552 00b9 12010000 		.4byte	.LASF17
 553 00bd 02       		.sleb128 2
 554 00be 06       		.uleb128 0x6
 555 00bf B9030000 		.4byte	.LASF18
 556 00c3 03       		.sleb128 3
 557 00c4 06       		.uleb128 0x6
 558 00c5 8B040000 		.4byte	.LASF19
 559 00c9 04       		.sleb128 4
 560 00ca 06       		.uleb128 0x6
 561 00cb 73000000 		.4byte	.LASF20
 562 00cf 05       		.sleb128 5
 563 00d0 06       		.uleb128 0x6
 564 00d1 D5040000 		.4byte	.LASF21
 565 00d5 06       		.sleb128 6
 566 00d6 06       		.uleb128 0x6
 567 00d7 0A020000 		.4byte	.LASF22
 568 00db 07       		.sleb128 7
 569 00dc 06       		.uleb128 0x6
 570 00dd 00000000 		.4byte	.LASF23
 571 00e1 08       		.sleb128 8
 572 00e2 06       		.uleb128 0x6
 573 00e3 39010000 		.4byte	.LASF24
 574 00e7 09       		.sleb128 9
 575 00e8 06       		.uleb128 0x6
 576 00e9 D3030000 		.4byte	.LASF25
 577 00ed 0A       		.sleb128 10
 578 00ee 06       		.uleb128 0x6
 579 00ef DF030000 		.4byte	.LASF26
 580 00f3 0B       		.sleb128 11
 581 00f4 06       		.uleb128 0x6
 582 00f5 56030000 		.4byte	.LASF27
 583 00f9 0C       		.sleb128 12
 584 00fa 06       		.uleb128 0x6
 585 00fb AE040000 		.4byte	.LASF28
 586 00ff 0D       		.sleb128 13
 587 0100 06       		.uleb128 0x6
 588 0101 EA000000 		.4byte	.LASF29
 589 0105 0E       		.sleb128 14
 590 0106 06       		.uleb128 0x6
 591 0107 45010000 		.4byte	.LASF30
 592 010b 0F       		.sleb128 15
 593 010c 06       		.uleb128 0x6
 594 010d F2030000 		.4byte	.LASF31
 595 0111 10       		.sleb128 16
 596 0112 06       		.uleb128 0x6
 597 0113 65030000 		.4byte	.LASF32
 598 0117 11       		.sleb128 17
 599 0118 06       		.uleb128 0x6
 600 0119 A6020000 		.4byte	.LASF33
 601 011d 12       		.sleb128 18
 602 011e 06       		.uleb128 0x6
 603 011f 73010000 		.4byte	.LASF34
 604 0123 13       		.sleb128 19
 605 0124 06       		.uleb128 0x6
 606 0125 C3030000 		.4byte	.LASF35
ARM GAS  C:\Users\RECEPC~1\AppData\Local\Temp\ccRreK3F.s 			page 15


 607 0129 14       		.sleb128 20
 608 012a 06       		.uleb128 0x6
 609 012b B5010000 		.4byte	.LASF36
 610 012f 15       		.sleb128 21
 611 0130 06       		.uleb128 0x6
 612 0131 94010000 		.4byte	.LASF37
 613 0135 16       		.sleb128 22
 614 0136 06       		.uleb128 0x6
 615 0137 BF020000 		.4byte	.LASF38
 616 013b 17       		.sleb128 23
 617 013c 06       		.uleb128 0x6
 618 013d 08010000 		.4byte	.LASF39
 619 0141 18       		.sleb128 24
 620 0142 06       		.uleb128 0x6
 621 0143 84040000 		.4byte	.LASF40
 622 0147 19       		.sleb128 25
 623 0148 06       		.uleb128 0x6
 624 0149 AF000000 		.4byte	.LASF41
 625 014d 1A       		.sleb128 26
 626 014e 06       		.uleb128 0x6
 627 014f B4020000 		.4byte	.LASF42
 628 0153 1B       		.sleb128 27
 629 0154 00       		.byte	0
 630 0155 05       		.uleb128 0x5
 631 0156 1F040000 		.4byte	.LASF44
 632 015a 01       		.byte	0x1
 633 015b 03       		.byte	0x3
 634 015c 5E       		.byte	0x5e
 635 015d 80010000 		.4byte	0x180
 636 0161 06       		.uleb128 0x6
 637 0162 BE040000 		.4byte	.LASF45
 638 0166 01       		.sleb128 1
 639 0167 06       		.uleb128 0x6
 640 0168 02040000 		.4byte	.LASF46
 641 016c 02       		.sleb128 2
 642 016d 06       		.uleb128 0x6
 643 016e E2010000 		.4byte	.LASF47
 644 0172 03       		.sleb128 3
 645 0173 06       		.uleb128 0x6
 646 0174 C1010000 		.4byte	.LASF48
 647 0178 04       		.sleb128 4
 648 0179 06       		.uleb128 0x6
 649 017a 15000000 		.4byte	.LASF49
 650 017e 05       		.sleb128 5
 651 017f 00       		.byte	0
 652 0180 05       		.uleb128 0x5
 653 0181 98040000 		.4byte	.LASF50
 654 0185 01       		.byte	0x1
 655 0186 03       		.byte	0x3
 656 0187 67       		.byte	0x67
 657 0188 99010000 		.4byte	0x199
 658 018c 06       		.uleb128 0x6
 659 018d 54010000 		.4byte	.LASF51
 660 0191 01       		.sleb128 1
 661 0192 06       		.uleb128 0x6
 662 0193 40040000 		.4byte	.LASF52
 663 0197 03       		.sleb128 3
ARM GAS  C:\Users\RECEPC~1\AppData\Local\Temp\ccRreK3F.s 			page 16


 664 0198 00       		.byte	0
 665 0199 07       		.uleb128 0x7
 666 019a 08       		.byte	0x8
 667 019b 03       		.byte	0x3
 668 019c 6D       		.byte	0x6d
 669 019d BA010000 		.4byte	0x1ba
 670 01a1 08       		.uleb128 0x8
 671 01a2 98030000 		.4byte	.LASF53
 672 01a6 03       		.byte	0x3
 673 01a7 6F       		.byte	0x6f
 674 01a8 6B000000 		.4byte	0x6b
 675 01ac 00       		.byte	0
 676 01ad 08       		.uleb128 0x8
 677 01ae 1B010000 		.4byte	.LASF54
 678 01b2 03       		.byte	0x3
 679 01b3 70       		.byte	0x70
 680 01b4 BA010000 		.4byte	0x1ba
 681 01b8 04       		.byte	0x4
 682 01b9 00       		.byte	0
 683 01ba 09       		.uleb128 0x9
 684 01bb 04       		.byte	0x4
 685 01bc C0010000 		.4byte	0x1c0
 686 01c0 0A       		.uleb128 0xa
 687 01c1 85000000 		.4byte	0x85
 688 01c5 0B       		.uleb128 0xb
 689 01c6 36000000 		.4byte	.LASF55
 690 01ca 03       		.byte	0x3
 691 01cb 71       		.byte	0x71
 692 01cc 99010000 		.4byte	0x199
 693 01d0 0B       		.uleb128 0xb
 694 01d1 2F030000 		.4byte	.LASF56
 695 01d5 03       		.byte	0x3
 696 01d6 71       		.byte	0x71
 697 01d7 DB010000 		.4byte	0x1db
 698 01db 09       		.uleb128 0x9
 699 01dc 04       		.byte	0x4
 700 01dd 99010000 		.4byte	0x199
 701 01e1 0C       		.uleb128 0xc
 702 01e2 98000000 		.4byte	.LASF58
 703 01e6 01       		.byte	0x1
 704 01e7 3F       		.byte	0x3f
 705 01e8 25020000 		.4byte	0x225
 706 01ec 00000000 		.4byte	.LFB0
 707 01f0 48000000 		.4byte	.LFE0-.LFB0
 708 01f4 01       		.uleb128 0x1
 709 01f5 9C       		.byte	0x9c
 710 01f6 25020000 		.4byte	0x225
 711 01fa 0D       		.uleb128 0xd
 712 01fb F8000000 		.4byte	.LASF60
 713 01ff 01       		.byte	0x1
 714 0200 3F       		.byte	0x3f
 715 0201 6B000000 		.4byte	0x6b
 716 0205 02       		.uleb128 0x2
 717 0206 91       		.byte	0x91
 718 0207 6F       		.sleb128 -17
 719 0208 0E       		.uleb128 0xe
 720 0209 2B010000 		.4byte	.LASF57
ARM GAS  C:\Users\RECEPC~1\AppData\Local\Temp\ccRreK3F.s 			page 17


 721 020d 01       		.byte	0x1
 722 020e 41       		.byte	0x41
 723 020f 25020000 		.4byte	0x225
 724 0213 02       		.uleb128 0x2
 725 0214 91       		.byte	0x91
 726 0215 74       		.sleb128 -12
 727 0216 0F       		.uleb128 0xf
 728 0217 70747200 		.ascii	"ptr\000"
 729 021b 01       		.byte	0x1
 730 021c 42       		.byte	0x42
 731 021d D0010000 		.4byte	0x1d0
 732 0221 02       		.uleb128 0x2
 733 0222 91       		.byte	0x91
 734 0223 70       		.sleb128 -16
 735 0224 00       		.byte	0
 736 0225 09       		.uleb128 0x9
 737 0226 04       		.byte	0x4
 738 0227 85000000 		.4byte	0x85
 739 022b 0C       		.uleb128 0xc
 740 022c 72030000 		.4byte	.LASF59
 741 0230 01       		.byte	0x1
 742 0231 4F       		.byte	0x4f
 743 0232 25020000 		.4byte	0x225
 744 0236 00000000 		.4byte	.LFB1
 745 023a 48000000 		.4byte	.LFE1-.LFB1
 746 023e 01       		.uleb128 0x1
 747 023f 9C       		.byte	0x9c
 748 0240 6F020000 		.4byte	0x26f
 749 0244 0D       		.uleb128 0xd
 750 0245 F8000000 		.4byte	.LASF60
 751 0249 01       		.byte	0x1
 752 024a 4F       		.byte	0x4f
 753 024b 6B000000 		.4byte	0x6b
 754 024f 02       		.uleb128 0x2
 755 0250 91       		.byte	0x91
 756 0251 6F       		.sleb128 -17
 757 0252 0E       		.uleb128 0xe
 758 0253 2B010000 		.4byte	.LASF57
 759 0257 01       		.byte	0x1
 760 0258 51       		.byte	0x51
 761 0259 25020000 		.4byte	0x225
 762 025d 02       		.uleb128 0x2
 763 025e 91       		.byte	0x91
 764 025f 74       		.sleb128 -12
 765 0260 0F       		.uleb128 0xf
 766 0261 70747200 		.ascii	"ptr\000"
 767 0265 01       		.byte	0x1
 768 0266 52       		.byte	0x52
 769 0267 D0010000 		.4byte	0x1d0
 770 026b 02       		.uleb128 0x2
 771 026c 91       		.byte	0x91
 772 026d 70       		.sleb128 -16
 773 026e 00       		.byte	0
 774 026f 0C       		.uleb128 0xc
 775 0270 69040000 		.4byte	.LASF61
 776 0274 01       		.byte	0x1
 777 0275 5F       		.byte	0x5f
ARM GAS  C:\Users\RECEPC~1\AppData\Local\Temp\ccRreK3F.s 			page 18


 778 0276 25020000 		.4byte	0x225
 779 027a 00000000 		.4byte	.LFB2
 780 027e 34000000 		.4byte	.LFE2-.LFB2
 781 0282 01       		.uleb128 0x1
 782 0283 9C       		.byte	0x9c
 783 0284 A5020000 		.4byte	0x2a5
 784 0288 0D       		.uleb128 0xd
 785 0289 3A040000 		.4byte	.LASF62
 786 028d 01       		.byte	0x1
 787 028e 5F       		.byte	0x5f
 788 028f 6B000000 		.4byte	0x6b
 789 0293 02       		.uleb128 0x2
 790 0294 91       		.byte	0x91
 791 0295 6F       		.sleb128 -17
 792 0296 0E       		.uleb128 0xe
 793 0297 2B010000 		.4byte	.LASF57
 794 029b 01       		.byte	0x1
 795 029c 61       		.byte	0x61
 796 029d 25020000 		.4byte	0x225
 797 02a1 02       		.uleb128 0x2
 798 02a2 91       		.byte	0x91
 799 02a3 74       		.sleb128 -12
 800 02a4 00       		.byte	0
 801 02a5 10       		.uleb128 0x10
 802 02a6 C5010000 		.4byte	0x1c5
 803 02aa B5020000 		.4byte	0x2b5
 804 02ae 11       		.uleb128 0x11
 805 02af 98000000 		.4byte	0x98
 806 02b3 1B       		.byte	0x1b
 807 02b4 00       		.byte	0
 808 02b5 12       		.uleb128 0x12
 809 02b6 BD000000 		.4byte	.LASF63
 810 02ba 01       		.byte	0x1
 811 02bb 0E       		.byte	0xe
 812 02bc A5020000 		.4byte	0x2a5
 813 02c0 05       		.uleb128 0x5
 814 02c1 03       		.byte	0x3
 815 02c2 00000000 		.4byte	_g_printertemplate
 816 02c6 10       		.uleb128 0x10
 817 02c7 C5010000 		.4byte	0x1c5
 818 02cb D6020000 		.4byte	0x2d6
 819 02cf 11       		.uleb128 0x11
 820 02d0 98000000 		.4byte	0x98
 821 02d4 05       		.byte	0x5
 822 02d5 00       		.byte	0
 823 02d6 12       		.uleb128 0x12
 824 02d7 5A000000 		.4byte	.LASF64
 825 02db 01       		.byte	0x1
 826 02dc 2E       		.byte	0x2e
 827 02dd C6020000 		.4byte	0x2c6
 828 02e1 05       		.uleb128 0x5
 829 02e2 03       		.byte	0x3
 830 02e3 00000000 		.4byte	_g_printervolumetemplate
 831 02e7 10       		.uleb128 0x10
 832 02e8 C5010000 		.4byte	0x1c5
 833 02ec F7020000 		.4byte	0x2f7
 834 02f0 11       		.uleb128 0x11
ARM GAS  C:\Users\RECEPC~1\AppData\Local\Temp\ccRreK3F.s 			page 19


 835 02f1 98000000 		.4byte	0x98
 836 02f5 02       		.byte	0x2
 837 02f6 00       		.byte	0
 838 02f7 12       		.uleb128 0x12
 839 02f8 51040000 		.4byte	.LASF65
 840 02fc 01       		.byte	0x1
 841 02fd 38       		.byte	0x38
 842 02fe E7020000 		.4byte	0x2e7
 843 0302 05       		.uleb128 0x5
 844 0303 03       		.byte	0x3
 845 0304 00000000 		.4byte	_g_printerpricetemplate
 846 0308 00       		.byte	0
 847              		.section	.debug_abbrev,"",%progbits
 848              	.Ldebug_abbrev0:
 849 0000 01       		.uleb128 0x1
 850 0001 11       		.uleb128 0x11
 851 0002 01       		.byte	0x1
 852 0003 25       		.uleb128 0x25
 853 0004 0E       		.uleb128 0xe
 854 0005 13       		.uleb128 0x13
 855 0006 0B       		.uleb128 0xb
 856 0007 03       		.uleb128 0x3
 857 0008 0E       		.uleb128 0xe
 858 0009 1B       		.uleb128 0x1b
 859 000a 0E       		.uleb128 0xe
 860 000b 55       		.uleb128 0x55
 861 000c 17       		.uleb128 0x17
 862 000d 11       		.uleb128 0x11
 863 000e 01       		.uleb128 0x1
 864 000f 10       		.uleb128 0x10
 865 0010 17       		.uleb128 0x17
 866 0011 00       		.byte	0
 867 0012 00       		.byte	0
 868 0013 02       		.uleb128 0x2
 869 0014 24       		.uleb128 0x24
 870 0015 00       		.byte	0
 871 0016 0B       		.uleb128 0xb
 872 0017 0B       		.uleb128 0xb
 873 0018 3E       		.uleb128 0x3e
 874 0019 0B       		.uleb128 0xb
 875 001a 03       		.uleb128 0x3
 876 001b 0E       		.uleb128 0xe
 877 001c 00       		.byte	0
 878 001d 00       		.byte	0
 879 001e 03       		.uleb128 0x3
 880 001f 24       		.uleb128 0x24
 881 0020 00       		.byte	0
 882 0021 0B       		.uleb128 0xb
 883 0022 0B       		.uleb128 0xb
 884 0023 3E       		.uleb128 0x3e
 885 0024 0B       		.uleb128 0xb
 886 0025 03       		.uleb128 0x3
 887 0026 08       		.uleb128 0x8
 888 0027 00       		.byte	0
 889 0028 00       		.byte	0
 890 0029 04       		.uleb128 0x4
 891 002a 16       		.uleb128 0x16
ARM GAS  C:\Users\RECEPC~1\AppData\Local\Temp\ccRreK3F.s 			page 20


 892 002b 00       		.byte	0
 893 002c 03       		.uleb128 0x3
 894 002d 0E       		.uleb128 0xe
 895 002e 3A       		.uleb128 0x3a
 896 002f 0B       		.uleb128 0xb
 897 0030 3B       		.uleb128 0x3b
 898 0031 05       		.uleb128 0x5
 899 0032 49       		.uleb128 0x49
 900 0033 13       		.uleb128 0x13
 901 0034 00       		.byte	0
 902 0035 00       		.byte	0
 903 0036 05       		.uleb128 0x5
 904 0037 04       		.uleb128 0x4
 905 0038 01       		.byte	0x1
 906 0039 03       		.uleb128 0x3
 907 003a 0E       		.uleb128 0xe
 908 003b 0B       		.uleb128 0xb
 909 003c 0B       		.uleb128 0xb
 910 003d 3A       		.uleb128 0x3a
 911 003e 0B       		.uleb128 0xb
 912 003f 3B       		.uleb128 0x3b
 913 0040 0B       		.uleb128 0xb
 914 0041 01       		.uleb128 0x1
 915 0042 13       		.uleb128 0x13
 916 0043 00       		.byte	0
 917 0044 00       		.byte	0
 918 0045 06       		.uleb128 0x6
 919 0046 28       		.uleb128 0x28
 920 0047 00       		.byte	0
 921 0048 03       		.uleb128 0x3
 922 0049 0E       		.uleb128 0xe
 923 004a 1C       		.uleb128 0x1c
 924 004b 0D       		.uleb128 0xd
 925 004c 00       		.byte	0
 926 004d 00       		.byte	0
 927 004e 07       		.uleb128 0x7
 928 004f 13       		.uleb128 0x13
 929 0050 01       		.byte	0x1
 930 0051 0B       		.uleb128 0xb
 931 0052 0B       		.uleb128 0xb
 932 0053 3A       		.uleb128 0x3a
 933 0054 0B       		.uleb128 0xb
 934 0055 3B       		.uleb128 0x3b
 935 0056 0B       		.uleb128 0xb
 936 0057 01       		.uleb128 0x1
 937 0058 13       		.uleb128 0x13
 938 0059 00       		.byte	0
 939 005a 00       		.byte	0
 940 005b 08       		.uleb128 0x8
 941 005c 0D       		.uleb128 0xd
 942 005d 00       		.byte	0
 943 005e 03       		.uleb128 0x3
 944 005f 0E       		.uleb128 0xe
 945 0060 3A       		.uleb128 0x3a
 946 0061 0B       		.uleb128 0xb
 947 0062 3B       		.uleb128 0x3b
 948 0063 0B       		.uleb128 0xb
ARM GAS  C:\Users\RECEPC~1\AppData\Local\Temp\ccRreK3F.s 			page 21


 949 0064 49       		.uleb128 0x49
 950 0065 13       		.uleb128 0x13
 951 0066 38       		.uleb128 0x38
 952 0067 0B       		.uleb128 0xb
 953 0068 00       		.byte	0
 954 0069 00       		.byte	0
 955 006a 09       		.uleb128 0x9
 956 006b 0F       		.uleb128 0xf
 957 006c 00       		.byte	0
 958 006d 0B       		.uleb128 0xb
 959 006e 0B       		.uleb128 0xb
 960 006f 49       		.uleb128 0x49
 961 0070 13       		.uleb128 0x13
 962 0071 00       		.byte	0
 963 0072 00       		.byte	0
 964 0073 0A       		.uleb128 0xa
 965 0074 26       		.uleb128 0x26
 966 0075 00       		.byte	0
 967 0076 49       		.uleb128 0x49
 968 0077 13       		.uleb128 0x13
 969 0078 00       		.byte	0
 970 0079 00       		.byte	0
 971 007a 0B       		.uleb128 0xb
 972 007b 16       		.uleb128 0x16
 973 007c 00       		.byte	0
 974 007d 03       		.uleb128 0x3
 975 007e 0E       		.uleb128 0xe
 976 007f 3A       		.uleb128 0x3a
 977 0080 0B       		.uleb128 0xb
 978 0081 3B       		.uleb128 0x3b
 979 0082 0B       		.uleb128 0xb
 980 0083 49       		.uleb128 0x49
 981 0084 13       		.uleb128 0x13
 982 0085 00       		.byte	0
 983 0086 00       		.byte	0
 984 0087 0C       		.uleb128 0xc
 985 0088 2E       		.uleb128 0x2e
 986 0089 01       		.byte	0x1
 987 008a 3F       		.uleb128 0x3f
 988 008b 19       		.uleb128 0x19
 989 008c 03       		.uleb128 0x3
 990 008d 0E       		.uleb128 0xe
 991 008e 3A       		.uleb128 0x3a
 992 008f 0B       		.uleb128 0xb
 993 0090 3B       		.uleb128 0x3b
 994 0091 0B       		.uleb128 0xb
 995 0092 27       		.uleb128 0x27
 996 0093 19       		.uleb128 0x19
 997 0094 49       		.uleb128 0x49
 998 0095 13       		.uleb128 0x13
 999 0096 11       		.uleb128 0x11
 1000 0097 01       		.uleb128 0x1
 1001 0098 12       		.uleb128 0x12
 1002 0099 06       		.uleb128 0x6
 1003 009a 40       		.uleb128 0x40
 1004 009b 18       		.uleb128 0x18
 1005 009c 9742     		.uleb128 0x2117
ARM GAS  C:\Users\RECEPC~1\AppData\Local\Temp\ccRreK3F.s 			page 22


 1006 009e 19       		.uleb128 0x19
 1007 009f 01       		.uleb128 0x1
 1008 00a0 13       		.uleb128 0x13
 1009 00a1 00       		.byte	0
 1010 00a2 00       		.byte	0
 1011 00a3 0D       		.uleb128 0xd
 1012 00a4 05       		.uleb128 0x5
 1013 00a5 00       		.byte	0
 1014 00a6 03       		.uleb128 0x3
 1015 00a7 0E       		.uleb128 0xe
 1016 00a8 3A       		.uleb128 0x3a
 1017 00a9 0B       		.uleb128 0xb
 1018 00aa 3B       		.uleb128 0x3b
 1019 00ab 0B       		.uleb128 0xb
 1020 00ac 49       		.uleb128 0x49
 1021 00ad 13       		.uleb128 0x13
 1022 00ae 02       		.uleb128 0x2
 1023 00af 18       		.uleb128 0x18
 1024 00b0 00       		.byte	0
 1025 00b1 00       		.byte	0
 1026 00b2 0E       		.uleb128 0xe
 1027 00b3 34       		.uleb128 0x34
 1028 00b4 00       		.byte	0
 1029 00b5 03       		.uleb128 0x3
 1030 00b6 0E       		.uleb128 0xe
 1031 00b7 3A       		.uleb128 0x3a
 1032 00b8 0B       		.uleb128 0xb
 1033 00b9 3B       		.uleb128 0x3b
 1034 00ba 0B       		.uleb128 0xb
 1035 00bb 49       		.uleb128 0x49
 1036 00bc 13       		.uleb128 0x13
 1037 00bd 02       		.uleb128 0x2
 1038 00be 18       		.uleb128 0x18
 1039 00bf 00       		.byte	0
 1040 00c0 00       		.byte	0
 1041 00c1 0F       		.uleb128 0xf
 1042 00c2 34       		.uleb128 0x34
 1043 00c3 00       		.byte	0
 1044 00c4 03       		.uleb128 0x3
 1045 00c5 08       		.uleb128 0x8
 1046 00c6 3A       		.uleb128 0x3a
 1047 00c7 0B       		.uleb128 0xb
 1048 00c8 3B       		.uleb128 0x3b
 1049 00c9 0B       		.uleb128 0xb
 1050 00ca 49       		.uleb128 0x49
 1051 00cb 13       		.uleb128 0x13
 1052 00cc 02       		.uleb128 0x2
 1053 00cd 18       		.uleb128 0x18
 1054 00ce 00       		.byte	0
 1055 00cf 00       		.byte	0
 1056 00d0 10       		.uleb128 0x10
 1057 00d1 01       		.uleb128 0x1
 1058 00d2 01       		.byte	0x1
 1059 00d3 49       		.uleb128 0x49
 1060 00d4 13       		.uleb128 0x13
 1061 00d5 01       		.uleb128 0x1
 1062 00d6 13       		.uleb128 0x13
ARM GAS  C:\Users\RECEPC~1\AppData\Local\Temp\ccRreK3F.s 			page 23


 1063 00d7 00       		.byte	0
 1064 00d8 00       		.byte	0
 1065 00d9 11       		.uleb128 0x11
 1066 00da 21       		.uleb128 0x21
 1067 00db 00       		.byte	0
 1068 00dc 49       		.uleb128 0x49
 1069 00dd 13       		.uleb128 0x13
 1070 00de 2F       		.uleb128 0x2f
 1071 00df 0B       		.uleb128 0xb
 1072 00e0 00       		.byte	0
 1073 00e1 00       		.byte	0
 1074 00e2 12       		.uleb128 0x12
 1075 00e3 34       		.uleb128 0x34
 1076 00e4 00       		.byte	0
 1077 00e5 03       		.uleb128 0x3
 1078 00e6 0E       		.uleb128 0xe
 1079 00e7 3A       		.uleb128 0x3a
 1080 00e8 0B       		.uleb128 0xb
 1081 00e9 3B       		.uleb128 0x3b
 1082 00ea 0B       		.uleb128 0xb
 1083 00eb 49       		.uleb128 0x49
 1084 00ec 13       		.uleb128 0x13
 1085 00ed 3F       		.uleb128 0x3f
 1086 00ee 19       		.uleb128 0x19
 1087 00ef 02       		.uleb128 0x2
 1088 00f0 18       		.uleb128 0x18
 1089 00f1 00       		.byte	0
 1090 00f2 00       		.byte	0
 1091 00f3 00       		.byte	0
 1092              		.section	.debug_aranges,"",%progbits
 1093 0000 2C000000 		.4byte	0x2c
 1094 0004 0200     		.2byte	0x2
 1095 0006 00000000 		.4byte	.Ldebug_info0
 1096 000a 04       		.byte	0x4
 1097 000b 00       		.byte	0
 1098 000c 0000     		.2byte	0
 1099 000e 0000     		.2byte	0
 1100 0010 00000000 		.4byte	.LFB0
 1101 0014 48000000 		.4byte	.LFE0-.LFB0
 1102 0018 00000000 		.4byte	.LFB1
 1103 001c 48000000 		.4byte	.LFE1-.LFB1
 1104 0020 00000000 		.4byte	.LFB2
 1105 0024 34000000 		.4byte	.LFE2-.LFB2
 1106 0028 00000000 		.4byte	0
 1107 002c 00000000 		.4byte	0
 1108              		.section	.debug_ranges,"",%progbits
 1109              	.Ldebug_ranges0:
 1110 0000 00000000 		.4byte	.LFB0
 1111 0004 48000000 		.4byte	.LFE0
 1112 0008 00000000 		.4byte	.LFB1
 1113 000c 48000000 		.4byte	.LFE1
 1114 0010 00000000 		.4byte	.LFB2
 1115 0014 34000000 		.4byte	.LFE2
 1116 0018 00000000 		.4byte	0
 1117 001c 00000000 		.4byte	0
 1118              		.section	.debug_line,"",%progbits
 1119              	.Ldebug_line0:
ARM GAS  C:\Users\RECEPC~1\AppData\Local\Temp\ccRreK3F.s 			page 24


 1120 0000 B4000000 		.section	.debug_str,"MS",%progbits,1
 1120      02005D00 
 1120      00000201 
 1120      FB0E0D00 
 1120      01010101 
 1121              	.LASF23:
 1122 0000 50524E5F 		.ascii	"PRN_BALANCE\000"
 1122      42414C41 
 1122      4E434500 
 1123              	.LASF16:
 1124 000c 50524E5F 		.ascii	"PRN_DATE\000"
 1124      44415445 
 1124      00
 1125              	.LASF49:
 1126 0015 50524E5F 		.ascii	"PRN_VOLUNIT_HAWAIIAN_GALLONS_DIE\000"
 1126      564F4C55 
 1126      4E49545F 
 1126      48415741 
 1126      4949414E 
 1127              	.LASF55:
 1128 0036 5072696E 		.ascii	"PrinterTemplate\000"
 1128      74657254 
 1128      656D706C 
 1128      61746500 
 1129              	.LASF67:
 1130 0046 2E5C5072 		.ascii	".\\PrinterTemplate.c\000"
 1130      696E7465 
 1130      7254656D 
 1130      706C6174 
 1130      652E6300 
 1131              	.LASF64:
 1132 005a 5F675F70 		.ascii	"_g_printervolumetemplate\000"
 1132      72696E74 
 1132      6572766F 
 1132      6C756D65 
 1132      74656D70 
 1133              	.LASF20:
 1134 0073 50524E5F 		.ascii	"PRN_TRANSTYPE\000"
 1134      5452414E 
 1134      53545950 
 1134      4500
 1135              	.LASF7:
 1136 0081 6C6F6E67 		.ascii	"long long unsigned int\000"
 1136      206C6F6E 
 1136      6720756E 
 1136      7369676E 
 1136      65642069 
 1137              	.LASF58:
 1138 0098 47657450 		.ascii	"GetPrinterTemplateLine\000"
 1138      72696E74 
 1138      65725465 
 1138      6D706C61 
 1138      74654C69 
 1139              	.LASF41:
 1140 00af 50524E5F 		.ascii	"PRN_SIGNATURE\000"
 1140      5349474E 
 1140      41545552 
ARM GAS  C:\Users\RECEPC~1\AppData\Local\Temp\ccRreK3F.s 			page 25


 1140      4500
 1141              	.LASF63:
 1142 00bd 5F675F70 		.ascii	"_g_printertemplate\000"
 1142      72696E74 
 1142      65727465 
 1142      6D706C61 
 1142      746500
 1143              	.LASF6:
 1144 00d0 6C6F6E67 		.ascii	"long long int\000"
 1144      206C6F6E 
 1144      6720696E 
 1144      7400
 1145              	.LASF0:
 1146 00de 7369676E 		.ascii	"signed char\000"
 1146      65642063 
 1146      68617200 
 1147              	.LASF29:
 1148 00ea 50524E5F 		.ascii	"PRN_VOLUMEDAY\000"
 1148      564F4C55 
 1148      4D454441 
 1148      5900
 1149              	.LASF60:
 1150 00f8 6C696E65 		.ascii	"lineid\000"
 1150      696400
 1151              	.LASF4:
 1152 00ff 6C6F6E67 		.ascii	"long int\000"
 1152      20696E74 
 1152      00
 1153              	.LASF39:
 1154 0108 50524E5F 		.ascii	"PRN_MONEY\000"
 1154      4D4F4E45 
 1154      5900
 1155              	.LASF17:
 1156 0112 50524E5F 		.ascii	"PRN_HOUR\000"
 1156      484F5552 
 1156      00
 1157              	.LASF54:
 1158 011b 5F707374 		.ascii	"_pstrline\000"
 1158      726C696E 
 1158      6500
 1159              	.LASF11:
 1160 0125 75696E74 		.ascii	"uint8\000"
 1160      3800
 1161              	.LASF57:
 1162 012b 72657476 		.ascii	"retval\000"
 1162      616C00
 1163              	.LASF10:
 1164 0132 646F7562 		.ascii	"double\000"
 1164      6C6500
 1165              	.LASF24:
 1166 0139 50524E5F 		.ascii	"PRN_COMPANY\000"
 1166      434F4D50 
 1166      414E5900 
 1167              	.LASF30:
 1168 0145 50524E5F 		.ascii	"PRN_VOLUMEWEEK\000"
 1168      564F4C55 
 1168      4D455745 
ARM GAS  C:\Users\RECEPC~1\AppData\Local\Temp\ccRreK3F.s 			page 26


 1168      454B00
 1169              	.LASF51:
 1170 0154 50524E5F 		.ascii	"PRN_MONEY_GALLONS\000"
 1170      4D4F4E45 
 1170      595F4741 
 1170      4C4C4F4E 
 1170      5300
 1171              	.LASF8:
 1172 0166 756E7369 		.ascii	"unsigned int\000"
 1172      676E6564 
 1172      20696E74 
 1172      00
 1173              	.LASF34:
 1174 0173 50524E5F 		.ascii	"PRN_MONEYMONTH\000"
 1174      4D4F4E45 
 1174      594D4F4E 
 1174      544800
 1175              	.LASF5:
 1176 0182 6C6F6E67 		.ascii	"long unsigned int\000"
 1176      20756E73 
 1176      69676E65 
 1176      6420696E 
 1176      7400
 1177              	.LASF37:
 1178 0194 50524E5F 		.ascii	"PRN_PRODPRICE\000"
 1178      50524F44 
 1178      50524943 
 1178      4500
 1179              	.LASF3:
 1180 01a2 73686F72 		.ascii	"short unsigned int\000"
 1180      7420756E 
 1180      7369676E 
 1180      65642069 
 1180      6E7400
 1181              	.LASF36:
 1182 01b5 50524E5F 		.ascii	"PRN_PRODUCT\000"
 1182      50524F44 
 1182      55435400 
 1183              	.LASF48:
 1184 01c1 50524E5F 		.ascii	"PRN_VOLUNIT_HAWAIIAN_GALLONS_GAS\000"
 1184      564F4C55 
 1184      4E49545F 
 1184      48415741 
 1184      4949414E 
 1185              	.LASF47:
 1186 01e2 50524E5F 		.ascii	"PRN_VOLUNIT_LITERS\000"
 1186      564F4C55 
 1186      4E49545F 
 1186      4C495445 
 1186      525300
 1187              	.LASF14:
 1188 01f5 73697A65 		.ascii	"sizetype\000"
 1188      74797065 
 1188      00
 1189              	.LASF15:
 1190 01fe 6C6F6E67 		.ascii	"long double\000"
 1190      20646F75 
ARM GAS  C:\Users\RECEPC~1\AppData\Local\Temp\ccRreK3F.s 			page 27


 1190      626C6500 
 1191              	.LASF22:
 1192 020a 50524E5F 		.ascii	"PRN_INVNUMBER\000"
 1192      494E564E 
 1192      554D4245 
 1192      5200
 1193              	.LASF66:
 1194 0218 474E5520 		.ascii	"GNU C 4.9.3 20150303 (release) [ARM/embedded-4_9-br"
 1194      4320342E 
 1194      392E3320 
 1194      32303135 
 1194      30333033 
 1195 024b 616E6368 		.ascii	"anch revision 221220] -mcpu=cortex-m3 -mthumb -g -O"
 1195      20726576 
 1195      6973696F 
 1195      6E203232 
 1195      31323230 
 1196 027e 30202D66 		.ascii	"0 -ffunction-sections -ffat-lto-objects\000"
 1196      66756E63 
 1196      74696F6E 
 1196      2D736563 
 1196      74696F6E 
 1197              	.LASF33:
 1198 02a6 50524E5F 		.ascii	"PRN_MONEYWEEK\000"
 1198      4D4F4E45 
 1198      59574545 
 1198      4B00
 1199              	.LASF42:
 1200 02b4 50524E5F 		.ascii	"PRN_SERIAL\000"
 1200      53455249 
 1200      414C00
 1201              	.LASF38:
 1202 02bf 50524E5F 		.ascii	"PRN_VOLUME\000"
 1202      564F4C55 
 1202      4D4500
 1203              	.LASF9:
 1204 02ca 666C6F61 		.ascii	"float\000"
 1204      7400
 1205              	.LASF68:
 1206 02d0 433A5C54 		.ascii	"C:\\TeamInsepet\\NSX-Prime\\Hardware\\CorEx-MUX-Ker"
 1206      65616D49 
 1206      6E736570 
 1206      65745C4E 
 1206      53582D50 
 1207 02ff 6E656C2D 		.ascii	"nel-Enhanced\\Workspace01\\CorEx-Mux-Kernel.cydsn\000"
 1207      456E6861 
 1207      6E636564 
 1207      5C576F72 
 1207      6B737061 
 1208              	.LASF56:
 1209 032f 504E4541 		.ascii	"PNEAR_PRINTERTEMPLATEPTR\000"
 1209      525F5052 
 1209      494E5445 
 1209      5254454D 
 1209      504C4154 
 1210              	.LASF1:
 1211 0348 756E7369 		.ascii	"unsigned char\000"
ARM GAS  C:\Users\RECEPC~1\AppData\Local\Temp\ccRreK3F.s 			page 28


 1211      676E6564 
 1211      20636861 
 1211      7200
 1212              	.LASF27:
 1213 0356 50524E5F 		.ascii	"PRN_VISITSWEEK\000"
 1213      56495349 
 1213      54535745 
 1213      454B00
 1214              	.LASF32:
 1215 0365 50524E5F 		.ascii	"PRN_MONEYDAY\000"
 1215      4D4F4E45 
 1215      59444159 
 1215      00
 1216              	.LASF59:
 1217 0372 47657450 		.ascii	"GetPrinterVolumeTemplateTag\000"
 1217      72696E74 
 1217      6572566F 
 1217      6C756D65 
 1217      54656D70 
 1218              	.LASF2:
 1219 038e 73686F72 		.ascii	"short int\000"
 1219      7420696E 
 1219      7400
 1220              	.LASF53:
 1221 0398 5F6E616D 		.ascii	"_namedline\000"
 1221      65646C69 
 1221      6E6500
 1222              	.LASF43:
 1223 03a3 5F505249 		.ascii	"_PRINTER_NAMED_LINES_\000"
 1223      4E544552 
 1223      5F4E414D 
 1223      45445F4C 
 1223      494E4553 
 1224              	.LASF18:
 1225 03b9 50524E5F 		.ascii	"PRN_PLATE\000"
 1225      504C4154 
 1225      4500
 1226              	.LASF35:
 1227 03c3 50524E5F 		.ascii	"PRN_ACCOUNTTYPE\000"
 1227      4143434F 
 1227      554E5454 
 1227      59504500 
 1228              	.LASF25:
 1229 03d3 50524E5F 		.ascii	"PRN_ACCOUNT\000"
 1229      4143434F 
 1229      554E5400 
 1230              	.LASF26:
 1231 03df 50524E5F 		.ascii	"PRN_VISITSDAY\000"
 1231      56495349 
 1231      54534441 
 1231      5900
 1232              	.LASF13:
 1233 03ed 63686172 		.ascii	"char\000"
 1233      00
 1234              	.LASF31:
 1235 03f2 50524E5F 		.ascii	"PRN_VOLUMEMONTH\000"
 1235      564F4C55 
ARM GAS  C:\Users\RECEPC~1\AppData\Local\Temp\ccRreK3F.s 			page 29


 1235      4D454D4F 
 1235      4E544800 
 1236              	.LASF46:
 1237 0402 50524E5F 		.ascii	"PRN_VOLUNIT_UK_GALLONS\000"
 1237      564F4C55 
 1237      4E49545F 
 1237      554B5F47 
 1237      414C4C4F 
 1238              	.LASF12:
 1239 0419 63686172 		.ascii	"char8\000"
 1239      3800
 1240              	.LASF44:
 1241 041f 5F505249 		.ascii	"_PRINTER_VOLUME_UNIT_TYPE_\000"
 1241      4E544552 
 1241      5F564F4C 
 1241      554D455F 
 1241      554E4954 
 1242              	.LASF62:
 1243 043a 72656669 		.ascii	"refid\000"
 1243      6400
 1244              	.LASF52:
 1245 0440 50524E5F 		.ascii	"PRN_MONEY_LITERS\000"
 1245      4D4F4E45 
 1245      595F4C49 
 1245      54455253 
 1245      00
 1246              	.LASF65:
 1247 0451 5F675F70 		.ascii	"_g_printerpricetemplate\000"
 1247      72696E74 
 1247      65727072 
 1247      69636574 
 1247      656D706C 
 1248              	.LASF61:
 1249 0469 47657450 		.ascii	"GetPrinterPriceTemplateTag\000"
 1249      72696E74 
 1249      65725072 
 1249      69636554 
 1249      656D706C 
 1250              	.LASF40:
 1251 0484 50524E5F 		.ascii	"PRN_ID\000"
 1251      494400
 1252              	.LASF19:
 1253 048b 50524E5F 		.ascii	"PRN_MILLEAGE\000"
 1253      4D494C4C 
 1253      45414745 
 1253      00
 1254              	.LASF50:
 1255 0498 5F505249 		.ascii	"_PRINTER_PRICE_UNITS_\000"
 1255      4E544552 
 1255      5F505249 
 1255      43455F55 
 1255      4E495453 
 1256              	.LASF28:
 1257 04ae 50524E5F 		.ascii	"PRN_VISITSMONTH\000"
 1257      56495349 
 1257      54534D4F 
 1257      4E544800 
ARM GAS  C:\Users\RECEPC~1\AppData\Local\Temp\ccRreK3F.s 			page 30


 1258              	.LASF45:
 1259 04be 50524E5F 		.ascii	"PRN_VOLUNIT_US_GALLONS\000"
 1259      564F4C55 
 1259      4E49545F 
 1259      55535F47 
 1259      414C4C4F 
 1260              	.LASF21:
 1261 04d5 50524E5F 		.ascii	"PRN_PUMPPOS\000"
 1261      50554D50 
 1261      504F5300 
 1262              		.ident	"GCC: (GNU Tools for ARM Embedded Processors) 4.9.3 20150303 (release) [ARM/embedded-4_9-br
