ARM GAS  C:\Users\Lenovo\AppData\Local\Temp\cc3UQIZD.s 			page 1


   1              		.syntax unified
   2              		.cpu cortex-m3
   3              		.fpu softvfp
   4              		.eabi_attribute 20, 1
   5              		.eabi_attribute 21, 1
   6              		.eabi_attribute 23, 3
   7              		.eabi_attribute 24, 1
   8              		.eabi_attribute 25, 1
   9              		.eabi_attribute 26, 1
  10              		.eabi_attribute 30, 6
  11              		.eabi_attribute 34, 1
  12              		.eabi_attribute 18, 4
  13              		.thumb
  14              		.file	"PseudoRTOS.c"
  15              		.text
  16              	.Ltext0:
  17              		.cfi_sections	.debug_frame
  18              		.comm	HoseDispenser,1,1
  19              		.comm	_g_ptr_LOOP,4,4
  20              		.comm	_g_loop_container,68,4
  21              		.section	.text.loop_push,"ax",%progbits
  22              		.align	2
  23              		.global	loop_push
  24              		.thumb
  25              		.thumb_func
  26              		.type	loop_push, %function
  27              	loop_push:
  28              	.LFB0:
  29              		.file 1 ".\\PseudoRTOS.c"
   1:.\PseudoRTOS.c **** /* ========================================
   2:.\PseudoRTOS.c ****  *
   3:.\PseudoRTOS.c ****  * Copyright INSEPET SISTEMAS, 2016
   4:.\PseudoRTOS.c ****  * All Rights Reserved
   5:.\PseudoRTOS.c ****  * UNPUBLISHED, LICENSED SOFTWARE.
   6:.\PseudoRTOS.c ****  *
   7:.\PseudoRTOS.c ****  * CONFIDENTIAL AND PROPRIETARY INFORMATION
   8:.\PseudoRTOS.c ****  * WHICH IS THE PROPERTY OF your company.
   9:.\PseudoRTOS.c ****  *
  10:.\PseudoRTOS.c ****  * ========================================
  11:.\PseudoRTOS.c **** @Created by: HIJH
  12:.\PseudoRTOS.c **** @Date: Septembre 2 de 2016
  13:.\PseudoRTOS.c **** */
  14:.\PseudoRTOS.c **** #include "GlobalDefinitions.h"
  15:.\PseudoRTOS.c **** 
  16:.\PseudoRTOS.c **** PTR_LOOP _g_ptr_LOOP;
  17:.\PseudoRTOS.c **** LOOPContainer _g_loop_container;
  18:.\PseudoRTOS.c **** 
  19:.\PseudoRTOS.c **** //@Created By: HIJH
  20:.\PseudoRTOS.c **** //@Septembre de 2016
  21:.\PseudoRTOS.c **** void loop_push(PTR_LOOP _func)
  22:.\PseudoRTOS.c **** {
  30              		.loc 1 22 0
  31              		.cfi_startproc
  32              		@ args = 0, pretend = 0, frame = 8
  33              		@ frame_needed = 1, uses_anonymous_args = 0
  34              		@ link register save eliminated.
  35 0000 80B4     		push	{r7}
ARM GAS  C:\Users\Lenovo\AppData\Local\Temp\cc3UQIZD.s 			page 2


  36              		.cfi_def_cfa_offset 4
  37              		.cfi_offset 7, -4
  38 0002 83B0     		sub	sp, sp, #12
  39              		.cfi_def_cfa_offset 16
  40 0004 00AF     		add	r7, sp, #0
  41              		.cfi_def_cfa_register 7
  42 0006 7860     		str	r0, [r7, #4]
  23:.\PseudoRTOS.c ****     if(_g_loop_container._index < _MAX_LOOP_POINTERS)
  43              		.loc 1 23 0
  44 0008 0B4B     		ldr	r3, .L3
  45 000a 93F84030 		ldrb	r3, [r3, #64]	@ zero_extendqisi2
  46 000e 0F2B     		cmp	r3, #15
  47 0010 0CD8     		bhi	.L1
  24:.\PseudoRTOS.c ****         _g_loop_container._ptrarr[_g_loop_container._index++] = _func;
  48              		.loc 1 24 0
  49 0012 094B     		ldr	r3, .L3
  50 0014 93F84030 		ldrb	r3, [r3, #64]	@ zero_extendqisi2
  51 0018 5A1C     		adds	r2, r3, #1
  52 001a D1B2     		uxtb	r1, r2
  53 001c 064A     		ldr	r2, .L3
  54 001e 82F84010 		strb	r1, [r2, #64]
  55 0022 1946     		mov	r1, r3
  56 0024 044A     		ldr	r2, .L3
  57 0026 7B68     		ldr	r3, [r7, #4]
  58 0028 42F82130 		str	r3, [r2, r1, lsl #2]
  59              	.L1:
  25:.\PseudoRTOS.c **** }
  60              		.loc 1 25 0
  61 002c 0C37     		adds	r7, r7, #12
  62              		.cfi_def_cfa_offset 4
  63 002e BD46     		mov	sp, r7
  64              		.cfi_def_cfa_register 13
  65              		@ sp needed
  66 0030 5DF8047B 		ldr	r7, [sp], #4
  67              		.cfi_restore 7
  68              		.cfi_def_cfa_offset 0
  69 0034 7047     		bx	lr
  70              	.L4:
  71 0036 00BF     		.align	2
  72              	.L3:
  73 0038 00000000 		.word	_g_loop_container
  74              		.cfi_endproc
  75              	.LFE0:
  76              		.size	loop_push, .-loop_push
  77              		.section	.text.loop_invoke,"ax",%progbits
  78              		.align	2
  79              		.global	loop_invoke
  80              		.thumb
  81              		.thumb_func
  82              		.type	loop_invoke, %function
  83              	loop_invoke:
  84              	.LFB1:
  26:.\PseudoRTOS.c **** 
  27:.\PseudoRTOS.c **** //@Created By: HIJH
  28:.\PseudoRTOS.c **** //@Septembre de 2016
  29:.\PseudoRTOS.c **** void loop_invoke()
  30:.\PseudoRTOS.c **** {
ARM GAS  C:\Users\Lenovo\AppData\Local\Temp\cc3UQIZD.s 			page 3


  85              		.loc 1 30 0
  86              		.cfi_startproc
  87              		@ args = 0, pretend = 0, frame = 8
  88              		@ frame_needed = 1, uses_anonymous_args = 0
  89 0000 80B5     		push	{r7, lr}
  90              		.cfi_def_cfa_offset 8
  91              		.cfi_offset 7, -8
  92              		.cfi_offset 14, -4
  93 0002 82B0     		sub	sp, sp, #8
  94              		.cfi_def_cfa_offset 16
  95 0004 00AF     		add	r7, sp, #0
  96              		.cfi_def_cfa_register 7
  31:.\PseudoRTOS.c ****     FOR(uint8_t ndx = 0, ndx < _g_loop_container._index, ndx++)
  97              		.loc 1 31 0
  98 0006 0023     		movs	r3, #0
  99 0008 FB71     		strb	r3, [r7, #7]
 100 000a 11E0     		b	.L6
 101              	.L10:
  32:.\PseudoRTOS.c ****     {
  33:.\PseudoRTOS.c ****         _g_ptr_LOOP = _g_loop_container._ptrarr[ndx];
 102              		.loc 1 33 0
 103 000c FB79     		ldrb	r3, [r7, #7]	@ zero_extendqisi2
 104 000e 0D4A     		ldr	r2, .L12
 105 0010 52F82330 		ldr	r3, [r2, r3, lsl #2]
 106 0014 0C4A     		ldr	r2, .L12+4
 107 0016 1360     		str	r3, [r2]
  34:.\PseudoRTOS.c ****         if(_g_ptr_LOOP)
 108              		.loc 1 34 0
 109 0018 0B4B     		ldr	r3, .L12+4
 110 001a 1B68     		ldr	r3, [r3]
 111 001c 002B     		cmp	r3, #0
 112 001e 03D0     		beq	.L7
  35:.\PseudoRTOS.c ****              _g_ptr_LOOP();
 113              		.loc 1 35 0
 114 0020 094B     		ldr	r3, .L12+4
 115 0022 1B68     		ldr	r3, [r3]
 116 0024 9847     		blx	r3
 117 0026 00E0     		b	.L11
 118              	.L7:
  36:.\PseudoRTOS.c ****         else
  37:.\PseudoRTOS.c ****             break;
 119              		.loc 1 37 0
 120 0028 08E0     		b	.L5
 121              	.L11:
  31:.\PseudoRTOS.c ****     {
 122              		.loc 1 31 0 discriminator 2
 123 002a FB79     		ldrb	r3, [r7, #7]	@ zero_extendqisi2
 124 002c 0133     		adds	r3, r3, #1
 125 002e FB71     		strb	r3, [r7, #7]
 126              	.L6:
  31:.\PseudoRTOS.c ****     {
 127              		.loc 1 31 0 is_stmt 0 discriminator 1
 128 0030 044B     		ldr	r3, .L12
 129 0032 93F84030 		ldrb	r3, [r3, #64]	@ zero_extendqisi2
 130 0036 FA79     		ldrb	r2, [r7, #7]	@ zero_extendqisi2
 131 0038 9A42     		cmp	r2, r3
 132 003a E7D3     		bcc	.L10
ARM GAS  C:\Users\Lenovo\AppData\Local\Temp\cc3UQIZD.s 			page 4


 133              	.L5:
  38:.\PseudoRTOS.c ****     }
  39:.\PseudoRTOS.c **** }
 134              		.loc 1 39 0 is_stmt 1
 135 003c 0837     		adds	r7, r7, #8
 136              		.cfi_def_cfa_offset 8
 137 003e BD46     		mov	sp, r7
 138              		.cfi_def_cfa_register 13
 139              		@ sp needed
 140 0040 80BD     		pop	{r7, pc}
 141              	.L13:
 142 0042 00BF     		.align	2
 143              	.L12:
 144 0044 00000000 		.word	_g_loop_container
 145 0048 00000000 		.word	_g_ptr_LOOP
 146              		.cfi_endproc
 147              	.LFE1:
 148              		.size	loop_invoke, .-loop_invoke
 149              		.text
 150              	.Letext0:
 151              		.file 2 "c:\\program files (x86)\\cypress\\psoc creator\\3.3\\psoc creator\\import\\gnu\\arm\\4.9.
 152              		.file 3 "c:\\program files (x86)\\cypress\\psoc creator\\3.3\\psoc creator\\import\\gnu\\arm\\4.9.
 153              		.file 4 "Generated_Source\\PSoC5/cytypes.h"
 154              		.file 5 ".\\GlobalDefinitions.h"
 155              		.section	.debug_info,"",%progbits
 156              	.Ldebug_info0:
 157 0000 80010000 		.4byte	0x180
 158 0004 0400     		.2byte	0x4
 159 0006 00000000 		.4byte	.Ldebug_abbrev0
 160 000a 04       		.byte	0x4
 161 000b 01       		.uleb128 0x1
 162 000c E6000000 		.4byte	.LASF24
 163 0010 01       		.byte	0x1
 164 0011 2D000000 		.4byte	.LASF25
 165 0015 4A000000 		.4byte	.LASF26
 166 0019 00000000 		.4byte	.Ldebug_ranges0+0
 167 001d 00000000 		.4byte	0
 168 0021 00000000 		.4byte	.Ldebug_line0
 169 0025 02       		.uleb128 0x2
 170 0026 01       		.byte	0x1
 171 0027 06       		.byte	0x6
 172 0028 1E020000 		.4byte	.LASF0
 173 002c 03       		.uleb128 0x3
 174 002d 07000000 		.4byte	.LASF9
 175 0031 02       		.byte	0x2
 176 0032 1D       		.byte	0x1d
 177 0033 37000000 		.4byte	0x37
 178 0037 02       		.uleb128 0x2
 179 0038 01       		.byte	0x1
 180 0039 08       		.byte	0x8
 181 003a C0000000 		.4byte	.LASF1
 182 003e 02       		.uleb128 0x2
 183 003f 02       		.byte	0x2
 184 0040 05       		.byte	0x5
 185 0041 FF010000 		.4byte	.LASF2
 186 0045 02       		.uleb128 0x2
 187 0046 02       		.byte	0x2
ARM GAS  C:\Users\Lenovo\AppData\Local\Temp\cc3UQIZD.s 			page 5


 188 0047 07       		.byte	0x7
 189 0048 2A020000 		.4byte	.LASF3
 190 004c 02       		.uleb128 0x2
 191 004d 04       		.byte	0x4
 192 004e 05       		.byte	0x5
 193 004f 09020000 		.4byte	.LASF4
 194 0053 02       		.uleb128 0x2
 195 0054 04       		.byte	0x4
 196 0055 07       		.byte	0x7
 197 0056 CE000000 		.4byte	.LASF5
 198 005a 02       		.uleb128 0x2
 199 005b 08       		.byte	0x8
 200 005c 05       		.byte	0x5
 201 005d D9010000 		.4byte	.LASF6
 202 0061 02       		.uleb128 0x2
 203 0062 08       		.byte	0x8
 204 0063 07       		.byte	0x7
 205 0064 94010000 		.4byte	.LASF7
 206 0068 04       		.uleb128 0x4
 207 0069 04       		.byte	0x4
 208 006a 05       		.byte	0x5
 209 006b 696E7400 		.ascii	"int\000"
 210 006f 02       		.uleb128 0x2
 211 0070 04       		.byte	0x4
 212 0071 07       		.byte	0x7
 213 0072 7B010000 		.4byte	.LASF8
 214 0076 03       		.uleb128 0x3
 215 0077 AB010000 		.4byte	.LASF10
 216 007b 03       		.byte	0x3
 217 007c 15       		.byte	0x15
 218 007d 2C000000 		.4byte	0x2c
 219 0081 05       		.uleb128 0x5
 220 0082 E0000000 		.4byte	.LASF11
 221 0086 04       		.byte	0x4
 222 0087 3801     		.2byte	0x138
 223 0089 37000000 		.4byte	0x37
 224 008d 02       		.uleb128 0x2
 225 008e 04       		.byte	0x4
 226 008f 04       		.byte	0x4
 227 0090 A8000000 		.4byte	.LASF12
 228 0094 02       		.uleb128 0x2
 229 0095 08       		.byte	0x8
 230 0096 04       		.byte	0x4
 231 0097 74010000 		.4byte	.LASF13
 232 009b 02       		.uleb128 0x2
 233 009c 01       		.byte	0x1
 234 009d 08       		.byte	0x8
 235 009e E7010000 		.4byte	.LASF14
 236 00a2 02       		.uleb128 0x2
 237 00a3 04       		.byte	0x4
 238 00a4 07       		.byte	0x7
 239 00a5 D0010000 		.4byte	.LASF15
 240 00a9 02       		.uleb128 0x2
 241 00aa 08       		.byte	0x8
 242 00ab 04       		.byte	0x4
 243 00ac 12020000 		.4byte	.LASF16
 244 00b0 03       		.uleb128 0x3
ARM GAS  C:\Users\Lenovo\AppData\Local\Temp\cc3UQIZD.s 			page 6


 245 00b1 F6010000 		.4byte	.LASF17
 246 00b5 05       		.byte	0x5
 247 00b6 27       		.byte	0x27
 248 00b7 BB000000 		.4byte	0xbb
 249 00bb 06       		.uleb128 0x6
 250 00bc 04       		.byte	0x4
 251 00bd C1000000 		.4byte	0xc1
 252 00c1 07       		.uleb128 0x7
 253 00c2 C8000000 		.4byte	0xc8
 254 00c6 08       		.uleb128 0x8
 255 00c7 00       		.byte	0
 256 00c8 09       		.uleb128 0x9
 257 00c9 BF010000 		.4byte	.LASF27
 258 00cd 44       		.byte	0x44
 259 00ce 05       		.byte	0x5
 260 00cf 2C       		.byte	0x2c
 261 00d0 ED000000 		.4byte	0xed
 262 00d4 0A       		.uleb128 0xa
 263 00d5 17000000 		.4byte	.LASF18
 264 00d9 05       		.byte	0x5
 265 00da 2E       		.byte	0x2e
 266 00db ED000000 		.4byte	0xed
 267 00df 00       		.byte	0
 268 00e0 0A       		.uleb128 0xa
 269 00e1 00000000 		.4byte	.LASF19
 270 00e5 05       		.byte	0x5
 271 00e6 2F       		.byte	0x2f
 272 00e7 76000000 		.4byte	0x76
 273 00eb 40       		.byte	0x40
 274 00ec 00       		.byte	0
 275 00ed 0B       		.uleb128 0xb
 276 00ee B0000000 		.4byte	0xb0
 277 00f2 FD000000 		.4byte	0xfd
 278 00f6 0C       		.uleb128 0xc
 279 00f7 A2000000 		.4byte	0xa2
 280 00fb 0F       		.byte	0xf
 281 00fc 00       		.byte	0
 282 00fd 03       		.uleb128 0x3
 283 00fe 3C000000 		.4byte	.LASF20
 284 0102 05       		.byte	0x5
 285 0103 31       		.byte	0x31
 286 0104 C8000000 		.4byte	0xc8
 287 0108 0D       		.uleb128 0xd
 288 0109 EC010000 		.4byte	.LASF28
 289 010d 01       		.byte	0x1
 290 010e 15       		.byte	0x15
 291 010f 00000000 		.4byte	.LFB0
 292 0113 3C000000 		.4byte	.LFE0-.LFB0
 293 0117 01       		.uleb128 0x1
 294 0118 9C       		.byte	0x9c
 295 0119 2C010000 		.4byte	0x12c
 296 011d 0E       		.uleb128 0xe
 297 011e 11000000 		.4byte	.LASF29
 298 0122 01       		.byte	0x1
 299 0123 15       		.byte	0x15
 300 0124 B0000000 		.4byte	0xb0
 301 0128 02       		.uleb128 0x2
ARM GAS  C:\Users\Lenovo\AppData\Local\Temp\cc3UQIZD.s 			page 7


 302 0129 91       		.byte	0x91
 303 012a 74       		.sleb128 -12
 304 012b 00       		.byte	0
 305 012c 0F       		.uleb128 0xf
 306 012d B3010000 		.4byte	.LASF30
 307 0131 01       		.byte	0x1
 308 0132 1D       		.byte	0x1d
 309 0133 00000000 		.4byte	.LFB1
 310 0137 4C000000 		.4byte	.LFE1-.LFB1
 311 013b 01       		.uleb128 0x1
 312 013c 9C       		.byte	0x9c
 313 013d 50010000 		.4byte	0x150
 314 0141 10       		.uleb128 0x10
 315 0142 6E647800 		.ascii	"ndx\000"
 316 0146 01       		.byte	0x1
 317 0147 1F       		.byte	0x1f
 318 0148 76000000 		.4byte	0x76
 319 014c 02       		.uleb128 0x2
 320 014d 91       		.byte	0x91
 321 014e 77       		.sleb128 -9
 322 014f 00       		.byte	0
 323 0150 11       		.uleb128 0x11
 324 0151 1F000000 		.4byte	.LASF21
 325 0155 05       		.byte	0x5
 326 0156 52       		.byte	0x52
 327 0157 81000000 		.4byte	0x81
 328 015b 05       		.uleb128 0x5
 329 015c 03       		.byte	0x3
 330 015d 00000000 		.4byte	HoseDispenser
 331 0161 11       		.uleb128 0x11
 332 0162 88010000 		.4byte	.LASF22
 333 0166 01       		.byte	0x1
 334 0167 10       		.byte	0x10
 335 0168 B0000000 		.4byte	0xb0
 336 016c 05       		.uleb128 0x5
 337 016d 03       		.byte	0x3
 338 016e 00000000 		.4byte	_g_ptr_LOOP
 339 0172 11       		.uleb128 0x11
 340 0173 AE000000 		.4byte	.LASF23
 341 0177 01       		.byte	0x1
 342 0178 11       		.byte	0x11
 343 0179 FD000000 		.4byte	0xfd
 344 017d 05       		.uleb128 0x5
 345 017e 03       		.byte	0x3
 346 017f 00000000 		.4byte	_g_loop_container
 347 0183 00       		.byte	0
 348              		.section	.debug_abbrev,"",%progbits
 349              	.Ldebug_abbrev0:
 350 0000 01       		.uleb128 0x1
 351 0001 11       		.uleb128 0x11
 352 0002 01       		.byte	0x1
 353 0003 25       		.uleb128 0x25
 354 0004 0E       		.uleb128 0xe
 355 0005 13       		.uleb128 0x13
 356 0006 0B       		.uleb128 0xb
 357 0007 03       		.uleb128 0x3
 358 0008 0E       		.uleb128 0xe
ARM GAS  C:\Users\Lenovo\AppData\Local\Temp\cc3UQIZD.s 			page 8


 359 0009 1B       		.uleb128 0x1b
 360 000a 0E       		.uleb128 0xe
 361 000b 55       		.uleb128 0x55
 362 000c 17       		.uleb128 0x17
 363 000d 11       		.uleb128 0x11
 364 000e 01       		.uleb128 0x1
 365 000f 10       		.uleb128 0x10
 366 0010 17       		.uleb128 0x17
 367 0011 00       		.byte	0
 368 0012 00       		.byte	0
 369 0013 02       		.uleb128 0x2
 370 0014 24       		.uleb128 0x24
 371 0015 00       		.byte	0
 372 0016 0B       		.uleb128 0xb
 373 0017 0B       		.uleb128 0xb
 374 0018 3E       		.uleb128 0x3e
 375 0019 0B       		.uleb128 0xb
 376 001a 03       		.uleb128 0x3
 377 001b 0E       		.uleb128 0xe
 378 001c 00       		.byte	0
 379 001d 00       		.byte	0
 380 001e 03       		.uleb128 0x3
 381 001f 16       		.uleb128 0x16
 382 0020 00       		.byte	0
 383 0021 03       		.uleb128 0x3
 384 0022 0E       		.uleb128 0xe
 385 0023 3A       		.uleb128 0x3a
 386 0024 0B       		.uleb128 0xb
 387 0025 3B       		.uleb128 0x3b
 388 0026 0B       		.uleb128 0xb
 389 0027 49       		.uleb128 0x49
 390 0028 13       		.uleb128 0x13
 391 0029 00       		.byte	0
 392 002a 00       		.byte	0
 393 002b 04       		.uleb128 0x4
 394 002c 24       		.uleb128 0x24
 395 002d 00       		.byte	0
 396 002e 0B       		.uleb128 0xb
 397 002f 0B       		.uleb128 0xb
 398 0030 3E       		.uleb128 0x3e
 399 0031 0B       		.uleb128 0xb
 400 0032 03       		.uleb128 0x3
 401 0033 08       		.uleb128 0x8
 402 0034 00       		.byte	0
 403 0035 00       		.byte	0
 404 0036 05       		.uleb128 0x5
 405 0037 16       		.uleb128 0x16
 406 0038 00       		.byte	0
 407 0039 03       		.uleb128 0x3
 408 003a 0E       		.uleb128 0xe
 409 003b 3A       		.uleb128 0x3a
 410 003c 0B       		.uleb128 0xb
 411 003d 3B       		.uleb128 0x3b
 412 003e 05       		.uleb128 0x5
 413 003f 49       		.uleb128 0x49
 414 0040 13       		.uleb128 0x13
 415 0041 00       		.byte	0
ARM GAS  C:\Users\Lenovo\AppData\Local\Temp\cc3UQIZD.s 			page 9


 416 0042 00       		.byte	0
 417 0043 06       		.uleb128 0x6
 418 0044 0F       		.uleb128 0xf
 419 0045 00       		.byte	0
 420 0046 0B       		.uleb128 0xb
 421 0047 0B       		.uleb128 0xb
 422 0048 49       		.uleb128 0x49
 423 0049 13       		.uleb128 0x13
 424 004a 00       		.byte	0
 425 004b 00       		.byte	0
 426 004c 07       		.uleb128 0x7
 427 004d 15       		.uleb128 0x15
 428 004e 01       		.byte	0x1
 429 004f 01       		.uleb128 0x1
 430 0050 13       		.uleb128 0x13
 431 0051 00       		.byte	0
 432 0052 00       		.byte	0
 433 0053 08       		.uleb128 0x8
 434 0054 18       		.uleb128 0x18
 435 0055 00       		.byte	0
 436 0056 00       		.byte	0
 437 0057 00       		.byte	0
 438 0058 09       		.uleb128 0x9
 439 0059 13       		.uleb128 0x13
 440 005a 01       		.byte	0x1
 441 005b 03       		.uleb128 0x3
 442 005c 0E       		.uleb128 0xe
 443 005d 0B       		.uleb128 0xb
 444 005e 0B       		.uleb128 0xb
 445 005f 3A       		.uleb128 0x3a
 446 0060 0B       		.uleb128 0xb
 447 0061 3B       		.uleb128 0x3b
 448 0062 0B       		.uleb128 0xb
 449 0063 01       		.uleb128 0x1
 450 0064 13       		.uleb128 0x13
 451 0065 00       		.byte	0
 452 0066 00       		.byte	0
 453 0067 0A       		.uleb128 0xa
 454 0068 0D       		.uleb128 0xd
 455 0069 00       		.byte	0
 456 006a 03       		.uleb128 0x3
 457 006b 0E       		.uleb128 0xe
 458 006c 3A       		.uleb128 0x3a
 459 006d 0B       		.uleb128 0xb
 460 006e 3B       		.uleb128 0x3b
 461 006f 0B       		.uleb128 0xb
 462 0070 49       		.uleb128 0x49
 463 0071 13       		.uleb128 0x13
 464 0072 38       		.uleb128 0x38
 465 0073 0B       		.uleb128 0xb
 466 0074 00       		.byte	0
 467 0075 00       		.byte	0
 468 0076 0B       		.uleb128 0xb
 469 0077 01       		.uleb128 0x1
 470 0078 01       		.byte	0x1
 471 0079 49       		.uleb128 0x49
 472 007a 13       		.uleb128 0x13
ARM GAS  C:\Users\Lenovo\AppData\Local\Temp\cc3UQIZD.s 			page 10


 473 007b 01       		.uleb128 0x1
 474 007c 13       		.uleb128 0x13
 475 007d 00       		.byte	0
 476 007e 00       		.byte	0
 477 007f 0C       		.uleb128 0xc
 478 0080 21       		.uleb128 0x21
 479 0081 00       		.byte	0
 480 0082 49       		.uleb128 0x49
 481 0083 13       		.uleb128 0x13
 482 0084 2F       		.uleb128 0x2f
 483 0085 0B       		.uleb128 0xb
 484 0086 00       		.byte	0
 485 0087 00       		.byte	0
 486 0088 0D       		.uleb128 0xd
 487 0089 2E       		.uleb128 0x2e
 488 008a 01       		.byte	0x1
 489 008b 3F       		.uleb128 0x3f
 490 008c 19       		.uleb128 0x19
 491 008d 03       		.uleb128 0x3
 492 008e 0E       		.uleb128 0xe
 493 008f 3A       		.uleb128 0x3a
 494 0090 0B       		.uleb128 0xb
 495 0091 3B       		.uleb128 0x3b
 496 0092 0B       		.uleb128 0xb
 497 0093 27       		.uleb128 0x27
 498 0094 19       		.uleb128 0x19
 499 0095 11       		.uleb128 0x11
 500 0096 01       		.uleb128 0x1
 501 0097 12       		.uleb128 0x12
 502 0098 06       		.uleb128 0x6
 503 0099 40       		.uleb128 0x40
 504 009a 18       		.uleb128 0x18
 505 009b 9742     		.uleb128 0x2117
 506 009d 19       		.uleb128 0x19
 507 009e 01       		.uleb128 0x1
 508 009f 13       		.uleb128 0x13
 509 00a0 00       		.byte	0
 510 00a1 00       		.byte	0
 511 00a2 0E       		.uleb128 0xe
 512 00a3 05       		.uleb128 0x5
 513 00a4 00       		.byte	0
 514 00a5 03       		.uleb128 0x3
 515 00a6 0E       		.uleb128 0xe
 516 00a7 3A       		.uleb128 0x3a
 517 00a8 0B       		.uleb128 0xb
 518 00a9 3B       		.uleb128 0x3b
 519 00aa 0B       		.uleb128 0xb
 520 00ab 49       		.uleb128 0x49
 521 00ac 13       		.uleb128 0x13
 522 00ad 02       		.uleb128 0x2
 523 00ae 18       		.uleb128 0x18
 524 00af 00       		.byte	0
 525 00b0 00       		.byte	0
 526 00b1 0F       		.uleb128 0xf
 527 00b2 2E       		.uleb128 0x2e
 528 00b3 01       		.byte	0x1
 529 00b4 3F       		.uleb128 0x3f
ARM GAS  C:\Users\Lenovo\AppData\Local\Temp\cc3UQIZD.s 			page 11


 530 00b5 19       		.uleb128 0x19
 531 00b6 03       		.uleb128 0x3
 532 00b7 0E       		.uleb128 0xe
 533 00b8 3A       		.uleb128 0x3a
 534 00b9 0B       		.uleb128 0xb
 535 00ba 3B       		.uleb128 0x3b
 536 00bb 0B       		.uleb128 0xb
 537 00bc 11       		.uleb128 0x11
 538 00bd 01       		.uleb128 0x1
 539 00be 12       		.uleb128 0x12
 540 00bf 06       		.uleb128 0x6
 541 00c0 40       		.uleb128 0x40
 542 00c1 18       		.uleb128 0x18
 543 00c2 9642     		.uleb128 0x2116
 544 00c4 19       		.uleb128 0x19
 545 00c5 01       		.uleb128 0x1
 546 00c6 13       		.uleb128 0x13
 547 00c7 00       		.byte	0
 548 00c8 00       		.byte	0
 549 00c9 10       		.uleb128 0x10
 550 00ca 34       		.uleb128 0x34
 551 00cb 00       		.byte	0
 552 00cc 03       		.uleb128 0x3
 553 00cd 08       		.uleb128 0x8
 554 00ce 3A       		.uleb128 0x3a
 555 00cf 0B       		.uleb128 0xb
 556 00d0 3B       		.uleb128 0x3b
 557 00d1 0B       		.uleb128 0xb
 558 00d2 49       		.uleb128 0x49
 559 00d3 13       		.uleb128 0x13
 560 00d4 02       		.uleb128 0x2
 561 00d5 18       		.uleb128 0x18
 562 00d6 00       		.byte	0
 563 00d7 00       		.byte	0
 564 00d8 11       		.uleb128 0x11
 565 00d9 34       		.uleb128 0x34
 566 00da 00       		.byte	0
 567 00db 03       		.uleb128 0x3
 568 00dc 0E       		.uleb128 0xe
 569 00dd 3A       		.uleb128 0x3a
 570 00de 0B       		.uleb128 0xb
 571 00df 3B       		.uleb128 0x3b
 572 00e0 0B       		.uleb128 0xb
 573 00e1 49       		.uleb128 0x49
 574 00e2 13       		.uleb128 0x13
 575 00e3 3F       		.uleb128 0x3f
 576 00e4 19       		.uleb128 0x19
 577 00e5 02       		.uleb128 0x2
 578 00e6 18       		.uleb128 0x18
 579 00e7 00       		.byte	0
 580 00e8 00       		.byte	0
 581 00e9 00       		.byte	0
 582              		.section	.debug_aranges,"",%progbits
 583 0000 24000000 		.4byte	0x24
 584 0004 0200     		.2byte	0x2
 585 0006 00000000 		.4byte	.Ldebug_info0
 586 000a 04       		.byte	0x4
ARM GAS  C:\Users\Lenovo\AppData\Local\Temp\cc3UQIZD.s 			page 12


 587 000b 00       		.byte	0
 588 000c 0000     		.2byte	0
 589 000e 0000     		.2byte	0
 590 0010 00000000 		.4byte	.LFB0
 591 0014 3C000000 		.4byte	.LFE0-.LFB0
 592 0018 00000000 		.4byte	.LFB1
 593 001c 4C000000 		.4byte	.LFE1-.LFB1
 594 0020 00000000 		.4byte	0
 595 0024 00000000 		.4byte	0
 596              		.section	.debug_ranges,"",%progbits
 597              	.Ldebug_ranges0:
 598 0000 00000000 		.4byte	.LFB0
 599 0004 3C000000 		.4byte	.LFE0
 600 0008 00000000 		.4byte	.LFB1
 601 000c 4C000000 		.4byte	.LFE1
 602 0010 00000000 		.4byte	0
 603 0014 00000000 		.4byte	0
 604              		.section	.debug_line,"",%progbits
 605              	.Ldebug_line0:
 606 0000 95010000 		.section	.debug_str,"MS",%progbits,1
 606      02005A01 
 606      00000201 
 606      FB0E0D00 
 606      01010101 
 607              	.LASF19:
 608 0000 5F696E64 		.ascii	"_index\000"
 608      657800
 609              	.LASF9:
 610 0007 5F5F7569 		.ascii	"__uint8_t\000"
 610      6E74385F 
 610      7400
 611              	.LASF29:
 612 0011 5F66756E 		.ascii	"_func\000"
 612      6300
 613              	.LASF18:
 614 0017 5F707472 		.ascii	"_ptrarr\000"
 614      61727200 
 615              	.LASF21:
 616 001f 486F7365 		.ascii	"HoseDispenser\000"
 616      44697370 
 616      656E7365 
 616      7200
 617              	.LASF25:
 618 002d 2E5C5073 		.ascii	".\\PseudoRTOS.c\000"
 618      6575646F 
 618      52544F53 
 618      2E6300
 619              	.LASF20:
 620 003c 4C4F4F50 		.ascii	"LOOPContainer\000"
 620      436F6E74 
 620      61696E65 
 620      7200
 621              	.LASF26:
 622 004a 433A5C55 		.ascii	"C:\\Users\\Lenovo\\Documents\\GitHub\\CorEx-MUX-Ker"
 622      73657273 
 622      5C4C656E 
 622      6F766F5C 
ARM GAS  C:\Users\Lenovo\AppData\Local\Temp\cc3UQIZD.s 			page 13


 622      446F6375 
 623 0078 6E656C2D 		.ascii	"nel-Enhanced\\Workspace01\\CorEx-Mux-Kernel.cydsn\000"
 623      456E6861 
 623      6E636564 
 623      5C576F72 
 623      6B737061 
 624              	.LASF12:
 625 00a8 666C6F61 		.ascii	"float\000"
 625      7400
 626              	.LASF23:
 627 00ae 5F675F6C 		.ascii	"_g_loop_container\000"
 627      6F6F705F 
 627      636F6E74 
 627      61696E65 
 627      7200
 628              	.LASF1:
 629 00c0 756E7369 		.ascii	"unsigned char\000"
 629      676E6564 
 629      20636861 
 629      7200
 630              	.LASF5:
 631 00ce 6C6F6E67 		.ascii	"long unsigned int\000"
 631      20756E73 
 631      69676E65 
 631      6420696E 
 631      7400
 632              	.LASF11:
 633 00e0 75696E74 		.ascii	"uint8\000"
 633      3800
 634              	.LASF24:
 635 00e6 474E5520 		.ascii	"GNU C 4.9.3 20150303 (release) [ARM/embedded-4_9-br"
 635      4320342E 
 635      392E3320 
 635      32303135 
 635      30333033 
 636 0119 616E6368 		.ascii	"anch revision 221220] -mcpu=cortex-m3 -mthumb -g -O"
 636      20726576 
 636      6973696F 
 636      6E203232 
 636      31323230 
 637 014c 30202D66 		.ascii	"0 -ffunction-sections -ffat-lto-objects\000"
 637      66756E63 
 637      74696F6E 
 637      2D736563 
 637      74696F6E 
 638              	.LASF13:
 639 0174 646F7562 		.ascii	"double\000"
 639      6C6500
 640              	.LASF8:
 641 017b 756E7369 		.ascii	"unsigned int\000"
 641      676E6564 
 641      20696E74 
 641      00
 642              	.LASF22:
 643 0188 5F675F70 		.ascii	"_g_ptr_LOOP\000"
 643      74725F4C 
 643      4F4F5000 
ARM GAS  C:\Users\Lenovo\AppData\Local\Temp\cc3UQIZD.s 			page 14


 644              	.LASF7:
 645 0194 6C6F6E67 		.ascii	"long long unsigned int\000"
 645      206C6F6E 
 645      6720756E 
 645      7369676E 
 645      65642069 
 646              	.LASF10:
 647 01ab 75696E74 		.ascii	"uint8_t\000"
 647      385F7400 
 648              	.LASF30:
 649 01b3 6C6F6F70 		.ascii	"loop_invoke\000"
 649      5F696E76 
 649      6F6B6500 
 650              	.LASF27:
 651 01bf 5F5F4C4F 		.ascii	"__LOOP_Container\000"
 651      4F505F43 
 651      6F6E7461 
 651      696E6572 
 651      00
 652              	.LASF15:
 653 01d0 73697A65 		.ascii	"sizetype\000"
 653      74797065 
 653      00
 654              	.LASF6:
 655 01d9 6C6F6E67 		.ascii	"long long int\000"
 655      206C6F6E 
 655      6720696E 
 655      7400
 656              	.LASF14:
 657 01e7 63686172 		.ascii	"char\000"
 657      00
 658              	.LASF28:
 659 01ec 6C6F6F70 		.ascii	"loop_push\000"
 659      5F707573 
 659      6800
 660              	.LASF17:
 661 01f6 5054525F 		.ascii	"PTR_LOOP\000"
 661      4C4F4F50 
 661      00
 662              	.LASF2:
 663 01ff 73686F72 		.ascii	"short int\000"
 663      7420696E 
 663      7400
 664              	.LASF4:
 665 0209 6C6F6E67 		.ascii	"long int\000"
 665      20696E74 
 665      00
 666              	.LASF16:
 667 0212 6C6F6E67 		.ascii	"long double\000"
 667      20646F75 
 667      626C6500 
 668              	.LASF0:
 669 021e 7369676E 		.ascii	"signed char\000"
 669      65642063 
 669      68617200 
 670              	.LASF3:
 671 022a 73686F72 		.ascii	"short unsigned int\000"
ARM GAS  C:\Users\Lenovo\AppData\Local\Temp\cc3UQIZD.s 			page 15


 671      7420756E 
 671      7369676E 
 671      65642069 
 671      6E7400
 672              		.ident	"GCC: (GNU Tools for ARM Embedded Processors) 4.9.3 20150303 (release) [ARM/embedded-4_9-br
