ARM GAS  C:\Users\RECEPC~1\AppData\Local\Temp\ccj2RA6z.s 			page 1


   1              		.syntax unified
   2              		.cpu cortex-m3
   3              		.fpu softvfp
   4              		.eabi_attribute 20, 1
   5              		.eabi_attribute 21, 1
   6              		.eabi_attribute 23, 3
   7              		.eabi_attribute 24, 1
   8              		.eabi_attribute 25, 1
   9              		.eabi_attribute 26, 1
  10              		.eabi_attribute 30, 6
  11              		.eabi_attribute 34, 1
  12              		.eabi_attribute 18, 4
  13              		.thumb
  14              		.file	"RFBLL.c"
  15              		.text
  16              	.Ltext0:
  17              		.cfi_sections	.debug_frame
  18              		.comm	HoseDispenser,1,1
  19              		.section	.text.RFServerRequestHandler,"ax",%progbits
  20              		.align	2
  21              		.global	RFServerRequestHandler
  22              		.thumb
  23              		.thumb_func
  24              		.type	RFServerRequestHandler, %function
  25              	RFServerRequestHandler:
  26              	.LFB0:
  27              		.file 1 ".\\RFBLL.c"
   1:.\RFBLL.c     **** /* ========================================
   2:.\RFBLL.c     ****  *
   3:.\RFBLL.c     ****  * Copyright INSEPET SISTEMAS, 2016
   4:.\RFBLL.c     ****  * All Rights Reserved
   5:.\RFBLL.c     ****  * UNPUBLISHED, LICENSED SOFTWARE.
   6:.\RFBLL.c     ****  *
   7:.\RFBLL.c     ****  * CONFIDENTIAL AND PROPRIETARY INFORMATION
   8:.\RFBLL.c     ****  * WHICH IS THE PROPERTY OF SISTEMAS INSEPET.
   9:.\RFBLL.c     ****  *
  10:.\RFBLL.c     ****  * ========================================
  11:.\RFBLL.c     **** @Created By: HIJH
  12:.\RFBLL.c     **** @Date: Septembre de 2016
  13:.\RFBLL.c     **** */
  14:.\RFBLL.c     **** 
  15:.\RFBLL.c     **** #include "GlobalDefinitions.h"
  16:.\RFBLL.c     **** #include "SinkManager.h"
  17:.\RFBLL.c     **** #include "UARTManager.h"
  18:.\RFBLL.c     **** #include "Dispenser.h"
  19:.\RFBLL.c     **** #include "RFLink.h"
  20:.\RFBLL.c     **** 
  21:.\RFBLL.c     **** //@Created By: HIJH
  22:.\RFBLL.c     **** //@Date: Septembre de 2016
  23:.\RFBLL.c     **** //Receives all requests from the remote peer and dispatches the stream to the appropriate
  24:.\RFBLL.c     **** //RF Request / Response Handler
  25:.\RFBLL.c     **** void RFServerRequestHandler(void *pparam)
  26:.\RFBLL.c     **** {
  28              		.loc 1 26 0
  29              		.cfi_startproc
  30              		@ args = 0, pretend = 0, frame = 16
  31              		@ frame_needed = 1, uses_anonymous_args = 0
ARM GAS  C:\Users\RECEPC~1\AppData\Local\Temp\ccj2RA6z.s 			page 2


  32 0000 80B5     		push	{r7, lr}
  33              		.cfi_def_cfa_offset 8
  34              		.cfi_offset 7, -8
  35              		.cfi_offset 14, -4
  36 0002 84B0     		sub	sp, sp, #16
  37              		.cfi_def_cfa_offset 24
  38 0004 00AF     		add	r7, sp, #0
  39              		.cfi_def_cfa_register 7
  40 0006 7860     		str	r0, [r7, #4]
  27:.\RFBLL.c     ****     PSINKMESSAGEPTR pmsg = (PSINKMESSAGEPTR)pparam;
  41              		.loc 1 27 0
  42 0008 7B68     		ldr	r3, [r7, #4]
  43 000a FB60     		str	r3, [r7, #12]
  28:.\RFBLL.c     ****     PNEAR_REQRESPTR ptreqresiterator =  GetRFRequestResolver(pmsg->_buffer[_RF_STREAM_COMMAND_INDEX
  44              		.loc 1 28 0
  45 000c FB68     		ldr	r3, [r7, #12]
  46 000e 9B7C     		ldrb	r3, [r3, #18]	@ zero_extendqisi2
  47 0010 1846     		mov	r0, r3
  48 0012 FFF7FEFF 		bl	GetRFRequestResolver
  49 0016 B860     		str	r0, [r7, #8]
  29:.\RFBLL.c     ****     if(ptreqresiterator->_prequestresponse && !_g_dispenserlayoutinfo._inconfiguration)
  50              		.loc 1 29 0
  51 0018 BB68     		ldr	r3, [r7, #8]
  52 001a 5B68     		ldr	r3, [r3, #4]
  53 001c 002B     		cmp	r3, #0
  54 001e 19D0     		beq	.L2
  55              		.loc 1 29 0 is_stmt 0 discriminator 1
  56 0020 0F4B     		ldr	r3, .L3
  57 0022 1B78     		ldrb	r3, [r3]
  58 0024 DBB2     		uxtb	r3, r3
  59 0026 83F00103 		eor	r3, r3, #1
  60 002a DBB2     		uxtb	r3, r3
  61 002c 002B     		cmp	r3, #0
  62 002e 11D0     		beq	.L2
  30:.\RFBLL.c     ****     {
  31:.\RFBLL.c     ****         //Here we attempt to resolve the request and dispatch the predefined response
  32:.\RFBLL.c     ****         //In case of any error (asserted as false), the error function pointer will be invoked
  33:.\RFBLL.c     ****         if(!ptreqresiterator->_prequestresponse(pmsg))
  63              		.loc 1 33 0 is_stmt 1
  64 0030 BB68     		ldr	r3, [r7, #8]
  65 0032 5B68     		ldr	r3, [r3, #4]
  66 0034 F868     		ldr	r0, [r7, #12]
  67 0036 9847     		blx	r3
  68 0038 0346     		mov	r3, r0
  69 003a 83F00103 		eor	r3, r3, #1
  70 003e DBB2     		uxtb	r3, r3
  71 0040 002B     		cmp	r3, #0
  72 0042 07D0     		beq	.L2
  34:.\RFBLL.c     ****             if(ptreqresiterator->_perror)
  73              		.loc 1 34 0
  74 0044 BB68     		ldr	r3, [r7, #8]
  75 0046 9B68     		ldr	r3, [r3, #8]
  76 0048 002B     		cmp	r3, #0
  77 004a 03D0     		beq	.L2
  35:.\RFBLL.c     ****                 ptreqresiterator->_perror(pmsg);
  78              		.loc 1 35 0
  79 004c BB68     		ldr	r3, [r7, #8]
ARM GAS  C:\Users\RECEPC~1\AppData\Local\Temp\ccj2RA6z.s 			page 3


  80 004e 9B68     		ldr	r3, [r3, #8]
  81 0050 F868     		ldr	r0, [r7, #12]
  82 0052 9847     		blx	r3
  83              	.L2:
  36:.\RFBLL.c     ****     }
  37:.\RFBLL.c     ****     //Retrigger the autonomous counter on every RF request
  38:.\RFBLL.c     ****     _g_rfautorun._toautonomoustimetoken = 0x0000;
  84              		.loc 1 38 0
  85 0054 034B     		ldr	r3, .L3+4
  86 0056 0022     		movs	r2, #0
  87 0058 5A80     		strh	r2, [r3, #2]	@ movhi
  39:.\RFBLL.c     **** }
  88              		.loc 1 39 0
  89 005a 1037     		adds	r7, r7, #16
  90              		.cfi_def_cfa_offset 8
  91 005c BD46     		mov	sp, r7
  92              		.cfi_def_cfa_register 13
  93              		@ sp needed
  94 005e 80BD     		pop	{r7, pc}
  95              	.L4:
  96              		.align	2
  97              	.L3:
  98 0060 00000000 		.word	_g_dispenserlayoutinfo
  99 0064 00000000 		.word	_g_rfautorun
 100              		.cfi_endproc
 101              	.LFE0:
 102              		.size	RFServerRequestHandler, .-RFServerRequestHandler
 103              		.section	.text.RFErrorHandler,"ax",%progbits
 104              		.align	2
 105              		.global	RFErrorHandler
 106              		.thumb
 107              		.thumb_func
 108              		.type	RFErrorHandler, %function
 109              	RFErrorHandler:
 110              	.LFB1:
  40:.\RFBLL.c     **** 
  41:.\RFBLL.c     **** //@Created By: HIJH
  42:.\RFBLL.c     **** //@Septembre de 2016
  43:.\RFBLL.c     **** void RFErrorHandler(void *pparam)
  44:.\RFBLL.c     **** {
 111              		.loc 1 44 0
 112              		.cfi_startproc
 113              		@ args = 0, pretend = 0, frame = 8
 114              		@ frame_needed = 1, uses_anonymous_args = 0
 115              		@ link register save eliminated.
 116 0000 80B4     		push	{r7}
 117              		.cfi_def_cfa_offset 4
 118              		.cfi_offset 7, -4
 119 0002 83B0     		sub	sp, sp, #12
 120              		.cfi_def_cfa_offset 16
 121 0004 00AF     		add	r7, sp, #0
 122              		.cfi_def_cfa_register 7
 123 0006 7860     		str	r0, [r7, #4]
  45:.\RFBLL.c     **** }
 124              		.loc 1 45 0
 125 0008 0C37     		adds	r7, r7, #12
 126              		.cfi_def_cfa_offset 4
ARM GAS  C:\Users\RECEPC~1\AppData\Local\Temp\ccj2RA6z.s 			page 4


 127 000a BD46     		mov	sp, r7
 128              		.cfi_def_cfa_register 13
 129              		@ sp needed
 130 000c 5DF8047B 		ldr	r7, [sp], #4
 131              		.cfi_restore 7
 132              		.cfi_def_cfa_offset 0
 133 0010 7047     		bx	lr
 134              		.cfi_endproc
 135              	.LFE1:
 136              		.size	RFErrorHandler, .-RFErrorHandler
 137 0012 00BF     		.section	.text.GetRFRequestResolver,"ax",%progbits
 138              		.align	2
 139              		.global	GetRFRequestResolver
 140              		.thumb
 141              		.thumb_func
 142              		.type	GetRFRequestResolver, %function
 143              	GetRFRequestResolver:
 144              	.LFB2:
  46:.\RFBLL.c     **** 
  47:.\RFBLL.c     **** PNEAR_REQRESPTR GetRFRequestResolver(uint8 commandid)
  48:.\RFBLL.c     **** {
 145              		.loc 1 48 0
 146              		.cfi_startproc
 147              		@ args = 0, pretend = 0, frame = 16
 148              		@ frame_needed = 1, uses_anonymous_args = 0
 149              		@ link register save eliminated.
 150 0000 80B4     		push	{r7}
 151              		.cfi_def_cfa_offset 4
 152              		.cfi_offset 7, -4
 153 0002 85B0     		sub	sp, sp, #20
 154              		.cfi_def_cfa_offset 24
 155 0004 00AF     		add	r7, sp, #0
 156              		.cfi_def_cfa_register 7
 157 0006 0346     		mov	r3, r0
 158 0008 FB71     		strb	r3, [r7, #7]
  49:.\RFBLL.c     ****     PNEAR_REQRESPTR retval = PNEAR_NULLPTR;
 159              		.loc 1 49 0
 160 000a 0023     		movs	r3, #0
 161 000c FB60     		str	r3, [r7, #12]
  50:.\RFBLL.c     ****     PNEAR_REQRESPTR ptreqresiterator =  _g_rfresolvers;
 162              		.loc 1 50 0
 163 000e 104B     		ldr	r3, .L12
 164 0010 BB60     		str	r3, [r7, #8]
  51:.\RFBLL.c     ****     while(ptreqresiterator->_requestcode != RF_MUX_NULL && !_g_dispenserlayoutinfo._inconfiguration
 165              		.loc 1 51 0
 166 0012 0AE0     		b	.L7
 167              	.L10:
  52:.\RFBLL.c     ****     {
  53:.\RFBLL.c     ****         if(commandid == ptreqresiterator->_requestcode)
 168              		.loc 1 53 0
 169 0014 BB68     		ldr	r3, [r7, #8]
 170 0016 1B78     		ldrb	r3, [r3]	@ zero_extendqisi2
 171 0018 FA79     		ldrb	r2, [r7, #7]	@ zero_extendqisi2
 172 001a 9A42     		cmp	r2, r3
 173 001c 02D1     		bne	.L8
  54:.\RFBLL.c     ****         {
  55:.\RFBLL.c     ****             retval = ptreqresiterator;
ARM GAS  C:\Users\RECEPC~1\AppData\Local\Temp\ccj2RA6z.s 			page 5


 174              		.loc 1 55 0
 175 001e BB68     		ldr	r3, [r7, #8]
 176 0020 FB60     		str	r3, [r7, #12]
  56:.\RFBLL.c     ****             break;
 177              		.loc 1 56 0
 178 0022 0EE0     		b	.L9
 179              	.L8:
  57:.\RFBLL.c     ****         }
  58:.\RFBLL.c     ****         
  59:.\RFBLL.c     ****         ptreqresiterator++;
 180              		.loc 1 59 0
 181 0024 BB68     		ldr	r3, [r7, #8]
 182 0026 1033     		adds	r3, r3, #16
 183 0028 BB60     		str	r3, [r7, #8]
 184              	.L7:
  51:.\RFBLL.c     ****     {
 185              		.loc 1 51 0
 186 002a BB68     		ldr	r3, [r7, #8]
 187 002c 1B78     		ldrb	r3, [r3]	@ zero_extendqisi2
 188 002e FF2B     		cmp	r3, #255
 189 0030 07D0     		beq	.L9
  51:.\RFBLL.c     ****     {
 190              		.loc 1 51 0 is_stmt 0 discriminator 1
 191 0032 084B     		ldr	r3, .L12+4
 192 0034 1B78     		ldrb	r3, [r3]
 193 0036 DBB2     		uxtb	r3, r3
 194 0038 83F00103 		eor	r3, r3, #1
 195 003c DBB2     		uxtb	r3, r3
 196 003e 002B     		cmp	r3, #0
 197 0040 E8D1     		bne	.L10
 198              	.L9:
  60:.\RFBLL.c     ****     }
  61:.\RFBLL.c     ****     return retval;
 199              		.loc 1 61 0 is_stmt 1
 200 0042 FB68     		ldr	r3, [r7, #12]
  62:.\RFBLL.c     **** }
 201              		.loc 1 62 0
 202 0044 1846     		mov	r0, r3
 203 0046 1437     		adds	r7, r7, #20
 204              		.cfi_def_cfa_offset 4
 205 0048 BD46     		mov	sp, r7
 206              		.cfi_def_cfa_register 13
 207              		@ sp needed
 208 004a 5DF8047B 		ldr	r7, [sp], #4
 209              		.cfi_restore 7
 210              		.cfi_def_cfa_offset 0
 211 004e 7047     		bx	lr
 212              	.L13:
 213              		.align	2
 214              	.L12:
 215 0050 00000000 		.word	_g_rfresolvers
 216 0054 00000000 		.word	_g_dispenserlayoutinfo
 217              		.cfi_endproc
 218              	.LFE2:
 219              		.size	GetRFRequestResolver, .-GetRFRequestResolver
 220              		.text
 221              	.Letext0:
ARM GAS  C:\Users\RECEPC~1\AppData\Local\Temp\ccj2RA6z.s 			page 6


 222              		.file 2 "Generated_Source\\PSoC5/cytypes.h"
 223              		.file 3 ".\\SinkManager.h"
 224              		.file 4 ".\\Advantage.h"
 225              		.file 5 ".\\RFLink.h"
 226              		.file 6 ".\\GlobalDefinitions.h"
 227              		.section	.debug_info,"",%progbits
 228              	.Ldebug_info0:
 229 0000 6D050000 		.4byte	0x56d
 230 0004 0400     		.2byte	0x4
 231 0006 00000000 		.4byte	.Ldebug_abbrev0
 232 000a 04       		.byte	0x4
 233 000b 01       		.uleb128 0x1
 234 000c 4D000000 		.4byte	.LASF113
 235 0010 01       		.byte	0x1
 236 0011 3E010000 		.4byte	.LASF114
 237 0015 06060000 		.4byte	.LASF115
 238 0019 00000000 		.4byte	.Ldebug_ranges0+0
 239 001d 00000000 		.4byte	0
 240 0021 00000000 		.4byte	.Ldebug_line0
 241 0025 02       		.uleb128 0x2
 242 0026 01       		.byte	0x1
 243 0027 06       		.byte	0x6
 244 0028 E2020000 		.4byte	.LASF0
 245 002c 02       		.uleb128 0x2
 246 002d 01       		.byte	0x1
 247 002e 08       		.byte	0x8
 248 002f 82040000 		.4byte	.LASF1
 249 0033 02       		.uleb128 0x2
 250 0034 02       		.byte	0x2
 251 0035 05       		.byte	0x5
 252 0036 0C010000 		.4byte	.LASF2
 253 003a 02       		.uleb128 0x2
 254 003b 02       		.byte	0x2
 255 003c 07       		.byte	0x7
 256 003d 81050000 		.4byte	.LASF3
 257 0041 02       		.uleb128 0x2
 258 0042 04       		.byte	0x4
 259 0043 05       		.byte	0x5
 260 0044 AD050000 		.4byte	.LASF4
 261 0048 02       		.uleb128 0x2
 262 0049 04       		.byte	0x4
 263 004a 07       		.byte	0x7
 264 004b 65070000 		.4byte	.LASF5
 265 004f 02       		.uleb128 0x2
 266 0050 08       		.byte	0x8
 267 0051 05       		.byte	0x5
 268 0052 19030000 		.4byte	.LASF6
 269 0056 02       		.uleb128 0x2
 270 0057 08       		.byte	0x8
 271 0058 07       		.byte	0x7
 272 0059 C5040000 		.4byte	.LASF7
 273 005d 03       		.uleb128 0x3
 274 005e 04       		.byte	0x4
 275 005f 05       		.byte	0x5
 276 0060 696E7400 		.ascii	"int\000"
 277 0064 02       		.uleb128 0x2
 278 0065 04       		.byte	0x4
ARM GAS  C:\Users\RECEPC~1\AppData\Local\Temp\ccj2RA6z.s 			page 7


 279 0066 07       		.byte	0x7
 280 0067 EB040000 		.4byte	.LASF8
 281 006b 04       		.uleb128 0x4
 282 006c 72020000 		.4byte	.LASF9
 283 0070 02       		.byte	0x2
 284 0071 3801     		.2byte	0x138
 285 0073 2C000000 		.4byte	0x2c
 286 0077 04       		.uleb128 0x4
 287 0078 21020000 		.4byte	.LASF10
 288 007c 02       		.byte	0x2
 289 007d 3901     		.2byte	0x139
 290 007f 3A000000 		.4byte	0x3a
 291 0083 02       		.uleb128 0x2
 292 0084 04       		.byte	0x4
 293 0085 04       		.byte	0x4
 294 0086 FE020000 		.4byte	.LASF11
 295 008a 02       		.uleb128 0x2
 296 008b 08       		.byte	0x8
 297 008c 04       		.byte	0x4
 298 008d 94070000 		.4byte	.LASF12
 299 0091 04       		.uleb128 0x4
 300 0092 5A010000 		.4byte	.LASF13
 301 0096 02       		.byte	0x2
 302 0097 4901     		.2byte	0x149
 303 0099 9D000000 		.4byte	0x9d
 304 009d 02       		.uleb128 0x2
 305 009e 01       		.byte	0x1
 306 009f 08       		.byte	0x8
 307 00a0 A8050000 		.4byte	.LASF14
 308 00a4 05       		.uleb128 0x5
 309 00a5 6B000000 		.4byte	0x6b
 310 00a9 05       		.uleb128 0x5
 311 00aa 77000000 		.4byte	0x77
 312 00ae 02       		.uleb128 0x2
 313 00af 04       		.byte	0x4
 314 00b0 07       		.byte	0x7
 315 00b1 35010000 		.4byte	.LASF15
 316 00b5 06       		.uleb128 0x6
 317 00b6 04       		.byte	0x4
 318 00b7 02       		.uleb128 0x2
 319 00b8 08       		.byte	0x8
 320 00b9 04       		.byte	0x4
 321 00ba 68010000 		.4byte	.LASF16
 322 00be 07       		.uleb128 0x7
 323 00bf CC070000 		.4byte	.LASF116
 324 00c3 9801     		.2byte	0x198
 325 00c5 03       		.byte	0x3
 326 00c6 53       		.byte	0x53
 327 00c7 5F010000 		.4byte	0x15f
 328 00cb 08       		.uleb128 0x8
 329 00cc C8020000 		.4byte	.LASF17
 330 00d0 03       		.byte	0x3
 331 00d1 55       		.byte	0x55
 332 00d2 5F010000 		.4byte	0x15f
 333 00d6 00       		.byte	0
 334 00d7 08       		.uleb128 0x8
 335 00d8 07050000 		.4byte	.LASF18
ARM GAS  C:\Users\RECEPC~1\AppData\Local\Temp\ccj2RA6z.s 			page 8


 336 00dc 03       		.byte	0x3
 337 00dd 56       		.byte	0x56
 338 00de A4000000 		.4byte	0xa4
 339 00e2 01       		.byte	0x1
 340 00e3 08       		.uleb128 0x8
 341 00e4 F7080000 		.4byte	.LASF19
 342 00e8 03       		.byte	0x3
 343 00e9 57       		.byte	0x57
 344 00ea A4000000 		.4byte	0xa4
 345 00ee 02       		.byte	0x2
 346 00ef 08       		.uleb128 0x8
 347 00f0 27030000 		.4byte	.LASF20
 348 00f4 03       		.byte	0x3
 349 00f5 58       		.byte	0x58
 350 00f6 A4000000 		.4byte	0xa4
 351 00fa 03       		.byte	0x3
 352 00fb 08       		.uleb128 0x8
 353 00fc 73050000 		.4byte	.LASF21
 354 0100 03       		.byte	0x3
 355 0101 5A       		.byte	0x5a
 356 0102 A9000000 		.4byte	0xa9
 357 0106 04       		.byte	0x4
 358 0107 08       		.uleb128 0x8
 359 0108 28020000 		.4byte	.LASF22
 360 010c 03       		.byte	0x3
 361 010d 5B       		.byte	0x5b
 362 010e A9000000 		.4byte	0xa9
 363 0112 06       		.byte	0x6
 364 0113 08       		.uleb128 0x8
 365 0114 4B070000 		.4byte	.LASF23
 366 0118 03       		.byte	0x3
 367 0119 5C       		.byte	0x5c
 368 011a A9000000 		.4byte	0xa9
 369 011e 08       		.byte	0x8
 370 011f 08       		.uleb128 0x8
 371 0120 95020000 		.4byte	.LASF24
 372 0124 03       		.byte	0x3
 373 0125 5D       		.byte	0x5d
 374 0126 A9000000 		.4byte	0xa9
 375 012a 0A       		.byte	0xa
 376 012b 08       		.uleb128 0x8
 377 012c 47040000 		.4byte	.LASF25
 378 0130 03       		.byte	0x3
 379 0131 5E       		.byte	0x5e
 380 0132 6B010000 		.4byte	0x16b
 381 0136 0C       		.byte	0xc
 382 0137 09       		.uleb128 0x9
 383 0138 4E080000 		.4byte	.LASF26
 384 013c 03       		.byte	0x3
 385 013d 5F       		.byte	0x5f
 386 013e A9000000 		.4byte	0xa9
 387 0142 8C01     		.2byte	0x18c
 388 0144 09       		.uleb128 0x9
 389 0145 CA090000 		.4byte	.LASF27
 390 0149 03       		.byte	0x3
 391 014a 62       		.byte	0x62
 392 014b B5000000 		.4byte	0xb5
ARM GAS  C:\Users\RECEPC~1\AppData\Local\Temp\ccj2RA6z.s 			page 9


 393 014f 9001     		.2byte	0x190
 394 0151 09       		.uleb128 0x9
 395 0152 C1090000 		.4byte	.LASF28
 396 0156 03       		.byte	0x3
 397 0157 63       		.byte	0x63
 398 0158 87010000 		.4byte	0x187
 399 015c 9401     		.2byte	0x194
 400 015e 00       		.byte	0
 401 015f 05       		.uleb128 0x5
 402 0160 64010000 		.4byte	0x164
 403 0164 02       		.uleb128 0x2
 404 0165 01       		.byte	0x1
 405 0166 02       		.byte	0x2
 406 0167 65060000 		.4byte	.LASF29
 407 016b 0A       		.uleb128 0xa
 408 016c 91000000 		.4byte	0x91
 409 0170 7C010000 		.4byte	0x17c
 410 0174 0B       		.uleb128 0xb
 411 0175 AE000000 		.4byte	0xae
 412 0179 7F01     		.2byte	0x17f
 413 017b 00       		.byte	0
 414 017c 0C       		.uleb128 0xc
 415 017d 87010000 		.4byte	0x187
 416 0181 0D       		.uleb128 0xd
 417 0182 B5000000 		.4byte	0xb5
 418 0186 00       		.byte	0
 419 0187 0E       		.uleb128 0xe
 420 0188 04       		.byte	0x4
 421 0189 7C010000 		.4byte	0x17c
 422 018d 0F       		.uleb128 0xf
 423 018e EE020000 		.4byte	.LASF30
 424 0192 03       		.byte	0x3
 425 0193 64       		.byte	0x64
 426 0194 98010000 		.4byte	0x198
 427 0198 0E       		.uleb128 0xe
 428 0199 04       		.byte	0x4
 429 019a BE000000 		.4byte	0xbe
 430 019e 10       		.uleb128 0x10
 431 019f 64010000 		.4byte	0x164
 432 01a3 AD010000 		.4byte	0x1ad
 433 01a7 0D       		.uleb128 0xd
 434 01a8 B5000000 		.4byte	0xb5
 435 01ac 00       		.byte	0
 436 01ad 0E       		.uleb128 0xe
 437 01ae 04       		.byte	0x4
 438 01af 9E010000 		.4byte	0x19e
 439 01b3 11       		.uleb128 0x11
 440 01b4 14       		.byte	0x14
 441 01b5 04       		.byte	0x4
 442 01b6 ED01     		.2byte	0x1ed
 443 01b8 9D020000 		.4byte	0x29d
 444 01bc 12       		.uleb128 0x12
 445 01bd B4040000 		.4byte	.LASF31
 446 01c1 04       		.byte	0x4
 447 01c2 EF01     		.2byte	0x1ef
 448 01c4 5F010000 		.4byte	0x15f
 449 01c8 00       		.byte	0
ARM GAS  C:\Users\RECEPC~1\AppData\Local\Temp\ccj2RA6z.s 			page 10


 450 01c9 12       		.uleb128 0x12
 451 01ca 69080000 		.4byte	.LASF32
 452 01ce 04       		.byte	0x4
 453 01cf F001     		.2byte	0x1f0
 454 01d1 5F010000 		.4byte	0x15f
 455 01d5 01       		.byte	0x1
 456 01d6 12       		.uleb128 0x12
 457 01d7 0F040000 		.4byte	.LASF33
 458 01db 04       		.byte	0x4
 459 01dc F401     		.2byte	0x1f4
 460 01de 6B000000 		.4byte	0x6b
 461 01e2 02       		.byte	0x2
 462 01e3 12       		.uleb128 0x12
 463 01e4 BC070000 		.4byte	.LASF34
 464 01e8 04       		.byte	0x4
 465 01e9 0202     		.2byte	0x202
 466 01eb 6B000000 		.4byte	0x6b
 467 01ef 03       		.byte	0x3
 468 01f0 12       		.uleb128 0x12
 469 01f1 63050000 		.4byte	.LASF35
 470 01f5 04       		.byte	0x4
 471 01f6 0302     		.2byte	0x203
 472 01f8 6B000000 		.4byte	0x6b
 473 01fc 04       		.byte	0x4
 474 01fd 12       		.uleb128 0x12
 475 01fe DB070000 		.4byte	.LASF36
 476 0202 04       		.byte	0x4
 477 0203 0402     		.2byte	0x204
 478 0205 6B000000 		.4byte	0x6b
 479 0209 05       		.byte	0x5
 480 020a 12       		.uleb128 0x12
 481 020b EB070000 		.4byte	.LASF37
 482 020f 04       		.byte	0x4
 483 0210 0502     		.2byte	0x205
 484 0212 6B000000 		.4byte	0x6b
 485 0216 06       		.byte	0x6
 486 0217 12       		.uleb128 0x12
 487 0218 F8040000 		.4byte	.LASF38
 488 021c 04       		.byte	0x4
 489 021d 0702     		.2byte	0x207
 490 021f 6B000000 		.4byte	0x6b
 491 0223 07       		.byte	0x7
 492 0224 12       		.uleb128 0x12
 493 0225 40000000 		.4byte	.LASF39
 494 0229 04       		.byte	0x4
 495 022a 0802     		.2byte	0x208
 496 022c 6B000000 		.4byte	0x6b
 497 0230 08       		.byte	0x8
 498 0231 12       		.uleb128 0x12
 499 0232 35030000 		.4byte	.LASF40
 500 0236 04       		.byte	0x4
 501 0237 0902     		.2byte	0x209
 502 0239 6B000000 		.4byte	0x6b
 503 023d 09       		.byte	0x9
 504 023e 12       		.uleb128 0x12
 505 023f 60040000 		.4byte	.LASF41
 506 0243 04       		.byte	0x4
ARM GAS  C:\Users\RECEPC~1\AppData\Local\Temp\ccj2RA6z.s 			page 11


 507 0244 0B02     		.2byte	0x20b
 508 0246 6B000000 		.4byte	0x6b
 509 024a 0A       		.byte	0xa
 510 024b 12       		.uleb128 0x12
 511 024c 90040000 		.4byte	.LASF42
 512 0250 04       		.byte	0x4
 513 0251 0D02     		.2byte	0x20d
 514 0253 77000000 		.4byte	0x77
 515 0257 0C       		.byte	0xc
 516 0258 12       		.uleb128 0x12
 517 0259 D2020000 		.4byte	.LASF43
 518 025d 04       		.byte	0x4
 519 025e 0E02     		.2byte	0x20e
 520 0260 77000000 		.4byte	0x77
 521 0264 0E       		.byte	0xe
 522 0265 12       		.uleb128 0x12
 523 0266 82060000 		.4byte	.LASF44
 524 026a 04       		.byte	0x4
 525 026b 1002     		.2byte	0x210
 526 026d 6B000000 		.4byte	0x6b
 527 0271 10       		.byte	0x10
 528 0272 12       		.uleb128 0x12
 529 0273 64020000 		.4byte	.LASF45
 530 0277 04       		.byte	0x4
 531 0278 1202     		.2byte	0x212
 532 027a 6B000000 		.4byte	0x6b
 533 027e 11       		.byte	0x11
 534 027f 12       		.uleb128 0x12
 535 0280 CB030000 		.4byte	.LASF46
 536 0284 04       		.byte	0x4
 537 0285 1402     		.2byte	0x214
 538 0287 6B000000 		.4byte	0x6b
 539 028b 12       		.byte	0x12
 540 028c 13       		.uleb128 0x13
 541 028d 6B060000 		.4byte	.LASF117
 542 0291 04       		.byte	0x4
 543 0292 1602     		.2byte	0x216
 544 0294 6B000000 		.4byte	0x6b
 545 0298 01       		.byte	0x1
 546 0299 01       		.byte	0x1
 547 029a 07       		.byte	0x7
 548 029b 13       		.byte	0x13
 549 029c 00       		.byte	0
 550 029d 04       		.uleb128 0x4
 551 029e 94050000 		.4byte	.LASF47
 552 02a2 04       		.byte	0x4
 553 02a3 1702     		.2byte	0x217
 554 02a5 B3010000 		.4byte	0x1b3
 555 02a9 14       		.uleb128 0x14
 556 02aa 01       		.byte	0x1
 557 02ab 05       		.byte	0x5
 558 02ac 26       		.byte	0x26
 559 02ad C3030000 		.4byte	0x3c3
 560 02b1 15       		.uleb128 0x15
 561 02b2 04030000 		.4byte	.LASF48
 562 02b6 A101     		.sleb128 161
 563 02b8 15       		.uleb128 0x15
ARM GAS  C:\Users\RECEPC~1\AppData\Local\Temp\ccj2RA6z.s 			page 12


 564 02b9 6C040000 		.4byte	.LASF49
 565 02bd A101     		.sleb128 161
 566 02bf 15       		.uleb128 0x15
 567 02c0 2C080000 		.4byte	.LASF50
 568 02c4 A201     		.sleb128 162
 569 02c6 15       		.uleb128 0x15
 570 02c7 D4080000 		.4byte	.LASF51
 571 02cb A201     		.sleb128 162
 572 02cd 15       		.uleb128 0x15
 573 02ce 20070000 		.4byte	.LASF52
 574 02d2 A301     		.sleb128 163
 575 02d4 15       		.uleb128 0x15
 576 02d5 38020000 		.4byte	.LASF53
 577 02d9 A301     		.sleb128 163
 578 02db 15       		.uleb128 0x15
 579 02dc 1D040000 		.4byte	.LASF54
 580 02e0 AE01     		.sleb128 174
 581 02e2 15       		.uleb128 0x15
 582 02e3 D5010000 		.4byte	.LASF55
 583 02e7 AE01     		.sleb128 174
 584 02e9 15       		.uleb128 0x15
 585 02ea 45030000 		.4byte	.LASF56
 586 02ee AA01     		.sleb128 170
 587 02f0 15       		.uleb128 0x15
 588 02f1 B3060000 		.4byte	.LASF57
 589 02f5 AA01     		.sleb128 170
 590 02f7 15       		.uleb128 0x15
 591 02f8 1C000000 		.4byte	.LASF58
 592 02fc A401     		.sleb128 164
 593 02fe 15       		.uleb128 0x15
 594 02ff FB060000 		.4byte	.LASF59
 595 0303 A401     		.sleb128 164
 596 0305 15       		.uleb128 0x15
 597 0306 AB090000 		.4byte	.LASF60
 598 030a A501     		.sleb128 165
 599 030c 15       		.uleb128 0x15
 600 030d 64030000 		.4byte	.LASF61
 601 0311 A501     		.sleb128 165
 602 0313 15       		.uleb128 0x15
 603 0314 7B030000 		.4byte	.LASF62
 604 0318 E801     		.sleb128 232
 605 031a 15       		.uleb128 0x15
 606 031b D3060000 		.4byte	.LASF63
 607 031f E801     		.sleb128 232
 608 0321 15       		.uleb128 0x15
 609 0322 A2010000 		.4byte	.LASF64
 610 0326 A601     		.sleb128 166
 611 0328 15       		.uleb128 0x15
 612 0329 43090000 		.4byte	.LASF65
 613 032d A601     		.sleb128 166
 614 032f 15       		.uleb128 0x15
 615 0330 78020000 		.4byte	.LASF66
 616 0334 A701     		.sleb128 167
 617 0336 15       		.uleb128 0x15
 618 0337 95060000 		.4byte	.LASF67
 619 033b A701     		.sleb128 167
 620 033d 15       		.uleb128 0x15
ARM GAS  C:\Users\RECEPC~1\AppData\Local\Temp\ccj2RA6z.s 			page 13


 621 033e 9B070000 		.4byte	.LASF68
 622 0342 A801     		.sleb128 168
 623 0344 15       		.uleb128 0x15
 624 0345 74010000 		.4byte	.LASF69
 625 0349 A801     		.sleb128 168
 626 034b 15       		.uleb128 0x15
 627 034c 16010000 		.4byte	.LASF70
 628 0350 A901     		.sleb128 169
 629 0352 15       		.uleb128 0x15
 630 0353 97080000 		.4byte	.LASF71
 631 0357 A901     		.sleb128 169
 632 0359 15       		.uleb128 0x15
 633 035a FB070000 		.4byte	.LASF72
 634 035e AC01     		.sleb128 172
 635 0360 15       		.uleb128 0x15
 636 0361 C3050000 		.4byte	.LASF73
 637 0365 AC01     		.sleb128 172
 638 0367 15       		.uleb128 0x15
 639 0368 AA020000 		.4byte	.LASF74
 640 036c AD01     		.sleb128 173
 641 036e 15       		.uleb128 0x15
 642 036f E7050000 		.4byte	.LASF75
 643 0373 AD01     		.sleb128 173
 644 0375 15       		.uleb128 0x15
 645 0376 26090000 		.4byte	.LASF76
 646 037a E101     		.sleb128 225
 647 037c 15       		.uleb128 0x15
 648 037d 12050000 		.4byte	.LASF77
 649 0381 E101     		.sleb128 225
 650 0383 15       		.uleb128 0x15
 651 0384 DB000000 		.4byte	.LASF78
 652 0388 E201     		.sleb128 226
 653 038a 15       		.uleb128 0x15
 654 038b 7A080000 		.4byte	.LASF79
 655 038f E201     		.sleb128 226
 656 0391 15       		.uleb128 0x15
 657 0392 DB030000 		.4byte	.LASF80
 658 0396 E301     		.sleb128 227
 659 0398 15       		.uleb128 0x15
 660 0399 D1090000 		.4byte	.LASF81
 661 039d E301     		.sleb128 227
 662 039f 15       		.uleb128 0x15
 663 03a0 00000000 		.4byte	.LASF82
 664 03a4 E401     		.sleb128 228
 665 03a6 15       		.uleb128 0x15
 666 03a7 B7080000 		.4byte	.LASF83
 667 03ab E401     		.sleb128 228
 668 03ad 15       		.uleb128 0x15
 669 03ae FB030000 		.4byte	.LASF84
 670 03b2 E601     		.sleb128 230
 671 03b4 15       		.uleb128 0x15
 672 03b5 7C090000 		.4byte	.LASF85
 673 03b9 E601     		.sleb128 230
 674 03bb 15       		.uleb128 0x15
 675 03bc 96010000 		.4byte	.LASF86
 676 03c0 FF01     		.sleb128 255
 677 03c2 00       		.byte	0
ARM GAS  C:\Users\RECEPC~1\AppData\Local\Temp\ccj2RA6z.s 			page 14


 678 03c3 0F       		.uleb128 0xf
 679 03c4 5A080000 		.4byte	.LASF87
 680 03c8 05       		.byte	0x5
 681 03c9 68       		.byte	0x68
 682 03ca AD010000 		.4byte	0x1ad
 683 03ce 0F       		.uleb128 0xf
 684 03cf 99090000 		.4byte	.LASF88
 685 03d3 05       		.byte	0x5
 686 03d4 69       		.byte	0x69
 687 03d5 87010000 		.4byte	0x187
 688 03d9 16       		.uleb128 0x16
 689 03da 10       		.byte	0x10
 690 03db 05       		.byte	0x5
 691 03dc 6D       		.byte	0x6d
 692 03dd 1E040000 		.4byte	0x41e
 693 03e1 08       		.uleb128 0x8
 694 03e2 6F090000 		.4byte	.LASF89
 695 03e6 05       		.byte	0x5
 696 03e7 6F       		.byte	0x6f
 697 03e8 6B000000 		.4byte	0x6b
 698 03ec 00       		.byte	0
 699 03ed 08       		.uleb128 0x8
 700 03ee 13020000 		.4byte	.LASF90
 701 03f2 05       		.byte	0x5
 702 03f3 70       		.byte	0x70
 703 03f4 6B000000 		.4byte	0x6b
 704 03f8 01       		.byte	0x1
 705 03f9 08       		.uleb128 0x8
 706 03fa 48010000 		.4byte	.LASF91
 707 03fe 05       		.byte	0x5
 708 03ff 72       		.byte	0x72
 709 0400 C3030000 		.4byte	0x3c3
 710 0404 04       		.byte	0x4
 711 0405 08       		.uleb128 0x8
 712 0406 60010000 		.4byte	.LASF92
 713 040a 05       		.byte	0x5
 714 040b 73       		.byte	0x73
 715 040c CE030000 		.4byte	0x3ce
 716 0410 08       		.byte	0x8
 717 0411 08       		.uleb128 0x8
 718 0412 77070000 		.4byte	.LASF93
 719 0416 05       		.byte	0x5
 720 0417 75       		.byte	0x75
 721 0418 6B000000 		.4byte	0x6b
 722 041c 0C       		.byte	0xc
 723 041d 00       		.byte	0
 724 041e 0F       		.uleb128 0xf
 725 041f 30050000 		.4byte	.LASF94
 726 0423 05       		.byte	0x5
 727 0424 77       		.byte	0x77
 728 0425 D9030000 		.4byte	0x3d9
 729 0429 0F       		.uleb128 0xf
 730 042a 16090000 		.4byte	.LASF95
 731 042e 05       		.byte	0x5
 732 042f 77       		.byte	0x77
 733 0430 34040000 		.4byte	0x434
 734 0434 0E       		.uleb128 0xe
ARM GAS  C:\Users\RECEPC~1\AppData\Local\Temp\ccj2RA6z.s 			page 15


 735 0435 04       		.byte	0x4
 736 0436 D9030000 		.4byte	0x3d9
 737 043a 16       		.uleb128 0x16
 738 043b 0A       		.byte	0xa
 739 043c 05       		.byte	0x5
 740 043d B2       		.byte	0xb2
 741 043e 7F040000 		.4byte	0x47f
 742 0442 08       		.uleb128 0x8
 743 0443 0C020000 		.4byte	.LASF96
 744 0447 05       		.byte	0x5
 745 0448 B4       		.byte	0xb4
 746 0449 A4000000 		.4byte	0xa4
 747 044d 00       		.byte	0
 748 044e 08       		.uleb128 0x8
 749 044f 42050000 		.4byte	.LASF97
 750 0453 05       		.byte	0x5
 751 0454 B5       		.byte	0xb5
 752 0455 A9000000 		.4byte	0xa9
 753 0459 02       		.byte	0x2
 754 045a 08       		.uleb128 0x8
 755 045b F7000000 		.4byte	.LASF98
 756 045f 05       		.byte	0x5
 757 0460 B6       		.byte	0xb6
 758 0461 A4000000 		.4byte	0xa4
 759 0465 04       		.byte	0x4
 760 0466 08       		.uleb128 0x8
 761 0467 04090000 		.4byte	.LASF99
 762 046b 05       		.byte	0x5
 763 046c B8       		.byte	0xb8
 764 046d A9000000 		.4byte	0xa9
 765 0471 06       		.byte	0x6
 766 0472 08       		.uleb128 0x8
 767 0473 AF030000 		.4byte	.LASF100
 768 0477 05       		.byte	0x5
 769 0478 B9       		.byte	0xb9
 770 0479 A9000000 		.4byte	0xa9
 771 047d 08       		.byte	0x8
 772 047e 00       		.byte	0
 773 047f 0F       		.uleb128 0xf
 774 0480 F1060000 		.4byte	.LASF101
 775 0484 05       		.byte	0x5
 776 0485 BA       		.byte	0xba
 777 0486 3A040000 		.4byte	0x43a
 778 048a 17       		.uleb128 0x17
 779 048b 98030000 		.4byte	.LASF104
 780 048f 01       		.byte	0x1
 781 0490 19       		.byte	0x19
 782 0491 00000000 		.4byte	.LFB0
 783 0495 68000000 		.4byte	.LFE0-.LFB0
 784 0499 01       		.uleb128 0x1
 785 049a 9C       		.byte	0x9c
 786 049b CA040000 		.4byte	0x4ca
 787 049f 18       		.uleb128 0x18
 788 04a0 8D070000 		.4byte	.LASF106
 789 04a4 01       		.byte	0x1
 790 04a5 19       		.byte	0x19
 791 04a6 B5000000 		.4byte	0xb5
ARM GAS  C:\Users\RECEPC~1\AppData\Local\Temp\ccj2RA6z.s 			page 16


 792 04aa 02       		.uleb128 0x2
 793 04ab 91       		.byte	0x91
 794 04ac 6C       		.sleb128 -20
 795 04ad 19       		.uleb128 0x19
 796 04ae 00020000 		.4byte	.LASF102
 797 04b2 01       		.byte	0x1
 798 04b3 1B       		.byte	0x1b
 799 04b4 8D010000 		.4byte	0x18d
 800 04b8 02       		.uleb128 0x2
 801 04b9 91       		.byte	0x91
 802 04ba 74       		.sleb128 -12
 803 04bb 19       		.uleb128 0x19
 804 04bc 4F040000 		.4byte	.LASF103
 805 04c0 01       		.byte	0x1
 806 04c1 1C       		.byte	0x1c
 807 04c2 29040000 		.4byte	0x429
 808 04c6 02       		.uleb128 0x2
 809 04c7 91       		.byte	0x91
 810 04c8 70       		.sleb128 -16
 811 04c9 00       		.byte	0
 812 04ca 1A       		.uleb128 0x1a
 813 04cb 60090000 		.4byte	.LASF105
 814 04cf 01       		.byte	0x1
 815 04d0 2B       		.byte	0x2b
 816 04d1 00000000 		.4byte	.LFB1
 817 04d5 12000000 		.4byte	.LFE1-.LFB1
 818 04d9 01       		.uleb128 0x1
 819 04da 9C       		.byte	0x9c
 820 04db EE040000 		.4byte	0x4ee
 821 04df 18       		.uleb128 0x18
 822 04e0 8D070000 		.4byte	.LASF106
 823 04e4 01       		.byte	0x1
 824 04e5 2B       		.byte	0x2b
 825 04e6 B5000000 		.4byte	0xb5
 826 04ea 02       		.uleb128 0x2
 827 04eb 91       		.byte	0x91
 828 04ec 74       		.sleb128 -12
 829 04ed 00       		.byte	0
 830 04ee 1B       		.uleb128 0x1b
 831 04ef 9F040000 		.4byte	.LASF118
 832 04f3 01       		.byte	0x1
 833 04f4 2F       		.byte	0x2f
 834 04f5 29040000 		.4byte	0x429
 835 04f9 00000000 		.4byte	.LFB2
 836 04fd 58000000 		.4byte	.LFE2-.LFB2
 837 0501 01       		.uleb128 0x1
 838 0502 9C       		.byte	0x9c
 839 0503 32050000 		.4byte	0x532
 840 0507 18       		.uleb128 0x18
 841 0508 59050000 		.4byte	.LASF107
 842 050c 01       		.byte	0x1
 843 050d 2F       		.byte	0x2f
 844 050e 6B000000 		.4byte	0x6b
 845 0512 02       		.uleb128 0x2
 846 0513 91       		.byte	0x91
 847 0514 6F       		.sleb128 -17
 848 0515 19       		.uleb128 0x19
ARM GAS  C:\Users\RECEPC~1\AppData\Local\Temp\ccj2RA6z.s 			page 17


 849 0516 05020000 		.4byte	.LASF108
 850 051a 01       		.byte	0x1
 851 051b 31       		.byte	0x31
 852 051c 29040000 		.4byte	0x429
 853 0520 02       		.uleb128 0x2
 854 0521 91       		.byte	0x91
 855 0522 74       		.sleb128 -12
 856 0523 19       		.uleb128 0x19
 857 0524 4F040000 		.4byte	.LASF103
 858 0528 01       		.byte	0x1
 859 0529 32       		.byte	0x32
 860 052a 29040000 		.4byte	0x429
 861 052e 02       		.uleb128 0x2
 862 052f 91       		.byte	0x91
 863 0530 70       		.sleb128 -16
 864 0531 00       		.byte	0
 865 0532 1C       		.uleb128 0x1c
 866 0533 1E080000 		.4byte	.LASF109
 867 0537 06       		.byte	0x6
 868 0538 52       		.byte	0x52
 869 0539 6B000000 		.4byte	0x6b
 870 053d 05       		.uleb128 0x5
 871 053e 03       		.byte	0x3
 872 053f 00000000 		.4byte	HoseDispenser
 873 0543 1D       		.uleb128 0x1d
 874 0544 BE010000 		.4byte	.LASF110
 875 0548 04       		.byte	0x4
 876 0549 5302     		.2byte	0x253
 877 054b 9D020000 		.4byte	0x29d
 878 054f 0A       		.uleb128 0xa
 879 0550 1E040000 		.4byte	0x41e
 880 0554 5A050000 		.4byte	0x55a
 881 0558 1E       		.uleb128 0x1e
 882 0559 00       		.byte	0
 883 055a 1F       		.uleb128 0x1f
 884 055b DC040000 		.4byte	.LASF111
 885 055f 05       		.byte	0x5
 886 0560 C1       		.byte	0xc1
 887 0561 4F050000 		.4byte	0x54f
 888 0565 1F       		.uleb128 0x1f
 889 0566 B6050000 		.4byte	.LASF112
 890 056a 05       		.byte	0x5
 891 056b C3       		.byte	0xc3
 892 056c 7F040000 		.4byte	0x47f
 893 0570 00       		.byte	0
 894              		.section	.debug_abbrev,"",%progbits
 895              	.Ldebug_abbrev0:
 896 0000 01       		.uleb128 0x1
 897 0001 11       		.uleb128 0x11
 898 0002 01       		.byte	0x1
 899 0003 25       		.uleb128 0x25
 900 0004 0E       		.uleb128 0xe
 901 0005 13       		.uleb128 0x13
 902 0006 0B       		.uleb128 0xb
 903 0007 03       		.uleb128 0x3
 904 0008 0E       		.uleb128 0xe
 905 0009 1B       		.uleb128 0x1b
ARM GAS  C:\Users\RECEPC~1\AppData\Local\Temp\ccj2RA6z.s 			page 18


 906 000a 0E       		.uleb128 0xe
 907 000b 55       		.uleb128 0x55
 908 000c 17       		.uleb128 0x17
 909 000d 11       		.uleb128 0x11
 910 000e 01       		.uleb128 0x1
 911 000f 10       		.uleb128 0x10
 912 0010 17       		.uleb128 0x17
 913 0011 00       		.byte	0
 914 0012 00       		.byte	0
 915 0013 02       		.uleb128 0x2
 916 0014 24       		.uleb128 0x24
 917 0015 00       		.byte	0
 918 0016 0B       		.uleb128 0xb
 919 0017 0B       		.uleb128 0xb
 920 0018 3E       		.uleb128 0x3e
 921 0019 0B       		.uleb128 0xb
 922 001a 03       		.uleb128 0x3
 923 001b 0E       		.uleb128 0xe
 924 001c 00       		.byte	0
 925 001d 00       		.byte	0
 926 001e 03       		.uleb128 0x3
 927 001f 24       		.uleb128 0x24
 928 0020 00       		.byte	0
 929 0021 0B       		.uleb128 0xb
 930 0022 0B       		.uleb128 0xb
 931 0023 3E       		.uleb128 0x3e
 932 0024 0B       		.uleb128 0xb
 933 0025 03       		.uleb128 0x3
 934 0026 08       		.uleb128 0x8
 935 0027 00       		.byte	0
 936 0028 00       		.byte	0
 937 0029 04       		.uleb128 0x4
 938 002a 16       		.uleb128 0x16
 939 002b 00       		.byte	0
 940 002c 03       		.uleb128 0x3
 941 002d 0E       		.uleb128 0xe
 942 002e 3A       		.uleb128 0x3a
 943 002f 0B       		.uleb128 0xb
 944 0030 3B       		.uleb128 0x3b
 945 0031 05       		.uleb128 0x5
 946 0032 49       		.uleb128 0x49
 947 0033 13       		.uleb128 0x13
 948 0034 00       		.byte	0
 949 0035 00       		.byte	0
 950 0036 05       		.uleb128 0x5
 951 0037 35       		.uleb128 0x35
 952 0038 00       		.byte	0
 953 0039 49       		.uleb128 0x49
 954 003a 13       		.uleb128 0x13
 955 003b 00       		.byte	0
 956 003c 00       		.byte	0
 957 003d 06       		.uleb128 0x6
 958 003e 0F       		.uleb128 0xf
 959 003f 00       		.byte	0
 960 0040 0B       		.uleb128 0xb
 961 0041 0B       		.uleb128 0xb
 962 0042 00       		.byte	0
ARM GAS  C:\Users\RECEPC~1\AppData\Local\Temp\ccj2RA6z.s 			page 19


 963 0043 00       		.byte	0
 964 0044 07       		.uleb128 0x7
 965 0045 13       		.uleb128 0x13
 966 0046 01       		.byte	0x1
 967 0047 03       		.uleb128 0x3
 968 0048 0E       		.uleb128 0xe
 969 0049 0B       		.uleb128 0xb
 970 004a 05       		.uleb128 0x5
 971 004b 3A       		.uleb128 0x3a
 972 004c 0B       		.uleb128 0xb
 973 004d 3B       		.uleb128 0x3b
 974 004e 0B       		.uleb128 0xb
 975 004f 01       		.uleb128 0x1
 976 0050 13       		.uleb128 0x13
 977 0051 00       		.byte	0
 978 0052 00       		.byte	0
 979 0053 08       		.uleb128 0x8
 980 0054 0D       		.uleb128 0xd
 981 0055 00       		.byte	0
 982 0056 03       		.uleb128 0x3
 983 0057 0E       		.uleb128 0xe
 984 0058 3A       		.uleb128 0x3a
 985 0059 0B       		.uleb128 0xb
 986 005a 3B       		.uleb128 0x3b
 987 005b 0B       		.uleb128 0xb
 988 005c 49       		.uleb128 0x49
 989 005d 13       		.uleb128 0x13
 990 005e 38       		.uleb128 0x38
 991 005f 0B       		.uleb128 0xb
 992 0060 00       		.byte	0
 993 0061 00       		.byte	0
 994 0062 09       		.uleb128 0x9
 995 0063 0D       		.uleb128 0xd
 996 0064 00       		.byte	0
 997 0065 03       		.uleb128 0x3
 998 0066 0E       		.uleb128 0xe
 999 0067 3A       		.uleb128 0x3a
 1000 0068 0B       		.uleb128 0xb
 1001 0069 3B       		.uleb128 0x3b
 1002 006a 0B       		.uleb128 0xb
 1003 006b 49       		.uleb128 0x49
 1004 006c 13       		.uleb128 0x13
 1005 006d 38       		.uleb128 0x38
 1006 006e 05       		.uleb128 0x5
 1007 006f 00       		.byte	0
 1008 0070 00       		.byte	0
 1009 0071 0A       		.uleb128 0xa
 1010 0072 01       		.uleb128 0x1
 1011 0073 01       		.byte	0x1
 1012 0074 49       		.uleb128 0x49
 1013 0075 13       		.uleb128 0x13
 1014 0076 01       		.uleb128 0x1
 1015 0077 13       		.uleb128 0x13
 1016 0078 00       		.byte	0
 1017 0079 00       		.byte	0
 1018 007a 0B       		.uleb128 0xb
 1019 007b 21       		.uleb128 0x21
ARM GAS  C:\Users\RECEPC~1\AppData\Local\Temp\ccj2RA6z.s 			page 20


 1020 007c 00       		.byte	0
 1021 007d 49       		.uleb128 0x49
 1022 007e 13       		.uleb128 0x13
 1023 007f 2F       		.uleb128 0x2f
 1024 0080 05       		.uleb128 0x5
 1025 0081 00       		.byte	0
 1026 0082 00       		.byte	0
 1027 0083 0C       		.uleb128 0xc
 1028 0084 15       		.uleb128 0x15
 1029 0085 01       		.byte	0x1
 1030 0086 27       		.uleb128 0x27
 1031 0087 19       		.uleb128 0x19
 1032 0088 01       		.uleb128 0x1
 1033 0089 13       		.uleb128 0x13
 1034 008a 00       		.byte	0
 1035 008b 00       		.byte	0
 1036 008c 0D       		.uleb128 0xd
 1037 008d 05       		.uleb128 0x5
 1038 008e 00       		.byte	0
 1039 008f 49       		.uleb128 0x49
 1040 0090 13       		.uleb128 0x13
 1041 0091 00       		.byte	0
 1042 0092 00       		.byte	0
 1043 0093 0E       		.uleb128 0xe
 1044 0094 0F       		.uleb128 0xf
 1045 0095 00       		.byte	0
 1046 0096 0B       		.uleb128 0xb
 1047 0097 0B       		.uleb128 0xb
 1048 0098 49       		.uleb128 0x49
 1049 0099 13       		.uleb128 0x13
 1050 009a 00       		.byte	0
 1051 009b 00       		.byte	0
 1052 009c 0F       		.uleb128 0xf
 1053 009d 16       		.uleb128 0x16
 1054 009e 00       		.byte	0
 1055 009f 03       		.uleb128 0x3
 1056 00a0 0E       		.uleb128 0xe
 1057 00a1 3A       		.uleb128 0x3a
 1058 00a2 0B       		.uleb128 0xb
 1059 00a3 3B       		.uleb128 0x3b
 1060 00a4 0B       		.uleb128 0xb
 1061 00a5 49       		.uleb128 0x49
 1062 00a6 13       		.uleb128 0x13
 1063 00a7 00       		.byte	0
 1064 00a8 00       		.byte	0
 1065 00a9 10       		.uleb128 0x10
 1066 00aa 15       		.uleb128 0x15
 1067 00ab 01       		.byte	0x1
 1068 00ac 27       		.uleb128 0x27
 1069 00ad 19       		.uleb128 0x19
 1070 00ae 49       		.uleb128 0x49
 1071 00af 13       		.uleb128 0x13
 1072 00b0 01       		.uleb128 0x1
 1073 00b1 13       		.uleb128 0x13
 1074 00b2 00       		.byte	0
 1075 00b3 00       		.byte	0
 1076 00b4 11       		.uleb128 0x11
ARM GAS  C:\Users\RECEPC~1\AppData\Local\Temp\ccj2RA6z.s 			page 21


 1077 00b5 13       		.uleb128 0x13
 1078 00b6 01       		.byte	0x1
 1079 00b7 0B       		.uleb128 0xb
 1080 00b8 0B       		.uleb128 0xb
 1081 00b9 3A       		.uleb128 0x3a
 1082 00ba 0B       		.uleb128 0xb
 1083 00bb 3B       		.uleb128 0x3b
 1084 00bc 05       		.uleb128 0x5
 1085 00bd 01       		.uleb128 0x1
 1086 00be 13       		.uleb128 0x13
 1087 00bf 00       		.byte	0
 1088 00c0 00       		.byte	0
 1089 00c1 12       		.uleb128 0x12
 1090 00c2 0D       		.uleb128 0xd
 1091 00c3 00       		.byte	0
 1092 00c4 03       		.uleb128 0x3
 1093 00c5 0E       		.uleb128 0xe
 1094 00c6 3A       		.uleb128 0x3a
 1095 00c7 0B       		.uleb128 0xb
 1096 00c8 3B       		.uleb128 0x3b
 1097 00c9 05       		.uleb128 0x5
 1098 00ca 49       		.uleb128 0x49
 1099 00cb 13       		.uleb128 0x13
 1100 00cc 38       		.uleb128 0x38
 1101 00cd 0B       		.uleb128 0xb
 1102 00ce 00       		.byte	0
 1103 00cf 00       		.byte	0
 1104 00d0 13       		.uleb128 0x13
 1105 00d1 0D       		.uleb128 0xd
 1106 00d2 00       		.byte	0
 1107 00d3 03       		.uleb128 0x3
 1108 00d4 0E       		.uleb128 0xe
 1109 00d5 3A       		.uleb128 0x3a
 1110 00d6 0B       		.uleb128 0xb
 1111 00d7 3B       		.uleb128 0x3b
 1112 00d8 05       		.uleb128 0x5
 1113 00d9 49       		.uleb128 0x49
 1114 00da 13       		.uleb128 0x13
 1115 00db 0B       		.uleb128 0xb
 1116 00dc 0B       		.uleb128 0xb
 1117 00dd 0D       		.uleb128 0xd
 1118 00de 0B       		.uleb128 0xb
 1119 00df 0C       		.uleb128 0xc
 1120 00e0 0B       		.uleb128 0xb
 1121 00e1 38       		.uleb128 0x38
 1122 00e2 0B       		.uleb128 0xb
 1123 00e3 00       		.byte	0
 1124 00e4 00       		.byte	0
 1125 00e5 14       		.uleb128 0x14
 1126 00e6 04       		.uleb128 0x4
 1127 00e7 01       		.byte	0x1
 1128 00e8 0B       		.uleb128 0xb
 1129 00e9 0B       		.uleb128 0xb
 1130 00ea 3A       		.uleb128 0x3a
 1131 00eb 0B       		.uleb128 0xb
 1132 00ec 3B       		.uleb128 0x3b
 1133 00ed 0B       		.uleb128 0xb
ARM GAS  C:\Users\RECEPC~1\AppData\Local\Temp\ccj2RA6z.s 			page 22


 1134 00ee 01       		.uleb128 0x1
 1135 00ef 13       		.uleb128 0x13
 1136 00f0 00       		.byte	0
 1137 00f1 00       		.byte	0
 1138 00f2 15       		.uleb128 0x15
 1139 00f3 28       		.uleb128 0x28
 1140 00f4 00       		.byte	0
 1141 00f5 03       		.uleb128 0x3
 1142 00f6 0E       		.uleb128 0xe
 1143 00f7 1C       		.uleb128 0x1c
 1144 00f8 0D       		.uleb128 0xd
 1145 00f9 00       		.byte	0
 1146 00fa 00       		.byte	0
 1147 00fb 16       		.uleb128 0x16
 1148 00fc 13       		.uleb128 0x13
 1149 00fd 01       		.byte	0x1
 1150 00fe 0B       		.uleb128 0xb
 1151 00ff 0B       		.uleb128 0xb
 1152 0100 3A       		.uleb128 0x3a
 1153 0101 0B       		.uleb128 0xb
 1154 0102 3B       		.uleb128 0x3b
 1155 0103 0B       		.uleb128 0xb
 1156 0104 01       		.uleb128 0x1
 1157 0105 13       		.uleb128 0x13
 1158 0106 00       		.byte	0
 1159 0107 00       		.byte	0
 1160 0108 17       		.uleb128 0x17
 1161 0109 2E       		.uleb128 0x2e
 1162 010a 01       		.byte	0x1
 1163 010b 3F       		.uleb128 0x3f
 1164 010c 19       		.uleb128 0x19
 1165 010d 03       		.uleb128 0x3
 1166 010e 0E       		.uleb128 0xe
 1167 010f 3A       		.uleb128 0x3a
 1168 0110 0B       		.uleb128 0xb
 1169 0111 3B       		.uleb128 0x3b
 1170 0112 0B       		.uleb128 0xb
 1171 0113 27       		.uleb128 0x27
 1172 0114 19       		.uleb128 0x19
 1173 0115 11       		.uleb128 0x11
 1174 0116 01       		.uleb128 0x1
 1175 0117 12       		.uleb128 0x12
 1176 0118 06       		.uleb128 0x6
 1177 0119 40       		.uleb128 0x40
 1178 011a 18       		.uleb128 0x18
 1179 011b 9642     		.uleb128 0x2116
 1180 011d 19       		.uleb128 0x19
 1181 011e 01       		.uleb128 0x1
 1182 011f 13       		.uleb128 0x13
 1183 0120 00       		.byte	0
 1184 0121 00       		.byte	0
 1185 0122 18       		.uleb128 0x18
 1186 0123 05       		.uleb128 0x5
 1187 0124 00       		.byte	0
 1188 0125 03       		.uleb128 0x3
 1189 0126 0E       		.uleb128 0xe
 1190 0127 3A       		.uleb128 0x3a
ARM GAS  C:\Users\RECEPC~1\AppData\Local\Temp\ccj2RA6z.s 			page 23


 1191 0128 0B       		.uleb128 0xb
 1192 0129 3B       		.uleb128 0x3b
 1193 012a 0B       		.uleb128 0xb
 1194 012b 49       		.uleb128 0x49
 1195 012c 13       		.uleb128 0x13
 1196 012d 02       		.uleb128 0x2
 1197 012e 18       		.uleb128 0x18
 1198 012f 00       		.byte	0
 1199 0130 00       		.byte	0
 1200 0131 19       		.uleb128 0x19
 1201 0132 34       		.uleb128 0x34
 1202 0133 00       		.byte	0
 1203 0134 03       		.uleb128 0x3
 1204 0135 0E       		.uleb128 0xe
 1205 0136 3A       		.uleb128 0x3a
 1206 0137 0B       		.uleb128 0xb
 1207 0138 3B       		.uleb128 0x3b
 1208 0139 0B       		.uleb128 0xb
 1209 013a 49       		.uleb128 0x49
 1210 013b 13       		.uleb128 0x13
 1211 013c 02       		.uleb128 0x2
 1212 013d 18       		.uleb128 0x18
 1213 013e 00       		.byte	0
 1214 013f 00       		.byte	0
 1215 0140 1A       		.uleb128 0x1a
 1216 0141 2E       		.uleb128 0x2e
 1217 0142 01       		.byte	0x1
 1218 0143 3F       		.uleb128 0x3f
 1219 0144 19       		.uleb128 0x19
 1220 0145 03       		.uleb128 0x3
 1221 0146 0E       		.uleb128 0xe
 1222 0147 3A       		.uleb128 0x3a
 1223 0148 0B       		.uleb128 0xb
 1224 0149 3B       		.uleb128 0x3b
 1225 014a 0B       		.uleb128 0xb
 1226 014b 27       		.uleb128 0x27
 1227 014c 19       		.uleb128 0x19
 1228 014d 11       		.uleb128 0x11
 1229 014e 01       		.uleb128 0x1
 1230 014f 12       		.uleb128 0x12
 1231 0150 06       		.uleb128 0x6
 1232 0151 40       		.uleb128 0x40
 1233 0152 18       		.uleb128 0x18
 1234 0153 9742     		.uleb128 0x2117
 1235 0155 19       		.uleb128 0x19
 1236 0156 01       		.uleb128 0x1
 1237 0157 13       		.uleb128 0x13
 1238 0158 00       		.byte	0
 1239 0159 00       		.byte	0
 1240 015a 1B       		.uleb128 0x1b
 1241 015b 2E       		.uleb128 0x2e
 1242 015c 01       		.byte	0x1
 1243 015d 3F       		.uleb128 0x3f
 1244 015e 19       		.uleb128 0x19
 1245 015f 03       		.uleb128 0x3
 1246 0160 0E       		.uleb128 0xe
 1247 0161 3A       		.uleb128 0x3a
ARM GAS  C:\Users\RECEPC~1\AppData\Local\Temp\ccj2RA6z.s 			page 24


 1248 0162 0B       		.uleb128 0xb
 1249 0163 3B       		.uleb128 0x3b
 1250 0164 0B       		.uleb128 0xb
 1251 0165 27       		.uleb128 0x27
 1252 0166 19       		.uleb128 0x19
 1253 0167 49       		.uleb128 0x49
 1254 0168 13       		.uleb128 0x13
 1255 0169 11       		.uleb128 0x11
 1256 016a 01       		.uleb128 0x1
 1257 016b 12       		.uleb128 0x12
 1258 016c 06       		.uleb128 0x6
 1259 016d 40       		.uleb128 0x40
 1260 016e 18       		.uleb128 0x18
 1261 016f 9742     		.uleb128 0x2117
 1262 0171 19       		.uleb128 0x19
 1263 0172 01       		.uleb128 0x1
 1264 0173 13       		.uleb128 0x13
 1265 0174 00       		.byte	0
 1266 0175 00       		.byte	0
 1267 0176 1C       		.uleb128 0x1c
 1268 0177 34       		.uleb128 0x34
 1269 0178 00       		.byte	0
 1270 0179 03       		.uleb128 0x3
 1271 017a 0E       		.uleb128 0xe
 1272 017b 3A       		.uleb128 0x3a
 1273 017c 0B       		.uleb128 0xb
 1274 017d 3B       		.uleb128 0x3b
 1275 017e 0B       		.uleb128 0xb
 1276 017f 49       		.uleb128 0x49
 1277 0180 13       		.uleb128 0x13
 1278 0181 3F       		.uleb128 0x3f
 1279 0182 19       		.uleb128 0x19
 1280 0183 02       		.uleb128 0x2
 1281 0184 18       		.uleb128 0x18
 1282 0185 00       		.byte	0
 1283 0186 00       		.byte	0
 1284 0187 1D       		.uleb128 0x1d
 1285 0188 34       		.uleb128 0x34
 1286 0189 00       		.byte	0
 1287 018a 03       		.uleb128 0x3
 1288 018b 0E       		.uleb128 0xe
 1289 018c 3A       		.uleb128 0x3a
 1290 018d 0B       		.uleb128 0xb
 1291 018e 3B       		.uleb128 0x3b
 1292 018f 05       		.uleb128 0x5
 1293 0190 49       		.uleb128 0x49
 1294 0191 13       		.uleb128 0x13
 1295 0192 3F       		.uleb128 0x3f
 1296 0193 19       		.uleb128 0x19
 1297 0194 3C       		.uleb128 0x3c
 1298 0195 19       		.uleb128 0x19
 1299 0196 00       		.byte	0
 1300 0197 00       		.byte	0
 1301 0198 1E       		.uleb128 0x1e
 1302 0199 21       		.uleb128 0x21
 1303 019a 00       		.byte	0
 1304 019b 00       		.byte	0
ARM GAS  C:\Users\RECEPC~1\AppData\Local\Temp\ccj2RA6z.s 			page 25


 1305 019c 00       		.byte	0
 1306 019d 1F       		.uleb128 0x1f
 1307 019e 34       		.uleb128 0x34
 1308 019f 00       		.byte	0
 1309 01a0 03       		.uleb128 0x3
 1310 01a1 0E       		.uleb128 0xe
 1311 01a2 3A       		.uleb128 0x3a
 1312 01a3 0B       		.uleb128 0xb
 1313 01a4 3B       		.uleb128 0x3b
 1314 01a5 0B       		.uleb128 0xb
 1315 01a6 49       		.uleb128 0x49
 1316 01a7 13       		.uleb128 0x13
 1317 01a8 3F       		.uleb128 0x3f
 1318 01a9 19       		.uleb128 0x19
 1319 01aa 3C       		.uleb128 0x3c
 1320 01ab 19       		.uleb128 0x19
 1321 01ac 00       		.byte	0
 1322 01ad 00       		.byte	0
 1323 01ae 00       		.byte	0
 1324              		.section	.debug_aranges,"",%progbits
 1325 0000 2C000000 		.4byte	0x2c
 1326 0004 0200     		.2byte	0x2
 1327 0006 00000000 		.4byte	.Ldebug_info0
 1328 000a 04       		.byte	0x4
 1329 000b 00       		.byte	0
 1330 000c 0000     		.2byte	0
 1331 000e 0000     		.2byte	0
 1332 0010 00000000 		.4byte	.LFB0
 1333 0014 68000000 		.4byte	.LFE0-.LFB0
 1334 0018 00000000 		.4byte	.LFB1
 1335 001c 12000000 		.4byte	.LFE1-.LFB1
 1336 0020 00000000 		.4byte	.LFB2
 1337 0024 58000000 		.4byte	.LFE2-.LFB2
 1338 0028 00000000 		.4byte	0
 1339 002c 00000000 		.4byte	0
 1340              		.section	.debug_ranges,"",%progbits
 1341              	.Ldebug_ranges0:
 1342 0000 00000000 		.4byte	.LFB0
 1343 0004 68000000 		.4byte	.LFE0
 1344 0008 00000000 		.4byte	.LFB1
 1345 000c 12000000 		.4byte	.LFE1
 1346 0010 00000000 		.4byte	.LFB2
 1347 0014 58000000 		.4byte	.LFE2
 1348 0018 00000000 		.4byte	0
 1349 001c 00000000 		.4byte	0
 1350              		.section	.debug_line,"",%progbits
 1351              	.Ldebug_line0:
 1352 0000 E7000000 		.section	.debug_str,"MS",%progbits,1
 1352      02008F00 
 1352      00000201 
 1352      FB0E0D00 
 1352      01010101 
 1353              	.LASF82:
 1354 0000 52465F4D 		.ascii	"RF_MUX_ISLAND_ADMIN_REQUEST\000"
 1354      55585F49 
 1354      534C414E 
 1354      445F4144 
ARM GAS  C:\Users\RECEPC~1\AppData\Local\Temp\ccj2RA6z.s 			page 26


 1354      4D494E5F 
 1355              	.LASF58:
 1356 001c 52465F4D 		.ascii	"RF_MUX_CASH_SALE_END_REPORT_REQUEST\000"
 1356      55585F43 
 1356      4153485F 
 1356      53414C45 
 1356      5F454E44 
 1357              	.LASF39:
 1358 0040 5F707075 		.ascii	"_ppudecimals\000"
 1358      64656369 
 1358      6D616C73 
 1358      00
 1359              	.LASF113:
 1360 004d 474E5520 		.ascii	"GNU C 4.9.3 20150303 (release) [ARM/embedded-4_9-br"
 1360      4320342E 
 1360      392E3320 
 1360      32303135 
 1360      30333033 
 1361 0080 616E6368 		.ascii	"anch revision 221220] -mcpu=cortex-m3 -mthumb -g -O"
 1361      20726576 
 1361      6973696F 
 1361      6E203232 
 1361      31323230 
 1362 00b3 30202D66 		.ascii	"0 -ffunction-sections -ffat-lto-objects\000"
 1362      66756E63 
 1362      74696F6E 
 1362      2D736563 
 1362      74696F6E 
 1363              	.LASF78:
 1364 00db 52465F4D 		.ascii	"RF_MUX_POSITION_CFG_REQUEST\000"
 1364      55585F50 
 1364      4F534954 
 1364      494F4E5F 
 1364      4346475F 
 1365              	.LASF98:
 1366 00f7 5F74696D 		.ascii	"_timeouttoautonomous\000"
 1366      656F7574 
 1366      746F6175 
 1366      746F6E6F 
 1366      6D6F7573 
 1367              	.LASF2:
 1368 010c 73686F72 		.ascii	"short int\000"
 1368      7420696E 
 1368      7400
 1369              	.LASF70:
 1370 0116 52465F4D 		.ascii	"RF_MUX_CASH_SALE_PRINT_REQUEST\000"
 1370      55585F43 
 1370      4153485F 
 1370      53414C45 
 1370      5F505249 
 1371              	.LASF15:
 1372 0135 73697A65 		.ascii	"sizetype\000"
 1372      74797065 
 1372      00
 1373              	.LASF114:
 1374 013e 2E5C5246 		.ascii	".\\RFBLL.c\000"
 1374      424C4C2E 
ARM GAS  C:\Users\RECEPC~1\AppData\Local\Temp\ccj2RA6z.s 			page 27


 1374      6300
 1375              	.LASF91:
 1376 0148 5F707265 		.ascii	"_prequestresponse\000"
 1376      71756573 
 1376      74726573 
 1376      706F6E73 
 1376      6500
 1377              	.LASF13:
 1378 015a 63686172 		.ascii	"char8\000"
 1378      3800
 1379              	.LASF92:
 1380 0160 5F706572 		.ascii	"_perror\000"
 1380      726F7200 
 1381              	.LASF16:
 1382 0168 6C6F6E67 		.ascii	"long double\000"
 1382      20646F75 
 1382      626C6500 
 1383              	.LASF69:
 1384 0174 52465F4D 		.ascii	"RF_MUX_CREDIT_SALE_PRINT_RESPONSE\000"
 1384      55585F43 
 1384      52454449 
 1384      545F5341 
 1384      4C455F50 
 1385              	.LASF86:
 1386 0196 52465F4D 		.ascii	"RF_MUX_NULL\000"
 1386      55585F4E 
 1386      554C4C00 
 1387              	.LASF64:
 1388 01a2 52465F4D 		.ascii	"RF_MUX_PRICE_CHANGE_REQUEST\000"
 1388      55585F50 
 1388      52494345 
 1388      5F434841 
 1388      4E47455F 
 1389              	.LASF110:
 1390 01be 5F675F64 		.ascii	"_g_dispenserlayoutinfo\000"
 1390      69737065 
 1390      6E736572 
 1390      6C61796F 
 1390      7574696E 
 1391              	.LASF55:
 1392 01d5 52465F4D 		.ascii	"RF_MUX_CREDIT_PRESET_NOTIFICATION_RESPONSE\000"
 1392      55585F43 
 1392      52454449 
 1392      545F5052 
 1392      45534554 
 1393              	.LASF102:
 1394 0200 706D7367 		.ascii	"pmsg\000"
 1394      00
 1395              	.LASF108:
 1396 0205 72657476 		.ascii	"retval\000"
 1396      616C00
 1397              	.LASF96:
 1398 020c 5F737461 		.ascii	"_state\000"
 1398      746500
 1399              	.LASF90:
 1400 0213 5F726573 		.ascii	"_responsecode\000"
 1400      706F6E73 
ARM GAS  C:\Users\RECEPC~1\AppData\Local\Temp\ccj2RA6z.s 			page 28


 1400      65636F64 
 1400      6500
 1401              	.LASF10:
 1402 0221 75696E74 		.ascii	"uint16\000"
 1402      313600
 1403              	.LASF22:
 1404 0228 5F6D6573 		.ascii	"_messagetimeout\000"
 1404      73616765 
 1404      74696D65 
 1404      6F757400 
 1405              	.LASF53:
 1406 0238 52465F4D 		.ascii	"RF_MUX_CREDIT_PRESET_AUTHORIZATION_RESPONSE\000"
 1406      55585F43 
 1406      52454449 
 1406      545F5052 
 1406      45534554 
 1407              	.LASF45:
 1408 0264 5F707265 		.ascii	"_presetdigits\000"
 1408      73657464 
 1408      69676974 
 1408      7300
 1409              	.LASF9:
 1410 0272 75696E74 		.ascii	"uint8\000"
 1410      3800
 1411              	.LASF66:
 1412 0278 52465F4D 		.ascii	"RF_MUX_GENERAL_PRINT_REQUEST\000"
 1412      55585F47 
 1412      454E4552 
 1412      414C5F50 
 1412      52494E54 
 1413              	.LASF24:
 1414 0295 5F6D6573 		.ascii	"_messagetimeoutlimit\000"
 1414      73616765 
 1414      74696D65 
 1414      6F75746C 
 1414      696D6974 
 1415              	.LASF74:
 1416 02aa 52465F4D 		.ascii	"RF_MUX_LAST_CASH_SALE_REQUEST\000"
 1416      55585F4C 
 1416      4153545F 
 1416      43415348 
 1416      5F53414C 
 1417              	.LASF17:
 1418 02c8 5F73656C 		.ascii	"_selfkill\000"
 1418      666B696C 
 1418      6C00
 1419              	.LASF43:
 1420 02d2 5F6D696E 		.ascii	"_minvolumevalue\000"
 1420      766F6C75 
 1420      6D657661 
 1420      6C756500 
 1421              	.LASF0:
 1422 02e2 7369676E 		.ascii	"signed char\000"
 1422      65642063 
 1422      68617200 
 1423              	.LASF30:
 1424 02ee 5053494E 		.ascii	"PSINKMESSAGEPTR\000"
ARM GAS  C:\Users\RECEPC~1\AppData\Local\Temp\ccj2RA6z.s 			page 29


 1424      4B4D4553 
 1424      53414745 
 1424      50545200 
 1425              	.LASF11:
 1426 02fe 666C6F61 		.ascii	"float\000"
 1426      7400
 1427              	.LASF48:
 1428 0304 52465F4D 		.ascii	"RF_MUX_STATE_REQUEST\000"
 1428      55585F53 
 1428      54415445 
 1428      5F524551 
 1428      55455354 
 1429              	.LASF6:
 1430 0319 6C6F6E67 		.ascii	"long long int\000"
 1430      206C6F6E 
 1430      6720696E 
 1430      7400
 1431              	.LASF20:
 1432 0327 5F6D6573 		.ascii	"_messagestate\000"
 1432      73616765 
 1432      73746174 
 1432      6500
 1433              	.LASF40:
 1434 0335 5F766F6C 		.ascii	"_volumedecimals\000"
 1434      756D6564 
 1434      6563696D 
 1434      616C7300 
 1435              	.LASF56:
 1436 0345 52465F4D 		.ascii	"RF_MUX_CASH_SALE_START_REQUEST\000"
 1436      55585F43 
 1436      4153485F 
 1436      53414C45 
 1436      5F535441 
 1437              	.LASF61:
 1438 0364 52465F4D 		.ascii	"RF_MUX_TOTALS_RESPONSE\000"
 1438      55585F54 
 1438      4F54414C 
 1438      535F5245 
 1438      53504F4E 
 1439              	.LASF62:
 1440 037b 52465F4D 		.ascii	"RF_MUX_TOTALS_REPORT_REQUEST\000"
 1440      55585F54 
 1440      4F54414C 
 1440      535F5245 
 1440      504F5254 
 1441              	.LASF104:
 1442 0398 52465365 		.ascii	"RFServerRequestHandler\000"
 1442      72766572 
 1442      52657175 
 1442      65737448 
 1442      616E646C 
 1443              	.LASF100:
 1444 03af 5F74696D 		.ascii	"_timeouttoreceivemultiplier\000"
 1444      656F7574 
 1444      746F7265 
 1444      63656976 
 1444      656D756C 
ARM GAS  C:\Users\RECEPC~1\AppData\Local\Temp\ccj2RA6z.s 			page 30


 1445              	.LASF46:
 1446 03cb 5F706F73 		.ascii	"_positionoffset\000"
 1446      6974696F 
 1446      6E6F6666 
 1446      73657400 
 1447              	.LASF80:
 1448 03db 52465F4D 		.ascii	"RF_MUX_ISLAND_OPER_DATA_REQUEST\000"
 1448      55585F49 
 1448      534C414E 
 1448      445F4F50 
 1448      45525F44 
 1449              	.LASF84:
 1450 03fb 52465F4D 		.ascii	"RF_MUX_COPY_REQUEST\000"
 1450      55585F43 
 1450      4F50595F 
 1450      52455155 
 1450      45535400 
 1451              	.LASF33:
 1452 040f 5F6E756D 		.ascii	"_numpositions\000"
 1452      706F7369 
 1452      74696F6E 
 1452      7300
 1453              	.LASF54:
 1454 041d 52465F4D 		.ascii	"RF_MUX_CREDIT_PRESET_NOTIFICATION_REQUEST\000"
 1454      55585F43 
 1454      52454449 
 1454      545F5052 
 1454      45534554 
 1455              	.LASF25:
 1456 0447 5F627566 		.ascii	"_buffer\000"
 1456      66657200 
 1457              	.LASF103:
 1458 044f 70747265 		.ascii	"ptreqresiterator\000"
 1458      71726573 
 1458      69746572 
 1458      61746F72 
 1458      00
 1459              	.LASF41:
 1460 0460 5F766F6C 		.ascii	"_volumeunit\000"
 1460      756D6575 
 1460      6E697400 
 1461              	.LASF49:
 1462 046c 52465F4D 		.ascii	"RF_MUX_STATE_RESPONSE\000"
 1462      55585F53 
 1462      54415445 
 1462      5F524553 
 1462      504F4E53 
 1463              	.LASF1:
 1464 0482 756E7369 		.ascii	"unsigned char\000"
 1464      676E6564 
 1464      20636861 
 1464      7200
 1465              	.LASF42:
 1466 0490 5F6D696E 		.ascii	"_minmoneyvalue\000"
 1466      6D6F6E65 
 1466      7976616C 
 1466      756500
ARM GAS  C:\Users\RECEPC~1\AppData\Local\Temp\ccj2RA6z.s 			page 31


 1467              	.LASF118:
 1468 049f 47657452 		.ascii	"GetRFRequestResolver\000"
 1468      46526571 
 1468      75657374 
 1468      5265736F 
 1468      6C766572 
 1469              	.LASF31:
 1470 04b4 5F696E63 		.ascii	"_inconfiguration\000"
 1470      6F6E6669 
 1470      67757261 
 1470      74696F6E 
 1470      00
 1471              	.LASF7:
 1472 04c5 6C6F6E67 		.ascii	"long long unsigned int\000"
 1472      206C6F6E 
 1472      6720756E 
 1472      7369676E 
 1472      65642069 
 1473              	.LASF111:
 1474 04dc 5F675F72 		.ascii	"_g_rfresolvers\000"
 1474      66726573 
 1474      6F6C7665 
 1474      727300
 1475              	.LASF8:
 1476 04eb 756E7369 		.ascii	"unsigned int\000"
 1476      676E6564 
 1476      20696E74 
 1476      00
 1477              	.LASF38:
 1478 04f8 5F6D6F6E 		.ascii	"_moneydecimals\000"
 1478      65796465 
 1478      63696D61 
 1478      6C7300
 1479              	.LASF18:
 1480 0507 5F6D6573 		.ascii	"_messageid\000"
 1480      73616765 
 1480      696400
 1481              	.LASF77:
 1482 0512 52465F4D 		.ascii	"RF_MUX_BROADCAST_CFG_RESPONSE\000"
 1482      55585F42 
 1482      524F4144 
 1482      43415354 
 1482      5F434647 
 1483              	.LASF94:
 1484 0530 52465265 		.ascii	"RFRequestResponse\000"
 1484      71756573 
 1484      74526573 
 1484      706F6E73 
 1484      6500
 1485              	.LASF97:
 1486 0542 5F746F61 		.ascii	"_toautonomoustimetoken\000"
 1486      75746F6E 
 1486      6F6D6F75 
 1486      7374696D 
 1486      65746F6B 
 1487              	.LASF107:
 1488 0559 636F6D6D 		.ascii	"commandid\000"
ARM GAS  C:\Users\RECEPC~1\AppData\Local\Temp\ccj2RA6z.s 			page 32


 1488      616E6469 
 1488      6400
 1489              	.LASF35:
 1490 0563 5F686F73 		.ascii	"_hosesposition2\000"
 1490      6573706F 
 1490      73697469 
 1490      6F6E3200 
 1491              	.LASF21:
 1492 0573 5F6D6573 		.ascii	"_messagedelay\000"
 1492      73616765 
 1492      64656C61 
 1492      7900
 1493              	.LASF3:
 1494 0581 73686F72 		.ascii	"short unsigned int\000"
 1494      7420756E 
 1494      7369676E 
 1494      65642069 
 1494      6E7400
 1495              	.LASF47:
 1496 0594 44697370 		.ascii	"DispenserLayoutInfo\000"
 1496      656E7365 
 1496      724C6179 
 1496      6F757449 
 1496      6E666F00 
 1497              	.LASF14:
 1498 05a8 63686172 		.ascii	"char\000"
 1498      00
 1499              	.LASF4:
 1500 05ad 6C6F6E67 		.ascii	"long int\000"
 1500      20696E74 
 1500      00
 1501              	.LASF112:
 1502 05b6 5F675F72 		.ascii	"_g_rfautorun\000"
 1502      66617574 
 1502      6F72756E 
 1502      00
 1503              	.LASF73:
 1504 05c3 52465F4D 		.ascii	"RF_MUX_PENDING_CREDIT_SALE_RESPONSE\000"
 1504      55585F50 
 1504      454E4449 
 1504      4E475F43 
 1504      52454449 
 1505              	.LASF75:
 1506 05e7 52465F4D 		.ascii	"RF_MUX_LAST_CASH_SALE_RESPONSE\000"
 1506      55585F4C 
 1506      4153545F 
 1506      43415348 
 1506      5F53414C 
 1507              	.LASF115:
 1508 0606 433A5C54 		.ascii	"C:\\TeamInsepet\\NSX-Prime\\Hardware\\CorEx-MUX-Ker"
 1508      65616D49 
 1508      6E736570 
 1508      65745C4E 
 1508      53582D50 
 1509 0635 6E656C2D 		.ascii	"nel-Enhanced\\Workspace01\\CorEx-Mux-Kernel.cydsn\000"
 1509      456E6861 
 1509      6E636564 
ARM GAS  C:\Users\RECEPC~1\AppData\Local\Temp\ccj2RA6z.s 			page 33


 1509      5C576F72 
 1509      6B737061 
 1510              	.LASF29:
 1511 0665 5F426F6F 		.ascii	"_Bool\000"
 1511      6C00
 1512              	.LASF117:
 1513 066b 5F706F69 		.ascii	"_pointcommadecimalmode\000"
 1513      6E74636F 
 1513      6D6D6164 
 1513      6563696D 
 1513      616C6D6F 
 1514              	.LASF44:
 1515 0682 5F646973 		.ascii	"_displaydigitsmode\000"
 1515      706C6179 
 1515      64696769 
 1515      74736D6F 
 1515      646500
 1516              	.LASF67:
 1517 0695 52465F4D 		.ascii	"RF_MUX_GENERAL_PRINT_RESPONSE\000"
 1517      55585F47 
 1517      454E4552 
 1517      414C5F50 
 1517      52494E54 
 1518              	.LASF57:
 1519 06b3 52465F4D 		.ascii	"RF_MUX_CASH_SALE_START_RESPONSE\000"
 1519      55585F43 
 1519      4153485F 
 1519      53414C45 
 1519      5F535441 
 1520              	.LASF63:
 1521 06d3 52465F4D 		.ascii	"RF_MUX_TOTALS_REPORT_RESPONSE\000"
 1521      55585F54 
 1521      4F54414C 
 1521      535F5245 
 1521      504F5254 
 1522              	.LASF101:
 1523 06f1 52464175 		.ascii	"RFAutoRun\000"
 1523      746F5275 
 1523      6E00
 1524              	.LASF59:
 1525 06fb 52465F4D 		.ascii	"RF_MUX_CASH_SALE_END_REPORT_RESPONSE\000"
 1525      55585F43 
 1525      4153485F 
 1525      53414C45 
 1525      5F454E44 
 1526              	.LASF52:
 1527 0720 52465F4D 		.ascii	"RF_MUX_CREDIT_PRESET_AUTHORIZATION_REQUEST\000"
 1527      55585F43 
 1527      52454449 
 1527      545F5052 
 1527      45534554 
 1528              	.LASF23:
 1529 074b 5F6D6573 		.ascii	"_messagetimeoutmultiplier\000"
 1529      73616765 
 1529      74696D65 
 1529      6F75746D 
 1529      756C7469 
ARM GAS  C:\Users\RECEPC~1\AppData\Local\Temp\ccj2RA6z.s 			page 34


 1530              	.LASF5:
 1531 0765 6C6F6E67 		.ascii	"long unsigned int\000"
 1531      20756E73 
 1531      69676E65 
 1531      6420696E 
 1531      7400
 1532              	.LASF93:
 1533 0777 5F726573 		.ascii	"_responsetimeoutlimit\000"
 1533      706F6E73 
 1533      6574696D 
 1533      656F7574 
 1533      6C696D69 
 1534              	.LASF106:
 1535 078d 70706172 		.ascii	"pparam\000"
 1535      616D00
 1536              	.LASF12:
 1537 0794 646F7562 		.ascii	"double\000"
 1537      6C6500
 1538              	.LASF68:
 1539 079b 52465F4D 		.ascii	"RF_MUX_CREDIT_SALE_PRINT_REQUEST\000"
 1539      55585F43 
 1539      52454449 
 1539      545F5341 
 1539      4C455F50 
 1540              	.LASF34:
 1541 07bc 5F686F73 		.ascii	"_hosesposition1\000"
 1541      6573706F 
 1541      73697469 
 1541      6F6E3100 
 1542              	.LASF116:
 1543 07cc 5F53494E 		.ascii	"_SINK_MESSAGE_\000"
 1543      4B5F4D45 
 1543      53534147 
 1543      455F00
 1544              	.LASF36:
 1545 07db 5F686F73 		.ascii	"_hosesposition3\000"
 1545      6573706F 
 1545      73697469 
 1545      6F6E3300 
 1546              	.LASF37:
 1547 07eb 5F686F73 		.ascii	"_hosesposition4\000"
 1547      6573706F 
 1547      73697469 
 1547      6F6E3400 
 1548              	.LASF72:
 1549 07fb 52465F4D 		.ascii	"RF_MUX_PENDING_CREDIT_SALE_REQUEST\000"
 1549      55585F50 
 1549      454E4449 
 1549      4E475F43 
 1549      52454449 
 1550              	.LASF109:
 1551 081e 486F7365 		.ascii	"HoseDispenser\000"
 1551      44697370 
 1551      656E7365 
 1551      7200
 1552              	.LASF50:
 1553 082c 52465F4D 		.ascii	"RF_MUX_CREDIT_SERIAL_AUTH_REQUEST\000"
ARM GAS  C:\Users\RECEPC~1\AppData\Local\Temp\ccj2RA6z.s 			page 35


 1553      55585F43 
 1553      52454449 
 1553      545F5345 
 1553      5249414C 
 1554              	.LASF26:
 1555 084e 5F627566 		.ascii	"_buffersize\000"
 1555      66657273 
 1555      697A6500 
 1556              	.LASF87:
 1557 085a 52465265 		.ascii	"RFReqRespFnPtr\000"
 1557      71526573 
 1557      70466E50 
 1557      747200
 1558              	.LASF32:
 1559 0869 5F637572 		.ascii	"_currentloopopen\000"
 1559      72656E74 
 1559      6C6F6F70 
 1559      6F70656E 
 1559      00
 1560              	.LASF79:
 1561 087a 52465F4D 		.ascii	"RF_MUX_POSITION_CFG_RESPONSE\000"
 1561      55585F50 
 1561      4F534954 
 1561      494F4E5F 
 1561      4346475F 
 1562              	.LASF71:
 1563 0897 52465F4D 		.ascii	"RF_MUX_CASH_SALE_PRINT_RESPONSE\000"
 1563      55585F43 
 1563      4153485F 
 1563      53414C45 
 1563      5F505249 
 1564              	.LASF83:
 1565 08b7 52465F4D 		.ascii	"RF_MUX_ISLAND_ADMIN_RESPONSE\000"
 1565      55585F49 
 1565      534C414E 
 1565      445F4144 
 1565      4D494E5F 
 1566              	.LASF51:
 1567 08d4 52465F4D 		.ascii	"RF_MUX_CREDIT_SERIAL_AUTH_RESPONSE\000"
 1567      55585F43 
 1567      52454449 
 1567      545F5345 
 1567      5249414C 
 1568              	.LASF19:
 1569 08f7 5F6D6573 		.ascii	"_messagetype\000"
 1569      73616765 
 1569      74797065 
 1569      00
 1570              	.LASF99:
 1571 0904 5F74696D 		.ascii	"_timeouttoreceive\000"
 1571      656F7574 
 1571      746F7265 
 1571      63656976 
 1571      6500
 1572              	.LASF95:
 1573 0916 504E4541 		.ascii	"PNEAR_REQRESPTR\000"
 1573      525F5245 
ARM GAS  C:\Users\RECEPC~1\AppData\Local\Temp\ccj2RA6z.s 			page 36


 1573      51524553 
 1573      50545200 
 1574              	.LASF76:
 1575 0926 52465F4D 		.ascii	"RF_MUX_BROADCAST_CFG_REQUEST\000"
 1575      55585F42 
 1575      524F4144 
 1575      43415354 
 1575      5F434647 
 1576              	.LASF65:
 1577 0943 52465F4D 		.ascii	"RF_MUX_PRICE_CHANGE_RESPONSE\000"
 1577      55585F50 
 1577      52494345 
 1577      5F434841 
 1577      4E47455F 
 1578              	.LASF105:
 1579 0960 52464572 		.ascii	"RFErrorHandler\000"
 1579      726F7248 
 1579      616E646C 
 1579      657200
 1580              	.LASF89:
 1581 096f 5F726571 		.ascii	"_requestcode\000"
 1581      75657374 
 1581      636F6465 
 1581      00
 1582              	.LASF85:
 1583 097c 52465F4D 		.ascii	"RF_MUX_COPY_REQUEST_RESPONSE\000"
 1583      55585F43 
 1583      4F50595F 
 1583      52455155 
 1583      4553545F 
 1584              	.LASF88:
 1585 0999 4572726F 		.ascii	"ErrorHandlerFnPtr\000"
 1585      7248616E 
 1585      646C6572 
 1585      466E5074 
 1585      7200
 1586              	.LASF60:
 1587 09ab 52465F4D 		.ascii	"RF_MUX_TOTALS_REQUEST\000"
 1587      55585F54 
 1587      4F54414C 
 1587      535F5245 
 1587      51554553 
 1588              	.LASF28:
 1589 09c1 43616C6C 		.ascii	"Callback\000"
 1589      6261636B 
 1589      00
 1590              	.LASF27:
 1591 09ca 5F706461 		.ascii	"_pdata\000"
 1591      746100
 1592              	.LASF81:
 1593 09d1 52465F4D 		.ascii	"RF_MUX_ISLAND_OPER_DATA_RESPONSE\000"
 1593      55585F49 
 1593      534C414E 
 1593      445F4F50 
 1593      45525F44 
 1594              		.ident	"GCC: (GNU Tools for ARM Embedded Processors) 4.9.3 20150303 (release) [ARM/embedded-4_9-br
