ARM GAS  C:\Users\RECEPC~1\AppData\Local\Temp\ccJoCWGE.s 			page 1


   1              		.syntax unified
   2              		.cpu cortex-m3
   3              		.fpu softvfp
   4              		.eabi_attribute 20, 1
   5              		.eabi_attribute 21, 1
   6              		.eabi_attribute 23, 3
   7              		.eabi_attribute 24, 1
   8              		.eabi_attribute 25, 1
   9              		.eabi_attribute 26, 1
  10              		.eabi_attribute 30, 6
  11              		.eabi_attribute 34, 1
  12              		.eabi_attribute 18, 4
  13              		.thumb
  14              		.file	"RFSink.c"
  15              		.text
  16              	.Ltext0:
  17              		.cfi_sections	.debug_frame
  18              		.comm	_g_rfautorun,10,4
  19              		.section	.text.RFSinkRegistration,"ax",%progbits
  20              		.align	2
  21              		.global	RFSinkRegistration
  22              		.thumb
  23              		.thumb_func
  24              		.type	RFSinkRegistration, %function
  25              	RFSinkRegistration:
  26              	.LFB63:
  27              		.file 1 ".\\RFSink.c"
   1:.\RFSink.c    **** /* ========================================
   2:.\RFSink.c    ****  *
   3:.\RFSink.c    ****  * Copyright YOUR COMPANY, THE YEAR
   4:.\RFSink.c    ****  * All Rights Reserved
   5:.\RFSink.c    ****  * UNPUBLISHED, LICENSED SOFTWARE.
   6:.\RFSink.c    ****  *
   7:.\RFSink.c    ****  * CONFIDENTIAL AND PROPRIETARY INFORMATION
   8:.\RFSink.c    ****  * WHICH IS THE PROPERTY OF your company.
   9:.\RFSink.c    ****  *
  10:.\RFSink.c    ****  * ========================================
  11:.\RFSink.c    **** */
  12:.\RFSink.c    **** #include <project.h>
  13:.\RFSink.c    **** #include "GlobalDefinitions.h"
  14:.\RFSink.c    **** #include "SinkManager.h"
  15:.\RFSink.c    **** #include "SinkObservables.h"
  16:.\RFSink.c    **** #include "UARTManager.h"
  17:.\RFSink.c    **** #include "Configuration.h"
  18:.\RFSink.c    **** #include "RFLink.h"
  19:.\RFSink.c    **** #include "Eeprom.h"
  20:.\RFSink.c    **** 
  21:.\RFSink.c    **** //extern uint8 _g_rfslaveheader[];
  22:.\RFSink.c    **** //void RFTEST(LPVOID pparam);
  23:.\RFSink.c    **** 
  24:.\RFSink.c    **** RFAutoRun _g_rfautorun;
  25:.\RFSink.c    **** 
  26:.\RFSink.c    **** void RFServerRequestHandler(LPVOID pparam);
  27:.\RFSink.c    **** void RFServerAutonomousMonitor(LPVOID pparam);
  28:.\RFSink.c    **** 
  29:.\RFSink.c    **** //@Created By: HIJH
  30:.\RFSink.c    **** //@Septembre de 2016
ARM GAS  C:\Users\RECEPC~1\AppData\Local\Temp\ccJoCWGE.s 			page 2


  31:.\RFSink.c    **** void RFSinkRegistration()
  32:.\RFSink.c    **** {
  28              		.loc 1 32 0
  29              		.cfi_startproc
  30              		@ args = 0, pretend = 0, frame = 16
  31              		@ frame_needed = 1, uses_anonymous_args = 0
  32 0000 80B5     		push	{r7, lr}
  33              		.cfi_def_cfa_offset 8
  34              		.cfi_offset 7, -8
  35              		.cfi_offset 14, -4
  36 0002 84B0     		sub	sp, sp, #16
  37              		.cfi_def_cfa_offset 24
  38 0004 00AF     		add	r7, sp, #0
  39              		.cfi_def_cfa_register 7
  33:.\RFSink.c    ****     PSINKSUBSCRIBERPTR psubscriber = AllocateSubscriberSlot();
  40              		.loc 1 33 0
  41 0006 FFF7FEFF 		bl	AllocateSubscriberSlot
  42 000a F860     		str	r0, [r7, #12]
  34:.\RFSink.c    ****     if(psubscriber)
  43              		.loc 1 34 0
  44 000c FB68     		ldr	r3, [r7, #12]
  45 000e 002B     		cmp	r3, #0
  46 0010 1DD0     		beq	.L2
  47              	.LBB2:
  35:.\RFSink.c    ****     {
  36:.\RFSink.c    ****         uint8 index = 0;
  48              		.loc 1 36 0
  49 0012 0023     		movs	r3, #0
  50 0014 FB72     		strb	r3, [r7, #11]
  37:.\RFSink.c    ****         //The maximum number of observable identifiers is _OBSERVED_IDENTIFIERS_
  38:.\RFSink.c    ****         //located in the header file "SinkManager.h"
  39:.\RFSink.c    ****         //Every identifier is paired with its respective Callback method pointer
  40:.\RFSink.c    ****         
  41:.\RFSink.c    ****         psubscriber->_arrmsgid[index] = UART_RF_RECEPTION;
  51              		.loc 1 41 0
  52 0016 FB7A     		ldrb	r3, [r7, #11]	@ zero_extendqisi2
  53 0018 FA68     		ldr	r2, [r7, #12]
  54 001a 1344     		add	r3, r3, r2
  55 001c 0122     		movs	r2, #1
  56 001e 5A70     		strb	r2, [r3, #1]
  42:.\RFSink.c    ****         psubscriber->Callback[index++] = RFServerRequestHandler;
  57              		.loc 1 42 0
  58 0020 FB7A     		ldrb	r3, [r7, #11]	@ zero_extendqisi2
  59 0022 5A1C     		adds	r2, r3, #1
  60 0024 FA72     		strb	r2, [r7, #11]
  61 0026 FA68     		ldr	r2, [r7, #12]
  62 0028 0233     		adds	r3, r3, #2
  63 002a 9B00     		lsls	r3, r3, #2
  64 002c 1344     		add	r3, r3, r2
  65 002e 274A     		ldr	r2, .L4
  66 0030 5A60     		str	r2, [r3, #4]
  43:.\RFSink.c    **** 
  44:.\RFSink.c    ****         psubscriber->_arrmsgid[index] = UART_RF_AUTONOMOUS_MONITOR;
  67              		.loc 1 44 0
  68 0032 FB7A     		ldrb	r3, [r7, #11]	@ zero_extendqisi2
  69 0034 FA68     		ldr	r2, [r7, #12]
  70 0036 1344     		add	r3, r3, r2
ARM GAS  C:\Users\RECEPC~1\AppData\Local\Temp\ccJoCWGE.s 			page 3


  71 0038 0322     		movs	r2, #3
  72 003a 5A70     		strb	r2, [r3, #1]
  45:.\RFSink.c    ****         psubscriber->Callback[index++] = RFServerAutonomousMonitor;
  73              		.loc 1 45 0
  74 003c FB7A     		ldrb	r3, [r7, #11]	@ zero_extendqisi2
  75 003e 5A1C     		adds	r2, r3, #1
  76 0040 FA72     		strb	r2, [r7, #11]
  77 0042 FA68     		ldr	r2, [r7, #12]
  78 0044 0233     		adds	r3, r3, #2
  79 0046 9B00     		lsls	r3, r3, #2
  80 0048 1344     		add	r3, r3, r2
  81 004a 214A     		ldr	r2, .L4+4
  82 004c 5A60     		str	r2, [r3, #4]
  83              	.L2:
  84              	.LBE2:
  46:.\RFSink.c    ****         
  47:.\RFSink.c    ****         //psubscriber->_arrmsgid[index] = UART_RF_TEST;
  48:.\RFSink.c    ****         //psubscriber->Callback[index++] = RFTEST;
  49:.\RFSink.c    ****     }
  50:.\RFSink.c    ****     
  51:.\RFSink.c    ****     /*_ALLOCATE_SINKMESSAGE_SLOT(psinkmsg);
  52:.\RFSink.c    ****     if(psinkmsg)
  53:.\RFSink.c    ****     {
  54:.\RFSink.c    ****         psinkmsg->_messageid = UART_RF_TEST;
  55:.\RFSink.c    ****         psinkmsg->_messagetimeoutlimit = _SINK_TIMEOUT_1S_;
  56:.\RFSink.c    ****         psinkmsg->_messagetype = FIRSTFOUNDFOREVER;
  57:.\RFSink.c    ****         psinkmsg->_messagestate = SINK_BUSY;
  58:.\RFSink.c    ****     }
  59:.\RFSink.c    ****     */
  60:.\RFSink.c    **** 
  61:.\RFSink.c    ****     _ALLOCATE_SINKMESSAGE_SLOT(psinkmsg);
  85              		.loc 1 61 0
  86 004e FFF7FEFF 		bl	AllocateMessageSlot
  87 0052 7860     		str	r0, [r7, #4]
  62:.\RFSink.c    ****     if(psinkmsg)
  88              		.loc 1 62 0
  89 0054 7B68     		ldr	r3, [r7, #4]
  90 0056 002B     		cmp	r3, #0
  91 0058 10D0     		beq	.L3
  63:.\RFSink.c    ****     {
  64:.\RFSink.c    ****         psinkmsg->_messageid = UART_RF_AUTONOMOUS_MONITOR;
  92              		.loc 1 64 0
  93 005a 7B68     		ldr	r3, [r7, #4]
  94 005c 0322     		movs	r2, #3
  95 005e 5A70     		strb	r2, [r3, #1]
  65:.\RFSink.c    ****         psinkmsg->_messagedelay = _SINK_TIMEOUT_10S_;
  96              		.loc 1 65 0
  97 0060 7B68     		ldr	r3, [r7, #4]
  98 0062 42F21072 		movw	r2, #10000
  99 0066 9A80     		strh	r2, [r3, #4]	@ movhi
  66:.\RFSink.c    ****         psinkmsg->_messagetimeoutlimit = _SINK_TIMEOUT_1S_;
 100              		.loc 1 66 0
 101 0068 7B68     		ldr	r3, [r7, #4]
 102 006a 4FF47A72 		mov	r2, #1000
 103 006e 5A81     		strh	r2, [r3, #10]	@ movhi
  67:.\RFSink.c    ****         psinkmsg->_messagetype = FIRSTFOUNDFOREVER;
 104              		.loc 1 67 0
ARM GAS  C:\Users\RECEPC~1\AppData\Local\Temp\ccJoCWGE.s 			page 4


 105 0070 7B68     		ldr	r3, [r7, #4]
 106 0072 0622     		movs	r2, #6
 107 0074 9A70     		strb	r2, [r3, #2]
  68:.\RFSink.c    ****         psinkmsg->_messagestate = SINK_BUSY;
 108              		.loc 1 68 0
 109 0076 7B68     		ldr	r3, [r7, #4]
 110 0078 0322     		movs	r2, #3
 111 007a DA70     		strb	r2, [r3, #3]
 112              	.L3:
  69:.\RFSink.c    ****     }
  70:.\RFSink.c    ****     
  71:.\RFSink.c    ****     _g_rfautorun._state = RF_NON_AUTONOMOUS;
 113              		.loc 1 71 0
 114 007c 154B     		ldr	r3, .L4+8
 115 007e 0222     		movs	r2, #2
 116 0080 1A70     		strb	r2, [r3]
  72:.\RFSink.c    ****     _g_rfautorun._toautonomoustimetoken = 0x0000;
 117              		.loc 1 72 0
 118 0082 144B     		ldr	r3, .L4+8
 119 0084 0022     		movs	r2, #0
 120 0086 5A80     		strh	r2, [r3, #2]	@ movhi
  73:.\RFSink.c    ****     
  74:.\RFSink.c    ****     _g_rfautorun._timeouttoreceive = 2*_SINK_TIMEOUT_100MS_;
 121              		.loc 1 74 0
 122 0088 124B     		ldr	r3, .L4+8
 123 008a C822     		movs	r2, #200
 124 008c DA80     		strh	r2, [r3, #6]	@ movhi
  75:.\RFSink.c    ****     _g_rfautorun._timeouttoreceivemultiplier = 0x0000;
 125              		.loc 1 75 0
 126 008e 114B     		ldr	r3, .L4+8
 127 0090 0022     		movs	r2, #0
 128 0092 1A81     		strh	r2, [r3, #8]	@ movhi
  76:.\RFSink.c    ****     
  77:.\RFSink.c    ****     I2CBusLock();
 129              		.loc 1 77 0
 130 0094 FFF7FEFF 		bl	I2CBusLock
  78:.\RFSink.c    ****     ClearEepromBuffer();
 131              		.loc 1 78 0
 132 0098 FFF7FEFF 		bl	ClearEepromBuffer
  79:.\RFSink.c    ****     LoadEepromPage(EEPROM_CONFIGURATION_PAGE7);
 133              		.loc 1 79 0
 134 009c 4FF4E070 		mov	r0, #448
 135 00a0 FFF7FEFF 		bl	LoadEepromPage
  80:.\RFSink.c    ****     //Timeout to autonomous mode in seconds, 1 byte (see Eeprom.h for the memory layout)
  81:.\RFSink.c    ****     _g_rfautorun._timeouttoautonomous = (uint8)GetEepromBuffer()[0x0A];
 136              		.loc 1 81 0
 137 00a4 FFF7FEFF 		bl	GetEepromBuffer
 138 00a8 0346     		mov	r3, r0
 139 00aa 9A7A     		ldrb	r2, [r3, #10]	@ zero_extendqisi2
 140 00ac 094B     		ldr	r3, .L4+8
 141 00ae 1A71     		strb	r2, [r3, #4]
  82:.\RFSink.c    ****     I2CBusUnlock();
 142              		.loc 1 82 0
 143 00b0 FFF7FEFF 		bl	I2CBusUnlock
  83:.\RFSink.c    ****     
  84:.\RFSink.c    ****     _g_rfrx._rfcounter = 0x0000;
 144              		.loc 1 84 0
ARM GAS  C:\Users\RECEPC~1\AppData\Local\Temp\ccJoCWGE.s 			page 5


 145 00b4 084B     		ldr	r3, .L4+12
 146 00b6 0022     		movs	r2, #0
 147 00b8 1A80     		strh	r2, [r3]	@ movhi
  85:.\RFSink.c    ****     _g_rfrx._rftimeoutmultiplier = 0x0000;
 148              		.loc 1 85 0
 149 00ba 074B     		ldr	r3, .L4+12
 150 00bc 0022     		movs	r2, #0
 151 00be 5A60     		str	r2, [r3, #4]
  86:.\RFSink.c    ****     _g_rfrx._rfperpetualcounter = 0x0000;
 152              		.loc 1 86 0
 153 00c0 054B     		ldr	r3, .L4+12
 154 00c2 0022     		movs	r2, #0
 155 00c4 9A60     		str	r2, [r3, #8]
  87:.\RFSink.c    ****     
  88:.\RFSink.c    **** }
 156              		.loc 1 88 0
 157 00c6 1037     		adds	r7, r7, #16
 158              		.cfi_def_cfa_offset 8
 159 00c8 BD46     		mov	sp, r7
 160              		.cfi_def_cfa_register 13
 161              		@ sp needed
 162 00ca 80BD     		pop	{r7, pc}
 163              	.L5:
 164              		.align	2
 165              	.L4:
 166 00cc 00000000 		.word	RFServerRequestHandler
 167 00d0 00000000 		.word	RFServerAutonomousMonitor
 168 00d4 00000000 		.word	_g_rfautorun
 169 00d8 00000000 		.word	_g_rfrx
 170              		.cfi_endproc
 171              	.LFE63:
 172              		.size	RFSinkRegistration, .-RFSinkRegistration
 173              		.section	.text.RFServerAutonomousMonitor,"ax",%progbits
 174              		.align	2
 175              		.global	RFServerAutonomousMonitor
 176              		.thumb
 177              		.thumb_func
 178              		.type	RFServerAutonomousMonitor, %function
 179              	RFServerAutonomousMonitor:
 180              	.LFB64:
  89:.\RFSink.c    **** 
  90:.\RFSink.c    **** /*void RFTEST(LPVOID pparam)
  91:.\RFSink.c    **** {
  92:.\RFSink.c    ****     PUARTMESSAGEPTR puartdisp = GetUARTMessageSlot(UART_RF);
  93:.\RFSink.c    ****     if(puartdisp)
  94:.\RFSink.c    ****     {
  95:.\RFSink.c    ****         puartdisp->_messagelength = 0;
  96:.\RFSink.c    ****         memset(puartdisp->_messagetx, 0x00, sizeof(puartdisp->_messagetx));
  97:.\RFSink.c    ****         memcpy(puartdisp->_messagetx, _g_rfslaveheader, 0x03); //Explicit buffer length to avoid wa
  98:.\RFSink.c    ****         puartdisp->_messagelength += 0x03;
  99:.\RFSink.c    ****         puartdisp->_messagetx[puartdisp->_messagelength++] = (uint8)(_g_stationidentifier & 0xFF);
 100:.\RFSink.c    ****         puartdisp->_messagetx[puartdisp->_messagelength++] = (uint8)((_g_stationidentifier >> 8) & 
 101:.\RFSink.c    ****         puartdisp->_messagetx[puartdisp->_messagelength++] = 0x01;
 102:.\RFSink.c    ****         puartdisp->_messagetx[puartdisp->_messagelength++] = 0xA1;
 103:.\RFSink.c    ****         puartdisp->_messagetx[puartdisp->_messagelength] = RawCRCCheck((char*)puartdisp->_messagetx
 104:.\RFSink.c    ****         puartdisp->_messagelength++;
 105:.\RFSink.c    **** 
ARM GAS  C:\Users\RECEPC~1\AppData\Local\Temp\ccJoCWGE.s 			page 6


 106:.\RFSink.c    ****         puartdisp->_messagestate = PENDING;
 107:.\RFSink.c    ****     }
 108:.\RFSink.c    **** }*/
 109:.\RFSink.c    **** 
 110:.\RFSink.c    **** //@Created By: HIJH
 111:.\RFSink.c    **** //@Octobre de 2016
 112:.\RFSink.c    **** //This is to detect the "Autonomous Condition", meaning that there is no Remote Peer (NSX).
 113:.\RFSink.c    **** //Upon this condition the unit works just with a few options available.
 114:.\RFSink.c    **** void RFServerAutonomousMonitor(LPVOID pparam)
 115:.\RFSink.c    **** {
 181              		.loc 1 115 0
 182              		.cfi_startproc
 183              		@ args = 0, pretend = 0, frame = 16
 184              		@ frame_needed = 1, uses_anonymous_args = 0
 185              		@ link register save eliminated.
 186 0000 80B4     		push	{r7}
 187              		.cfi_def_cfa_offset 4
 188              		.cfi_offset 7, -4
 189 0002 85B0     		sub	sp, sp, #20
 190              		.cfi_def_cfa_offset 24
 191 0004 00AF     		add	r7, sp, #0
 192              		.cfi_def_cfa_register 7
 193 0006 7860     		str	r0, [r7, #4]
 116:.\RFSink.c    ****     //PSINKMESSAGEPTR psinkmsg = (PSINKMESSAGEPTR)pparam;
 117:.\RFSink.c    ****     
 118:.\RFSink.c    ****     uint16 rolloverref = _g_rfautorun._toautonomoustimetoken;
 194              		.loc 1 118 0
 195 0008 154B     		ldr	r3, .L10
 196 000a 5B88     		ldrh	r3, [r3, #2]	@ movhi
 197 000c FB81     		strh	r3, [r7, #14]	@ movhi
 119:.\RFSink.c    ****     _g_rfautorun._toautonomoustimetoken++;
 198              		.loc 1 119 0
 199 000e 144B     		ldr	r3, .L10
 200 0010 5B88     		ldrh	r3, [r3, #2]	@ movhi
 201 0012 9BB2     		uxth	r3, r3
 202 0014 0133     		adds	r3, r3, #1
 203 0016 9AB2     		uxth	r2, r3
 204 0018 114B     		ldr	r3, .L10
 205 001a 5A80     		strh	r2, [r3, #2]	@ movhi
 120:.\RFSink.c    ****     //This is to detect the rollover condition on the "timetoken counter" and keep the module "Auto
 121:.\RFSink.c    ****     if(rolloverref > _g_rfautorun._toautonomoustimetoken)
 206              		.loc 1 121 0
 207 001c 104B     		ldr	r3, .L10
 208 001e 5B88     		ldrh	r3, [r3, #2]	@ movhi
 209 0020 9BB2     		uxth	r3, r3
 210 0022 FA89     		ldrh	r2, [r7, #14]
 211 0024 9A42     		cmp	r2, r3
 212 0026 05D9     		bls	.L7
 122:.\RFSink.c    ****         _g_rfautorun._toautonomoustimetoken = _g_rfautorun._timeouttoautonomous;
 213              		.loc 1 122 0
 214 0028 0D4B     		ldr	r3, .L10
 215 002a 1B79     		ldrb	r3, [r3, #4]
 216 002c DBB2     		uxtb	r3, r3
 217 002e 9AB2     		uxth	r2, r3
 218 0030 0B4B     		ldr	r3, .L10
 219 0032 5A80     		strh	r2, [r3, #2]	@ movhi
 220              	.L7:
ARM GAS  C:\Users\RECEPC~1\AppData\Local\Temp\ccJoCWGE.s 			page 7


 123:.\RFSink.c    ****     
 124:.\RFSink.c    ****     if(_g_rfautorun._toautonomoustimetoken >= _g_rfautorun._timeouttoautonomous)
 221              		.loc 1 124 0
 222 0034 0A4B     		ldr	r3, .L10
 223 0036 5B88     		ldrh	r3, [r3, #2]	@ movhi
 224 0038 9AB2     		uxth	r2, r3
 225 003a 094B     		ldr	r3, .L10
 226 003c 1B79     		ldrb	r3, [r3, #4]
 227 003e DBB2     		uxtb	r3, r3
 228 0040 9BB2     		uxth	r3, r3
 229 0042 9A42     		cmp	r2, r3
 230 0044 03D3     		bcc	.L8
 125:.\RFSink.c    ****         _g_rfautorun._state = RF_AUTONOMOUS;
 231              		.loc 1 125 0
 232 0046 064B     		ldr	r3, .L10
 233 0048 0122     		movs	r2, #1
 234 004a 1A70     		strb	r2, [r3]
 235 004c 02E0     		b	.L6
 236              	.L8:
 126:.\RFSink.c    ****     else
 127:.\RFSink.c    ****         _g_rfautorun._state = RF_NON_AUTONOMOUS;
 237              		.loc 1 127 0
 238 004e 044B     		ldr	r3, .L10
 239 0050 0222     		movs	r2, #2
 240 0052 1A70     		strb	r2, [r3]
 241              	.L6:
 128:.\RFSink.c    ****     
 129:.\RFSink.c    **** }
 242              		.loc 1 129 0
 243 0054 1437     		adds	r7, r7, #20
 244              		.cfi_def_cfa_offset 4
 245 0056 BD46     		mov	sp, r7
 246              		.cfi_def_cfa_register 13
 247              		@ sp needed
 248 0058 5DF8047B 		ldr	r7, [sp], #4
 249              		.cfi_restore 7
 250              		.cfi_def_cfa_offset 0
 251 005c 7047     		bx	lr
 252              	.L11:
 253 005e 00BF     		.align	2
 254              	.L10:
 255 0060 00000000 		.word	_g_rfautorun
 256              		.cfi_endproc
 257              	.LFE64:
 258              		.size	RFServerAutonomousMonitor, .-RFServerAutonomousMonitor
 259              		.text
 260              	.Letext0:
 261              		.file 2 "c:\\program files (x86)\\cypress\\psoc creator\\3.3\\psoc creator\\import\\gnu\\arm\\4.9.
 262              		.file 3 "c:\\program files (x86)\\cypress\\psoc creator\\3.3\\psoc creator\\import\\gnu\\arm\\4.9.
 263              		.file 4 "Generated_Source\\PSoC5/cytypes.h"
 264              		.file 5 ".\\GlobalDefinitions.h"
 265              		.file 6 ".\\SinkManager.h"
 266              		.file 7 ".\\SinkObservables.h"
 267              		.file 8 ".\\RFLink.h"
 268              		.file 9 ".\\Eeprom.h"
 269              		.file 10 "Generated_Source\\PSoC5/core_cm3.h"
 270              		.section	.debug_info,"",%progbits
ARM GAS  C:\Users\RECEPC~1\AppData\Local\Temp\ccJoCWGE.s 			page 8


 271              	.Ldebug_info0:
 272 0000 08060000 		.4byte	0x608
 273 0004 0400     		.2byte	0x4
 274 0006 00000000 		.4byte	.Ldebug_abbrev0
 275 000a 04       		.byte	0x4
 276 000b 01       		.uleb128 0x1
 277 000c C9080000 		.4byte	.LASF157
 278 0010 01       		.byte	0x1
 279 0011 54060000 		.4byte	.LASF158
 280 0015 56000000 		.4byte	.LASF159
 281 0019 00000000 		.4byte	.Ldebug_ranges0+0
 282 001d 00000000 		.4byte	0
 283 0021 00000000 		.4byte	.Ldebug_line0
 284 0025 02       		.uleb128 0x2
 285 0026 01       		.byte	0x1
 286 0027 06       		.byte	0x6
 287 0028 E4000000 		.4byte	.LASF0
 288 002c 02       		.uleb128 0x2
 289 002d 01       		.byte	0x1
 290 002e 08       		.byte	0x8
 291 002f 440A0000 		.4byte	.LASF1
 292 0033 02       		.uleb128 0x2
 293 0034 02       		.byte	0x2
 294 0035 05       		.byte	0x5
 295 0036 8E0A0000 		.4byte	.LASF2
 296 003a 02       		.uleb128 0x2
 297 003b 02       		.byte	0x2
 298 003c 07       		.byte	0x7
 299 003d 18060000 		.4byte	.LASF3
 300 0041 03       		.uleb128 0x3
 301 0042 3F070000 		.4byte	.LASF9
 302 0046 02       		.byte	0x2
 303 0047 3F       		.byte	0x3f
 304 0048 4C000000 		.4byte	0x4c
 305 004c 02       		.uleb128 0x2
 306 004d 04       		.byte	0x4
 307 004e 05       		.byte	0x5
 308 004f C5030000 		.4byte	.LASF4
 309 0053 02       		.uleb128 0x2
 310 0054 04       		.byte	0x4
 311 0055 07       		.byte	0x7
 312 0056 89050000 		.4byte	.LASF5
 313 005a 02       		.uleb128 0x2
 314 005b 08       		.byte	0x8
 315 005c 05       		.byte	0x5
 316 005d 25040000 		.4byte	.LASF6
 317 0061 02       		.uleb128 0x2
 318 0062 08       		.byte	0x8
 319 0063 07       		.byte	0x7
 320 0064 8F010000 		.4byte	.LASF7
 321 0068 04       		.uleb128 0x4
 322 0069 04       		.byte	0x4
 323 006a 05       		.byte	0x5
 324 006b 696E7400 		.ascii	"int\000"
 325 006f 02       		.uleb128 0x2
 326 0070 04       		.byte	0x4
 327 0071 07       		.byte	0x7
ARM GAS  C:\Users\RECEPC~1\AppData\Local\Temp\ccJoCWGE.s 			page 9


 328 0072 59050000 		.4byte	.LASF8
 329 0076 03       		.uleb128 0x3
 330 0077 3C0A0000 		.4byte	.LASF10
 331 007b 03       		.byte	0x3
 332 007c 2C       		.byte	0x2c
 333 007d 41000000 		.4byte	0x41
 334 0081 05       		.uleb128 0x5
 335 0082 12060000 		.4byte	.LASF11
 336 0086 04       		.byte	0x4
 337 0087 3801     		.2byte	0x138
 338 0089 2C000000 		.4byte	0x2c
 339 008d 05       		.uleb128 0x5
 340 008e 05000000 		.4byte	.LASF12
 341 0092 04       		.byte	0x4
 342 0093 3901     		.2byte	0x139
 343 0095 3A000000 		.4byte	0x3a
 344 0099 05       		.uleb128 0x5
 345 009a B4040000 		.4byte	.LASF13
 346 009e 04       		.byte	0x4
 347 009f 3A01     		.2byte	0x13a
 348 00a1 53000000 		.4byte	0x53
 349 00a5 02       		.uleb128 0x2
 350 00a6 04       		.byte	0x4
 351 00a7 04       		.byte	0x4
 352 00a8 AF090000 		.4byte	.LASF14
 353 00ac 02       		.uleb128 0x2
 354 00ad 08       		.byte	0x8
 355 00ae 04       		.byte	0x4
 356 00af 5A040000 		.4byte	.LASF15
 357 00b3 05       		.uleb128 0x5
 358 00b4 900C0000 		.4byte	.LASF16
 359 00b8 04       		.byte	0x4
 360 00b9 4901     		.2byte	0x149
 361 00bb BF000000 		.4byte	0xbf
 362 00bf 02       		.uleb128 0x2
 363 00c0 01       		.byte	0x1
 364 00c1 08       		.byte	0x8
 365 00c2 F60B0000 		.4byte	.LASF17
 366 00c6 06       		.uleb128 0x6
 367 00c7 81000000 		.4byte	0x81
 368 00cb 06       		.uleb128 0x6
 369 00cc 8D000000 		.4byte	0x8d
 370 00d0 06       		.uleb128 0x6
 371 00d1 99000000 		.4byte	0x99
 372 00d5 02       		.uleb128 0x2
 373 00d6 04       		.byte	0x4
 374 00d7 07       		.byte	0x7
 375 00d8 AE070000 		.4byte	.LASF18
 376 00dc 07       		.uleb128 0x7
 377 00dd 04       		.byte	0x4
 378 00de 02       		.uleb128 0x2
 379 00df 08       		.byte	0x8
 380 00e0 04       		.byte	0x4
 381 00e1 EA0B0000 		.4byte	.LASF19
 382 00e5 03       		.uleb128 0x3
 383 00e6 D40D0000 		.4byte	.LASF20
 384 00ea 05       		.byte	0x5
ARM GAS  C:\Users\RECEPC~1\AppData\Local\Temp\ccJoCWGE.s 			page 10


 385 00eb 29       		.byte	0x29
 386 00ec DC000000 		.4byte	0xdc
 387 00f0 08       		.uleb128 0x8
 388 00f1 D6010000 		.4byte	.LASF29
 389 00f5 01       		.byte	0x1
 390 00f6 06       		.byte	0x6
 391 00f7 3F       		.byte	0x3f
 392 00f8 2D010000 		.4byte	0x12d
 393 00fc 09       		.uleb128 0x9
 394 00fd 00000000 		.4byte	.LASF21
 395 0101 01       		.sleb128 1
 396 0102 09       		.uleb128 0x9
 397 0103 1D0E0000 		.4byte	.LASF22
 398 0107 02       		.sleb128 2
 399 0108 09       		.uleb128 0x9
 400 0109 93090000 		.4byte	.LASF23
 401 010d 03       		.sleb128 3
 402 010e 09       		.uleb128 0x9
 403 010f 330B0000 		.4byte	.LASF24
 404 0113 04       		.sleb128 4
 405 0114 09       		.uleb128 0x9
 406 0115 410B0000 		.4byte	.LASF25
 407 0119 05       		.sleb128 5
 408 011a 09       		.uleb128 0x9
 409 011b 9B050000 		.4byte	.LASF26
 410 011f 06       		.sleb128 6
 411 0120 09       		.uleb128 0x9
 412 0121 8A0D0000 		.4byte	.LASF27
 413 0125 07       		.sleb128 7
 414 0126 09       		.uleb128 0x9
 415 0127 C1010000 		.4byte	.LASF28
 416 012b 08       		.sleb128 8
 417 012c 00       		.byte	0
 418 012d 08       		.uleb128 0x8
 419 012e 13050000 		.4byte	.LASF30
 420 0132 01       		.byte	0x1
 421 0133 06       		.byte	0x6
 422 0134 4C       		.byte	0x4c
 423 0135 4C010000 		.4byte	0x14c
 424 0139 09       		.uleb128 0x9
 425 013a E3050000 		.4byte	.LASF31
 426 013e 01       		.sleb128 1
 427 013f 09       		.uleb128 0x9
 428 0140 E6090000 		.4byte	.LASF32
 429 0144 02       		.sleb128 2
 430 0145 09       		.uleb128 0x9
 431 0146 18030000 		.4byte	.LASF33
 432 014a 03       		.sleb128 3
 433 014b 00       		.byte	0
 434 014c 0A       		.uleb128 0xa
 435 014d 710B0000 		.4byte	.LASF48
 436 0151 9801     		.2byte	0x198
 437 0153 06       		.byte	0x6
 438 0154 53       		.byte	0x53
 439 0155 ED010000 		.4byte	0x1ed
 440 0159 0B       		.uleb128 0xb
 441 015a 50080000 		.4byte	.LASF34
ARM GAS  C:\Users\RECEPC~1\AppData\Local\Temp\ccJoCWGE.s 			page 11


 442 015e 06       		.byte	0x6
 443 015f 55       		.byte	0x55
 444 0160 ED010000 		.4byte	0x1ed
 445 0164 00       		.byte	0
 446 0165 0B       		.uleb128 0xb
 447 0166 D8050000 		.4byte	.LASF35
 448 016a 06       		.byte	0x6
 449 016b 56       		.byte	0x56
 450 016c C6000000 		.4byte	0xc6
 451 0170 01       		.byte	0x1
 452 0171 0B       		.uleb128 0xb
 453 0172 C70D0000 		.4byte	.LASF36
 454 0176 06       		.byte	0x6
 455 0177 57       		.byte	0x57
 456 0178 C6000000 		.4byte	0xc6
 457 017c 02       		.byte	0x2
 458 017d 0B       		.uleb128 0xb
 459 017e B5090000 		.4byte	.LASF37
 460 0182 06       		.byte	0x6
 461 0183 58       		.byte	0x58
 462 0184 C6000000 		.4byte	0xc6
 463 0188 03       		.byte	0x3
 464 0189 0B       		.uleb128 0xb
 465 018a CA050000 		.4byte	.LASF38
 466 018e 06       		.byte	0x6
 467 018f 5A       		.byte	0x5a
 468 0190 CB000000 		.4byte	0xcb
 469 0194 04       		.byte	0x4
 470 0195 0B       		.uleb128 0xb
 471 0196 B9060000 		.4byte	.LASF39
 472 019a 06       		.byte	0x6
 473 019b 5B       		.byte	0x5b
 474 019c CB000000 		.4byte	0xcb
 475 01a0 06       		.byte	0x6
 476 01a1 0B       		.uleb128 0xb
 477 01a2 E1070000 		.4byte	.LASF40
 478 01a6 06       		.byte	0x6
 479 01a7 5C       		.byte	0x5c
 480 01a8 CB000000 		.4byte	0xcb
 481 01ac 08       		.byte	0x8
 482 01ad 0B       		.uleb128 0xb
 483 01ae 45040000 		.4byte	.LASF41
 484 01b2 06       		.byte	0x6
 485 01b3 5D       		.byte	0x5d
 486 01b4 CB000000 		.4byte	0xcb
 487 01b8 0A       		.byte	0xa
 488 01b9 0B       		.uleb128 0xb
 489 01ba 33040000 		.4byte	.LASF42
 490 01be 06       		.byte	0x6
 491 01bf 5E       		.byte	0x5e
 492 01c0 F9010000 		.4byte	0x1f9
 493 01c4 0C       		.byte	0xc
 494 01c5 0C       		.uleb128 0xc
 495 01c6 22030000 		.4byte	.LASF43
 496 01ca 06       		.byte	0x6
 497 01cb 5F       		.byte	0x5f
 498 01cc CB000000 		.4byte	0xcb
ARM GAS  C:\Users\RECEPC~1\AppData\Local\Temp\ccJoCWGE.s 			page 12


 499 01d0 8C01     		.2byte	0x18c
 500 01d2 0C       		.uleb128 0xc
 501 01d3 870A0000 		.4byte	.LASF44
 502 01d7 06       		.byte	0x6
 503 01d8 62       		.byte	0x62
 504 01d9 DC000000 		.4byte	0xdc
 505 01dd 9001     		.2byte	0x190
 506 01df 0C       		.uleb128 0xc
 507 01e0 BD000000 		.4byte	.LASF45
 508 01e4 06       		.byte	0x6
 509 01e5 63       		.byte	0x63
 510 01e6 15020000 		.4byte	0x215
 511 01ea 9401     		.2byte	0x194
 512 01ec 00       		.byte	0
 513 01ed 06       		.uleb128 0x6
 514 01ee F2010000 		.4byte	0x1f2
 515 01f2 02       		.uleb128 0x2
 516 01f3 01       		.byte	0x1
 517 01f4 02       		.byte	0x2
 518 01f5 360A0000 		.4byte	.LASF46
 519 01f9 0D       		.uleb128 0xd
 520 01fa B3000000 		.4byte	0xb3
 521 01fe 0A020000 		.4byte	0x20a
 522 0202 0E       		.uleb128 0xe
 523 0203 D5000000 		.4byte	0xd5
 524 0207 7F01     		.2byte	0x17f
 525 0209 00       		.byte	0
 526 020a 0F       		.uleb128 0xf
 527 020b 15020000 		.4byte	0x215
 528 020f 10       		.uleb128 0x10
 529 0210 DC000000 		.4byte	0xdc
 530 0214 00       		.byte	0
 531 0215 11       		.uleb128 0x11
 532 0216 04       		.byte	0x4
 533 0217 0A020000 		.4byte	0x20a
 534 021b 03       		.uleb128 0x3
 535 021c 0F0C0000 		.4byte	.LASF47
 536 0220 06       		.byte	0x6
 537 0221 64       		.byte	0x64
 538 0222 26020000 		.4byte	0x226
 539 0226 11       		.uleb128 0x11
 540 0227 04       		.byte	0x4
 541 0228 4C010000 		.4byte	0x14c
 542 022c 12       		.uleb128 0x12
 543 022d AD0A0000 		.4byte	.LASF49
 544 0231 2C       		.byte	0x2c
 545 0232 06       		.byte	0x6
 546 0233 66       		.byte	0x66
 547 0234 5D020000 		.4byte	0x25d
 548 0238 0B       		.uleb128 0xb
 549 0239 8C030000 		.4byte	.LASF50
 550 023d 06       		.byte	0x6
 551 023e 68       		.byte	0x68
 552 023f C6000000 		.4byte	0xc6
 553 0243 00       		.byte	0
 554 0244 0B       		.uleb128 0xb
 555 0245 58030000 		.4byte	.LASF51
ARM GAS  C:\Users\RECEPC~1\AppData\Local\Temp\ccJoCWGE.s 			page 13


 556 0249 06       		.byte	0x6
 557 024a 6A       		.byte	0x6a
 558 024b 5D020000 		.4byte	0x25d
 559 024f 01       		.byte	0x1
 560 0250 0B       		.uleb128 0xb
 561 0251 BD000000 		.4byte	.LASF45
 562 0255 06       		.byte	0x6
 563 0256 6B       		.byte	0x6b
 564 0257 6D020000 		.4byte	0x26d
 565 025b 0C       		.byte	0xc
 566 025c 00       		.byte	0
 567 025d 0D       		.uleb128 0xd
 568 025e 81000000 		.4byte	0x81
 569 0262 6D020000 		.4byte	0x26d
 570 0266 13       		.uleb128 0x13
 571 0267 D5000000 		.4byte	0xd5
 572 026b 07       		.byte	0x7
 573 026c 00       		.byte	0
 574 026d 0D       		.uleb128 0xd
 575 026e 15020000 		.4byte	0x215
 576 0272 7D020000 		.4byte	0x27d
 577 0276 13       		.uleb128 0x13
 578 0277 D5000000 		.4byte	0xd5
 579 027b 07       		.byte	0x7
 580 027c 00       		.byte	0
 581 027d 03       		.uleb128 0x3
 582 027e 560B0000 		.4byte	.LASF52
 583 0282 06       		.byte	0x6
 584 0283 6C       		.byte	0x6c
 585 0284 88020000 		.4byte	0x288
 586 0288 11       		.uleb128 0x11
 587 0289 04       		.byte	0x4
 588 028a 2C020000 		.4byte	0x22c
 589 028e 08       		.uleb128 0x8
 590 028f 3A0E0000 		.4byte	.LASF53
 591 0293 01       		.byte	0x1
 592 0294 07       		.byte	0x7
 593 0295 0F       		.byte	0xf
 594 0296 9D030000 		.4byte	0x39d
 595 029a 09       		.uleb128 0x9
 596 029b 780D0000 		.4byte	.LASF54
 597 029f 01       		.sleb128 1
 598 02a0 09       		.uleb128 0x9
 599 02a1 4C050000 		.4byte	.LASF55
 600 02a5 02       		.sleb128 2
 601 02a6 09       		.uleb128 0x9
 602 02a7 A6010000 		.4byte	.LASF56
 603 02ab 03       		.sleb128 3
 604 02ac 09       		.uleb128 0x9
 605 02ad 7A010000 		.4byte	.LASF57
 606 02b1 04       		.sleb128 4
 607 02b2 09       		.uleb128 0x9
 608 02b3 270E0000 		.4byte	.LASF58
 609 02b7 05       		.sleb128 5
 610 02b8 09       		.uleb128 0x9
 611 02b9 49070000 		.4byte	.LASF59
 612 02bd 06       		.sleb128 6
ARM GAS  C:\Users\RECEPC~1\AppData\Local\Temp\ccJoCWGE.s 			page 14


 613 02be 09       		.uleb128 0x9
 614 02bf 6F040000 		.4byte	.LASF60
 615 02c3 07       		.sleb128 7
 616 02c4 09       		.uleb128 0x9
 617 02c5 310D0000 		.4byte	.LASF61
 618 02c9 08       		.sleb128 8
 619 02ca 09       		.uleb128 0x9
 620 02cb F5090000 		.4byte	.LASF62
 621 02cf 09       		.sleb128 9
 622 02d0 09       		.uleb128 0x9
 623 02d1 66060000 		.4byte	.LASF63
 624 02d5 0A       		.sleb128 10
 625 02d6 09       		.uleb128 0x9
 626 02d7 ED050000 		.4byte	.LASF64
 627 02db 0B       		.sleb128 11
 628 02dc 09       		.uleb128 0x9
 629 02dd 89060000 		.4byte	.LASF65
 630 02e1 0C       		.sleb128 12
 631 02e2 09       		.uleb128 0x9
 632 02e3 21020000 		.4byte	.LASF66
 633 02e7 0D       		.sleb128 13
 634 02e8 09       		.uleb128 0x9
 635 02e9 800B0000 		.4byte	.LASF67
 636 02ed 0E       		.sleb128 14
 637 02ee 09       		.uleb128 0x9
 638 02ef 9B0D0000 		.4byte	.LASF68
 639 02f3 0F       		.sleb128 15
 640 02f4 09       		.uleb128 0x9
 641 02f5 AE080000 		.4byte	.LASF69
 642 02f9 10       		.sleb128 16
 643 02fa 09       		.uleb128 0x9
 644 02fb 1A0B0000 		.4byte	.LASF70
 645 02ff 11       		.sleb128 17
 646 0300 09       		.uleb128 0x9
 647 0301 BB040000 		.4byte	.LASF71
 648 0305 12       		.sleb128 18
 649 0306 09       		.uleb128 0x9
 650 0307 010B0000 		.4byte	.LASF72
 651 030b 13       		.sleb128 19
 652 030c 09       		.uleb128 0x9
 653 030d F2060000 		.4byte	.LASF73
 654 0311 14       		.sleb128 20
 655 0312 09       		.uleb128 0x9
 656 0313 480C0000 		.4byte	.LASF74
 657 0317 15       		.sleb128 21
 658 0318 09       		.uleb128 0x9
 659 0319 05050000 		.4byte	.LASF75
 660 031d 16       		.sleb128 22
 661 031e 09       		.uleb128 0x9
 662 031f FB070000 		.4byte	.LASF76
 663 0323 17       		.sleb128 23
 664 0324 09       		.uleb128 0x9
 665 0325 0C000000 		.4byte	.LASF77
 666 0329 18       		.sleb128 24
 667 032a 09       		.uleb128 0x9
 668 032b 8A070000 		.4byte	.LASF78
 669 032f 19       		.sleb128 25
ARM GAS  C:\Users\RECEPC~1\AppData\Local\Temp\ccJoCWGE.s 			page 15


 670 0330 09       		.uleb128 0x9
 671 0331 E5010000 		.4byte	.LASF79
 672 0335 1A       		.sleb128 26
 673 0336 09       		.uleb128 0x9
 674 0337 A4060000 		.4byte	.LASF80
 675 033b 1B       		.sleb128 27
 676 033c 09       		.uleb128 0x9
 677 033d 55010000 		.4byte	.LASF81
 678 0341 1C       		.sleb128 28
 679 0342 09       		.uleb128 0x9
 680 0343 9A040000 		.4byte	.LASF82
 681 0347 1D       		.sleb128 29
 682 0348 09       		.uleb128 0x9
 683 0349 FA010000 		.4byte	.LASF83
 684 034d 1E       		.sleb128 30
 685 034e 09       		.uleb128 0x9
 686 034f 1A000000 		.4byte	.LASF84
 687 0353 1F       		.sleb128 31
 688 0354 09       		.uleb128 0x9
 689 0355 2E070000 		.4byte	.LASF85
 690 0359 20       		.sleb128 32
 691 035a 09       		.uleb128 0x9
 692 035b 0C040000 		.4byte	.LASF86
 693 035f 21       		.sleb128 33
 694 0360 09       		.uleb128 0x9
 695 0361 98070000 		.4byte	.LASF87
 696 0365 22       		.sleb128 34
 697 0366 09       		.uleb128 0x9
 698 0367 5D070000 		.4byte	.LASF88
 699 036b 23       		.sleb128 35
 700 036c 09       		.uleb128 0x9
 701 036d 9E090000 		.4byte	.LASF89
 702 0371 24       		.sleb128 36
 703 0372 09       		.uleb128 0x9
 704 0373 DB0D0000 		.4byte	.LASF90
 705 0377 25       		.sleb128 37
 706 0378 09       		.uleb128 0x9
 707 0379 66050000 		.4byte	.LASF91
 708 037d 26       		.sleb128 38
 709 037e 09       		.uleb128 0x9
 710 037f 070D0000 		.4byte	.LASF92
 711 0383 27       		.sleb128 39
 712 0384 09       		.uleb128 0x9
 713 0385 61040000 		.4byte	.LASF93
 714 0389 28       		.sleb128 40
 715 038a 09       		.uleb128 0x9
 716 038b BF0A0000 		.4byte	.LASF94
 717 038f 29       		.sleb128 41
 718 0390 09       		.uleb128 0x9
 719 0391 AD050000 		.4byte	.LASF95
 720 0395 2A       		.sleb128 42
 721 0396 09       		.uleb128 0x9
 722 0397 D90B0000 		.4byte	.LASF96
 723 039b 2B       		.sleb128 43
 724 039c 00       		.byte	0
 725 039d 14       		.uleb128 0x14
 726 039e 0C       		.byte	0xc
ARM GAS  C:\Users\RECEPC~1\AppData\Local\Temp\ccJoCWGE.s 			page 16


 727 039f 08       		.byte	0x8
 728 03a0 A3       		.byte	0xa3
 729 03a1 CA030000 		.4byte	0x3ca
 730 03a5 0B       		.uleb128 0xb
 731 03a6 6F010000 		.4byte	.LASF97
 732 03aa 08       		.byte	0x8
 733 03ab A5       		.byte	0xa5
 734 03ac CB000000 		.4byte	0xcb
 735 03b0 00       		.byte	0
 736 03b1 0B       		.uleb128 0xb
 737 03b2 A60E0000 		.4byte	.LASF98
 738 03b6 08       		.byte	0x8
 739 03b7 A6       		.byte	0xa6
 740 03b8 D0000000 		.4byte	0xd0
 741 03bc 04       		.byte	0x4
 742 03bd 0B       		.uleb128 0xb
 743 03be 7C0C0000 		.4byte	.LASF99
 744 03c2 08       		.byte	0x8
 745 03c3 A7       		.byte	0xa7
 746 03c4 D0000000 		.4byte	0xd0
 747 03c8 08       		.byte	0x8
 748 03c9 00       		.byte	0
 749 03ca 03       		.uleb128 0x3
 750 03cb 990E0000 		.4byte	.LASF100
 751 03cf 08       		.byte	0x8
 752 03d0 A9       		.byte	0xa9
 753 03d1 9D030000 		.4byte	0x39d
 754 03d5 08       		.uleb128 0x8
 755 03d6 980A0000 		.4byte	.LASF101
 756 03da 01       		.byte	0x1
 757 03db 08       		.byte	0x8
 758 03dc AB       		.byte	0xab
 759 03dd EE030000 		.4byte	0x3ee
 760 03e1 09       		.uleb128 0x9
 761 03e2 F90C0000 		.4byte	.LASF102
 762 03e6 01       		.sleb128 1
 763 03e7 09       		.uleb128 0x9
 764 03e8 A20B0000 		.4byte	.LASF103
 765 03ec 02       		.sleb128 2
 766 03ed 00       		.byte	0
 767 03ee 14       		.uleb128 0x14
 768 03ef 0A       		.byte	0xa
 769 03f0 08       		.byte	0x8
 770 03f1 B1       		.byte	0xb1
 771 03f2 33040000 		.4byte	0x433
 772 03f6 0B       		.uleb128 0xb
 773 03f7 8C030000 		.4byte	.LASF50
 774 03fb 08       		.byte	0x8
 775 03fc B3       		.byte	0xb3
 776 03fd C6000000 		.4byte	0xc6
 777 0401 00       		.byte	0
 778 0402 0B       		.uleb128 0xb
 779 0403 B90C0000 		.4byte	.LASF104
 780 0407 08       		.byte	0x8
 781 0408 B4       		.byte	0xb4
 782 0409 CB000000 		.4byte	0xcb
 783 040d 02       		.byte	0x2
ARM GAS  C:\Users\RECEPC~1\AppData\Local\Temp\ccJoCWGE.s 			page 17


 784 040e 0B       		.uleb128 0xb
 785 040f F7030000 		.4byte	.LASF105
 786 0413 08       		.byte	0x8
 787 0414 B5       		.byte	0xb5
 788 0415 C6000000 		.4byte	0xc6
 789 0419 04       		.byte	0x4
 790 041a 0B       		.uleb128 0xb
 791 041b 6A0C0000 		.4byte	.LASF106
 792 041f 08       		.byte	0x8
 793 0420 B7       		.byte	0xb7
 794 0421 CB000000 		.4byte	0xcb
 795 0425 06       		.byte	0x6
 796 0426 0B       		.uleb128 0xb
 797 0427 150D0000 		.4byte	.LASF107
 798 042b 08       		.byte	0x8
 799 042c B8       		.byte	0xb8
 800 042d CB000000 		.4byte	0xcb
 801 0431 08       		.byte	0x8
 802 0432 00       		.byte	0
 803 0433 03       		.uleb128 0x3
 804 0434 3B040000 		.4byte	.LASF108
 805 0438 08       		.byte	0x8
 806 0439 B9       		.byte	0xb9
 807 043a EE030000 		.4byte	0x3ee
 808 043e 08       		.uleb128 0x8
 809 043f FB0B0000 		.4byte	.LASF109
 810 0443 02       		.byte	0x2
 811 0444 09       		.byte	0x9
 812 0445 2A       		.byte	0x2a
 813 0446 62050000 		.4byte	0x562
 814 044a 09       		.uleb128 0x9
 815 044b 40020000 		.4byte	.LASF110
 816 044f 00       		.sleb128 0
 817 0450 09       		.uleb128 0x9
 818 0451 5B020000 		.4byte	.LASF111
 819 0455 C000     		.sleb128 64
 820 0457 09       		.uleb128 0x9
 821 0458 76020000 		.4byte	.LASF112
 822 045c 8001     		.sleb128 128
 823 045e 09       		.uleb128 0x9
 824 045f 91020000 		.4byte	.LASF113
 825 0463 C001     		.sleb128 192
 826 0465 09       		.uleb128 0x9
 827 0466 AC020000 		.4byte	.LASF114
 828 046a 8002     		.sleb128 256
 829 046c 09       		.uleb128 0x9
 830 046d C7020000 		.4byte	.LASF115
 831 0471 C002     		.sleb128 320
 832 0473 09       		.uleb128 0x9
 833 0474 E2020000 		.4byte	.LASF116
 834 0478 8003     		.sleb128 384
 835 047a 09       		.uleb128 0x9
 836 047b FD020000 		.4byte	.LASF117
 837 047f C003     		.sleb128 448
 838 0481 09       		.uleb128 0x9
 839 0482 8B080000 		.4byte	.LASF118
 840 0486 8004     		.sleb128 512
ARM GAS  C:\Users\RECEPC~1\AppData\Local\Temp\ccJoCWGE.s 			page 18


 841 0488 09       		.uleb128 0x9
 842 0489 960C0000 		.4byte	.LASF119
 843 048d C004     		.sleb128 576
 844 048f 09       		.uleb128 0x9
 845 0490 760E0000 		.4byte	.LASF120
 846 0494 8005     		.sleb128 640
 847 0496 09       		.uleb128 0x9
 848 0497 C3090000 		.4byte	.LASF121
 849 049b C005     		.sleb128 704
 850 049d 09       		.uleb128 0x9
 851 049e 2E030000 		.4byte	.LASF122
 852 04a2 8006     		.sleb128 768
 853 04a4 09       		.uleb128 0x9
 854 04a5 B7070000 		.4byte	.LASF123
 855 04a9 C006     		.sleb128 832
 856 04ab 09       		.uleb128 0x9
 857 04ac 4E0D0000 		.4byte	.LASF124
 858 04b0 8007     		.sleb128 896
 859 04b2 09       		.uleb128 0x9
 860 04b3 62030000 		.4byte	.LASF125
 861 04b7 C007     		.sleb128 960
 862 04b9 09       		.uleb128 0x9
 863 04ba 110A0000 		.4byte	.LASF126
 864 04be 8008     		.sleb128 1024
 865 04c0 09       		.uleb128 0x9
 866 04c1 09070000 		.4byte	.LASF127
 867 04c5 C008     		.sleb128 1088
 868 04c7 09       		.uleb128 0x9
 869 04c8 66080000 		.4byte	.LASF128
 870 04cc 8009     		.sleb128 1152
 871 04ce 09       		.uleb128 0x9
 872 04cf B40B0000 		.4byte	.LASF129
 873 04d3 C009     		.sleb128 1216
 874 04d5 09       		.uleb128 0x9
 875 04d6 C6000000 		.4byte	.LASF130
 876 04da 800A     		.sleb128 1280
 877 04dc 09       		.uleb128 0x9
 878 04dd 32080000 		.4byte	.LASF131
 879 04e1 C00A     		.sleb128 1344
 880 04e3 09       		.uleb128 0x9
 881 04e4 F0000000 		.4byte	.LASF132
 882 04e8 800B     		.sleb128 1408
 883 04ea 09       		.uleb128 0x9
 884 04eb 0E010000 		.4byte	.LASF133
 885 04ef C00B     		.sleb128 1472
 886 04f1 09       		.uleb128 0x9
 887 04f2 D00C0000 		.4byte	.LASF134
 888 04f6 800C     		.sleb128 1536
 889 04f8 09       		.uleb128 0x9
 890 04f9 DC040000 		.4byte	.LASF135
 891 04fd C00C     		.sleb128 1600
 892 04ff 09       		.uleb128 0x9
 893 0500 C9060000 		.4byte	.LASF136
 894 0504 800D     		.sleb128 1664
 895 0506 09       		.uleb128 0x9
 896 0507 F40D0000 		.4byte	.LASF137
 897 050b C00D     		.sleb128 1728
ARM GAS  C:\Users\RECEPC~1\AppData\Local\Temp\ccJoCWGE.s 			page 19


 898 050d 09       		.uleb128 0x9
 899 050e 2C010000 		.4byte	.LASF138
 900 0512 800E     		.sleb128 1792
 901 0514 09       		.uleb128 0x9
 902 0515 09080000 		.4byte	.LASF139
 903 0519 C00E     		.sleb128 1856
 904 051b 09       		.uleb128 0x9
 905 051c D80A0000 		.4byte	.LASF140
 906 0520 800F     		.sleb128 1920
 907 0522 09       		.uleb128 0x9
 908 0523 CE030000 		.4byte	.LASF141
 909 0527 C00F     		.sleb128 1984
 910 0529 09       		.uleb128 0x9
 911 052a 23050000 		.4byte	.LASF142
 912 052e 8010     		.sleb128 2048
 913 0530 09       		.uleb128 0x9
 914 0531 1F0C0000 		.4byte	.LASF143
 915 0535 C010     		.sleb128 2112
 916 0537 09       		.uleb128 0x9
 917 0538 4D0E0000 		.4byte	.LASF144
 918 053c 8011     		.sleb128 2176
 919 053e 09       		.uleb128 0x9
 920 053f 2B060000 		.4byte	.LASF145
 921 0543 C011     		.sleb128 2240
 922 0545 09       		.uleb128 0x9
 923 0546 6A090000 		.4byte	.LASF146
 924 054a 8012     		.sleb128 2304
 925 054c 09       		.uleb128 0x9
 926 054d 2D000000 		.4byte	.LASF147
 927 0551 C012     		.sleb128 2368
 928 0553 09       		.uleb128 0x9
 929 0554 93030000 		.4byte	.LASF148
 930 0558 8013     		.sleb128 2432
 931 055a 09       		.uleb128 0x9
 932 055b 520A0000 		.4byte	.LASF149
 933 055f C013     		.sleb128 2496
 934 0561 00       		.byte	0
 935 0562 15       		.uleb128 0x15
 936 0563 57090000 		.4byte	.LASF160
 937 0567 01       		.byte	0x1
 938 0568 1F       		.byte	0x1f
 939 0569 00000000 		.4byte	.LFB63
 940 056d DC000000 		.4byte	.LFE63-.LFB63
 941 0571 01       		.uleb128 0x1
 942 0572 9C       		.byte	0x9c
 943 0573 AC050000 		.4byte	0x5ac
 944 0577 16       		.uleb128 0x16
 945 0578 5A080000 		.4byte	.LASF150
 946 057c 01       		.byte	0x1
 947 057d 21       		.byte	0x21
 948 057e 7D020000 		.4byte	0x27d
 949 0582 02       		.uleb128 0x2
 950 0583 91       		.byte	0x91
 951 0584 74       		.sleb128 -12
 952 0585 16       		.uleb128 0x16
 953 0586 BC030000 		.4byte	.LASF151
 954 058a 01       		.byte	0x1
ARM GAS  C:\Users\RECEPC~1\AppData\Local\Temp\ccJoCWGE.s 			page 20


 955 058b 3D       		.byte	0x3d
 956 058c 1B020000 		.4byte	0x21b
 957 0590 02       		.uleb128 0x2
 958 0591 91       		.byte	0x91
 959 0592 6C       		.sleb128 -20
 960 0593 17       		.uleb128 0x17
 961 0594 12000000 		.4byte	.LBB2
 962 0598 3C000000 		.4byte	.LBE2-.LBB2
 963 059c 16       		.uleb128 0x16
 964 059d 640C0000 		.4byte	.LASF152
 965 05a1 01       		.byte	0x1
 966 05a2 24       		.byte	0x24
 967 05a3 81000000 		.4byte	0x81
 968 05a7 02       		.uleb128 0x2
 969 05a8 91       		.byte	0x91
 970 05a9 73       		.sleb128 -13
 971 05aa 00       		.byte	0
 972 05ab 00       		.byte	0
 973 05ac 18       		.uleb128 0x18
 974 05ad 70070000 		.4byte	.LASF161
 975 05b1 01       		.byte	0x1
 976 05b2 72       		.byte	0x72
 977 05b3 00000000 		.4byte	.LFB64
 978 05b7 64000000 		.4byte	.LFE64-.LFB64
 979 05bb 01       		.uleb128 0x1
 980 05bc 9C       		.byte	0x9c
 981 05bd DE050000 		.4byte	0x5de
 982 05c1 19       		.uleb128 0x19
 983 05c2 5F060000 		.4byte	.LASF162
 984 05c6 01       		.byte	0x1
 985 05c7 72       		.byte	0x72
 986 05c8 E5000000 		.4byte	0xe5
 987 05cc 02       		.uleb128 0x2
 988 05cd 91       		.byte	0x91
 989 05ce 6C       		.sleb128 -20
 990 05cf 16       		.uleb128 0x16
 991 05d0 7B0A0000 		.4byte	.LASF153
 992 05d4 01       		.byte	0x1
 993 05d5 76       		.byte	0x76
 994 05d6 8D000000 		.4byte	0x8d
 995 05da 02       		.uleb128 0x2
 996 05db 91       		.byte	0x91
 997 05dc 76       		.sleb128 -10
 998 05dd 00       		.byte	0
 999 05de 1A       		.uleb128 0x1a
 1000 05df 14020000 		.4byte	.LASF154
 1001 05e3 0A       		.byte	0xa
 1002 05e4 5506     		.2byte	0x655
 1003 05e6 EA050000 		.4byte	0x5ea
 1004 05ea 06       		.uleb128 0x6
 1005 05eb 76000000 		.4byte	0x76
 1006 05ef 1B       		.uleb128 0x1b
 1007 05f0 7C050000 		.4byte	.LASF155
 1008 05f4 01       		.byte	0x1
 1009 05f5 18       		.byte	0x18
 1010 05f6 33040000 		.4byte	0x433
 1011 05fa 05       		.uleb128 0x5
ARM GAS  C:\Users\RECEPC~1\AppData\Local\Temp\ccJoCWGE.s 			page 21


 1012 05fb 03       		.byte	0x3
 1013 05fc 00000000 		.4byte	_g_rfautorun
 1014 0600 1C       		.uleb128 0x1c
 1015 0601 690B0000 		.4byte	.LASF156
 1016 0605 08       		.byte	0x8
 1017 0606 C8       		.byte	0xc8
 1018 0607 CA030000 		.4byte	0x3ca
 1019 060b 00       		.byte	0
 1020              		.section	.debug_abbrev,"",%progbits
 1021              	.Ldebug_abbrev0:
 1022 0000 01       		.uleb128 0x1
 1023 0001 11       		.uleb128 0x11
 1024 0002 01       		.byte	0x1
 1025 0003 25       		.uleb128 0x25
 1026 0004 0E       		.uleb128 0xe
 1027 0005 13       		.uleb128 0x13
 1028 0006 0B       		.uleb128 0xb
 1029 0007 03       		.uleb128 0x3
 1030 0008 0E       		.uleb128 0xe
 1031 0009 1B       		.uleb128 0x1b
 1032 000a 0E       		.uleb128 0xe
 1033 000b 55       		.uleb128 0x55
 1034 000c 17       		.uleb128 0x17
 1035 000d 11       		.uleb128 0x11
 1036 000e 01       		.uleb128 0x1
 1037 000f 10       		.uleb128 0x10
 1038 0010 17       		.uleb128 0x17
 1039 0011 00       		.byte	0
 1040 0012 00       		.byte	0
 1041 0013 02       		.uleb128 0x2
 1042 0014 24       		.uleb128 0x24
 1043 0015 00       		.byte	0
 1044 0016 0B       		.uleb128 0xb
 1045 0017 0B       		.uleb128 0xb
 1046 0018 3E       		.uleb128 0x3e
 1047 0019 0B       		.uleb128 0xb
 1048 001a 03       		.uleb128 0x3
 1049 001b 0E       		.uleb128 0xe
 1050 001c 00       		.byte	0
 1051 001d 00       		.byte	0
 1052 001e 03       		.uleb128 0x3
 1053 001f 16       		.uleb128 0x16
 1054 0020 00       		.byte	0
 1055 0021 03       		.uleb128 0x3
 1056 0022 0E       		.uleb128 0xe
 1057 0023 3A       		.uleb128 0x3a
 1058 0024 0B       		.uleb128 0xb
 1059 0025 3B       		.uleb128 0x3b
 1060 0026 0B       		.uleb128 0xb
 1061 0027 49       		.uleb128 0x49
 1062 0028 13       		.uleb128 0x13
 1063 0029 00       		.byte	0
 1064 002a 00       		.byte	0
 1065 002b 04       		.uleb128 0x4
 1066 002c 24       		.uleb128 0x24
 1067 002d 00       		.byte	0
 1068 002e 0B       		.uleb128 0xb
ARM GAS  C:\Users\RECEPC~1\AppData\Local\Temp\ccJoCWGE.s 			page 22


 1069 002f 0B       		.uleb128 0xb
 1070 0030 3E       		.uleb128 0x3e
 1071 0031 0B       		.uleb128 0xb
 1072 0032 03       		.uleb128 0x3
 1073 0033 08       		.uleb128 0x8
 1074 0034 00       		.byte	0
 1075 0035 00       		.byte	0
 1076 0036 05       		.uleb128 0x5
 1077 0037 16       		.uleb128 0x16
 1078 0038 00       		.byte	0
 1079 0039 03       		.uleb128 0x3
 1080 003a 0E       		.uleb128 0xe
 1081 003b 3A       		.uleb128 0x3a
 1082 003c 0B       		.uleb128 0xb
 1083 003d 3B       		.uleb128 0x3b
 1084 003e 05       		.uleb128 0x5
 1085 003f 49       		.uleb128 0x49
 1086 0040 13       		.uleb128 0x13
 1087 0041 00       		.byte	0
 1088 0042 00       		.byte	0
 1089 0043 06       		.uleb128 0x6
 1090 0044 35       		.uleb128 0x35
 1091 0045 00       		.byte	0
 1092 0046 49       		.uleb128 0x49
 1093 0047 13       		.uleb128 0x13
 1094 0048 00       		.byte	0
 1095 0049 00       		.byte	0
 1096 004a 07       		.uleb128 0x7
 1097 004b 0F       		.uleb128 0xf
 1098 004c 00       		.byte	0
 1099 004d 0B       		.uleb128 0xb
 1100 004e 0B       		.uleb128 0xb
 1101 004f 00       		.byte	0
 1102 0050 00       		.byte	0
 1103 0051 08       		.uleb128 0x8
 1104 0052 04       		.uleb128 0x4
 1105 0053 01       		.byte	0x1
 1106 0054 03       		.uleb128 0x3
 1107 0055 0E       		.uleb128 0xe
 1108 0056 0B       		.uleb128 0xb
 1109 0057 0B       		.uleb128 0xb
 1110 0058 3A       		.uleb128 0x3a
 1111 0059 0B       		.uleb128 0xb
 1112 005a 3B       		.uleb128 0x3b
 1113 005b 0B       		.uleb128 0xb
 1114 005c 01       		.uleb128 0x1
 1115 005d 13       		.uleb128 0x13
 1116 005e 00       		.byte	0
 1117 005f 00       		.byte	0
 1118 0060 09       		.uleb128 0x9
 1119 0061 28       		.uleb128 0x28
 1120 0062 00       		.byte	0
 1121 0063 03       		.uleb128 0x3
 1122 0064 0E       		.uleb128 0xe
 1123 0065 1C       		.uleb128 0x1c
 1124 0066 0D       		.uleb128 0xd
 1125 0067 00       		.byte	0
ARM GAS  C:\Users\RECEPC~1\AppData\Local\Temp\ccJoCWGE.s 			page 23


 1126 0068 00       		.byte	0
 1127 0069 0A       		.uleb128 0xa
 1128 006a 13       		.uleb128 0x13
 1129 006b 01       		.byte	0x1
 1130 006c 03       		.uleb128 0x3
 1131 006d 0E       		.uleb128 0xe
 1132 006e 0B       		.uleb128 0xb
 1133 006f 05       		.uleb128 0x5
 1134 0070 3A       		.uleb128 0x3a
 1135 0071 0B       		.uleb128 0xb
 1136 0072 3B       		.uleb128 0x3b
 1137 0073 0B       		.uleb128 0xb
 1138 0074 01       		.uleb128 0x1
 1139 0075 13       		.uleb128 0x13
 1140 0076 00       		.byte	0
 1141 0077 00       		.byte	0
 1142 0078 0B       		.uleb128 0xb
 1143 0079 0D       		.uleb128 0xd
 1144 007a 00       		.byte	0
 1145 007b 03       		.uleb128 0x3
 1146 007c 0E       		.uleb128 0xe
 1147 007d 3A       		.uleb128 0x3a
 1148 007e 0B       		.uleb128 0xb
 1149 007f 3B       		.uleb128 0x3b
 1150 0080 0B       		.uleb128 0xb
 1151 0081 49       		.uleb128 0x49
 1152 0082 13       		.uleb128 0x13
 1153 0083 38       		.uleb128 0x38
 1154 0084 0B       		.uleb128 0xb
 1155 0085 00       		.byte	0
 1156 0086 00       		.byte	0
 1157 0087 0C       		.uleb128 0xc
 1158 0088 0D       		.uleb128 0xd
 1159 0089 00       		.byte	0
 1160 008a 03       		.uleb128 0x3
 1161 008b 0E       		.uleb128 0xe
 1162 008c 3A       		.uleb128 0x3a
 1163 008d 0B       		.uleb128 0xb
 1164 008e 3B       		.uleb128 0x3b
 1165 008f 0B       		.uleb128 0xb
 1166 0090 49       		.uleb128 0x49
 1167 0091 13       		.uleb128 0x13
 1168 0092 38       		.uleb128 0x38
 1169 0093 05       		.uleb128 0x5
 1170 0094 00       		.byte	0
 1171 0095 00       		.byte	0
 1172 0096 0D       		.uleb128 0xd
 1173 0097 01       		.uleb128 0x1
 1174 0098 01       		.byte	0x1
 1175 0099 49       		.uleb128 0x49
 1176 009a 13       		.uleb128 0x13
 1177 009b 01       		.uleb128 0x1
 1178 009c 13       		.uleb128 0x13
 1179 009d 00       		.byte	0
 1180 009e 00       		.byte	0
 1181 009f 0E       		.uleb128 0xe
 1182 00a0 21       		.uleb128 0x21
ARM GAS  C:\Users\RECEPC~1\AppData\Local\Temp\ccJoCWGE.s 			page 24


 1183 00a1 00       		.byte	0
 1184 00a2 49       		.uleb128 0x49
 1185 00a3 13       		.uleb128 0x13
 1186 00a4 2F       		.uleb128 0x2f
 1187 00a5 05       		.uleb128 0x5
 1188 00a6 00       		.byte	0
 1189 00a7 00       		.byte	0
 1190 00a8 0F       		.uleb128 0xf
 1191 00a9 15       		.uleb128 0x15
 1192 00aa 01       		.byte	0x1
 1193 00ab 27       		.uleb128 0x27
 1194 00ac 19       		.uleb128 0x19
 1195 00ad 01       		.uleb128 0x1
 1196 00ae 13       		.uleb128 0x13
 1197 00af 00       		.byte	0
 1198 00b0 00       		.byte	0
 1199 00b1 10       		.uleb128 0x10
 1200 00b2 05       		.uleb128 0x5
 1201 00b3 00       		.byte	0
 1202 00b4 49       		.uleb128 0x49
 1203 00b5 13       		.uleb128 0x13
 1204 00b6 00       		.byte	0
 1205 00b7 00       		.byte	0
 1206 00b8 11       		.uleb128 0x11
 1207 00b9 0F       		.uleb128 0xf
 1208 00ba 00       		.byte	0
 1209 00bb 0B       		.uleb128 0xb
 1210 00bc 0B       		.uleb128 0xb
 1211 00bd 49       		.uleb128 0x49
 1212 00be 13       		.uleb128 0x13
 1213 00bf 00       		.byte	0
 1214 00c0 00       		.byte	0
 1215 00c1 12       		.uleb128 0x12
 1216 00c2 13       		.uleb128 0x13
 1217 00c3 01       		.byte	0x1
 1218 00c4 03       		.uleb128 0x3
 1219 00c5 0E       		.uleb128 0xe
 1220 00c6 0B       		.uleb128 0xb
 1221 00c7 0B       		.uleb128 0xb
 1222 00c8 3A       		.uleb128 0x3a
 1223 00c9 0B       		.uleb128 0xb
 1224 00ca 3B       		.uleb128 0x3b
 1225 00cb 0B       		.uleb128 0xb
 1226 00cc 01       		.uleb128 0x1
 1227 00cd 13       		.uleb128 0x13
 1228 00ce 00       		.byte	0
 1229 00cf 00       		.byte	0
 1230 00d0 13       		.uleb128 0x13
 1231 00d1 21       		.uleb128 0x21
 1232 00d2 00       		.byte	0
 1233 00d3 49       		.uleb128 0x49
 1234 00d4 13       		.uleb128 0x13
 1235 00d5 2F       		.uleb128 0x2f
 1236 00d6 0B       		.uleb128 0xb
 1237 00d7 00       		.byte	0
 1238 00d8 00       		.byte	0
 1239 00d9 14       		.uleb128 0x14
ARM GAS  C:\Users\RECEPC~1\AppData\Local\Temp\ccJoCWGE.s 			page 25


 1240 00da 13       		.uleb128 0x13
 1241 00db 01       		.byte	0x1
 1242 00dc 0B       		.uleb128 0xb
 1243 00dd 0B       		.uleb128 0xb
 1244 00de 3A       		.uleb128 0x3a
 1245 00df 0B       		.uleb128 0xb
 1246 00e0 3B       		.uleb128 0x3b
 1247 00e1 0B       		.uleb128 0xb
 1248 00e2 01       		.uleb128 0x1
 1249 00e3 13       		.uleb128 0x13
 1250 00e4 00       		.byte	0
 1251 00e5 00       		.byte	0
 1252 00e6 15       		.uleb128 0x15
 1253 00e7 2E       		.uleb128 0x2e
 1254 00e8 01       		.byte	0x1
 1255 00e9 3F       		.uleb128 0x3f
 1256 00ea 19       		.uleb128 0x19
 1257 00eb 03       		.uleb128 0x3
 1258 00ec 0E       		.uleb128 0xe
 1259 00ed 3A       		.uleb128 0x3a
 1260 00ee 0B       		.uleb128 0xb
 1261 00ef 3B       		.uleb128 0x3b
 1262 00f0 0B       		.uleb128 0xb
 1263 00f1 11       		.uleb128 0x11
 1264 00f2 01       		.uleb128 0x1
 1265 00f3 12       		.uleb128 0x12
 1266 00f4 06       		.uleb128 0x6
 1267 00f5 40       		.uleb128 0x40
 1268 00f6 18       		.uleb128 0x18
 1269 00f7 9642     		.uleb128 0x2116
 1270 00f9 19       		.uleb128 0x19
 1271 00fa 01       		.uleb128 0x1
 1272 00fb 13       		.uleb128 0x13
 1273 00fc 00       		.byte	0
 1274 00fd 00       		.byte	0
 1275 00fe 16       		.uleb128 0x16
 1276 00ff 34       		.uleb128 0x34
 1277 0100 00       		.byte	0
 1278 0101 03       		.uleb128 0x3
 1279 0102 0E       		.uleb128 0xe
 1280 0103 3A       		.uleb128 0x3a
 1281 0104 0B       		.uleb128 0xb
 1282 0105 3B       		.uleb128 0x3b
 1283 0106 0B       		.uleb128 0xb
 1284 0107 49       		.uleb128 0x49
 1285 0108 13       		.uleb128 0x13
 1286 0109 02       		.uleb128 0x2
 1287 010a 18       		.uleb128 0x18
 1288 010b 00       		.byte	0
 1289 010c 00       		.byte	0
 1290 010d 17       		.uleb128 0x17
 1291 010e 0B       		.uleb128 0xb
 1292 010f 01       		.byte	0x1
 1293 0110 11       		.uleb128 0x11
 1294 0111 01       		.uleb128 0x1
 1295 0112 12       		.uleb128 0x12
 1296 0113 06       		.uleb128 0x6
ARM GAS  C:\Users\RECEPC~1\AppData\Local\Temp\ccJoCWGE.s 			page 26


 1297 0114 00       		.byte	0
 1298 0115 00       		.byte	0
 1299 0116 18       		.uleb128 0x18
 1300 0117 2E       		.uleb128 0x2e
 1301 0118 01       		.byte	0x1
 1302 0119 3F       		.uleb128 0x3f
 1303 011a 19       		.uleb128 0x19
 1304 011b 03       		.uleb128 0x3
 1305 011c 0E       		.uleb128 0xe
 1306 011d 3A       		.uleb128 0x3a
 1307 011e 0B       		.uleb128 0xb
 1308 011f 3B       		.uleb128 0x3b
 1309 0120 0B       		.uleb128 0xb
 1310 0121 27       		.uleb128 0x27
 1311 0122 19       		.uleb128 0x19
 1312 0123 11       		.uleb128 0x11
 1313 0124 01       		.uleb128 0x1
 1314 0125 12       		.uleb128 0x12
 1315 0126 06       		.uleb128 0x6
 1316 0127 40       		.uleb128 0x40
 1317 0128 18       		.uleb128 0x18
 1318 0129 9742     		.uleb128 0x2117
 1319 012b 19       		.uleb128 0x19
 1320 012c 01       		.uleb128 0x1
 1321 012d 13       		.uleb128 0x13
 1322 012e 00       		.byte	0
 1323 012f 00       		.byte	0
 1324 0130 19       		.uleb128 0x19
 1325 0131 05       		.uleb128 0x5
 1326 0132 00       		.byte	0
 1327 0133 03       		.uleb128 0x3
 1328 0134 0E       		.uleb128 0xe
 1329 0135 3A       		.uleb128 0x3a
 1330 0136 0B       		.uleb128 0xb
 1331 0137 3B       		.uleb128 0x3b
 1332 0138 0B       		.uleb128 0xb
 1333 0139 49       		.uleb128 0x49
 1334 013a 13       		.uleb128 0x13
 1335 013b 02       		.uleb128 0x2
 1336 013c 18       		.uleb128 0x18
 1337 013d 00       		.byte	0
 1338 013e 00       		.byte	0
 1339 013f 1A       		.uleb128 0x1a
 1340 0140 34       		.uleb128 0x34
 1341 0141 00       		.byte	0
 1342 0142 03       		.uleb128 0x3
 1343 0143 0E       		.uleb128 0xe
 1344 0144 3A       		.uleb128 0x3a
 1345 0145 0B       		.uleb128 0xb
 1346 0146 3B       		.uleb128 0x3b
 1347 0147 05       		.uleb128 0x5
 1348 0148 49       		.uleb128 0x49
 1349 0149 13       		.uleb128 0x13
 1350 014a 3F       		.uleb128 0x3f
 1351 014b 19       		.uleb128 0x19
 1352 014c 3C       		.uleb128 0x3c
 1353 014d 19       		.uleb128 0x19
ARM GAS  C:\Users\RECEPC~1\AppData\Local\Temp\ccJoCWGE.s 			page 27


 1354 014e 00       		.byte	0
 1355 014f 00       		.byte	0
 1356 0150 1B       		.uleb128 0x1b
 1357 0151 34       		.uleb128 0x34
 1358 0152 00       		.byte	0
 1359 0153 03       		.uleb128 0x3
 1360 0154 0E       		.uleb128 0xe
 1361 0155 3A       		.uleb128 0x3a
 1362 0156 0B       		.uleb128 0xb
 1363 0157 3B       		.uleb128 0x3b
 1364 0158 0B       		.uleb128 0xb
 1365 0159 49       		.uleb128 0x49
 1366 015a 13       		.uleb128 0x13
 1367 015b 3F       		.uleb128 0x3f
 1368 015c 19       		.uleb128 0x19
 1369 015d 02       		.uleb128 0x2
 1370 015e 18       		.uleb128 0x18
 1371 015f 00       		.byte	0
 1372 0160 00       		.byte	0
 1373 0161 1C       		.uleb128 0x1c
 1374 0162 34       		.uleb128 0x34
 1375 0163 00       		.byte	0
 1376 0164 03       		.uleb128 0x3
 1377 0165 0E       		.uleb128 0xe
 1378 0166 3A       		.uleb128 0x3a
 1379 0167 0B       		.uleb128 0xb
 1380 0168 3B       		.uleb128 0x3b
 1381 0169 0B       		.uleb128 0xb
 1382 016a 49       		.uleb128 0x49
 1383 016b 13       		.uleb128 0x13
 1384 016c 3F       		.uleb128 0x3f
 1385 016d 19       		.uleb128 0x19
 1386 016e 3C       		.uleb128 0x3c
 1387 016f 19       		.uleb128 0x19
 1388 0170 00       		.byte	0
 1389 0171 00       		.byte	0
 1390 0172 00       		.byte	0
 1391              		.section	.debug_aranges,"",%progbits
 1392 0000 24000000 		.4byte	0x24
 1393 0004 0200     		.2byte	0x2
 1394 0006 00000000 		.4byte	.Ldebug_info0
 1395 000a 04       		.byte	0x4
 1396 000b 00       		.byte	0
 1397 000c 0000     		.2byte	0
 1398 000e 0000     		.2byte	0
 1399 0010 00000000 		.4byte	.LFB63
 1400 0014 DC000000 		.4byte	.LFE63-.LFB63
 1401 0018 00000000 		.4byte	.LFB64
 1402 001c 64000000 		.4byte	.LFE64-.LFB64
 1403 0020 00000000 		.4byte	0
 1404 0024 00000000 		.4byte	0
 1405              		.section	.debug_ranges,"",%progbits
 1406              	.Ldebug_ranges0:
 1407 0000 00000000 		.4byte	.LFB63
 1408 0004 DC000000 		.4byte	.LFE63
 1409 0008 00000000 		.4byte	.LFB64
 1410 000c 64000000 		.4byte	.LFE64
ARM GAS  C:\Users\RECEPC~1\AppData\Local\Temp\ccJoCWGE.s 			page 28


 1411 0010 00000000 		.4byte	0
 1412 0014 00000000 		.4byte	0
 1413              		.section	.debug_line,"",%progbits
 1414              	.Ldebug_line0:
 1415 0000 F4010000 		.section	.debug_str,"MS",%progbits,1
 1415      0200AA01 
 1415      00000201 
 1415      FB0E0D00 
 1415      01010101 
 1416              	.LASF21:
 1417 0000 4E4F4E45 		.ascii	"NONE\000"
 1417      00
 1418              	.LASF12:
 1419 0005 75696E74 		.ascii	"uint16\000"
 1419      313600
 1420              	.LASF77:
 1421 000c 5052494E 		.ascii	"PRINTER21_JOB\000"
 1421      54455232 
 1421      315F4A4F 
 1421      4200
 1422              	.LASF84:
 1423 001a 44495350 		.ascii	"DISPLAY1_RECEPTION\000"
 1423      4C415931 
 1423      5F524543 
 1423      45505449 
 1423      4F4E00
 1424              	.LASF147:
 1425 002d 45455052 		.ascii	"EEPROM_DISPENSER_PUMP42_TRANSACTION_PAGE\000"
 1425      4F4D5F44 
 1425      49535045 
 1425      4E534552 
 1425      5F50554D 
 1426              	.LASF159:
 1427 0056 433A5C55 		.ascii	"C:\\Users\\Recepcion\\Documents\\CorEx-MUX-Kernel-E"
 1427      73657273 
 1427      5C526563 
 1427      65706369 
 1427      6F6E5C44 
 1428 0085 6E68616E 		.ascii	"nhanced-COPIA RECIBO\\Workspace01\\CorEx-Mux-Kernel"
 1428      6365642D 
 1428      434F5049 
 1428      41205245 
 1428      4349424F 
 1429 00b6 2E637964 		.ascii	".cydsn\000"
 1429      736E00
 1430              	.LASF45:
 1431 00bd 43616C6C 		.ascii	"Callback\000"
 1431      6261636B 
 1431      00
 1432              	.LASF130:
 1433 00c6 45455052 		.ascii	"EEPROM_INSEPET_RESERVED_PAGE1\000"
 1433      4F4D5F49 
 1433      4E534550 
 1433      45545F52 
 1433      45534552 
 1434              	.LASF0:
 1435 00e4 7369676E 		.ascii	"signed char\000"
ARM GAS  C:\Users\RECEPC~1\AppData\Local\Temp\ccJoCWGE.s 			page 29


 1435      65642063 
 1435      68617200 
 1436              	.LASF132:
 1437 00f0 45455052 		.ascii	"EEPROM_INSEPET_RESERVED_PAGE3\000"
 1437      4F4D5F49 
 1437      4E534550 
 1437      45545F52 
 1437      45534552 
 1438              	.LASF133:
 1439 010e 45455052 		.ascii	"EEPROM_INSEPET_RESERVED_PAGE4\000"
 1439      4F4D5F49 
 1439      4E534550 
 1439      45545F52 
 1439      45534552 
 1440              	.LASF138:
 1441 012c 45455052 		.ascii	"EEPROM_DISPENSER_PUMP21_TRANSACTION_PAGE\000"
 1441      4F4D5F44 
 1441      49535045 
 1441      4E534552 
 1441      5F50554D 
 1442              	.LASF81:
 1443 0155 5052494E 		.ascii	"PRINTER1_GENERIC_JOB_LOGO\000"
 1443      54455231 
 1443      5F47454E 
 1443      45524943 
 1443      5F4A4F42 
 1444              	.LASF97:
 1445 016f 5F726663 		.ascii	"_rfcounter\000"
 1445      6F756E74 
 1445      657200
 1446              	.LASF57:
 1447 017a 53494E4B 		.ascii	"SINK_UPDATE_COUNTERS\000"
 1447      5F555044 
 1447      4154455F 
 1447      434F554E 
 1447      54455253 
 1448              	.LASF7:
 1449 018f 6C6F6E67 		.ascii	"long long unsigned int\000"
 1449      206C6F6E 
 1449      6720756E 
 1449      7369676E 
 1449      65642069 
 1450              	.LASF56:
 1451 01a6 55415254 		.ascii	"UART_RF_AUTONOMOUS_MONITOR\000"
 1451      5F52465F 
 1451      4155544F 
 1451      4E4F4D4F 
 1451      55535F4D 
 1452              	.LASF28:
 1453 01c1 414C4C49 		.ascii	"ALLINTERESTEDFOREVER\000"
 1453      4E544552 
 1453      45535445 
 1453      44464F52 
 1453      45564552 
 1454              	.LASF29:
 1455 01d6 5F4D4553 		.ascii	"_MESSAGE_TYPE_\000"
 1455      53414745 
ARM GAS  C:\Users\RECEPC~1\AppData\Local\Temp\ccJoCWGE.s 			page 30


 1455      5F545950 
 1455      455F00
 1456              	.LASF79:
 1457 01e5 5052494E 		.ascii	"PRINTER1_GENERIC_JOB\000"
 1457      54455231 
 1457      5F47454E 
 1457      45524943 
 1457      5F4A4F42 
 1458              	.LASF83:
 1459 01fa 44495350 		.ascii	"DISPLAY_UPDATE_PUMP_STATE\000"
 1459      4C41595F 
 1459      55504441 
 1459      54455F50 
 1459      554D505F 
 1460              	.LASF154:
 1461 0214 49544D5F 		.ascii	"ITM_RxBuffer\000"
 1461      52784275 
 1461      66666572 
 1461      00
 1462              	.LASF66:
 1463 0221 44495350 		.ascii	"DISPENSER_LOAD_EEPROM_SETTINGS\000"
 1463      454E5345 
 1463      525F4C4F 
 1463      41445F45 
 1463      4550524F 
 1464              	.LASF110:
 1465 0240 45455052 		.ascii	"EEPROM_CONFIGURATION_PAGE0\000"
 1465      4F4D5F43 
 1465      4F4E4649 
 1465      47555241 
 1465      54494F4E 
 1466              	.LASF111:
 1467 025b 45455052 		.ascii	"EEPROM_CONFIGURATION_PAGE1\000"
 1467      4F4D5F43 
 1467      4F4E4649 
 1467      47555241 
 1467      54494F4E 
 1468              	.LASF112:
 1469 0276 45455052 		.ascii	"EEPROM_CONFIGURATION_PAGE2\000"
 1469      4F4D5F43 
 1469      4F4E4649 
 1469      47555241 
 1469      54494F4E 
 1470              	.LASF113:
 1471 0291 45455052 		.ascii	"EEPROM_CONFIGURATION_PAGE3\000"
 1471      4F4D5F43 
 1471      4F4E4649 
 1471      47555241 
 1471      54494F4E 
 1472              	.LASF114:
 1473 02ac 45455052 		.ascii	"EEPROM_CONFIGURATION_PAGE4\000"
 1473      4F4D5F43 
 1473      4F4E4649 
 1473      47555241 
 1473      54494F4E 
 1474              	.LASF115:
 1475 02c7 45455052 		.ascii	"EEPROM_CONFIGURATION_PAGE5\000"
ARM GAS  C:\Users\RECEPC~1\AppData\Local\Temp\ccJoCWGE.s 			page 31


 1475      4F4D5F43 
 1475      4F4E4649 
 1475      47555241 
 1475      54494F4E 
 1476              	.LASF116:
 1477 02e2 45455052 		.ascii	"EEPROM_CONFIGURATION_PAGE6\000"
 1477      4F4D5F43 
 1477      4F4E4649 
 1477      47555241 
 1477      54494F4E 
 1478              	.LASF117:
 1479 02fd 45455052 		.ascii	"EEPROM_CONFIGURATION_PAGE7\000"
 1479      4F4D5F43 
 1479      4F4E4649 
 1479      47555241 
 1479      54494F4E 
 1480              	.LASF33:
 1481 0318 53494E4B 		.ascii	"SINK_BUSY\000"
 1481      5F425553 
 1481      5900
 1482              	.LASF43:
 1483 0322 5F627566 		.ascii	"_buffersize\000"
 1483      66657273 
 1483      697A6500 
 1484              	.LASF122:
 1485 032e 45455052 		.ascii	"EEPROM_DISPENSER_PUMP1_PRODUCT_NAMES_PAGE\000"
 1485      4F4D5F44 
 1485      49535045 
 1485      4E534552 
 1485      5F50554D 
 1486              	.LASF51:
 1487 0358 5F617272 		.ascii	"_arrmsgid\000"
 1487      6D736769 
 1487      6400
 1488              	.LASF125:
 1489 0362 45455052 		.ascii	"EEPROM_DISPENSER_PUMP4_PRODUCT_NAMES_PAGE\000"
 1489      4F4D5F44 
 1489      49535045 
 1489      4E534552 
 1489      5F50554D 
 1490              	.LASF50:
 1491 038c 5F737461 		.ascii	"_state\000"
 1491      746500
 1492              	.LASF148:
 1493 0393 45455052 		.ascii	"EEPROM_DISPENSER_PUMP43_TRANSACTION_PAGE\000"
 1493      4F4D5F44 
 1493      49535045 
 1493      4E534552 
 1493      5F50554D 
 1494              	.LASF151:
 1495 03bc 7073696E 		.ascii	"psinkmsg\000"
 1495      6B6D7367 
 1495      00
 1496              	.LASF4:
 1497 03c5 6C6F6E67 		.ascii	"long int\000"
 1497      20696E74 
 1497      00
ARM GAS  C:\Users\RECEPC~1\AppData\Local\Temp\ccJoCWGE.s 			page 32


 1498              	.LASF141:
 1499 03ce 45455052 		.ascii	"EEPROM_DISPENSER_PUMP24_TRANSACTION_PAGE\000"
 1499      4F4D5F44 
 1499      49535045 
 1499      4E534552 
 1499      5F50554D 
 1500              	.LASF105:
 1501 03f7 5F74696D 		.ascii	"_timeouttoautonomous\000"
 1501      656F7574 
 1501      746F6175 
 1501      746F6E6F 
 1501      6D6F7573 
 1502              	.LASF86:
 1503 040c 44495350 		.ascii	"DISPLAY1_UPDATE_DATETIME\000"
 1503      4C415931 
 1503      5F555044 
 1503      4154455F 
 1503      44415445 
 1504              	.LASF6:
 1505 0425 6C6F6E67 		.ascii	"long long int\000"
 1505      206C6F6E 
 1505      6720696E 
 1505      7400
 1506              	.LASF42:
 1507 0433 5F627566 		.ascii	"_buffer\000"
 1507      66657200 
 1508              	.LASF108:
 1509 043b 52464175 		.ascii	"RFAutoRun\000"
 1509      746F5275 
 1509      6E00
 1510              	.LASF41:
 1511 0445 5F6D6573 		.ascii	"_messagetimeoutlimit\000"
 1511      73616765 
 1511      74696D65 
 1511      6F75746C 
 1511      696D6974 
 1512              	.LASF15:
 1513 045a 646F7562 		.ascii	"double\000"
 1513      6C6500
 1514              	.LASF93:
 1515 0461 49425554 		.ascii	"IBUTTON2_SCAN\000"
 1515      544F4E32 
 1515      5F534341 
 1515      4E00
 1516              	.LASF60:
 1517 046f 44495350 		.ascii	"DISPENSER_UPDATE_PUMP_TRANSACTION_TIMEOUTS\000"
 1517      454E5345 
 1517      525F5550 
 1517      44415445 
 1517      5F50554D 
 1518              	.LASF82:
 1519 049a 5052494E 		.ascii	"PRINTER2_GENERIC_JOB_LOGO\000"
 1519      54455232 
 1519      5F47454E 
 1519      45524943 
 1519      5F4A4F42 
 1520              	.LASF13:
ARM GAS  C:\Users\RECEPC~1\AppData\Local\Temp\ccJoCWGE.s 			page 33


 1521 04b4 75696E74 		.ascii	"uint32\000"
 1521      333200
 1522              	.LASF71:
 1523 04bb 44495350 		.ascii	"DISPENSER_CONFIGURE_SINGLE_PRICE\000"
 1523      454E5345 
 1523      525F434F 
 1523      4E464947 
 1523      5552455F 
 1524              	.LASF135:
 1525 04dc 45455052 		.ascii	"EEPROM_DISPENSER_PUMP12_TRANSACTION_PAGE\000"
 1525      4F4D5F44 
 1525      49535045 
 1525      4E534552 
 1525      5F50554D 
 1526              	.LASF75:
 1527 0505 5052494E 		.ascii	"PRINTER11_JOB\000"
 1527      54455231 
 1527      315F4A4F 
 1527      4200
 1528              	.LASF30:
 1529 0513 5F4D4553 		.ascii	"_MESSAGE_STATE_\000"
 1529      53414745 
 1529      5F535441 
 1529      54455F00 
 1530              	.LASF142:
 1531 0523 45455052 		.ascii	"EEPROM_DISPENSER_PUMP31_TRANSACTION_PAGE\000"
 1531      4F4D5F44 
 1531      49535045 
 1531      4E534552 
 1531      5F50554D 
 1532              	.LASF55:
 1533 054c 55415254 		.ascii	"UART_RF_TEST\000"
 1533      5F52465F 
 1533      54455354 
 1533      00
 1534              	.LASF8:
 1535 0559 756E7369 		.ascii	"unsigned int\000"
 1535      676E6564 
 1535      20696E74 
 1535      00
 1536              	.LASF91:
 1537 0566 44495350 		.ascii	"DISPLAY2_ANIMATE_HOME\000"
 1537      4C415932 
 1537      5F414E49 
 1537      4D415445 
 1537      5F484F4D 
 1538              	.LASF155:
 1539 057c 5F675F72 		.ascii	"_g_rfautorun\000"
 1539      66617574 
 1539      6F72756E 
 1539      00
 1540              	.LASF5:
 1541 0589 6C6F6E67 		.ascii	"long unsigned int\000"
 1541      20756E73 
 1541      69676E65 
 1541      6420696E 
 1541      7400
ARM GAS  C:\Users\RECEPC~1\AppData\Local\Temp\ccJoCWGE.s 			page 34


 1542              	.LASF26:
 1543 059b 46495253 		.ascii	"FIRSTFOUNDFOREVER\000"
 1543      54464F55 
 1543      4E44464F 
 1543      52455645 
 1543      5200
 1544              	.LASF95:
 1545 05ad 544F4747 		.ascii	"TOGGLE_SCREEN_AND_WRITE_TEST\000"
 1545      4C455F53 
 1545      43524545 
 1545      4E5F414E 
 1545      445F5752 
 1546              	.LASF38:
 1547 05ca 5F6D6573 		.ascii	"_messagedelay\000"
 1547      73616765 
 1547      64656C61 
 1547      7900
 1548              	.LASF35:
 1549 05d8 5F6D6573 		.ascii	"_messageid\000"
 1549      73616765 
 1549      696400
 1550              	.LASF31:
 1551 05e3 53494E4B 		.ascii	"SINK_FREE\000"
 1551      5F465245 
 1551      4500
 1552              	.LASF64:
 1553 05ed 44495350 		.ascii	"DISPENSER_EXECUTE_CREDIT_TRANSACTION\000"
 1553      454E5345 
 1553      525F4558 
 1553      45435554 
 1553      455F4352 
 1554              	.LASF11:
 1555 0612 75696E74 		.ascii	"uint8\000"
 1555      3800
 1556              	.LASF3:
 1557 0618 73686F72 		.ascii	"short unsigned int\000"
 1557      7420756E 
 1557      7369676E 
 1557      65642069 
 1557      6E7400
 1558              	.LASF145:
 1559 062b 45455052 		.ascii	"EEPROM_DISPENSER_PUMP34_TRANSACTION_PAGE\000"
 1559      4F4D5F44 
 1559      49535045 
 1559      4E534552 
 1559      5F50554D 
 1560              	.LASF158:
 1561 0654 2E5C5246 		.ascii	".\\RFSink.c\000"
 1561      53696E6B 
 1561      2E6300
 1562              	.LASF162:
 1563 065f 70706172 		.ascii	"pparam\000"
 1563      616D00
 1564              	.LASF63:
 1565 0666 44495350 		.ascii	"DISPENSER_EXECUTE_CASH_TRANSACTION\000"
 1565      454E5345 
 1565      525F4558 
ARM GAS  C:\Users\RECEPC~1\AppData\Local\Temp\ccJoCWGE.s 			page 35


 1565      45435554 
 1565      455F4341 
 1566              	.LASF65:
 1567 0689 44495350 		.ascii	"DISPENSER_UNLOCK_EOT_PUMPS\000"
 1567      454E5345 
 1567      525F554E 
 1567      4C4F434B 
 1567      5F454F54 
 1568              	.LASF80:
 1569 06a4 5052494E 		.ascii	"PRINTER2_GENERIC_JOB\000"
 1569      54455232 
 1569      5F47454E 
 1569      45524943 
 1569      5F4A4F42 
 1570              	.LASF39:
 1571 06b9 5F6D6573 		.ascii	"_messagetimeout\000"
 1571      73616765 
 1571      74696D65 
 1571      6F757400 
 1572              	.LASF136:
 1573 06c9 45455052 		.ascii	"EEPROM_DISPENSER_PUMP13_TRANSACTION_PAGE\000"
 1573      4F4D5F44 
 1573      49535045 
 1573      4E534552 
 1573      5F50554D 
 1574              	.LASF73:
 1575 06f2 44495350 		.ascii	"DISPENSER_PUMP_HANDLER\000"
 1575      454E5345 
 1575      525F5055 
 1575      4D505F48 
 1575      414E444C 
 1576              	.LASF127:
 1577 0709 45455052 		.ascii	"EEPROM_DISPENSER_PUMP2_PPU_INFO_PAGE\000"
 1577      4F4D5F44 
 1577      49535045 
 1577      4E534552 
 1577      5F50554D 
 1578              	.LASF85:
 1579 072e 44495350 		.ascii	"DISPLAY1_MESSAGE\000"
 1579      4C415931 
 1579      5F4D4553 
 1579      53414745 
 1579      00
 1580              	.LASF9:
 1581 073f 5F5F696E 		.ascii	"__int32_t\000"
 1581      7433325F 
 1581      7400
 1582              	.LASF59:
 1583 0749 53494E4B 		.ascii	"SINK_RELEASE_BY_PTR\000"
 1583      5F52454C 
 1583      45415345 
 1583      5F42595F 
 1583      50545200 
 1584              	.LASF88:
 1585 075d 44495350 		.ascii	"DISPLAY2_RECEPTION\000"
 1585      4C415932 
 1585      5F524543 
ARM GAS  C:\Users\RECEPC~1\AppData\Local\Temp\ccJoCWGE.s 			page 36


 1585      45505449 
 1585      4F4E00
 1586              	.LASF161:
 1587 0770 52465365 		.ascii	"RFServerAutonomousMonitor\000"
 1587      72766572 
 1587      4175746F 
 1587      6E6F6D6F 
 1587      75734D6F 
 1588              	.LASF78:
 1589 078a 5052494E 		.ascii	"PRINTER22_JOB\000"
 1589      54455232 
 1589      325F4A4F 
 1589      4200
 1590              	.LASF87:
 1591 0798 44495350 		.ascii	"DISPLAY1_ANIMATE_HOME\000"
 1591      4C415931 
 1591      5F414E49 
 1591      4D415445 
 1591      5F484F4D 
 1592              	.LASF18:
 1593 07ae 73697A65 		.ascii	"sizetype\000"
 1593      74797065 
 1593      00
 1594              	.LASF123:
 1595 07b7 45455052 		.ascii	"EEPROM_DISPENSER_PUMP2_PRODUCT_NAMES_PAGE\000"
 1595      4F4D5F44 
 1595      49535045 
 1595      4E534552 
 1595      5F50554D 
 1596              	.LASF40:
 1597 07e1 5F6D6573 		.ascii	"_messagetimeoutmultiplier\000"
 1597      73616765 
 1597      74696D65 
 1597      6F75746D 
 1597      756C7469 
 1598              	.LASF76:
 1599 07fb 5052494E 		.ascii	"PRINTER12_JOB\000"
 1599      54455231 
 1599      325F4A4F 
 1599      4200
 1600              	.LASF139:
 1601 0809 45455052 		.ascii	"EEPROM_DISPENSER_PUMP22_TRANSACTION_PAGE\000"
 1601      4F4D5F44 
 1601      49535045 
 1601      4E534552 
 1601      5F50554D 
 1602              	.LASF131:
 1603 0832 45455052 		.ascii	"EEPROM_INSEPET_RESERVED_PAGE2\000"
 1603      4F4D5F49 
 1603      4E534550 
 1603      45545F52 
 1603      45534552 
 1604              	.LASF34:
 1605 0850 5F73656C 		.ascii	"_selfkill\000"
 1605      666B696C 
 1605      6C00
 1606              	.LASF150:
ARM GAS  C:\Users\RECEPC~1\AppData\Local\Temp\ccJoCWGE.s 			page 37


 1607 085a 70737562 		.ascii	"psubscriber\000"
 1607      73637269 
 1607      62657200 
 1608              	.LASF128:
 1609 0866 45455052 		.ascii	"EEPROM_DISPENSER_PUMP3_PPU_INFO_PAGE\000"
 1609      4F4D5F44 
 1609      49535045 
 1609      4E534552 
 1609      5F50554D 
 1610              	.LASF118:
 1611 088b 45455052 		.ascii	"EEPROM_DISPENSER_PUMP1_LAYOUT_PAGE\000"
 1611      4F4D5F44 
 1611      49535045 
 1611      4E534552 
 1611      5F50554D 
 1612              	.LASF69:
 1613 08ae 44495350 		.ascii	"DISPENSER_CONFIGURE_PRICES\000"
 1613      454E5345 
 1613      525F434F 
 1613      4E464947 
 1613      5552455F 
 1614              	.LASF157:
 1615 08c9 474E5520 		.ascii	"GNU C 4.9.3 20150303 (release) [ARM/embedded-4_9-br"
 1615      4320342E 
 1615      392E3320 
 1615      32303135 
 1615      30333033 
 1616 08fc 616E6368 		.ascii	"anch revision 221220] -mcpu=cortex-m3 -mthumb -g -O"
 1616      20726576 
 1616      6973696F 
 1616      6E203232 
 1616      31323230 
 1617 092f 30202D66 		.ascii	"0 -ffunction-sections -ffat-lto-objects\000"
 1617      66756E63 
 1617      74696F6E 
 1617      2D736563 
 1617      74696F6E 
 1618              	.LASF160:
 1619 0957 52465369 		.ascii	"RFSinkRegistration\000"
 1619      6E6B5265 
 1619      67697374 
 1619      72617469 
 1619      6F6E00
 1620              	.LASF146:
 1621 096a 45455052 		.ascii	"EEPROM_DISPENSER_PUMP41_TRANSACTION_PAGE\000"
 1621      4F4D5F44 
 1621      49535045 
 1621      4E534552 
 1621      5F50554D 
 1622              	.LASF23:
 1623 0993 46495253 		.ascii	"FIRSTFOUND\000"
 1623      54464F55 
 1623      4E4400
 1624              	.LASF89:
 1625 099e 44495350 		.ascii	"DISPLAY2_MESSAGE\000"
 1625      4C415932 
 1625      5F4D4553 
ARM GAS  C:\Users\RECEPC~1\AppData\Local\Temp\ccJoCWGE.s 			page 38


 1625      53414745 
 1625      00
 1626              	.LASF14:
 1627 09af 666C6F61 		.ascii	"float\000"
 1627      7400
 1628              	.LASF37:
 1629 09b5 5F6D6573 		.ascii	"_messagestate\000"
 1629      73616765 
 1629      73746174 
 1629      6500
 1630              	.LASF121:
 1631 09c3 45455052 		.ascii	"EEPROM_DISPENSER_PUMP4_LAYOUT_PAGE\000"
 1631      4F4D5F44 
 1631      49535045 
 1631      4E534552 
 1631      5F50554D 
 1632              	.LASF32:
 1633 09e6 53494E4B 		.ascii	"SINK_ALLOCATED\000"
 1633      5F414C4C 
 1633      4F434154 
 1633      454400
 1634              	.LASF62:
 1635 09f5 44495350 		.ascii	"DISPENSER_ACQUIRE_PUMP_HOSE\000"
 1635      454E5345 
 1635      525F4143 
 1635      51554952 
 1635      455F5055 
 1636              	.LASF126:
 1637 0a11 45455052 		.ascii	"EEPROM_DISPENSER_PUMP1_PPU_INFO_PAGE\000"
 1637      4F4D5F44 
 1637      49535045 
 1637      4E534552 
 1637      5F50554D 
 1638              	.LASF46:
 1639 0a36 5F426F6F 		.ascii	"_Bool\000"
 1639      6C00
 1640              	.LASF10:
 1641 0a3c 696E7433 		.ascii	"int32_t\000"
 1641      325F7400 
 1642              	.LASF1:
 1643 0a44 756E7369 		.ascii	"unsigned char\000"
 1643      676E6564 
 1643      20636861 
 1643      7200
 1644              	.LASF149:
 1645 0a52 45455052 		.ascii	"EEPROM_DISPENSER_PUMP44_TRANSACTION_PAGE\000"
 1645      4F4D5F44 
 1645      49535045 
 1645      4E534552 
 1645      5F50554D 
 1646              	.LASF153:
 1647 0a7b 726F6C6C 		.ascii	"rolloverref\000"
 1647      6F766572 
 1647      72656600 
 1648              	.LASF44:
 1649 0a87 5F706461 		.ascii	"_pdata\000"
 1649      746100
ARM GAS  C:\Users\RECEPC~1\AppData\Local\Temp\ccJoCWGE.s 			page 39


 1650              	.LASF2:
 1651 0a8e 73686F72 		.ascii	"short int\000"
 1651      7420696E 
 1651      7400
 1652              	.LASF101:
 1653 0a98 5F52465F 		.ascii	"_RF_AUTONOMOUS_MODE_\000"
 1653      4155544F 
 1653      4E4F4D4F 
 1653      55535F4D 
 1653      4F44455F 
 1654              	.LASF49:
 1655 0aad 5F53494E 		.ascii	"_SINK_SUBSCRIBER_\000"
 1655      4B5F5355 
 1655      42534352 
 1655      49424552 
 1655      5F00
 1656              	.LASF94:
 1657 0abf 474C4F42 		.ascii	"GLOBAL_TICK_NOTIFICATION\000"
 1657      414C5F54 
 1657      49434B5F 
 1657      4E4F5449 
 1657      46494341 
 1658              	.LASF140:
 1659 0ad8 45455052 		.ascii	"EEPROM_DISPENSER_PUMP23_TRANSACTION_PAGE\000"
 1659      4F4D5F44 
 1659      49535045 
 1659      4E534552 
 1659      5F50554D 
 1660              	.LASF72:
 1661 0b01 44495350 		.ascii	"DISPENSER_ACQUIRE_TOTALS\000"
 1661      454E5345 
 1661      525F4143 
 1661      51554952 
 1661      455F544F 
 1662              	.LASF70:
 1663 0b1a 44495350 		.ascii	"DISPENSER_RESTORE_PRICES\000"
 1663      454E5345 
 1663      525F5245 
 1663      53544F52 
 1663      455F5052 
 1664              	.LASF24:
 1665 0b33 414C4C49 		.ascii	"ALLINTERESTED\000"
 1665      4E544552 
 1665      45535445 
 1665      4400
 1666              	.LASF25:
 1667 0b41 44454C41 		.ascii	"DELAYEDALLINTERESTED\000"
 1667      59454441 
 1667      4C4C494E 
 1667      54455245 
 1667      53544544 
 1668              	.LASF52:
 1669 0b56 5053494E 		.ascii	"PSINKSUBSCRIBERPTR\000"
 1669      4B535542 
 1669      53435249 
 1669      42455250 
 1669      545200
ARM GAS  C:\Users\RECEPC~1\AppData\Local\Temp\ccJoCWGE.s 			page 40


 1670              	.LASF156:
 1671 0b69 5F675F72 		.ascii	"_g_rfrx\000"
 1671      66727800 
 1672              	.LASF48:
 1673 0b71 5F53494E 		.ascii	"_SINK_MESSAGE_\000"
 1673      4B5F4D45 
 1673      53534147 
 1673      455F00
 1674              	.LASF67:
 1675 0b80 44495350 		.ascii	"DISPENSER_ENUMERATE_VISIBLE_PUMPS\000"
 1675      454E5345 
 1675      525F454E 
 1675      554D4552 
 1675      4154455F 
 1676              	.LASF103:
 1677 0ba2 52465F4E 		.ascii	"RF_NON_AUTONOMOUS\000"
 1677      4F4E5F41 
 1677      55544F4E 
 1677      4F4D4F55 
 1677      5300
 1678              	.LASF129:
 1679 0bb4 45455052 		.ascii	"EEPROM_DISPENSER_PUMP4_PPU_INFO_PAGE\000"
 1679      4F4D5F44 
 1679      49535045 
 1679      4E534552 
 1679      5F50554D 
 1680              	.LASF96:
 1681 0bd9 57415443 		.ascii	"WATCHDOG_STARTUP\000"
 1681      48444F47 
 1681      5F535441 
 1681      52545550 
 1681      00
 1682              	.LASF19:
 1683 0bea 6C6F6E67 		.ascii	"long double\000"
 1683      20646F75 
 1683      626C6500 
 1684              	.LASF17:
 1685 0bf6 63686172 		.ascii	"char\000"
 1685      00
 1686              	.LASF109:
 1687 0bfb 5F454550 		.ascii	"_EEPROM_MEM_FORMAT_\000"
 1687      524F4D5F 
 1687      4D454D5F 
 1687      464F524D 
 1687      41545F00 
 1688              	.LASF47:
 1689 0c0f 5053494E 		.ascii	"PSINKMESSAGEPTR\000"
 1689      4B4D4553 
 1689      53414745 
 1689      50545200 
 1690              	.LASF143:
 1691 0c1f 45455052 		.ascii	"EEPROM_DISPENSER_PUMP32_TRANSACTION_PAGE\000"
 1691      4F4D5F44 
 1691      49535045 
 1691      4E534552 
 1691      5F50554D 
 1692              	.LASF74:
ARM GAS  C:\Users\RECEPC~1\AppData\Local\Temp\ccJoCWGE.s 			page 41


 1693 0c48 44495350 		.ascii	"DISPENSER_PUMP_BEEP_WARNING\000"
 1693      454E5345 
 1693      525F5055 
 1693      4D505F42 
 1693      4545505F 
 1694              	.LASF152:
 1695 0c64 696E6465 		.ascii	"index\000"
 1695      7800
 1696              	.LASF106:
 1697 0c6a 5F74696D 		.ascii	"_timeouttoreceive\000"
 1697      656F7574 
 1697      746F7265 
 1697      63656976 
 1697      6500
 1698              	.LASF99:
 1699 0c7c 5F726670 		.ascii	"_rfperpetualcounter\000"
 1699      65727065 
 1699      7475616C 
 1699      636F756E 
 1699      74657200 
 1700              	.LASF16:
 1701 0c90 63686172 		.ascii	"char8\000"
 1701      3800
 1702              	.LASF119:
 1703 0c96 45455052 		.ascii	"EEPROM_DISPENSER_PUMP2_LAYOUT_PAGE\000"
 1703      4F4D5F44 
 1703      49535045 
 1703      4E534552 
 1703      5F50554D 
 1704              	.LASF104:
 1705 0cb9 5F746F61 		.ascii	"_toautonomoustimetoken\000"
 1705      75746F6E 
 1705      6F6D6F75 
 1705      7374696D 
 1705      65746F6B 
 1706              	.LASF134:
 1707 0cd0 45455052 		.ascii	"EEPROM_DISPENSER_PUMP11_TRANSACTION_PAGE\000"
 1707      4F4D5F44 
 1707      49535045 
 1707      4E534552 
 1707      5F50554D 
 1708              	.LASF102:
 1709 0cf9 52465F41 		.ascii	"RF_AUTONOMOUS\000"
 1709      55544F4E 
 1709      4F4D4F55 
 1709      5300
 1710              	.LASF92:
 1711 0d07 49425554 		.ascii	"IBUTTON1_SCAN\000"
 1711      544F4E31 
 1711      5F534341 
 1711      4E00
 1712              	.LASF107:
 1713 0d15 5F74696D 		.ascii	"_timeouttoreceivemultiplier\000"
 1713      656F7574 
 1713      746F7265 
 1713      63656976 
 1713      656D756C 
ARM GAS  C:\Users\RECEPC~1\AppData\Local\Temp\ccJoCWGE.s 			page 42


 1714              	.LASF61:
 1715 0d31 44495350 		.ascii	"DISPENSER_ACQUIRE_PUMP_STATE\000"
 1715      454E5345 
 1715      525F4143 
 1715      51554952 
 1715      455F5055 
 1716              	.LASF124:
 1717 0d4e 45455052 		.ascii	"EEPROM_DISPENSER_PUMP3_PRODUCT_NAMES_PAGE\000"
 1717      4F4D5F44 
 1717      49535045 
 1717      4E534552 
 1717      5F50554D 
 1718              	.LASF54:
 1719 0d78 55415254 		.ascii	"UART_RF_RECEPTION\000"
 1719      5F52465F 
 1719      52454345 
 1719      5054494F 
 1719      4E00
 1720              	.LASF27:
 1721 0d8a 42524F41 		.ascii	"BROADCASTFOREVER\000"
 1721      44434153 
 1721      54464F52 
 1721      45564552 
 1721      00
 1722              	.LASF68:
 1723 0d9b 44495350 		.ascii	"DISPENSER_ACQUIRE_CONFIGURATION_INFORMATION\000"
 1723      454E5345 
 1723      525F4143 
 1723      51554952 
 1723      455F434F 
 1724              	.LASF36:
 1725 0dc7 5F6D6573 		.ascii	"_messagetype\000"
 1725      73616765 
 1725      74797065 
 1725      00
 1726              	.LASF20:
 1727 0dd4 4C50564F 		.ascii	"LPVOID\000"
 1727      494400
 1728              	.LASF90:
 1729 0ddb 44495350 		.ascii	"DISPLAY2_UPDATE_DATETIME\000"
 1729      4C415932 
 1729      5F555044 
 1729      4154455F 
 1729      44415445 
 1730              	.LASF137:
 1731 0df4 45455052 		.ascii	"EEPROM_DISPENSER_PUMP14_TRANSACTION_PAGE\000"
 1731      4F4D5F44 
 1731      49535045 
 1731      4E534552 
 1731      5F50554D 
 1732              	.LASF22:
 1733 0e1d 42524F41 		.ascii	"BROADCAST\000"
 1733      44434153 
 1733      5400
 1734              	.LASF58:
 1735 0e27 53494E4B 		.ascii	"SINK_RELEASE_BY_ID\000"
 1735      5F52454C 
ARM GAS  C:\Users\RECEPC~1\AppData\Local\Temp\ccJoCWGE.s 			page 43


 1735      45415345 
 1735      5F42595F 
 1735      494400
 1736              	.LASF53:
 1737 0e3a 5F53494E 		.ascii	"_SINK_OBSERVABLES_\000"
 1737      4B5F4F42 
 1737      53455256 
 1737      41424C45 
 1737      535F00
 1738              	.LASF144:
 1739 0e4d 45455052 		.ascii	"EEPROM_DISPENSER_PUMP33_TRANSACTION_PAGE\000"
 1739      4F4D5F44 
 1739      49535045 
 1739      4E534552 
 1739      5F50554D 
 1740              	.LASF120:
 1741 0e76 45455052 		.ascii	"EEPROM_DISPENSER_PUMP3_LAYOUT_PAGE\000"
 1741      4F4D5F44 
 1741      49535045 
 1741      4E534552 
 1741      5F50554D 
 1742              	.LASF100:
 1743 0e99 52465374 		.ascii	"RFStreamInfo\000"
 1743      7265616D 
 1743      496E666F 
 1743      00
 1744              	.LASF98:
 1745 0ea6 5F726674 		.ascii	"_rftimeoutmultiplier\000"
 1745      696D656F 
 1745      75746D75 
 1745      6C746970 
 1745      6C696572 
 1746              		.ident	"GCC: (GNU Tools for ARM Embedded Processors) 4.9.3 20150303 (release) [ARM/embedded-4_9-br
