ARM GAS  C:\Users\RECEPC~1\AppData\Local\Temp\ccpxJpee.s 			page 1


   1              		.syntax unified
   2              		.cpu cortex-m3
   3              		.fpu softvfp
   4              		.eabi_attribute 20, 1
   5              		.eabi_attribute 21, 1
   6              		.eabi_attribute 23, 3
   7              		.eabi_attribute 24, 1
   8              		.eabi_attribute 25, 1
   9              		.eabi_attribute 26, 1
  10              		.eabi_attribute 30, 6
  11              		.eabi_attribute 34, 1
  12              		.eabi_attribute 18, 4
  13              		.thumb
  14              		.file	"RtcManager.c"
  15              		.text
  16              	.Ltext0:
  17              		.cfi_sections	.debug_frame
  18              		.comm	HoseDispenser,1,1
  19              		.comm	_g_rtc,16,4
  20              		.section	.text.GetRtcBuffer,"ax",%progbits
  21              		.align	2
  22              		.global	GetRtcBuffer
  23              		.thumb
  24              		.thumb_func
  25              		.type	GetRtcBuffer, %function
  26              	GetRtcBuffer:
  27              	.LFB0:
  28              		.file 1 ".\\RtcManager.c"
   1:.\RtcManager.c **** /* ========================================
   2:.\RtcManager.c ****  *
   3:.\RtcManager.c ****  * Copyright INSEPET SISTEMAS, 2016
   4:.\RtcManager.c ****  * All Rights Reserved
   5:.\RtcManager.c ****  * UNPUBLISHED, LICENSED SOFTWARE.
   6:.\RtcManager.c ****  *
   7:.\RtcManager.c ****  * CONFIDENTIAL AND PROPRIETARY INFORMATION
   8:.\RtcManager.c ****  * WHICH IS THE PROPERTY OF your company.
   9:.\RtcManager.c ****  *
  10:.\RtcManager.c ****  * ========================================
  11:.\RtcManager.c **** @Created by: HIJH
  12:.\RtcManager.c **** @Date: Septembre 2 de 2016
  13:.\RtcManager.c **** */
  14:.\RtcManager.c **** #include "GlobalDefinitions.h"
  15:.\RtcManager.c **** #include "Rtc.h"
  16:.\RtcManager.c **** #include "I2C_Bus.h"
  17:.\RtcManager.c **** 
  18:.\RtcManager.c **** extern volatile bool _g_i2cbuslock;
  19:.\RtcManager.c **** 
  20:.\RtcManager.c **** char8 _g_rtc[_RTC_BUFFER_SIZE_];
  21:.\RtcManager.c **** 
  22:.\RtcManager.c **** char8* GetRtcBuffer()
  23:.\RtcManager.c **** {
  29              		.loc 1 23 0
  30              		.cfi_startproc
  31              		@ args = 0, pretend = 0, frame = 0
  32              		@ frame_needed = 1, uses_anonymous_args = 0
  33              		@ link register save eliminated.
  34 0000 80B4     		push	{r7}
ARM GAS  C:\Users\RECEPC~1\AppData\Local\Temp\ccpxJpee.s 			page 2


  35              		.cfi_def_cfa_offset 4
  36              		.cfi_offset 7, -4
  37 0002 00AF     		add	r7, sp, #0
  38              		.cfi_def_cfa_register 7
  24:.\RtcManager.c ****     return _g_rtc;
  39              		.loc 1 24 0
  40 0004 024B     		ldr	r3, .L3
  25:.\RtcManager.c **** }
  41              		.loc 1 25 0
  42 0006 1846     		mov	r0, r3
  43 0008 BD46     		mov	sp, r7
  44              		.cfi_def_cfa_register 13
  45              		@ sp needed
  46 000a 5DF8047B 		ldr	r7, [sp], #4
  47              		.cfi_restore 7
  48              		.cfi_def_cfa_offset 0
  49 000e 7047     		bx	lr
  50              	.L4:
  51              		.align	2
  52              	.L3:
  53 0010 00000000 		.word	_g_rtc
  54              		.cfi_endproc
  55              	.LFE0:
  56              		.size	GetRtcBuffer, .-GetRtcBuffer
  57              		.section	.text.ClearRtcBuffer,"ax",%progbits
  58              		.align	2
  59              		.global	ClearRtcBuffer
  60              		.thumb
  61              		.thumb_func
  62              		.type	ClearRtcBuffer, %function
  63              	ClearRtcBuffer:
  64              	.LFB1:
  26:.\RtcManager.c **** 
  27:.\RtcManager.c **** void ClearRtcBuffer()
  28:.\RtcManager.c **** {
  65              		.loc 1 28 0
  66              		.cfi_startproc
  67              		@ args = 0, pretend = 0, frame = 0
  68              		@ frame_needed = 1, uses_anonymous_args = 0
  69 0000 80B5     		push	{r7, lr}
  70              		.cfi_def_cfa_offset 8
  71              		.cfi_offset 7, -8
  72              		.cfi_offset 14, -4
  73 0002 00AF     		add	r7, sp, #0
  74              		.cfi_def_cfa_register 7
  29:.\RtcManager.c ****     memset(_g_rtc, 0x00, _RTC_BUFFER_SIZE_);
  75              		.loc 1 29 0
  76 0004 0248     		ldr	r0, .L6
  77 0006 0021     		movs	r1, #0
  78 0008 1022     		movs	r2, #16
  79 000a FFF7FEFF 		bl	memset
  30:.\RtcManager.c **** }
  80              		.loc 1 30 0
  81 000e 80BD     		pop	{r7, pc}
  82              	.L7:
  83              		.align	2
  84              	.L6:
ARM GAS  C:\Users\RECEPC~1\AppData\Local\Temp\ccpxJpee.s 			page 3


  85 0010 00000000 		.word	_g_rtc
  86              		.cfi_endproc
  87              	.LFE1:
  88              		.size	ClearRtcBuffer, .-ClearRtcBuffer
  89              		.section	.text.UpdateRTC,"ax",%progbits
  90              		.align	2
  91              		.global	UpdateRTC
  92              		.thumb
  93              		.thumb_func
  94              		.type	UpdateRTC, %function
  95              	UpdateRTC:
  96              	.LFB2:
  31:.\RtcManager.c **** 
  32:.\RtcManager.c **** //@Created By: HIJH
  33:.\RtcManager.c **** //@Septembre de 2016
  34:.\RtcManager.c **** void UpdateRTC()
  35:.\RtcManager.c **** {
  97              		.loc 1 35 0
  98              		.cfi_startproc
  99              		@ args = 0, pretend = 0, frame = 8
 100              		@ frame_needed = 1, uses_anonymous_args = 0
 101 0000 80B5     		push	{r7, lr}
 102              		.cfi_def_cfa_offset 8
 103              		.cfi_offset 7, -8
 104              		.cfi_offset 14, -4
 105 0002 82B0     		sub	sp, sp, #8
 106              		.cfi_def_cfa_offset 16
 107 0004 00AF     		add	r7, sp, #0
 108              		.cfi_def_cfa_register 7
  36:.\RtcManager.c ****     uint8 index = 0;
 109              		.loc 1 36 0
 110 0006 0023     		movs	r3, #0
 111 0008 FB71     		strb	r3, [r7, #7]
  37:.\RtcManager.c ****     I2C_Bus_MasterClearStatus();
 112              		.loc 1 37 0
 113 000a FFF7FEFF 		bl	I2C_Bus_MasterClearStatus
  38:.\RtcManager.c ****                 
  39:.\RtcManager.c ****     uint8 status = I2C_Bus_MasterSendStart(_RTC_I2C_SLAVE_ADDRESS_, I2C_Bus_WRITE_XFER_MODE);
 114              		.loc 1 39 0
 115 000e 6820     		movs	r0, #104
 116 0010 0021     		movs	r1, #0
 117 0012 FFF7FEFF 		bl	I2C_Bus_MasterSendStart
 118 0016 0346     		mov	r3, r0
 119 0018 BB71     		strb	r3, [r7, #6]
  40:.\RtcManager.c ****     if(I2C_Bus_MSTR_NO_ERROR == status)
 120              		.loc 1 40 0
 121 001a BB79     		ldrb	r3, [r7, #6]	@ zero_extendqisi2
 122 001c 002B     		cmp	r3, #0
 123 001e 53D1     		bne	.L9
  41:.\RtcManager.c ****     {
  42:.\RtcManager.c ****         //Positioning on the Seconds Register
  43:.\RtcManager.c ****         I2C_Bus_MasterWriteByte(CTRL_REG1);
 124              		.loc 1 43 0
 125 0020 0020     		movs	r0, #0
 126 0022 FFF7FEFF 		bl	I2C_Bus_MasterWriteByte
  44:.\RtcManager.c ****         //Now start writing
  45:.\RtcManager.c ****         //Seconds
ARM GAS  C:\Users\RECEPC~1\AppData\Local\Temp\ccpxJpee.s 			page 4


  46:.\RtcManager.c ****         I2C_Bus_MasterWriteByte(_g_rtc[index++] & 0x7F);
 127              		.loc 1 46 0
 128 0026 FB79     		ldrb	r3, [r7, #7]	@ zero_extendqisi2
 129 0028 5A1C     		adds	r2, r3, #1
 130 002a FA71     		strb	r2, [r7, #7]
 131 002c 1A46     		mov	r2, r3
 132 002e 314B     		ldr	r3, .L11
 133 0030 9B5C     		ldrb	r3, [r3, r2]	@ zero_extendqisi2
 134 0032 03F07F03 		and	r3, r3, #127
 135 0036 DBB2     		uxtb	r3, r3
 136 0038 1846     		mov	r0, r3
 137 003a FFF7FEFF 		bl	I2C_Bus_MasterWriteByte
  47:.\RtcManager.c ****         //Minutes
  48:.\RtcManager.c ****         I2C_Bus_MasterWriteByte(_g_rtc[index++] & 0x7F);
 138              		.loc 1 48 0
 139 003e FB79     		ldrb	r3, [r7, #7]	@ zero_extendqisi2
 140 0040 5A1C     		adds	r2, r3, #1
 141 0042 FA71     		strb	r2, [r7, #7]
 142 0044 1A46     		mov	r2, r3
 143 0046 2B4B     		ldr	r3, .L11
 144 0048 9B5C     		ldrb	r3, [r3, r2]	@ zero_extendqisi2
 145 004a 03F07F03 		and	r3, r3, #127
 146 004e DBB2     		uxtb	r3, r3
 147 0050 1846     		mov	r0, r3
 148 0052 FFF7FEFF 		bl	I2C_Bus_MasterWriteByte
  49:.\RtcManager.c ****         //Hour
  50:.\RtcManager.c ****         I2C_Bus_MasterWriteByte((_g_rtc[index++] & 0b00111111));
 149              		.loc 1 50 0
 150 0056 FB79     		ldrb	r3, [r7, #7]	@ zero_extendqisi2
 151 0058 5A1C     		adds	r2, r3, #1
 152 005a FA71     		strb	r2, [r7, #7]
 153 005c 1A46     		mov	r2, r3
 154 005e 254B     		ldr	r3, .L11
 155 0060 9B5C     		ldrb	r3, [r3, r2]	@ zero_extendqisi2
 156 0062 03F03F03 		and	r3, r3, #63
 157 0066 DBB2     		uxtb	r3, r3
 158 0068 1846     		mov	r0, r3
 159 006a FFF7FEFF 		bl	I2C_Bus_MasterWriteByte
  51:.\RtcManager.c ****         //Day of Week
  52:.\RtcManager.c ****         I2C_Bus_MasterWriteByte(_g_rtc[index++] & 0x07);
 160              		.loc 1 52 0
 161 006e FB79     		ldrb	r3, [r7, #7]	@ zero_extendqisi2
 162 0070 5A1C     		adds	r2, r3, #1
 163 0072 FA71     		strb	r2, [r7, #7]
 164 0074 1A46     		mov	r2, r3
 165 0076 1F4B     		ldr	r3, .L11
 166 0078 9B5C     		ldrb	r3, [r3, r2]	@ zero_extendqisi2
 167 007a 03F00703 		and	r3, r3, #7
 168 007e DBB2     		uxtb	r3, r3
 169 0080 1846     		mov	r0, r3
 170 0082 FFF7FEFF 		bl	I2C_Bus_MasterWriteByte
  53:.\RtcManager.c ****         //Day
  54:.\RtcManager.c ****         I2C_Bus_MasterWriteByte(_g_rtc[index++] & 0x3F);
 171              		.loc 1 54 0
 172 0086 FB79     		ldrb	r3, [r7, #7]	@ zero_extendqisi2
 173 0088 5A1C     		adds	r2, r3, #1
 174 008a FA71     		strb	r2, [r7, #7]
ARM GAS  C:\Users\RECEPC~1\AppData\Local\Temp\ccpxJpee.s 			page 5


 175 008c 1A46     		mov	r2, r3
 176 008e 194B     		ldr	r3, .L11
 177 0090 9B5C     		ldrb	r3, [r3, r2]	@ zero_extendqisi2
 178 0092 03F03F03 		and	r3, r3, #63
 179 0096 DBB2     		uxtb	r3, r3
 180 0098 1846     		mov	r0, r3
 181 009a FFF7FEFF 		bl	I2C_Bus_MasterWriteByte
  55:.\RtcManager.c ****         //Month
  56:.\RtcManager.c ****         I2C_Bus_MasterWriteByte(_g_rtc[index++] & 0x1F);
 182              		.loc 1 56 0
 183 009e FB79     		ldrb	r3, [r7, #7]	@ zero_extendqisi2
 184 00a0 5A1C     		adds	r2, r3, #1
 185 00a2 FA71     		strb	r2, [r7, #7]
 186 00a4 1A46     		mov	r2, r3
 187 00a6 134B     		ldr	r3, .L11
 188 00a8 9B5C     		ldrb	r3, [r3, r2]	@ zero_extendqisi2
 189 00aa 03F01F03 		and	r3, r3, #31
 190 00ae DBB2     		uxtb	r3, r3
 191 00b0 1846     		mov	r0, r3
 192 00b2 FFF7FEFF 		bl	I2C_Bus_MasterWriteByte
  57:.\RtcManager.c ****         //Year
  58:.\RtcManager.c ****         I2C_Bus_MasterWriteByte(_g_rtc[index++] & 0xFF);
 193              		.loc 1 58 0
 194 00b6 FB79     		ldrb	r3, [r7, #7]	@ zero_extendqisi2
 195 00b8 5A1C     		adds	r2, r3, #1
 196 00ba FA71     		strb	r2, [r7, #7]
 197 00bc 1A46     		mov	r2, r3
 198 00be 0D4B     		ldr	r3, .L11
 199 00c0 9B5C     		ldrb	r3, [r3, r2]	@ zero_extendqisi2
 200 00c2 1846     		mov	r0, r3
 201 00c4 FFF7FEFF 		bl	I2C_Bus_MasterWriteByte
 202              	.L9:
  59:.\RtcManager.c **** 
  60:.\RtcManager.c ****     }
  61:.\RtcManager.c ****     I2C_Bus_MasterSendStop();
 203              		.loc 1 61 0
 204 00c8 FFF7FEFF 		bl	I2C_Bus_MasterSendStop
  62:.\RtcManager.c ****     
  63:.\RtcManager.c ****     //Turning on the RTC
  64:.\RtcManager.c ****     status = I2C_Bus_MasterSendStart(_RTC_I2C_SLAVE_ADDRESS_, I2C_Bus_WRITE_XFER_MODE);
 205              		.loc 1 64 0
 206 00cc 6820     		movs	r0, #104
 207 00ce 0021     		movs	r1, #0
 208 00d0 FFF7FEFF 		bl	I2C_Bus_MasterSendStart
 209 00d4 0346     		mov	r3, r0
 210 00d6 BB71     		strb	r3, [r7, #6]
  65:.\RtcManager.c ****     if(I2C_Bus_MSTR_NO_ERROR == status)
 211              		.loc 1 65 0
 212 00d8 BB79     		ldrb	r3, [r7, #6]	@ zero_extendqisi2
 213 00da 002B     		cmp	r3, #0
 214 00dc 07D1     		bne	.L8
  66:.\RtcManager.c ****     {
  67:.\RtcManager.c ****         I2C_Bus_MasterWriteByte(0x0E);
 215              		.loc 1 67 0
 216 00de 0E20     		movs	r0, #14
 217 00e0 FFF7FEFF 		bl	I2C_Bus_MasterWriteByte
  68:.\RtcManager.c ****         I2C_Bus_MasterWriteByte(0x04);
ARM GAS  C:\Users\RECEPC~1\AppData\Local\Temp\ccpxJpee.s 			page 6


 218              		.loc 1 68 0
 219 00e4 0420     		movs	r0, #4
 220 00e6 FFF7FEFF 		bl	I2C_Bus_MasterWriteByte
  69:.\RtcManager.c ****         I2C_Bus_MasterSendStop();
 221              		.loc 1 69 0
 222 00ea FFF7FEFF 		bl	I2C_Bus_MasterSendStop
 223              	.L8:
  70:.\RtcManager.c ****     }
  71:.\RtcManager.c **** }
 224              		.loc 1 71 0
 225 00ee 0837     		adds	r7, r7, #8
 226              		.cfi_def_cfa_offset 8
 227 00f0 BD46     		mov	sp, r7
 228              		.cfi_def_cfa_register 13
 229              		@ sp needed
 230 00f2 80BD     		pop	{r7, pc}
 231              	.L12:
 232              		.align	2
 233              	.L11:
 234 00f4 00000000 		.word	_g_rtc
 235              		.cfi_endproc
 236              	.LFE2:
 237              		.size	UpdateRTC, .-UpdateRTC
 238              		.section	.text.ReadRTC,"ax",%progbits
 239              		.align	2
 240              		.global	ReadRTC
 241              		.thumb
 242              		.thumb_func
 243              		.type	ReadRTC, %function
 244              	ReadRTC:
 245              	.LFB3:
  72:.\RtcManager.c **** 
  73:.\RtcManager.c **** //@Created By: HIJH
  74:.\RtcManager.c **** //@Septembre de 2016
  75:.\RtcManager.c **** void ReadRTC()
  76:.\RtcManager.c **** {
 246              		.loc 1 76 0
 247              		.cfi_startproc
 248              		@ args = 0, pretend = 0, frame = 8
 249              		@ frame_needed = 1, uses_anonymous_args = 0
 250 0000 90B5     		push	{r4, r7, lr}
 251              		.cfi_def_cfa_offset 12
 252              		.cfi_offset 4, -12
 253              		.cfi_offset 7, -8
 254              		.cfi_offset 14, -4
 255 0002 83B0     		sub	sp, sp, #12
 256              		.cfi_def_cfa_offset 24
 257 0004 00AF     		add	r7, sp, #0
 258              		.cfi_def_cfa_register 7
  77:.\RtcManager.c ****     I2C_Bus_MasterClearStatus();
 259              		.loc 1 77 0
 260 0006 FFF7FEFF 		bl	I2C_Bus_MasterClearStatus
  78:.\RtcManager.c ****     uint16 status = I2C_Bus_MasterSendStart(_RTC_I2C_SLAVE_ADDRESS_, I2C_Bus_WRITE_XFER_MODE);
 261              		.loc 1 78 0
 262 000a 6820     		movs	r0, #104
 263 000c 0021     		movs	r1, #0
 264 000e FFF7FEFF 		bl	I2C_Bus_MasterSendStart
ARM GAS  C:\Users\RECEPC~1\AppData\Local\Temp\ccpxJpee.s 			page 7


 265 0012 0346     		mov	r3, r0
 266 0014 BB80     		strh	r3, [r7, #4]	@ movhi
  79:.\RtcManager.c ****     if(I2C_Bus_MSTR_NO_ERROR == status)
 267              		.loc 1 79 0
 268 0016 BB88     		ldrh	r3, [r7, #4]
 269 0018 002B     		cmp	r3, #0
 270 001a 02D1     		bne	.L14
  80:.\RtcManager.c ****         I2C_Bus_MasterWriteByte(CTRL_REG1);
 271              		.loc 1 80 0
 272 001c 0020     		movs	r0, #0
 273 001e FFF7FEFF 		bl	I2C_Bus_MasterWriteByte
 274              	.L14:
  81:.\RtcManager.c **** 
  82:.\RtcManager.c ****     I2C_Bus_MasterSendStop();
 275              		.loc 1 82 0
 276 0022 FFF7FEFF 		bl	I2C_Bus_MasterSendStop
  83:.\RtcManager.c ****         
  84:.\RtcManager.c ****     I2C_Bus_MasterClearStatus();
 277              		.loc 1 84 0
 278 0026 FFF7FEFF 		bl	I2C_Bus_MasterClearStatus
  85:.\RtcManager.c ****     status = I2C_Bus_MasterSendStart(_RTC_I2C_SLAVE_ADDRESS_, I2C_Bus_READ_XFER_MODE);
 279              		.loc 1 85 0
 280 002a 6820     		movs	r0, #104
 281 002c 0121     		movs	r1, #1
 282 002e FFF7FEFF 		bl	I2C_Bus_MasterSendStart
 283 0032 0346     		mov	r3, r0
 284 0034 BB80     		strh	r3, [r7, #4]	@ movhi
  86:.\RtcManager.c ****     if(I2C_Bus_MSTR_NO_ERROR == status)
 285              		.loc 1 86 0
 286 0036 BB88     		ldrh	r3, [r7, #4]
 287 0038 002B     		cmp	r3, #0
 288 003a 1CD1     		bne	.L15
 289              	.LBB2:
  87:.\RtcManager.c ****     {
  88:.\RtcManager.c ****         //Reading 7 bytes from the RTC starting at the CTRL_REG1 register address
  89:.\RtcManager.c ****         FOR(uint8 index = 0, index < 7, index++)
 290              		.loc 1 89 0
 291 003c 0023     		movs	r3, #0
 292 003e FB71     		strb	r3, [r7, #7]
 293 0040 16E0     		b	.L16
 294              	.L19:
  90:.\RtcManager.c ****         {
  91:.\RtcManager.c ****             if(index < 6)
 295              		.loc 1 91 0
 296 0042 FB79     		ldrb	r3, [r7, #7]	@ zero_extendqisi2
 297 0044 052B     		cmp	r3, #5
 298 0046 08D8     		bhi	.L17
  92:.\RtcManager.c ****                 _g_rtc[index] = I2C_Bus_MasterReadByte(I2C_Bus_ACK_DATA);
 299              		.loc 1 92 0
 300 0048 FC79     		ldrb	r4, [r7, #7]	@ zero_extendqisi2
 301 004a 0120     		movs	r0, #1
 302 004c FFF7FEFF 		bl	I2C_Bus_MasterReadByte
 303 0050 0346     		mov	r3, r0
 304 0052 1A46     		mov	r2, r3
 305 0054 0A4B     		ldr	r3, .L20
 306 0056 1A55     		strb	r2, [r3, r4]
 307 0058 07E0     		b	.L18
ARM GAS  C:\Users\RECEPC~1\AppData\Local\Temp\ccpxJpee.s 			page 8


 308              	.L17:
  93:.\RtcManager.c ****             else
  94:.\RtcManager.c ****                 _g_rtc[index] = I2C_Bus_MasterReadByte(I2C_Bus_NAK_DATA);
 309              		.loc 1 94 0
 310 005a FC79     		ldrb	r4, [r7, #7]	@ zero_extendqisi2
 311 005c 0020     		movs	r0, #0
 312 005e FFF7FEFF 		bl	I2C_Bus_MasterReadByte
 313 0062 0346     		mov	r3, r0
 314 0064 1A46     		mov	r2, r3
 315 0066 064B     		ldr	r3, .L20
 316 0068 1A55     		strb	r2, [r3, r4]
 317              	.L18:
  89:.\RtcManager.c ****         {
 318              		.loc 1 89 0 discriminator 2
 319 006a FB79     		ldrb	r3, [r7, #7]	@ zero_extendqisi2
 320 006c 0133     		adds	r3, r3, #1
 321 006e FB71     		strb	r3, [r7, #7]
 322              	.L16:
  89:.\RtcManager.c ****         {
 323              		.loc 1 89 0 is_stmt 0 discriminator 1
 324 0070 FB79     		ldrb	r3, [r7, #7]	@ zero_extendqisi2
 325 0072 062B     		cmp	r3, #6
 326 0074 E5D9     		bls	.L19
 327              	.L15:
 328              	.LBE2:
  95:.\RtcManager.c ****                 
  96:.\RtcManager.c ****         }
  97:.\RtcManager.c ****     }
  98:.\RtcManager.c ****     I2C_Bus_MasterSendStop();
 329              		.loc 1 98 0 is_stmt 1
 330 0076 FFF7FEFF 		bl	I2C_Bus_MasterSendStop
  99:.\RtcManager.c **** }
 331              		.loc 1 99 0
 332 007a 0C37     		adds	r7, r7, #12
 333              		.cfi_def_cfa_offset 12
 334 007c BD46     		mov	sp, r7
 335              		.cfi_def_cfa_register 13
 336              		@ sp needed
 337 007e 90BD     		pop	{r4, r7, pc}
 338              	.L21:
 339              		.align	2
 340              	.L20:
 341 0080 00000000 		.word	_g_rtc
 342              		.cfi_endproc
 343              	.LFE3:
 344              		.size	ReadRTC, .-ReadRTC
 345              		.section	.text.StartRtc,"ax",%progbits
 346              		.align	2
 347              		.global	StartRtc
 348              		.thumb
 349              		.thumb_func
 350              		.type	StartRtc, %function
 351              	StartRtc:
 352              	.LFB4:
 100:.\RtcManager.c **** 
 101:.\RtcManager.c **** void StartRtc()
 102:.\RtcManager.c **** {
ARM GAS  C:\Users\RECEPC~1\AppData\Local\Temp\ccpxJpee.s 			page 9


 353              		.loc 1 102 0
 354              		.cfi_startproc
 355              		@ args = 0, pretend = 0, frame = 8
 356              		@ frame_needed = 1, uses_anonymous_args = 0
 357 0000 80B5     		push	{r7, lr}
 358              		.cfi_def_cfa_offset 8
 359              		.cfi_offset 7, -8
 360              		.cfi_offset 14, -4
 361 0002 82B0     		sub	sp, sp, #8
 362              		.cfi_def_cfa_offset 16
 363 0004 00AF     		add	r7, sp, #0
 364              		.cfi_def_cfa_register 7
 103:.\RtcManager.c ****     //Turning on the RTC
 104:.\RtcManager.c ****     uint8 status = I2C_Bus_MasterSendStart(_RTC_I2C_SLAVE_ADDRESS_, I2C_Bus_WRITE_XFER_MODE);
 365              		.loc 1 104 0
 366 0006 6820     		movs	r0, #104
 367 0008 0021     		movs	r1, #0
 368 000a FFF7FEFF 		bl	I2C_Bus_MasterSendStart
 369 000e 0346     		mov	r3, r0
 370 0010 FB71     		strb	r3, [r7, #7]
 105:.\RtcManager.c ****     if(I2C_Bus_MSTR_NO_ERROR == status)
 371              		.loc 1 105 0
 372 0012 FB79     		ldrb	r3, [r7, #7]	@ zero_extendqisi2
 373 0014 002B     		cmp	r3, #0
 374 0016 07D1     		bne	.L22
 106:.\RtcManager.c ****     {
 107:.\RtcManager.c ****         I2C_Bus_MasterWriteByte(0x0E);
 375              		.loc 1 107 0
 376 0018 0E20     		movs	r0, #14
 377 001a FFF7FEFF 		bl	I2C_Bus_MasterWriteByte
 108:.\RtcManager.c ****         I2C_Bus_MasterWriteByte(0x04);
 378              		.loc 1 108 0
 379 001e 0420     		movs	r0, #4
 380 0020 FFF7FEFF 		bl	I2C_Bus_MasterWriteByte
 109:.\RtcManager.c ****         I2C_Bus_MasterSendStop();
 381              		.loc 1 109 0
 382 0024 FFF7FEFF 		bl	I2C_Bus_MasterSendStop
 383              	.L22:
 110:.\RtcManager.c ****     }
 111:.\RtcManager.c **** }
 384              		.loc 1 111 0
 385 0028 0837     		adds	r7, r7, #8
 386              		.cfi_def_cfa_offset 8
 387 002a BD46     		mov	sp, r7
 388              		.cfi_def_cfa_register 13
 389              		@ sp needed
 390 002c 80BD     		pop	{r7, pc}
 391              		.cfi_endproc
 392              	.LFE4:
 393              		.size	StartRtc, .-StartRtc
 394 002e 00BF     		.text
 395              	.Letext0:
 396              		.file 2 "Generated_Source\\PSoC5/cytypes.h"
 397              		.file 3 ".\\GlobalDefinitions.h"
 398              		.file 4 ".\\Rtc.h"
 399              		.section	.debug_info,"",%progbits
 400              	.Ldebug_info0:
ARM GAS  C:\Users\RECEPC~1\AppData\Local\Temp\ccpxJpee.s 			page 10


 401 0000 1E020000 		.4byte	0x21e
 402 0004 0400     		.2byte	0x4
 403 0006 00000000 		.4byte	.Ldebug_abbrev0
 404 000a 04       		.byte	0x4
 405 000b 01       		.uleb128 0x1
 406 000c E0000000 		.4byte	.LASF43
 407 0010 01       		.byte	0x1
 408 0011 8A020000 		.4byte	.LASF44
 409 0015 46000000 		.4byte	.LASF45
 410 0019 00000000 		.4byte	.Ldebug_ranges0+0
 411 001d 00000000 		.4byte	0
 412 0021 00000000 		.4byte	.Ldebug_line0
 413 0025 02       		.uleb128 0x2
 414 0026 01       		.byte	0x1
 415 0027 06       		.byte	0x6
 416 0028 3A000000 		.4byte	.LASF0
 417 002c 02       		.uleb128 0x2
 418 002d 01       		.byte	0x1
 419 002e 08       		.byte	0x8
 420 002f A5000000 		.4byte	.LASF1
 421 0033 02       		.uleb128 0x2
 422 0034 02       		.byte	0x2
 423 0035 05       		.byte	0x5
 424 0036 99020000 		.4byte	.LASF2
 425 003a 02       		.uleb128 0x2
 426 003b 02       		.byte	0x2
 427 003c 07       		.byte	0x7
 428 003d D8020000 		.4byte	.LASF3
 429 0041 02       		.uleb128 0x2
 430 0042 04       		.byte	0x4
 431 0043 05       		.byte	0x5
 432 0044 AE020000 		.4byte	.LASF4
 433 0048 02       		.uleb128 0x2
 434 0049 04       		.byte	0x4
 435 004a 07       		.byte	0x7
 436 004b B9000000 		.4byte	.LASF5
 437 004f 02       		.uleb128 0x2
 438 0050 08       		.byte	0x8
 439 0051 05       		.byte	0x5
 440 0052 60020000 		.4byte	.LASF6
 441 0056 02       		.uleb128 0x2
 442 0057 08       		.byte	0x8
 443 0058 07       		.byte	0x7
 444 0059 E6010000 		.4byte	.LASF7
 445 005d 03       		.uleb128 0x3
 446 005e 04       		.byte	0x4
 447 005f 05       		.byte	0x5
 448 0060 696E7400 		.ascii	"int\000"
 449 0064 02       		.uleb128 0x2
 450 0065 04       		.byte	0x4
 451 0066 07       		.byte	0x7
 452 0067 D2010000 		.4byte	.LASF8
 453 006b 04       		.uleb128 0x4
 454 006c CB000000 		.4byte	.LASF9
 455 0070 02       		.byte	0x2
 456 0071 3801     		.2byte	0x138
 457 0073 2C000000 		.4byte	0x2c
ARM GAS  C:\Users\RECEPC~1\AppData\Local\Temp\ccpxJpee.s 			page 11


 458 0077 04       		.uleb128 0x4
 459 0078 B7010000 		.4byte	.LASF10
 460 007c 02       		.byte	0x2
 461 007d 3901     		.2byte	0x139
 462 007f 3A000000 		.4byte	0x3a
 463 0083 02       		.uleb128 0x2
 464 0084 04       		.byte	0x4
 465 0085 04       		.byte	0x4
 466 0086 34000000 		.4byte	.LASF11
 467 008a 02       		.uleb128 0x2
 468 008b 08       		.byte	0x8
 469 008c 04       		.byte	0x4
 470 008d 6E010000 		.4byte	.LASF12
 471 0091 04       		.uleb128 0x4
 472 0092 B3000000 		.4byte	.LASF13
 473 0096 02       		.byte	0x2
 474 0097 4901     		.2byte	0x149
 475 0099 9D000000 		.4byte	0x9d
 476 009d 02       		.uleb128 0x2
 477 009e 01       		.byte	0x1
 478 009f 08       		.byte	0x8
 479 00a0 B7020000 		.4byte	.LASF14
 480 00a4 02       		.uleb128 0x2
 481 00a5 04       		.byte	0x4
 482 00a6 07       		.byte	0x7
 483 00a7 57020000 		.4byte	.LASF15
 484 00ab 02       		.uleb128 0x2
 485 00ac 08       		.byte	0x8
 486 00ad 04       		.byte	0x4
 487 00ae BC020000 		.4byte	.LASF16
 488 00b2 05       		.uleb128 0x5
 489 00b3 04       		.byte	0x4
 490 00b4 91000000 		.4byte	0x91
 491 00b8 06       		.uleb128 0x6
 492 00b9 C8020000 		.4byte	.LASF46
 493 00bd 01       		.byte	0x1
 494 00be 04       		.byte	0x4
 495 00bf 1B       		.byte	0x1b
 496 00c0 37010000 		.4byte	0x137
 497 00c4 07       		.uleb128 0x7
 498 00c5 FD010000 		.4byte	.LASF17
 499 00c9 00       		.sleb128 0
 500 00ca 07       		.uleb128 0x7
 501 00cb 07020000 		.4byte	.LASF18
 502 00cf 01       		.sleb128 1
 503 00d0 07       		.uleb128 0x7
 504 00d1 11020000 		.4byte	.LASF19
 505 00d5 02       		.sleb128 2
 506 00d6 07       		.uleb128 0x7
 507 00d7 1B020000 		.4byte	.LASF20
 508 00db 03       		.sleb128 3
 509 00dc 07       		.uleb128 0x7
 510 00dd 25020000 		.4byte	.LASF21
 511 00e1 04       		.sleb128 4
 512 00e2 07       		.uleb128 0x7
 513 00e3 2F020000 		.4byte	.LASF22
 514 00e7 05       		.sleb128 5
ARM GAS  C:\Users\RECEPC~1\AppData\Local\Temp\ccpxJpee.s 			page 12


 515 00e8 07       		.uleb128 0x7
 516 00e9 39020000 		.4byte	.LASF23
 517 00ed 06       		.sleb128 6
 518 00ee 07       		.uleb128 0x7
 519 00ef 43020000 		.4byte	.LASF24
 520 00f3 07       		.sleb128 7
 521 00f4 07       		.uleb128 0x7
 522 00f5 4D020000 		.4byte	.LASF25
 523 00f9 08       		.sleb128 8
 524 00fa 07       		.uleb128 0x7
 525 00fb 6E020000 		.4byte	.LASF26
 526 00ff 09       		.sleb128 9
 527 0100 07       		.uleb128 0x7
 528 0101 79020000 		.4byte	.LASF27
 529 0105 0A       		.sleb128 10
 530 0106 07       		.uleb128 0x7
 531 0107 75010000 		.4byte	.LASF28
 532 010b 0B       		.sleb128 11
 533 010c 07       		.uleb128 0x7
 534 010d 80010000 		.4byte	.LASF29
 535 0111 0C       		.sleb128 12
 536 0112 07       		.uleb128 0x7
 537 0113 8B010000 		.4byte	.LASF30
 538 0117 0D       		.sleb128 13
 539 0118 07       		.uleb128 0x7
 540 0119 96010000 		.4byte	.LASF31
 541 011d 0E       		.sleb128 14
 542 011e 07       		.uleb128 0x7
 543 011f A1010000 		.4byte	.LASF32
 544 0123 0F       		.sleb128 15
 545 0124 07       		.uleb128 0x7
 546 0125 AC010000 		.4byte	.LASF33
 547 0129 10       		.sleb128 16
 548 012a 07       		.uleb128 0x7
 549 012b A3020000 		.4byte	.LASF34
 550 012f 11       		.sleb128 17
 551 0130 07       		.uleb128 0x7
 552 0131 BE010000 		.4byte	.LASF35
 553 0135 12       		.sleb128 18
 554 0136 00       		.byte	0
 555 0137 08       		.uleb128 0x8
 556 0138 27000000 		.4byte	.LASF47
 557 013c 01       		.byte	0x1
 558 013d 16       		.byte	0x16
 559 013e B2000000 		.4byte	0xb2
 560 0142 00000000 		.4byte	.LFB0
 561 0146 14000000 		.4byte	.LFE0-.LFB0
 562 014a 01       		.uleb128 0x1
 563 014b 9C       		.byte	0x9c
 564 014c 09       		.uleb128 0x9
 565 014d D1000000 		.4byte	.LASF48
 566 0151 01       		.byte	0x1
 567 0152 1B       		.byte	0x1b
 568 0153 00000000 		.4byte	.LFB1
 569 0157 14000000 		.4byte	.LFE1-.LFB1
 570 015b 01       		.uleb128 0x1
 571 015c 9C       		.byte	0x9c
ARM GAS  C:\Users\RECEPC~1\AppData\Local\Temp\ccpxJpee.s 			page 13


 572 015d 0A       		.uleb128 0xa
 573 015e 00000000 		.4byte	.LASF38
 574 0162 01       		.byte	0x1
 575 0163 22       		.byte	0x22
 576 0164 00000000 		.4byte	.LFB2
 577 0168 F8000000 		.4byte	.LFE2-.LFB2
 578 016c 01       		.uleb128 0x1
 579 016d 9C       		.byte	0x9c
 580 016e 8F010000 		.4byte	0x18f
 581 0172 0B       		.uleb128 0xb
 582 0173 84020000 		.4byte	.LASF36
 583 0177 01       		.byte	0x1
 584 0178 24       		.byte	0x24
 585 0179 6B000000 		.4byte	0x6b
 586 017d 02       		.uleb128 0x2
 587 017e 91       		.byte	0x91
 588 017f 77       		.sleb128 -9
 589 0180 0B       		.uleb128 0xb
 590 0181 0A000000 		.4byte	.LASF37
 591 0185 01       		.byte	0x1
 592 0186 27       		.byte	0x27
 593 0187 6B000000 		.4byte	0x6b
 594 018b 02       		.uleb128 0x2
 595 018c 91       		.byte	0x91
 596 018d 76       		.sleb128 -10
 597 018e 00       		.byte	0
 598 018f 0A       		.uleb128 0xa
 599 0190 11000000 		.4byte	.LASF39
 600 0194 01       		.byte	0x1
 601 0195 4B       		.byte	0x4b
 602 0196 00000000 		.4byte	.LFB3
 603 019a 84000000 		.4byte	.LFE3-.LFB3
 604 019e 01       		.uleb128 0x1
 605 019f 9C       		.byte	0x9c
 606 01a0 CB010000 		.4byte	0x1cb
 607 01a4 0B       		.uleb128 0xb
 608 01a5 0A000000 		.4byte	.LASF37
 609 01a9 01       		.byte	0x1
 610 01aa 4E       		.byte	0x4e
 611 01ab 77000000 		.4byte	0x77
 612 01af 02       		.uleb128 0x2
 613 01b0 91       		.byte	0x91
 614 01b1 6C       		.sleb128 -20
 615 01b2 0C       		.uleb128 0xc
 616 01b3 3C000000 		.4byte	.LBB2
 617 01b7 3A000000 		.4byte	.LBE2-.LBB2
 618 01bb 0B       		.uleb128 0xb
 619 01bc 84020000 		.4byte	.LASF36
 620 01c0 01       		.byte	0x1
 621 01c1 59       		.byte	0x59
 622 01c2 6B000000 		.4byte	0x6b
 623 01c6 02       		.uleb128 0x2
 624 01c7 91       		.byte	0x91
 625 01c8 6F       		.sleb128 -17
 626 01c9 00       		.byte	0
 627 01ca 00       		.byte	0
 628 01cb 0A       		.uleb128 0xa
ARM GAS  C:\Users\RECEPC~1\AppData\Local\Temp\ccpxJpee.s 			page 14


 629 01cc C9010000 		.4byte	.LASF40
 630 01d0 01       		.byte	0x1
 631 01d1 65       		.byte	0x65
 632 01d2 00000000 		.4byte	.LFB4
 633 01d6 2E000000 		.4byte	.LFE4-.LFB4
 634 01da 01       		.uleb128 0x1
 635 01db 9C       		.byte	0x9c
 636 01dc EF010000 		.4byte	0x1ef
 637 01e0 0B       		.uleb128 0xb
 638 01e1 0A000000 		.4byte	.LASF37
 639 01e5 01       		.byte	0x1
 640 01e6 68       		.byte	0x68
 641 01e7 6B000000 		.4byte	0x6b
 642 01eb 02       		.uleb128 0x2
 643 01ec 91       		.byte	0x91
 644 01ed 77       		.sleb128 -9
 645 01ee 00       		.byte	0
 646 01ef 0D       		.uleb128 0xd
 647 01f0 19000000 		.4byte	.LASF41
 648 01f4 03       		.byte	0x3
 649 01f5 52       		.byte	0x52
 650 01f6 6B000000 		.4byte	0x6b
 651 01fa 05       		.uleb128 0x5
 652 01fb 03       		.byte	0x3
 653 01fc 00000000 		.4byte	HoseDispenser
 654 0200 0E       		.uleb128 0xe
 655 0201 91000000 		.4byte	0x91
 656 0205 10020000 		.4byte	0x210
 657 0209 0F       		.uleb128 0xf
 658 020a A4000000 		.4byte	0xa4
 659 020e 0F       		.byte	0xf
 660 020f 00       		.byte	0
 661 0210 0D       		.uleb128 0xd
 662 0211 DF010000 		.4byte	.LASF42
 663 0215 01       		.byte	0x1
 664 0216 14       		.byte	0x14
 665 0217 00020000 		.4byte	0x200
 666 021b 05       		.uleb128 0x5
 667 021c 03       		.byte	0x3
 668 021d 00000000 		.4byte	_g_rtc
 669 0221 00       		.byte	0
 670              		.section	.debug_abbrev,"",%progbits
 671              	.Ldebug_abbrev0:
 672 0000 01       		.uleb128 0x1
 673 0001 11       		.uleb128 0x11
 674 0002 01       		.byte	0x1
 675 0003 25       		.uleb128 0x25
 676 0004 0E       		.uleb128 0xe
 677 0005 13       		.uleb128 0x13
 678 0006 0B       		.uleb128 0xb
 679 0007 03       		.uleb128 0x3
 680 0008 0E       		.uleb128 0xe
 681 0009 1B       		.uleb128 0x1b
 682 000a 0E       		.uleb128 0xe
 683 000b 55       		.uleb128 0x55
 684 000c 17       		.uleb128 0x17
 685 000d 11       		.uleb128 0x11
ARM GAS  C:\Users\RECEPC~1\AppData\Local\Temp\ccpxJpee.s 			page 15


 686 000e 01       		.uleb128 0x1
 687 000f 10       		.uleb128 0x10
 688 0010 17       		.uleb128 0x17
 689 0011 00       		.byte	0
 690 0012 00       		.byte	0
 691 0013 02       		.uleb128 0x2
 692 0014 24       		.uleb128 0x24
 693 0015 00       		.byte	0
 694 0016 0B       		.uleb128 0xb
 695 0017 0B       		.uleb128 0xb
 696 0018 3E       		.uleb128 0x3e
 697 0019 0B       		.uleb128 0xb
 698 001a 03       		.uleb128 0x3
 699 001b 0E       		.uleb128 0xe
 700 001c 00       		.byte	0
 701 001d 00       		.byte	0
 702 001e 03       		.uleb128 0x3
 703 001f 24       		.uleb128 0x24
 704 0020 00       		.byte	0
 705 0021 0B       		.uleb128 0xb
 706 0022 0B       		.uleb128 0xb
 707 0023 3E       		.uleb128 0x3e
 708 0024 0B       		.uleb128 0xb
 709 0025 03       		.uleb128 0x3
 710 0026 08       		.uleb128 0x8
 711 0027 00       		.byte	0
 712 0028 00       		.byte	0
 713 0029 04       		.uleb128 0x4
 714 002a 16       		.uleb128 0x16
 715 002b 00       		.byte	0
 716 002c 03       		.uleb128 0x3
 717 002d 0E       		.uleb128 0xe
 718 002e 3A       		.uleb128 0x3a
 719 002f 0B       		.uleb128 0xb
 720 0030 3B       		.uleb128 0x3b
 721 0031 05       		.uleb128 0x5
 722 0032 49       		.uleb128 0x49
 723 0033 13       		.uleb128 0x13
 724 0034 00       		.byte	0
 725 0035 00       		.byte	0
 726 0036 05       		.uleb128 0x5
 727 0037 0F       		.uleb128 0xf
 728 0038 00       		.byte	0
 729 0039 0B       		.uleb128 0xb
 730 003a 0B       		.uleb128 0xb
 731 003b 49       		.uleb128 0x49
 732 003c 13       		.uleb128 0x13
 733 003d 00       		.byte	0
 734 003e 00       		.byte	0
 735 003f 06       		.uleb128 0x6
 736 0040 04       		.uleb128 0x4
 737 0041 01       		.byte	0x1
 738 0042 03       		.uleb128 0x3
 739 0043 0E       		.uleb128 0xe
 740 0044 0B       		.uleb128 0xb
 741 0045 0B       		.uleb128 0xb
 742 0046 3A       		.uleb128 0x3a
ARM GAS  C:\Users\RECEPC~1\AppData\Local\Temp\ccpxJpee.s 			page 16


 743 0047 0B       		.uleb128 0xb
 744 0048 3B       		.uleb128 0x3b
 745 0049 0B       		.uleb128 0xb
 746 004a 01       		.uleb128 0x1
 747 004b 13       		.uleb128 0x13
 748 004c 00       		.byte	0
 749 004d 00       		.byte	0
 750 004e 07       		.uleb128 0x7
 751 004f 28       		.uleb128 0x28
 752 0050 00       		.byte	0
 753 0051 03       		.uleb128 0x3
 754 0052 0E       		.uleb128 0xe
 755 0053 1C       		.uleb128 0x1c
 756 0054 0D       		.uleb128 0xd
 757 0055 00       		.byte	0
 758 0056 00       		.byte	0
 759 0057 08       		.uleb128 0x8
 760 0058 2E       		.uleb128 0x2e
 761 0059 00       		.byte	0
 762 005a 3F       		.uleb128 0x3f
 763 005b 19       		.uleb128 0x19
 764 005c 03       		.uleb128 0x3
 765 005d 0E       		.uleb128 0xe
 766 005e 3A       		.uleb128 0x3a
 767 005f 0B       		.uleb128 0xb
 768 0060 3B       		.uleb128 0x3b
 769 0061 0B       		.uleb128 0xb
 770 0062 49       		.uleb128 0x49
 771 0063 13       		.uleb128 0x13
 772 0064 11       		.uleb128 0x11
 773 0065 01       		.uleb128 0x1
 774 0066 12       		.uleb128 0x12
 775 0067 06       		.uleb128 0x6
 776 0068 40       		.uleb128 0x40
 777 0069 18       		.uleb128 0x18
 778 006a 9742     		.uleb128 0x2117
 779 006c 19       		.uleb128 0x19
 780 006d 00       		.byte	0
 781 006e 00       		.byte	0
 782 006f 09       		.uleb128 0x9
 783 0070 2E       		.uleb128 0x2e
 784 0071 00       		.byte	0
 785 0072 3F       		.uleb128 0x3f
 786 0073 19       		.uleb128 0x19
 787 0074 03       		.uleb128 0x3
 788 0075 0E       		.uleb128 0xe
 789 0076 3A       		.uleb128 0x3a
 790 0077 0B       		.uleb128 0xb
 791 0078 3B       		.uleb128 0x3b
 792 0079 0B       		.uleb128 0xb
 793 007a 11       		.uleb128 0x11
 794 007b 01       		.uleb128 0x1
 795 007c 12       		.uleb128 0x12
 796 007d 06       		.uleb128 0x6
 797 007e 40       		.uleb128 0x40
 798 007f 18       		.uleb128 0x18
 799 0080 9642     		.uleb128 0x2116
ARM GAS  C:\Users\RECEPC~1\AppData\Local\Temp\ccpxJpee.s 			page 17


 800 0082 19       		.uleb128 0x19
 801 0083 00       		.byte	0
 802 0084 00       		.byte	0
 803 0085 0A       		.uleb128 0xa
 804 0086 2E       		.uleb128 0x2e
 805 0087 01       		.byte	0x1
 806 0088 3F       		.uleb128 0x3f
 807 0089 19       		.uleb128 0x19
 808 008a 03       		.uleb128 0x3
 809 008b 0E       		.uleb128 0xe
 810 008c 3A       		.uleb128 0x3a
 811 008d 0B       		.uleb128 0xb
 812 008e 3B       		.uleb128 0x3b
 813 008f 0B       		.uleb128 0xb
 814 0090 11       		.uleb128 0x11
 815 0091 01       		.uleb128 0x1
 816 0092 12       		.uleb128 0x12
 817 0093 06       		.uleb128 0x6
 818 0094 40       		.uleb128 0x40
 819 0095 18       		.uleb128 0x18
 820 0096 9642     		.uleb128 0x2116
 821 0098 19       		.uleb128 0x19
 822 0099 01       		.uleb128 0x1
 823 009a 13       		.uleb128 0x13
 824 009b 00       		.byte	0
 825 009c 00       		.byte	0
 826 009d 0B       		.uleb128 0xb
 827 009e 34       		.uleb128 0x34
 828 009f 00       		.byte	0
 829 00a0 03       		.uleb128 0x3
 830 00a1 0E       		.uleb128 0xe
 831 00a2 3A       		.uleb128 0x3a
 832 00a3 0B       		.uleb128 0xb
 833 00a4 3B       		.uleb128 0x3b
 834 00a5 0B       		.uleb128 0xb
 835 00a6 49       		.uleb128 0x49
 836 00a7 13       		.uleb128 0x13
 837 00a8 02       		.uleb128 0x2
 838 00a9 18       		.uleb128 0x18
 839 00aa 00       		.byte	0
 840 00ab 00       		.byte	0
 841 00ac 0C       		.uleb128 0xc
 842 00ad 0B       		.uleb128 0xb
 843 00ae 01       		.byte	0x1
 844 00af 11       		.uleb128 0x11
 845 00b0 01       		.uleb128 0x1
 846 00b1 12       		.uleb128 0x12
 847 00b2 06       		.uleb128 0x6
 848 00b3 00       		.byte	0
 849 00b4 00       		.byte	0
 850 00b5 0D       		.uleb128 0xd
 851 00b6 34       		.uleb128 0x34
 852 00b7 00       		.byte	0
 853 00b8 03       		.uleb128 0x3
 854 00b9 0E       		.uleb128 0xe
 855 00ba 3A       		.uleb128 0x3a
 856 00bb 0B       		.uleb128 0xb
ARM GAS  C:\Users\RECEPC~1\AppData\Local\Temp\ccpxJpee.s 			page 18


 857 00bc 3B       		.uleb128 0x3b
 858 00bd 0B       		.uleb128 0xb
 859 00be 49       		.uleb128 0x49
 860 00bf 13       		.uleb128 0x13
 861 00c0 3F       		.uleb128 0x3f
 862 00c1 19       		.uleb128 0x19
 863 00c2 02       		.uleb128 0x2
 864 00c3 18       		.uleb128 0x18
 865 00c4 00       		.byte	0
 866 00c5 00       		.byte	0
 867 00c6 0E       		.uleb128 0xe
 868 00c7 01       		.uleb128 0x1
 869 00c8 01       		.byte	0x1
 870 00c9 49       		.uleb128 0x49
 871 00ca 13       		.uleb128 0x13
 872 00cb 01       		.uleb128 0x1
 873 00cc 13       		.uleb128 0x13
 874 00cd 00       		.byte	0
 875 00ce 00       		.byte	0
 876 00cf 0F       		.uleb128 0xf
 877 00d0 21       		.uleb128 0x21
 878 00d1 00       		.byte	0
 879 00d2 49       		.uleb128 0x49
 880 00d3 13       		.uleb128 0x13
 881 00d4 2F       		.uleb128 0x2f
 882 00d5 0B       		.uleb128 0xb
 883 00d6 00       		.byte	0
 884 00d7 00       		.byte	0
 885 00d8 00       		.byte	0
 886              		.section	.debug_aranges,"",%progbits
 887 0000 3C000000 		.4byte	0x3c
 888 0004 0200     		.2byte	0x2
 889 0006 00000000 		.4byte	.Ldebug_info0
 890 000a 04       		.byte	0x4
 891 000b 00       		.byte	0
 892 000c 0000     		.2byte	0
 893 000e 0000     		.2byte	0
 894 0010 00000000 		.4byte	.LFB0
 895 0014 14000000 		.4byte	.LFE0-.LFB0
 896 0018 00000000 		.4byte	.LFB1
 897 001c 14000000 		.4byte	.LFE1-.LFB1
 898 0020 00000000 		.4byte	.LFB2
 899 0024 F8000000 		.4byte	.LFE2-.LFB2
 900 0028 00000000 		.4byte	.LFB3
 901 002c 84000000 		.4byte	.LFE3-.LFB3
 902 0030 00000000 		.4byte	.LFB4
 903 0034 2E000000 		.4byte	.LFE4-.LFB4
 904 0038 00000000 		.4byte	0
 905 003c 00000000 		.4byte	0
 906              		.section	.debug_ranges,"",%progbits
 907              	.Ldebug_ranges0:
 908 0000 00000000 		.4byte	.LFB0
 909 0004 14000000 		.4byte	.LFE0
 910 0008 00000000 		.4byte	.LFB1
 911 000c 14000000 		.4byte	.LFE1
 912 0010 00000000 		.4byte	.LFB2
 913 0014 F8000000 		.4byte	.LFE2
ARM GAS  C:\Users\RECEPC~1\AppData\Local\Temp\ccpxJpee.s 			page 19


 914 0018 00000000 		.4byte	.LFB3
 915 001c 84000000 		.4byte	.LFE3
 916 0020 00000000 		.4byte	.LFB4
 917 0024 2E000000 		.4byte	.LFE4
 918 0028 00000000 		.4byte	0
 919 002c 00000000 		.4byte	0
 920              		.section	.debug_line,"",%progbits
 921              	.Ldebug_line0:
 922 0000 F9000000 		.section	.debug_str,"MS",%progbits,1
 922      02006D00 
 922      00000201 
 922      FB0E0D00 
 922      01010101 
 923              	.LASF38:
 924 0000 55706461 		.ascii	"UpdateRTC\000"
 924      74655254 
 924      4300
 925              	.LASF37:
 926 000a 73746174 		.ascii	"status\000"
 926      757300
 927              	.LASF39:
 928 0011 52656164 		.ascii	"ReadRTC\000"
 928      52544300 
 929              	.LASF41:
 930 0019 486F7365 		.ascii	"HoseDispenser\000"
 930      44697370 
 930      656E7365 
 930      7200
 931              	.LASF47:
 932 0027 47657452 		.ascii	"GetRtcBuffer\000"
 932      74634275 
 932      66666572 
 932      00
 933              	.LASF11:
 934 0034 666C6F61 		.ascii	"float\000"
 934      7400
 935              	.LASF0:
 936 003a 7369676E 		.ascii	"signed char\000"
 936      65642063 
 936      68617200 
 937              	.LASF45:
 938 0046 433A5C54 		.ascii	"C:\\TeamInsepet\\NSX-Prime\\Hardware\\CorEx-MUX-Ker"
 938      65616D49 
 938      6E736570 
 938      65745C4E 
 938      53582D50 
 939 0075 6E656C2D 		.ascii	"nel-Enhanced\\Workspace01\\CorEx-Mux-Kernel.cydsn\000"
 939      456E6861 
 939      6E636564 
 939      5C576F72 
 939      6B737061 
 940              	.LASF1:
 941 00a5 756E7369 		.ascii	"unsigned char\000"
 941      676E6564 
 941      20636861 
 941      7200
 942              	.LASF13:
ARM GAS  C:\Users\RECEPC~1\AppData\Local\Temp\ccpxJpee.s 			page 20


 943 00b3 63686172 		.ascii	"char8\000"
 943      3800
 944              	.LASF5:
 945 00b9 6C6F6E67 		.ascii	"long unsigned int\000"
 945      20756E73 
 945      69676E65 
 945      6420696E 
 945      7400
 946              	.LASF9:
 947 00cb 75696E74 		.ascii	"uint8\000"
 947      3800
 948              	.LASF48:
 949 00d1 436C6561 		.ascii	"ClearRtcBuffer\000"
 949      72527463 
 949      42756666 
 949      657200
 950              	.LASF43:
 951 00e0 474E5520 		.ascii	"GNU C 4.9.3 20150303 (release) [ARM/embedded-4_9-br"
 951      4320342E 
 951      392E3320 
 951      32303135 
 951      30333033 
 952 0113 616E6368 		.ascii	"anch revision 221220] -mcpu=cortex-m3 -mthumb -g -O"
 952      20726576 
 952      6973696F 
 952      6E203232 
 952      31323230 
 953 0146 30202D66 		.ascii	"0 -ffunction-sections -ffat-lto-objects\000"
 953      66756E63 
 953      74696F6E 
 953      2D736563 
 953      74696F6E 
 954              	.LASF12:
 955 016e 646F7562 		.ascii	"double\000"
 955      6C6500
 956              	.LASF28:
 957 0175 4354524C 		.ascii	"CTRL_REG12\000"
 957      5F524547 
 957      313200
 958              	.LASF29:
 959 0180 4354524C 		.ascii	"CTRL_REG13\000"
 959      5F524547 
 959      313300
 960              	.LASF30:
 961 018b 4354524C 		.ascii	"CTRL_REG14\000"
 961      5F524547 
 961      313400
 962              	.LASF31:
 963 0196 4354524C 		.ascii	"CTRL_REG15\000"
 963      5F524547 
 963      313500
 964              	.LASF32:
 965 01a1 4354524C 		.ascii	"CTRL_REG16\000"
 965      5F524547 
 965      313600
 966              	.LASF33:
 967 01ac 4354524C 		.ascii	"CTRL_REG17\000"
ARM GAS  C:\Users\RECEPC~1\AppData\Local\Temp\ccpxJpee.s 			page 21


 967      5F524547 
 967      313700
 968              	.LASF10:
 969 01b7 75696E74 		.ascii	"uint16\000"
 969      313600
 970              	.LASF35:
 971 01be 4354524C 		.ascii	"CTRL_REG19\000"
 971      5F524547 
 971      313900
 972              	.LASF40:
 973 01c9 53746172 		.ascii	"StartRtc\000"
 973      74527463 
 973      00
 974              	.LASF8:
 975 01d2 756E7369 		.ascii	"unsigned int\000"
 975      676E6564 
 975      20696E74 
 975      00
 976              	.LASF42:
 977 01df 5F675F72 		.ascii	"_g_rtc\000"
 977      746300
 978              	.LASF7:
 979 01e6 6C6F6E67 		.ascii	"long long unsigned int\000"
 979      206C6F6E 
 979      6720756E 
 979      7369676E 
 979      65642069 
 980              	.LASF17:
 981 01fd 4354524C 		.ascii	"CTRL_REG1\000"
 981      5F524547 
 981      3100
 982              	.LASF18:
 983 0207 4354524C 		.ascii	"CTRL_REG2\000"
 983      5F524547 
 983      3200
 984              	.LASF19:
 985 0211 4354524C 		.ascii	"CTRL_REG3\000"
 985      5F524547 
 985      3300
 986              	.LASF20:
 987 021b 4354524C 		.ascii	"CTRL_REG4\000"
 987      5F524547 
 987      3400
 988              	.LASF21:
 989 0225 4354524C 		.ascii	"CTRL_REG5\000"
 989      5F524547 
 989      3500
 990              	.LASF22:
 991 022f 4354524C 		.ascii	"CTRL_REG6\000"
 991      5F524547 
 991      3600
 992              	.LASF23:
 993 0239 4354524C 		.ascii	"CTRL_REG7\000"
 993      5F524547 
 993      3700
 994              	.LASF24:
 995 0243 4354524C 		.ascii	"CTRL_REG8\000"
ARM GAS  C:\Users\RECEPC~1\AppData\Local\Temp\ccpxJpee.s 			page 22


 995      5F524547 
 995      3800
 996              	.LASF25:
 997 024d 4354524C 		.ascii	"CTRL_REG9\000"
 997      5F524547 
 997      3900
 998              	.LASF15:
 999 0257 73697A65 		.ascii	"sizetype\000"
 999      74797065 
 999      00
 1000              	.LASF6:
 1001 0260 6C6F6E67 		.ascii	"long long int\000"
 1001      206C6F6E 
 1001      6720696E 
 1001      7400
 1002              	.LASF26:
 1003 026e 4354524C 		.ascii	"CTRL_REG10\000"
 1003      5F524547 
 1003      313000
 1004              	.LASF27:
 1005 0279 4354524C 		.ascii	"CTRL_REG11\000"
 1005      5F524547 
 1005      313100
 1006              	.LASF36:
 1007 0284 696E6465 		.ascii	"index\000"
 1007      7800
 1008              	.LASF44:
 1009 028a 2E5C5274 		.ascii	".\\RtcManager.c\000"
 1009      634D616E 
 1009      61676572 
 1009      2E6300
 1010              	.LASF2:
 1011 0299 73686F72 		.ascii	"short int\000"
 1011      7420696E 
 1011      7400
 1012              	.LASF34:
 1013 02a3 4354524C 		.ascii	"CTRL_REG18\000"
 1013      5F524547 
 1013      313800
 1014              	.LASF4:
 1015 02ae 6C6F6E67 		.ascii	"long int\000"
 1015      20696E74 
 1015      00
 1016              	.LASF14:
 1017 02b7 63686172 		.ascii	"char\000"
 1017      00
 1018              	.LASF16:
 1019 02bc 6C6F6E67 		.ascii	"long double\000"
 1019      20646F75 
 1019      626C6500 
 1020              	.LASF46:
 1021 02c8 5F525443 		.ascii	"_RTC_REGISTERS_\000"
 1021      5F524547 
 1021      49535445 
 1021      52535F00 
 1022              	.LASF3:
 1023 02d8 73686F72 		.ascii	"short unsigned int\000"
ARM GAS  C:\Users\RECEPC~1\AppData\Local\Temp\ccpxJpee.s 			page 23


 1023      7420756E 
 1023      7369676E 
 1023      65642069 
 1023      6E7400
 1024              		.ident	"GCC: (GNU Tools for ARM Embedded Processors) 4.9.3 20150303 (release) [ARM/embedded-4_9-br
