ARM GAS  C:\Users\Lenovo\AppData\Local\Temp\ccEPcN2n.s 			page 1


   1              		.syntax unified
   2              		.cpu cortex-m3
   3              		.fpu softvfp
   4              		.eabi_attribute 20, 1
   5              		.eabi_attribute 21, 1
   6              		.eabi_attribute 23, 3
   7              		.eabi_attribute 24, 1
   8              		.eabi_attribute 25, 1
   9              		.eabi_attribute 26, 1
  10              		.eabi_attribute 30, 6
  11              		.eabi_attribute 34, 1
  12              		.eabi_attribute 18, 4
  13              		.thumb
  14              		.file	"ShiftReg_iButtonCRC4LSB.c"
  15              		.text
  16              	.Ltext0:
  17              		.cfi_sections	.debug_frame
  18              		.global	ShiftReg_iButtonCRC4LSB_initVar
  19              		.bss
  20              		.type	ShiftReg_iButtonCRC4LSB_initVar, %object
  21              		.size	ShiftReg_iButtonCRC4LSB_initVar, 1
  22              	ShiftReg_iButtonCRC4LSB_initVar:
  23 0000 00       		.space	1
  24              		.section	.text.ShiftReg_iButtonCRC4LSB_Start,"ax",%progbits
  25              		.align	2
  26              		.global	ShiftReg_iButtonCRC4LSB_Start
  27              		.thumb
  28              		.thumb_func
  29              		.type	ShiftReg_iButtonCRC4LSB_Start, %function
  30              	ShiftReg_iButtonCRC4LSB_Start:
  31              	.LFB0:
  32              		.file 1 ".\\Generated_Source\\PSoC5\\ShiftReg_iButtonCRC4LSB.c"
   1:.\Generated_Source\PSoC5/ShiftReg_iButtonCRC4LSB.c **** /*******************************************************************************
   2:.\Generated_Source\PSoC5/ShiftReg_iButtonCRC4LSB.c **** * File Name: ShiftReg_iButtonCRC4LSB.c
   3:.\Generated_Source\PSoC5/ShiftReg_iButtonCRC4LSB.c **** * Version 2.30
   4:.\Generated_Source\PSoC5/ShiftReg_iButtonCRC4LSB.c **** *
   5:.\Generated_Source\PSoC5/ShiftReg_iButtonCRC4LSB.c **** * Description:
   6:.\Generated_Source\PSoC5/ShiftReg_iButtonCRC4LSB.c **** *  This file provides the API source code for the Shift Register component.
   7:.\Generated_Source\PSoC5/ShiftReg_iButtonCRC4LSB.c **** *
   8:.\Generated_Source\PSoC5/ShiftReg_iButtonCRC4LSB.c **** * Note: none
   9:.\Generated_Source\PSoC5/ShiftReg_iButtonCRC4LSB.c **** *
  10:.\Generated_Source\PSoC5/ShiftReg_iButtonCRC4LSB.c **** ********************************************************************************
  11:.\Generated_Source\PSoC5/ShiftReg_iButtonCRC4LSB.c **** * Copyright 2008-2013, Cypress Semiconductor Corporation.  All rights reserved.
  12:.\Generated_Source\PSoC5/ShiftReg_iButtonCRC4LSB.c **** * You may use this file only in accordance with the license, terms, conditions,
  13:.\Generated_Source\PSoC5/ShiftReg_iButtonCRC4LSB.c **** * disclaimers, and limitations in the end user license agreement accompanying
  14:.\Generated_Source\PSoC5/ShiftReg_iButtonCRC4LSB.c **** * the software package with which this file was provided.
  15:.\Generated_Source\PSoC5/ShiftReg_iButtonCRC4LSB.c **** ********************************************************************************/
  16:.\Generated_Source\PSoC5/ShiftReg_iButtonCRC4LSB.c **** 
  17:.\Generated_Source\PSoC5/ShiftReg_iButtonCRC4LSB.c **** #include "ShiftReg_iButtonCRC4LSB.h"
  18:.\Generated_Source\PSoC5/ShiftReg_iButtonCRC4LSB.c **** 
  19:.\Generated_Source\PSoC5/ShiftReg_iButtonCRC4LSB.c **** uint8 ShiftReg_iButtonCRC4LSB_initVar = 0u;
  20:.\Generated_Source\PSoC5/ShiftReg_iButtonCRC4LSB.c **** 
  21:.\Generated_Source\PSoC5/ShiftReg_iButtonCRC4LSB.c **** 
  22:.\Generated_Source\PSoC5/ShiftReg_iButtonCRC4LSB.c **** /*******************************************************************************
  23:.\Generated_Source\PSoC5/ShiftReg_iButtonCRC4LSB.c **** * Function Name: ShiftReg_iButtonCRC4LSB_Start
  24:.\Generated_Source\PSoC5/ShiftReg_iButtonCRC4LSB.c **** ********************************************************************************
  25:.\Generated_Source\PSoC5/ShiftReg_iButtonCRC4LSB.c **** *
ARM GAS  C:\Users\Lenovo\AppData\Local\Temp\ccEPcN2n.s 			page 2


  26:.\Generated_Source\PSoC5/ShiftReg_iButtonCRC4LSB.c **** * Summary:
  27:.\Generated_Source\PSoC5/ShiftReg_iButtonCRC4LSB.c **** *  Starts the Shift Register.
  28:.\Generated_Source\PSoC5/ShiftReg_iButtonCRC4LSB.c **** *
  29:.\Generated_Source\PSoC5/ShiftReg_iButtonCRC4LSB.c **** * Parameters:
  30:.\Generated_Source\PSoC5/ShiftReg_iButtonCRC4LSB.c **** *  None.
  31:.\Generated_Source\PSoC5/ShiftReg_iButtonCRC4LSB.c **** *
  32:.\Generated_Source\PSoC5/ShiftReg_iButtonCRC4LSB.c **** * Return:
  33:.\Generated_Source\PSoC5/ShiftReg_iButtonCRC4LSB.c **** *  None.
  34:.\Generated_Source\PSoC5/ShiftReg_iButtonCRC4LSB.c **** *
  35:.\Generated_Source\PSoC5/ShiftReg_iButtonCRC4LSB.c **** * Global Variables:
  36:.\Generated_Source\PSoC5/ShiftReg_iButtonCRC4LSB.c **** *  ShiftReg_iButtonCRC4LSB_initVar - used to check initial configuration, modified on
  37:.\Generated_Source\PSoC5/ShiftReg_iButtonCRC4LSB.c **** *  first function call.
  38:.\Generated_Source\PSoC5/ShiftReg_iButtonCRC4LSB.c **** *
  39:.\Generated_Source\PSoC5/ShiftReg_iButtonCRC4LSB.c **** * Reentrant:
  40:.\Generated_Source\PSoC5/ShiftReg_iButtonCRC4LSB.c **** *  No.
  41:.\Generated_Source\PSoC5/ShiftReg_iButtonCRC4LSB.c **** *
  42:.\Generated_Source\PSoC5/ShiftReg_iButtonCRC4LSB.c **** *******************************************************************************/
  43:.\Generated_Source\PSoC5/ShiftReg_iButtonCRC4LSB.c **** void ShiftReg_iButtonCRC4LSB_Start(void) 
  44:.\Generated_Source\PSoC5/ShiftReg_iButtonCRC4LSB.c **** {
  33              		.loc 1 44 0
  34              		.cfi_startproc
  35              		@ args = 0, pretend = 0, frame = 0
  36              		@ frame_needed = 1, uses_anonymous_args = 0
  37 0000 80B5     		push	{r7, lr}
  38              		.cfi_def_cfa_offset 8
  39              		.cfi_offset 7, -8
  40              		.cfi_offset 14, -4
  41 0002 00AF     		add	r7, sp, #0
  42              		.cfi_def_cfa_register 7
  45:.\Generated_Source\PSoC5/ShiftReg_iButtonCRC4LSB.c ****     if(0u == ShiftReg_iButtonCRC4LSB_initVar)
  43              		.loc 1 45 0
  44 0004 054B     		ldr	r3, .L3
  45 0006 1B78     		ldrb	r3, [r3]	@ zero_extendqisi2
  46 0008 002B     		cmp	r3, #0
  47 000a 04D1     		bne	.L2
  46:.\Generated_Source\PSoC5/ShiftReg_iButtonCRC4LSB.c ****     {
  47:.\Generated_Source\PSoC5/ShiftReg_iButtonCRC4LSB.c ****         ShiftReg_iButtonCRC4LSB_Init();
  48              		.loc 1 47 0
  49 000c FFF7FEFF 		bl	ShiftReg_iButtonCRC4LSB_Init
  48:.\Generated_Source\PSoC5/ShiftReg_iButtonCRC4LSB.c ****         ShiftReg_iButtonCRC4LSB_initVar = 1u; /* Component initialized */
  50              		.loc 1 48 0
  51 0010 024B     		ldr	r3, .L3
  52 0012 0122     		movs	r2, #1
  53 0014 1A70     		strb	r2, [r3]
  54              	.L2:
  49:.\Generated_Source\PSoC5/ShiftReg_iButtonCRC4LSB.c ****     }
  50:.\Generated_Source\PSoC5/ShiftReg_iButtonCRC4LSB.c **** 
  51:.\Generated_Source\PSoC5/ShiftReg_iButtonCRC4LSB.c ****     ShiftReg_iButtonCRC4LSB_Enable();
  55              		.loc 1 51 0
  56 0016 FFF7FEFF 		bl	ShiftReg_iButtonCRC4LSB_Enable
  52:.\Generated_Source\PSoC5/ShiftReg_iButtonCRC4LSB.c **** }
  57              		.loc 1 52 0
  58 001a 80BD     		pop	{r7, pc}
  59              	.L4:
  60              		.align	2
  61              	.L3:
  62 001c 00000000 		.word	ShiftReg_iButtonCRC4LSB_initVar
ARM GAS  C:\Users\Lenovo\AppData\Local\Temp\ccEPcN2n.s 			page 3


  63              		.cfi_endproc
  64              	.LFE0:
  65              		.size	ShiftReg_iButtonCRC4LSB_Start, .-ShiftReg_iButtonCRC4LSB_Start
  66              		.section	.text.ShiftReg_iButtonCRC4LSB_Enable,"ax",%progbits
  67              		.align	2
  68              		.global	ShiftReg_iButtonCRC4LSB_Enable
  69              		.thumb
  70              		.thumb_func
  71              		.type	ShiftReg_iButtonCRC4LSB_Enable, %function
  72              	ShiftReg_iButtonCRC4LSB_Enable:
  73              	.LFB1:
  53:.\Generated_Source\PSoC5/ShiftReg_iButtonCRC4LSB.c **** 
  54:.\Generated_Source\PSoC5/ShiftReg_iButtonCRC4LSB.c **** 
  55:.\Generated_Source\PSoC5/ShiftReg_iButtonCRC4LSB.c **** /*******************************************************************************
  56:.\Generated_Source\PSoC5/ShiftReg_iButtonCRC4LSB.c **** * Function Name: ShiftReg_iButtonCRC4LSB_Enable
  57:.\Generated_Source\PSoC5/ShiftReg_iButtonCRC4LSB.c **** ********************************************************************************
  58:.\Generated_Source\PSoC5/ShiftReg_iButtonCRC4LSB.c **** *
  59:.\Generated_Source\PSoC5/ShiftReg_iButtonCRC4LSB.c **** * Summary:
  60:.\Generated_Source\PSoC5/ShiftReg_iButtonCRC4LSB.c **** *  Enables the Shift Register.
  61:.\Generated_Source\PSoC5/ShiftReg_iButtonCRC4LSB.c **** *
  62:.\Generated_Source\PSoC5/ShiftReg_iButtonCRC4LSB.c **** * Parameters:
  63:.\Generated_Source\PSoC5/ShiftReg_iButtonCRC4LSB.c **** *  void.
  64:.\Generated_Source\PSoC5/ShiftReg_iButtonCRC4LSB.c **** *
  65:.\Generated_Source\PSoC5/ShiftReg_iButtonCRC4LSB.c **** * Return:
  66:.\Generated_Source\PSoC5/ShiftReg_iButtonCRC4LSB.c **** *  void.
  67:.\Generated_Source\PSoC5/ShiftReg_iButtonCRC4LSB.c **** *
  68:.\Generated_Source\PSoC5/ShiftReg_iButtonCRC4LSB.c **** *******************************************************************************/
  69:.\Generated_Source\PSoC5/ShiftReg_iButtonCRC4LSB.c **** void ShiftReg_iButtonCRC4LSB_Enable(void) 
  70:.\Generated_Source\PSoC5/ShiftReg_iButtonCRC4LSB.c **** {
  74              		.loc 1 70 0
  75              		.cfi_startproc
  76              		@ args = 0, pretend = 0, frame = 0
  77              		@ frame_needed = 1, uses_anonymous_args = 0
  78 0000 80B5     		push	{r7, lr}
  79              		.cfi_def_cfa_offset 8
  80              		.cfi_offset 7, -8
  81              		.cfi_offset 14, -4
  82 0002 00AF     		add	r7, sp, #0
  83              		.cfi_def_cfa_register 7
  71:.\Generated_Source\PSoC5/ShiftReg_iButtonCRC4LSB.c ****     /* Changing address in Datapath Control Store
  72:.\Generated_Source\PSoC5/ShiftReg_iButtonCRC4LSB.c ****        from NOP to component state machine commands space */
  73:.\Generated_Source\PSoC5/ShiftReg_iButtonCRC4LSB.c ****     ShiftReg_iButtonCRC4LSB_SR_CONTROL |= ShiftReg_iButtonCRC4LSB_CLK_EN;
  84              		.loc 1 73 0
  85 0004 054A     		ldr	r2, .L6
  86 0006 054B     		ldr	r3, .L6
  87 0008 1B78     		ldrb	r3, [r3]
  88 000a DBB2     		uxtb	r3, r3
  89 000c 43F00103 		orr	r3, r3, #1
  90 0010 DBB2     		uxtb	r3, r3
  91 0012 1370     		strb	r3, [r2]
  74:.\Generated_Source\PSoC5/ShiftReg_iButtonCRC4LSB.c **** 
  75:.\Generated_Source\PSoC5/ShiftReg_iButtonCRC4LSB.c ****     ShiftReg_iButtonCRC4LSB_EnableInt();
  92              		.loc 1 75 0
  93 0014 FFF7FEFF 		bl	ShiftReg_iButtonCRC4LSB_EnableInt
  76:.\Generated_Source\PSoC5/ShiftReg_iButtonCRC4LSB.c **** }
  94              		.loc 1 76 0
  95 0018 80BD     		pop	{r7, pc}
ARM GAS  C:\Users\Lenovo\AppData\Local\Temp\ccEPcN2n.s 			page 4


  96              	.L7:
  97 001a 00BF     		.align	2
  98              	.L6:
  99 001c 77640040 		.word	1073767543
 100              		.cfi_endproc
 101              	.LFE1:
 102              		.size	ShiftReg_iButtonCRC4LSB_Enable, .-ShiftReg_iButtonCRC4LSB_Enable
 103              		.section	.text.ShiftReg_iButtonCRC4LSB_Init,"ax",%progbits
 104              		.align	2
 105              		.global	ShiftReg_iButtonCRC4LSB_Init
 106              		.thumb
 107              		.thumb_func
 108              		.type	ShiftReg_iButtonCRC4LSB_Init, %function
 109              	ShiftReg_iButtonCRC4LSB_Init:
 110              	.LFB2:
  77:.\Generated_Source\PSoC5/ShiftReg_iButtonCRC4LSB.c **** 
  78:.\Generated_Source\PSoC5/ShiftReg_iButtonCRC4LSB.c **** 
  79:.\Generated_Source\PSoC5/ShiftReg_iButtonCRC4LSB.c **** /*******************************************************************************
  80:.\Generated_Source\PSoC5/ShiftReg_iButtonCRC4LSB.c **** * Function Name: ShiftReg_iButtonCRC4LSB_Init
  81:.\Generated_Source\PSoC5/ShiftReg_iButtonCRC4LSB.c **** ********************************************************************************
  82:.\Generated_Source\PSoC5/ShiftReg_iButtonCRC4LSB.c **** *
  83:.\Generated_Source\PSoC5/ShiftReg_iButtonCRC4LSB.c **** * Summary:
  84:.\Generated_Source\PSoC5/ShiftReg_iButtonCRC4LSB.c **** *  Initializes Tx and/or Rx interrupt sources with initial values.
  85:.\Generated_Source\PSoC5/ShiftReg_iButtonCRC4LSB.c **** *
  86:.\Generated_Source\PSoC5/ShiftReg_iButtonCRC4LSB.c **** * Parameters:
  87:.\Generated_Source\PSoC5/ShiftReg_iButtonCRC4LSB.c **** *  void.
  88:.\Generated_Source\PSoC5/ShiftReg_iButtonCRC4LSB.c **** *
  89:.\Generated_Source\PSoC5/ShiftReg_iButtonCRC4LSB.c **** * Return:
  90:.\Generated_Source\PSoC5/ShiftReg_iButtonCRC4LSB.c **** *  void.
  91:.\Generated_Source\PSoC5/ShiftReg_iButtonCRC4LSB.c **** *
  92:.\Generated_Source\PSoC5/ShiftReg_iButtonCRC4LSB.c **** *******************************************************************************/
  93:.\Generated_Source\PSoC5/ShiftReg_iButtonCRC4LSB.c **** void ShiftReg_iButtonCRC4LSB_Init(void) 
  94:.\Generated_Source\PSoC5/ShiftReg_iButtonCRC4LSB.c **** {
 111              		.loc 1 94 0
 112              		.cfi_startproc
 113              		@ args = 0, pretend = 0, frame = 0
 114              		@ frame_needed = 1, uses_anonymous_args = 0
 115 0000 80B5     		push	{r7, lr}
 116              		.cfi_def_cfa_offset 8
 117              		.cfi_offset 7, -8
 118              		.cfi_offset 14, -4
 119 0002 00AF     		add	r7, sp, #0
 120              		.cfi_def_cfa_register 7
  95:.\Generated_Source\PSoC5/ShiftReg_iButtonCRC4LSB.c ****     ShiftReg_iButtonCRC4LSB_SetIntMode(ShiftReg_iButtonCRC4LSB_INT_SRC);
 121              		.loc 1 95 0
 122 0004 0020     		movs	r0, #0
 123 0006 FFF7FEFF 		bl	ShiftReg_iButtonCRC4LSB_SetIntMode
  96:.\Generated_Source\PSoC5/ShiftReg_iButtonCRC4LSB.c **** }
 124              		.loc 1 96 0
 125 000a 80BD     		pop	{r7, pc}
 126              		.cfi_endproc
 127              	.LFE2:
 128              		.size	ShiftReg_iButtonCRC4LSB_Init, .-ShiftReg_iButtonCRC4LSB_Init
 129              		.section	.text.ShiftReg_iButtonCRC4LSB_Stop,"ax",%progbits
 130              		.align	2
 131              		.global	ShiftReg_iButtonCRC4LSB_Stop
 132              		.thumb
ARM GAS  C:\Users\Lenovo\AppData\Local\Temp\ccEPcN2n.s 			page 5


 133              		.thumb_func
 134              		.type	ShiftReg_iButtonCRC4LSB_Stop, %function
 135              	ShiftReg_iButtonCRC4LSB_Stop:
 136              	.LFB3:
  97:.\Generated_Source\PSoC5/ShiftReg_iButtonCRC4LSB.c **** 
  98:.\Generated_Source\PSoC5/ShiftReg_iButtonCRC4LSB.c **** 
  99:.\Generated_Source\PSoC5/ShiftReg_iButtonCRC4LSB.c **** /*******************************************************************************
 100:.\Generated_Source\PSoC5/ShiftReg_iButtonCRC4LSB.c **** * Function Name: ShiftReg_iButtonCRC4LSB_Stop
 101:.\Generated_Source\PSoC5/ShiftReg_iButtonCRC4LSB.c **** ********************************************************************************
 102:.\Generated_Source\PSoC5/ShiftReg_iButtonCRC4LSB.c **** *
 103:.\Generated_Source\PSoC5/ShiftReg_iButtonCRC4LSB.c **** * Summary:
 104:.\Generated_Source\PSoC5/ShiftReg_iButtonCRC4LSB.c **** *  Disables the Shift Register
 105:.\Generated_Source\PSoC5/ShiftReg_iButtonCRC4LSB.c **** *
 106:.\Generated_Source\PSoC5/ShiftReg_iButtonCRC4LSB.c **** * Parameters:
 107:.\Generated_Source\PSoC5/ShiftReg_iButtonCRC4LSB.c **** *  None.
 108:.\Generated_Source\PSoC5/ShiftReg_iButtonCRC4LSB.c **** *
 109:.\Generated_Source\PSoC5/ShiftReg_iButtonCRC4LSB.c **** * Return:
 110:.\Generated_Source\PSoC5/ShiftReg_iButtonCRC4LSB.c **** *  None.
 111:.\Generated_Source\PSoC5/ShiftReg_iButtonCRC4LSB.c **** *
 112:.\Generated_Source\PSoC5/ShiftReg_iButtonCRC4LSB.c **** *******************************************************************************/
 113:.\Generated_Source\PSoC5/ShiftReg_iButtonCRC4LSB.c **** void ShiftReg_iButtonCRC4LSB_Stop(void) 
 114:.\Generated_Source\PSoC5/ShiftReg_iButtonCRC4LSB.c **** {
 137              		.loc 1 114 0
 138              		.cfi_startproc
 139              		@ args = 0, pretend = 0, frame = 0
 140              		@ frame_needed = 1, uses_anonymous_args = 0
 141 0000 80B5     		push	{r7, lr}
 142              		.cfi_def_cfa_offset 8
 143              		.cfi_offset 7, -8
 144              		.cfi_offset 14, -4
 145 0002 00AF     		add	r7, sp, #0
 146              		.cfi_def_cfa_register 7
 115:.\Generated_Source\PSoC5/ShiftReg_iButtonCRC4LSB.c ****     /*changing Datapath Control Store address to NOP space*/
 116:.\Generated_Source\PSoC5/ShiftReg_iButtonCRC4LSB.c ****     ShiftReg_iButtonCRC4LSB_SR_CONTROL &= ((uint8) ~ShiftReg_iButtonCRC4LSB_CLK_EN);
 147              		.loc 1 116 0
 148 0004 054A     		ldr	r2, .L10
 149 0006 054B     		ldr	r3, .L10
 150 0008 1B78     		ldrb	r3, [r3]
 151 000a DBB2     		uxtb	r3, r3
 152 000c 23F00103 		bic	r3, r3, #1
 153 0010 DBB2     		uxtb	r3, r3
 154 0012 1370     		strb	r3, [r2]
 117:.\Generated_Source\PSoC5/ShiftReg_iButtonCRC4LSB.c ****     ShiftReg_iButtonCRC4LSB_DisableInt();
 155              		.loc 1 117 0
 156 0014 FFF7FEFF 		bl	ShiftReg_iButtonCRC4LSB_DisableInt
 118:.\Generated_Source\PSoC5/ShiftReg_iButtonCRC4LSB.c **** }
 157              		.loc 1 118 0
 158 0018 80BD     		pop	{r7, pc}
 159              	.L11:
 160 001a 00BF     		.align	2
 161              	.L10:
 162 001c 77640040 		.word	1073767543
 163              		.cfi_endproc
 164              	.LFE3:
 165              		.size	ShiftReg_iButtonCRC4LSB_Stop, .-ShiftReg_iButtonCRC4LSB_Stop
 166              		.section	.text.ShiftReg_iButtonCRC4LSB_EnableInt,"ax",%progbits
 167              		.align	2
ARM GAS  C:\Users\Lenovo\AppData\Local\Temp\ccEPcN2n.s 			page 6


 168              		.global	ShiftReg_iButtonCRC4LSB_EnableInt
 169              		.thumb
 170              		.thumb_func
 171              		.type	ShiftReg_iButtonCRC4LSB_EnableInt, %function
 172              	ShiftReg_iButtonCRC4LSB_EnableInt:
 173              	.LFB4:
 119:.\Generated_Source\PSoC5/ShiftReg_iButtonCRC4LSB.c **** 
 120:.\Generated_Source\PSoC5/ShiftReg_iButtonCRC4LSB.c **** 
 121:.\Generated_Source\PSoC5/ShiftReg_iButtonCRC4LSB.c **** /*******************************************************************************
 122:.\Generated_Source\PSoC5/ShiftReg_iButtonCRC4LSB.c **** * Function Name: ShiftReg_iButtonCRC4LSB_EnableInt
 123:.\Generated_Source\PSoC5/ShiftReg_iButtonCRC4LSB.c **** ********************************************************************************
 124:.\Generated_Source\PSoC5/ShiftReg_iButtonCRC4LSB.c **** *
 125:.\Generated_Source\PSoC5/ShiftReg_iButtonCRC4LSB.c **** * Summary:
 126:.\Generated_Source\PSoC5/ShiftReg_iButtonCRC4LSB.c **** *  Enables the Shift Register interrupt.
 127:.\Generated_Source\PSoC5/ShiftReg_iButtonCRC4LSB.c **** *
 128:.\Generated_Source\PSoC5/ShiftReg_iButtonCRC4LSB.c **** * Parameters:
 129:.\Generated_Source\PSoC5/ShiftReg_iButtonCRC4LSB.c **** *  None.
 130:.\Generated_Source\PSoC5/ShiftReg_iButtonCRC4LSB.c **** *
 131:.\Generated_Source\PSoC5/ShiftReg_iButtonCRC4LSB.c **** * Return:
 132:.\Generated_Source\PSoC5/ShiftReg_iButtonCRC4LSB.c **** *  None.
 133:.\Generated_Source\PSoC5/ShiftReg_iButtonCRC4LSB.c **** *
 134:.\Generated_Source\PSoC5/ShiftReg_iButtonCRC4LSB.c **** *******************************************************************************/
 135:.\Generated_Source\PSoC5/ShiftReg_iButtonCRC4LSB.c **** void ShiftReg_iButtonCRC4LSB_EnableInt(void) 
 136:.\Generated_Source\PSoC5/ShiftReg_iButtonCRC4LSB.c **** {
 174              		.loc 1 136 0
 175              		.cfi_startproc
 176              		@ args = 0, pretend = 0, frame = 8
 177              		@ frame_needed = 1, uses_anonymous_args = 0
 178 0000 80B5     		push	{r7, lr}
 179              		.cfi_def_cfa_offset 8
 180              		.cfi_offset 7, -8
 181              		.cfi_offset 14, -4
 182 0002 82B0     		sub	sp, sp, #8
 183              		.cfi_def_cfa_offset 16
 184 0004 00AF     		add	r7, sp, #0
 185              		.cfi_def_cfa_register 7
 137:.\Generated_Source\PSoC5/ShiftReg_iButtonCRC4LSB.c ****     uint8 interruptState;
 138:.\Generated_Source\PSoC5/ShiftReg_iButtonCRC4LSB.c **** 
 139:.\Generated_Source\PSoC5/ShiftReg_iButtonCRC4LSB.c ****     interruptState = CyEnterCriticalSection();
 186              		.loc 1 139 0
 187 0006 FFF7FEFF 		bl	CyEnterCriticalSection
 188 000a 0346     		mov	r3, r0
 189 000c FB71     		strb	r3, [r7, #7]
 140:.\Generated_Source\PSoC5/ShiftReg_iButtonCRC4LSB.c ****     ShiftReg_iButtonCRC4LSB_SR_AUX_CONTROL |= ShiftReg_iButtonCRC4LSB_INTERRUPTS_ENABLE;
 190              		.loc 1 140 0
 191 000e 074A     		ldr	r2, .L13
 192 0010 064B     		ldr	r3, .L13
 193 0012 1B78     		ldrb	r3, [r3]
 194 0014 DBB2     		uxtb	r3, r3
 195 0016 43F01003 		orr	r3, r3, #16
 196 001a DBB2     		uxtb	r3, r3
 197 001c 1370     		strb	r3, [r2]
 141:.\Generated_Source\PSoC5/ShiftReg_iButtonCRC4LSB.c ****     CyExitCriticalSection(interruptState);
 198              		.loc 1 141 0
 199 001e FB79     		ldrb	r3, [r7, #7]	@ zero_extendqisi2
 200 0020 1846     		mov	r0, r3
 201 0022 FFF7FEFF 		bl	CyExitCriticalSection
ARM GAS  C:\Users\Lenovo\AppData\Local\Temp\ccEPcN2n.s 			page 7


 142:.\Generated_Source\PSoC5/ShiftReg_iButtonCRC4LSB.c **** }
 202              		.loc 1 142 0
 203 0026 0837     		adds	r7, r7, #8
 204              		.cfi_def_cfa_offset 8
 205 0028 BD46     		mov	sp, r7
 206              		.cfi_def_cfa_register 13
 207              		@ sp needed
 208 002a 80BD     		pop	{r7, pc}
 209              	.L14:
 210              		.align	2
 211              	.L13:
 212 002c 97640040 		.word	1073767575
 213              		.cfi_endproc
 214              	.LFE4:
 215              		.size	ShiftReg_iButtonCRC4LSB_EnableInt, .-ShiftReg_iButtonCRC4LSB_EnableInt
 216              		.section	.text.ShiftReg_iButtonCRC4LSB_DisableInt,"ax",%progbits
 217              		.align	2
 218              		.global	ShiftReg_iButtonCRC4LSB_DisableInt
 219              		.thumb
 220              		.thumb_func
 221              		.type	ShiftReg_iButtonCRC4LSB_DisableInt, %function
 222              	ShiftReg_iButtonCRC4LSB_DisableInt:
 223              	.LFB5:
 143:.\Generated_Source\PSoC5/ShiftReg_iButtonCRC4LSB.c **** 
 144:.\Generated_Source\PSoC5/ShiftReg_iButtonCRC4LSB.c **** 
 145:.\Generated_Source\PSoC5/ShiftReg_iButtonCRC4LSB.c **** /*******************************************************************************
 146:.\Generated_Source\PSoC5/ShiftReg_iButtonCRC4LSB.c **** * Function Name: ShiftReg_iButtonCRC4LSB_DisableInt
 147:.\Generated_Source\PSoC5/ShiftReg_iButtonCRC4LSB.c **** ********************************************************************************
 148:.\Generated_Source\PSoC5/ShiftReg_iButtonCRC4LSB.c **** *
 149:.\Generated_Source\PSoC5/ShiftReg_iButtonCRC4LSB.c **** * Summary:
 150:.\Generated_Source\PSoC5/ShiftReg_iButtonCRC4LSB.c **** *  Disables the Shift Register interrupt.
 151:.\Generated_Source\PSoC5/ShiftReg_iButtonCRC4LSB.c **** *
 152:.\Generated_Source\PSoC5/ShiftReg_iButtonCRC4LSB.c **** * Parameters:
 153:.\Generated_Source\PSoC5/ShiftReg_iButtonCRC4LSB.c **** *  None.
 154:.\Generated_Source\PSoC5/ShiftReg_iButtonCRC4LSB.c **** *
 155:.\Generated_Source\PSoC5/ShiftReg_iButtonCRC4LSB.c **** * Return:
 156:.\Generated_Source\PSoC5/ShiftReg_iButtonCRC4LSB.c **** *  None.
 157:.\Generated_Source\PSoC5/ShiftReg_iButtonCRC4LSB.c **** *
 158:.\Generated_Source\PSoC5/ShiftReg_iButtonCRC4LSB.c **** *******************************************************************************/
 159:.\Generated_Source\PSoC5/ShiftReg_iButtonCRC4LSB.c **** void ShiftReg_iButtonCRC4LSB_DisableInt(void) 
 160:.\Generated_Source\PSoC5/ShiftReg_iButtonCRC4LSB.c **** {
 224              		.loc 1 160 0
 225              		.cfi_startproc
 226              		@ args = 0, pretend = 0, frame = 8
 227              		@ frame_needed = 1, uses_anonymous_args = 0
 228 0000 80B5     		push	{r7, lr}
 229              		.cfi_def_cfa_offset 8
 230              		.cfi_offset 7, -8
 231              		.cfi_offset 14, -4
 232 0002 82B0     		sub	sp, sp, #8
 233              		.cfi_def_cfa_offset 16
 234 0004 00AF     		add	r7, sp, #0
 235              		.cfi_def_cfa_register 7
 161:.\Generated_Source\PSoC5/ShiftReg_iButtonCRC4LSB.c ****     uint8 interruptState;
 162:.\Generated_Source\PSoC5/ShiftReg_iButtonCRC4LSB.c **** 
 163:.\Generated_Source\PSoC5/ShiftReg_iButtonCRC4LSB.c ****     interruptState = CyEnterCriticalSection();
 236              		.loc 1 163 0
ARM GAS  C:\Users\Lenovo\AppData\Local\Temp\ccEPcN2n.s 			page 8


 237 0006 FFF7FEFF 		bl	CyEnterCriticalSection
 238 000a 0346     		mov	r3, r0
 239 000c FB71     		strb	r3, [r7, #7]
 164:.\Generated_Source\PSoC5/ShiftReg_iButtonCRC4LSB.c ****     ShiftReg_iButtonCRC4LSB_SR_AUX_CONTROL &= ((uint8) ~ShiftReg_iButtonCRC4LSB_INTERRUPTS_ENABLE);
 240              		.loc 1 164 0
 241 000e 074A     		ldr	r2, .L16
 242 0010 064B     		ldr	r3, .L16
 243 0012 1B78     		ldrb	r3, [r3]
 244 0014 DBB2     		uxtb	r3, r3
 245 0016 23F01003 		bic	r3, r3, #16
 246 001a DBB2     		uxtb	r3, r3
 247 001c 1370     		strb	r3, [r2]
 165:.\Generated_Source\PSoC5/ShiftReg_iButtonCRC4LSB.c ****     CyExitCriticalSection(interruptState);
 248              		.loc 1 165 0
 249 001e FB79     		ldrb	r3, [r7, #7]	@ zero_extendqisi2
 250 0020 1846     		mov	r0, r3
 251 0022 FFF7FEFF 		bl	CyExitCriticalSection
 166:.\Generated_Source\PSoC5/ShiftReg_iButtonCRC4LSB.c **** }
 252              		.loc 1 166 0
 253 0026 0837     		adds	r7, r7, #8
 254              		.cfi_def_cfa_offset 8
 255 0028 BD46     		mov	sp, r7
 256              		.cfi_def_cfa_register 13
 257              		@ sp needed
 258 002a 80BD     		pop	{r7, pc}
 259              	.L17:
 260              		.align	2
 261              	.L16:
 262 002c 97640040 		.word	1073767575
 263              		.cfi_endproc
 264              	.LFE5:
 265              		.size	ShiftReg_iButtonCRC4LSB_DisableInt, .-ShiftReg_iButtonCRC4LSB_DisableInt
 266              		.section	.text.ShiftReg_iButtonCRC4LSB_GetFIFOStatus,"ax",%progbits
 267              		.align	2
 268              		.global	ShiftReg_iButtonCRC4LSB_GetFIFOStatus
 269              		.thumb
 270              		.thumb_func
 271              		.type	ShiftReg_iButtonCRC4LSB_GetFIFOStatus, %function
 272              	ShiftReg_iButtonCRC4LSB_GetFIFOStatus:
 273              	.LFB6:
 167:.\Generated_Source\PSoC5/ShiftReg_iButtonCRC4LSB.c **** 
 168:.\Generated_Source\PSoC5/ShiftReg_iButtonCRC4LSB.c **** 
 169:.\Generated_Source\PSoC5/ShiftReg_iButtonCRC4LSB.c **** /*******************************************************************************
 170:.\Generated_Source\PSoC5/ShiftReg_iButtonCRC4LSB.c **** * Function Name: ShiftReg_iButtonCRC4LSB_GetFIFOStatus
 171:.\Generated_Source\PSoC5/ShiftReg_iButtonCRC4LSB.c **** ********************************************************************************
 172:.\Generated_Source\PSoC5/ShiftReg_iButtonCRC4LSB.c **** *
 173:.\Generated_Source\PSoC5/ShiftReg_iButtonCRC4LSB.c **** * Summary:
 174:.\Generated_Source\PSoC5/ShiftReg_iButtonCRC4LSB.c **** *  Returns current status of input or output FIFO.
 175:.\Generated_Source\PSoC5/ShiftReg_iButtonCRC4LSB.c **** *
 176:.\Generated_Source\PSoC5/ShiftReg_iButtonCRC4LSB.c **** * Parameters:
 177:.\Generated_Source\PSoC5/ShiftReg_iButtonCRC4LSB.c **** *  fifoId.
 178:.\Generated_Source\PSoC5/ShiftReg_iButtonCRC4LSB.c **** *
 179:.\Generated_Source\PSoC5/ShiftReg_iButtonCRC4LSB.c **** * Return:
 180:.\Generated_Source\PSoC5/ShiftReg_iButtonCRC4LSB.c **** *  FIFO status.
 181:.\Generated_Source\PSoC5/ShiftReg_iButtonCRC4LSB.c **** *
 182:.\Generated_Source\PSoC5/ShiftReg_iButtonCRC4LSB.c **** *******************************************************************************/
 183:.\Generated_Source\PSoC5/ShiftReg_iButtonCRC4LSB.c **** uint8 ShiftReg_iButtonCRC4LSB_GetFIFOStatus(uint8 fifoId) 
ARM GAS  C:\Users\Lenovo\AppData\Local\Temp\ccEPcN2n.s 			page 9


 184:.\Generated_Source\PSoC5/ShiftReg_iButtonCRC4LSB.c **** {
 274              		.loc 1 184 0
 275              		.cfi_startproc
 276              		@ args = 0, pretend = 0, frame = 16
 277              		@ frame_needed = 1, uses_anonymous_args = 0
 278              		@ link register save eliminated.
 279 0000 80B4     		push	{r7}
 280              		.cfi_def_cfa_offset 4
 281              		.cfi_offset 7, -4
 282 0002 85B0     		sub	sp, sp, #20
 283              		.cfi_def_cfa_offset 24
 284 0004 00AF     		add	r7, sp, #0
 285              		.cfi_def_cfa_register 7
 286 0006 0346     		mov	r3, r0
 287 0008 FB71     		strb	r3, [r7, #7]
 185:.\Generated_Source\PSoC5/ShiftReg_iButtonCRC4LSB.c ****     uint8 result;
 186:.\Generated_Source\PSoC5/ShiftReg_iButtonCRC4LSB.c **** 
 187:.\Generated_Source\PSoC5/ShiftReg_iButtonCRC4LSB.c ****     result = ShiftReg_iButtonCRC4LSB_RET_FIFO_NOT_DEFINED;
 288              		.loc 1 187 0
 289 000a FE23     		movs	r3, #254
 290 000c FB73     		strb	r3, [r7, #15]
 188:.\Generated_Source\PSoC5/ShiftReg_iButtonCRC4LSB.c **** 
 189:.\Generated_Source\PSoC5/ShiftReg_iButtonCRC4LSB.c ****     #if(0u != ShiftReg_iButtonCRC4LSB_USE_INPUT_FIFO)
 190:.\Generated_Source\PSoC5/ShiftReg_iButtonCRC4LSB.c ****         if(ShiftReg_iButtonCRC4LSB_IN_FIFO == fifoId)
 191:.\Generated_Source\PSoC5/ShiftReg_iButtonCRC4LSB.c ****         {
 192:.\Generated_Source\PSoC5/ShiftReg_iButtonCRC4LSB.c ****             switch(ShiftReg_iButtonCRC4LSB_GET_IN_FIFO_STS)
 193:.\Generated_Source\PSoC5/ShiftReg_iButtonCRC4LSB.c ****             {
 194:.\Generated_Source\PSoC5/ShiftReg_iButtonCRC4LSB.c ****                 case ShiftReg_iButtonCRC4LSB_IN_FIFO_FULL :
 195:.\Generated_Source\PSoC5/ShiftReg_iButtonCRC4LSB.c ****                     result = ShiftReg_iButtonCRC4LSB_RET_FIFO_FULL;
 196:.\Generated_Source\PSoC5/ShiftReg_iButtonCRC4LSB.c ****                     break;
 197:.\Generated_Source\PSoC5/ShiftReg_iButtonCRC4LSB.c **** 
 198:.\Generated_Source\PSoC5/ShiftReg_iButtonCRC4LSB.c ****                 case ShiftReg_iButtonCRC4LSB_IN_FIFO_EMPTY :
 199:.\Generated_Source\PSoC5/ShiftReg_iButtonCRC4LSB.c ****                     result = ShiftReg_iButtonCRC4LSB_RET_FIFO_EMPTY;
 200:.\Generated_Source\PSoC5/ShiftReg_iButtonCRC4LSB.c ****                     break;
 201:.\Generated_Source\PSoC5/ShiftReg_iButtonCRC4LSB.c **** 
 202:.\Generated_Source\PSoC5/ShiftReg_iButtonCRC4LSB.c ****                 case ShiftReg_iButtonCRC4LSB_IN_FIFO_PARTIAL:
 203:.\Generated_Source\PSoC5/ShiftReg_iButtonCRC4LSB.c ****                     result = ShiftReg_iButtonCRC4LSB_RET_FIFO_PARTIAL;
 204:.\Generated_Source\PSoC5/ShiftReg_iButtonCRC4LSB.c ****                     break;
 205:.\Generated_Source\PSoC5/ShiftReg_iButtonCRC4LSB.c ****                     
 206:.\Generated_Source\PSoC5/ShiftReg_iButtonCRC4LSB.c ****                 default:
 207:.\Generated_Source\PSoC5/ShiftReg_iButtonCRC4LSB.c ****                     /* Initial result value, while 
 208:.\Generated_Source\PSoC5/ShiftReg_iButtonCRC4LSB.c ****                        IN_FIFO_EMPTY case is false 
 209:.\Generated_Source\PSoC5/ShiftReg_iButtonCRC4LSB.c ****                      */
 210:.\Generated_Source\PSoC5/ShiftReg_iButtonCRC4LSB.c ****                     result = ShiftReg_iButtonCRC4LSB_RET_FIFO_EMPTY;
 211:.\Generated_Source\PSoC5/ShiftReg_iButtonCRC4LSB.c ****                     break;
 212:.\Generated_Source\PSoC5/ShiftReg_iButtonCRC4LSB.c ****             }   
 213:.\Generated_Source\PSoC5/ShiftReg_iButtonCRC4LSB.c ****         }
 214:.\Generated_Source\PSoC5/ShiftReg_iButtonCRC4LSB.c ****     #endif /* (0u != ShiftReg_iButtonCRC4LSB_USE_INPUT_FIFO) */
 215:.\Generated_Source\PSoC5/ShiftReg_iButtonCRC4LSB.c **** 
 216:.\Generated_Source\PSoC5/ShiftReg_iButtonCRC4LSB.c ****     if(ShiftReg_iButtonCRC4LSB_OUT_FIFO == fifoId)
 291              		.loc 1 216 0
 292 000e FB79     		ldrb	r3, [r7, #7]	@ zero_extendqisi2
 293 0010 022B     		cmp	r3, #2
 294 0012 18D1     		bne	.L19
 217:.\Generated_Source\PSoC5/ShiftReg_iButtonCRC4LSB.c ****     {
 218:.\Generated_Source\PSoC5/ShiftReg_iButtonCRC4LSB.c ****         switch(ShiftReg_iButtonCRC4LSB_GET_OUT_FIFO_STS)
 295              		.loc 1 218 0
ARM GAS  C:\Users\Lenovo\AppData\Local\Temp\ccEPcN2n.s 			page 10


 296 0014 0F4B     		ldr	r3, .L26
 297 0016 1B78     		ldrb	r3, [r3]
 298 0018 DBB2     		uxtb	r3, r3
 299 001a 03F06003 		and	r3, r3, #96
 300 001e 5B09     		lsrs	r3, r3, #5
 301 0020 012B     		cmp	r3, #1
 302 0022 04D0     		beq	.L21
 303 0024 012B     		cmp	r3, #1
 304 0026 05D3     		bcc	.L22
 305 0028 022B     		cmp	r3, #2
 306 002a 06D0     		beq	.L23
 307 002c 08E0     		b	.L25
 308              	.L21:
 219:.\Generated_Source\PSoC5/ShiftReg_iButtonCRC4LSB.c ****         {
 220:.\Generated_Source\PSoC5/ShiftReg_iButtonCRC4LSB.c ****             case ShiftReg_iButtonCRC4LSB_OUT_FIFO_FULL :
 221:.\Generated_Source\PSoC5/ShiftReg_iButtonCRC4LSB.c ****                 result = ShiftReg_iButtonCRC4LSB_RET_FIFO_FULL;
 309              		.loc 1 221 0
 310 002e 0023     		movs	r3, #0
 311 0030 FB73     		strb	r3, [r7, #15]
 222:.\Generated_Source\PSoC5/ShiftReg_iButtonCRC4LSB.c ****                 break;
 312              		.loc 1 222 0
 313 0032 08E0     		b	.L19
 314              	.L22:
 223:.\Generated_Source\PSoC5/ShiftReg_iButtonCRC4LSB.c **** 
 224:.\Generated_Source\PSoC5/ShiftReg_iButtonCRC4LSB.c ****             case ShiftReg_iButtonCRC4LSB_OUT_FIFO_EMPTY :
 225:.\Generated_Source\PSoC5/ShiftReg_iButtonCRC4LSB.c ****                 result = ShiftReg_iButtonCRC4LSB_RET_FIFO_EMPTY;
 315              		.loc 1 225 0
 316 0034 0223     		movs	r3, #2
 317 0036 FB73     		strb	r3, [r7, #15]
 226:.\Generated_Source\PSoC5/ShiftReg_iButtonCRC4LSB.c ****                 break;
 318              		.loc 1 226 0
 319 0038 05E0     		b	.L19
 320              	.L23:
 227:.\Generated_Source\PSoC5/ShiftReg_iButtonCRC4LSB.c **** 
 228:.\Generated_Source\PSoC5/ShiftReg_iButtonCRC4LSB.c ****             case ShiftReg_iButtonCRC4LSB_OUT_FIFO_PARTIAL :
 229:.\Generated_Source\PSoC5/ShiftReg_iButtonCRC4LSB.c ****                 result = ShiftReg_iButtonCRC4LSB_RET_FIFO_PARTIAL;
 321              		.loc 1 229 0
 322 003a 0123     		movs	r3, #1
 323 003c FB73     		strb	r3, [r7, #15]
 230:.\Generated_Source\PSoC5/ShiftReg_iButtonCRC4LSB.c ****                 break;
 324              		.loc 1 230 0
 325 003e 02E0     		b	.L19
 326              	.L25:
 231:.\Generated_Source\PSoC5/ShiftReg_iButtonCRC4LSB.c **** 
 232:.\Generated_Source\PSoC5/ShiftReg_iButtonCRC4LSB.c ****             default:
 233:.\Generated_Source\PSoC5/ShiftReg_iButtonCRC4LSB.c ****                 /* Initial result value, while 
 234:.\Generated_Source\PSoC5/ShiftReg_iButtonCRC4LSB.c ****                    OUT_FIFO_FULL case is false 
 235:.\Generated_Source\PSoC5/ShiftReg_iButtonCRC4LSB.c ****                  */
 236:.\Generated_Source\PSoC5/ShiftReg_iButtonCRC4LSB.c ****                 result = ShiftReg_iButtonCRC4LSB_RET_FIFO_FULL;
 327              		.loc 1 236 0
 328 0040 0023     		movs	r3, #0
 329 0042 FB73     		strb	r3, [r7, #15]
 237:.\Generated_Source\PSoC5/ShiftReg_iButtonCRC4LSB.c ****                 break;
 330              		.loc 1 237 0
 331 0044 00BF     		nop
 332              	.L19:
 238:.\Generated_Source\PSoC5/ShiftReg_iButtonCRC4LSB.c ****         }
ARM GAS  C:\Users\Lenovo\AppData\Local\Temp\ccEPcN2n.s 			page 11


 239:.\Generated_Source\PSoC5/ShiftReg_iButtonCRC4LSB.c ****     }
 240:.\Generated_Source\PSoC5/ShiftReg_iButtonCRC4LSB.c **** 
 241:.\Generated_Source\PSoC5/ShiftReg_iButtonCRC4LSB.c ****     return(result);
 333              		.loc 1 241 0
 334 0046 FB7B     		ldrb	r3, [r7, #15]	@ zero_extendqisi2
 242:.\Generated_Source\PSoC5/ShiftReg_iButtonCRC4LSB.c **** }
 335              		.loc 1 242 0
 336 0048 1846     		mov	r0, r3
 337 004a 1437     		adds	r7, r7, #20
 338              		.cfi_def_cfa_offset 4
 339 004c BD46     		mov	sp, r7
 340              		.cfi_def_cfa_register 13
 341              		@ sp needed
 342 004e 5DF8047B 		ldr	r7, [sp], #4
 343              		.cfi_restore 7
 344              		.cfi_def_cfa_offset 0
 345 0052 7047     		bx	lr
 346              	.L27:
 347              		.align	2
 348              	.L26:
 349 0054 67640040 		.word	1073767527
 350              		.cfi_endproc
 351              	.LFE6:
 352              		.size	ShiftReg_iButtonCRC4LSB_GetFIFOStatus, .-ShiftReg_iButtonCRC4LSB_GetFIFOStatus
 353              		.section	.text.ShiftReg_iButtonCRC4LSB_SetIntMode,"ax",%progbits
 354              		.align	2
 355              		.global	ShiftReg_iButtonCRC4LSB_SetIntMode
 356              		.thumb
 357              		.thumb_func
 358              		.type	ShiftReg_iButtonCRC4LSB_SetIntMode, %function
 359              	ShiftReg_iButtonCRC4LSB_SetIntMode:
 360              	.LFB7:
 243:.\Generated_Source\PSoC5/ShiftReg_iButtonCRC4LSB.c **** 
 244:.\Generated_Source\PSoC5/ShiftReg_iButtonCRC4LSB.c **** 
 245:.\Generated_Source\PSoC5/ShiftReg_iButtonCRC4LSB.c **** /*******************************************************************************
 246:.\Generated_Source\PSoC5/ShiftReg_iButtonCRC4LSB.c **** * Function Name: ShiftReg_iButtonCRC4LSB_SetIntMode
 247:.\Generated_Source\PSoC5/ShiftReg_iButtonCRC4LSB.c **** ********************************************************************************
 248:.\Generated_Source\PSoC5/ShiftReg_iButtonCRC4LSB.c **** *
 249:.\Generated_Source\PSoC5/ShiftReg_iButtonCRC4LSB.c **** * Summary:
 250:.\Generated_Source\PSoC5/ShiftReg_iButtonCRC4LSB.c **** *  Sets the Interrupt Source for the Shift Register interrupt. Multiple
 251:.\Generated_Source\PSoC5/ShiftReg_iButtonCRC4LSB.c **** *  sources may be ORed together
 252:.\Generated_Source\PSoC5/ShiftReg_iButtonCRC4LSB.c **** *
 253:.\Generated_Source\PSoC5/ShiftReg_iButtonCRC4LSB.c **** * Parameters:
 254:.\Generated_Source\PSoC5/ShiftReg_iButtonCRC4LSB.c **** *  interruptSource: Byte containing the constant for the selected interrupt
 255:.\Generated_Source\PSoC5/ShiftReg_iButtonCRC4LSB.c **** *  source/s.
 256:.\Generated_Source\PSoC5/ShiftReg_iButtonCRC4LSB.c **** *
 257:.\Generated_Source\PSoC5/ShiftReg_iButtonCRC4LSB.c **** * Return:
 258:.\Generated_Source\PSoC5/ShiftReg_iButtonCRC4LSB.c **** *  None.
 259:.\Generated_Source\PSoC5/ShiftReg_iButtonCRC4LSB.c **** *
 260:.\Generated_Source\PSoC5/ShiftReg_iButtonCRC4LSB.c **** *******************************************************************************/
 261:.\Generated_Source\PSoC5/ShiftReg_iButtonCRC4LSB.c **** void ShiftReg_iButtonCRC4LSB_SetIntMode(uint8 interruptSource) 
 262:.\Generated_Source\PSoC5/ShiftReg_iButtonCRC4LSB.c **** {
 361              		.loc 1 262 0
 362              		.cfi_startproc
 363              		@ args = 0, pretend = 0, frame = 8
 364              		@ frame_needed = 1, uses_anonymous_args = 0
 365              		@ link register save eliminated.
ARM GAS  C:\Users\Lenovo\AppData\Local\Temp\ccEPcN2n.s 			page 12


 366 0000 80B4     		push	{r7}
 367              		.cfi_def_cfa_offset 4
 368              		.cfi_offset 7, -4
 369 0002 83B0     		sub	sp, sp, #12
 370              		.cfi_def_cfa_offset 16
 371 0004 00AF     		add	r7, sp, #0
 372              		.cfi_def_cfa_register 7
 373 0006 0346     		mov	r3, r0
 374 0008 FB71     		strb	r3, [r7, #7]
 263:.\Generated_Source\PSoC5/ShiftReg_iButtonCRC4LSB.c ****     ShiftReg_iButtonCRC4LSB_SR_STATUS_MASK &= ((uint8) ~ShiftReg_iButtonCRC4LSB_INTS_EN_MASK);     
 375              		.loc 1 263 0
 376 000a 0C4A     		ldr	r2, .L29
 377 000c 0B4B     		ldr	r3, .L29
 378 000e 1B78     		ldrb	r3, [r3]
 379 0010 DBB2     		uxtb	r3, r3
 380 0012 23F00703 		bic	r3, r3, #7
 381 0016 DBB2     		uxtb	r3, r3
 382 0018 1370     		strb	r3, [r2]
 264:.\Generated_Source\PSoC5/ShiftReg_iButtonCRC4LSB.c ****     ShiftReg_iButtonCRC4LSB_SR_STATUS_MASK |= (interruptSource & ShiftReg_iButtonCRC4LSB_INTS_EN_MA
 383              		.loc 1 264 0
 384 001a 0849     		ldr	r1, .L29
 385 001c 074B     		ldr	r3, .L29
 386 001e 1B78     		ldrb	r3, [r3]
 387 0020 DAB2     		uxtb	r2, r3
 388 0022 FB79     		ldrb	r3, [r7, #7]
 389 0024 03F00703 		and	r3, r3, #7
 390 0028 DBB2     		uxtb	r3, r3
 391 002a 1343     		orrs	r3, r3, r2
 392 002c DBB2     		uxtb	r3, r3
 393 002e 0B70     		strb	r3, [r1]
 265:.\Generated_Source\PSoC5/ShiftReg_iButtonCRC4LSB.c **** }
 394              		.loc 1 265 0
 395 0030 0C37     		adds	r7, r7, #12
 396              		.cfi_def_cfa_offset 4
 397 0032 BD46     		mov	sp, r7
 398              		.cfi_def_cfa_register 13
 399              		@ sp needed
 400 0034 5DF8047B 		ldr	r7, [sp], #4
 401              		.cfi_restore 7
 402              		.cfi_def_cfa_offset 0
 403 0038 7047     		bx	lr
 404              	.L30:
 405 003a 00BF     		.align	2
 406              	.L29:
 407 003c 87640040 		.word	1073767559
 408              		.cfi_endproc
 409              	.LFE7:
 410              		.size	ShiftReg_iButtonCRC4LSB_SetIntMode, .-ShiftReg_iButtonCRC4LSB_SetIntMode
 411              		.section	.text.ShiftReg_iButtonCRC4LSB_GetIntStatus,"ax",%progbits
 412              		.align	2
 413              		.global	ShiftReg_iButtonCRC4LSB_GetIntStatus
 414              		.thumb
 415              		.thumb_func
 416              		.type	ShiftReg_iButtonCRC4LSB_GetIntStatus, %function
 417              	ShiftReg_iButtonCRC4LSB_GetIntStatus:
 418              	.LFB8:
 266:.\Generated_Source\PSoC5/ShiftReg_iButtonCRC4LSB.c **** 
ARM GAS  C:\Users\Lenovo\AppData\Local\Temp\ccEPcN2n.s 			page 13


 267:.\Generated_Source\PSoC5/ShiftReg_iButtonCRC4LSB.c **** 
 268:.\Generated_Source\PSoC5/ShiftReg_iButtonCRC4LSB.c **** /*******************************************************************************
 269:.\Generated_Source\PSoC5/ShiftReg_iButtonCRC4LSB.c **** * Function Name: ShiftReg_iButtonCRC4LSB_GetIntStatus
 270:.\Generated_Source\PSoC5/ShiftReg_iButtonCRC4LSB.c **** ********************************************************************************
 271:.\Generated_Source\PSoC5/ShiftReg_iButtonCRC4LSB.c **** *
 272:.\Generated_Source\PSoC5/ShiftReg_iButtonCRC4LSB.c **** * Summary:
 273:.\Generated_Source\PSoC5/ShiftReg_iButtonCRC4LSB.c **** *  Gets the Shift Register Interrupt status.
 274:.\Generated_Source\PSoC5/ShiftReg_iButtonCRC4LSB.c **** *
 275:.\Generated_Source\PSoC5/ShiftReg_iButtonCRC4LSB.c **** * Parameters:
 276:.\Generated_Source\PSoC5/ShiftReg_iButtonCRC4LSB.c **** *  None.
 277:.\Generated_Source\PSoC5/ShiftReg_iButtonCRC4LSB.c **** *
 278:.\Generated_Source\PSoC5/ShiftReg_iButtonCRC4LSB.c **** * Return:
 279:.\Generated_Source\PSoC5/ShiftReg_iButtonCRC4LSB.c **** *  Byte containing the constant for the selected interrupt source/s.
 280:.\Generated_Source\PSoC5/ShiftReg_iButtonCRC4LSB.c **** *
 281:.\Generated_Source\PSoC5/ShiftReg_iButtonCRC4LSB.c **** *******************************************************************************/
 282:.\Generated_Source\PSoC5/ShiftReg_iButtonCRC4LSB.c **** uint8 ShiftReg_iButtonCRC4LSB_GetIntStatus(void) 
 283:.\Generated_Source\PSoC5/ShiftReg_iButtonCRC4LSB.c **** {
 419              		.loc 1 283 0
 420              		.cfi_startproc
 421              		@ args = 0, pretend = 0, frame = 0
 422              		@ frame_needed = 1, uses_anonymous_args = 0
 423              		@ link register save eliminated.
 424 0000 80B4     		push	{r7}
 425              		.cfi_def_cfa_offset 4
 426              		.cfi_offset 7, -4
 427 0002 00AF     		add	r7, sp, #0
 428              		.cfi_def_cfa_register 7
 284:.\Generated_Source\PSoC5/ShiftReg_iButtonCRC4LSB.c ****     return(ShiftReg_iButtonCRC4LSB_SR_STATUS & ShiftReg_iButtonCRC4LSB_INTS_EN_MASK);
 429              		.loc 1 284 0
 430 0004 054B     		ldr	r3, .L33
 431 0006 1B78     		ldrb	r3, [r3]
 432 0008 DBB2     		uxtb	r3, r3
 433 000a 03F00703 		and	r3, r3, #7
 434 000e DBB2     		uxtb	r3, r3
 285:.\Generated_Source\PSoC5/ShiftReg_iButtonCRC4LSB.c **** }
 435              		.loc 1 285 0
 436 0010 1846     		mov	r0, r3
 437 0012 BD46     		mov	sp, r7
 438              		.cfi_def_cfa_register 13
 439              		@ sp needed
 440 0014 5DF8047B 		ldr	r7, [sp], #4
 441              		.cfi_restore 7
 442              		.cfi_def_cfa_offset 0
 443 0018 7047     		bx	lr
 444              	.L34:
 445 001a 00BF     		.align	2
 446              	.L33:
 447 001c 67640040 		.word	1073767527
 448              		.cfi_endproc
 449              	.LFE8:
 450              		.size	ShiftReg_iButtonCRC4LSB_GetIntStatus, .-ShiftReg_iButtonCRC4LSB_GetIntStatus
 451              		.section	.text.ShiftReg_iButtonCRC4LSB_WriteRegValue,"ax",%progbits
 452              		.align	2
 453              		.global	ShiftReg_iButtonCRC4LSB_WriteRegValue
 454              		.thumb
 455              		.thumb_func
 456              		.type	ShiftReg_iButtonCRC4LSB_WriteRegValue, %function
ARM GAS  C:\Users\Lenovo\AppData\Local\Temp\ccEPcN2n.s 			page 14


 457              	ShiftReg_iButtonCRC4LSB_WriteRegValue:
 458              	.LFB9:
 286:.\Generated_Source\PSoC5/ShiftReg_iButtonCRC4LSB.c **** 
 287:.\Generated_Source\PSoC5/ShiftReg_iButtonCRC4LSB.c **** 
 288:.\Generated_Source\PSoC5/ShiftReg_iButtonCRC4LSB.c **** /*******************************************************************************
 289:.\Generated_Source\PSoC5/ShiftReg_iButtonCRC4LSB.c **** * Function Name: ShiftReg_iButtonCRC4LSB_WriteRegValue
 290:.\Generated_Source\PSoC5/ShiftReg_iButtonCRC4LSB.c **** ********************************************************************************
 291:.\Generated_Source\PSoC5/ShiftReg_iButtonCRC4LSB.c **** *
 292:.\Generated_Source\PSoC5/ShiftReg_iButtonCRC4LSB.c **** * Summary:
 293:.\Generated_Source\PSoC5/ShiftReg_iButtonCRC4LSB.c **** *  Send state directly to shift register
 294:.\Generated_Source\PSoC5/ShiftReg_iButtonCRC4LSB.c **** *
 295:.\Generated_Source\PSoC5/ShiftReg_iButtonCRC4LSB.c **** * Parameters:
 296:.\Generated_Source\PSoC5/ShiftReg_iButtonCRC4LSB.c **** *  shiftData: containing shift register state.
 297:.\Generated_Source\PSoC5/ShiftReg_iButtonCRC4LSB.c **** *
 298:.\Generated_Source\PSoC5/ShiftReg_iButtonCRC4LSB.c **** * Return:
 299:.\Generated_Source\PSoC5/ShiftReg_iButtonCRC4LSB.c **** *  None.
 300:.\Generated_Source\PSoC5/ShiftReg_iButtonCRC4LSB.c **** *
 301:.\Generated_Source\PSoC5/ShiftReg_iButtonCRC4LSB.c **** *******************************************************************************/
 302:.\Generated_Source\PSoC5/ShiftReg_iButtonCRC4LSB.c **** void ShiftReg_iButtonCRC4LSB_WriteRegValue(uint8 shiftData)
 303:.\Generated_Source\PSoC5/ShiftReg_iButtonCRC4LSB.c ****                                                                      
 304:.\Generated_Source\PSoC5/ShiftReg_iButtonCRC4LSB.c **** {
 459              		.loc 1 304 0
 460              		.cfi_startproc
 461              		@ args = 0, pretend = 0, frame = 8
 462              		@ frame_needed = 1, uses_anonymous_args = 0
 463              		@ link register save eliminated.
 464 0000 80B4     		push	{r7}
 465              		.cfi_def_cfa_offset 4
 466              		.cfi_offset 7, -4
 467 0002 83B0     		sub	sp, sp, #12
 468              		.cfi_def_cfa_offset 16
 469 0004 00AF     		add	r7, sp, #0
 470              		.cfi_def_cfa_register 7
 471 0006 0346     		mov	r3, r0
 472 0008 FB71     		strb	r3, [r7, #7]
 305:.\Generated_Source\PSoC5/ShiftReg_iButtonCRC4LSB.c ****     CY_SET_REG8(ShiftReg_iButtonCRC4LSB_SHIFT_REG_LSB_PTR, shiftData);
 473              		.loc 1 305 0
 474 000a 044A     		ldr	r2, .L36
 475 000c FB79     		ldrb	r3, [r7, #7]
 476 000e 1370     		strb	r3, [r2]
 306:.\Generated_Source\PSoC5/ShiftReg_iButtonCRC4LSB.c **** }
 477              		.loc 1 306 0
 478 0010 0C37     		adds	r7, r7, #12
 479              		.cfi_def_cfa_offset 4
 480 0012 BD46     		mov	sp, r7
 481              		.cfi_def_cfa_register 13
 482              		@ sp needed
 483 0014 5DF8047B 		ldr	r7, [sp], #4
 484              		.cfi_restore 7
 485              		.cfi_def_cfa_offset 0
 486 0018 7047     		bx	lr
 487              	.L37:
 488 001a 00BF     		.align	2
 489              	.L36:
 490 001c 04640040 		.word	1073767428
 491              		.cfi_endproc
 492              	.LFE9:
ARM GAS  C:\Users\Lenovo\AppData\Local\Temp\ccEPcN2n.s 			page 15


 493              		.size	ShiftReg_iButtonCRC4LSB_WriteRegValue, .-ShiftReg_iButtonCRC4LSB_WriteRegValue
 494              		.section	.text.ShiftReg_iButtonCRC4LSB_ReadRegValue,"ax",%progbits
 495              		.align	2
 496              		.global	ShiftReg_iButtonCRC4LSB_ReadRegValue
 497              		.thumb
 498              		.thumb_func
 499              		.type	ShiftReg_iButtonCRC4LSB_ReadRegValue, %function
 500              	ShiftReg_iButtonCRC4LSB_ReadRegValue:
 501              	.LFB10:
 307:.\Generated_Source\PSoC5/ShiftReg_iButtonCRC4LSB.c **** 
 308:.\Generated_Source\PSoC5/ShiftReg_iButtonCRC4LSB.c **** 
 309:.\Generated_Source\PSoC5/ShiftReg_iButtonCRC4LSB.c **** #if(0u != ShiftReg_iButtonCRC4LSB_USE_INPUT_FIFO)
 310:.\Generated_Source\PSoC5/ShiftReg_iButtonCRC4LSB.c ****     /*******************************************************************************
 311:.\Generated_Source\PSoC5/ShiftReg_iButtonCRC4LSB.c ****     * Function Name: ShiftReg_iButtonCRC4LSB_WriteData
 312:.\Generated_Source\PSoC5/ShiftReg_iButtonCRC4LSB.c ****     ********************************************************************************
 313:.\Generated_Source\PSoC5/ShiftReg_iButtonCRC4LSB.c ****     *
 314:.\Generated_Source\PSoC5/ShiftReg_iButtonCRC4LSB.c ****     * Summary:
 315:.\Generated_Source\PSoC5/ShiftReg_iButtonCRC4LSB.c ****     *  Send state to FIFO for later transfer to shift register based on the Load
 316:.\Generated_Source\PSoC5/ShiftReg_iButtonCRC4LSB.c ****     *  input
 317:.\Generated_Source\PSoC5/ShiftReg_iButtonCRC4LSB.c ****     *
 318:.\Generated_Source\PSoC5/ShiftReg_iButtonCRC4LSB.c ****     * Parameters:
 319:.\Generated_Source\PSoC5/ShiftReg_iButtonCRC4LSB.c ****     *  shiftData: containing shift register state.
 320:.\Generated_Source\PSoC5/ShiftReg_iButtonCRC4LSB.c ****     *
 321:.\Generated_Source\PSoC5/ShiftReg_iButtonCRC4LSB.c ****     * Return:
 322:.\Generated_Source\PSoC5/ShiftReg_iButtonCRC4LSB.c ****     *  Indicates: successful execution of function
 323:.\Generated_Source\PSoC5/ShiftReg_iButtonCRC4LSB.c ****     *  when FIFO is empty; and error when FIFO is full.
 324:.\Generated_Source\PSoC5/ShiftReg_iButtonCRC4LSB.c ****     *
 325:.\Generated_Source\PSoC5/ShiftReg_iButtonCRC4LSB.c ****     * Reentrant:
 326:.\Generated_Source\PSoC5/ShiftReg_iButtonCRC4LSB.c ****     *  No.
 327:.\Generated_Source\PSoC5/ShiftReg_iButtonCRC4LSB.c ****     *
 328:.\Generated_Source\PSoC5/ShiftReg_iButtonCRC4LSB.c ****     *******************************************************************************/
 329:.\Generated_Source\PSoC5/ShiftReg_iButtonCRC4LSB.c ****     cystatus ShiftReg_iButtonCRC4LSB_WriteData(uint8 shiftData)
 330:.\Generated_Source\PSoC5/ShiftReg_iButtonCRC4LSB.c ****                                                                          
 331:.\Generated_Source\PSoC5/ShiftReg_iButtonCRC4LSB.c ****     {
 332:.\Generated_Source\PSoC5/ShiftReg_iButtonCRC4LSB.c ****         cystatus result;
 333:.\Generated_Source\PSoC5/ShiftReg_iButtonCRC4LSB.c **** 
 334:.\Generated_Source\PSoC5/ShiftReg_iButtonCRC4LSB.c ****         result = CYRET_INVALID_STATE;
 335:.\Generated_Source\PSoC5/ShiftReg_iButtonCRC4LSB.c **** 
 336:.\Generated_Source\PSoC5/ShiftReg_iButtonCRC4LSB.c ****         /* Writes data into the input FIFO if it is not FULL */
 337:.\Generated_Source\PSoC5/ShiftReg_iButtonCRC4LSB.c ****         if(ShiftReg_iButtonCRC4LSB_RET_FIFO_FULL != (ShiftReg_iButtonCRC4LSB_GetFIFOStatus(ShiftReg
 338:.\Generated_Source\PSoC5/ShiftReg_iButtonCRC4LSB.c ****         {
 339:.\Generated_Source\PSoC5/ShiftReg_iButtonCRC4LSB.c ****             CY_SET_REG8(ShiftReg_iButtonCRC4LSB_IN_FIFO_VAL_LSB_PTR, shiftData);
 340:.\Generated_Source\PSoC5/ShiftReg_iButtonCRC4LSB.c ****             result = CYRET_SUCCESS;
 341:.\Generated_Source\PSoC5/ShiftReg_iButtonCRC4LSB.c ****         }
 342:.\Generated_Source\PSoC5/ShiftReg_iButtonCRC4LSB.c **** 
 343:.\Generated_Source\PSoC5/ShiftReg_iButtonCRC4LSB.c ****         return(result);
 344:.\Generated_Source\PSoC5/ShiftReg_iButtonCRC4LSB.c ****     }
 345:.\Generated_Source\PSoC5/ShiftReg_iButtonCRC4LSB.c **** #endif /* (0u != ShiftReg_iButtonCRC4LSB_USE_INPUT_FIFO) */
 346:.\Generated_Source\PSoC5/ShiftReg_iButtonCRC4LSB.c **** 
 347:.\Generated_Source\PSoC5/ShiftReg_iButtonCRC4LSB.c **** 
 348:.\Generated_Source\PSoC5/ShiftReg_iButtonCRC4LSB.c **** #if(0u != ShiftReg_iButtonCRC4LSB_USE_OUTPUT_FIFO)
 349:.\Generated_Source\PSoC5/ShiftReg_iButtonCRC4LSB.c ****     /*******************************************************************************
 350:.\Generated_Source\PSoC5/ShiftReg_iButtonCRC4LSB.c ****     * Function Name: ShiftReg_iButtonCRC4LSB_ReadData
 351:.\Generated_Source\PSoC5/ShiftReg_iButtonCRC4LSB.c ****     ********************************************************************************
 352:.\Generated_Source\PSoC5/ShiftReg_iButtonCRC4LSB.c ****     *
 353:.\Generated_Source\PSoC5/ShiftReg_iButtonCRC4LSB.c ****     * Summary:
 354:.\Generated_Source\PSoC5/ShiftReg_iButtonCRC4LSB.c ****     *  Returns state in FIFO due to Store input.
ARM GAS  C:\Users\Lenovo\AppData\Local\Temp\ccEPcN2n.s 			page 16


 355:.\Generated_Source\PSoC5/ShiftReg_iButtonCRC4LSB.c ****     *
 356:.\Generated_Source\PSoC5/ShiftReg_iButtonCRC4LSB.c ****     * Parameters:
 357:.\Generated_Source\PSoC5/ShiftReg_iButtonCRC4LSB.c ****     *  None.
 358:.\Generated_Source\PSoC5/ShiftReg_iButtonCRC4LSB.c ****     *
 359:.\Generated_Source\PSoC5/ShiftReg_iButtonCRC4LSB.c ****     * Return:
 360:.\Generated_Source\PSoC5/ShiftReg_iButtonCRC4LSB.c ****     *  Shift Register state
 361:.\Generated_Source\PSoC5/ShiftReg_iButtonCRC4LSB.c ****     *
 362:.\Generated_Source\PSoC5/ShiftReg_iButtonCRC4LSB.c ****     * Reentrant:
 363:.\Generated_Source\PSoC5/ShiftReg_iButtonCRC4LSB.c ****     *  No.
 364:.\Generated_Source\PSoC5/ShiftReg_iButtonCRC4LSB.c ****     *
 365:.\Generated_Source\PSoC5/ShiftReg_iButtonCRC4LSB.c ****     *******************************************************************************/
 366:.\Generated_Source\PSoC5/ShiftReg_iButtonCRC4LSB.c ****     uint8 ShiftReg_iButtonCRC4LSB_ReadData(void) 
 367:.\Generated_Source\PSoC5/ShiftReg_iButtonCRC4LSB.c ****     {
 368:.\Generated_Source\PSoC5/ShiftReg_iButtonCRC4LSB.c ****         return(CY_GET_REG8(ShiftReg_iButtonCRC4LSB_OUT_FIFO_VAL_LSB_PTR));
 369:.\Generated_Source\PSoC5/ShiftReg_iButtonCRC4LSB.c ****     }
 370:.\Generated_Source\PSoC5/ShiftReg_iButtonCRC4LSB.c **** #endif /* (0u != ShiftReg_iButtonCRC4LSB_USE_OUTPUT_FIFO) */
 371:.\Generated_Source\PSoC5/ShiftReg_iButtonCRC4LSB.c **** 
 372:.\Generated_Source\PSoC5/ShiftReg_iButtonCRC4LSB.c **** 
 373:.\Generated_Source\PSoC5/ShiftReg_iButtonCRC4LSB.c **** /*******************************************************************************
 374:.\Generated_Source\PSoC5/ShiftReg_iButtonCRC4LSB.c **** * Function Name: ShiftReg_iButtonCRC4LSB_ReadRegValue
 375:.\Generated_Source\PSoC5/ShiftReg_iButtonCRC4LSB.c **** ********************************************************************************
 376:.\Generated_Source\PSoC5/ShiftReg_iButtonCRC4LSB.c **** *
 377:.\Generated_Source\PSoC5/ShiftReg_iButtonCRC4LSB.c **** * Summary:
 378:.\Generated_Source\PSoC5/ShiftReg_iButtonCRC4LSB.c **** *  Directly returns current state in shift register, not data in FIFO due
 379:.\Generated_Source\PSoC5/ShiftReg_iButtonCRC4LSB.c **** *  to Store input.
 380:.\Generated_Source\PSoC5/ShiftReg_iButtonCRC4LSB.c **** *
 381:.\Generated_Source\PSoC5/ShiftReg_iButtonCRC4LSB.c **** * Parameters:
 382:.\Generated_Source\PSoC5/ShiftReg_iButtonCRC4LSB.c **** *  None.
 383:.\Generated_Source\PSoC5/ShiftReg_iButtonCRC4LSB.c **** *
 384:.\Generated_Source\PSoC5/ShiftReg_iButtonCRC4LSB.c **** * Return:
 385:.\Generated_Source\PSoC5/ShiftReg_iButtonCRC4LSB.c **** *  Shift Register state. Clears output FIFO.
 386:.\Generated_Source\PSoC5/ShiftReg_iButtonCRC4LSB.c **** *
 387:.\Generated_Source\PSoC5/ShiftReg_iButtonCRC4LSB.c **** * Reentrant:
 388:.\Generated_Source\PSoC5/ShiftReg_iButtonCRC4LSB.c **** *  No.
 389:.\Generated_Source\PSoC5/ShiftReg_iButtonCRC4LSB.c **** *
 390:.\Generated_Source\PSoC5/ShiftReg_iButtonCRC4LSB.c **** *******************************************************************************/
 391:.\Generated_Source\PSoC5/ShiftReg_iButtonCRC4LSB.c **** uint8 ShiftReg_iButtonCRC4LSB_ReadRegValue(void) 
 392:.\Generated_Source\PSoC5/ShiftReg_iButtonCRC4LSB.c **** {
 502              		.loc 1 392 0
 503              		.cfi_startproc
 504              		@ args = 0, pretend = 0, frame = 8
 505              		@ frame_needed = 1, uses_anonymous_args = 0
 506 0000 80B5     		push	{r7, lr}
 507              		.cfi_def_cfa_offset 8
 508              		.cfi_offset 7, -8
 509              		.cfi_offset 14, -4
 510 0002 82B0     		sub	sp, sp, #8
 511              		.cfi_def_cfa_offset 16
 512 0004 00AF     		add	r7, sp, #0
 513              		.cfi_def_cfa_register 7
 393:.\Generated_Source\PSoC5/ShiftReg_iButtonCRC4LSB.c ****     uint8 result;
 394:.\Generated_Source\PSoC5/ShiftReg_iButtonCRC4LSB.c **** 
 395:.\Generated_Source\PSoC5/ShiftReg_iButtonCRC4LSB.c ****     /* Clear FIFO before software capture */
 396:.\Generated_Source\PSoC5/ShiftReg_iButtonCRC4LSB.c ****     while(ShiftReg_iButtonCRC4LSB_RET_FIFO_EMPTY != ShiftReg_iButtonCRC4LSB_GetFIFOStatus(ShiftReg_
 514              		.loc 1 396 0
 515 0006 01E0     		b	.L39
 516              	.L40:
ARM GAS  C:\Users\Lenovo\AppData\Local\Temp\ccEPcN2n.s 			page 17


 397:.\Generated_Source\PSoC5/ShiftReg_iButtonCRC4LSB.c ****     {
 398:.\Generated_Source\PSoC5/ShiftReg_iButtonCRC4LSB.c ****         (void) CY_GET_REG8(ShiftReg_iButtonCRC4LSB_OUT_FIFO_VAL_LSB_PTR);
 517              		.loc 1 398 0
 518 0008 0A4B     		ldr	r3, .L42
 519 000a 1B78     		ldrb	r3, [r3]
 520              	.L39:
 396:.\Generated_Source\PSoC5/ShiftReg_iButtonCRC4LSB.c ****     {
 521              		.loc 1 396 0
 522 000c 0220     		movs	r0, #2
 523 000e FFF7FEFF 		bl	ShiftReg_iButtonCRC4LSB_GetFIFOStatus
 524 0012 0346     		mov	r3, r0
 525 0014 022B     		cmp	r3, #2
 526 0016 F7D1     		bne	.L40
 399:.\Generated_Source\PSoC5/ShiftReg_iButtonCRC4LSB.c ****     }
 400:.\Generated_Source\PSoC5/ShiftReg_iButtonCRC4LSB.c **** 
 401:.\Generated_Source\PSoC5/ShiftReg_iButtonCRC4LSB.c ****     /* Read of 8 bits from A1 causes capture to output FIFO */
 402:.\Generated_Source\PSoC5/ShiftReg_iButtonCRC4LSB.c ****     (void) CY_GET_REG8(ShiftReg_iButtonCRC4LSB_SHIFT_REG_CAPTURE_PTR);
 527              		.loc 1 402 0
 528 0018 074B     		ldr	r3, .L42+4
 529 001a 1B78     		ldrb	r3, [r3]
 403:.\Generated_Source\PSoC5/ShiftReg_iButtonCRC4LSB.c **** 
 404:.\Generated_Source\PSoC5/ShiftReg_iButtonCRC4LSB.c ****     /* Read output FIFO */
 405:.\Generated_Source\PSoC5/ShiftReg_iButtonCRC4LSB.c ****     result  = CY_GET_REG8(ShiftReg_iButtonCRC4LSB_OUT_FIFO_VAL_LSB_PTR);
 530              		.loc 1 405 0
 531 001c 054B     		ldr	r3, .L42
 532 001e 1B78     		ldrb	r3, [r3]
 533 0020 FB71     		strb	r3, [r7, #7]
 406:.\Generated_Source\PSoC5/ShiftReg_iButtonCRC4LSB.c ****     
 407:.\Generated_Source\PSoC5/ShiftReg_iButtonCRC4LSB.c ****     #if(0u != (ShiftReg_iButtonCRC4LSB_SR_SIZE % 8u))
 408:.\Generated_Source\PSoC5/ShiftReg_iButtonCRC4LSB.c ****         result &= ((uint8) ShiftReg_iButtonCRC4LSB_SR_MASK);
 534              		.loc 1 408 0
 535 0022 FB79     		ldrb	r3, [r7, #7]
 536 0024 03F00F03 		and	r3, r3, #15
 537 0028 FB71     		strb	r3, [r7, #7]
 409:.\Generated_Source\PSoC5/ShiftReg_iButtonCRC4LSB.c ****     #endif /* (0u != (ShiftReg_iButtonCRC4LSB_SR_SIZE % 8u)) */
 410:.\Generated_Source\PSoC5/ShiftReg_iButtonCRC4LSB.c ****     
 411:.\Generated_Source\PSoC5/ShiftReg_iButtonCRC4LSB.c ****     return(result);
 538              		.loc 1 411 0
 539 002a FB79     		ldrb	r3, [r7, #7]	@ zero_extendqisi2
 412:.\Generated_Source\PSoC5/ShiftReg_iButtonCRC4LSB.c **** }
 540              		.loc 1 412 0
 541 002c 1846     		mov	r0, r3
 542 002e 0837     		adds	r7, r7, #8
 543              		.cfi_def_cfa_offset 8
 544 0030 BD46     		mov	sp, r7
 545              		.cfi_def_cfa_register 13
 546              		@ sp needed
 547 0032 80BD     		pop	{r7, pc}
 548              	.L43:
 549              		.align	2
 550              	.L42:
 551 0034 54640040 		.word	1073767508
 552 0038 14640040 		.word	1073767444
 553              		.cfi_endproc
 554              	.LFE10:
 555              		.size	ShiftReg_iButtonCRC4LSB_ReadRegValue, .-ShiftReg_iButtonCRC4LSB_ReadRegValue
 556              		.text
ARM GAS  C:\Users\Lenovo\AppData\Local\Temp\ccEPcN2n.s 			page 18


 557              	.Letext0:
 558              		.file 2 ".\\Generated_Source\\PSoC5\\cytypes.h"
 559              		.section	.debug_info,"",%progbits
 560              	.Ldebug_info0:
 561 0000 00020000 		.4byte	0x200
 562 0004 0400     		.2byte	0x4
 563 0006 00000000 		.4byte	.Ldebug_abbrev0
 564 000a 04       		.byte	0x4
 565 000b 01       		.uleb128 0x1
 566 000c 1D020000 		.4byte	.LASF30
 567 0010 01       		.byte	0x1
 568 0011 7B000000 		.4byte	.LASF31
 569 0015 D4000000 		.4byte	.LASF32
 570 0019 00000000 		.4byte	.Ldebug_ranges0+0
 571 001d 00000000 		.4byte	0
 572 0021 00000000 		.4byte	.Ldebug_line0
 573 0025 02       		.uleb128 0x2
 574 0026 01       		.byte	0x1
 575 0027 06       		.byte	0x6
 576 0028 6C030000 		.4byte	.LASF0
 577 002c 02       		.uleb128 0x2
 578 002d 01       		.byte	0x1
 579 002e 08       		.byte	0x8
 580 002f 38010000 		.4byte	.LASF1
 581 0033 02       		.uleb128 0x2
 582 0034 02       		.byte	0x2
 583 0035 05       		.byte	0x5
 584 0036 3B030000 		.4byte	.LASF2
 585 003a 02       		.uleb128 0x2
 586 003b 02       		.byte	0x2
 587 003c 07       		.byte	0x7
 588 003d 68000000 		.4byte	.LASF3
 589 0041 02       		.uleb128 0x2
 590 0042 04       		.byte	0x4
 591 0043 05       		.byte	0x5
 592 0044 63030000 		.4byte	.LASF4
 593 0048 02       		.uleb128 0x2
 594 0049 04       		.byte	0x4
 595 004a 07       		.byte	0x7
 596 004b 98010000 		.4byte	.LASF5
 597 004f 02       		.uleb128 0x2
 598 0050 08       		.byte	0x8
 599 0051 05       		.byte	0x5
 600 0052 28030000 		.4byte	.LASF6
 601 0056 02       		.uleb128 0x2
 602 0057 08       		.byte	0x8
 603 0058 07       		.byte	0x7
 604 0059 D9020000 		.4byte	.LASF7
 605 005d 03       		.uleb128 0x3
 606 005e 04       		.byte	0x4
 607 005f 05       		.byte	0x5
 608 0060 696E7400 		.ascii	"int\000"
 609 0064 02       		.uleb128 0x2
 610 0065 04       		.byte	0x4
 611 0066 07       		.byte	0x7
 612 0067 CC020000 		.4byte	.LASF8
 613 006b 04       		.uleb128 0x4
ARM GAS  C:\Users\Lenovo\AppData\Local\Temp\ccEPcN2n.s 			page 19


 614 006c AA010000 		.4byte	.LASF12
 615 0070 02       		.byte	0x2
 616 0071 3801     		.2byte	0x138
 617 0073 2C000000 		.4byte	0x2c
 618 0077 02       		.uleb128 0x2
 619 0078 04       		.byte	0x4
 620 0079 04       		.byte	0x4
 621 007a 32010000 		.4byte	.LASF9
 622 007e 02       		.uleb128 0x2
 623 007f 08       		.byte	0x8
 624 0080 04       		.byte	0x4
 625 0081 AB020000 		.4byte	.LASF10
 626 0085 02       		.uleb128 0x2
 627 0086 01       		.byte	0x1
 628 0087 08       		.byte	0x8
 629 0088 36030000 		.4byte	.LASF11
 630 008c 04       		.uleb128 0x4
 631 008d 1A030000 		.4byte	.LASF13
 632 0091 02       		.byte	0x2
 633 0092 E201     		.2byte	0x1e2
 634 0094 98000000 		.4byte	0x98
 635 0098 05       		.uleb128 0x5
 636 0099 6B000000 		.4byte	0x6b
 637 009d 02       		.uleb128 0x2
 638 009e 04       		.byte	0x4
 639 009f 07       		.byte	0x7
 640 00a0 1F030000 		.4byte	.LASF14
 641 00a4 06       		.uleb128 0x6
 642 00a5 45030000 		.4byte	.LASF15
 643 00a9 01       		.byte	0x1
 644 00aa 2B       		.byte	0x2b
 645 00ab 00000000 		.4byte	.LFB0
 646 00af 20000000 		.4byte	.LFE0-.LFB0
 647 00b3 01       		.uleb128 0x1
 648 00b4 9C       		.byte	0x9c
 649 00b5 06       		.uleb128 0x6
 650 00b6 D2010000 		.4byte	.LASF16
 651 00ba 01       		.byte	0x1
 652 00bb 45       		.byte	0x45
 653 00bc 00000000 		.4byte	.LFB1
 654 00c0 20000000 		.4byte	.LFE1-.LFB1
 655 00c4 01       		.uleb128 0x1
 656 00c5 9C       		.byte	0x9c
 657 00c6 06       		.uleb128 0x6
 658 00c7 78030000 		.4byte	.LASF17
 659 00cb 01       		.byte	0x1
 660 00cc 5D       		.byte	0x5d
 661 00cd 00000000 		.4byte	.LFB2
 662 00d1 0C000000 		.4byte	.LFE2-.LFB2
 663 00d5 01       		.uleb128 0x1
 664 00d6 9C       		.byte	0x9c
 665 00d7 06       		.uleb128 0x6
 666 00d8 46010000 		.4byte	.LASF18
 667 00dc 01       		.byte	0x1
 668 00dd 71       		.byte	0x71
 669 00de 00000000 		.4byte	.LFB3
 670 00e2 20000000 		.4byte	.LFE3-.LFB3
ARM GAS  C:\Users\Lenovo\AppData\Local\Temp\ccEPcN2n.s 			page 20


 671 00e6 01       		.uleb128 0x1
 672 00e7 9C       		.byte	0x9c
 673 00e8 07       		.uleb128 0x7
 674 00e9 B0010000 		.4byte	.LASF19
 675 00ed 01       		.byte	0x1
 676 00ee 87       		.byte	0x87
 677 00ef 00000000 		.4byte	.LFB4
 678 00f3 30000000 		.4byte	.LFE4-.LFB4
 679 00f7 01       		.uleb128 0x1
 680 00f8 9C       		.byte	0x9c
 681 00f9 0C010000 		.4byte	0x10c
 682 00fd 08       		.uleb128 0x8
 683 00fe 89010000 		.4byte	.LASF21
 684 0102 01       		.byte	0x1
 685 0103 89       		.byte	0x89
 686 0104 6B000000 		.4byte	0x6b
 687 0108 02       		.uleb128 0x2
 688 0109 91       		.byte	0x91
 689 010a 77       		.sleb128 -9
 690 010b 00       		.byte	0
 691 010c 07       		.uleb128 0x7
 692 010d F7020000 		.4byte	.LASF20
 693 0111 01       		.byte	0x1
 694 0112 9F       		.byte	0x9f
 695 0113 00000000 		.4byte	.LFB5
 696 0117 30000000 		.4byte	.LFE5-.LFB5
 697 011b 01       		.uleb128 0x1
 698 011c 9C       		.byte	0x9c
 699 011d 30010000 		.4byte	0x130
 700 0121 08       		.uleb128 0x8
 701 0122 89010000 		.4byte	.LASF21
 702 0126 01       		.byte	0x1
 703 0127 A1       		.byte	0xa1
 704 0128 6B000000 		.4byte	0x6b
 705 012c 02       		.uleb128 0x2
 706 012d 91       		.byte	0x91
 707 012e 77       		.sleb128 -9
 708 012f 00       		.byte	0
 709 0130 09       		.uleb128 0x9
 710 0131 AE000000 		.4byte	.LASF28
 711 0135 01       		.byte	0x1
 712 0136 B7       		.byte	0xb7
 713 0137 6B000000 		.4byte	0x6b
 714 013b 00000000 		.4byte	.LFB6
 715 013f 58000000 		.4byte	.LFE6-.LFB6
 716 0143 01       		.uleb128 0x1
 717 0144 9C       		.byte	0x9c
 718 0145 66010000 		.4byte	0x166
 719 0149 0A       		.uleb128 0xa
 720 014a 16020000 		.4byte	.LASF24
 721 014e 01       		.byte	0x1
 722 014f B7       		.byte	0xb7
 723 0150 6B000000 		.4byte	0x6b
 724 0154 02       		.uleb128 0x2
 725 0155 91       		.byte	0x91
 726 0156 6F       		.sleb128 -17
 727 0157 08       		.uleb128 0x8
ARM GAS  C:\Users\Lenovo\AppData\Local\Temp\ccEPcN2n.s 			page 21


 728 0158 F0020000 		.4byte	.LASF22
 729 015c 01       		.byte	0x1
 730 015d B9       		.byte	0xb9
 731 015e 6B000000 		.4byte	0x6b
 732 0162 02       		.uleb128 0x2
 733 0163 91       		.byte	0x91
 734 0164 77       		.sleb128 -9
 735 0165 00       		.byte	0
 736 0166 0B       		.uleb128 0xb
 737 0167 20000000 		.4byte	.LASF23
 738 016b 01       		.byte	0x1
 739 016c 0501     		.2byte	0x105
 740 016e 00000000 		.4byte	.LFB7
 741 0172 40000000 		.4byte	.LFE7-.LFB7
 742 0176 01       		.uleb128 0x1
 743 0177 9C       		.byte	0x9c
 744 0178 8C010000 		.4byte	0x18c
 745 017c 0C       		.uleb128 0xc
 746 017d B2020000 		.4byte	.LASF25
 747 0181 01       		.byte	0x1
 748 0182 0501     		.2byte	0x105
 749 0184 6B000000 		.4byte	0x6b
 750 0188 02       		.uleb128 0x2
 751 0189 91       		.byte	0x91
 752 018a 77       		.sleb128 -9
 753 018b 00       		.byte	0
 754 018c 0D       		.uleb128 0xd
 755 018d 43000000 		.4byte	.LASF33
 756 0191 01       		.byte	0x1
 757 0192 1A01     		.2byte	0x11a
 758 0194 6B000000 		.4byte	0x6b
 759 0198 00000000 		.4byte	.LFB8
 760 019c 20000000 		.4byte	.LFE8-.LFB8
 761 01a0 01       		.uleb128 0x1
 762 01a1 9C       		.byte	0x9c
 763 01a2 0B       		.uleb128 0xb
 764 01a3 63010000 		.4byte	.LASF26
 765 01a7 01       		.byte	0x1
 766 01a8 2E01     		.2byte	0x12e
 767 01aa 00000000 		.4byte	.LFB9
 768 01ae 20000000 		.4byte	.LFE9-.LFB9
 769 01b2 01       		.uleb128 0x1
 770 01b3 9C       		.byte	0x9c
 771 01b4 C8010000 		.4byte	0x1c8
 772 01b8 0C       		.uleb128 0xc
 773 01b9 C2020000 		.4byte	.LASF27
 774 01bd 01       		.byte	0x1
 775 01be 2E01     		.2byte	0x12e
 776 01c0 6B000000 		.4byte	0x6b
 777 01c4 02       		.uleb128 0x2
 778 01c5 91       		.byte	0x91
 779 01c6 77       		.sleb128 -9
 780 01c7 00       		.byte	0
 781 01c8 0E       		.uleb128 0xe
 782 01c9 F1010000 		.4byte	.LASF29
 783 01cd 01       		.byte	0x1
 784 01ce 8701     		.2byte	0x187
ARM GAS  C:\Users\Lenovo\AppData\Local\Temp\ccEPcN2n.s 			page 22


 785 01d0 6B000000 		.4byte	0x6b
 786 01d4 00000000 		.4byte	.LFB10
 787 01d8 3C000000 		.4byte	.LFE10-.LFB10
 788 01dc 01       		.uleb128 0x1
 789 01dd 9C       		.byte	0x9c
 790 01de F2010000 		.4byte	0x1f2
 791 01e2 0F       		.uleb128 0xf
 792 01e3 F0020000 		.4byte	.LASF22
 793 01e7 01       		.byte	0x1
 794 01e8 8901     		.2byte	0x189
 795 01ea 6B000000 		.4byte	0x6b
 796 01ee 02       		.uleb128 0x2
 797 01ef 91       		.byte	0x91
 798 01f0 77       		.sleb128 -9
 799 01f1 00       		.byte	0
 800 01f2 10       		.uleb128 0x10
 801 01f3 00000000 		.4byte	.LASF34
 802 01f7 01       		.byte	0x1
 803 01f8 13       		.byte	0x13
 804 01f9 6B000000 		.4byte	0x6b
 805 01fd 05       		.uleb128 0x5
 806 01fe 03       		.byte	0x3
 807 01ff 00000000 		.4byte	ShiftReg_iButtonCRC4LSB_initVar
 808 0203 00       		.byte	0
 809              		.section	.debug_abbrev,"",%progbits
 810              	.Ldebug_abbrev0:
 811 0000 01       		.uleb128 0x1
 812 0001 11       		.uleb128 0x11
 813 0002 01       		.byte	0x1
 814 0003 25       		.uleb128 0x25
 815 0004 0E       		.uleb128 0xe
 816 0005 13       		.uleb128 0x13
 817 0006 0B       		.uleb128 0xb
 818 0007 03       		.uleb128 0x3
 819 0008 0E       		.uleb128 0xe
 820 0009 1B       		.uleb128 0x1b
 821 000a 0E       		.uleb128 0xe
 822 000b 55       		.uleb128 0x55
 823 000c 17       		.uleb128 0x17
 824 000d 11       		.uleb128 0x11
 825 000e 01       		.uleb128 0x1
 826 000f 10       		.uleb128 0x10
 827 0010 17       		.uleb128 0x17
 828 0011 00       		.byte	0
 829 0012 00       		.byte	0
 830 0013 02       		.uleb128 0x2
 831 0014 24       		.uleb128 0x24
 832 0015 00       		.byte	0
 833 0016 0B       		.uleb128 0xb
 834 0017 0B       		.uleb128 0xb
 835 0018 3E       		.uleb128 0x3e
 836 0019 0B       		.uleb128 0xb
 837 001a 03       		.uleb128 0x3
 838 001b 0E       		.uleb128 0xe
 839 001c 00       		.byte	0
 840 001d 00       		.byte	0
 841 001e 03       		.uleb128 0x3
ARM GAS  C:\Users\Lenovo\AppData\Local\Temp\ccEPcN2n.s 			page 23


 842 001f 24       		.uleb128 0x24
 843 0020 00       		.byte	0
 844 0021 0B       		.uleb128 0xb
 845 0022 0B       		.uleb128 0xb
 846 0023 3E       		.uleb128 0x3e
 847 0024 0B       		.uleb128 0xb
 848 0025 03       		.uleb128 0x3
 849 0026 08       		.uleb128 0x8
 850 0027 00       		.byte	0
 851 0028 00       		.byte	0
 852 0029 04       		.uleb128 0x4
 853 002a 16       		.uleb128 0x16
 854 002b 00       		.byte	0
 855 002c 03       		.uleb128 0x3
 856 002d 0E       		.uleb128 0xe
 857 002e 3A       		.uleb128 0x3a
 858 002f 0B       		.uleb128 0xb
 859 0030 3B       		.uleb128 0x3b
 860 0031 05       		.uleb128 0x5
 861 0032 49       		.uleb128 0x49
 862 0033 13       		.uleb128 0x13
 863 0034 00       		.byte	0
 864 0035 00       		.byte	0
 865 0036 05       		.uleb128 0x5
 866 0037 35       		.uleb128 0x35
 867 0038 00       		.byte	0
 868 0039 49       		.uleb128 0x49
 869 003a 13       		.uleb128 0x13
 870 003b 00       		.byte	0
 871 003c 00       		.byte	0
 872 003d 06       		.uleb128 0x6
 873 003e 2E       		.uleb128 0x2e
 874 003f 00       		.byte	0
 875 0040 3F       		.uleb128 0x3f
 876 0041 19       		.uleb128 0x19
 877 0042 03       		.uleb128 0x3
 878 0043 0E       		.uleb128 0xe
 879 0044 3A       		.uleb128 0x3a
 880 0045 0B       		.uleb128 0xb
 881 0046 3B       		.uleb128 0x3b
 882 0047 0B       		.uleb128 0xb
 883 0048 27       		.uleb128 0x27
 884 0049 19       		.uleb128 0x19
 885 004a 11       		.uleb128 0x11
 886 004b 01       		.uleb128 0x1
 887 004c 12       		.uleb128 0x12
 888 004d 06       		.uleb128 0x6
 889 004e 40       		.uleb128 0x40
 890 004f 18       		.uleb128 0x18
 891 0050 9642     		.uleb128 0x2116
 892 0052 19       		.uleb128 0x19
 893 0053 00       		.byte	0
 894 0054 00       		.byte	0
 895 0055 07       		.uleb128 0x7
 896 0056 2E       		.uleb128 0x2e
 897 0057 01       		.byte	0x1
 898 0058 3F       		.uleb128 0x3f
ARM GAS  C:\Users\Lenovo\AppData\Local\Temp\ccEPcN2n.s 			page 24


 899 0059 19       		.uleb128 0x19
 900 005a 03       		.uleb128 0x3
 901 005b 0E       		.uleb128 0xe
 902 005c 3A       		.uleb128 0x3a
 903 005d 0B       		.uleb128 0xb
 904 005e 3B       		.uleb128 0x3b
 905 005f 0B       		.uleb128 0xb
 906 0060 27       		.uleb128 0x27
 907 0061 19       		.uleb128 0x19
 908 0062 11       		.uleb128 0x11
 909 0063 01       		.uleb128 0x1
 910 0064 12       		.uleb128 0x12
 911 0065 06       		.uleb128 0x6
 912 0066 40       		.uleb128 0x40
 913 0067 18       		.uleb128 0x18
 914 0068 9642     		.uleb128 0x2116
 915 006a 19       		.uleb128 0x19
 916 006b 01       		.uleb128 0x1
 917 006c 13       		.uleb128 0x13
 918 006d 00       		.byte	0
 919 006e 00       		.byte	0
 920 006f 08       		.uleb128 0x8
 921 0070 34       		.uleb128 0x34
 922 0071 00       		.byte	0
 923 0072 03       		.uleb128 0x3
 924 0073 0E       		.uleb128 0xe
 925 0074 3A       		.uleb128 0x3a
 926 0075 0B       		.uleb128 0xb
 927 0076 3B       		.uleb128 0x3b
 928 0077 0B       		.uleb128 0xb
 929 0078 49       		.uleb128 0x49
 930 0079 13       		.uleb128 0x13
 931 007a 02       		.uleb128 0x2
 932 007b 18       		.uleb128 0x18
 933 007c 00       		.byte	0
 934 007d 00       		.byte	0
 935 007e 09       		.uleb128 0x9
 936 007f 2E       		.uleb128 0x2e
 937 0080 01       		.byte	0x1
 938 0081 3F       		.uleb128 0x3f
 939 0082 19       		.uleb128 0x19
 940 0083 03       		.uleb128 0x3
 941 0084 0E       		.uleb128 0xe
 942 0085 3A       		.uleb128 0x3a
 943 0086 0B       		.uleb128 0xb
 944 0087 3B       		.uleb128 0x3b
 945 0088 0B       		.uleb128 0xb
 946 0089 27       		.uleb128 0x27
 947 008a 19       		.uleb128 0x19
 948 008b 49       		.uleb128 0x49
 949 008c 13       		.uleb128 0x13
 950 008d 11       		.uleb128 0x11
 951 008e 01       		.uleb128 0x1
 952 008f 12       		.uleb128 0x12
 953 0090 06       		.uleb128 0x6
 954 0091 40       		.uleb128 0x40
 955 0092 18       		.uleb128 0x18
ARM GAS  C:\Users\Lenovo\AppData\Local\Temp\ccEPcN2n.s 			page 25


 956 0093 9742     		.uleb128 0x2117
 957 0095 19       		.uleb128 0x19
 958 0096 01       		.uleb128 0x1
 959 0097 13       		.uleb128 0x13
 960 0098 00       		.byte	0
 961 0099 00       		.byte	0
 962 009a 0A       		.uleb128 0xa
 963 009b 05       		.uleb128 0x5
 964 009c 00       		.byte	0
 965 009d 03       		.uleb128 0x3
 966 009e 0E       		.uleb128 0xe
 967 009f 3A       		.uleb128 0x3a
 968 00a0 0B       		.uleb128 0xb
 969 00a1 3B       		.uleb128 0x3b
 970 00a2 0B       		.uleb128 0xb
 971 00a3 49       		.uleb128 0x49
 972 00a4 13       		.uleb128 0x13
 973 00a5 02       		.uleb128 0x2
 974 00a6 18       		.uleb128 0x18
 975 00a7 00       		.byte	0
 976 00a8 00       		.byte	0
 977 00a9 0B       		.uleb128 0xb
 978 00aa 2E       		.uleb128 0x2e
 979 00ab 01       		.byte	0x1
 980 00ac 3F       		.uleb128 0x3f
 981 00ad 19       		.uleb128 0x19
 982 00ae 03       		.uleb128 0x3
 983 00af 0E       		.uleb128 0xe
 984 00b0 3A       		.uleb128 0x3a
 985 00b1 0B       		.uleb128 0xb
 986 00b2 3B       		.uleb128 0x3b
 987 00b3 05       		.uleb128 0x5
 988 00b4 27       		.uleb128 0x27
 989 00b5 19       		.uleb128 0x19
 990 00b6 11       		.uleb128 0x11
 991 00b7 01       		.uleb128 0x1
 992 00b8 12       		.uleb128 0x12
 993 00b9 06       		.uleb128 0x6
 994 00ba 40       		.uleb128 0x40
 995 00bb 18       		.uleb128 0x18
 996 00bc 9742     		.uleb128 0x2117
 997 00be 19       		.uleb128 0x19
 998 00bf 01       		.uleb128 0x1
 999 00c0 13       		.uleb128 0x13
 1000 00c1 00       		.byte	0
 1001 00c2 00       		.byte	0
 1002 00c3 0C       		.uleb128 0xc
 1003 00c4 05       		.uleb128 0x5
 1004 00c5 00       		.byte	0
 1005 00c6 03       		.uleb128 0x3
 1006 00c7 0E       		.uleb128 0xe
 1007 00c8 3A       		.uleb128 0x3a
 1008 00c9 0B       		.uleb128 0xb
 1009 00ca 3B       		.uleb128 0x3b
 1010 00cb 05       		.uleb128 0x5
 1011 00cc 49       		.uleb128 0x49
 1012 00cd 13       		.uleb128 0x13
ARM GAS  C:\Users\Lenovo\AppData\Local\Temp\ccEPcN2n.s 			page 26


 1013 00ce 02       		.uleb128 0x2
 1014 00cf 18       		.uleb128 0x18
 1015 00d0 00       		.byte	0
 1016 00d1 00       		.byte	0
 1017 00d2 0D       		.uleb128 0xd
 1018 00d3 2E       		.uleb128 0x2e
 1019 00d4 00       		.byte	0
 1020 00d5 3F       		.uleb128 0x3f
 1021 00d6 19       		.uleb128 0x19
 1022 00d7 03       		.uleb128 0x3
 1023 00d8 0E       		.uleb128 0xe
 1024 00d9 3A       		.uleb128 0x3a
 1025 00da 0B       		.uleb128 0xb
 1026 00db 3B       		.uleb128 0x3b
 1027 00dc 05       		.uleb128 0x5
 1028 00dd 27       		.uleb128 0x27
 1029 00de 19       		.uleb128 0x19
 1030 00df 49       		.uleb128 0x49
 1031 00e0 13       		.uleb128 0x13
 1032 00e1 11       		.uleb128 0x11
 1033 00e2 01       		.uleb128 0x1
 1034 00e3 12       		.uleb128 0x12
 1035 00e4 06       		.uleb128 0x6
 1036 00e5 40       		.uleb128 0x40
 1037 00e6 18       		.uleb128 0x18
 1038 00e7 9742     		.uleb128 0x2117
 1039 00e9 19       		.uleb128 0x19
 1040 00ea 00       		.byte	0
 1041 00eb 00       		.byte	0
 1042 00ec 0E       		.uleb128 0xe
 1043 00ed 2E       		.uleb128 0x2e
 1044 00ee 01       		.byte	0x1
 1045 00ef 3F       		.uleb128 0x3f
 1046 00f0 19       		.uleb128 0x19
 1047 00f1 03       		.uleb128 0x3
 1048 00f2 0E       		.uleb128 0xe
 1049 00f3 3A       		.uleb128 0x3a
 1050 00f4 0B       		.uleb128 0xb
 1051 00f5 3B       		.uleb128 0x3b
 1052 00f6 05       		.uleb128 0x5
 1053 00f7 27       		.uleb128 0x27
 1054 00f8 19       		.uleb128 0x19
 1055 00f9 49       		.uleb128 0x49
 1056 00fa 13       		.uleb128 0x13
 1057 00fb 11       		.uleb128 0x11
 1058 00fc 01       		.uleb128 0x1
 1059 00fd 12       		.uleb128 0x12
 1060 00fe 06       		.uleb128 0x6
 1061 00ff 40       		.uleb128 0x40
 1062 0100 18       		.uleb128 0x18
 1063 0101 9642     		.uleb128 0x2116
 1064 0103 19       		.uleb128 0x19
 1065 0104 01       		.uleb128 0x1
 1066 0105 13       		.uleb128 0x13
 1067 0106 00       		.byte	0
 1068 0107 00       		.byte	0
 1069 0108 0F       		.uleb128 0xf
ARM GAS  C:\Users\Lenovo\AppData\Local\Temp\ccEPcN2n.s 			page 27


 1070 0109 34       		.uleb128 0x34
 1071 010a 00       		.byte	0
 1072 010b 03       		.uleb128 0x3
 1073 010c 0E       		.uleb128 0xe
 1074 010d 3A       		.uleb128 0x3a
 1075 010e 0B       		.uleb128 0xb
 1076 010f 3B       		.uleb128 0x3b
 1077 0110 05       		.uleb128 0x5
 1078 0111 49       		.uleb128 0x49
 1079 0112 13       		.uleb128 0x13
 1080 0113 02       		.uleb128 0x2
 1081 0114 18       		.uleb128 0x18
 1082 0115 00       		.byte	0
 1083 0116 00       		.byte	0
 1084 0117 10       		.uleb128 0x10
 1085 0118 34       		.uleb128 0x34
 1086 0119 00       		.byte	0
 1087 011a 03       		.uleb128 0x3
 1088 011b 0E       		.uleb128 0xe
 1089 011c 3A       		.uleb128 0x3a
 1090 011d 0B       		.uleb128 0xb
 1091 011e 3B       		.uleb128 0x3b
 1092 011f 0B       		.uleb128 0xb
 1093 0120 49       		.uleb128 0x49
 1094 0121 13       		.uleb128 0x13
 1095 0122 3F       		.uleb128 0x3f
 1096 0123 19       		.uleb128 0x19
 1097 0124 02       		.uleb128 0x2
 1098 0125 18       		.uleb128 0x18
 1099 0126 00       		.byte	0
 1100 0127 00       		.byte	0
 1101 0128 00       		.byte	0
 1102              		.section	.debug_aranges,"",%progbits
 1103 0000 6C000000 		.4byte	0x6c
 1104 0004 0200     		.2byte	0x2
 1105 0006 00000000 		.4byte	.Ldebug_info0
 1106 000a 04       		.byte	0x4
 1107 000b 00       		.byte	0
 1108 000c 0000     		.2byte	0
 1109 000e 0000     		.2byte	0
 1110 0010 00000000 		.4byte	.LFB0
 1111 0014 20000000 		.4byte	.LFE0-.LFB0
 1112 0018 00000000 		.4byte	.LFB1
 1113 001c 20000000 		.4byte	.LFE1-.LFB1
 1114 0020 00000000 		.4byte	.LFB2
 1115 0024 0C000000 		.4byte	.LFE2-.LFB2
 1116 0028 00000000 		.4byte	.LFB3
 1117 002c 20000000 		.4byte	.LFE3-.LFB3
 1118 0030 00000000 		.4byte	.LFB4
 1119 0034 30000000 		.4byte	.LFE4-.LFB4
 1120 0038 00000000 		.4byte	.LFB5
 1121 003c 30000000 		.4byte	.LFE5-.LFB5
 1122 0040 00000000 		.4byte	.LFB6
 1123 0044 58000000 		.4byte	.LFE6-.LFB6
 1124 0048 00000000 		.4byte	.LFB7
 1125 004c 40000000 		.4byte	.LFE7-.LFB7
 1126 0050 00000000 		.4byte	.LFB8
ARM GAS  C:\Users\Lenovo\AppData\Local\Temp\ccEPcN2n.s 			page 28


 1127 0054 20000000 		.4byte	.LFE8-.LFB8
 1128 0058 00000000 		.4byte	.LFB9
 1129 005c 20000000 		.4byte	.LFE9-.LFB9
 1130 0060 00000000 		.4byte	.LFB10
 1131 0064 3C000000 		.4byte	.LFE10-.LFB10
 1132 0068 00000000 		.4byte	0
 1133 006c 00000000 		.4byte	0
 1134              		.section	.debug_ranges,"",%progbits
 1135              	.Ldebug_ranges0:
 1136 0000 00000000 		.4byte	.LFB0
 1137 0004 20000000 		.4byte	.LFE0
 1138 0008 00000000 		.4byte	.LFB1
 1139 000c 20000000 		.4byte	.LFE1
 1140 0010 00000000 		.4byte	.LFB2
 1141 0014 0C000000 		.4byte	.LFE2
 1142 0018 00000000 		.4byte	.LFB3
 1143 001c 20000000 		.4byte	.LFE3
 1144 0020 00000000 		.4byte	.LFB4
 1145 0024 30000000 		.4byte	.LFE4
 1146 0028 00000000 		.4byte	.LFB5
 1147 002c 30000000 		.4byte	.LFE5
 1148 0030 00000000 		.4byte	.LFB6
 1149 0034 58000000 		.4byte	.LFE6
 1150 0038 00000000 		.4byte	.LFB7
 1151 003c 40000000 		.4byte	.LFE7
 1152 0040 00000000 		.4byte	.LFB8
 1153 0044 20000000 		.4byte	.LFE8
 1154 0048 00000000 		.4byte	.LFB9
 1155 004c 20000000 		.4byte	.LFE9
 1156 0050 00000000 		.4byte	.LFB10
 1157 0054 3C000000 		.4byte	.LFE10
 1158 0058 00000000 		.4byte	0
 1159 005c 00000000 		.4byte	0
 1160              		.section	.debug_line,"",%progbits
 1161              	.Ldebug_line0:
 1162 0000 3E010000 		.section	.debug_str,"MS",%progbits,1
 1162      02005600 
 1162      00000201 
 1162      FB0E0D00 
 1162      01010101 
 1163              	.LASF34:
 1164 0000 53686966 		.ascii	"ShiftReg_iButtonCRC4LSB_initVar\000"
 1164      74526567 
 1164      5F694275 
 1164      74746F6E 
 1164      43524334 
 1165              	.LASF23:
 1166 0020 53686966 		.ascii	"ShiftReg_iButtonCRC4LSB_SetIntMode\000"
 1166      74526567 
 1166      5F694275 
 1166      74746F6E 
 1166      43524334 
 1167              	.LASF33:
 1168 0043 53686966 		.ascii	"ShiftReg_iButtonCRC4LSB_GetIntStatus\000"
 1168      74526567 
 1168      5F694275 
 1168      74746F6E 
ARM GAS  C:\Users\Lenovo\AppData\Local\Temp\ccEPcN2n.s 			page 29


 1168      43524334 
 1169              	.LASF3:
 1170 0068 73686F72 		.ascii	"short unsigned int\000"
 1170      7420756E 
 1170      7369676E 
 1170      65642069 
 1170      6E7400
 1171              	.LASF31:
 1172 007b 2E5C4765 		.ascii	".\\Generated_Source\\PSoC5\\ShiftReg_iButtonCRC4LSB"
 1172      6E657261 
 1172      7465645F 
 1172      536F7572 
 1172      63655C50 
 1173 00ab 2E6300   		.ascii	".c\000"
 1174              	.LASF28:
 1175 00ae 53686966 		.ascii	"ShiftReg_iButtonCRC4LSB_GetFIFOStatus\000"
 1175      74526567 
 1175      5F694275 
 1175      74746F6E 
 1175      43524334 
 1176              	.LASF32:
 1177 00d4 433A5C55 		.ascii	"C:\\Users\\Lenovo\\Documents\\GitHub\\CorEx-MUX-Ker"
 1177      73657273 
 1177      5C4C656E 
 1177      6F766F5C 
 1177      446F6375 
 1178 0102 6E656C2D 		.ascii	"nel-Enhanced\\Workspace01\\CorEx-Mux-Kernel.cydsn\000"
 1178      456E6861 
 1178      6E636564 
 1178      5C576F72 
 1178      6B737061 
 1179              	.LASF9:
 1180 0132 666C6F61 		.ascii	"float\000"
 1180      7400
 1181              	.LASF1:
 1182 0138 756E7369 		.ascii	"unsigned char\000"
 1182      676E6564 
 1182      20636861 
 1182      7200
 1183              	.LASF18:
 1184 0146 53686966 		.ascii	"ShiftReg_iButtonCRC4LSB_Stop\000"
 1184      74526567 
 1184      5F694275 
 1184      74746F6E 
 1184      43524334 
 1185              	.LASF26:
 1186 0163 53686966 		.ascii	"ShiftReg_iButtonCRC4LSB_WriteRegValue\000"
 1186      74526567 
 1186      5F694275 
 1186      74746F6E 
 1186      43524334 
 1187              	.LASF21:
 1188 0189 696E7465 		.ascii	"interruptState\000"
 1188      72727570 
 1188      74537461 
 1188      746500
 1189              	.LASF5:
ARM GAS  C:\Users\Lenovo\AppData\Local\Temp\ccEPcN2n.s 			page 30


 1190 0198 6C6F6E67 		.ascii	"long unsigned int\000"
 1190      20756E73 
 1190      69676E65 
 1190      6420696E 
 1190      7400
 1191              	.LASF12:
 1192 01aa 75696E74 		.ascii	"uint8\000"
 1192      3800
 1193              	.LASF19:
 1194 01b0 53686966 		.ascii	"ShiftReg_iButtonCRC4LSB_EnableInt\000"
 1194      74526567 
 1194      5F694275 
 1194      74746F6E 
 1194      43524334 
 1195              	.LASF16:
 1196 01d2 53686966 		.ascii	"ShiftReg_iButtonCRC4LSB_Enable\000"
 1196      74526567 
 1196      5F694275 
 1196      74746F6E 
 1196      43524334 
 1197              	.LASF29:
 1198 01f1 53686966 		.ascii	"ShiftReg_iButtonCRC4LSB_ReadRegValue\000"
 1198      74526567 
 1198      5F694275 
 1198      74746F6E 
 1198      43524334 
 1199              	.LASF24:
 1200 0216 6669666F 		.ascii	"fifoId\000"
 1200      496400
 1201              	.LASF30:
 1202 021d 474E5520 		.ascii	"GNU C 4.9.3 20150303 (release) [ARM/embedded-4_9-br"
 1202      4320342E 
 1202      392E3320 
 1202      32303135 
 1202      30333033 
 1203 0250 616E6368 		.ascii	"anch revision 221220] -mcpu=cortex-m3 -mthumb -g -O"
 1203      20726576 
 1203      6973696F 
 1203      6E203232 
 1203      31323230 
 1204 0283 30202D66 		.ascii	"0 -ffunction-sections -ffat-lto-objects\000"
 1204      66756E63 
 1204      74696F6E 
 1204      2D736563 
 1204      74696F6E 
 1205              	.LASF10:
 1206 02ab 646F7562 		.ascii	"double\000"
 1206      6C6500
 1207              	.LASF25:
 1208 02b2 696E7465 		.ascii	"interruptSource\000"
 1208      72727570 
 1208      74536F75 
 1208      72636500 
 1209              	.LASF27:
 1210 02c2 73686966 		.ascii	"shiftData\000"
 1210      74446174 
 1210      6100
ARM GAS  C:\Users\Lenovo\AppData\Local\Temp\ccEPcN2n.s 			page 31


 1211              	.LASF8:
 1212 02cc 756E7369 		.ascii	"unsigned int\000"
 1212      676E6564 
 1212      20696E74 
 1212      00
 1213              	.LASF7:
 1214 02d9 6C6F6E67 		.ascii	"long long unsigned int\000"
 1214      206C6F6E 
 1214      6720756E 
 1214      7369676E 
 1214      65642069 
 1215              	.LASF22:
 1216 02f0 72657375 		.ascii	"result\000"
 1216      6C7400
 1217              	.LASF20:
 1218 02f7 53686966 		.ascii	"ShiftReg_iButtonCRC4LSB_DisableInt\000"
 1218      74526567 
 1218      5F694275 
 1218      74746F6E 
 1218      43524334 
 1219              	.LASF13:
 1220 031a 72656738 		.ascii	"reg8\000"
 1220      00
 1221              	.LASF14:
 1222 031f 73697A65 		.ascii	"sizetype\000"
 1222      74797065 
 1222      00
 1223              	.LASF6:
 1224 0328 6C6F6E67 		.ascii	"long long int\000"
 1224      206C6F6E 
 1224      6720696E 
 1224      7400
 1225              	.LASF11:
 1226 0336 63686172 		.ascii	"char\000"
 1226      00
 1227              	.LASF2:
 1228 033b 73686F72 		.ascii	"short int\000"
 1228      7420696E 
 1228      7400
 1229              	.LASF15:
 1230 0345 53686966 		.ascii	"ShiftReg_iButtonCRC4LSB_Start\000"
 1230      74526567 
 1230      5F694275 
 1230      74746F6E 
 1230      43524334 
 1231              	.LASF4:
 1232 0363 6C6F6E67 		.ascii	"long int\000"
 1232      20696E74 
 1232      00
 1233              	.LASF0:
 1234 036c 7369676E 		.ascii	"signed char\000"
 1234      65642063 
 1234      68617200 
 1235              	.LASF17:
 1236 0378 53686966 		.ascii	"ShiftReg_iButtonCRC4LSB_Init\000"
 1236      74526567 
 1236      5F694275 
ARM GAS  C:\Users\Lenovo\AppData\Local\Temp\ccEPcN2n.s 			page 32


 1236      74746F6E 
 1236      43524334 
 1237              		.ident	"GCC: (GNU Tools for ARM Embedded Processors) 4.9.3 20150303 (release) [ARM/embedded-4_9-br
