ARM GAS  C:\Users\RECEPC~1\AppData\Local\Temp\ccaLwq7e.s 			page 1


   1              		.syntax unified
   2              		.cpu cortex-m3
   3              		.fpu softvfp
   4              		.eabi_attribute 20, 1
   5              		.eabi_attribute 21, 1
   6              		.eabi_attribute 23, 3
   7              		.eabi_attribute 24, 1
   8              		.eabi_attribute 25, 1
   9              		.eabi_attribute 26, 1
  10              		.eabi_attribute 30, 6
  11              		.eabi_attribute 34, 1
  12              		.eabi_attribute 18, 4
  13              		.thumb
  14              		.file	"ShiftReg_iButtonCRC3MSB_PM.c"
  15              		.text
  16              	.Ltext0:
  17              		.cfi_sections	.debug_frame
  18              		.bss
  19              		.align	2
  20              	ShiftReg_iButtonCRC3MSB_backup:
  21 0000 000000   		.space	3
  22 0003 00       		.section	.text.ShiftReg_iButtonCRC3MSB_SaveConfig,"ax",%progbits
  23              		.align	2
  24              		.global	ShiftReg_iButtonCRC3MSB_SaveConfig
  25              		.thumb
  26              		.thumb_func
  27              		.type	ShiftReg_iButtonCRC3MSB_SaveConfig, %function
  28              	ShiftReg_iButtonCRC3MSB_SaveConfig:
  29              	.LFB0:
  30              		.file 1 ".\\Generated_Source\\PSoC5\\ShiftReg_iButtonCRC3MSB_PM.c"
   1:.\Generated_Source\PSoC5/ShiftReg_iButtonCRC3MSB_PM.c **** /*******************************************************************************
   2:.\Generated_Source\PSoC5/ShiftReg_iButtonCRC3MSB_PM.c **** * File Name: ShiftReg_iButtonCRC3MSB_PM.c
   3:.\Generated_Source\PSoC5/ShiftReg_iButtonCRC3MSB_PM.c **** * Version 2.30
   4:.\Generated_Source\PSoC5/ShiftReg_iButtonCRC3MSB_PM.c **** *
   5:.\Generated_Source\PSoC5/ShiftReg_iButtonCRC3MSB_PM.c **** * Description:
   6:.\Generated_Source\PSoC5/ShiftReg_iButtonCRC3MSB_PM.c **** *  This file provides the API source code for sleep mode support for Shift
   7:.\Generated_Source\PSoC5/ShiftReg_iButtonCRC3MSB_PM.c **** *  Register component.
   8:.\Generated_Source\PSoC5/ShiftReg_iButtonCRC3MSB_PM.c **** *
   9:.\Generated_Source\PSoC5/ShiftReg_iButtonCRC3MSB_PM.c **** * Note:
  10:.\Generated_Source\PSoC5/ShiftReg_iButtonCRC3MSB_PM.c **** *
  11:.\Generated_Source\PSoC5/ShiftReg_iButtonCRC3MSB_PM.c **** ********************************************************************************
  12:.\Generated_Source\PSoC5/ShiftReg_iButtonCRC3MSB_PM.c **** * Copyright 2008-2013, Cypress Semiconductor Corporation.  All rights reserved.
  13:.\Generated_Source\PSoC5/ShiftReg_iButtonCRC3MSB_PM.c **** * You may use this file only in accordance with the license, terms, conditions,
  14:.\Generated_Source\PSoC5/ShiftReg_iButtonCRC3MSB_PM.c **** * disclaimers, and limitations in the end user license agreement accompanying
  15:.\Generated_Source\PSoC5/ShiftReg_iButtonCRC3MSB_PM.c **** * the software package with which this file was provided.
  16:.\Generated_Source\PSoC5/ShiftReg_iButtonCRC3MSB_PM.c **** *******************************************************************************/
  17:.\Generated_Source\PSoC5/ShiftReg_iButtonCRC3MSB_PM.c **** 
  18:.\Generated_Source\PSoC5/ShiftReg_iButtonCRC3MSB_PM.c **** #include "ShiftReg_iButtonCRC3MSB.h"
  19:.\Generated_Source\PSoC5/ShiftReg_iButtonCRC3MSB_PM.c **** 
  20:.\Generated_Source\PSoC5/ShiftReg_iButtonCRC3MSB_PM.c **** static ShiftReg_iButtonCRC3MSB_BACKUP_STRUCT ShiftReg_iButtonCRC3MSB_backup =
  21:.\Generated_Source\PSoC5/ShiftReg_iButtonCRC3MSB_PM.c **** {
  22:.\Generated_Source\PSoC5/ShiftReg_iButtonCRC3MSB_PM.c ****     ShiftReg_iButtonCRC3MSB_DISABLED,
  23:.\Generated_Source\PSoC5/ShiftReg_iButtonCRC3MSB_PM.c **** 
  24:.\Generated_Source\PSoC5/ShiftReg_iButtonCRC3MSB_PM.c ****     ((uint8) ShiftReg_iButtonCRC3MSB_DEFAULT_A0),
  25:.\Generated_Source\PSoC5/ShiftReg_iButtonCRC3MSB_PM.c ****     ((uint8) ShiftReg_iButtonCRC3MSB_DEFAULT_A1),
  26:.\Generated_Source\PSoC5/ShiftReg_iButtonCRC3MSB_PM.c **** 
  27:.\Generated_Source\PSoC5/ShiftReg_iButtonCRC3MSB_PM.c ****     #if(CY_UDB_V0)
ARM GAS  C:\Users\RECEPC~1\AppData\Local\Temp\ccaLwq7e.s 			page 2


  28:.\Generated_Source\PSoC5/ShiftReg_iButtonCRC3MSB_PM.c ****         ((uint8) ShiftReg_iButtonCRC3MSB_INT_SRC),
  29:.\Generated_Source\PSoC5/ShiftReg_iButtonCRC3MSB_PM.c ****     #endif /* (CY_UDB_V0) */
  30:.\Generated_Source\PSoC5/ShiftReg_iButtonCRC3MSB_PM.c **** };
  31:.\Generated_Source\PSoC5/ShiftReg_iButtonCRC3MSB_PM.c **** 
  32:.\Generated_Source\PSoC5/ShiftReg_iButtonCRC3MSB_PM.c **** 
  33:.\Generated_Source\PSoC5/ShiftReg_iButtonCRC3MSB_PM.c **** /*******************************************************************************
  34:.\Generated_Source\PSoC5/ShiftReg_iButtonCRC3MSB_PM.c **** * Function Name: ShiftReg_iButtonCRC3MSB_SaveConfig
  35:.\Generated_Source\PSoC5/ShiftReg_iButtonCRC3MSB_PM.c **** ********************************************************************************
  36:.\Generated_Source\PSoC5/ShiftReg_iButtonCRC3MSB_PM.c **** *
  37:.\Generated_Source\PSoC5/ShiftReg_iButtonCRC3MSB_PM.c **** * Summary:
  38:.\Generated_Source\PSoC5/ShiftReg_iButtonCRC3MSB_PM.c **** *  Saves Shift Register configuration.
  39:.\Generated_Source\PSoC5/ShiftReg_iButtonCRC3MSB_PM.c **** *
  40:.\Generated_Source\PSoC5/ShiftReg_iButtonCRC3MSB_PM.c **** * Parameters:
  41:.\Generated_Source\PSoC5/ShiftReg_iButtonCRC3MSB_PM.c **** *  None.
  42:.\Generated_Source\PSoC5/ShiftReg_iButtonCRC3MSB_PM.c **** *
  43:.\Generated_Source\PSoC5/ShiftReg_iButtonCRC3MSB_PM.c **** * Return:
  44:.\Generated_Source\PSoC5/ShiftReg_iButtonCRC3MSB_PM.c **** *  None.
  45:.\Generated_Source\PSoC5/ShiftReg_iButtonCRC3MSB_PM.c **** *
  46:.\Generated_Source\PSoC5/ShiftReg_iButtonCRC3MSB_PM.c **** * Reentrant:
  47:.\Generated_Source\PSoC5/ShiftReg_iButtonCRC3MSB_PM.c **** *  No.
  48:.\Generated_Source\PSoC5/ShiftReg_iButtonCRC3MSB_PM.c **** *
  49:.\Generated_Source\PSoC5/ShiftReg_iButtonCRC3MSB_PM.c **** *******************************************************************************/
  50:.\Generated_Source\PSoC5/ShiftReg_iButtonCRC3MSB_PM.c **** void ShiftReg_iButtonCRC3MSB_SaveConfig(void) 
  51:.\Generated_Source\PSoC5/ShiftReg_iButtonCRC3MSB_PM.c **** {
  31              		.loc 1 51 0
  32              		.cfi_startproc
  33              		@ args = 0, pretend = 0, frame = 0
  34              		@ frame_needed = 1, uses_anonymous_args = 0
  35              		@ link register save eliminated.
  36 0000 80B4     		push	{r7}
  37              		.cfi_def_cfa_offset 4
  38              		.cfi_offset 7, -4
  39 0002 00AF     		add	r7, sp, #0
  40              		.cfi_def_cfa_register 7
  52:.\Generated_Source\PSoC5/ShiftReg_iButtonCRC3MSB_PM.c ****     /* Store working registers A0 and A1 */
  53:.\Generated_Source\PSoC5/ShiftReg_iButtonCRC3MSB_PM.c ****     ShiftReg_iButtonCRC3MSB_backup.saveSrA0Reg   = CY_GET_REG8(ShiftReg_iButtonCRC3MSB_SHIFT_REG_LS
  41              		.loc 1 53 0
  42 0004 064B     		ldr	r3, .L2
  43 0006 1B78     		ldrb	r3, [r3]
  44 0008 DAB2     		uxtb	r2, r3
  45 000a 064B     		ldr	r3, .L2+4
  46 000c 5A70     		strb	r2, [r3, #1]
  54:.\Generated_Source\PSoC5/ShiftReg_iButtonCRC3MSB_PM.c ****     ShiftReg_iButtonCRC3MSB_backup.saveSrA1Reg   = CY_GET_REG8(ShiftReg_iButtonCRC3MSB_SHIFT_REG_VA
  47              		.loc 1 54 0
  48 000e 064B     		ldr	r3, .L2+8
  49 0010 1B78     		ldrb	r3, [r3]
  50 0012 DAB2     		uxtb	r2, r3
  51 0014 034B     		ldr	r3, .L2+4
  52 0016 9A70     		strb	r2, [r3, #2]
  55:.\Generated_Source\PSoC5/ShiftReg_iButtonCRC3MSB_PM.c **** 
  56:.\Generated_Source\PSoC5/ShiftReg_iButtonCRC3MSB_PM.c ****     #if(CY_UDB_V0)
  57:.\Generated_Source\PSoC5/ShiftReg_iButtonCRC3MSB_PM.c ****         ShiftReg_iButtonCRC3MSB_backup.saveSrIntMask = ShiftReg_iButtonCRC3MSB_SR_STATUS_MASK;
  58:.\Generated_Source\PSoC5/ShiftReg_iButtonCRC3MSB_PM.c ****     #endif /* (CY_UDB_V0) */
  59:.\Generated_Source\PSoC5/ShiftReg_iButtonCRC3MSB_PM.c **** }
  53              		.loc 1 59 0
  54 0018 BD46     		mov	sp, r7
  55              		.cfi_def_cfa_register 13
ARM GAS  C:\Users\RECEPC~1\AppData\Local\Temp\ccaLwq7e.s 			page 3


  56              		@ sp needed
  57 001a 5DF8047B 		ldr	r7, [sp], #4
  58              		.cfi_restore 7
  59              		.cfi_def_cfa_offset 0
  60 001e 7047     		bx	lr
  61              	.L3:
  62              		.align	2
  63              	.L2:
  64 0020 03640040 		.word	1073767427
  65 0024 00000000 		.word	ShiftReg_iButtonCRC3MSB_backup
  66 0028 13640040 		.word	1073767443
  67              		.cfi_endproc
  68              	.LFE0:
  69              		.size	ShiftReg_iButtonCRC3MSB_SaveConfig, .-ShiftReg_iButtonCRC3MSB_SaveConfig
  70              		.section	.text.ShiftReg_iButtonCRC3MSB_RestoreConfig,"ax",%progbits
  71              		.align	2
  72              		.global	ShiftReg_iButtonCRC3MSB_RestoreConfig
  73              		.thumb
  74              		.thumb_func
  75              		.type	ShiftReg_iButtonCRC3MSB_RestoreConfig, %function
  76              	ShiftReg_iButtonCRC3MSB_RestoreConfig:
  77              	.LFB1:
  60:.\Generated_Source\PSoC5/ShiftReg_iButtonCRC3MSB_PM.c **** 
  61:.\Generated_Source\PSoC5/ShiftReg_iButtonCRC3MSB_PM.c **** 
  62:.\Generated_Source\PSoC5/ShiftReg_iButtonCRC3MSB_PM.c **** /*******************************************************************************
  63:.\Generated_Source\PSoC5/ShiftReg_iButtonCRC3MSB_PM.c **** * Function Name: ShiftReg_iButtonCRC3MSB_RestoreConfig
  64:.\Generated_Source\PSoC5/ShiftReg_iButtonCRC3MSB_PM.c **** ********************************************************************************
  65:.\Generated_Source\PSoC5/ShiftReg_iButtonCRC3MSB_PM.c **** *
  66:.\Generated_Source\PSoC5/ShiftReg_iButtonCRC3MSB_PM.c **** * Summary:
  67:.\Generated_Source\PSoC5/ShiftReg_iButtonCRC3MSB_PM.c **** *  Restores Shift Register configuration.
  68:.\Generated_Source\PSoC5/ShiftReg_iButtonCRC3MSB_PM.c **** *
  69:.\Generated_Source\PSoC5/ShiftReg_iButtonCRC3MSB_PM.c **** * Parameters:
  70:.\Generated_Source\PSoC5/ShiftReg_iButtonCRC3MSB_PM.c **** *  None.
  71:.\Generated_Source\PSoC5/ShiftReg_iButtonCRC3MSB_PM.c **** *
  72:.\Generated_Source\PSoC5/ShiftReg_iButtonCRC3MSB_PM.c **** * Return:
  73:.\Generated_Source\PSoC5/ShiftReg_iButtonCRC3MSB_PM.c **** *  None.
  74:.\Generated_Source\PSoC5/ShiftReg_iButtonCRC3MSB_PM.c **** *
  75:.\Generated_Source\PSoC5/ShiftReg_iButtonCRC3MSB_PM.c **** *******************************************************************************/
  76:.\Generated_Source\PSoC5/ShiftReg_iButtonCRC3MSB_PM.c **** void ShiftReg_iButtonCRC3MSB_RestoreConfig(void) 
  77:.\Generated_Source\PSoC5/ShiftReg_iButtonCRC3MSB_PM.c **** {
  78              		.loc 1 77 0
  79              		.cfi_startproc
  80              		@ args = 0, pretend = 0, frame = 0
  81              		@ frame_needed = 1, uses_anonymous_args = 0
  82              		@ link register save eliminated.
  83 0000 80B4     		push	{r7}
  84              		.cfi_def_cfa_offset 4
  85              		.cfi_offset 7, -4
  86 0002 00AF     		add	r7, sp, #0
  87              		.cfi_def_cfa_register 7
  78:.\Generated_Source\PSoC5/ShiftReg_iButtonCRC3MSB_PM.c ****     /* Restore working registers A0 and A1 */
  79:.\Generated_Source\PSoC5/ShiftReg_iButtonCRC3MSB_PM.c ****     CY_SET_REG8(ShiftReg_iButtonCRC3MSB_SHIFT_REG_LSB_PTR, ShiftReg_iButtonCRC3MSB_backup.saveSrA0R
  88              		.loc 1 79 0
  89 0004 054B     		ldr	r3, .L5
  90 0006 064A     		ldr	r2, .L5+4
  91 0008 5278     		ldrb	r2, [r2, #1]	@ zero_extendqisi2
  92 000a 1A70     		strb	r2, [r3]
ARM GAS  C:\Users\RECEPC~1\AppData\Local\Temp\ccaLwq7e.s 			page 4


  80:.\Generated_Source\PSoC5/ShiftReg_iButtonCRC3MSB_PM.c ****     CY_SET_REG8(ShiftReg_iButtonCRC3MSB_SHIFT_REG_VALUE_LSB_PTR, ShiftReg_iButtonCRC3MSB_backup.sav
  93              		.loc 1 80 0
  94 000c 054B     		ldr	r3, .L5+8
  95 000e 044A     		ldr	r2, .L5+4
  96 0010 9278     		ldrb	r2, [r2, #2]	@ zero_extendqisi2
  97 0012 1A70     		strb	r2, [r3]
  81:.\Generated_Source\PSoC5/ShiftReg_iButtonCRC3MSB_PM.c **** 
  82:.\Generated_Source\PSoC5/ShiftReg_iButtonCRC3MSB_PM.c ****     #if(CY_UDB_V0)
  83:.\Generated_Source\PSoC5/ShiftReg_iButtonCRC3MSB_PM.c ****         ShiftReg_iButtonCRC3MSB_SR_STATUS_MASK = ((uint8) ShiftReg_iButtonCRC3MSB_backup.saveSrIntM
  84:.\Generated_Source\PSoC5/ShiftReg_iButtonCRC3MSB_PM.c ****     #endif /* (CY_UDB_V0) */
  85:.\Generated_Source\PSoC5/ShiftReg_iButtonCRC3MSB_PM.c **** }
  98              		.loc 1 85 0
  99 0014 BD46     		mov	sp, r7
 100              		.cfi_def_cfa_register 13
 101              		@ sp needed
 102 0016 5DF8047B 		ldr	r7, [sp], #4
 103              		.cfi_restore 7
 104              		.cfi_def_cfa_offset 0
 105 001a 7047     		bx	lr
 106              	.L6:
 107              		.align	2
 108              	.L5:
 109 001c 03640040 		.word	1073767427
 110 0020 00000000 		.word	ShiftReg_iButtonCRC3MSB_backup
 111 0024 13640040 		.word	1073767443
 112              		.cfi_endproc
 113              	.LFE1:
 114              		.size	ShiftReg_iButtonCRC3MSB_RestoreConfig, .-ShiftReg_iButtonCRC3MSB_RestoreConfig
 115              		.section	.text.ShiftReg_iButtonCRC3MSB_Sleep,"ax",%progbits
 116              		.align	2
 117              		.global	ShiftReg_iButtonCRC3MSB_Sleep
 118              		.thumb
 119              		.thumb_func
 120              		.type	ShiftReg_iButtonCRC3MSB_Sleep, %function
 121              	ShiftReg_iButtonCRC3MSB_Sleep:
 122              	.LFB2:
  86:.\Generated_Source\PSoC5/ShiftReg_iButtonCRC3MSB_PM.c **** 
  87:.\Generated_Source\PSoC5/ShiftReg_iButtonCRC3MSB_PM.c **** 
  88:.\Generated_Source\PSoC5/ShiftReg_iButtonCRC3MSB_PM.c **** /*******************************************************************************
  89:.\Generated_Source\PSoC5/ShiftReg_iButtonCRC3MSB_PM.c **** * Function Name: ShiftReg_iButtonCRC3MSB_Sleep
  90:.\Generated_Source\PSoC5/ShiftReg_iButtonCRC3MSB_PM.c **** ********************************************************************************
  91:.\Generated_Source\PSoC5/ShiftReg_iButtonCRC3MSB_PM.c **** *
  92:.\Generated_Source\PSoC5/ShiftReg_iButtonCRC3MSB_PM.c **** * Summary:
  93:.\Generated_Source\PSoC5/ShiftReg_iButtonCRC3MSB_PM.c **** *  Prepare the component to enter a Sleep mode.
  94:.\Generated_Source\PSoC5/ShiftReg_iButtonCRC3MSB_PM.c **** *
  95:.\Generated_Source\PSoC5/ShiftReg_iButtonCRC3MSB_PM.c **** * Parameters:
  96:.\Generated_Source\PSoC5/ShiftReg_iButtonCRC3MSB_PM.c **** *  None.
  97:.\Generated_Source\PSoC5/ShiftReg_iButtonCRC3MSB_PM.c **** *
  98:.\Generated_Source\PSoC5/ShiftReg_iButtonCRC3MSB_PM.c **** * Return:
  99:.\Generated_Source\PSoC5/ShiftReg_iButtonCRC3MSB_PM.c **** *  None.
 100:.\Generated_Source\PSoC5/ShiftReg_iButtonCRC3MSB_PM.c **** *
 101:.\Generated_Source\PSoC5/ShiftReg_iButtonCRC3MSB_PM.c **** * Reentrant:
 102:.\Generated_Source\PSoC5/ShiftReg_iButtonCRC3MSB_PM.c **** *  No.
 103:.\Generated_Source\PSoC5/ShiftReg_iButtonCRC3MSB_PM.c **** *
 104:.\Generated_Source\PSoC5/ShiftReg_iButtonCRC3MSB_PM.c **** *******************************************************************************/
 105:.\Generated_Source\PSoC5/ShiftReg_iButtonCRC3MSB_PM.c **** void ShiftReg_iButtonCRC3MSB_Sleep(void) 
 106:.\Generated_Source\PSoC5/ShiftReg_iButtonCRC3MSB_PM.c **** {
ARM GAS  C:\Users\RECEPC~1\AppData\Local\Temp\ccaLwq7e.s 			page 5


 123              		.loc 1 106 0
 124              		.cfi_startproc
 125              		@ args = 0, pretend = 0, frame = 0
 126              		@ frame_needed = 1, uses_anonymous_args = 0
 127 0000 80B5     		push	{r7, lr}
 128              		.cfi_def_cfa_offset 8
 129              		.cfi_offset 7, -8
 130              		.cfi_offset 14, -4
 131 0002 00AF     		add	r7, sp, #0
 132              		.cfi_def_cfa_register 7
 107:.\Generated_Source\PSoC5/ShiftReg_iButtonCRC3MSB_PM.c ****     ShiftReg_iButtonCRC3MSB_backup.enableState = ((uint8) ShiftReg_iButtonCRC3MSB_IS_ENABLED);
 133              		.loc 1 107 0
 134 0004 084B     		ldr	r3, .L8
 135 0006 1B78     		ldrb	r3, [r3]
 136 0008 DBB2     		uxtb	r3, r3
 137 000a 03F00103 		and	r3, r3, #1
 138 000e 002B     		cmp	r3, #0
 139 0010 14BF     		ite	ne
 140 0012 0123     		movne	r3, #1
 141 0014 0023     		moveq	r3, #0
 142 0016 DBB2     		uxtb	r3, r3
 143 0018 1A46     		mov	r2, r3
 144 001a 044B     		ldr	r3, .L8+4
 145 001c 1A70     		strb	r2, [r3]
 108:.\Generated_Source\PSoC5/ShiftReg_iButtonCRC3MSB_PM.c **** 
 109:.\Generated_Source\PSoC5/ShiftReg_iButtonCRC3MSB_PM.c ****     ShiftReg_iButtonCRC3MSB_Stop();
 146              		.loc 1 109 0
 147 001e FFF7FEFF 		bl	ShiftReg_iButtonCRC3MSB_Stop
 110:.\Generated_Source\PSoC5/ShiftReg_iButtonCRC3MSB_PM.c ****     ShiftReg_iButtonCRC3MSB_SaveConfig();
 148              		.loc 1 110 0
 149 0022 FFF7FEFF 		bl	ShiftReg_iButtonCRC3MSB_SaveConfig
 111:.\Generated_Source\PSoC5/ShiftReg_iButtonCRC3MSB_PM.c **** }
 150              		.loc 1 111 0
 151 0026 80BD     		pop	{r7, pc}
 152              	.L9:
 153              		.align	2
 154              	.L8:
 155 0028 72640040 		.word	1073767538
 156 002c 00000000 		.word	ShiftReg_iButtonCRC3MSB_backup
 157              		.cfi_endproc
 158              	.LFE2:
 159              		.size	ShiftReg_iButtonCRC3MSB_Sleep, .-ShiftReg_iButtonCRC3MSB_Sleep
 160              		.section	.text.ShiftReg_iButtonCRC3MSB_Wakeup,"ax",%progbits
 161              		.align	2
 162              		.global	ShiftReg_iButtonCRC3MSB_Wakeup
 163              		.thumb
 164              		.thumb_func
 165              		.type	ShiftReg_iButtonCRC3MSB_Wakeup, %function
 166              	ShiftReg_iButtonCRC3MSB_Wakeup:
 167              	.LFB3:
 112:.\Generated_Source\PSoC5/ShiftReg_iButtonCRC3MSB_PM.c **** 
 113:.\Generated_Source\PSoC5/ShiftReg_iButtonCRC3MSB_PM.c **** 
 114:.\Generated_Source\PSoC5/ShiftReg_iButtonCRC3MSB_PM.c **** /*******************************************************************************
 115:.\Generated_Source\PSoC5/ShiftReg_iButtonCRC3MSB_PM.c **** * Function Name: ShiftReg_iButtonCRC3MSB_Wakeup
 116:.\Generated_Source\PSoC5/ShiftReg_iButtonCRC3MSB_PM.c **** ********************************************************************************
 117:.\Generated_Source\PSoC5/ShiftReg_iButtonCRC3MSB_PM.c **** *
 118:.\Generated_Source\PSoC5/ShiftReg_iButtonCRC3MSB_PM.c **** * Summary:
ARM GAS  C:\Users\RECEPC~1\AppData\Local\Temp\ccaLwq7e.s 			page 6


 119:.\Generated_Source\PSoC5/ShiftReg_iButtonCRC3MSB_PM.c **** *  Restores and enables the user configuration.
 120:.\Generated_Source\PSoC5/ShiftReg_iButtonCRC3MSB_PM.c **** *
 121:.\Generated_Source\PSoC5/ShiftReg_iButtonCRC3MSB_PM.c **** * Parameters:
 122:.\Generated_Source\PSoC5/ShiftReg_iButtonCRC3MSB_PM.c **** *  None.
 123:.\Generated_Source\PSoC5/ShiftReg_iButtonCRC3MSB_PM.c **** *
 124:.\Generated_Source\PSoC5/ShiftReg_iButtonCRC3MSB_PM.c **** * Return:
 125:.\Generated_Source\PSoC5/ShiftReg_iButtonCRC3MSB_PM.c **** *  None.
 126:.\Generated_Source\PSoC5/ShiftReg_iButtonCRC3MSB_PM.c **** *
 127:.\Generated_Source\PSoC5/ShiftReg_iButtonCRC3MSB_PM.c **** *******************************************************************************/
 128:.\Generated_Source\PSoC5/ShiftReg_iButtonCRC3MSB_PM.c **** void ShiftReg_iButtonCRC3MSB_Wakeup(void) 
 129:.\Generated_Source\PSoC5/ShiftReg_iButtonCRC3MSB_PM.c **** {
 168              		.loc 1 129 0
 169              		.cfi_startproc
 170              		@ args = 0, pretend = 0, frame = 0
 171              		@ frame_needed = 1, uses_anonymous_args = 0
 172 0000 80B5     		push	{r7, lr}
 173              		.cfi_def_cfa_offset 8
 174              		.cfi_offset 7, -8
 175              		.cfi_offset 14, -4
 176 0002 00AF     		add	r7, sp, #0
 177              		.cfi_def_cfa_register 7
 130:.\Generated_Source\PSoC5/ShiftReg_iButtonCRC3MSB_PM.c ****     ShiftReg_iButtonCRC3MSB_RestoreConfig();
 178              		.loc 1 130 0
 179 0004 FFF7FEFF 		bl	ShiftReg_iButtonCRC3MSB_RestoreConfig
 131:.\Generated_Source\PSoC5/ShiftReg_iButtonCRC3MSB_PM.c **** 
 132:.\Generated_Source\PSoC5/ShiftReg_iButtonCRC3MSB_PM.c ****     if(0u != ShiftReg_iButtonCRC3MSB_backup.enableState)
 180              		.loc 1 132 0
 181 0008 034B     		ldr	r3, .L12
 182 000a 1B78     		ldrb	r3, [r3]	@ zero_extendqisi2
 183 000c 002B     		cmp	r3, #0
 184 000e 01D0     		beq	.L10
 133:.\Generated_Source\PSoC5/ShiftReg_iButtonCRC3MSB_PM.c ****     {
 134:.\Generated_Source\PSoC5/ShiftReg_iButtonCRC3MSB_PM.c ****         ShiftReg_iButtonCRC3MSB_Enable();
 185              		.loc 1 134 0
 186 0010 FFF7FEFF 		bl	ShiftReg_iButtonCRC3MSB_Enable
 187              	.L10:
 135:.\Generated_Source\PSoC5/ShiftReg_iButtonCRC3MSB_PM.c ****     }
 136:.\Generated_Source\PSoC5/ShiftReg_iButtonCRC3MSB_PM.c **** }
 188              		.loc 1 136 0
 189 0014 80BD     		pop	{r7, pc}
 190              	.L13:
 191 0016 00BF     		.align	2
 192              	.L12:
 193 0018 00000000 		.word	ShiftReg_iButtonCRC3MSB_backup
 194              		.cfi_endproc
 195              	.LFE3:
 196              		.size	ShiftReg_iButtonCRC3MSB_Wakeup, .-ShiftReg_iButtonCRC3MSB_Wakeup
 197              		.text
 198              	.Letext0:
 199              		.file 2 ".\\Generated_Source\\PSoC5\\cytypes.h"
 200              		.file 3 ".\\Generated_Source\\PSoC5\\ShiftReg_iButtonCRC3MSB.h"
 201              		.section	.debug_info,"",%progbits
 202              	.Ldebug_info0:
 203 0000 2E010000 		.4byte	0x12e
 204 0004 0400     		.2byte	0x4
 205 0006 00000000 		.4byte	.Ldebug_abbrev0
 206 000a 04       		.byte	0x4
ARM GAS  C:\Users\RECEPC~1\AppData\Local\Temp\ccaLwq7e.s 			page 7


 207 000b 01       		.uleb128 0x1
 208 000c C0000000 		.4byte	.LASF23
 209 0010 01       		.byte	0x1
 210 0011 6E020000 		.4byte	.LASF24
 211 0015 EA010000 		.4byte	.LASF25
 212 0019 00000000 		.4byte	.Ldebug_ranges0+0
 213 001d 00000000 		.4byte	0
 214 0021 00000000 		.4byte	.Ldebug_line0
 215 0025 02       		.uleb128 0x2
 216 0026 01       		.byte	0x1
 217 0027 06       		.byte	0x6
 218 0028 95010000 		.4byte	.LASF0
 219 002c 02       		.uleb128 0x2
 220 002d 01       		.byte	0x1
 221 002e 08       		.byte	0x8
 222 002f A4000000 		.4byte	.LASF1
 223 0033 02       		.uleb128 0x2
 224 0034 02       		.byte	0x2
 225 0035 05       		.byte	0x5
 226 0036 A4020000 		.4byte	.LASF2
 227 003a 02       		.uleb128 0x2
 228 003b 02       		.byte	0x2
 229 003c 07       		.byte	0x7
 230 003d 1F000000 		.4byte	.LASF3
 231 0041 02       		.uleb128 0x2
 232 0042 04       		.byte	0x4
 233 0043 05       		.byte	0x5
 234 0044 B7000000 		.4byte	.LASF4
 235 0048 02       		.uleb128 0x2
 236 0049 04       		.byte	0x4
 237 004a 07       		.byte	0x7
 238 004b 7B000000 		.4byte	.LASF5
 239 004f 02       		.uleb128 0x2
 240 0050 08       		.byte	0x8
 241 0051 05       		.byte	0x5
 242 0052 61010000 		.4byte	.LASF6
 243 0056 02       		.uleb128 0x2
 244 0057 08       		.byte	0x8
 245 0058 07       		.byte	0x7
 246 0059 8D000000 		.4byte	.LASF7
 247 005d 03       		.uleb128 0x3
 248 005e 04       		.byte	0x4
 249 005f 05       		.byte	0x5
 250 0060 696E7400 		.ascii	"int\000"
 251 0064 02       		.uleb128 0x2
 252 0065 04       		.byte	0x4
 253 0066 07       		.byte	0x7
 254 0067 50000000 		.4byte	.LASF8
 255 006b 04       		.uleb128 0x4
 256 006c 75000000 		.4byte	.LASF12
 257 0070 02       		.byte	0x2
 258 0071 3801     		.2byte	0x138
 259 0073 2C000000 		.4byte	0x2c
 260 0077 02       		.uleb128 0x2
 261 0078 04       		.byte	0x4
 262 0079 04       		.byte	0x4
 263 007a 49020000 		.4byte	.LASF9
ARM GAS  C:\Users\RECEPC~1\AppData\Local\Temp\ccaLwq7e.s 			page 8


 264 007e 02       		.uleb128 0x2
 265 007f 08       		.byte	0x8
 266 0080 04       		.byte	0x4
 267 0081 5A010000 		.4byte	.LASF10
 268 0085 02       		.uleb128 0x2
 269 0086 01       		.byte	0x1
 270 0087 08       		.byte	0x8
 271 0088 B2000000 		.4byte	.LASF11
 272 008c 04       		.uleb128 0x4
 273 008d AE020000 		.4byte	.LASF13
 274 0091 02       		.byte	0x2
 275 0092 E201     		.2byte	0x1e2
 276 0094 98000000 		.4byte	0x98
 277 0098 05       		.uleb128 0x5
 278 0099 6B000000 		.4byte	0x6b
 279 009d 02       		.uleb128 0x2
 280 009e 04       		.byte	0x4
 281 009f 07       		.byte	0x7
 282 00a0 B3020000 		.4byte	.LASF14
 283 00a4 06       		.uleb128 0x6
 284 00a5 03       		.byte	0x3
 285 00a6 03       		.byte	0x3
 286 00a7 30       		.byte	0x30
 287 00a8 D1000000 		.4byte	0xd1
 288 00ac 07       		.uleb128 0x7
 289 00ad 4E010000 		.4byte	.LASF15
 290 00b1 03       		.byte	0x3
 291 00b2 32       		.byte	0x32
 292 00b3 6B000000 		.4byte	0x6b
 293 00b7 00       		.byte	0
 294 00b8 07       		.uleb128 0x7
 295 00b9 69000000 		.4byte	.LASF16
 296 00bd 03       		.byte	0x3
 297 00be 34       		.byte	0x34
 298 00bf 6B000000 		.4byte	0x6b
 299 00c3 01       		.byte	0x1
 300 00c4 07       		.uleb128 0x7
 301 00c5 5D000000 		.4byte	.LASF17
 302 00c9 03       		.byte	0x3
 303 00ca 35       		.byte	0x35
 304 00cb 6B000000 		.4byte	0x6b
 305 00cf 02       		.byte	0x2
 306 00d0 00       		.byte	0
 307 00d1 08       		.uleb128 0x8
 308 00d2 C4010000 		.4byte	.LASF18
 309 00d6 03       		.byte	0x3
 310 00d7 3B       		.byte	0x3b
 311 00d8 A4000000 		.4byte	0xa4
 312 00dc 09       		.uleb128 0x9
 313 00dd A1010000 		.4byte	.LASF19
 314 00e1 01       		.byte	0x1
 315 00e2 32       		.byte	0x32
 316 00e3 00000000 		.4byte	.LFB0
 317 00e7 2C000000 		.4byte	.LFE0-.LFB0
 318 00eb 01       		.uleb128 0x1
 319 00ec 9C       		.byte	0x9c
 320 00ed 09       		.uleb128 0x9
ARM GAS  C:\Users\RECEPC~1\AppData\Local\Temp\ccaLwq7e.s 			page 9


 321 00ee 6F010000 		.4byte	.LASF20
 322 00f2 01       		.byte	0x1
 323 00f3 4C       		.byte	0x4c
 324 00f4 00000000 		.4byte	.LFB1
 325 00f8 28000000 		.4byte	.LFE1-.LFB1
 326 00fc 01       		.uleb128 0x1
 327 00fd 9C       		.byte	0x9c
 328 00fe 0A       		.uleb128 0xa
 329 00ff 32000000 		.4byte	.LASF21
 330 0103 01       		.byte	0x1
 331 0104 69       		.byte	0x69
 332 0105 00000000 		.4byte	.LFB2
 333 0109 30000000 		.4byte	.LFE2-.LFB2
 334 010d 01       		.uleb128 0x1
 335 010e 9C       		.byte	0x9c
 336 010f 0A       		.uleb128 0xa
 337 0110 00000000 		.4byte	.LASF22
 338 0114 01       		.byte	0x1
 339 0115 80       		.byte	0x80
 340 0116 00000000 		.4byte	.LFB3
 341 011a 1C000000 		.4byte	.LFE3-.LFB3
 342 011e 01       		.uleb128 0x1
 343 011f 9C       		.byte	0x9c
 344 0120 0B       		.uleb128 0xb
 345 0121 4F020000 		.4byte	.LASF26
 346 0125 01       		.byte	0x1
 347 0126 14       		.byte	0x14
 348 0127 D1000000 		.4byte	0xd1
 349 012b 05       		.uleb128 0x5
 350 012c 03       		.byte	0x3
 351 012d 00000000 		.4byte	ShiftReg_iButtonCRC3MSB_backup
 352 0131 00       		.byte	0
 353              		.section	.debug_abbrev,"",%progbits
 354              	.Ldebug_abbrev0:
 355 0000 01       		.uleb128 0x1
 356 0001 11       		.uleb128 0x11
 357 0002 01       		.byte	0x1
 358 0003 25       		.uleb128 0x25
 359 0004 0E       		.uleb128 0xe
 360 0005 13       		.uleb128 0x13
 361 0006 0B       		.uleb128 0xb
 362 0007 03       		.uleb128 0x3
 363 0008 0E       		.uleb128 0xe
 364 0009 1B       		.uleb128 0x1b
 365 000a 0E       		.uleb128 0xe
 366 000b 55       		.uleb128 0x55
 367 000c 17       		.uleb128 0x17
 368 000d 11       		.uleb128 0x11
 369 000e 01       		.uleb128 0x1
 370 000f 10       		.uleb128 0x10
 371 0010 17       		.uleb128 0x17
 372 0011 00       		.byte	0
 373 0012 00       		.byte	0
 374 0013 02       		.uleb128 0x2
 375 0014 24       		.uleb128 0x24
 376 0015 00       		.byte	0
 377 0016 0B       		.uleb128 0xb
ARM GAS  C:\Users\RECEPC~1\AppData\Local\Temp\ccaLwq7e.s 			page 10


 378 0017 0B       		.uleb128 0xb
 379 0018 3E       		.uleb128 0x3e
 380 0019 0B       		.uleb128 0xb
 381 001a 03       		.uleb128 0x3
 382 001b 0E       		.uleb128 0xe
 383 001c 00       		.byte	0
 384 001d 00       		.byte	0
 385 001e 03       		.uleb128 0x3
 386 001f 24       		.uleb128 0x24
 387 0020 00       		.byte	0
 388 0021 0B       		.uleb128 0xb
 389 0022 0B       		.uleb128 0xb
 390 0023 3E       		.uleb128 0x3e
 391 0024 0B       		.uleb128 0xb
 392 0025 03       		.uleb128 0x3
 393 0026 08       		.uleb128 0x8
 394 0027 00       		.byte	0
 395 0028 00       		.byte	0
 396 0029 04       		.uleb128 0x4
 397 002a 16       		.uleb128 0x16
 398 002b 00       		.byte	0
 399 002c 03       		.uleb128 0x3
 400 002d 0E       		.uleb128 0xe
 401 002e 3A       		.uleb128 0x3a
 402 002f 0B       		.uleb128 0xb
 403 0030 3B       		.uleb128 0x3b
 404 0031 05       		.uleb128 0x5
 405 0032 49       		.uleb128 0x49
 406 0033 13       		.uleb128 0x13
 407 0034 00       		.byte	0
 408 0035 00       		.byte	0
 409 0036 05       		.uleb128 0x5
 410 0037 35       		.uleb128 0x35
 411 0038 00       		.byte	0
 412 0039 49       		.uleb128 0x49
 413 003a 13       		.uleb128 0x13
 414 003b 00       		.byte	0
 415 003c 00       		.byte	0
 416 003d 06       		.uleb128 0x6
 417 003e 13       		.uleb128 0x13
 418 003f 01       		.byte	0x1
 419 0040 0B       		.uleb128 0xb
 420 0041 0B       		.uleb128 0xb
 421 0042 3A       		.uleb128 0x3a
 422 0043 0B       		.uleb128 0xb
 423 0044 3B       		.uleb128 0x3b
 424 0045 0B       		.uleb128 0xb
 425 0046 01       		.uleb128 0x1
 426 0047 13       		.uleb128 0x13
 427 0048 00       		.byte	0
 428 0049 00       		.byte	0
 429 004a 07       		.uleb128 0x7
 430 004b 0D       		.uleb128 0xd
 431 004c 00       		.byte	0
 432 004d 03       		.uleb128 0x3
 433 004e 0E       		.uleb128 0xe
 434 004f 3A       		.uleb128 0x3a
ARM GAS  C:\Users\RECEPC~1\AppData\Local\Temp\ccaLwq7e.s 			page 11


 435 0050 0B       		.uleb128 0xb
 436 0051 3B       		.uleb128 0x3b
 437 0052 0B       		.uleb128 0xb
 438 0053 49       		.uleb128 0x49
 439 0054 13       		.uleb128 0x13
 440 0055 38       		.uleb128 0x38
 441 0056 0B       		.uleb128 0xb
 442 0057 00       		.byte	0
 443 0058 00       		.byte	0
 444 0059 08       		.uleb128 0x8
 445 005a 16       		.uleb128 0x16
 446 005b 00       		.byte	0
 447 005c 03       		.uleb128 0x3
 448 005d 0E       		.uleb128 0xe
 449 005e 3A       		.uleb128 0x3a
 450 005f 0B       		.uleb128 0xb
 451 0060 3B       		.uleb128 0x3b
 452 0061 0B       		.uleb128 0xb
 453 0062 49       		.uleb128 0x49
 454 0063 13       		.uleb128 0x13
 455 0064 00       		.byte	0
 456 0065 00       		.byte	0
 457 0066 09       		.uleb128 0x9
 458 0067 2E       		.uleb128 0x2e
 459 0068 00       		.byte	0
 460 0069 3F       		.uleb128 0x3f
 461 006a 19       		.uleb128 0x19
 462 006b 03       		.uleb128 0x3
 463 006c 0E       		.uleb128 0xe
 464 006d 3A       		.uleb128 0x3a
 465 006e 0B       		.uleb128 0xb
 466 006f 3B       		.uleb128 0x3b
 467 0070 0B       		.uleb128 0xb
 468 0071 27       		.uleb128 0x27
 469 0072 19       		.uleb128 0x19
 470 0073 11       		.uleb128 0x11
 471 0074 01       		.uleb128 0x1
 472 0075 12       		.uleb128 0x12
 473 0076 06       		.uleb128 0x6
 474 0077 40       		.uleb128 0x40
 475 0078 18       		.uleb128 0x18
 476 0079 9742     		.uleb128 0x2117
 477 007b 19       		.uleb128 0x19
 478 007c 00       		.byte	0
 479 007d 00       		.byte	0
 480 007e 0A       		.uleb128 0xa
 481 007f 2E       		.uleb128 0x2e
 482 0080 00       		.byte	0
 483 0081 3F       		.uleb128 0x3f
 484 0082 19       		.uleb128 0x19
 485 0083 03       		.uleb128 0x3
 486 0084 0E       		.uleb128 0xe
 487 0085 3A       		.uleb128 0x3a
 488 0086 0B       		.uleb128 0xb
 489 0087 3B       		.uleb128 0x3b
 490 0088 0B       		.uleb128 0xb
 491 0089 27       		.uleb128 0x27
ARM GAS  C:\Users\RECEPC~1\AppData\Local\Temp\ccaLwq7e.s 			page 12


 492 008a 19       		.uleb128 0x19
 493 008b 11       		.uleb128 0x11
 494 008c 01       		.uleb128 0x1
 495 008d 12       		.uleb128 0x12
 496 008e 06       		.uleb128 0x6
 497 008f 40       		.uleb128 0x40
 498 0090 18       		.uleb128 0x18
 499 0091 9642     		.uleb128 0x2116
 500 0093 19       		.uleb128 0x19
 501 0094 00       		.byte	0
 502 0095 00       		.byte	0
 503 0096 0B       		.uleb128 0xb
 504 0097 34       		.uleb128 0x34
 505 0098 00       		.byte	0
 506 0099 03       		.uleb128 0x3
 507 009a 0E       		.uleb128 0xe
 508 009b 3A       		.uleb128 0x3a
 509 009c 0B       		.uleb128 0xb
 510 009d 3B       		.uleb128 0x3b
 511 009e 0B       		.uleb128 0xb
 512 009f 49       		.uleb128 0x49
 513 00a0 13       		.uleb128 0x13
 514 00a1 02       		.uleb128 0x2
 515 00a2 18       		.uleb128 0x18
 516 00a3 00       		.byte	0
 517 00a4 00       		.byte	0
 518 00a5 00       		.byte	0
 519              		.section	.debug_aranges,"",%progbits
 520 0000 34000000 		.4byte	0x34
 521 0004 0200     		.2byte	0x2
 522 0006 00000000 		.4byte	.Ldebug_info0
 523 000a 04       		.byte	0x4
 524 000b 00       		.byte	0
 525 000c 0000     		.2byte	0
 526 000e 0000     		.2byte	0
 527 0010 00000000 		.4byte	.LFB0
 528 0014 2C000000 		.4byte	.LFE0-.LFB0
 529 0018 00000000 		.4byte	.LFB1
 530 001c 28000000 		.4byte	.LFE1-.LFB1
 531 0020 00000000 		.4byte	.LFB2
 532 0024 30000000 		.4byte	.LFE2-.LFB2
 533 0028 00000000 		.4byte	.LFB3
 534 002c 1C000000 		.4byte	.LFE3-.LFB3
 535 0030 00000000 		.4byte	0
 536 0034 00000000 		.4byte	0
 537              		.section	.debug_ranges,"",%progbits
 538              	.Ldebug_ranges0:
 539 0000 00000000 		.4byte	.LFB0
 540 0004 2C000000 		.4byte	.LFE0
 541 0008 00000000 		.4byte	.LFB1
 542 000c 28000000 		.4byte	.LFE1
 543 0010 00000000 		.4byte	.LFB2
 544 0014 30000000 		.4byte	.LFE2
 545 0018 00000000 		.4byte	.LFB3
 546 001c 1C000000 		.4byte	.LFE3
 547 0020 00000000 		.4byte	0
 548 0024 00000000 		.4byte	0
ARM GAS  C:\Users\RECEPC~1\AppData\Local\Temp\ccaLwq7e.s 			page 13


 549              		.section	.debug_line,"",%progbits
 550              	.Ldebug_line0:
 551 0000 C9000000 		.section	.debug_str,"MS",%progbits,1
 551      02007600 
 551      00000201 
 551      FB0E0D00 
 551      01010101 
 552              	.LASF22:
 553 0000 53686966 		.ascii	"ShiftReg_iButtonCRC3MSB_Wakeup\000"
 553      74526567 
 553      5F694275 
 553      74746F6E 
 553      43524333 
 554              	.LASF3:
 555 001f 73686F72 		.ascii	"short unsigned int\000"
 555      7420756E 
 555      7369676E 
 555      65642069 
 555      6E7400
 556              	.LASF21:
 557 0032 53686966 		.ascii	"ShiftReg_iButtonCRC3MSB_Sleep\000"
 557      74526567 
 557      5F694275 
 557      74746F6E 
 557      43524333 
 558              	.LASF8:
 559 0050 756E7369 		.ascii	"unsigned int\000"
 559      676E6564 
 559      20696E74 
 559      00
 560              	.LASF17:
 561 005d 73617665 		.ascii	"saveSrA1Reg\000"
 561      53724131 
 561      52656700 
 562              	.LASF16:
 563 0069 73617665 		.ascii	"saveSrA0Reg\000"
 563      53724130 
 563      52656700 
 564              	.LASF12:
 565 0075 75696E74 		.ascii	"uint8\000"
 565      3800
 566              	.LASF5:
 567 007b 6C6F6E67 		.ascii	"long unsigned int\000"
 567      20756E73 
 567      69676E65 
 567      6420696E 
 567      7400
 568              	.LASF7:
 569 008d 6C6F6E67 		.ascii	"long long unsigned int\000"
 569      206C6F6E 
 569      6720756E 
 569      7369676E 
 569      65642069 
 570              	.LASF1:
 571 00a4 756E7369 		.ascii	"unsigned char\000"
 571      676E6564 
 571      20636861 
ARM GAS  C:\Users\RECEPC~1\AppData\Local\Temp\ccaLwq7e.s 			page 14


 571      7200
 572              	.LASF11:
 573 00b2 63686172 		.ascii	"char\000"
 573      00
 574              	.LASF4:
 575 00b7 6C6F6E67 		.ascii	"long int\000"
 575      20696E74 
 575      00
 576              	.LASF23:
 577 00c0 474E5520 		.ascii	"GNU C 4.9.3 20150303 (release) [ARM/embedded-4_9-br"
 577      4320342E 
 577      392E3320 
 577      32303135 
 577      30333033 
 578 00f3 616E6368 		.ascii	"anch revision 221220] -mcpu=cortex-m3 -mthumb -g -O"
 578      20726576 
 578      6973696F 
 578      6E203232 
 578      31323230 
 579 0126 30202D66 		.ascii	"0 -ffunction-sections -ffat-lto-objects\000"
 579      66756E63 
 579      74696F6E 
 579      2D736563 
 579      74696F6E 
 580              	.LASF15:
 581 014e 656E6162 		.ascii	"enableState\000"
 581      6C655374 
 581      61746500 
 582              	.LASF10:
 583 015a 646F7562 		.ascii	"double\000"
 583      6C6500
 584              	.LASF6:
 585 0161 6C6F6E67 		.ascii	"long long int\000"
 585      206C6F6E 
 585      6720696E 
 585      7400
 586              	.LASF20:
 587 016f 53686966 		.ascii	"ShiftReg_iButtonCRC3MSB_RestoreConfig\000"
 587      74526567 
 587      5F694275 
 587      74746F6E 
 587      43524333 
 588              	.LASF0:
 589 0195 7369676E 		.ascii	"signed char\000"
 589      65642063 
 589      68617200 
 590              	.LASF19:
 591 01a1 53686966 		.ascii	"ShiftReg_iButtonCRC3MSB_SaveConfig\000"
 591      74526567 
 591      5F694275 
 591      74746F6E 
 591      43524333 
 592              	.LASF18:
 593 01c4 53686966 		.ascii	"ShiftReg_iButtonCRC3MSB_BACKUP_STRUCT\000"
 593      74526567 
 593      5F694275 
 593      74746F6E 
ARM GAS  C:\Users\RECEPC~1\AppData\Local\Temp\ccaLwq7e.s 			page 15


 593      43524333 
 594              	.LASF25:
 595 01ea 433A5C54 		.ascii	"C:\\TeamInsepet\\NSX-Prime\\Hardware\\CorEx-MUX-Ker"
 595      65616D49 
 595      6E736570 
 595      65745C4E 
 595      53582D50 
 596 0219 6E656C2D 		.ascii	"nel-Enhanced\\Workspace01\\CorEx-Mux-Kernel.cydsn\000"
 596      456E6861 
 596      6E636564 
 596      5C576F72 
 596      6B737061 
 597              	.LASF9:
 598 0249 666C6F61 		.ascii	"float\000"
 598      7400
 599              	.LASF26:
 600 024f 53686966 		.ascii	"ShiftReg_iButtonCRC3MSB_backup\000"
 600      74526567 
 600      5F694275 
 600      74746F6E 
 600      43524333 
 601              	.LASF24:
 602 026e 2E5C4765 		.ascii	".\\Generated_Source\\PSoC5\\ShiftReg_iButtonCRC3MSB"
 602      6E657261 
 602      7465645F 
 602      536F7572 
 602      63655C50 
 603 029e 5F504D2E 		.ascii	"_PM.c\000"
 603      6300
 604              	.LASF2:
 605 02a4 73686F72 		.ascii	"short int\000"
 605      7420696E 
 605      7400
 606              	.LASF13:
 607 02ae 72656738 		.ascii	"reg8\000"
 607      00
 608              	.LASF14:
 609 02b3 73697A65 		.ascii	"sizetype\000"
 609      74797065 
 609      00
 610              		.ident	"GCC: (GNU Tools for ARM Embedded Processors) 4.9.3 20150303 (release) [ARM/embedded-4_9-br
