ARM GAS  C:\Users\RECEPC~1\AppData\Local\Temp\cciOU4Er.s 			page 1


   1              		.syntax unified
   2              		.cpu cortex-m3
   3              		.fpu softvfp
   4              		.eabi_attribute 20, 1
   5              		.eabi_attribute 21, 1
   6              		.eabi_attribute 23, 3
   7              		.eabi_attribute 24, 1
   8              		.eabi_attribute 25, 1
   9              		.eabi_attribute 26, 1
  10              		.eabi_attribute 30, 6
  11              		.eabi_attribute 34, 1
  12              		.eabi_attribute 18, 4
  13              		.thumb
  14              		.file	"Timers.c"
  15              		.text
  16              	.Ltext0:
  17              		.cfi_sections	.debug_frame
  18              		.section	.text.InitTimers,"ax",%progbits
  19              		.align	2
  20              		.global	InitTimers
  21              		.thumb
  22              		.thumb_func
  23              		.type	InitTimers, %function
  24              	InitTimers:
  25              	.LFB63:
  26              		.file 1 ".\\Timers.c"
   1:.\Timers.c    **** /* ========================================
   2:.\Timers.c    ****  *
   3:.\Timers.c    ****  * Copyright YOUR COMPANY, THE YEAR
   4:.\Timers.c    ****  * All Rights Reserved
   5:.\Timers.c    ****  * UNPUBLISHED, LICENSED SOFTWARE.
   6:.\Timers.c    ****  *
   7:.\Timers.c    ****  * CONFIDENTIAL AND PROPRIETARY INFORMATION
   8:.\Timers.c    ****  * WHICH IS THE PROPERTY OF your company.
   9:.\Timers.c    ****  *
  10:.\Timers.c    ****  * ========================================
  11:.\Timers.c    **** */
  12:.\Timers.c    **** #include <project.h>
  13:.\Timers.c    **** #include "GlobalDefinitions.h"
  14:.\Timers.c    **** 
  15:.\Timers.c    **** #include "SinkManager.h"
  16:.\Timers.c    **** #include "SinkObservables.h"
  17:.\Timers.c    **** #include "RFLink.h"
  18:.\Timers.c    **** 
  19:.\Timers.c    **** CY_ISR_PROTO(CounterIsr);
  20:.\Timers.c    **** CY_ISR_PROTO(DispenserStateIsr);
  21:.\Timers.c    **** 
  22:.\Timers.c    **** void InitTimers()
  23:.\Timers.c    **** {
  27              		.loc 1 23 0
  28              		.cfi_startproc
  29              		@ args = 0, pretend = 0, frame = 0
  30              		@ frame_needed = 1, uses_anonymous_args = 0
  31 0000 80B5     		push	{r7, lr}
  32              		.cfi_def_cfa_offset 8
  33              		.cfi_offset 7, -8
  34              		.cfi_offset 14, -4
ARM GAS  C:\Users\RECEPC~1\AppData\Local\Temp\cciOU4Er.s 			page 2


  35 0002 00AF     		add	r7, sp, #0
  36              		.cfi_def_cfa_register 7
  24:.\Timers.c    ****     Timer_Tick_Start();
  37              		.loc 1 24 0
  38 0004 FFF7FEFF 		bl	Timer_Tick_Start
  25:.\Timers.c    ****     Counter_ISR_StartEx(CounterIsr);
  39              		.loc 1 25 0
  40 0008 0448     		ldr	r0, .L2
  41 000a FFF7FEFF 		bl	Counter_ISR_StartEx
  26:.\Timers.c    ****     
  27:.\Timers.c    ****     Timer_DispenserState_Start();
  42              		.loc 1 27 0
  43 000e FFF7FEFF 		bl	Timer_DispenserState_Start
  28:.\Timers.c    ****     DispenserStateTimeout_ISR_StartEx(DispenserStateIsr);
  44              		.loc 1 28 0
  45 0012 0348     		ldr	r0, .L2+4
  46 0014 FFF7FEFF 		bl	DispenserStateTimeout_ISR_StartEx
  29:.\Timers.c    ****     
  30:.\Timers.c    **** }
  47              		.loc 1 30 0
  48 0018 80BD     		pop	{r7, pc}
  49              	.L3:
  50 001a 00BF     		.align	2
  51              	.L2:
  52 001c 00000000 		.word	CounterIsr
  53 0020 00000000 		.word	DispenserStateIsr
  54              		.cfi_endproc
  55              	.LFE63:
  56              		.size	InitTimers, .-InitTimers
  57              		.section	.text.CounterIsr,"ax",%progbits
  58              		.align	2
  59              		.global	CounterIsr
  60              		.thumb
  61              		.thumb_func
  62              		.type	CounterIsr, %function
  63              	CounterIsr:
  64              	.LFB64:
  31:.\Timers.c    **** 
  32:.\Timers.c    **** CY_ISR(CounterIsr)
  33:.\Timers.c    **** {
  65              		.loc 1 33 0
  66              		.cfi_startproc
  67              		@ args = 0, pretend = 0, frame = 8
  68              		@ frame_needed = 1, uses_anonymous_args = 0
  69 0000 80B5     		push	{r7, lr}
  70              		.cfi_def_cfa_offset 8
  71              		.cfi_offset 7, -8
  72              		.cfi_offset 14, -4
  73 0002 82B0     		sub	sp, sp, #8
  74              		.cfi_def_cfa_offset 16
  75 0004 00AF     		add	r7, sp, #0
  76              		.cfi_def_cfa_register 7
  34:.\Timers.c    ****     Timer_Tick_ReadStatusRegister();
  77              		.loc 1 34 0
  78 0006 FFF7FEFF 		bl	Timer_Tick_ReadStatusRegister
  35:.\Timers.c    ****     PSINKMESSAGEPTR psinkmsg = AllocateMessageSlotConditional(SINK_UPDATE_COUNTERS);
  79              		.loc 1 35 0
ARM GAS  C:\Users\RECEPC~1\AppData\Local\Temp\cciOU4Er.s 			page 3


  80 000a 0420     		movs	r0, #4
  81 000c FFF7FEFF 		bl	AllocateMessageSlotConditional
  82 0010 7860     		str	r0, [r7, #4]
  36:.\Timers.c    ****     if(psinkmsg)
  83              		.loc 1 36 0
  84 0012 7B68     		ldr	r3, [r7, #4]
  85 0014 002B     		cmp	r3, #0
  86 0016 08D0     		beq	.L5
  37:.\Timers.c    ****     {
  38:.\Timers.c    ****         psinkmsg->_messageid = SINK_UPDATE_COUNTERS;
  87              		.loc 1 38 0
  88 0018 7B68     		ldr	r3, [r7, #4]
  89 001a 0422     		movs	r2, #4
  90 001c 5A70     		strb	r2, [r3, #1]
  39:.\Timers.c    ****         psinkmsg->_messagetype = FIRSTFOUND;
  91              		.loc 1 39 0
  92 001e 7B68     		ldr	r3, [r7, #4]
  93 0020 0322     		movs	r2, #3
  94 0022 9A70     		strb	r2, [r3, #2]
  40:.\Timers.c    ****         psinkmsg->_messagestate = SINK_BUSY;
  95              		.loc 1 40 0
  96 0024 7B68     		ldr	r3, [r7, #4]
  97 0026 0322     		movs	r2, #3
  98 0028 DA70     		strb	r2, [r3, #3]
  99              	.L5:
  41:.\Timers.c    ****     } 
  42:.\Timers.c    ****     _g_rfrx._rftimeoutmultiplier++;
 100              		.loc 1 42 0
 101 002a 044B     		ldr	r3, .L6
 102 002c 5B68     		ldr	r3, [r3, #4]
 103 002e 0133     		adds	r3, r3, #1
 104 0030 024A     		ldr	r2, .L6
 105 0032 5360     		str	r3, [r2, #4]
  43:.\Timers.c    **** }
 106              		.loc 1 43 0
 107 0034 0837     		adds	r7, r7, #8
 108              		.cfi_def_cfa_offset 8
 109 0036 BD46     		mov	sp, r7
 110              		.cfi_def_cfa_register 13
 111              		@ sp needed
 112 0038 80BD     		pop	{r7, pc}
 113              	.L7:
 114 003a 00BF     		.align	2
 115              	.L6:
 116 003c 00000000 		.word	_g_rfrx
 117              		.cfi_endproc
 118              	.LFE64:
 119              		.size	CounterIsr, .-CounterIsr
 120              		.section	.text.DispenserStateIsr,"ax",%progbits
 121              		.align	2
 122              		.global	DispenserStateIsr
 123              		.thumb
 124              		.thumb_func
 125              		.type	DispenserStateIsr, %function
 126              	DispenserStateIsr:
 127              	.LFB65:
  44:.\Timers.c    **** 
ARM GAS  C:\Users\RECEPC~1\AppData\Local\Temp\cciOU4Er.s 			page 4


  45:.\Timers.c    **** CY_ISR(DispenserStateIsr)
  46:.\Timers.c    **** {
 128              		.loc 1 46 0
 129              		.cfi_startproc
 130              		@ args = 0, pretend = 0, frame = 8
 131              		@ frame_needed = 1, uses_anonymous_args = 0
 132 0000 80B5     		push	{r7, lr}
 133              		.cfi_def_cfa_offset 8
 134              		.cfi_offset 7, -8
 135              		.cfi_offset 14, -4
 136 0002 82B0     		sub	sp, sp, #8
 137              		.cfi_def_cfa_offset 16
 138 0004 00AF     		add	r7, sp, #0
 139              		.cfi_def_cfa_register 7
  47:.\Timers.c    ****     Timer_DispenserState_ReadStatusRegister();
 140              		.loc 1 47 0
 141 0006 FFF7FEFF 		bl	Timer_DispenserState_ReadStatusRegister
  48:.\Timers.c    ****     PSINKMESSAGEPTR psinkmsg = AllocateMessageSlotConditional(DISPENSER_UPDATE_PUMP_TRANSACTION_TIM
 142              		.loc 1 48 0
 143 000a 0720     		movs	r0, #7
 144 000c FFF7FEFF 		bl	AllocateMessageSlotConditional
 145 0010 7860     		str	r0, [r7, #4]
  49:.\Timers.c    ****     if(psinkmsg)
 146              		.loc 1 49 0
 147 0012 7B68     		ldr	r3, [r7, #4]
 148 0014 002B     		cmp	r3, #0
 149 0016 08D0     		beq	.L8
  50:.\Timers.c    ****     {
  51:.\Timers.c    ****         psinkmsg->_messageid = DISPENSER_UPDATE_PUMP_TRANSACTION_TIMEOUTS;
 150              		.loc 1 51 0
 151 0018 7B68     		ldr	r3, [r7, #4]
 152 001a 0722     		movs	r2, #7
 153 001c 5A70     		strb	r2, [r3, #1]
  52:.\Timers.c    ****         psinkmsg->_messagetype = FIRSTFOUND;
 154              		.loc 1 52 0
 155 001e 7B68     		ldr	r3, [r7, #4]
 156 0020 0322     		movs	r2, #3
 157 0022 9A70     		strb	r2, [r3, #2]
  53:.\Timers.c    ****         psinkmsg->_messagestate = SINK_BUSY;
 158              		.loc 1 53 0
 159 0024 7B68     		ldr	r3, [r7, #4]
 160 0026 0322     		movs	r2, #3
 161 0028 DA70     		strb	r2, [r3, #3]
 162              	.L8:
  54:.\Timers.c    ****     }
  55:.\Timers.c    **** }
 163              		.loc 1 55 0
 164 002a 0837     		adds	r7, r7, #8
 165              		.cfi_def_cfa_offset 8
 166 002c BD46     		mov	sp, r7
 167              		.cfi_def_cfa_register 13
 168              		@ sp needed
 169 002e 80BD     		pop	{r7, pc}
 170              		.cfi_endproc
 171              	.LFE65:
 172              		.size	DispenserStateIsr, .-DispenserStateIsr
 173              		.text
ARM GAS  C:\Users\RECEPC~1\AppData\Local\Temp\cciOU4Er.s 			page 5


 174              	.Letext0:
 175              		.file 2 "c:\\program files (x86)\\cypress\\psoc creator\\3.3\\psoc creator\\import\\gnu\\arm\\4.9.
 176              		.file 3 "c:\\program files (x86)\\cypress\\psoc creator\\3.3\\psoc creator\\import\\gnu\\arm\\4.9.
 177              		.file 4 "Generated_Source\\PSoC5/cytypes.h"
 178              		.file 5 ".\\SinkManager.h"
 179              		.file 6 ".\\SinkObservables.h"
 180              		.file 7 ".\\RFLink.h"
 181              		.file 8 "Generated_Source\\PSoC5/core_cm3.h"
 182              		.section	.debug_info,"",%progbits
 183              	.Ldebug_info0:
 184 0000 CE030000 		.4byte	0x3ce
 185 0004 0400     		.2byte	0x4
 186 0006 00000000 		.4byte	.Ldebug_abbrev0
 187 000a 04       		.byte	0x4
 188 000b 01       		.uleb128 0x1
 189 000c F1010000 		.4byte	.LASF98
 190 0010 01       		.byte	0x1
 191 0011 21070000 		.4byte	.LASF99
 192 0015 E3040000 		.4byte	.LASF100
 193 0019 00000000 		.4byte	.Ldebug_ranges0+0
 194 001d 00000000 		.4byte	0
 195 0021 00000000 		.4byte	.Ldebug_line0
 196 0025 02       		.uleb128 0x2
 197 0026 01       		.byte	0x1
 198 0027 06       		.byte	0x6
 199 0028 B0030000 		.4byte	.LASF0
 200 002c 02       		.uleb128 0x2
 201 002d 01       		.byte	0x1
 202 002e 08       		.byte	0x8
 203 002f 4E030000 		.4byte	.LASF1
 204 0033 02       		.uleb128 0x2
 205 0034 02       		.byte	0x2
 206 0035 05       		.byte	0x5
 207 0036 6E000000 		.4byte	.LASF2
 208 003a 02       		.uleb128 0x2
 209 003b 02       		.byte	0x2
 210 003c 07       		.byte	0x7
 211 003d 54040000 		.4byte	.LASF3
 212 0041 03       		.uleb128 0x3
 213 0042 3A060000 		.4byte	.LASF9
 214 0046 02       		.byte	0x2
 215 0047 3F       		.byte	0x3f
 216 0048 4C000000 		.4byte	0x4c
 217 004c 02       		.uleb128 0x2
 218 004d 04       		.byte	0x4
 219 004e 05       		.byte	0x5
 220 004f FE060000 		.4byte	.LASF4
 221 0053 02       		.uleb128 0x2
 222 0054 04       		.byte	0x4
 223 0055 07       		.byte	0x7
 224 0056 C5050000 		.4byte	.LASF5
 225 005a 02       		.uleb128 0x2
 226 005b 08       		.byte	0x8
 227 005c 05       		.byte	0x5
 228 005d C3010000 		.4byte	.LASF6
 229 0061 02       		.uleb128 0x2
 230 0062 08       		.byte	0x8
ARM GAS  C:\Users\RECEPC~1\AppData\Local\Temp\cciOU4Er.s 			page 6


 231 0063 07       		.byte	0x7
 232 0064 C4030000 		.4byte	.LASF7
 233 0068 04       		.uleb128 0x4
 234 0069 04       		.byte	0x4
 235 006a 05       		.byte	0x5
 236 006b 696E7400 		.ascii	"int\000"
 237 006f 02       		.uleb128 0x2
 238 0070 04       		.byte	0x4
 239 0071 07       		.byte	0x7
 240 0072 E9030000 		.4byte	.LASF8
 241 0076 03       		.uleb128 0x3
 242 0077 BC030000 		.4byte	.LASF10
 243 007b 03       		.byte	0x3
 244 007c 2C       		.byte	0x2c
 245 007d 41000000 		.4byte	0x41
 246 0081 05       		.uleb128 0x5
 247 0082 59010000 		.4byte	.LASF11
 248 0086 04       		.byte	0x4
 249 0087 3801     		.2byte	0x138
 250 0089 2C000000 		.4byte	0x2c
 251 008d 05       		.uleb128 0x5
 252 008e 15010000 		.4byte	.LASF12
 253 0092 04       		.byte	0x4
 254 0093 3901     		.2byte	0x139
 255 0095 3A000000 		.4byte	0x3a
 256 0099 05       		.uleb128 0x5
 257 009a AC050000 		.4byte	.LASF13
 258 009e 04       		.byte	0x4
 259 009f 3A01     		.2byte	0x13a
 260 00a1 53000000 		.4byte	0x53
 261 00a5 02       		.uleb128 0x2
 262 00a6 04       		.byte	0x4
 263 00a7 04       		.byte	0x4
 264 00a8 BD010000 		.4byte	.LASF14
 265 00ac 02       		.uleb128 0x2
 266 00ad 08       		.byte	0x8
 267 00ae 04       		.byte	0x4
 268 00af BE060000 		.4byte	.LASF15
 269 00b3 05       		.uleb128 0x5
 270 00b4 89000000 		.4byte	.LASF16
 271 00b8 04       		.byte	0x4
 272 00b9 4901     		.2byte	0x149
 273 00bb BF000000 		.4byte	0xbf
 274 00bf 02       		.uleb128 0x2
 275 00c0 01       		.byte	0x1
 276 00c1 08       		.byte	0x8
 277 00c2 74040000 		.4byte	.LASF17
 278 00c6 06       		.uleb128 0x6
 279 00c7 81000000 		.4byte	0x81
 280 00cb 06       		.uleb128 0x6
 281 00cc 8D000000 		.4byte	0x8d
 282 00d0 06       		.uleb128 0x6
 283 00d1 99000000 		.4byte	0x99
 284 00d5 02       		.uleb128 0x2
 285 00d6 04       		.byte	0x4
 286 00d7 07       		.byte	0x7
 287 00d8 80000000 		.4byte	.LASF18
ARM GAS  C:\Users\RECEPC~1\AppData\Local\Temp\cciOU4Er.s 			page 7


 288 00dc 07       		.uleb128 0x7
 289 00dd 04       		.byte	0x4
 290 00de 02       		.uleb128 0x2
 291 00df 08       		.byte	0x8
 292 00e0 04       		.byte	0x4
 293 00e1 42030000 		.4byte	.LASF19
 294 00e5 08       		.uleb128 0x8
 295 00e6 2D040000 		.4byte	.LASF28
 296 00ea 01       		.byte	0x1
 297 00eb 05       		.byte	0x5
 298 00ec 3D       		.byte	0x3d
 299 00ed 22010000 		.4byte	0x122
 300 00f1 09       		.uleb128 0x9
 301 00f2 50060000 		.4byte	.LASF20
 302 00f6 01       		.sleb128 1
 303 00f7 09       		.uleb128 0x9
 304 00f8 78010000 		.4byte	.LASF21
 305 00fc 02       		.sleb128 2
 306 00fd 09       		.uleb128 0x9
 307 00fe A5060000 		.4byte	.LASF22
 308 0102 03       		.sleb128 3
 309 0103 09       		.uleb128 0x9
 310 0104 C5060000 		.4byte	.LASF23
 311 0108 04       		.sleb128 4
 312 0109 09       		.uleb128 0x9
 313 010a 97050000 		.4byte	.LASF24
 314 010e 05       		.sleb128 5
 315 010f 09       		.uleb128 0x9
 316 0110 5A070000 		.4byte	.LASF25
 317 0114 06       		.sleb128 6
 318 0115 09       		.uleb128 0x9
 319 0116 5C030000 		.4byte	.LASF26
 320 011a 07       		.sleb128 7
 321 011b 09       		.uleb128 0x9
 322 011c F3020000 		.4byte	.LASF27
 323 0120 08       		.sleb128 8
 324 0121 00       		.byte	0
 325 0122 08       		.uleb128 0x8
 326 0123 D7050000 		.4byte	.LASF29
 327 0127 01       		.byte	0x1
 328 0128 05       		.byte	0x5
 329 0129 4A       		.byte	0x4a
 330 012a 41010000 		.4byte	0x141
 331 012e 09       		.uleb128 0x9
 332 012f A9000000 		.4byte	.LASF30
 333 0133 01       		.sleb128 1
 334 0134 09       		.uleb128 0x9
 335 0135 21000000 		.4byte	.LASF31
 336 0139 02       		.sleb128 2
 337 013a 09       		.uleb128 0x9
 338 013b 3C040000 		.4byte	.LASF32
 339 013f 03       		.sleb128 3
 340 0140 00       		.byte	0
 341 0141 0A       		.uleb128 0xa
 342 0142 E7050000 		.4byte	.LASF101
 343 0146 9801     		.2byte	0x198
 344 0148 05       		.byte	0x5
ARM GAS  C:\Users\RECEPC~1\AppData\Local\Temp\cciOU4Er.s 			page 8


 345 0149 51       		.byte	0x51
 346 014a E2010000 		.4byte	0x1e2
 347 014e 0B       		.uleb128 0xb
 348 014f 82050000 		.4byte	.LASF33
 349 0153 05       		.byte	0x5
 350 0154 53       		.byte	0x53
 351 0155 E2010000 		.4byte	0x1e2
 352 0159 00       		.byte	0
 353 015a 0B       		.uleb128 0xb
 354 015b 07040000 		.4byte	.LASF34
 355 015f 05       		.byte	0x5
 356 0160 54       		.byte	0x54
 357 0161 C6000000 		.4byte	0xc6
 358 0165 01       		.byte	0x1
 359 0166 0B       		.uleb128 0xb
 360 0167 14070000 		.4byte	.LASF35
 361 016b 05       		.byte	0x5
 362 016c 55       		.byte	0x55
 363 016d C6000000 		.4byte	0xc6
 364 0171 02       		.byte	0x2
 365 0172 0B       		.uleb128 0xb
 366 0173 D1010000 		.4byte	.LASF36
 367 0177 05       		.byte	0x5
 368 0178 56       		.byte	0x56
 369 0179 C6000000 		.4byte	0xc6
 370 017d 03       		.byte	0x3
 371 017e 0B       		.uleb128 0xb
 372 017f 46040000 		.4byte	.LASF37
 373 0183 05       		.byte	0x5
 374 0184 58       		.byte	0x58
 375 0185 CB000000 		.4byte	0xcb
 376 0189 04       		.byte	0x4
 377 018a 0B       		.uleb128 0xb
 378 018b 1C010000 		.4byte	.LASF38
 379 018f 05       		.byte	0x5
 380 0190 59       		.byte	0x59
 381 0191 CB000000 		.4byte	0xcb
 382 0195 06       		.byte	0x6
 383 0196 0B       		.uleb128 0xb
 384 0197 8F000000 		.4byte	.LASF39
 385 019b 05       		.byte	0x5
 386 019c 5A       		.byte	0x5a
 387 019d CB000000 		.4byte	0xcb
 388 01a1 08       		.byte	0x8
 389 01a2 0B       		.uleb128 0xb
 390 01a3 9B030000 		.4byte	.LASF40
 391 01a7 05       		.byte	0x5
 392 01a8 5B       		.byte	0x5b
 393 01a9 CB000000 		.4byte	0xcb
 394 01ad 0A       		.byte	0xa
 395 01ae 0B       		.uleb128 0xb
 396 01af 3A030000 		.4byte	.LASF41
 397 01b3 05       		.byte	0x5
 398 01b4 5C       		.byte	0x5c
 399 01b5 EE010000 		.4byte	0x1ee
 400 01b9 0C       		.byte	0xc
 401 01ba 0C       		.uleb128 0xc
ARM GAS  C:\Users\RECEPC~1\AppData\Local\Temp\cciOU4Er.s 			page 9


 402 01bb 44060000 		.4byte	.LASF42
 403 01bf 05       		.byte	0x5
 404 01c0 5D       		.byte	0x5d
 405 01c1 CB000000 		.4byte	0xcb
 406 01c5 8C01     		.2byte	0x18c
 407 01c7 0C       		.uleb128 0xc
 408 01c8 AF070000 		.4byte	.LASF43
 409 01cc 05       		.byte	0x5
 410 01cd 60       		.byte	0x60
 411 01ce DC000000 		.4byte	0xdc
 412 01d2 9001     		.2byte	0x190
 413 01d4 0C       		.uleb128 0xc
 414 01d5 A6070000 		.4byte	.LASF44
 415 01d9 05       		.byte	0x5
 416 01da 61       		.byte	0x61
 417 01db 0A020000 		.4byte	0x20a
 418 01df 9401     		.2byte	0x194
 419 01e1 00       		.byte	0
 420 01e2 06       		.uleb128 0x6
 421 01e3 E7010000 		.4byte	0x1e7
 422 01e7 02       		.uleb128 0x2
 423 01e8 01       		.byte	0x1
 424 01e9 02       		.byte	0x2
 425 01ea 42050000 		.4byte	.LASF45
 426 01ee 0D       		.uleb128 0xd
 427 01ef B3000000 		.4byte	0xb3
 428 01f3 FF010000 		.4byte	0x1ff
 429 01f7 0E       		.uleb128 0xe
 430 01f8 D5000000 		.4byte	0xd5
 431 01fc 7F01     		.2byte	0x17f
 432 01fe 00       		.byte	0
 433 01ff 0F       		.uleb128 0xf
 434 0200 0A020000 		.4byte	0x20a
 435 0204 10       		.uleb128 0x10
 436 0205 DC000000 		.4byte	0xdc
 437 0209 00       		.byte	0
 438 020a 11       		.uleb128 0x11
 439 020b 04       		.byte	0x4
 440 020c FF010000 		.4byte	0x1ff
 441 0210 03       		.uleb128 0x3
 442 0211 AD010000 		.4byte	.LASF46
 443 0215 05       		.byte	0x5
 444 0216 62       		.byte	0x62
 445 0217 1B020000 		.4byte	0x21b
 446 021b 11       		.uleb128 0x11
 447 021c 04       		.byte	0x4
 448 021d 41010000 		.4byte	0x141
 449 0221 08       		.uleb128 0x8
 450 0222 6D030000 		.4byte	.LASF47
 451 0226 01       		.byte	0x1
 452 0227 06       		.byte	0x6
 453 0228 0F       		.byte	0xf
 454 0229 24030000 		.4byte	0x324
 455 022d 09       		.uleb128 0x9
 456 022e B3050000 		.4byte	.LASF48
 457 0232 01       		.sleb128 1
 458 0233 09       		.uleb128 0x9
ARM GAS  C:\Users\RECEPC~1\AppData\Local\Temp\cciOU4Er.s 			page 10


 459 0234 67040000 		.4byte	.LASF49
 460 0238 02       		.sleb128 2
 461 0239 09       		.uleb128 0x9
 462 023a 2C070000 		.4byte	.LASF50
 463 023e 03       		.sleb128 3
 464 023f 09       		.uleb128 0x9
 465 0240 AC040000 		.4byte	.LASF51
 466 0244 04       		.sleb128 4
 467 0245 09       		.uleb128 0x9
 468 0246 E0020000 		.4byte	.LASF52
 469 024a 05       		.sleb128 5
 470 024b 09       		.uleb128 0x9
 471 024c 91060000 		.4byte	.LASF53
 472 0250 06       		.sleb128 6
 473 0251 09       		.uleb128 0x9
 474 0252 D3060000 		.4byte	.LASF54
 475 0256 07       		.sleb128 7
 476 0257 09       		.uleb128 0x9
 477 0258 7F020000 		.4byte	.LASF55
 478 025c 08       		.sleb128 8
 479 025d 09       		.uleb128 0x9
 480 025e 3D010000 		.4byte	.LASF56
 481 0262 09       		.sleb128 9
 482 0263 09       		.uleb128 0x9
 483 0264 F2000000 		.4byte	.LASF57
 484 0268 0A       		.sleb128 10
 485 0269 09       		.uleb128 0x9
 486 026a 55060000 		.4byte	.LASF58
 487 026e 0B       		.sleb128 11
 488 026f 09       		.uleb128 0x9
 489 0270 12040000 		.4byte	.LASF59
 490 0274 0C       		.sleb128 12
 491 0275 09       		.uleb128 0x9
 492 0276 82040000 		.4byte	.LASF60
 493 027a 0D       		.sleb128 13
 494 027b 09       		.uleb128 0x9
 495 027c C1040000 		.4byte	.LASF61
 496 0280 0E       		.sleb128 14
 497 0281 09       		.uleb128 0x9
 498 0282 56050000 		.4byte	.LASF62
 499 0286 0F       		.sleb128 15
 500 0287 09       		.uleb128 0x9
 501 0288 80030000 		.4byte	.LASF63
 502 028c 10       		.sleb128 16
 503 028d 09       		.uleb128 0x9
 504 028e 08030000 		.4byte	.LASF64
 505 0292 11       		.sleb128 17
 506 0293 09       		.uleb128 0x9
 507 0294 85070000 		.4byte	.LASF65
 508 0298 12       		.sleb128 18
 509 0299 09       		.uleb128 0x9
 510 029a B3000000 		.4byte	.LASF66
 511 029e 13       		.sleb128 19
 512 029f 09       		.uleb128 0x9
 513 02a0 7A060000 		.4byte	.LASF67
 514 02a4 14       		.sleb128 20
 515 02a5 09       		.uleb128 0x9
ARM GAS  C:\Users\RECEPC~1\AppData\Local\Temp\cciOU4Er.s 			page 11


 516 02a6 10060000 		.4byte	.LASF68
 517 02aa 15       		.sleb128 21
 518 02ab 09       		.uleb128 0x9
 519 02ac 43000000 		.4byte	.LASF69
 520 02b0 16       		.sleb128 22
 521 02b1 09       		.uleb128 0x9
 522 02b2 BC020000 		.4byte	.LASF70
 523 02b6 17       		.sleb128 23
 524 02b7 09       		.uleb128 0x9
 525 02b8 DB030000 		.4byte	.LASF71
 526 02bc 18       		.sleb128 24
 527 02bd 09       		.uleb128 0x9
 528 02be B0060000 		.4byte	.LASF72
 529 02c2 19       		.sleb128 25
 530 02c3 09       		.uleb128 0x9
 531 02c4 DD000000 		.4byte	.LASF73
 532 02c8 1A       		.sleb128 26
 533 02c9 09       		.uleb128 0x9
 534 02ca 98010000 		.4byte	.LASF74
 535 02ce 1B       		.sleb128 27
 536 02cf 09       		.uleb128 0x9
 537 02d0 F6050000 		.4byte	.LASF75
 538 02d4 1C       		.sleb128 28
 539 02d5 09       		.uleb128 0x9
 540 02d6 30000000 		.4byte	.LASF76
 541 02da 1D       		.sleb128 29
 542 02db 09       		.uleb128 0x9
 543 02dc CC000000 		.4byte	.LASF77
 544 02e0 1E       		.sleb128 30
 545 02e1 09       		.uleb128 0x9
 546 02e2 5F010000 		.4byte	.LASF78
 547 02e6 1F       		.sleb128 31
 548 02e7 09       		.uleb128 0x9
 549 02e8 CA020000 		.4byte	.LASF79
 550 02ec 20       		.sleb128 32
 551 02ed 09       		.uleb128 0x9
 552 02ee 47070000 		.4byte	.LASF80
 553 02f2 21       		.sleb128 33
 554 02f3 09       		.uleb128 0x9
 555 02f4 2C010000 		.4byte	.LASF81
 556 02f8 22       		.sleb128 34
 557 02f9 09       		.uleb128 0x9
 558 02fa 21030000 		.4byte	.LASF82
 559 02fe 23       		.sleb128 35
 560 02ff 09       		.uleb128 0x9
 561 0300 82010000 		.4byte	.LASF83
 562 0304 24       		.sleb128 36
 563 0305 09       		.uleb128 0x9
 564 0306 48050000 		.4byte	.LASF84
 565 030a 25       		.sleb128 37
 566 030b 09       		.uleb128 0x9
 567 030c 2C060000 		.4byte	.LASF85
 568 0310 26       		.sleb128 38
 569 0311 09       		.uleb128 0x9
 570 0312 6C070000 		.4byte	.LASF86
 571 0316 27       		.sleb128 39
 572 0317 09       		.uleb128 0x9
ARM GAS  C:\Users\RECEPC~1\AppData\Local\Temp\cciOU4Er.s 			page 12


 573 0318 51000000 		.4byte	.LASF87
 574 031c 28       		.sleb128 40
 575 031d 09       		.uleb128 0x9
 576 031e F6030000 		.4byte	.LASF88
 577 0322 29       		.sleb128 41
 578 0323 00       		.byte	0
 579 0324 12       		.uleb128 0x12
 580 0325 0C       		.byte	0xc
 581 0326 07       		.byte	0x7
 582 0327 A3       		.byte	0xa3
 583 0328 51030000 		.4byte	0x351
 584 032c 0B       		.uleb128 0xb
 585 032d A1040000 		.4byte	.LASF89
 586 0331 07       		.byte	0x7
 587 0332 A5       		.byte	0xa5
 588 0333 CB000000 		.4byte	0xcb
 589 0337 00       		.byte	0
 590 0338 0B       		.uleb128 0xb
 591 0339 A7020000 		.4byte	.LASF90
 592 033d 07       		.byte	0x7
 593 033e A6       		.byte	0xa6
 594 033f D0000000 		.4byte	0xd0
 595 0343 04       		.byte	0x4
 596 0344 0B       		.uleb128 0xb
 597 0345 0D000000 		.4byte	.LASF91
 598 0349 07       		.byte	0x7
 599 034a A7       		.byte	0xa7
 600 034b D0000000 		.4byte	0xd0
 601 034f 08       		.byte	0x8
 602 0350 00       		.byte	0
 603 0351 03       		.uleb128 0x3
 604 0352 00000000 		.4byte	.LASF92
 605 0356 07       		.byte	0x7
 606 0357 A9       		.byte	0xa9
 607 0358 24030000 		.4byte	0x324
 608 035c 13       		.uleb128 0x13
 609 035d 8C050000 		.4byte	.LASF102
 610 0361 01       		.byte	0x1
 611 0362 16       		.byte	0x16
 612 0363 00000000 		.4byte	.LFB63
 613 0367 24000000 		.4byte	.LFE63-.LFB63
 614 036b 01       		.uleb128 0x1
 615 036c 9C       		.byte	0x9c
 616 036d 14       		.uleb128 0x14
 617 036e 9C020000 		.4byte	.LASF93
 618 0372 01       		.byte	0x1
 619 0373 20       		.byte	0x20
 620 0374 00000000 		.4byte	.LFB64
 621 0378 40000000 		.4byte	.LFE64-.LFB64
 622 037c 01       		.uleb128 0x1
 623 037d 9C       		.byte	0x9c
 624 037e 91030000 		.4byte	0x391
 625 0382 15       		.uleb128 0x15
 626 0383 79040000 		.4byte	.LASF95
 627 0387 01       		.byte	0x1
 628 0388 23       		.byte	0x23
 629 0389 10020000 		.4byte	0x210
ARM GAS  C:\Users\RECEPC~1\AppData\Local\Temp\cciOU4Er.s 			page 13


 630 038d 02       		.uleb128 0x2
 631 038e 91       		.byte	0x91
 632 038f 74       		.sleb128 -12
 633 0390 00       		.byte	0
 634 0391 14       		.uleb128 0x14
 635 0392 DF010000 		.4byte	.LASF94
 636 0396 01       		.byte	0x1
 637 0397 2D       		.byte	0x2d
 638 0398 00000000 		.4byte	.LFB65
 639 039c 30000000 		.4byte	.LFE65-.LFB65
 640 03a0 01       		.uleb128 0x1
 641 03a1 9C       		.byte	0x9c
 642 03a2 B5030000 		.4byte	0x3b5
 643 03a6 15       		.uleb128 0x15
 644 03a7 79040000 		.4byte	.LASF95
 645 03ab 01       		.byte	0x1
 646 03ac 30       		.byte	0x30
 647 03ad 10020000 		.4byte	0x210
 648 03b1 02       		.uleb128 0x2
 649 03b2 91       		.byte	0x91
 650 03b3 74       		.sleb128 -12
 651 03b4 00       		.byte	0
 652 03b5 16       		.uleb128 0x16
 653 03b6 07070000 		.4byte	.LASF96
 654 03ba 08       		.byte	0x8
 655 03bb 5506     		.2byte	0x655
 656 03bd C1030000 		.4byte	0x3c1
 657 03c1 06       		.uleb128 0x6
 658 03c2 76000000 		.4byte	0x76
 659 03c6 17       		.uleb128 0x17
 660 03c7 78000000 		.4byte	.LASF97
 661 03cb 07       		.byte	0x7
 662 03cc C8       		.byte	0xc8
 663 03cd 51030000 		.4byte	0x351
 664 03d1 00       		.byte	0
 665              		.section	.debug_abbrev,"",%progbits
 666              	.Ldebug_abbrev0:
 667 0000 01       		.uleb128 0x1
 668 0001 11       		.uleb128 0x11
 669 0002 01       		.byte	0x1
 670 0003 25       		.uleb128 0x25
 671 0004 0E       		.uleb128 0xe
 672 0005 13       		.uleb128 0x13
 673 0006 0B       		.uleb128 0xb
 674 0007 03       		.uleb128 0x3
 675 0008 0E       		.uleb128 0xe
 676 0009 1B       		.uleb128 0x1b
 677 000a 0E       		.uleb128 0xe
 678 000b 55       		.uleb128 0x55
 679 000c 17       		.uleb128 0x17
 680 000d 11       		.uleb128 0x11
 681 000e 01       		.uleb128 0x1
 682 000f 10       		.uleb128 0x10
 683 0010 17       		.uleb128 0x17
 684 0011 00       		.byte	0
 685 0012 00       		.byte	0
 686 0013 02       		.uleb128 0x2
ARM GAS  C:\Users\RECEPC~1\AppData\Local\Temp\cciOU4Er.s 			page 14


 687 0014 24       		.uleb128 0x24
 688 0015 00       		.byte	0
 689 0016 0B       		.uleb128 0xb
 690 0017 0B       		.uleb128 0xb
 691 0018 3E       		.uleb128 0x3e
 692 0019 0B       		.uleb128 0xb
 693 001a 03       		.uleb128 0x3
 694 001b 0E       		.uleb128 0xe
 695 001c 00       		.byte	0
 696 001d 00       		.byte	0
 697 001e 03       		.uleb128 0x3
 698 001f 16       		.uleb128 0x16
 699 0020 00       		.byte	0
 700 0021 03       		.uleb128 0x3
 701 0022 0E       		.uleb128 0xe
 702 0023 3A       		.uleb128 0x3a
 703 0024 0B       		.uleb128 0xb
 704 0025 3B       		.uleb128 0x3b
 705 0026 0B       		.uleb128 0xb
 706 0027 49       		.uleb128 0x49
 707 0028 13       		.uleb128 0x13
 708 0029 00       		.byte	0
 709 002a 00       		.byte	0
 710 002b 04       		.uleb128 0x4
 711 002c 24       		.uleb128 0x24
 712 002d 00       		.byte	0
 713 002e 0B       		.uleb128 0xb
 714 002f 0B       		.uleb128 0xb
 715 0030 3E       		.uleb128 0x3e
 716 0031 0B       		.uleb128 0xb
 717 0032 03       		.uleb128 0x3
 718 0033 08       		.uleb128 0x8
 719 0034 00       		.byte	0
 720 0035 00       		.byte	0
 721 0036 05       		.uleb128 0x5
 722 0037 16       		.uleb128 0x16
 723 0038 00       		.byte	0
 724 0039 03       		.uleb128 0x3
 725 003a 0E       		.uleb128 0xe
 726 003b 3A       		.uleb128 0x3a
 727 003c 0B       		.uleb128 0xb
 728 003d 3B       		.uleb128 0x3b
 729 003e 05       		.uleb128 0x5
 730 003f 49       		.uleb128 0x49
 731 0040 13       		.uleb128 0x13
 732 0041 00       		.byte	0
 733 0042 00       		.byte	0
 734 0043 06       		.uleb128 0x6
 735 0044 35       		.uleb128 0x35
 736 0045 00       		.byte	0
 737 0046 49       		.uleb128 0x49
 738 0047 13       		.uleb128 0x13
 739 0048 00       		.byte	0
 740 0049 00       		.byte	0
 741 004a 07       		.uleb128 0x7
 742 004b 0F       		.uleb128 0xf
 743 004c 00       		.byte	0
ARM GAS  C:\Users\RECEPC~1\AppData\Local\Temp\cciOU4Er.s 			page 15


 744 004d 0B       		.uleb128 0xb
 745 004e 0B       		.uleb128 0xb
 746 004f 00       		.byte	0
 747 0050 00       		.byte	0
 748 0051 08       		.uleb128 0x8
 749 0052 04       		.uleb128 0x4
 750 0053 01       		.byte	0x1
 751 0054 03       		.uleb128 0x3
 752 0055 0E       		.uleb128 0xe
 753 0056 0B       		.uleb128 0xb
 754 0057 0B       		.uleb128 0xb
 755 0058 3A       		.uleb128 0x3a
 756 0059 0B       		.uleb128 0xb
 757 005a 3B       		.uleb128 0x3b
 758 005b 0B       		.uleb128 0xb
 759 005c 01       		.uleb128 0x1
 760 005d 13       		.uleb128 0x13
 761 005e 00       		.byte	0
 762 005f 00       		.byte	0
 763 0060 09       		.uleb128 0x9
 764 0061 28       		.uleb128 0x28
 765 0062 00       		.byte	0
 766 0063 03       		.uleb128 0x3
 767 0064 0E       		.uleb128 0xe
 768 0065 1C       		.uleb128 0x1c
 769 0066 0D       		.uleb128 0xd
 770 0067 00       		.byte	0
 771 0068 00       		.byte	0
 772 0069 0A       		.uleb128 0xa
 773 006a 13       		.uleb128 0x13
 774 006b 01       		.byte	0x1
 775 006c 03       		.uleb128 0x3
 776 006d 0E       		.uleb128 0xe
 777 006e 0B       		.uleb128 0xb
 778 006f 05       		.uleb128 0x5
 779 0070 3A       		.uleb128 0x3a
 780 0071 0B       		.uleb128 0xb
 781 0072 3B       		.uleb128 0x3b
 782 0073 0B       		.uleb128 0xb
 783 0074 01       		.uleb128 0x1
 784 0075 13       		.uleb128 0x13
 785 0076 00       		.byte	0
 786 0077 00       		.byte	0
 787 0078 0B       		.uleb128 0xb
 788 0079 0D       		.uleb128 0xd
 789 007a 00       		.byte	0
 790 007b 03       		.uleb128 0x3
 791 007c 0E       		.uleb128 0xe
 792 007d 3A       		.uleb128 0x3a
 793 007e 0B       		.uleb128 0xb
 794 007f 3B       		.uleb128 0x3b
 795 0080 0B       		.uleb128 0xb
 796 0081 49       		.uleb128 0x49
 797 0082 13       		.uleb128 0x13
 798 0083 38       		.uleb128 0x38
 799 0084 0B       		.uleb128 0xb
 800 0085 00       		.byte	0
ARM GAS  C:\Users\RECEPC~1\AppData\Local\Temp\cciOU4Er.s 			page 16


 801 0086 00       		.byte	0
 802 0087 0C       		.uleb128 0xc
 803 0088 0D       		.uleb128 0xd
 804 0089 00       		.byte	0
 805 008a 03       		.uleb128 0x3
 806 008b 0E       		.uleb128 0xe
 807 008c 3A       		.uleb128 0x3a
 808 008d 0B       		.uleb128 0xb
 809 008e 3B       		.uleb128 0x3b
 810 008f 0B       		.uleb128 0xb
 811 0090 49       		.uleb128 0x49
 812 0091 13       		.uleb128 0x13
 813 0092 38       		.uleb128 0x38
 814 0093 05       		.uleb128 0x5
 815 0094 00       		.byte	0
 816 0095 00       		.byte	0
 817 0096 0D       		.uleb128 0xd
 818 0097 01       		.uleb128 0x1
 819 0098 01       		.byte	0x1
 820 0099 49       		.uleb128 0x49
 821 009a 13       		.uleb128 0x13
 822 009b 01       		.uleb128 0x1
 823 009c 13       		.uleb128 0x13
 824 009d 00       		.byte	0
 825 009e 00       		.byte	0
 826 009f 0E       		.uleb128 0xe
 827 00a0 21       		.uleb128 0x21
 828 00a1 00       		.byte	0
 829 00a2 49       		.uleb128 0x49
 830 00a3 13       		.uleb128 0x13
 831 00a4 2F       		.uleb128 0x2f
 832 00a5 05       		.uleb128 0x5
 833 00a6 00       		.byte	0
 834 00a7 00       		.byte	0
 835 00a8 0F       		.uleb128 0xf
 836 00a9 15       		.uleb128 0x15
 837 00aa 01       		.byte	0x1
 838 00ab 27       		.uleb128 0x27
 839 00ac 19       		.uleb128 0x19
 840 00ad 01       		.uleb128 0x1
 841 00ae 13       		.uleb128 0x13
 842 00af 00       		.byte	0
 843 00b0 00       		.byte	0
 844 00b1 10       		.uleb128 0x10
 845 00b2 05       		.uleb128 0x5
 846 00b3 00       		.byte	0
 847 00b4 49       		.uleb128 0x49
 848 00b5 13       		.uleb128 0x13
 849 00b6 00       		.byte	0
 850 00b7 00       		.byte	0
 851 00b8 11       		.uleb128 0x11
 852 00b9 0F       		.uleb128 0xf
 853 00ba 00       		.byte	0
 854 00bb 0B       		.uleb128 0xb
 855 00bc 0B       		.uleb128 0xb
 856 00bd 49       		.uleb128 0x49
 857 00be 13       		.uleb128 0x13
ARM GAS  C:\Users\RECEPC~1\AppData\Local\Temp\cciOU4Er.s 			page 17


 858 00bf 00       		.byte	0
 859 00c0 00       		.byte	0
 860 00c1 12       		.uleb128 0x12
 861 00c2 13       		.uleb128 0x13
 862 00c3 01       		.byte	0x1
 863 00c4 0B       		.uleb128 0xb
 864 00c5 0B       		.uleb128 0xb
 865 00c6 3A       		.uleb128 0x3a
 866 00c7 0B       		.uleb128 0xb
 867 00c8 3B       		.uleb128 0x3b
 868 00c9 0B       		.uleb128 0xb
 869 00ca 01       		.uleb128 0x1
 870 00cb 13       		.uleb128 0x13
 871 00cc 00       		.byte	0
 872 00cd 00       		.byte	0
 873 00ce 13       		.uleb128 0x13
 874 00cf 2E       		.uleb128 0x2e
 875 00d0 00       		.byte	0
 876 00d1 3F       		.uleb128 0x3f
 877 00d2 19       		.uleb128 0x19
 878 00d3 03       		.uleb128 0x3
 879 00d4 0E       		.uleb128 0xe
 880 00d5 3A       		.uleb128 0x3a
 881 00d6 0B       		.uleb128 0xb
 882 00d7 3B       		.uleb128 0x3b
 883 00d8 0B       		.uleb128 0xb
 884 00d9 11       		.uleb128 0x11
 885 00da 01       		.uleb128 0x1
 886 00db 12       		.uleb128 0x12
 887 00dc 06       		.uleb128 0x6
 888 00dd 40       		.uleb128 0x40
 889 00de 18       		.uleb128 0x18
 890 00df 9642     		.uleb128 0x2116
 891 00e1 19       		.uleb128 0x19
 892 00e2 00       		.byte	0
 893 00e3 00       		.byte	0
 894 00e4 14       		.uleb128 0x14
 895 00e5 2E       		.uleb128 0x2e
 896 00e6 01       		.byte	0x1
 897 00e7 3F       		.uleb128 0x3f
 898 00e8 19       		.uleb128 0x19
 899 00e9 03       		.uleb128 0x3
 900 00ea 0E       		.uleb128 0xe
 901 00eb 3A       		.uleb128 0x3a
 902 00ec 0B       		.uleb128 0xb
 903 00ed 3B       		.uleb128 0x3b
 904 00ee 0B       		.uleb128 0xb
 905 00ef 27       		.uleb128 0x27
 906 00f0 19       		.uleb128 0x19
 907 00f1 11       		.uleb128 0x11
 908 00f2 01       		.uleb128 0x1
 909 00f3 12       		.uleb128 0x12
 910 00f4 06       		.uleb128 0x6
 911 00f5 40       		.uleb128 0x40
 912 00f6 18       		.uleb128 0x18
 913 00f7 9642     		.uleb128 0x2116
 914 00f9 19       		.uleb128 0x19
ARM GAS  C:\Users\RECEPC~1\AppData\Local\Temp\cciOU4Er.s 			page 18


 915 00fa 01       		.uleb128 0x1
 916 00fb 13       		.uleb128 0x13
 917 00fc 00       		.byte	0
 918 00fd 00       		.byte	0
 919 00fe 15       		.uleb128 0x15
 920 00ff 34       		.uleb128 0x34
 921 0100 00       		.byte	0
 922 0101 03       		.uleb128 0x3
 923 0102 0E       		.uleb128 0xe
 924 0103 3A       		.uleb128 0x3a
 925 0104 0B       		.uleb128 0xb
 926 0105 3B       		.uleb128 0x3b
 927 0106 0B       		.uleb128 0xb
 928 0107 49       		.uleb128 0x49
 929 0108 13       		.uleb128 0x13
 930 0109 02       		.uleb128 0x2
 931 010a 18       		.uleb128 0x18
 932 010b 00       		.byte	0
 933 010c 00       		.byte	0
 934 010d 16       		.uleb128 0x16
 935 010e 34       		.uleb128 0x34
 936 010f 00       		.byte	0
 937 0110 03       		.uleb128 0x3
 938 0111 0E       		.uleb128 0xe
 939 0112 3A       		.uleb128 0x3a
 940 0113 0B       		.uleb128 0xb
 941 0114 3B       		.uleb128 0x3b
 942 0115 05       		.uleb128 0x5
 943 0116 49       		.uleb128 0x49
 944 0117 13       		.uleb128 0x13
 945 0118 3F       		.uleb128 0x3f
 946 0119 19       		.uleb128 0x19
 947 011a 3C       		.uleb128 0x3c
 948 011b 19       		.uleb128 0x19
 949 011c 00       		.byte	0
 950 011d 00       		.byte	0
 951 011e 17       		.uleb128 0x17
 952 011f 34       		.uleb128 0x34
 953 0120 00       		.byte	0
 954 0121 03       		.uleb128 0x3
 955 0122 0E       		.uleb128 0xe
 956 0123 3A       		.uleb128 0x3a
 957 0124 0B       		.uleb128 0xb
 958 0125 3B       		.uleb128 0x3b
 959 0126 0B       		.uleb128 0xb
 960 0127 49       		.uleb128 0x49
 961 0128 13       		.uleb128 0x13
 962 0129 3F       		.uleb128 0x3f
 963 012a 19       		.uleb128 0x19
 964 012b 3C       		.uleb128 0x3c
 965 012c 19       		.uleb128 0x19
 966 012d 00       		.byte	0
 967 012e 00       		.byte	0
 968 012f 00       		.byte	0
 969              		.section	.debug_aranges,"",%progbits
 970 0000 2C000000 		.4byte	0x2c
 971 0004 0200     		.2byte	0x2
ARM GAS  C:\Users\RECEPC~1\AppData\Local\Temp\cciOU4Er.s 			page 19


 972 0006 00000000 		.4byte	.Ldebug_info0
 973 000a 04       		.byte	0x4
 974 000b 00       		.byte	0
 975 000c 0000     		.2byte	0
 976 000e 0000     		.2byte	0
 977 0010 00000000 		.4byte	.LFB63
 978 0014 24000000 		.4byte	.LFE63-.LFB63
 979 0018 00000000 		.4byte	.LFB64
 980 001c 40000000 		.4byte	.LFE64-.LFB64
 981 0020 00000000 		.4byte	.LFB65
 982 0024 30000000 		.4byte	.LFE65-.LFB65
 983 0028 00000000 		.4byte	0
 984 002c 00000000 		.4byte	0
 985              		.section	.debug_ranges,"",%progbits
 986              	.Ldebug_ranges0:
 987 0000 00000000 		.4byte	.LFB63
 988 0004 24000000 		.4byte	.LFE63
 989 0008 00000000 		.4byte	.LFB64
 990 000c 40000000 		.4byte	.LFE64
 991 0010 00000000 		.4byte	.LFB65
 992 0014 30000000 		.4byte	.LFE65
 993 0018 00000000 		.4byte	0
 994 001c 00000000 		.4byte	0
 995              		.section	.debug_line,"",%progbits
 996              	.Ldebug_line0:
 997 0000 CA010000 		.section	.debug_str,"MS",%progbits,1
 997      02008301 
 997      00000201 
 997      FB0E0D00 
 997      01010101 
 998              	.LASF92:
 999 0000 52465374 		.ascii	"RFStreamInfo\000"
 999      7265616D 
 999      496E666F 
 999      00
 1000              	.LASF91:
 1001 000d 5F726670 		.ascii	"_rfperpetualcounter\000"
 1001      65727065 
 1001      7475616C 
 1001      636F756E 
 1001      74657200 
 1002              	.LASF31:
 1003 0021 53494E4B 		.ascii	"SINK_ALLOCATED\000"
 1003      5F414C4C 
 1003      4F434154 
 1003      454400
 1004              	.LASF76:
 1005 0030 44495350 		.ascii	"DISPLAY1_RECEPTION\000"
 1005      4C415931 
 1005      5F524543 
 1005      45505449 
 1005      4F4E00
 1006              	.LASF69:
 1007 0043 5052494E 		.ascii	"PRINTER11_JOB\000"
 1007      54455231 
 1007      315F4A4F 
 1007      4200
ARM GAS  C:\Users\RECEPC~1\AppData\Local\Temp\cciOU4Er.s 			page 20


 1008              	.LASF87:
 1009 0051 544F4747 		.ascii	"TOGGLE_SCREEN_AND_WRITE_TEST\000"
 1009      4C455F53 
 1009      43524545 
 1009      4E5F414E 
 1009      445F5752 
 1010              	.LASF2:
 1011 006e 73686F72 		.ascii	"short int\000"
 1011      7420696E 
 1011      7400
 1012              	.LASF97:
 1013 0078 5F675F72 		.ascii	"_g_rfrx\000"
 1013      66727800 
 1014              	.LASF18:
 1015 0080 73697A65 		.ascii	"sizetype\000"
 1015      74797065 
 1015      00
 1016              	.LASF16:
 1017 0089 63686172 		.ascii	"char8\000"
 1017      3800
 1018              	.LASF39:
 1019 008f 5F6D6573 		.ascii	"_messagetimeoutmultiplier\000"
 1019      73616765 
 1019      74696D65 
 1019      6F75746D 
 1019      756C7469 
 1020              	.LASF30:
 1021 00a9 53494E4B 		.ascii	"SINK_FREE\000"
 1021      5F465245 
 1021      4500
 1022              	.LASF66:
 1023 00b3 44495350 		.ascii	"DISPENSER_ACQUIRE_TOTALS\000"
 1023      454E5345 
 1023      525F4143 
 1023      51554952 
 1023      455F544F 
 1024              	.LASF77:
 1025 00cc 44495350 		.ascii	"DISPLAY1_MESSAGE\000"
 1025      4C415931 
 1025      5F4D4553 
 1025      53414745 
 1025      00
 1026              	.LASF73:
 1027 00dd 5052494E 		.ascii	"PRINTER1_GENERIC_JOB\000"
 1027      54455231 
 1027      5F47454E 
 1027      45524943 
 1027      5F4A4F42 
 1028              	.LASF57:
 1029 00f2 44495350 		.ascii	"DISPENSER_EXECUTE_CASH_TRANSACTION\000"
 1029      454E5345 
 1029      525F4558 
 1029      45435554 
 1029      455F4341 
 1030              	.LASF12:
 1031 0115 75696E74 		.ascii	"uint16\000"
 1031      313600
ARM GAS  C:\Users\RECEPC~1\AppData\Local\Temp\cciOU4Er.s 			page 21


 1032              	.LASF38:
 1033 011c 5F6D6573 		.ascii	"_messagetimeout\000"
 1033      73616765 
 1033      74696D65 
 1033      6F757400 
 1034              	.LASF81:
 1035 012c 44495350 		.ascii	"DISPLAY2_MESSAGE\000"
 1035      4C415932 
 1035      5F4D4553 
 1035      53414745 
 1035      00
 1036              	.LASF56:
 1037 013d 44495350 		.ascii	"DISPENSER_ACQUIRE_PUMP_HOSE\000"
 1037      454E5345 
 1037      525F4143 
 1037      51554952 
 1037      455F5055 
 1038              	.LASF11:
 1039 0159 75696E74 		.ascii	"uint8\000"
 1039      3800
 1040              	.LASF78:
 1041 015f 44495350 		.ascii	"DISPLAY1_UPDATE_DATETIME\000"
 1041      4C415931 
 1041      5F555044 
 1041      4154455F 
 1041      44415445 
 1042              	.LASF21:
 1043 0178 42524F41 		.ascii	"BROADCAST\000"
 1043      44434153 
 1043      5400
 1044              	.LASF83:
 1045 0182 44495350 		.ascii	"DISPLAY2_ANIMATE_HOME\000"
 1045      4C415932 
 1045      5F414E49 
 1045      4D415445 
 1045      5F484F4D 
 1046              	.LASF74:
 1047 0198 5052494E 		.ascii	"PRINTER2_GENERIC_JOB\000"
 1047      54455232 
 1047      5F47454E 
 1047      45524943 
 1047      5F4A4F42 
 1048              	.LASF46:
 1049 01ad 5053494E 		.ascii	"PSINKMESSAGEPTR\000"
 1049      4B4D4553 
 1049      53414745 
 1049      50545200 
 1050              	.LASF14:
 1051 01bd 666C6F61 		.ascii	"float\000"
 1051      7400
 1052              	.LASF6:
 1053 01c3 6C6F6E67 		.ascii	"long long int\000"
 1053      206C6F6E 
 1053      6720696E 
 1053      7400
 1054              	.LASF36:
 1055 01d1 5F6D6573 		.ascii	"_messagestate\000"
ARM GAS  C:\Users\RECEPC~1\AppData\Local\Temp\cciOU4Er.s 			page 22


 1055      73616765 
 1055      73746174 
 1055      6500
 1056              	.LASF94:
 1057 01df 44697370 		.ascii	"DispenserStateIsr\000"
 1057      656E7365 
 1057      72537461 
 1057      74654973 
 1057      7200
 1058              	.LASF98:
 1059 01f1 474E5520 		.ascii	"GNU C 4.9.3 20150303 (release) [ARM/embedded-4_9-br"
 1059      4320342E 
 1059      392E3320 
 1059      32303135 
 1059      30333033 
 1060 0224 616E6368 		.ascii	"anch revision 221220] -mcpu=cortex-m3 -mthumb -g -O"
 1060      20726576 
 1060      6973696F 
 1060      6E203232 
 1060      31323230 
 1061 0257 30202D66 		.ascii	"0 -ffunction-sections -ffat-lto-objects\000"
 1061      66756E63 
 1061      74696F6E 
 1061      2D736563 
 1061      74696F6E 
 1062              	.LASF55:
 1063 027f 44495350 		.ascii	"DISPENSER_ACQUIRE_PUMP_STATE\000"
 1063      454E5345 
 1063      525F4143 
 1063      51554952 
 1063      455F5055 
 1064              	.LASF93:
 1065 029c 436F756E 		.ascii	"CounterIsr\000"
 1065      74657249 
 1065      737200
 1066              	.LASF90:
 1067 02a7 5F726674 		.ascii	"_rftimeoutmultiplier\000"
 1067      696D656F 
 1067      75746D75 
 1067      6C746970 
 1067      6C696572 
 1068              	.LASF70:
 1069 02bc 5052494E 		.ascii	"PRINTER12_JOB\000"
 1069      54455231 
 1069      325F4A4F 
 1069      4200
 1070              	.LASF79:
 1071 02ca 44495350 		.ascii	"DISPLAY1_ANIMATE_HOME\000"
 1071      4C415931 
 1071      5F414E49 
 1071      4D415445 
 1071      5F484F4D 
 1072              	.LASF52:
 1073 02e0 53494E4B 		.ascii	"SINK_RELEASE_BY_ID\000"
 1073      5F52454C 
 1073      45415345 
 1073      5F42595F 
ARM GAS  C:\Users\RECEPC~1\AppData\Local\Temp\cciOU4Er.s 			page 23


 1073      494400
 1074              	.LASF27:
 1075 02f3 414C4C49 		.ascii	"ALLINTERESTEDFOREVER\000"
 1075      4E544552 
 1075      45535445 
 1075      44464F52 
 1075      45564552 
 1076              	.LASF64:
 1077 0308 44495350 		.ascii	"DISPENSER_RESTORE_PRICES\000"
 1077      454E5345 
 1077      525F5245 
 1077      53544F52 
 1077      455F5052 
 1078              	.LASF82:
 1079 0321 44495350 		.ascii	"DISPLAY2_UPDATE_DATETIME\000"
 1079      4C415932 
 1079      5F555044 
 1079      4154455F 
 1079      44415445 
 1080              	.LASF41:
 1081 033a 5F627566 		.ascii	"_buffer\000"
 1081      66657200 
 1082              	.LASF19:
 1083 0342 6C6F6E67 		.ascii	"long double\000"
 1083      20646F75 
 1083      626C6500 
 1084              	.LASF1:
 1085 034e 756E7369 		.ascii	"unsigned char\000"
 1085      676E6564 
 1085      20636861 
 1085      7200
 1086              	.LASF26:
 1087 035c 42524F41 		.ascii	"BROADCASTFOREVER\000"
 1087      44434153 
 1087      54464F52 
 1087      45564552 
 1087      00
 1088              	.LASF47:
 1089 036d 5F53494E 		.ascii	"_SINK_OBSERVABLES_\000"
 1089      4B5F4F42 
 1089      53455256 
 1089      41424C45 
 1089      535F00
 1090              	.LASF63:
 1091 0380 44495350 		.ascii	"DISPENSER_CONFIGURE_PRICES\000"
 1091      454E5345 
 1091      525F434F 
 1091      4E464947 
 1091      5552455F 
 1092              	.LASF40:
 1093 039b 5F6D6573 		.ascii	"_messagetimeoutlimit\000"
 1093      73616765 
 1093      74696D65 
 1093      6F75746C 
 1093      696D6974 
 1094              	.LASF0:
 1095 03b0 7369676E 		.ascii	"signed char\000"
ARM GAS  C:\Users\RECEPC~1\AppData\Local\Temp\cciOU4Er.s 			page 24


 1095      65642063 
 1095      68617200 
 1096              	.LASF10:
 1097 03bc 696E7433 		.ascii	"int32_t\000"
 1097      325F7400 
 1098              	.LASF7:
 1099 03c4 6C6F6E67 		.ascii	"long long unsigned int\000"
 1099      206C6F6E 
 1099      6720756E 
 1099      7369676E 
 1099      65642069 
 1100              	.LASF71:
 1101 03db 5052494E 		.ascii	"PRINTER21_JOB\000"
 1101      54455232 
 1101      315F4A4F 
 1101      4200
 1102              	.LASF8:
 1103 03e9 756E7369 		.ascii	"unsigned int\000"
 1103      676E6564 
 1103      20696E74 
 1103      00
 1104              	.LASF88:
 1105 03f6 57415443 		.ascii	"WATCHDOG_STARTUP\000"
 1105      48444F47 
 1105      5F535441 
 1105      52545550 
 1105      00
 1106              	.LASF34:
 1107 0407 5F6D6573 		.ascii	"_messageid\000"
 1107      73616765 
 1107      696400
 1108              	.LASF59:
 1109 0412 44495350 		.ascii	"DISPENSER_UNLOCK_EOT_PUMPS\000"
 1109      454E5345 
 1109      525F554E 
 1109      4C4F434B 
 1109      5F454F54 
 1110              	.LASF28:
 1111 042d 5F4D4553 		.ascii	"_MESSAGE_TYPE_\000"
 1111      53414745 
 1111      5F545950 
 1111      455F00
 1112              	.LASF32:
 1113 043c 53494E4B 		.ascii	"SINK_BUSY\000"
 1113      5F425553 
 1113      5900
 1114              	.LASF37:
 1115 0446 5F6D6573 		.ascii	"_messagedelay\000"
 1115      73616765 
 1115      64656C61 
 1115      7900
 1116              	.LASF3:
 1117 0454 73686F72 		.ascii	"short unsigned int\000"
 1117      7420756E 
 1117      7369676E 
 1117      65642069 
 1117      6E7400
ARM GAS  C:\Users\RECEPC~1\AppData\Local\Temp\cciOU4Er.s 			page 25


 1118              	.LASF49:
 1119 0467 55415254 		.ascii	"UART_RF_TEST\000"
 1119      5F52465F 
 1119      54455354 
 1119      00
 1120              	.LASF17:
 1121 0474 63686172 		.ascii	"char\000"
 1121      00
 1122              	.LASF95:
 1123 0479 7073696E 		.ascii	"psinkmsg\000"
 1123      6B6D7367 
 1123      00
 1124              	.LASF60:
 1125 0482 44495350 		.ascii	"DISPENSER_LOAD_EEPROM_SETTINGS\000"
 1125      454E5345 
 1125      525F4C4F 
 1125      41445F45 
 1125      4550524F 
 1126              	.LASF89:
 1127 04a1 5F726663 		.ascii	"_rfcounter\000"
 1127      6F756E74 
 1127      657200
 1128              	.LASF51:
 1129 04ac 53494E4B 		.ascii	"SINK_UPDATE_COUNTERS\000"
 1129      5F555044 
 1129      4154455F 
 1129      434F554E 
 1129      54455253 
 1130              	.LASF61:
 1131 04c1 44495350 		.ascii	"DISPENSER_ENUMERATE_VISIBLE_PUMPS\000"
 1131      454E5345 
 1131      525F454E 
 1131      554D4552 
 1131      4154455F 
 1132              	.LASF100:
 1133 04e3 433A5C54 		.ascii	"C:\\TeamInsepet\\NSX-Prime\\Hardware\\CorEx-MUX-Ker"
 1133      65616D49 
 1133      6E736570 
 1133      65745C4E 
 1133      53582D50 
 1134 0512 6E656C2D 		.ascii	"nel-Enhanced\\Workspace01\\CorEx-Mux-Kernel.cydsn\000"
 1134      456E6861 
 1134      6E636564 
 1134      5C576F72 
 1134      6B737061 
 1135              	.LASF45:
 1136 0542 5F426F6F 		.ascii	"_Bool\000"
 1136      6C00
 1137              	.LASF84:
 1138 0548 49425554 		.ascii	"IBUTTON1_SCAN\000"
 1138      544F4E31 
 1138      5F534341 
 1138      4E00
 1139              	.LASF62:
 1140 0556 44495350 		.ascii	"DISPENSER_ACQUIRE_CONFIGURATION_INFORMATION\000"
 1140      454E5345 
 1140      525F4143 
ARM GAS  C:\Users\RECEPC~1\AppData\Local\Temp\cciOU4Er.s 			page 26


 1140      51554952 
 1140      455F434F 
 1141              	.LASF33:
 1142 0582 5F73656C 		.ascii	"_selfkill\000"
 1142      666B696C 
 1142      6C00
 1143              	.LASF102:
 1144 058c 496E6974 		.ascii	"InitTimers\000"
 1144      54696D65 
 1144      727300
 1145              	.LASF24:
 1146 0597 44454C41 		.ascii	"DELAYEDALLINTERESTED\000"
 1146      59454441 
 1146      4C4C494E 
 1146      54455245 
 1146      53544544 
 1147              	.LASF13:
 1148 05ac 75696E74 		.ascii	"uint32\000"
 1148      333200
 1149              	.LASF48:
 1150 05b3 55415254 		.ascii	"UART_RF_RECEPTION\000"
 1150      5F52465F 
 1150      52454345 
 1150      5054494F 
 1150      4E00
 1151              	.LASF5:
 1152 05c5 6C6F6E67 		.ascii	"long unsigned int\000"
 1152      20756E73 
 1152      69676E65 
 1152      6420696E 
 1152      7400
 1153              	.LASF29:
 1154 05d7 5F4D4553 		.ascii	"_MESSAGE_STATE_\000"
 1154      53414745 
 1154      5F535441 
 1154      54455F00 
 1155              	.LASF101:
 1156 05e7 5F53494E 		.ascii	"_SINK_MESSAGE_\000"
 1156      4B5F4D45 
 1156      53534147 
 1156      455F00
 1157              	.LASF75:
 1158 05f6 44495350 		.ascii	"DISPLAY_UPDATE_PUMP_STATE\000"
 1158      4C41595F 
 1158      55504441 
 1158      54455F50 
 1158      554D505F 
 1159              	.LASF68:
 1160 0610 44495350 		.ascii	"DISPENSER_PUMP_BEEP_WARNING\000"
 1160      454E5345 
 1160      525F5055 
 1160      4D505F42 
 1160      4545505F 
 1161              	.LASF85:
 1162 062c 49425554 		.ascii	"IBUTTON2_SCAN\000"
 1162      544F4E32 
 1162      5F534341 
ARM GAS  C:\Users\RECEPC~1\AppData\Local\Temp\cciOU4Er.s 			page 27


 1162      4E00
 1163              	.LASF9:
 1164 063a 5F5F696E 		.ascii	"__int32_t\000"
 1164      7433325F 
 1164      7400
 1165              	.LASF42:
 1166 0644 5F627566 		.ascii	"_buffersize\000"
 1166      66657273 
 1166      697A6500 
 1167              	.LASF20:
 1168 0650 4E4F4E45 		.ascii	"NONE\000"
 1168      00
 1169              	.LASF58:
 1170 0655 44495350 		.ascii	"DISPENSER_EXECUTE_CREDIT_TRANSACTION\000"
 1170      454E5345 
 1170      525F4558 
 1170      45435554 
 1170      455F4352 
 1171              	.LASF67:
 1172 067a 44495350 		.ascii	"DISPENSER_PUMP_HANDLER\000"
 1172      454E5345 
 1172      525F5055 
 1172      4D505F48 
 1172      414E444C 
 1173              	.LASF53:
 1174 0691 53494E4B 		.ascii	"SINK_RELEASE_BY_PTR\000"
 1174      5F52454C 
 1174      45415345 
 1174      5F42595F 
 1174      50545200 
 1175              	.LASF22:
 1176 06a5 46495253 		.ascii	"FIRSTFOUND\000"
 1176      54464F55 
 1176      4E4400
 1177              	.LASF72:
 1178 06b0 5052494E 		.ascii	"PRINTER22_JOB\000"
 1178      54455232 
 1178      325F4A4F 
 1178      4200
 1179              	.LASF15:
 1180 06be 646F7562 		.ascii	"double\000"
 1180      6C6500
 1181              	.LASF23:
 1182 06c5 414C4C49 		.ascii	"ALLINTERESTED\000"
 1182      4E544552 
 1182      45535445 
 1182      4400
 1183              	.LASF54:
 1184 06d3 44495350 		.ascii	"DISPENSER_UPDATE_PUMP_TRANSACTION_TIMEOUTS\000"
 1184      454E5345 
 1184      525F5550 
 1184      44415445 
 1184      5F50554D 
 1185              	.LASF4:
 1186 06fe 6C6F6E67 		.ascii	"long int\000"
 1186      20696E74 
 1186      00
ARM GAS  C:\Users\RECEPC~1\AppData\Local\Temp\cciOU4Er.s 			page 28


 1187              	.LASF96:
 1188 0707 49544D5F 		.ascii	"ITM_RxBuffer\000"
 1188      52784275 
 1188      66666572 
 1188      00
 1189              	.LASF35:
 1190 0714 5F6D6573 		.ascii	"_messagetype\000"
 1190      73616765 
 1190      74797065 
 1190      00
 1191              	.LASF99:
 1192 0721 2E5C5469 		.ascii	".\\Timers.c\000"
 1192      6D657273 
 1192      2E6300
 1193              	.LASF50:
 1194 072c 55415254 		.ascii	"UART_RF_AUTONOMOUS_MONITOR\000"
 1194      5F52465F 
 1194      4155544F 
 1194      4E4F4D4F 
 1194      55535F4D 
 1195              	.LASF80:
 1196 0747 44495350 		.ascii	"DISPLAY2_RECEPTION\000"
 1196      4C415932 
 1196      5F524543 
 1196      45505449 
 1196      4F4E00
 1197              	.LASF25:
 1198 075a 46495253 		.ascii	"FIRSTFOUNDFOREVER\000"
 1198      54464F55 
 1198      4E44464F 
 1198      52455645 
 1198      5200
 1199              	.LASF86:
 1200 076c 474C4F42 		.ascii	"GLOBAL_TICK_NOTIFICATION\000"
 1200      414C5F54 
 1200      49434B5F 
 1200      4E4F5449 
 1200      46494341 
 1201              	.LASF65:
 1202 0785 44495350 		.ascii	"DISPENSER_CONFIGURE_SINGLE_PRICE\000"
 1202      454E5345 
 1202      525F434F 
 1202      4E464947 
 1202      5552455F 
 1203              	.LASF44:
 1204 07a6 43616C6C 		.ascii	"Callback\000"
 1204      6261636B 
 1204      00
 1205              	.LASF43:
 1206 07af 5F706461 		.ascii	"_pdata\000"
 1206      746100
 1207              		.ident	"GCC: (GNU Tools for ARM Embedded Processors) 4.9.3 20150303 (release) [ARM/embedded-4_9-br
