ARM GAS  C:\Users\RECEPC~1\AppData\Local\Temp\ccl4lE1S.s 			page 1


   1              		.syntax unified
   2              		.cpu cortex-m3
   3              		.fpu softvfp
   4              		.eabi_attribute 20, 1
   5              		.eabi_attribute 21, 1
   6              		.eabi_attribute 23, 3
   7              		.eabi_attribute 24, 1
   8              		.eabi_attribute 25, 1
   9              		.eabi_attribute 26, 1
  10              		.eabi_attribute 30, 6
  11              		.eabi_attribute 34, 1
  12              		.eabi_attribute 18, 4
  13              		.thumb
  14              		.file	"UARTManager.c"
  15              		.text
  16              	.Ltext0:
  17              		.cfi_sections	.debug_frame
  18              		.comm	HoseDispenser,1,1
  19              		.global	_g_uartmanagers
  20              		.data
  21              		.align	2
  22              		.type	_g_uartmanagers, %object
  23              		.size	_g_uartmanagers, 456
  24              	_g_uartmanagers:
  25 0000 A0       		.byte	-96
  26 0001 000000   		.space	3
  27 0004 00000000 		.word	RFUARTSend
  28 0008 00000000 		.word	RF_Physical_Start
  29 000c 00000000 		.word	RF_Physical_Stop
  30 0010 00000000 		.word	RF_Physical_ReadControlRegister
  31 0014 00000000 		.word	RF_Physical_WriteControlRegister
  32 0018 00000000 		.word	RF_Physical_ReadRxData
  33 001c 00000000 		.word	RF_Physical_ReadRxStatus
  34 0020 00000000 		.word	RF_Physical_GetChar
  35 0024 00000000 		.word	RF_Physical_GetByte
  36 0028 00000000 		.word	RF_Physical_GetRxBufferSize
  37 002c 00000000 		.word	RF_Physical_ClearRxBuffer
  38 0030 00000000 		.word	RF_Physical_WriteTxData
  39 0034 00000000 		.word	RF_Physical_ReadTxStatus
  40 0038 00000000 		.word	RF_Physical_PutChar
  41 003c 00000000 		.word	RF_Physical_PutString
  42 0040 00000000 		.word	RF_Physical_PutArray
  43 0044 00000000 		.word	RF_Physical_PutCRLF
  44 0048 00000000 		.word	RF_Physical_ClearTxBuffer
  45 004c A1       		.byte	-95
  46 004d 000000   		.space	3
  47 0050 00000000 		.word	PrinterUARTSend
  48 0054 00000000 		.word	Printer_Start
  49 0058 00000000 		.word	Printer_Stop
  50 005c 00000000 		.word	Printer_ReadControlRegister
  51 0060 00000000 		.word	Printer_WriteControlRegister
  52 0064 00000000 		.word	Printer_ReadRxData
  53 0068 00000000 		.word	Printer_ReadRxStatus
  54 006c 00000000 		.word	Printer_GetChar
  55 0070 00000000 		.word	Printer_GetByte
  56 0074 00000000 		.word	Printer_GetRxBufferSize
  57 0078 00000000 		.word	Printer_ClearRxBuffer
ARM GAS  C:\Users\RECEPC~1\AppData\Local\Temp\ccl4lE1S.s 			page 2


  58 007c 00000000 		.word	Printer_WriteTxData
  59 0080 00000000 		.word	Printer_ReadTxStatus
  60 0084 00000000 		.word	Printer_PutChar
  61 0088 00000000 		.word	Printer_PutString
  62 008c 00000000 		.word	Printer_PutArray
  63 0090 00000000 		.word	Printer_PutCRLF
  64 0094 00000000 		.word	Printer_ClearTxBuffer
  65 0098 A2       		.byte	-94
  66 0099 000000   		.space	3
  67 009c 00000000 		.word	DispenserUARTSend
  68 00a0 00000000 		.word	Dispenser_Start
  69 00a4 00000000 		.word	Dispenser_Stop
  70 00a8 00000000 		.word	Dispenser_ReadControlRegister
  71 00ac 00000000 		.word	Dispenser_WriteControlRegister
  72 00b0 00000000 		.word	Dispenser_ReadRxData
  73 00b4 00000000 		.word	Dispenser_ReadRxStatus
  74 00b8 00000000 		.word	Dispenser_GetChar
  75 00bc 00000000 		.word	Dispenser_GetByte
  76 00c0 00000000 		.word	Dispenser_GetRxBufferSize
  77 00c4 00000000 		.word	Dispenser_ClearRxBuffer
  78 00c8 00000000 		.word	Dispenser_WriteTxData
  79 00cc 00000000 		.word	Dispenser_ReadTxStatus
  80 00d0 00000000 		.word	Dispenser_PutChar
  81 00d4 00000000 		.word	Dispenser_PutString
  82 00d8 00000000 		.word	Dispenser_PutArray
  83 00dc 00000000 		.word	Dispenser_PutCRLF
  84 00e0 00000000 		.word	Dispenser_ClearTxBuffer
  85 00e4 A3       		.byte	-93
  86 00e5 000000   		.space	3
  87 00e8 00000000 		.word	Dislay1UARTSend
  88 00ec 00000000 		.word	Display1_Start
  89 00f0 00000000 		.word	Display1_Stop
  90 00f4 00000000 		.word	Display1_ReadControlRegister
  91 00f8 00000000 		.word	Display1_WriteControlRegister
  92 00fc 00000000 		.word	Display1_ReadRxData
  93 0100 00000000 		.word	Display1_ReadRxStatus
  94 0104 00000000 		.word	Display1_GetChar
  95 0108 00000000 		.word	Display1_GetByte
  96 010c 00000000 		.word	Display1_GetRxBufferSize
  97 0110 00000000 		.word	Display1_ClearRxBuffer
  98 0114 00000000 		.word	Display1_WriteTxData
  99 0118 00000000 		.word	Display1_ReadTxStatus
 100 011c 00000000 		.word	Display1_PutChar
 101 0120 00000000 		.word	Display1_PutString
 102 0124 00000000 		.word	Display1_PutArray
 103 0128 00000000 		.word	Display1_PutCRLF
 104 012c 00000000 		.word	Display1_ClearTxBuffer
 105 0130 A4       		.byte	-92
 106 0131 000000   		.space	3
 107 0134 00000000 		.word	Dislay1UARTSend
 108 0138 00000000 		.word	Display2_Start
 109 013c 00000000 		.word	Display2_Stop
 110 0140 00000000 		.word	Display2_ReadControlRegister
 111 0144 00000000 		.word	Display2_WriteControlRegister
 112 0148 00000000 		.word	Display2_ReadRxData
 113 014c 00000000 		.word	Display2_ReadRxStatus
 114 0150 00000000 		.word	Display2_GetChar
ARM GAS  C:\Users\RECEPC~1\AppData\Local\Temp\ccl4lE1S.s 			page 3


 115 0154 00000000 		.word	Display2_GetByte
 116 0158 00000000 		.word	Display2_GetRxBufferSize
 117 015c 00000000 		.word	Display2_ClearRxBuffer
 118 0160 00000000 		.word	Display2_WriteTxData
 119 0164 00000000 		.word	Display2_ReadTxStatus
 120 0168 00000000 		.word	Display2_PutChar
 121 016c 00000000 		.word	Display2_PutString
 122 0170 00000000 		.word	Display2_PutArray
 123 0174 00000000 		.word	Display2_PutCRLF
 124 0178 00000000 		.word	Display2_ClearTxBuffer
 125 017c A5       		.byte	-91
 126 017d 000000   		.space	3
 127 0180 00000000 		.word	0
 128 0184 00000000 		.word	0
 129 0188 00000000 		.word	0
 130 018c 00000000 		.word	0
 131 0190 00000000 		.word	0
 132 0194 00000000 		.word	0
 133 0198 00000000 		.word	0
 134 019c 00000000 		.word	0
 135 01a0 00000000 		.word	0
 136 01a4 00000000 		.word	0
 137 01a8 00000000 		.word	0
 138 01ac 00000000 		.word	0
 139 01b0 00000000 		.word	0
 140 01b4 00000000 		.word	0
 141 01b8 00000000 		.word	0
 142 01bc 00000000 		.word	0
 143 01c0 00000000 		.word	0
 144 01c4 00000000 		.word	0
 145              		.comm	_g_uartmessages,5360,4
 146              		.section	.text.UARTGlobalHandler,"ax",%progbits
 147              		.align	2
 148              		.global	UARTGlobalHandler
 149              		.thumb
 150              		.thumb_func
 151              		.type	UARTGlobalHandler, %function
 152              	UARTGlobalHandler:
 153              	.LFB63:
 154              		.file 1 ".\\UARTManager.c"
   1:.\UARTManager.c **** /* ========================================
   2:.\UARTManager.c ****  *
   3:.\UARTManager.c ****  * Copyright INSEPET SISTEMAS, 2016
   4:.\UARTManager.c ****  * All Rights Reserved
   5:.\UARTManager.c ****  * UNPUBLISHED, LICENSED SOFTWARE.
   6:.\UARTManager.c ****  *
   7:.\UARTManager.c ****  * CONFIDENTIAL AND PROPRIETARY INFORMATION
   8:.\UARTManager.c ****  * WHICH IS THE PROPERTY OF your company.
   9:.\UARTManager.c ****  *
  10:.\UARTManager.c ****  * ========================================
  11:.\UARTManager.c **** @Created By: HIJH
  12:.\UARTManager.c **** @Date: Septembre de 2016
  13:.\UARTManager.c **** */
  14:.\UARTManager.c **** #include <project.h>
  15:.\UARTManager.c **** 
  16:.\UARTManager.c **** #include "GlobalDefinitions.h"
  17:.\UARTManager.c **** #include "SinkManager.h"
ARM GAS  C:\Users\RECEPC~1\AppData\Local\Temp\ccl4lE1S.s 			page 4


  18:.\UARTManager.c **** #include "SinkObservables.h"
  19:.\UARTManager.c **** #include "UARTManager.h"
  20:.\UARTManager.c **** 
  21:.\UARTManager.c **** void ReleaseMessage(UARTMessage *pmessage);
  22:.\UARTManager.c **** 
  23:.\UARTManager.c **** void RFUARTSend(void *ptr);
  24:.\UARTManager.c **** void Dislay1UARTSend(void *ptr);
  25:.\UARTManager.c **** void Dislay2UARTSend(void *ptr);
  26:.\UARTManager.c **** void DispenserUARTSend(void *param);
  27:.\UARTManager.c **** void PrinterUARTSend(void *ptr);
  28:.\UARTManager.c **** 
  29:.\UARTManager.c **** //*************************************************************************************************
  30:.\UARTManager.c **** //@Created by: HIJH
  31:.\UARTManager.c **** //@Date: Septembre 1 de 2016    
  32:.\UARTManager.c **** //THIS IS ARRAY CONFIGURES ALL OF THE AVAILABLE UART PORTS TO BE USED BY THE COMMUNICATIONS STACK.
  33:.\UARTManager.c **** //TO AVOID USING MAGIC NUMBERS TO ADDRESS THE APPROPRIATE SET OF POINTERS, AGGREGATE A SUITABLE
  34:.\UARTManager.c **** //"SET-IDENTIFIER" IN THE MANAGER ENUMERATION LOCATED IN THE "UARTManager.h" FILE
  35:.\UARTManager.c **** 
  36:.\UARTManager.c **** UARTManager _g_uartmanagers[] = 
  37:.\UARTManager.c **** {
  38:.\UARTManager.c ****     //Wireless Link entry
  39:.\UARTManager.c ****     { UART_RF, RFUARTSend, RF_Physical_Start, RF_Physical_Stop, RF_Physical_ReadControlRegister, RF
  40:.\UARTManager.c ****     //Printer entry
  41:.\UARTManager.c ****     { UART_PRINTER, PrinterUARTSend, Printer_Start, Printer_Stop, Printer_ReadControlRegister, Prin
  42:.\UARTManager.c ****     //Dispenser/Pump entry
  43:.\UARTManager.c ****     { UART_DISPENSER, DispenserUARTSend, Dispenser_Start, Dispenser_Stop, Dispenser_ReadControlRegi
  44:.\UARTManager.c ****     //Display/LCD 1 entry
  45:.\UARTManager.c ****     { UART_DISPLAY1, Dislay1UARTSend, Display1_Start, Display1_Stop, Display1_ReadControlRegister, 
  46:.\UARTManager.c ****     //Display/LCD 2 entry
  47:.\UARTManager.c ****     { UART_DISPLAY2, Dislay1UARTSend, Display2_Start, Display2_Stop, Display2_ReadControlRegister, 
  48:.\UARTManager.c ****     //NULL entry
  49:.\UARTManager.c ****     { UART_NULL, NULL, NULL, NULL, NULL, NULL, NULL, NULL, NULL, NULL, NULL, NULL, NULL, NULL, NULL
  50:.\UARTManager.c **** };
  51:.\UARTManager.c **** 
  52:.\UARTManager.c **** 
  53:.\UARTManager.c **** /*
  54:.\UARTManager.c **** */
  55:.\UARTManager.c **** //The maximum number of message that could be sent at a time and awaiting for a response
  56:.\UARTManager.c **** UARTMessage _g_uartmessages[_MAX_MESSAGES_];
  57:.\UARTManager.c **** 
  58:.\UARTManager.c **** ///@************USAGE EXAMPLE OF THE UART MANAGER MODEL************
  59:.\UARTManager.c **** ///@TO ACQUIRE A MESSAGE SLOT, INVOKE THE "UARTMessage* GetUARTMessageSlot()" METHOD.
  60:.\UARTManager.c **** ///@FILL THE ACQUIRED MESSAGE WITH THE APPROPRIATE PARAMETERS AS FOLLOW:
  61:.\UARTManager.c **** /*
  62:.\UARTManager.c ****         ptrmessage->_puartmanager = GetUARTManager(UART_RF);
  63:.\UARTManager.c **** 
  64:.\UARTManager.c ****         //FILL THE TRANSMISSION BUFFER WITH THE DATA TO BE TRANSMITTED FOLLOWING THE NEXT CONVENTIO
  65:.\UARTManager.c **** 
  66:.\UARTManager.c ****         ptrmessage->_messagetx <= { _COMMAND_IDENTIFIER, CUSTOM DATA };
  67:.\UARTManager.c **** 
  68:.\UARTManager.c ****         //THE COMMAND IDENTIFIER ALLOWS FOR THE RESPONSE MAPPING TO THE AWAITING MESSAGE.
  69:.\UARTManager.c ****         //THIS MUST BE REPLIED BACK FOLLOWING THE SAME MESSAGE FORMAT SO THE RESPECTIVE
  70:.\UARTManager.c ****         //ISR CAN EXTRACT THE IDENTIFIER AND PUSH THE RESPONSE BUFFER INTO THE MESSAGE BUFFER
  71:.\UARTManager.c **** 
  72:.\UARTManager.c ****         ptrmessage->_messagerx <= ISR_UART_BUFFER;
  73:.\UARTManager.c **** */
  74:.\UARTManager.c **** void UARTGlobalHandler()
ARM GAS  C:\Users\RECEPC~1\AppData\Local\Temp\ccl4lE1S.s 			page 5


  75:.\UARTManager.c **** {
 155              		.loc 1 75 0
 156              		.cfi_startproc
 157              		@ args = 0, pretend = 0, frame = 8
 158              		@ frame_needed = 1, uses_anonymous_args = 0
 159 0000 80B5     		push	{r7, lr}
 160              		.cfi_def_cfa_offset 8
 161              		.cfi_offset 7, -8
 162              		.cfi_offset 14, -4
 163 0002 82B0     		sub	sp, sp, #8
 164              		.cfi_def_cfa_offset 16
 165 0004 00AF     		add	r7, sp, #0
 166              		.cfi_def_cfa_register 7
  76:.\UARTManager.c ****     FOR(uint8 index = 0, index < _MAX_MESSAGES_, index++)
 167              		.loc 1 76 0
 168 0006 0023     		movs	r3, #0
 169 0008 FB71     		strb	r3, [r7, #7]
 170 000a 18E0     		b	.L2
 171              	.L4:
 172              	.LBB2:
  77:.\UARTManager.c ****     {
  78:.\UARTManager.c ****         PUARTMESSAGEPTR pmessage = &_g_uartmessages[index];
 173              		.loc 1 78 0
 174 000c FB79     		ldrb	r3, [r7, #7]	@ zero_extendqisi2
 175 000e 4FF48672 		mov	r2, #268
 176 0012 02FB03F3 		mul	r3, r2, r3
 177 0016 0D4A     		ldr	r2, .L5
 178 0018 1344     		add	r3, r3, r2
 179 001a 3B60     		str	r3, [r7]
  79:.\UARTManager.c ****         //A PENDING message is one that has been acquired recently but 
  80:.\UARTManager.c ****         //has not been posted yet to its destination
  81:.\UARTManager.c ****         if(pmessage->_messagestate == PENDING)
 180              		.loc 1 81 0
 181 001c 3B68     		ldr	r3, [r7]
 182 001e 1B78     		ldrb	r3, [r3]
 183 0020 DBB2     		uxtb	r3, r3
 184 0022 C22B     		cmp	r3, #194
 185 0024 08D1     		bne	.L3
  82:.\UARTManager.c ****         {
  83:.\UARTManager.c ****             pmessage->_puartmanager->CustomUARTSend(pmessage);
 186              		.loc 1 83 0
 187 0026 3B68     		ldr	r3, [r7]
 188 0028 D3F80831 		ldr	r3, [r3, #264]
 189 002c 5B68     		ldr	r3, [r3, #4]
 190 002e 3868     		ldr	r0, [r7]
 191 0030 9847     		blx	r3
  84:.\UARTManager.c ****             ReleaseMessage(pmessage);
 192              		.loc 1 84 0
 193 0032 3868     		ldr	r0, [r7]
 194 0034 FFF7FEFF 		bl	ReleaseMessage
 195              	.L3:
 196              	.LBE2:
  76:.\UARTManager.c ****     {
 197              		.loc 1 76 0 discriminator 2
 198 0038 FB79     		ldrb	r3, [r7, #7]	@ zero_extendqisi2
 199 003a 0133     		adds	r3, r3, #1
 200 003c FB71     		strb	r3, [r7, #7]
ARM GAS  C:\Users\RECEPC~1\AppData\Local\Temp\ccl4lE1S.s 			page 6


 201              	.L2:
  76:.\UARTManager.c ****     {
 202              		.loc 1 76 0 is_stmt 0 discriminator 1
 203 003e FB79     		ldrb	r3, [r7, #7]	@ zero_extendqisi2
 204 0040 132B     		cmp	r3, #19
 205 0042 E3D9     		bls	.L4
  85:.\UARTManager.c ****         }
  86:.\UARTManager.c ****     }
  87:.\UARTManager.c **** }
 206              		.loc 1 87 0 is_stmt 1
 207 0044 0837     		adds	r7, r7, #8
 208              		.cfi_def_cfa_offset 8
 209 0046 BD46     		mov	sp, r7
 210              		.cfi_def_cfa_register 13
 211              		@ sp needed
 212 0048 80BD     		pop	{r7, pc}
 213              	.L6:
 214 004a 00BF     		.align	2
 215              	.L5:
 216 004c 00000000 		.word	_g_uartmessages
 217              		.cfi_endproc
 218              	.LFE63:
 219              		.size	UARTGlobalHandler, .-UARTGlobalHandler
 220              		.section	.text.GetUARTManager,"ax",%progbits
 221              		.align	2
 222              		.global	GetUARTManager
 223              		.thumb
 224              		.thumb_func
 225              		.type	GetUARTManager, %function
 226              	GetUARTManager:
 227              	.LFB64:
  88:.\UARTManager.c **** 
  89:.\UARTManager.c **** ///@UARTManager* GetUARTManager(uint8 manager)
  90:.\UARTManager.c **** ///@Created by: HIJH
  91:.\UARTManager.c **** ///@Date: Septembre 1 de 2016
  92:.\UARTManager.c **** ///Returns the requested UART manager identified by the appropriate identifier
  93:.\UARTManager.c **** PUARTMANAGERPTR GetUARTManager(uint8 manager)
  94:.\UARTManager.c **** {
 228              		.loc 1 94 0
 229              		.cfi_startproc
 230              		@ args = 0, pretend = 0, frame = 16
 231              		@ frame_needed = 1, uses_anonymous_args = 0
 232              		@ link register save eliminated.
 233 0000 80B4     		push	{r7}
 234              		.cfi_def_cfa_offset 4
 235              		.cfi_offset 7, -4
 236 0002 85B0     		sub	sp, sp, #20
 237              		.cfi_def_cfa_offset 24
 238 0004 00AF     		add	r7, sp, #0
 239              		.cfi_def_cfa_register 7
 240 0006 0346     		mov	r3, r0
 241 0008 FB71     		strb	r3, [r7, #7]
  95:.\UARTManager.c ****     PUARTMANAGERPTR pretvaliterator = _g_uartmanagers;
 242              		.loc 1 95 0
 243 000a 0B4B     		ldr	r3, .L13
 244 000c FB60     		str	r3, [r7, #12]
  96:.\UARTManager.c ****     while(pretvaliterator->_identifier != UART_NULL)
ARM GAS  C:\Users\RECEPC~1\AppData\Local\Temp\ccl4lE1S.s 			page 7


 245              		.loc 1 96 0
 246 000e 08E0     		b	.L8
 247              	.L11:
  97:.\UARTManager.c ****     {
  98:.\UARTManager.c ****         if(pretvaliterator->_identifier == manager)
 248              		.loc 1 98 0
 249 0010 FB68     		ldr	r3, [r7, #12]
 250 0012 1B78     		ldrb	r3, [r3]	@ zero_extendqisi2
 251 0014 FA79     		ldrb	r2, [r7, #7]	@ zero_extendqisi2
 252 0016 9A42     		cmp	r2, r3
 253 0018 00D1     		bne	.L9
  99:.\UARTManager.c ****             break;
 254              		.loc 1 99 0
 255 001a 06E0     		b	.L10
 256              	.L9:
 100:.\UARTManager.c ****         
 101:.\UARTManager.c ****         pretvaliterator++;
 257              		.loc 1 101 0
 258 001c FB68     		ldr	r3, [r7, #12]
 259 001e 4C33     		adds	r3, r3, #76
 260 0020 FB60     		str	r3, [r7, #12]
 261              	.L8:
  96:.\UARTManager.c ****     {
 262              		.loc 1 96 0
 263 0022 FB68     		ldr	r3, [r7, #12]
 264 0024 1B78     		ldrb	r3, [r3]	@ zero_extendqisi2
 265 0026 A52B     		cmp	r3, #165
 266 0028 F2D1     		bne	.L11
 267              	.L10:
 102:.\UARTManager.c ****     }
 103:.\UARTManager.c ****     return pretvaliterator;
 268              		.loc 1 103 0
 269 002a FB68     		ldr	r3, [r7, #12]
 104:.\UARTManager.c **** }
 270              		.loc 1 104 0
 271 002c 1846     		mov	r0, r3
 272 002e 1437     		adds	r7, r7, #20
 273              		.cfi_def_cfa_offset 4
 274 0030 BD46     		mov	sp, r7
 275              		.cfi_def_cfa_register 13
 276              		@ sp needed
 277 0032 5DF8047B 		ldr	r7, [sp], #4
 278              		.cfi_restore 7
 279              		.cfi_def_cfa_offset 0
 280 0036 7047     		bx	lr
 281              	.L14:
 282              		.align	2
 283              	.L13:
 284 0038 00000000 		.word	_g_uartmanagers
 285              		.cfi_endproc
 286              	.LFE64:
 287              		.size	GetUARTManager, .-GetUARTManager
 288              		.section	.text.GetUARTMessageSlot,"ax",%progbits
 289              		.align	2
 290              		.global	GetUARTMessageSlot
 291              		.thumb
 292              		.thumb_func
ARM GAS  C:\Users\RECEPC~1\AppData\Local\Temp\ccl4lE1S.s 			page 8


 293              		.type	GetUARTMessageSlot, %function
 294              	GetUARTMessageSlot:
 295              	.LFB65:
 105:.\UARTManager.c **** 
 106:.\UARTManager.c **** ///@UARTMessage* GetUARTMessageSlot()
 107:.\UARTManager.c **** ///@Created by: HIJH
 108:.\UARTManager.c **** ///@Date: Septembre 1 de 2016
 109:.\UARTManager.c **** ///This function search for an available slot in the array of messages and returns a pointer
 110:.\UARTManager.c **** ///to the first availabe. If there isn't any available slot, then returns NULL.
 111:.\UARTManager.c **** PUARTMESSAGEPTR GetUARTMessageSlot(uint8 manager)
 112:.\UARTManager.c **** {
 296              		.loc 1 112 0
 297              		.cfi_startproc
 298              		@ args = 0, pretend = 0, frame = 16
 299              		@ frame_needed = 1, uses_anonymous_args = 0
 300 0000 90B5     		push	{r4, r7, lr}
 301              		.cfi_def_cfa_offset 12
 302              		.cfi_offset 4, -12
 303              		.cfi_offset 7, -8
 304              		.cfi_offset 14, -4
 305 0002 85B0     		sub	sp, sp, #20
 306              		.cfi_def_cfa_offset 32
 307 0004 00AF     		add	r7, sp, #0
 308              		.cfi_def_cfa_register 7
 309 0006 0346     		mov	r3, r0
 310 0008 FB71     		strb	r3, [r7, #7]
 113:.\UARTManager.c ****     PUARTMESSAGEPTR pretval = NULL;
 311              		.loc 1 113 0
 312 000a 0023     		movs	r3, #0
 313 000c FB60     		str	r3, [r7, #12]
 114:.\UARTManager.c ****     FOR(uint8 index = 0, index < _MAX_MESSAGES_, index++)
 314              		.loc 1 114 0
 315 000e 0023     		movs	r3, #0
 316 0010 FB72     		strb	r3, [r7, #11]
 317 0012 45E0     		b	.L16
 318              	.L19:
 115:.\UARTManager.c ****     {
 116:.\UARTManager.c ****         if(_g_uartmessages[index]._messagestate == FREE)
 319              		.loc 1 116 0
 320 0014 FB7A     		ldrb	r3, [r7, #11]	@ zero_extendqisi2
 321 0016 264A     		ldr	r2, .L21
 322 0018 4FF48671 		mov	r1, #268
 323 001c 01FB03F3 		mul	r3, r1, r3
 324 0020 1344     		add	r3, r3, r2
 325 0022 1B78     		ldrb	r3, [r3]
 326 0024 DBB2     		uxtb	r3, r3
 327 0026 C02B     		cmp	r3, #192
 328 0028 37D1     		bne	.L17
 117:.\UARTManager.c ****         {
 118:.\UARTManager.c ****             _g_uartmessages[index]._messagestate = ALLOCATED;                        
 329              		.loc 1 118 0
 330 002a FB7A     		ldrb	r3, [r7, #11]	@ zero_extendqisi2
 331 002c 204A     		ldr	r2, .L21
 332 002e 4FF48671 		mov	r1, #268
 333 0032 01FB03F3 		mul	r3, r1, r3
 334 0036 1344     		add	r3, r3, r2
 335 0038 C122     		movs	r2, #193
ARM GAS  C:\Users\RECEPC~1\AppData\Local\Temp\ccl4lE1S.s 			page 9


 336 003a 1A70     		strb	r2, [r3]
 119:.\UARTManager.c ****             _g_uartmessages[index]._messagelength = 0x0000;
 337              		.loc 1 119 0
 338 003c FB7A     		ldrb	r3, [r7, #11]	@ zero_extendqisi2
 339 003e 1C4A     		ldr	r2, .L21
 340 0040 4FF48671 		mov	r1, #268
 341 0044 01FB03F3 		mul	r3, r1, r3
 342 0048 1344     		add	r3, r3, r2
 343 004a 0022     		movs	r2, #0
 344 004c 5A80     		strh	r2, [r3, #2]	@ movhi
 120:.\UARTManager.c ****             _g_uartmessages[index]._puartmanager = GetUARTManager(manager);
 345              		.loc 1 120 0
 346 004e FC7A     		ldrb	r4, [r7, #11]	@ zero_extendqisi2
 347 0050 FB79     		ldrb	r3, [r7, #7]	@ zero_extendqisi2
 348 0052 1846     		mov	r0, r3
 349 0054 FFF7FEFF 		bl	GetUARTManager
 350 0058 0146     		mov	r1, r0
 351 005a 154A     		ldr	r2, .L21
 352 005c 4FF48673 		mov	r3, #268
 353 0060 03FB04F3 		mul	r3, r3, r4
 354 0064 1344     		add	r3, r3, r2
 355 0066 03F58473 		add	r3, r3, #264
 356 006a 1960     		str	r1, [r3]
 121:.\UARTManager.c ****             memset(_g_uartmessages[index]._messagetx, 0x00, _MAX_MESSAGE_SIZE_);
 357              		.loc 1 121 0
 358 006c FB7A     		ldrb	r3, [r7, #11]	@ zero_extendqisi2
 359 006e 4FF48672 		mov	r2, #268
 360 0072 02FB03F3 		mul	r3, r2, r3
 361 0076 0E4A     		ldr	r2, .L21
 362 0078 1344     		add	r3, r3, r2
 363 007a 0433     		adds	r3, r3, #4
 364 007c 1846     		mov	r0, r3
 365 007e 0021     		movs	r1, #0
 366 0080 4FF48072 		mov	r2, #256
 367 0084 FFF7FEFF 		bl	memset
 122:.\UARTManager.c ****             
 123:.\UARTManager.c ****             pretval = &_g_uartmessages[index];
 368              		.loc 1 123 0
 369 0088 FB7A     		ldrb	r3, [r7, #11]	@ zero_extendqisi2
 370 008a 4FF48672 		mov	r2, #268
 371 008e 02FB03F3 		mul	r3, r2, r3
 372 0092 074A     		ldr	r2, .L21
 373 0094 1344     		add	r3, r3, r2
 374 0096 FB60     		str	r3, [r7, #12]
 124:.\UARTManager.c ****             break;
 375              		.loc 1 124 0
 376 0098 05E0     		b	.L18
 377              	.L17:
 114:.\UARTManager.c ****     {
 378              		.loc 1 114 0 discriminator 2
 379 009a FB7A     		ldrb	r3, [r7, #11]	@ zero_extendqisi2
 380 009c 0133     		adds	r3, r3, #1
 381 009e FB72     		strb	r3, [r7, #11]
 382              	.L16:
 114:.\UARTManager.c ****     {
 383              		.loc 1 114 0 is_stmt 0 discriminator 1
 384 00a0 FB7A     		ldrb	r3, [r7, #11]	@ zero_extendqisi2
ARM GAS  C:\Users\RECEPC~1\AppData\Local\Temp\ccl4lE1S.s 			page 10


 385 00a2 132B     		cmp	r3, #19
 386 00a4 B6D9     		bls	.L19
 387              	.L18:
 125:.\UARTManager.c ****         }
 126:.\UARTManager.c ****     }
 127:.\UARTManager.c ****     return pretval;
 388              		.loc 1 127 0 is_stmt 1
 389 00a6 FB68     		ldr	r3, [r7, #12]
 128:.\UARTManager.c **** }
 390              		.loc 1 128 0
 391 00a8 1846     		mov	r0, r3
 392 00aa 1437     		adds	r7, r7, #20
 393              		.cfi_def_cfa_offset 12
 394 00ac BD46     		mov	sp, r7
 395              		.cfi_def_cfa_register 13
 396              		@ sp needed
 397 00ae 90BD     		pop	{r4, r7, pc}
 398              	.L22:
 399              		.align	2
 400              	.L21:
 401 00b0 00000000 		.word	_g_uartmessages
 402              		.cfi_endproc
 403              	.LFE65:
 404              		.size	GetUARTMessageSlot, .-GetUARTMessageSlot
 405              		.section	.text.InitUARTManager,"ax",%progbits
 406              		.align	2
 407              		.global	InitUARTManager
 408              		.thumb
 409              		.thumb_func
 410              		.type	InitUARTManager, %function
 411              	InitUARTManager:
 412              	.LFB66:
 129:.\UARTManager.c **** 
 130:.\UARTManager.c **** void InitUARTManager()
 131:.\UARTManager.c **** {
 413              		.loc 1 131 0
 414              		.cfi_startproc
 415              		@ args = 0, pretend = 0, frame = 8
 416              		@ frame_needed = 1, uses_anonymous_args = 0
 417 0000 80B5     		push	{r7, lr}
 418              		.cfi_def_cfa_offset 8
 419              		.cfi_offset 7, -8
 420              		.cfi_offset 14, -4
 421 0002 82B0     		sub	sp, sp, #8
 422              		.cfi_def_cfa_offset 16
 423 0004 00AF     		add	r7, sp, #0
 424              		.cfi_def_cfa_register 7
 132:.\UARTManager.c ****     FOR(uint8 index = 0, index < _MAX_MESSAGES_, index++)
 425              		.loc 1 132 0
 426 0006 0023     		movs	r3, #0
 427 0008 FB71     		strb	r3, [r7, #7]
 428 000a 2DE0     		b	.L24
 429              	.L25:
 133:.\UARTManager.c ****     {
 134:.\UARTManager.c ****         _g_uartmessages[index]._messagestate = FREE;        
 430              		.loc 1 134 0 discriminator 3
 431 000c FB79     		ldrb	r3, [r7, #7]	@ zero_extendqisi2
ARM GAS  C:\Users\RECEPC~1\AppData\Local\Temp\ccl4lE1S.s 			page 11


 432 000e 1B4A     		ldr	r2, .L26
 433 0010 4FF48671 		mov	r1, #268
 434 0014 01FB03F3 		mul	r3, r1, r3
 435 0018 1344     		add	r3, r3, r2
 436 001a C022     		movs	r2, #192
 437 001c 1A70     		strb	r2, [r3]
 135:.\UARTManager.c ****         _g_uartmessages[index]._messagelength = 0x0000;
 438              		.loc 1 135 0 discriminator 3
 439 001e FB79     		ldrb	r3, [r7, #7]	@ zero_extendqisi2
 440 0020 164A     		ldr	r2, .L26
 441 0022 4FF48671 		mov	r1, #268
 442 0026 01FB03F3 		mul	r3, r1, r3
 443 002a 1344     		add	r3, r3, r2
 444 002c 0022     		movs	r2, #0
 445 002e 5A80     		strh	r2, [r3, #2]	@ movhi
 136:.\UARTManager.c ****         memset(_g_uartmessages[index]._messagetx, 0x00, _MAX_MESSAGE_SIZE_);
 446              		.loc 1 136 0 discriminator 3
 447 0030 FB79     		ldrb	r3, [r7, #7]	@ zero_extendqisi2
 448 0032 4FF48672 		mov	r2, #268
 449 0036 02FB03F3 		mul	r3, r2, r3
 450 003a 104A     		ldr	r2, .L26
 451 003c 1344     		add	r3, r3, r2
 452 003e 0433     		adds	r3, r3, #4
 453 0040 1846     		mov	r0, r3
 454 0042 0021     		movs	r1, #0
 455 0044 4FF48072 		mov	r2, #256
 456 0048 FFF7FEFF 		bl	memset
 137:.\UARTManager.c ****         _g_uartmessages[index]._puartmanager = NULL;
 457              		.loc 1 137 0 discriminator 3
 458 004c FB79     		ldrb	r3, [r7, #7]	@ zero_extendqisi2
 459 004e 0B4A     		ldr	r2, .L26
 460 0050 4FF48671 		mov	r1, #268
 461 0054 01FB03F3 		mul	r3, r1, r3
 462 0058 1344     		add	r3, r3, r2
 463 005a 03F58473 		add	r3, r3, #264
 464 005e 0022     		movs	r2, #0
 465 0060 1A60     		str	r2, [r3]
 132:.\UARTManager.c ****     {
 466              		.loc 1 132 0 discriminator 3
 467 0062 FB79     		ldrb	r3, [r7, #7]	@ zero_extendqisi2
 468 0064 0133     		adds	r3, r3, #1
 469 0066 FB71     		strb	r3, [r7, #7]
 470              	.L24:
 132:.\UARTManager.c ****     {
 471              		.loc 1 132 0 is_stmt 0 discriminator 1
 472 0068 FB79     		ldrb	r3, [r7, #7]	@ zero_extendqisi2
 473 006a 132B     		cmp	r3, #19
 474 006c CED9     		bls	.L25
 138:.\UARTManager.c ****     }
 139:.\UARTManager.c ****         
 140:.\UARTManager.c ****     GLOBAL_LOOP_PUSH(UARTGlobalHandler);
 475              		.loc 1 140 0 is_stmt 1
 476 006e 0448     		ldr	r0, .L26+4
 477 0070 FFF7FEFF 		bl	loop_push
 141:.\UARTManager.c **** }
 478              		.loc 1 141 0
 479 0074 0837     		adds	r7, r7, #8
ARM GAS  C:\Users\RECEPC~1\AppData\Local\Temp\ccl4lE1S.s 			page 12


 480              		.cfi_def_cfa_offset 8
 481 0076 BD46     		mov	sp, r7
 482              		.cfi_def_cfa_register 13
 483              		@ sp needed
 484 0078 80BD     		pop	{r7, pc}
 485              	.L27:
 486 007a 00BF     		.align	2
 487              	.L26:
 488 007c 00000000 		.word	_g_uartmessages
 489 0080 00000000 		.word	UARTGlobalHandler
 490              		.cfi_endproc
 491              	.LFE66:
 492              		.size	InitUARTManager, .-InitUARTManager
 493              		.section	.text.ReleaseMessage,"ax",%progbits
 494              		.align	2
 495              		.global	ReleaseMessage
 496              		.thumb
 497              		.thumb_func
 498              		.type	ReleaseMessage, %function
 499              	ReleaseMessage:
 500              	.LFB67:
 142:.\UARTManager.c **** 
 143:.\UARTManager.c **** /*
 144:.\UARTManager.c **** @RFUARTSend standard method used for the UART Manager
 145:.\UARTManager.c **** @Created by: HIJH
 146:.\UARTManager.c **** @Date: Août 30 de 2016
 147:.\UARTManager.c **** Since all of the communications are posted through the same channel, the state machine carry all of
 148:.\UARTManager.c **** flags required to notify through the layers.
 149:.\UARTManager.c **** 
 150:.\UARTManager.c **** */
 151:.\UARTManager.c **** 
 152:.\UARTManager.c **** void ReleaseMessage(UARTMessage *pmessage)
 153:.\UARTManager.c **** {
 501              		.loc 1 153 0
 502              		.cfi_startproc
 503              		@ args = 0, pretend = 0, frame = 8
 504              		@ frame_needed = 1, uses_anonymous_args = 0
 505 0000 80B5     		push	{r7, lr}
 506              		.cfi_def_cfa_offset 8
 507              		.cfi_offset 7, -8
 508              		.cfi_offset 14, -4
 509 0002 82B0     		sub	sp, sp, #8
 510              		.cfi_def_cfa_offset 16
 511 0004 00AF     		add	r7, sp, #0
 512              		.cfi_def_cfa_register 7
 513 0006 7860     		str	r0, [r7, #4]
 154:.\UARTManager.c ****     pmessage->_messagestate = FREE;
 514              		.loc 1 154 0
 515 0008 7B68     		ldr	r3, [r7, #4]
 516 000a C022     		movs	r2, #192
 517 000c 1A70     		strb	r2, [r3]
 155:.\UARTManager.c ****     pmessage->_messagelength = 0x0000;
 518              		.loc 1 155 0
 519 000e 7B68     		ldr	r3, [r7, #4]
 520 0010 0022     		movs	r2, #0
 521 0012 5A80     		strh	r2, [r3, #2]	@ movhi
 156:.\UARTManager.c ****     memset(pmessage->_messagetx, 0x00, _MAX_MESSAGE_SIZE_);
ARM GAS  C:\Users\RECEPC~1\AppData\Local\Temp\ccl4lE1S.s 			page 13


 522              		.loc 1 156 0
 523 0014 7B68     		ldr	r3, [r7, #4]
 524 0016 0433     		adds	r3, r3, #4
 525 0018 1846     		mov	r0, r3
 526 001a 0021     		movs	r1, #0
 527 001c 4FF48072 		mov	r2, #256
 528 0020 FFF7FEFF 		bl	memset
 157:.\UARTManager.c ****     pmessage->_puartmanager = NULL;
 529              		.loc 1 157 0
 530 0024 7B68     		ldr	r3, [r7, #4]
 531 0026 0022     		movs	r2, #0
 532 0028 C3F80821 		str	r2, [r3, #264]
 158:.\UARTManager.c **** }
 533              		.loc 1 158 0
 534 002c 0837     		adds	r7, r7, #8
 535              		.cfi_def_cfa_offset 8
 536 002e BD46     		mov	sp, r7
 537              		.cfi_def_cfa_register 13
 538              		@ sp needed
 539 0030 80BD     		pop	{r7, pc}
 540              		.cfi_endproc
 541              	.LFE67:
 542              		.size	ReleaseMessage, .-ReleaseMessage
 543 0032 00BF     		.text
 544              	.Letext0:
 545              		.file 2 "c:\\program files (x86)\\cypress\\psoc creator\\3.3\\psoc creator\\import\\gnu\\arm\\4.9.
 546              		.file 3 "c:\\program files (x86)\\cypress\\psoc creator\\3.3\\psoc creator\\import\\gnu\\arm\\4.9.
 547              		.file 4 "Generated_Source\\PSoC5/cytypes.h"
 548              		.file 5 ".\\UARTManager.h"
 549              		.file 6 "Generated_Source\\PSoC5/core_cm3.h"
 550              		.file 7 ".\\GlobalDefinitions.h"
 551              		.section	.debug_info,"",%progbits
 552              	.Ldebug_info0:
 553 0000 BC040000 		.4byte	0x4bc
 554 0004 0400     		.2byte	0x4
 555 0006 00000000 		.4byte	.Ldebug_abbrev0
 556 000a 04       		.byte	0x4
 557 000b 01       		.uleb128 0x1
 558 000c 05000000 		.4byte	.LASF74
 559 0010 01       		.byte	0x1
 560 0011 40010000 		.4byte	.LASF75
 561 0015 07030000 		.4byte	.LASF76
 562 0019 00000000 		.4byte	.Ldebug_ranges0+0
 563 001d 00000000 		.4byte	0
 564 0021 00000000 		.4byte	.Ldebug_line0
 565 0025 02       		.uleb128 0x2
 566 0026 01       		.byte	0x1
 567 0027 06       		.byte	0x6
 568 0028 48020000 		.4byte	.LASF0
 569 002c 02       		.uleb128 0x2
 570 002d 01       		.byte	0x1
 571 002e 08       		.byte	0x8
 572 002f 32020000 		.4byte	.LASF1
 573 0033 02       		.uleb128 0x2
 574 0034 02       		.byte	0x2
 575 0035 05       		.byte	0x5
 576 0036 CC000000 		.4byte	.LASF2
ARM GAS  C:\Users\RECEPC~1\AppData\Local\Temp\ccl4lE1S.s 			page 14


 577 003a 02       		.uleb128 0x2
 578 003b 02       		.byte	0x2
 579 003c 07       		.byte	0x7
 580 003d E4020000 		.4byte	.LASF3
 581 0041 03       		.uleb128 0x3
 582 0042 FE030000 		.4byte	.LASF9
 583 0046 02       		.byte	0x2
 584 0047 3F       		.byte	0x3f
 585 0048 4C000000 		.4byte	0x4c
 586 004c 02       		.uleb128 0x2
 587 004d 04       		.byte	0x4
 588 004e 05       		.byte	0x5
 589 004f C5020000 		.4byte	.LASF4
 590 0053 02       		.uleb128 0x2
 591 0054 04       		.byte	0x4
 592 0055 07       		.byte	0x7
 593 0056 BD030000 		.4byte	.LASF5
 594 005a 02       		.uleb128 0x2
 595 005b 08       		.byte	0x8
 596 005c 05       		.byte	0x5
 597 005d 76010000 		.4byte	.LASF6
 598 0061 02       		.uleb128 0x2
 599 0062 08       		.byte	0x8
 600 0063 07       		.byte	0x7
 601 0064 54020000 		.4byte	.LASF7
 602 0068 04       		.uleb128 0x4
 603 0069 04       		.byte	0x4
 604 006a 05       		.byte	0x5
 605 006b 696E7400 		.ascii	"int\000"
 606 006f 02       		.uleb128 0x2
 607 0070 04       		.byte	0x4
 608 0071 07       		.byte	0x7
 609 0072 7A020000 		.4byte	.LASF8
 610 0076 03       		.uleb128 0x3
 611 0077 D6020000 		.4byte	.LASF10
 612 007b 03       		.byte	0x3
 613 007c 2C       		.byte	0x2c
 614 007d 41000000 		.4byte	0x41
 615 0081 05       		.uleb128 0x5
 616 0082 50010000 		.4byte	.LASF11
 617 0086 04       		.byte	0x4
 618 0087 3801     		.2byte	0x138
 619 0089 2C000000 		.4byte	0x2c
 620 008d 05       		.uleb128 0x5
 621 008e 27010000 		.4byte	.LASF12
 622 0092 04       		.byte	0x4
 623 0093 3901     		.2byte	0x139
 624 0095 3A000000 		.4byte	0x3a
 625 0099 02       		.uleb128 0x2
 626 009a 04       		.byte	0x4
 627 009b 04       		.byte	0x4
 628 009c 70010000 		.4byte	.LASF13
 629 00a0 02       		.uleb128 0x2
 630 00a1 08       		.byte	0x8
 631 00a2 04       		.byte	0x4
 632 00a3 CF030000 		.4byte	.LASF14
 633 00a7 05       		.uleb128 0x5
ARM GAS  C:\Users\RECEPC~1\AppData\Local\Temp\ccl4lE1S.s 			page 15


 634 00a8 DE020000 		.4byte	.LASF15
 635 00ac 04       		.byte	0x4
 636 00ad 4901     		.2byte	0x149
 637 00af B3000000 		.4byte	0xb3
 638 00b3 02       		.uleb128 0x2
 639 00b4 01       		.byte	0x1
 640 00b5 08       		.byte	0x8
 641 00b6 C0020000 		.4byte	.LASF16
 642 00ba 06       		.uleb128 0x6
 643 00bb 81000000 		.4byte	0x81
 644 00bf 06       		.uleb128 0x6
 645 00c0 8D000000 		.4byte	0x8d
 646 00c4 07       		.uleb128 0x7
 647 00c5 04       		.byte	0x4
 648 00c6 CA000000 		.4byte	0xca
 649 00ca 08       		.uleb128 0x8
 650 00cb 02       		.uleb128 0x2
 651 00cc 04       		.byte	0x4
 652 00cd 07       		.byte	0x7
 653 00ce D6000000 		.4byte	.LASF17
 654 00d2 09       		.uleb128 0x9
 655 00d3 04       		.byte	0x4
 656 00d4 02       		.uleb128 0x2
 657 00d5 08       		.byte	0x8
 658 00d6 04       		.byte	0x4
 659 00d7 0C010000 		.4byte	.LASF18
 660 00db 07       		.uleb128 0x7
 661 00dc 04       		.byte	0x4
 662 00dd A7000000 		.4byte	0xa7
 663 00e1 02       		.uleb128 0x2
 664 00e2 01       		.byte	0x1
 665 00e3 02       		.byte	0x2
 666 00e4 72030000 		.4byte	.LASF19
 667 00e8 0A       		.uleb128 0xa
 668 00e9 F3000000 		.4byte	0xf3
 669 00ed 0B       		.uleb128 0xb
 670 00ee D2000000 		.4byte	0xd2
 671 00f2 00       		.byte	0
 672 00f3 07       		.uleb128 0x7
 673 00f4 04       		.byte	0x4
 674 00f5 E8000000 		.4byte	0xe8
 675 00f9 0C       		.uleb128 0xc
 676 00fa AB000000 		.4byte	.LASF44
 677 00fe 4C       		.byte	0x4c
 678 00ff 05       		.byte	0x5
 679 0100 2C       		.byte	0x2c
 680 0101 EA010000 		.4byte	0x1ea
 681 0105 0D       		.uleb128 0xd
 682 0106 0D040000 		.4byte	.LASF20
 683 010a 05       		.byte	0x5
 684 010b 2E       		.byte	0x2e
 685 010c 81000000 		.4byte	0x81
 686 0110 00       		.byte	0
 687 0111 0D       		.uleb128 0xd
 688 0112 A2030000 		.4byte	.LASF21
 689 0116 05       		.byte	0x5
 690 0117 31       		.byte	0x31
ARM GAS  C:\Users\RECEPC~1\AppData\Local\Temp\ccl4lE1S.s 			page 16


 691 0118 F3000000 		.4byte	0xf3
 692 011c 04       		.byte	0x4
 693 011d 0D       		.uleb128 0xd
 694 011e 26040000 		.4byte	.LASF22
 695 0122 05       		.byte	0x5
 696 0123 34       		.byte	0x34
 697 0124 C4000000 		.4byte	0xc4
 698 0128 08       		.byte	0x8
 699 0129 0D       		.uleb128 0xd
 700 012a 08040000 		.4byte	.LASF23
 701 012e 05       		.byte	0x5
 702 012f 35       		.byte	0x35
 703 0130 C4000000 		.4byte	0xc4
 704 0134 0C       		.byte	0xc
 705 0135 0D       		.uleb128 0xd
 706 0136 AC020000 		.4byte	.LASF24
 707 013a 05       		.byte	0x5
 708 013b 36       		.byte	0x36
 709 013c EF010000 		.4byte	0x1ef
 710 0140 10       		.byte	0x10
 711 0141 0D       		.uleb128 0xd
 712 0142 A5010000 		.4byte	.LASF25
 713 0146 05       		.byte	0x5
 714 0147 37       		.byte	0x37
 715 0148 00020000 		.4byte	0x200
 716 014c 14       		.byte	0x14
 717 014d 0D       		.uleb128 0xd
 718 014e F3030000 		.4byte	.LASF26
 719 0152 05       		.byte	0x5
 720 0153 39       		.byte	0x39
 721 0154 EF010000 		.4byte	0x1ef
 722 0158 18       		.byte	0x18
 723 0159 0D       		.uleb128 0xd
 724 015a DF000000 		.4byte	.LASF27
 725 015e 05       		.byte	0x5
 726 015f 3A       		.byte	0x3a
 727 0160 EF010000 		.4byte	0x1ef
 728 0164 1C       		.byte	0x1c
 729 0165 0D       		.uleb128 0xd
 730 0166 90030000 		.4byte	.LASF28
 731 016a 05       		.byte	0x5
 732 016b 3B       		.byte	0x3b
 733 016c EF010000 		.4byte	0x1ef
 734 0170 20       		.byte	0x20
 735 0171 0D       		.uleb128 0xd
 736 0172 40020000 		.4byte	.LASF29
 737 0176 05       		.byte	0x5
 738 0177 3C       		.byte	0x3c
 739 0178 0B020000 		.4byte	0x20b
 740 017c 24       		.byte	0x24
 741 017d 0D       		.uleb128 0xd
 742 017e 93000000 		.4byte	.LASF30
 743 0182 05       		.byte	0x5
 744 0183 3D       		.byte	0x3d
 745 0184 0B020000 		.4byte	0x20b
 746 0188 28       		.byte	0x28
 747 0189 0D       		.uleb128 0xd
ARM GAS  C:\Users\RECEPC~1\AppData\Local\Temp\ccl4lE1S.s 			page 17


 748 018a 5A040000 		.4byte	.LASF31
 749 018e 05       		.byte	0x5
 750 018f 3E       		.byte	0x3e
 751 0190 C4000000 		.4byte	0xc4
 752 0194 2C       		.byte	0x2c
 753 0195 0D       		.uleb128 0xd
 754 0196 2E010000 		.4byte	.LASF32
 755 019a 05       		.byte	0x5
 756 019b 40       		.byte	0x40
 757 019c 00020000 		.4byte	0x200
 758 01a0 30       		.byte	0x30
 759 01a1 0D       		.uleb128 0xd
 760 01a2 D8010000 		.4byte	.LASF33
 761 01a6 05       		.byte	0x5
 762 01a7 41       		.byte	0x41
 763 01a8 EF010000 		.4byte	0x1ef
 764 01ac 34       		.byte	0x34
 765 01ad 0D       		.uleb128 0xd
 766 01ae 2A020000 		.4byte	.LASF34
 767 01b2 05       		.byte	0x5
 768 01b3 42       		.byte	0x42
 769 01b4 00020000 		.4byte	0x200
 770 01b8 38       		.byte	0x38
 771 01b9 0D       		.uleb128 0xd
 772 01ba 50040000 		.4byte	.LASF35
 773 01be 05       		.byte	0x5
 774 01bf 43       		.byte	0x43
 775 01c0 27020000 		.4byte	0x227
 776 01c4 3C       		.byte	0x3c
 777 01c5 0D       		.uleb128 0xd
 778 01c6 75040000 		.4byte	.LASF36
 779 01ca 05       		.byte	0x5
 780 01cb 44       		.byte	0x44
 781 01cc 48020000 		.4byte	0x248
 782 01d0 40       		.byte	0x40
 783 01d1 0D       		.uleb128 0xd
 784 01d2 FE010000 		.4byte	.LASF37
 785 01d6 05       		.byte	0x5
 786 01d7 45       		.byte	0x45
 787 01d8 00020000 		.4byte	0x200
 788 01dc 44       		.byte	0x44
 789 01dd 0D       		.uleb128 0xd
 790 01de 91020000 		.4byte	.LASF38
 791 01e2 05       		.byte	0x5
 792 01e3 46       		.byte	0x46
 793 01e4 C4000000 		.4byte	0xc4
 794 01e8 48       		.byte	0x48
 795 01e9 00       		.byte	0
 796 01ea 0E       		.uleb128 0xe
 797 01eb 81000000 		.4byte	0x81
 798 01ef 07       		.uleb128 0x7
 799 01f0 04       		.byte	0x4
 800 01f1 EA010000 		.4byte	0x1ea
 801 01f5 0A       		.uleb128 0xa
 802 01f6 00020000 		.4byte	0x200
 803 01fa 0B       		.uleb128 0xb
 804 01fb 81000000 		.4byte	0x81
ARM GAS  C:\Users\RECEPC~1\AppData\Local\Temp\ccl4lE1S.s 			page 18


 805 01ff 00       		.byte	0
 806 0200 07       		.uleb128 0x7
 807 0201 04       		.byte	0x4
 808 0202 F5010000 		.4byte	0x1f5
 809 0206 0E       		.uleb128 0xe
 810 0207 8D000000 		.4byte	0x8d
 811 020b 07       		.uleb128 0x7
 812 020c 04       		.byte	0x4
 813 020d 06020000 		.4byte	0x206
 814 0211 0A       		.uleb128 0xa
 815 0212 1C020000 		.4byte	0x21c
 816 0216 0B       		.uleb128 0xb
 817 0217 1C020000 		.4byte	0x21c
 818 021b 00       		.byte	0
 819 021c 07       		.uleb128 0x7
 820 021d 04       		.byte	0x4
 821 021e 22020000 		.4byte	0x222
 822 0222 0F       		.uleb128 0xf
 823 0223 A7000000 		.4byte	0xa7
 824 0227 07       		.uleb128 0x7
 825 0228 04       		.byte	0x4
 826 0229 11020000 		.4byte	0x211
 827 022d 0A       		.uleb128 0xa
 828 022e 3D020000 		.4byte	0x23d
 829 0232 0B       		.uleb128 0xb
 830 0233 3D020000 		.4byte	0x23d
 831 0237 0B       		.uleb128 0xb
 832 0238 81000000 		.4byte	0x81
 833 023c 00       		.byte	0
 834 023d 07       		.uleb128 0x7
 835 023e 04       		.byte	0x4
 836 023f 43020000 		.4byte	0x243
 837 0243 0F       		.uleb128 0xf
 838 0244 81000000 		.4byte	0x81
 839 0248 07       		.uleb128 0x7
 840 0249 04       		.byte	0x4
 841 024a 2D020000 		.4byte	0x22d
 842 024e 03       		.uleb128 0x3
 843 024f 66030000 		.4byte	.LASF39
 844 0253 05       		.byte	0x5
 845 0254 48       		.byte	0x48
 846 0255 F9000000 		.4byte	0xf9
 847 0259 03       		.uleb128 0x3
 848 025a EC000000 		.4byte	.LASF40
 849 025e 05       		.byte	0x5
 850 025f 48       		.byte	0x48
 851 0260 64020000 		.4byte	0x264
 852 0264 07       		.uleb128 0x7
 853 0265 04       		.byte	0x4
 854 0266 F9000000 		.4byte	0xf9
 855 026a 10       		.uleb128 0x10
 856 026b 15020000 		.4byte	.LASF53
 857 026f 01       		.byte	0x1
 858 0270 05       		.byte	0x5
 859 0271 51       		.byte	0x51
 860 0272 8C020000 		.4byte	0x28c
 861 0276 11       		.uleb128 0x11
ARM GAS  C:\Users\RECEPC~1\AppData\Local\Temp\ccl4lE1S.s 			page 19


 862 0277 00000000 		.4byte	.LASF41
 863 027b C001     		.sleb128 192
 864 027d 11       		.uleb128 0x11
 865 027e 87020000 		.4byte	.LASF42
 866 0282 C101     		.sleb128 193
 867 0284 11       		.uleb128 0x11
 868 0285 A3000000 		.4byte	.LASF43
 869 0289 C201     		.sleb128 194
 870 028b 00       		.byte	0
 871 028c 12       		.uleb128 0x12
 872 028d D6030000 		.4byte	.LASF45
 873 0291 0C01     		.2byte	0x10c
 874 0293 05       		.byte	0x5
 875 0294 59       		.byte	0x59
 876 0295 D8020000 		.4byte	0x2d8
 877 0299 0D       		.uleb128 0xd
 878 029a 84010000 		.4byte	.LASF46
 879 029e 05       		.byte	0x5
 880 029f 5B       		.byte	0x5b
 881 02a0 BA000000 		.4byte	0xba
 882 02a4 00       		.byte	0
 883 02a5 0D       		.uleb128 0xd
 884 02a6 18010000 		.4byte	.LASF47
 885 02aa 05       		.byte	0x5
 886 02ab 5C       		.byte	0x5c
 887 02ac BF000000 		.4byte	0xbf
 888 02b0 02       		.byte	0x2
 889 02b1 0D       		.uleb128 0xd
 890 02b2 7E040000 		.4byte	.LASF48
 891 02b6 05       		.byte	0x5
 892 02b7 5D       		.byte	0x5d
 893 02b8 D8020000 		.4byte	0x2d8
 894 02bc 04       		.byte	0x4
 895 02bd 13       		.uleb128 0x13
 896 02be 9F020000 		.4byte	.LASF49
 897 02c2 05       		.byte	0x5
 898 02c3 5E       		.byte	0x5e
 899 02c4 F8020000 		.4byte	0x2f8
 900 02c8 0401     		.2byte	0x104
 901 02ca 13       		.uleb128 0x13
 902 02cb CA010000 		.4byte	.LASF50
 903 02cf 05       		.byte	0x5
 904 02d0 60       		.byte	0x60
 905 02d1 FE020000 		.4byte	0x2fe
 906 02d5 0801     		.2byte	0x108
 907 02d7 00       		.byte	0
 908 02d8 14       		.uleb128 0x14
 909 02d9 A7000000 		.4byte	0xa7
 910 02dd E8020000 		.4byte	0x2e8
 911 02e1 15       		.uleb128 0x15
 912 02e2 CB000000 		.4byte	0xcb
 913 02e6 FF       		.byte	0xff
 914 02e7 00       		.byte	0
 915 02e8 0A       		.uleb128 0xa
 916 02e9 F8020000 		.4byte	0x2f8
 917 02ed 0B       		.uleb128 0xb
 918 02ee 81000000 		.4byte	0x81
ARM GAS  C:\Users\RECEPC~1\AppData\Local\Temp\ccl4lE1S.s 			page 20


 919 02f2 0B       		.uleb128 0xb
 920 02f3 DB000000 		.4byte	0xdb
 921 02f7 00       		.byte	0
 922 02f8 07       		.uleb128 0x7
 923 02f9 04       		.byte	0x4
 924 02fa E8020000 		.4byte	0x2e8
 925 02fe 07       		.uleb128 0x7
 926 02ff 04       		.byte	0x4
 927 0300 4E020000 		.4byte	0x24e
 928 0304 03       		.uleb128 0x3
 929 0305 B1030000 		.4byte	.LASF51
 930 0309 05       		.byte	0x5
 931 030a 61       		.byte	0x61
 932 030b 8C020000 		.4byte	0x28c
 933 030f 03       		.uleb128 0x3
 934 0310 FC000000 		.4byte	.LASF52
 935 0314 05       		.byte	0x5
 936 0315 61       		.byte	0x61
 937 0316 1A030000 		.4byte	0x31a
 938 031a 07       		.uleb128 0x7
 939 031b 04       		.byte	0x4
 940 031c 8C020000 		.4byte	0x28c
 941 0320 10       		.uleb128 0x10
 942 0321 56010000 		.4byte	.LASF54
 943 0325 01       		.byte	0x1
 944 0326 05       		.byte	0x5
 945 0327 6D       		.byte	0x6d
 946 0328 57030000 		.4byte	0x357
 947 032c 11       		.uleb128 0x11
 948 032d 48040000 		.4byte	.LASF55
 949 0331 A001     		.sleb128 160
 950 0333 11       		.uleb128 0x11
 951 0334 19040000 		.4byte	.LASF56
 952 0338 A101     		.sleb128 161
 953 033a 11       		.uleb128 0x11
 954 033b 89040000 		.4byte	.LASF57
 955 033f A201     		.sleb128 162
 956 0341 11       		.uleb128 0x11
 957 0342 2C040000 		.4byte	.LASF58
 958 0346 A301     		.sleb128 163
 959 0348 11       		.uleb128 0x11
 960 0349 3A040000 		.4byte	.LASF59
 961 034d A401     		.sleb128 164
 962 034f 11       		.uleb128 0x11
 963 0350 98030000 		.4byte	.LASF60
 964 0354 A501     		.sleb128 165
 965 0356 00       		.byte	0
 966 0357 16       		.uleb128 0x16
 967 0358 BA000000 		.4byte	.LASF68
 968 035c 01       		.byte	0x1
 969 035d 4A       		.byte	0x4a
 970 035e 00000000 		.4byte	.LFB63
 971 0362 50000000 		.4byte	.LFE63-.LFB63
 972 0366 01       		.uleb128 0x1
 973 0367 9C       		.byte	0x9c
 974 0368 93030000 		.4byte	0x393
 975 036c 17       		.uleb128 0x17
ARM GAS  C:\Users\RECEPC~1\AppData\Local\Temp\ccl4lE1S.s 			page 21


 976 036d 3A010000 		.4byte	.LASF61
 977 0371 01       		.byte	0x1
 978 0372 4C       		.byte	0x4c
 979 0373 81000000 		.4byte	0x81
 980 0377 02       		.uleb128 0x2
 981 0378 91       		.byte	0x91
 982 0379 77       		.sleb128 -9
 983 037a 18       		.uleb128 0x18
 984 037b 0C000000 		.4byte	.LBB2
 985 037f 2C000000 		.4byte	.LBE2-.LBB2
 986 0383 17       		.uleb128 0x17
 987 0384 F5010000 		.4byte	.LASF62
 988 0388 01       		.byte	0x1
 989 0389 4E       		.byte	0x4e
 990 038a 0F030000 		.4byte	0x30f
 991 038e 02       		.uleb128 0x2
 992 038f 91       		.byte	0x91
 993 0390 70       		.sleb128 -16
 994 0391 00       		.byte	0
 995 0392 00       		.byte	0
 996 0393 19       		.uleb128 0x19
 997 0394 06020000 		.4byte	.LASF64
 998 0398 01       		.byte	0x1
 999 0399 5D       		.byte	0x5d
 1000 039a 64020000 		.4byte	0x264
 1001 039e 00000000 		.4byte	.LFB64
 1002 03a2 3C000000 		.4byte	.LFE64-.LFB64
 1003 03a6 01       		.uleb128 0x1
 1004 03a7 9C       		.byte	0x9c
 1005 03a8 C9030000 		.4byte	0x3c9
 1006 03ac 1A       		.uleb128 0x1a
 1007 03ad 78030000 		.4byte	.LASF66
 1008 03b1 01       		.byte	0x1
 1009 03b2 5D       		.byte	0x5d
 1010 03b3 81000000 		.4byte	0x81
 1011 03b7 02       		.uleb128 0x2
 1012 03b8 91       		.byte	0x91
 1013 03b9 6F       		.sleb128 -17
 1014 03ba 17       		.uleb128 0x17
 1015 03bb 80030000 		.4byte	.LASF63
 1016 03bf 01       		.byte	0x1
 1017 03c0 5F       		.byte	0x5f
 1018 03c1 59020000 		.4byte	0x259
 1019 03c5 02       		.uleb128 0x2
 1020 03c6 91       		.byte	0x91
 1021 03c7 74       		.sleb128 -12
 1022 03c8 00       		.byte	0
 1023 03c9 1B       		.uleb128 0x1b
 1024 03ca 92010000 		.4byte	.LASF65
 1025 03ce 01       		.byte	0x1
 1026 03cf 6F       		.byte	0x6f
 1027 03d0 1A030000 		.4byte	0x31a
 1028 03d4 00000000 		.4byte	.LFB65
 1029 03d8 B4000000 		.4byte	.LFE65-.LFB65
 1030 03dc 01       		.uleb128 0x1
 1031 03dd 9C       		.byte	0x9c
 1032 03de 0D040000 		.4byte	0x40d
ARM GAS  C:\Users\RECEPC~1\AppData\Local\Temp\ccl4lE1S.s 			page 22


 1033 03e2 1A       		.uleb128 0x1a
 1034 03e3 78030000 		.4byte	.LASF66
 1035 03e7 01       		.byte	0x1
 1036 03e8 6F       		.byte	0x6f
 1037 03e9 81000000 		.4byte	0x81
 1038 03ed 02       		.uleb128 0x2
 1039 03ee 91       		.byte	0x91
 1040 03ef 67       		.sleb128 -25
 1041 03f0 17       		.uleb128 0x17
 1042 03f1 CE020000 		.4byte	.LASF67
 1043 03f5 01       		.byte	0x1
 1044 03f6 71       		.byte	0x71
 1045 03f7 0F030000 		.4byte	0x30f
 1046 03fb 02       		.uleb128 0x2
 1047 03fc 91       		.byte	0x91
 1048 03fd 6C       		.sleb128 -20
 1049 03fe 17       		.uleb128 0x17
 1050 03ff 3A010000 		.4byte	.LASF61
 1051 0403 01       		.byte	0x1
 1052 0404 72       		.byte	0x72
 1053 0405 81000000 		.4byte	0x81
 1054 0409 02       		.uleb128 0x2
 1055 040a 91       		.byte	0x91
 1056 040b 6B       		.sleb128 -21
 1057 040c 00       		.byte	0
 1058 040d 16       		.uleb128 0x16
 1059 040e E5010000 		.4byte	.LASF69
 1060 0412 01       		.byte	0x1
 1061 0413 82       		.byte	0x82
 1062 0414 00000000 		.4byte	.LFB66
 1063 0418 84000000 		.4byte	.LFE66-.LFB66
 1064 041c 01       		.uleb128 0x1
 1065 041d 9C       		.byte	0x9c
 1066 041e 31040000 		.4byte	0x431
 1067 0422 17       		.uleb128 0x17
 1068 0423 3A010000 		.4byte	.LASF61
 1069 0427 01       		.byte	0x1
 1070 0428 84       		.byte	0x84
 1071 0429 81000000 		.4byte	0x81
 1072 042d 02       		.uleb128 0x2
 1073 042e 91       		.byte	0x91
 1074 042f 77       		.sleb128 -9
 1075 0430 00       		.byte	0
 1076 0431 1C       		.uleb128 0x1c
 1077 0432 6B020000 		.4byte	.LASF77
 1078 0436 01       		.byte	0x1
 1079 0437 98       		.byte	0x98
 1080 0438 00000000 		.4byte	.LFB67
 1081 043c 32000000 		.4byte	.LFE67-.LFB67
 1082 0440 01       		.uleb128 0x1
 1083 0441 9C       		.byte	0x9c
 1084 0442 55040000 		.4byte	0x455
 1085 0446 1A       		.uleb128 0x1a
 1086 0447 F5010000 		.4byte	.LASF62
 1087 044b 01       		.byte	0x1
 1088 044c 98       		.byte	0x98
 1089 044d 55040000 		.4byte	0x455
ARM GAS  C:\Users\RECEPC~1\AppData\Local\Temp\ccl4lE1S.s 			page 23


 1090 0451 02       		.uleb128 0x2
 1091 0452 91       		.byte	0x91
 1092 0453 74       		.sleb128 -12
 1093 0454 00       		.byte	0
 1094 0455 07       		.uleb128 0x7
 1095 0456 04       		.byte	0x4
 1096 0457 04030000 		.4byte	0x304
 1097 045b 1D       		.uleb128 0x1d
 1098 045c 68040000 		.4byte	.LASF70
 1099 0460 06       		.byte	0x6
 1100 0461 5506     		.2byte	0x655
 1101 0463 67040000 		.4byte	0x467
 1102 0467 06       		.uleb128 0x6
 1103 0468 76000000 		.4byte	0x76
 1104 046c 1E       		.uleb128 0x1e
 1105 046d E5030000 		.4byte	.LASF71
 1106 0471 07       		.byte	0x7
 1107 0472 52       		.byte	0x52
 1108 0473 81000000 		.4byte	0x81
 1109 0477 05       		.uleb128 0x5
 1110 0478 03       		.byte	0x3
 1111 0479 00000000 		.4byte	HoseDispenser
 1112 047d 14       		.uleb128 0x14
 1113 047e 4E020000 		.4byte	0x24e
 1114 0482 8D040000 		.4byte	0x48d
 1115 0486 15       		.uleb128 0x15
 1116 0487 CB000000 		.4byte	0xcb
 1117 048b 05       		.byte	0x5
 1118 048c 00       		.byte	0
 1119 048d 1E       		.uleb128 0x1e
 1120 048e F7020000 		.4byte	.LASF72
 1121 0492 01       		.byte	0x1
 1122 0493 24       		.byte	0x24
 1123 0494 7D040000 		.4byte	0x47d
 1124 0498 05       		.uleb128 0x5
 1125 0499 03       		.byte	0x3
 1126 049a 00000000 		.4byte	_g_uartmanagers
 1127 049e 14       		.uleb128 0x14
 1128 049f 04030000 		.4byte	0x304
 1129 04a3 AE040000 		.4byte	0x4ae
 1130 04a7 15       		.uleb128 0x15
 1131 04a8 CB000000 		.4byte	0xcb
 1132 04ac 13       		.byte	0x13
 1133 04ad 00       		.byte	0
 1134 04ae 1E       		.uleb128 0x1e
 1135 04af BA010000 		.4byte	.LASF73
 1136 04b3 01       		.byte	0x1
 1137 04b4 38       		.byte	0x38
 1138 04b5 9E040000 		.4byte	0x49e
 1139 04b9 05       		.uleb128 0x5
 1140 04ba 03       		.byte	0x3
 1141 04bb 00000000 		.4byte	_g_uartmessages
 1142 04bf 00       		.byte	0
 1143              		.section	.debug_abbrev,"",%progbits
 1144              	.Ldebug_abbrev0:
 1145 0000 01       		.uleb128 0x1
 1146 0001 11       		.uleb128 0x11
ARM GAS  C:\Users\RECEPC~1\AppData\Local\Temp\ccl4lE1S.s 			page 24


 1147 0002 01       		.byte	0x1
 1148 0003 25       		.uleb128 0x25
 1149 0004 0E       		.uleb128 0xe
 1150 0005 13       		.uleb128 0x13
 1151 0006 0B       		.uleb128 0xb
 1152 0007 03       		.uleb128 0x3
 1153 0008 0E       		.uleb128 0xe
 1154 0009 1B       		.uleb128 0x1b
 1155 000a 0E       		.uleb128 0xe
 1156 000b 55       		.uleb128 0x55
 1157 000c 17       		.uleb128 0x17
 1158 000d 11       		.uleb128 0x11
 1159 000e 01       		.uleb128 0x1
 1160 000f 10       		.uleb128 0x10
 1161 0010 17       		.uleb128 0x17
 1162 0011 00       		.byte	0
 1163 0012 00       		.byte	0
 1164 0013 02       		.uleb128 0x2
 1165 0014 24       		.uleb128 0x24
 1166 0015 00       		.byte	0
 1167 0016 0B       		.uleb128 0xb
 1168 0017 0B       		.uleb128 0xb
 1169 0018 3E       		.uleb128 0x3e
 1170 0019 0B       		.uleb128 0xb
 1171 001a 03       		.uleb128 0x3
 1172 001b 0E       		.uleb128 0xe
 1173 001c 00       		.byte	0
 1174 001d 00       		.byte	0
 1175 001e 03       		.uleb128 0x3
 1176 001f 16       		.uleb128 0x16
 1177 0020 00       		.byte	0
 1178 0021 03       		.uleb128 0x3
 1179 0022 0E       		.uleb128 0xe
 1180 0023 3A       		.uleb128 0x3a
 1181 0024 0B       		.uleb128 0xb
 1182 0025 3B       		.uleb128 0x3b
 1183 0026 0B       		.uleb128 0xb
 1184 0027 49       		.uleb128 0x49
 1185 0028 13       		.uleb128 0x13
 1186 0029 00       		.byte	0
 1187 002a 00       		.byte	0
 1188 002b 04       		.uleb128 0x4
 1189 002c 24       		.uleb128 0x24
 1190 002d 00       		.byte	0
 1191 002e 0B       		.uleb128 0xb
 1192 002f 0B       		.uleb128 0xb
 1193 0030 3E       		.uleb128 0x3e
 1194 0031 0B       		.uleb128 0xb
 1195 0032 03       		.uleb128 0x3
 1196 0033 08       		.uleb128 0x8
 1197 0034 00       		.byte	0
 1198 0035 00       		.byte	0
 1199 0036 05       		.uleb128 0x5
 1200 0037 16       		.uleb128 0x16
 1201 0038 00       		.byte	0
 1202 0039 03       		.uleb128 0x3
 1203 003a 0E       		.uleb128 0xe
ARM GAS  C:\Users\RECEPC~1\AppData\Local\Temp\ccl4lE1S.s 			page 25


 1204 003b 3A       		.uleb128 0x3a
 1205 003c 0B       		.uleb128 0xb
 1206 003d 3B       		.uleb128 0x3b
 1207 003e 05       		.uleb128 0x5
 1208 003f 49       		.uleb128 0x49
 1209 0040 13       		.uleb128 0x13
 1210 0041 00       		.byte	0
 1211 0042 00       		.byte	0
 1212 0043 06       		.uleb128 0x6
 1213 0044 35       		.uleb128 0x35
 1214 0045 00       		.byte	0
 1215 0046 49       		.uleb128 0x49
 1216 0047 13       		.uleb128 0x13
 1217 0048 00       		.byte	0
 1218 0049 00       		.byte	0
 1219 004a 07       		.uleb128 0x7
 1220 004b 0F       		.uleb128 0xf
 1221 004c 00       		.byte	0
 1222 004d 0B       		.uleb128 0xb
 1223 004e 0B       		.uleb128 0xb
 1224 004f 49       		.uleb128 0x49
 1225 0050 13       		.uleb128 0x13
 1226 0051 00       		.byte	0
 1227 0052 00       		.byte	0
 1228 0053 08       		.uleb128 0x8
 1229 0054 15       		.uleb128 0x15
 1230 0055 00       		.byte	0
 1231 0056 27       		.uleb128 0x27
 1232 0057 19       		.uleb128 0x19
 1233 0058 00       		.byte	0
 1234 0059 00       		.byte	0
 1235 005a 09       		.uleb128 0x9
 1236 005b 0F       		.uleb128 0xf
 1237 005c 00       		.byte	0
 1238 005d 0B       		.uleb128 0xb
 1239 005e 0B       		.uleb128 0xb
 1240 005f 00       		.byte	0
 1241 0060 00       		.byte	0
 1242 0061 0A       		.uleb128 0xa
 1243 0062 15       		.uleb128 0x15
 1244 0063 01       		.byte	0x1
 1245 0064 27       		.uleb128 0x27
 1246 0065 19       		.uleb128 0x19
 1247 0066 01       		.uleb128 0x1
 1248 0067 13       		.uleb128 0x13
 1249 0068 00       		.byte	0
 1250 0069 00       		.byte	0
 1251 006a 0B       		.uleb128 0xb
 1252 006b 05       		.uleb128 0x5
 1253 006c 00       		.byte	0
 1254 006d 49       		.uleb128 0x49
 1255 006e 13       		.uleb128 0x13
 1256 006f 00       		.byte	0
 1257 0070 00       		.byte	0
 1258 0071 0C       		.uleb128 0xc
 1259 0072 13       		.uleb128 0x13
 1260 0073 01       		.byte	0x1
ARM GAS  C:\Users\RECEPC~1\AppData\Local\Temp\ccl4lE1S.s 			page 26


 1261 0074 03       		.uleb128 0x3
 1262 0075 0E       		.uleb128 0xe
 1263 0076 0B       		.uleb128 0xb
 1264 0077 0B       		.uleb128 0xb
 1265 0078 3A       		.uleb128 0x3a
 1266 0079 0B       		.uleb128 0xb
 1267 007a 3B       		.uleb128 0x3b
 1268 007b 0B       		.uleb128 0xb
 1269 007c 01       		.uleb128 0x1
 1270 007d 13       		.uleb128 0x13
 1271 007e 00       		.byte	0
 1272 007f 00       		.byte	0
 1273 0080 0D       		.uleb128 0xd
 1274 0081 0D       		.uleb128 0xd
 1275 0082 00       		.byte	0
 1276 0083 03       		.uleb128 0x3
 1277 0084 0E       		.uleb128 0xe
 1278 0085 3A       		.uleb128 0x3a
 1279 0086 0B       		.uleb128 0xb
 1280 0087 3B       		.uleb128 0x3b
 1281 0088 0B       		.uleb128 0xb
 1282 0089 49       		.uleb128 0x49
 1283 008a 13       		.uleb128 0x13
 1284 008b 38       		.uleb128 0x38
 1285 008c 0B       		.uleb128 0xb
 1286 008d 00       		.byte	0
 1287 008e 00       		.byte	0
 1288 008f 0E       		.uleb128 0xe
 1289 0090 15       		.uleb128 0x15
 1290 0091 00       		.byte	0
 1291 0092 27       		.uleb128 0x27
 1292 0093 19       		.uleb128 0x19
 1293 0094 49       		.uleb128 0x49
 1294 0095 13       		.uleb128 0x13
 1295 0096 00       		.byte	0
 1296 0097 00       		.byte	0
 1297 0098 0F       		.uleb128 0xf
 1298 0099 26       		.uleb128 0x26
 1299 009a 00       		.byte	0
 1300 009b 49       		.uleb128 0x49
 1301 009c 13       		.uleb128 0x13
 1302 009d 00       		.byte	0
 1303 009e 00       		.byte	0
 1304 009f 10       		.uleb128 0x10
 1305 00a0 04       		.uleb128 0x4
 1306 00a1 01       		.byte	0x1
 1307 00a2 03       		.uleb128 0x3
 1308 00a3 0E       		.uleb128 0xe
 1309 00a4 0B       		.uleb128 0xb
 1310 00a5 0B       		.uleb128 0xb
 1311 00a6 3A       		.uleb128 0x3a
 1312 00a7 0B       		.uleb128 0xb
 1313 00a8 3B       		.uleb128 0x3b
 1314 00a9 0B       		.uleb128 0xb
 1315 00aa 01       		.uleb128 0x1
 1316 00ab 13       		.uleb128 0x13
 1317 00ac 00       		.byte	0
ARM GAS  C:\Users\RECEPC~1\AppData\Local\Temp\ccl4lE1S.s 			page 27


 1318 00ad 00       		.byte	0
 1319 00ae 11       		.uleb128 0x11
 1320 00af 28       		.uleb128 0x28
 1321 00b0 00       		.byte	0
 1322 00b1 03       		.uleb128 0x3
 1323 00b2 0E       		.uleb128 0xe
 1324 00b3 1C       		.uleb128 0x1c
 1325 00b4 0D       		.uleb128 0xd
 1326 00b5 00       		.byte	0
 1327 00b6 00       		.byte	0
 1328 00b7 12       		.uleb128 0x12
 1329 00b8 13       		.uleb128 0x13
 1330 00b9 01       		.byte	0x1
 1331 00ba 03       		.uleb128 0x3
 1332 00bb 0E       		.uleb128 0xe
 1333 00bc 0B       		.uleb128 0xb
 1334 00bd 05       		.uleb128 0x5
 1335 00be 3A       		.uleb128 0x3a
 1336 00bf 0B       		.uleb128 0xb
 1337 00c0 3B       		.uleb128 0x3b
 1338 00c1 0B       		.uleb128 0xb
 1339 00c2 01       		.uleb128 0x1
 1340 00c3 13       		.uleb128 0x13
 1341 00c4 00       		.byte	0
 1342 00c5 00       		.byte	0
 1343 00c6 13       		.uleb128 0x13
 1344 00c7 0D       		.uleb128 0xd
 1345 00c8 00       		.byte	0
 1346 00c9 03       		.uleb128 0x3
 1347 00ca 0E       		.uleb128 0xe
 1348 00cb 3A       		.uleb128 0x3a
 1349 00cc 0B       		.uleb128 0xb
 1350 00cd 3B       		.uleb128 0x3b
 1351 00ce 0B       		.uleb128 0xb
 1352 00cf 49       		.uleb128 0x49
 1353 00d0 13       		.uleb128 0x13
 1354 00d1 38       		.uleb128 0x38
 1355 00d2 05       		.uleb128 0x5
 1356 00d3 00       		.byte	0
 1357 00d4 00       		.byte	0
 1358 00d5 14       		.uleb128 0x14
 1359 00d6 01       		.uleb128 0x1
 1360 00d7 01       		.byte	0x1
 1361 00d8 49       		.uleb128 0x49
 1362 00d9 13       		.uleb128 0x13
 1363 00da 01       		.uleb128 0x1
 1364 00db 13       		.uleb128 0x13
 1365 00dc 00       		.byte	0
 1366 00dd 00       		.byte	0
 1367 00de 15       		.uleb128 0x15
 1368 00df 21       		.uleb128 0x21
 1369 00e0 00       		.byte	0
 1370 00e1 49       		.uleb128 0x49
 1371 00e2 13       		.uleb128 0x13
 1372 00e3 2F       		.uleb128 0x2f
 1373 00e4 0B       		.uleb128 0xb
 1374 00e5 00       		.byte	0
ARM GAS  C:\Users\RECEPC~1\AppData\Local\Temp\ccl4lE1S.s 			page 28


 1375 00e6 00       		.byte	0
 1376 00e7 16       		.uleb128 0x16
 1377 00e8 2E       		.uleb128 0x2e
 1378 00e9 01       		.byte	0x1
 1379 00ea 3F       		.uleb128 0x3f
 1380 00eb 19       		.uleb128 0x19
 1381 00ec 03       		.uleb128 0x3
 1382 00ed 0E       		.uleb128 0xe
 1383 00ee 3A       		.uleb128 0x3a
 1384 00ef 0B       		.uleb128 0xb
 1385 00f0 3B       		.uleb128 0x3b
 1386 00f1 0B       		.uleb128 0xb
 1387 00f2 11       		.uleb128 0x11
 1388 00f3 01       		.uleb128 0x1
 1389 00f4 12       		.uleb128 0x12
 1390 00f5 06       		.uleb128 0x6
 1391 00f6 40       		.uleb128 0x40
 1392 00f7 18       		.uleb128 0x18
 1393 00f8 9642     		.uleb128 0x2116
 1394 00fa 19       		.uleb128 0x19
 1395 00fb 01       		.uleb128 0x1
 1396 00fc 13       		.uleb128 0x13
 1397 00fd 00       		.byte	0
 1398 00fe 00       		.byte	0
 1399 00ff 17       		.uleb128 0x17
 1400 0100 34       		.uleb128 0x34
 1401 0101 00       		.byte	0
 1402 0102 03       		.uleb128 0x3
 1403 0103 0E       		.uleb128 0xe
 1404 0104 3A       		.uleb128 0x3a
 1405 0105 0B       		.uleb128 0xb
 1406 0106 3B       		.uleb128 0x3b
 1407 0107 0B       		.uleb128 0xb
 1408 0108 49       		.uleb128 0x49
 1409 0109 13       		.uleb128 0x13
 1410 010a 02       		.uleb128 0x2
 1411 010b 18       		.uleb128 0x18
 1412 010c 00       		.byte	0
 1413 010d 00       		.byte	0
 1414 010e 18       		.uleb128 0x18
 1415 010f 0B       		.uleb128 0xb
 1416 0110 01       		.byte	0x1
 1417 0111 11       		.uleb128 0x11
 1418 0112 01       		.uleb128 0x1
 1419 0113 12       		.uleb128 0x12
 1420 0114 06       		.uleb128 0x6
 1421 0115 00       		.byte	0
 1422 0116 00       		.byte	0
 1423 0117 19       		.uleb128 0x19
 1424 0118 2E       		.uleb128 0x2e
 1425 0119 01       		.byte	0x1
 1426 011a 3F       		.uleb128 0x3f
 1427 011b 19       		.uleb128 0x19
 1428 011c 03       		.uleb128 0x3
 1429 011d 0E       		.uleb128 0xe
 1430 011e 3A       		.uleb128 0x3a
 1431 011f 0B       		.uleb128 0xb
ARM GAS  C:\Users\RECEPC~1\AppData\Local\Temp\ccl4lE1S.s 			page 29


 1432 0120 3B       		.uleb128 0x3b
 1433 0121 0B       		.uleb128 0xb
 1434 0122 27       		.uleb128 0x27
 1435 0123 19       		.uleb128 0x19
 1436 0124 49       		.uleb128 0x49
 1437 0125 13       		.uleb128 0x13
 1438 0126 11       		.uleb128 0x11
 1439 0127 01       		.uleb128 0x1
 1440 0128 12       		.uleb128 0x12
 1441 0129 06       		.uleb128 0x6
 1442 012a 40       		.uleb128 0x40
 1443 012b 18       		.uleb128 0x18
 1444 012c 9742     		.uleb128 0x2117
 1445 012e 19       		.uleb128 0x19
 1446 012f 01       		.uleb128 0x1
 1447 0130 13       		.uleb128 0x13
 1448 0131 00       		.byte	0
 1449 0132 00       		.byte	0
 1450 0133 1A       		.uleb128 0x1a
 1451 0134 05       		.uleb128 0x5
 1452 0135 00       		.byte	0
 1453 0136 03       		.uleb128 0x3
 1454 0137 0E       		.uleb128 0xe
 1455 0138 3A       		.uleb128 0x3a
 1456 0139 0B       		.uleb128 0xb
 1457 013a 3B       		.uleb128 0x3b
 1458 013b 0B       		.uleb128 0xb
 1459 013c 49       		.uleb128 0x49
 1460 013d 13       		.uleb128 0x13
 1461 013e 02       		.uleb128 0x2
 1462 013f 18       		.uleb128 0x18
 1463 0140 00       		.byte	0
 1464 0141 00       		.byte	0
 1465 0142 1B       		.uleb128 0x1b
 1466 0143 2E       		.uleb128 0x2e
 1467 0144 01       		.byte	0x1
 1468 0145 3F       		.uleb128 0x3f
 1469 0146 19       		.uleb128 0x19
 1470 0147 03       		.uleb128 0x3
 1471 0148 0E       		.uleb128 0xe
 1472 0149 3A       		.uleb128 0x3a
 1473 014a 0B       		.uleb128 0xb
 1474 014b 3B       		.uleb128 0x3b
 1475 014c 0B       		.uleb128 0xb
 1476 014d 27       		.uleb128 0x27
 1477 014e 19       		.uleb128 0x19
 1478 014f 49       		.uleb128 0x49
 1479 0150 13       		.uleb128 0x13
 1480 0151 11       		.uleb128 0x11
 1481 0152 01       		.uleb128 0x1
 1482 0153 12       		.uleb128 0x12
 1483 0154 06       		.uleb128 0x6
 1484 0155 40       		.uleb128 0x40
 1485 0156 18       		.uleb128 0x18
 1486 0157 9642     		.uleb128 0x2116
 1487 0159 19       		.uleb128 0x19
 1488 015a 01       		.uleb128 0x1
ARM GAS  C:\Users\RECEPC~1\AppData\Local\Temp\ccl4lE1S.s 			page 30


 1489 015b 13       		.uleb128 0x13
 1490 015c 00       		.byte	0
 1491 015d 00       		.byte	0
 1492 015e 1C       		.uleb128 0x1c
 1493 015f 2E       		.uleb128 0x2e
 1494 0160 01       		.byte	0x1
 1495 0161 3F       		.uleb128 0x3f
 1496 0162 19       		.uleb128 0x19
 1497 0163 03       		.uleb128 0x3
 1498 0164 0E       		.uleb128 0xe
 1499 0165 3A       		.uleb128 0x3a
 1500 0166 0B       		.uleb128 0xb
 1501 0167 3B       		.uleb128 0x3b
 1502 0168 0B       		.uleb128 0xb
 1503 0169 27       		.uleb128 0x27
 1504 016a 19       		.uleb128 0x19
 1505 016b 11       		.uleb128 0x11
 1506 016c 01       		.uleb128 0x1
 1507 016d 12       		.uleb128 0x12
 1508 016e 06       		.uleb128 0x6
 1509 016f 40       		.uleb128 0x40
 1510 0170 18       		.uleb128 0x18
 1511 0171 9642     		.uleb128 0x2116
 1512 0173 19       		.uleb128 0x19
 1513 0174 01       		.uleb128 0x1
 1514 0175 13       		.uleb128 0x13
 1515 0176 00       		.byte	0
 1516 0177 00       		.byte	0
 1517 0178 1D       		.uleb128 0x1d
 1518 0179 34       		.uleb128 0x34
 1519 017a 00       		.byte	0
 1520 017b 03       		.uleb128 0x3
 1521 017c 0E       		.uleb128 0xe
 1522 017d 3A       		.uleb128 0x3a
 1523 017e 0B       		.uleb128 0xb
 1524 017f 3B       		.uleb128 0x3b
 1525 0180 05       		.uleb128 0x5
 1526 0181 49       		.uleb128 0x49
 1527 0182 13       		.uleb128 0x13
 1528 0183 3F       		.uleb128 0x3f
 1529 0184 19       		.uleb128 0x19
 1530 0185 3C       		.uleb128 0x3c
 1531 0186 19       		.uleb128 0x19
 1532 0187 00       		.byte	0
 1533 0188 00       		.byte	0
 1534 0189 1E       		.uleb128 0x1e
 1535 018a 34       		.uleb128 0x34
 1536 018b 00       		.byte	0
 1537 018c 03       		.uleb128 0x3
 1538 018d 0E       		.uleb128 0xe
 1539 018e 3A       		.uleb128 0x3a
 1540 018f 0B       		.uleb128 0xb
 1541 0190 3B       		.uleb128 0x3b
 1542 0191 0B       		.uleb128 0xb
 1543 0192 49       		.uleb128 0x49
 1544 0193 13       		.uleb128 0x13
 1545 0194 3F       		.uleb128 0x3f
ARM GAS  C:\Users\RECEPC~1\AppData\Local\Temp\ccl4lE1S.s 			page 31


 1546 0195 19       		.uleb128 0x19
 1547 0196 02       		.uleb128 0x2
 1548 0197 18       		.uleb128 0x18
 1549 0198 00       		.byte	0
 1550 0199 00       		.byte	0
 1551 019a 00       		.byte	0
 1552              		.section	.debug_aranges,"",%progbits
 1553 0000 3C000000 		.4byte	0x3c
 1554 0004 0200     		.2byte	0x2
 1555 0006 00000000 		.4byte	.Ldebug_info0
 1556 000a 04       		.byte	0x4
 1557 000b 00       		.byte	0
 1558 000c 0000     		.2byte	0
 1559 000e 0000     		.2byte	0
 1560 0010 00000000 		.4byte	.LFB63
 1561 0014 50000000 		.4byte	.LFE63-.LFB63
 1562 0018 00000000 		.4byte	.LFB64
 1563 001c 3C000000 		.4byte	.LFE64-.LFB64
 1564 0020 00000000 		.4byte	.LFB65
 1565 0024 B4000000 		.4byte	.LFE65-.LFB65
 1566 0028 00000000 		.4byte	.LFB66
 1567 002c 84000000 		.4byte	.LFE66-.LFB66
 1568 0030 00000000 		.4byte	.LFB67
 1569 0034 32000000 		.4byte	.LFE67-.LFB67
 1570 0038 00000000 		.4byte	0
 1571 003c 00000000 		.4byte	0
 1572              		.section	.debug_ranges,"",%progbits
 1573              	.Ldebug_ranges0:
 1574 0000 00000000 		.4byte	.LFB63
 1575 0004 50000000 		.4byte	.LFE63
 1576 0008 00000000 		.4byte	.LFB64
 1577 000c 3C000000 		.4byte	.LFE64
 1578 0010 00000000 		.4byte	.LFB65
 1579 0014 B4000000 		.4byte	.LFE65
 1580 0018 00000000 		.4byte	.LFB66
 1581 001c 84000000 		.4byte	.LFE66
 1582 0020 00000000 		.4byte	.LFB67
 1583 0024 32000000 		.4byte	.LFE67
 1584 0028 00000000 		.4byte	0
 1585 002c 00000000 		.4byte	0
 1586              		.section	.debug_line,"",%progbits
 1587              	.Ldebug_line0:
 1588 0000 33020000 		.section	.debug_str,"MS",%progbits,1
 1588      02007C01 
 1588      00000201 
 1588      FB0E0D00 
 1588      01010101 
 1589              	.LASF41:
 1590 0000 46524545 		.ascii	"FREE\000"
 1590      00
 1591              	.LASF74:
 1592 0005 474E5520 		.ascii	"GNU C 4.9.3 20150303 (release) [ARM/embedded-4_9-br"
 1592      4320342E 
 1592      392E3320 
 1592      32303135 
 1592      30333033 
 1593 0038 616E6368 		.ascii	"anch revision 221220] -mcpu=cortex-m3 -mthumb -g -O"
ARM GAS  C:\Users\RECEPC~1\AppData\Local\Temp\ccl4lE1S.s 			page 32


 1593      20726576 
 1593      6973696F 
 1593      6E203232 
 1593      31323230 
 1594 006b 30202D66 		.ascii	"0 -ffunction-sections -ffat-lto-objects\000"
 1594      66756E63 
 1594      74696F6E 
 1594      2D736563 
 1594      74696F6E 
 1595              	.LASF30:
 1596 0093 47657452 		.ascii	"GetRxBufferSize\000"
 1596      78427566 
 1596      66657253 
 1596      697A6500 
 1597              	.LASF43:
 1598 00a3 50454E44 		.ascii	"PENDING\000"
 1598      494E4700 
 1599              	.LASF44:
 1600 00ab 5F554152 		.ascii	"_UART_MANAGER_\000"
 1600      545F4D41 
 1600      4E414745 
 1600      525F00
 1601              	.LASF68:
 1602 00ba 55415254 		.ascii	"UARTGlobalHandler\000"
 1602      476C6F62 
 1602      616C4861 
 1602      6E646C65 
 1602      7200
 1603              	.LASF2:
 1604 00cc 73686F72 		.ascii	"short int\000"
 1604      7420696E 
 1604      7400
 1605              	.LASF17:
 1606 00d6 73697A65 		.ascii	"sizetype\000"
 1606      74797065 
 1606      00
 1607              	.LASF27:
 1608 00df 52656164 		.ascii	"ReadRxStatus\000"
 1608      52785374 
 1608      61747573 
 1608      00
 1609              	.LASF40:
 1610 00ec 50554152 		.ascii	"PUARTMANAGERPTR\000"
 1610      544D414E 
 1610      41474552 
 1610      50545200 
 1611              	.LASF52:
 1612 00fc 50554152 		.ascii	"PUARTMESSAGEPTR\000"
 1612      544D4553 
 1612      53414745 
 1612      50545200 
 1613              	.LASF18:
 1614 010c 6C6F6E67 		.ascii	"long double\000"
 1614      20646F75 
 1614      626C6500 
 1615              	.LASF47:
 1616 0118 5F6D6573 		.ascii	"_messagelength\000"
ARM GAS  C:\Users\RECEPC~1\AppData\Local\Temp\ccl4lE1S.s 			page 33


 1616      73616765 
 1616      6C656E67 
 1616      746800
 1617              	.LASF12:
 1618 0127 75696E74 		.ascii	"uint16\000"
 1618      313600
 1619              	.LASF32:
 1620 012e 57726974 		.ascii	"WriteTxData\000"
 1620      65547844 
 1620      61746100 
 1621              	.LASF61:
 1622 013a 696E6465 		.ascii	"index\000"
 1622      7800
 1623              	.LASF75:
 1624 0140 2E5C5541 		.ascii	".\\UARTManager.c\000"
 1624      52544D61 
 1624      6E616765 
 1624      722E6300 
 1625              	.LASF11:
 1626 0150 75696E74 		.ascii	"uint8\000"
 1626      3800
 1627              	.LASF54:
 1628 0156 5F554152 		.ascii	"_UART_MANAGERS_AVAILABLE_\000"
 1628      545F4D41 
 1628      4E414745 
 1628      52535F41 
 1628      5641494C 
 1629              	.LASF13:
 1630 0170 666C6F61 		.ascii	"float\000"
 1630      7400
 1631              	.LASF6:
 1632 0176 6C6F6E67 		.ascii	"long long int\000"
 1632      206C6F6E 
 1632      6720696E 
 1632      7400
 1633              	.LASF46:
 1634 0184 5F6D6573 		.ascii	"_messagestate\000"
 1634      73616765 
 1634      73746174 
 1634      6500
 1635              	.LASF65:
 1636 0192 47657455 		.ascii	"GetUARTMessageSlot\000"
 1636      4152544D 
 1636      65737361 
 1636      6765536C 
 1636      6F7400
 1637              	.LASF25:
 1638 01a5 57726974 		.ascii	"WriteControlRegister\000"
 1638      65436F6E 
 1638      74726F6C 
 1638      52656769 
 1638      73746572 
 1639              	.LASF73:
 1640 01ba 5F675F75 		.ascii	"_g_uartmessages\000"
 1640      6172746D 
 1640      65737361 
 1640      67657300 
ARM GAS  C:\Users\RECEPC~1\AppData\Local\Temp\ccl4lE1S.s 			page 34


 1641              	.LASF50:
 1642 01ca 5F707561 		.ascii	"_puartmanager\000"
 1642      72746D61 
 1642      6E616765 
 1642      7200
 1643              	.LASF33:
 1644 01d8 52656164 		.ascii	"ReadTxStatus\000"
 1644      54785374 
 1644      61747573 
 1644      00
 1645              	.LASF69:
 1646 01e5 496E6974 		.ascii	"InitUARTManager\000"
 1646      55415254 
 1646      4D616E61 
 1646      67657200 
 1647              	.LASF62:
 1648 01f5 706D6573 		.ascii	"pmessage\000"
 1648      73616765 
 1648      00
 1649              	.LASF37:
 1650 01fe 50757443 		.ascii	"PutCRLF\000"
 1650      524C4600 
 1651              	.LASF64:
 1652 0206 47657455 		.ascii	"GetUARTManager\000"
 1652      4152544D 
 1652      616E6167 
 1652      657200
 1653              	.LASF53:
 1654 0215 5F554152 		.ascii	"_UART_MESSAGE_STATE_\000"
 1654      545F4D45 
 1654      53534147 
 1654      455F5354 
 1654      4154455F 
 1655              	.LASF34:
 1656 022a 50757443 		.ascii	"PutChar\000"
 1656      68617200 
 1657              	.LASF1:
 1658 0232 756E7369 		.ascii	"unsigned char\000"
 1658      676E6564 
 1658      20636861 
 1658      7200
 1659              	.LASF29:
 1660 0240 47657442 		.ascii	"GetByte\000"
 1660      79746500 
 1661              	.LASF0:
 1662 0248 7369676E 		.ascii	"signed char\000"
 1662      65642063 
 1662      68617200 
 1663              	.LASF7:
 1664 0254 6C6F6E67 		.ascii	"long long unsigned int\000"
 1664      206C6F6E 
 1664      6720756E 
 1664      7369676E 
 1664      65642069 
 1665              	.LASF77:
 1666 026b 52656C65 		.ascii	"ReleaseMessage\000"
 1666      6173654D 
ARM GAS  C:\Users\RECEPC~1\AppData\Local\Temp\ccl4lE1S.s 			page 35


 1666      65737361 
 1666      676500
 1667              	.LASF8:
 1668 027a 756E7369 		.ascii	"unsigned int\000"
 1668      676E6564 
 1668      20696E74 
 1668      00
 1669              	.LASF42:
 1670 0287 414C4C4F 		.ascii	"ALLOCATED\000"
 1670      43415445 
 1670      4400
 1671              	.LASF38:
 1672 0291 436C6561 		.ascii	"ClearTxBuffer\000"
 1672      72547842 
 1672      75666665 
 1672      7200
 1673              	.LASF49:
 1674 029f 4572726F 		.ascii	"ErrorHandler\000"
 1674      7248616E 
 1674      646C6572 
 1674      00
 1675              	.LASF24:
 1676 02ac 52656164 		.ascii	"ReadControlRegister\000"
 1676      436F6E74 
 1676      726F6C52 
 1676      65676973 
 1676      74657200 
 1677              	.LASF16:
 1678 02c0 63686172 		.ascii	"char\000"
 1678      00
 1679              	.LASF4:
 1680 02c5 6C6F6E67 		.ascii	"long int\000"
 1680      20696E74 
 1680      00
 1681              	.LASF67:
 1682 02ce 70726574 		.ascii	"pretval\000"
 1682      76616C00 
 1683              	.LASF10:
 1684 02d6 696E7433 		.ascii	"int32_t\000"
 1684      325F7400 
 1685              	.LASF15:
 1686 02de 63686172 		.ascii	"char8\000"
 1686      3800
 1687              	.LASF3:
 1688 02e4 73686F72 		.ascii	"short unsigned int\000"
 1688      7420756E 
 1688      7369676E 
 1688      65642069 
 1688      6E7400
 1689              	.LASF72:
 1690 02f7 5F675F75 		.ascii	"_g_uartmanagers\000"
 1690      6172746D 
 1690      616E6167 
 1690      65727300 
 1691              	.LASF76:
 1692 0307 433A5C54 		.ascii	"C:\\TeamInsepet\\NSX-Prime\\Hardware\\CorEx-MUX-Ker"
 1692      65616D49 
ARM GAS  C:\Users\RECEPC~1\AppData\Local\Temp\ccl4lE1S.s 			page 36


 1692      6E736570 
 1692      65745C4E 
 1692      53582D50 
 1693 0336 6E656C2D 		.ascii	"nel-Enhanced\\Workspace01\\CorEx-Mux-Kernel.cydsn\000"
 1693      456E6861 
 1693      6E636564 
 1693      5C576F72 
 1693      6B737061 
 1694              	.LASF39:
 1695 0366 55415254 		.ascii	"UARTManager\000"
 1695      4D616E61 
 1695      67657200 
 1696              	.LASF19:
 1697 0372 5F426F6F 		.ascii	"_Bool\000"
 1697      6C00
 1698              	.LASF66:
 1699 0378 6D616E61 		.ascii	"manager\000"
 1699      67657200 
 1700              	.LASF63:
 1701 0380 70726574 		.ascii	"pretvaliterator\000"
 1701      76616C69 
 1701      74657261 
 1701      746F7200 
 1702              	.LASF28:
 1703 0390 47657443 		.ascii	"GetChar\000"
 1703      68617200 
 1704              	.LASF60:
 1705 0398 55415254 		.ascii	"UART_NULL\000"
 1705      5F4E554C 
 1705      4C00
 1706              	.LASF21:
 1707 03a2 43757374 		.ascii	"CustomUARTSend\000"
 1707      6F6D5541 
 1707      52545365 
 1707      6E6400
 1708              	.LASF51:
 1709 03b1 55415254 		.ascii	"UARTMessage\000"
 1709      4D657373 
 1709      61676500 
 1710              	.LASF5:
 1711 03bd 6C6F6E67 		.ascii	"long unsigned int\000"
 1711      20756E73 
 1711      69676E65 
 1711      6420696E 
 1711      7400
 1712              	.LASF14:
 1713 03cf 646F7562 		.ascii	"double\000"
 1713      6C6500
 1714              	.LASF45:
 1715 03d6 5F554152 		.ascii	"_UART_MESSAGE_\000"
 1715      545F4D45 
 1715      53534147 
 1715      455F00
 1716              	.LASF71:
 1717 03e5 486F7365 		.ascii	"HoseDispenser\000"
 1717      44697370 
 1717      656E7365 
ARM GAS  C:\Users\RECEPC~1\AppData\Local\Temp\ccl4lE1S.s 			page 37


 1717      7200
 1718              	.LASF26:
 1719 03f3 52656164 		.ascii	"ReadRxData\000"
 1719      52784461 
 1719      746100
 1720              	.LASF9:
 1721 03fe 5F5F696E 		.ascii	"__int32_t\000"
 1721      7433325F 
 1721      7400
 1722              	.LASF23:
 1723 0408 53746F70 		.ascii	"Stop\000"
 1723      00
 1724              	.LASF20:
 1725 040d 5F696465 		.ascii	"_identifier\000"
 1725      6E746966 
 1725      69657200 
 1726              	.LASF56:
 1727 0419 55415254 		.ascii	"UART_PRINTER\000"
 1727      5F505249 
 1727      4E544552 
 1727      00
 1728              	.LASF22:
 1729 0426 53746172 		.ascii	"Start\000"
 1729      7400
 1730              	.LASF58:
 1731 042c 55415254 		.ascii	"UART_DISPLAY1\000"
 1731      5F444953 
 1731      504C4159 
 1731      3100
 1732              	.LASF59:
 1733 043a 55415254 		.ascii	"UART_DISPLAY2\000"
 1733      5F444953 
 1733      504C4159 
 1733      3200
 1734              	.LASF55:
 1735 0448 55415254 		.ascii	"UART_RF\000"
 1735      5F524600 
 1736              	.LASF35:
 1737 0450 50757453 		.ascii	"PutString\000"
 1737      7472696E 
 1737      6700
 1738              	.LASF31:
 1739 045a 436C6561 		.ascii	"ClearRxBuffer\000"
 1739      72527842 
 1739      75666665 
 1739      7200
 1740              	.LASF70:
 1741 0468 49544D5F 		.ascii	"ITM_RxBuffer\000"
 1741      52784275 
 1741      66666572 
 1741      00
 1742              	.LASF36:
 1743 0475 50757441 		.ascii	"PutArray\000"
 1743      72726179 
 1743      00
 1744              	.LASF48:
 1745 047e 5F6D6573 		.ascii	"_messagetx\000"
ARM GAS  C:\Users\RECEPC~1\AppData\Local\Temp\ccl4lE1S.s 			page 38


 1745      73616765 
 1745      747800
 1746              	.LASF57:
 1747 0489 55415254 		.ascii	"UART_DISPENSER\000"
 1747      5F444953 
 1747      50454E53 
 1747      455200
 1748              		.ident	"GCC: (GNU Tools for ARM Embedded Processors) 4.9.3 20150303 (release) [ARM/embedded-4_9-br
