ARM GAS  C:\Users\Lenovo\AppData\Local\Temp\ccBukUSZ.s 			page 1


   1              		.syntax unified
   2              		.cpu cortex-m3
   3              		.fpu softvfp
   4              		.eabi_attribute 20, 1
   5              		.eabi_attribute 21, 1
   6              		.eabi_attribute 23, 3
   7              		.eabi_attribute 24, 1
   8              		.eabi_attribute 25, 1
   9              		.eabi_attribute 26, 1
  10              		.eabi_attribute 30, 6
  11              		.eabi_attribute 34, 1
  12              		.eabi_attribute 18, 4
  13              		.thumb
  14              		.file	"Utils.c"
  15              		.text
  16              	.Ltext0:
  17              		.cfi_sections	.debug_frame
  18              		.comm	HoseDispenser,1,1
  19              		.global	__aeabi_ui2d
  20              		.global	__aeabi_i2d
  21              		.global	__aeabi_dmul
  22              		.global	__aeabi_ul2d
  23              		.global	__aeabi_dadd
  24              		.global	__aeabi_d2ulz
  25              		.section	.text.BCDPositiveValueToUInt,"ax",%progbits
  26              		.align	2
  27              		.global	BCDPositiveValueToUInt
  28              		.thumb
  29              		.thumb_func
  30              		.type	BCDPositiveValueToUInt, %function
  31              	BCDPositiveValueToUInt:
  32              	.LFB0:
  33              		.file 1 ".\\Utils.c"
   1:.\Utils.c     **** /* ========================================
   2:.\Utils.c     ****  *
   3:.\Utils.c     ****  * Copyright YOUR COMPANY, THE YEAR
   4:.\Utils.c     ****  * All Rights Reserved
   5:.\Utils.c     ****  * UNPUBLISHED, LICENSED SOFTWARE.
   6:.\Utils.c     ****  *
   7:.\Utils.c     ****  * CONFIDENTIAL AND PROPRIETARY INFORMATION
   8:.\Utils.c     ****  * WHICH IS THE PROPERTY OF your company.
   9:.\Utils.c     ****  *
  10:.\Utils.c     ****  * ========================================
  11:.\Utils.c     **** */
  12:.\Utils.c     **** 
  13:.\Utils.c     **** #include "GlobalDefinitions.h"
  14:.\Utils.c     **** 
  15:.\Utils.c     **** //@Created By: HIJH
  16:.\Utils.c     **** //@Date: Septembre de 2016
  17:.\Utils.c     **** uint64 BCDPositiveValueToUInt(uint8 *pbuffer, uint8 buffersize, uint8 mask)
  18:.\Utils.c     **** {
  34              		.loc 1 18 0
  35              		.cfi_startproc
  36              		@ args = 0, pretend = 0, frame = 24
  37              		@ frame_needed = 1, uses_anonymous_args = 0
  38 0000 B0B5     		push	{r4, r5, r7, lr}
  39              		.cfi_def_cfa_offset 16
ARM GAS  C:\Users\Lenovo\AppData\Local\Temp\ccBukUSZ.s 			page 2


  40              		.cfi_offset 4, -16
  41              		.cfi_offset 5, -12
  42              		.cfi_offset 7, -8
  43              		.cfi_offset 14, -4
  44 0002 86B0     		sub	sp, sp, #24
  45              		.cfi_def_cfa_offset 40
  46 0004 00AF     		add	r7, sp, #0
  47              		.cfi_def_cfa_register 7
  48 0006 7860     		str	r0, [r7, #4]
  49 0008 0B46     		mov	r3, r1
  50 000a FB70     		strb	r3, [r7, #3]
  51 000c 1346     		mov	r3, r2
  52 000e BB70     		strb	r3, [r7, #2]
  19:.\Utils.c     ****     uint64 retval = 0;
  53              		.loc 1 19 0
  54 0010 4FF00002 		mov	r2, #0
  55 0014 4FF00003 		mov	r3, #0
  56 0018 C7E90423 		strd	r2, [r7, #16]
  20:.\Utils.c     ****     FOR(uint8 index = 0, index < buffersize, index++)
  57              		.loc 1 20 0
  58 001c 0023     		movs	r3, #0
  59 001e FB73     		strb	r3, [r7, #15]
  60 0020 48E0     		b	.L2
  61              	.L5:
  21:.\Utils.c     ****     {
  22:.\Utils.c     ****         retval += pow10(index)*(pbuffer[index] & mask);
  62              		.loc 1 22 0
  63 0022 FB7B     		ldrb	r3, [r7, #15]	@ zero_extendqisi2
  64 0024 1846     		mov	r0, r3
  65 0026 FFF7FEFF 		bl	__aeabi_ui2d
  66 002a 0246     		mov	r2, r0
  67 002c 0B46     		mov	r3, r1
  68 002e 1046     		mov	r0, r2
  69 0030 1946     		mov	r1, r3
  70 0032 FFF7FEFF 		bl	pow10
  71 0036 0446     		mov	r4, r0
  72 0038 0D46     		mov	r5, r1
  73 003a FB7B     		ldrb	r3, [r7, #15]	@ zero_extendqisi2
  74 003c 7A68     		ldr	r2, [r7, #4]
  75 003e 1344     		add	r3, r3, r2
  76 0040 1A78     		ldrb	r2, [r3]	@ zero_extendqisi2
  77 0042 BB78     		ldrb	r3, [r7, #2]
  78 0044 1340     		ands	r3, r3, r2
  79 0046 DBB2     		uxtb	r3, r3
  80 0048 1846     		mov	r0, r3
  81 004a FFF7FEFF 		bl	__aeabi_i2d
  82 004e 0246     		mov	r2, r0
  83 0050 0B46     		mov	r3, r1
  84 0052 2046     		mov	r0, r4
  85 0054 2946     		mov	r1, r5
  86 0056 FFF7FEFF 		bl	__aeabi_dmul
  87 005a 0246     		mov	r2, r0
  88 005c 0B46     		mov	r3, r1
  89 005e 1446     		mov	r4, r2
  90 0060 1D46     		mov	r5, r3
  91 0062 D7E90401 		ldrd	r0, [r7, #16]
  92 0066 FFF7FEFF 		bl	__aeabi_ul2d
ARM GAS  C:\Users\Lenovo\AppData\Local\Temp\ccBukUSZ.s 			page 3


  93 006a 0246     		mov	r2, r0
  94 006c 0B46     		mov	r3, r1
  95 006e 1046     		mov	r0, r2
  96 0070 1946     		mov	r1, r3
  97 0072 2246     		mov	r2, r4
  98 0074 2B46     		mov	r3, r5
  99 0076 FFF7FEFF 		bl	__aeabi_dadd
 100 007a 0246     		mov	r2, r0
 101 007c 0B46     		mov	r3, r1
 102 007e 1046     		mov	r0, r2
 103 0080 1946     		mov	r1, r3
 104 0082 FFF7FEFF 		bl	__aeabi_d2ulz
 105 0086 0246     		mov	r2, r0
 106 0088 0B46     		mov	r3, r1
 107 008a C7E90423 		strd	r2, [r7, #16]
  23:.\Utils.c     ****         //Not a BCD formatted value
  24:.\Utils.c     ****         if((pbuffer[index] & mask) > 0x09)
 108              		.loc 1 24 0
 109 008e FB7B     		ldrb	r3, [r7, #15]	@ zero_extendqisi2
 110 0090 7A68     		ldr	r2, [r7, #4]
 111 0092 1344     		add	r3, r3, r2
 112 0094 1A78     		ldrb	r2, [r3]	@ zero_extendqisi2
 113 0096 BB78     		ldrb	r3, [r7, #2]
 114 0098 1340     		ands	r3, r3, r2
 115 009a DBB2     		uxtb	r3, r3
 116 009c 092B     		cmp	r3, #9
 117 009e 06D9     		bls	.L3
  25:.\Utils.c     ****         {
  26:.\Utils.c     ****             retval = 0;
 118              		.loc 1 26 0
 119 00a0 4FF00002 		mov	r2, #0
 120 00a4 4FF00003 		mov	r3, #0
 121 00a8 C7E90423 		strd	r2, [r7, #16]
  27:.\Utils.c     ****             break;
 122              		.loc 1 27 0
 123 00ac 06E0     		b	.L4
 124              	.L3:
  20:.\Utils.c     ****     {
 125              		.loc 1 20 0 discriminator 2
 126 00ae FB7B     		ldrb	r3, [r7, #15]	@ zero_extendqisi2
 127 00b0 0133     		adds	r3, r3, #1
 128 00b2 FB73     		strb	r3, [r7, #15]
 129              	.L2:
  20:.\Utils.c     ****     {
 130              		.loc 1 20 0 is_stmt 0 discriminator 1
 131 00b4 FA7B     		ldrb	r2, [r7, #15]	@ zero_extendqisi2
 132 00b6 FB78     		ldrb	r3, [r7, #3]	@ zero_extendqisi2
 133 00b8 9A42     		cmp	r2, r3
 134 00ba B2D3     		bcc	.L5
 135              	.L4:
  28:.\Utils.c     ****         }
  29:.\Utils.c     ****     }
  30:.\Utils.c     ****     return retval;
 136              		.loc 1 30 0 is_stmt 1
 137 00bc D7E90423 		ldrd	r2, [r7, #16]
  31:.\Utils.c     **** }
 138              		.loc 1 31 0
ARM GAS  C:\Users\Lenovo\AppData\Local\Temp\ccBukUSZ.s 			page 4


 139 00c0 1046     		mov	r0, r2
 140 00c2 1946     		mov	r1, r3
 141 00c4 1837     		adds	r7, r7, #24
 142              		.cfi_def_cfa_offset 16
 143 00c6 BD46     		mov	sp, r7
 144              		.cfi_def_cfa_register 13
 145              		@ sp needed
 146 00c8 B0BD     		pop	{r4, r5, r7, pc}
 147              		.cfi_endproc
 148              	.LFE0:
 149              		.size	BCDPositiveValueToUInt, .-BCDPositiveValueToUInt
 150              		.global	__aeabi_d2uiz
 151              		.global	__aeabi_uldivmod
 152 00ca 00BF     		.section	.text.B78AD90CF552D9B30A,"ax",%progbits
 153              		.align	2
 154              		.global	B78AD90CF552D9B30A
 155              		.thumb
 156              		.thumb_func
 157              		.type	B78AD90CF552D9B30A, %function
 158              	B78AD90CF552D9B30A:
 159              	.LFB1:
  32:.\Utils.c     **** 
  33:.\Utils.c     **** //@Created By: HIJH
  34:.\Utils.c     **** //@Date: Septembre de 2016
  35:.\Utils.c     **** void B78AD90CF552D9B30A(uint64 number, uint8 *pbuffer)
  36:.\Utils.c     **** {
 160              		.loc 1 36 0
 161              		.cfi_startproc
 162              		@ args = 0, pretend = 0, frame = 24
 163              		@ frame_needed = 1, uses_anonymous_args = 0
 164 0000 F0B5     		push	{r4, r5, r6, r7, lr}
 165              		.cfi_def_cfa_offset 20
 166              		.cfi_offset 4, -20
 167              		.cfi_offset 5, -16
 168              		.cfi_offset 6, -12
 169              		.cfi_offset 7, -8
 170              		.cfi_offset 14, -4
 171 0002 87B0     		sub	sp, sp, #28
 172              		.cfi_def_cfa_offset 48
 173 0004 00AF     		add	r7, sp, #0
 174              		.cfi_def_cfa_register 7
 175 0006 C7E90201 		strd	r0, [r7, #8]
 176 000a 7A60     		str	r2, [r7, #4]
  37:.\Utils.c     ****     uint8 index = 1;
 177              		.loc 1 37 0
 178 000c 0123     		movs	r3, #1
 179 000e FB75     		strb	r3, [r7, #23]
  38:.\Utils.c     ****     while(number != (number % (uint32)pow(10, index)))
 180              		.loc 1 38 0
 181 0010 5FE0     		b	.L8
 182              	.L9:
  39:.\Utils.c     ****     {
  40:.\Utils.c     ****         pbuffer[index - 1] = (char8)(((number % (uint32)pow(10, index)) - (number % (uint32)pow(10,
 183              		.loc 1 40 0
 184 0012 FB7D     		ldrb	r3, [r7, #23]	@ zero_extendqisi2
 185 0014 013B     		subs	r3, r3, #1
 186 0016 7A68     		ldr	r2, [r7, #4]
ARM GAS  C:\Users\Lenovo\AppData\Local\Temp\ccBukUSZ.s 			page 5


 187 0018 D618     		adds	r6, r2, r3
 188 001a FB7D     		ldrb	r3, [r7, #23]	@ zero_extendqisi2
 189 001c 1846     		mov	r0, r3
 190 001e FFF7FEFF 		bl	__aeabi_ui2d
 191 0022 0246     		mov	r2, r0
 192 0024 0B46     		mov	r3, r1
 193 0026 4FF00000 		mov	r0, #0
 194 002a 6B49     		ldr	r1, .L10
 195 002c FFF7FEFF 		bl	pow
 196 0030 0246     		mov	r2, r0
 197 0032 0B46     		mov	r3, r1
 198 0034 1046     		mov	r0, r2
 199 0036 1946     		mov	r1, r3
 200 0038 FFF7FEFF 		bl	__aeabi_d2uiz
 201 003c 0346     		mov	r3, r0
 202 003e 1A46     		mov	r2, r3
 203 0040 4FF00003 		mov	r3, #0
 204 0044 D7E90201 		ldrd	r0, [r7, #8]
 205 0048 FFF7FEFF 		bl	__aeabi_uldivmod
 206 004c 1446     		mov	r4, r2
 207 004e 1D46     		mov	r5, r3
 208 0050 FB7D     		ldrb	r3, [r7, #23]	@ zero_extendqisi2
 209 0052 013B     		subs	r3, r3, #1
 210 0054 1846     		mov	r0, r3
 211 0056 FFF7FEFF 		bl	__aeabi_i2d
 212 005a 0246     		mov	r2, r0
 213 005c 0B46     		mov	r3, r1
 214 005e 4FF00000 		mov	r0, #0
 215 0062 5D49     		ldr	r1, .L10
 216 0064 FFF7FEFF 		bl	pow
 217 0068 0246     		mov	r2, r0
 218 006a 0B46     		mov	r3, r1
 219 006c 1046     		mov	r0, r2
 220 006e 1946     		mov	r1, r3
 221 0070 FFF7FEFF 		bl	__aeabi_d2uiz
 222 0074 0346     		mov	r3, r0
 223 0076 1A46     		mov	r2, r3
 224 0078 4FF00003 		mov	r3, #0
 225 007c D7E90201 		ldrd	r0, [r7, #8]
 226 0080 FFF7FEFF 		bl	__aeabi_uldivmod
 227 0084 A41A     		subs	r4, r4, r2
 228 0086 65EB0305 		sbc	r5, r5, r3
 229 008a FB7D     		ldrb	r3, [r7, #23]	@ zero_extendqisi2
 230 008c 013B     		subs	r3, r3, #1
 231 008e 1846     		mov	r0, r3
 232 0090 FFF7FEFF 		bl	__aeabi_i2d
 233 0094 0246     		mov	r2, r0
 234 0096 0B46     		mov	r3, r1
 235 0098 4FF00000 		mov	r0, #0
 236 009c 4E49     		ldr	r1, .L10
 237 009e FFF7FEFF 		bl	pow
 238 00a2 0246     		mov	r2, r0
 239 00a4 0B46     		mov	r3, r1
 240 00a6 1046     		mov	r0, r2
 241 00a8 1946     		mov	r1, r3
 242 00aa FFF7FEFF 		bl	__aeabi_d2uiz
 243 00ae 0346     		mov	r3, r0
ARM GAS  C:\Users\Lenovo\AppData\Local\Temp\ccBukUSZ.s 			page 6


 244 00b0 1A46     		mov	r2, r3
 245 00b2 4FF00003 		mov	r3, #0
 246 00b6 2046     		mov	r0, r4
 247 00b8 2946     		mov	r1, r5
 248 00ba FFF7FEFF 		bl	__aeabi_uldivmod
 249 00be 0246     		mov	r2, r0
 250 00c0 0B46     		mov	r3, r1
 251 00c2 D3B2     		uxtb	r3, r2
 252 00c4 43F03003 		orr	r3, r3, #48
 253 00c8 DBB2     		uxtb	r3, r3
 254 00ca 3370     		strb	r3, [r6]
  41:.\Utils.c     ****         index++;
 255              		.loc 1 41 0
 256 00cc FB7D     		ldrb	r3, [r7, #23]	@ zero_extendqisi2
 257 00ce 0133     		adds	r3, r3, #1
 258 00d0 FB75     		strb	r3, [r7, #23]
 259              	.L8:
  38:.\Utils.c     ****     while(number != (number % (uint32)pow(10, index)))
 260              		.loc 1 38 0
 261 00d2 FB7D     		ldrb	r3, [r7, #23]	@ zero_extendqisi2
 262 00d4 1846     		mov	r0, r3
 263 00d6 FFF7FEFF 		bl	__aeabi_ui2d
 264 00da 0246     		mov	r2, r0
 265 00dc 0B46     		mov	r3, r1
 266 00de 4FF00000 		mov	r0, #0
 267 00e2 3D49     		ldr	r1, .L10
 268 00e4 FFF7FEFF 		bl	pow
 269 00e8 0246     		mov	r2, r0
 270 00ea 0B46     		mov	r3, r1
 271 00ec 1046     		mov	r0, r2
 272 00ee 1946     		mov	r1, r3
 273 00f0 FFF7FEFF 		bl	__aeabi_d2uiz
 274 00f4 0346     		mov	r3, r0
 275 00f6 1A46     		mov	r2, r3
 276 00f8 4FF00003 		mov	r3, #0
 277 00fc D7E90201 		ldrd	r0, [r7, #8]
 278 0100 FFF7FEFF 		bl	__aeabi_uldivmod
 279 0104 1046     		mov	r0, r2
 280 0106 1946     		mov	r1, r3
 281 0108 D7E90223 		ldrd	r2, [r7, #8]
 282 010c 9942     		cmp	r1, r3
 283 010e 08BF     		it	eq
 284 0110 9042     		cmpeq	r0, r2
 285 0112 7FF47EAF 		bne	.L9
  42:.\Utils.c     ****     }
  43:.\Utils.c     ****     pbuffer[index - 1] = (char8)(((number % (uint32)pow(10, index)) - (number % (uint32)pow(10, ind
 286              		.loc 1 43 0
 287 0116 FB7D     		ldrb	r3, [r7, #23]	@ zero_extendqisi2
 288 0118 013B     		subs	r3, r3, #1
 289 011a 7A68     		ldr	r2, [r7, #4]
 290 011c D618     		adds	r6, r2, r3
 291 011e FB7D     		ldrb	r3, [r7, #23]	@ zero_extendqisi2
 292 0120 1846     		mov	r0, r3
 293 0122 FFF7FEFF 		bl	__aeabi_ui2d
 294 0126 0246     		mov	r2, r0
 295 0128 0B46     		mov	r3, r1
 296 012a 4FF00000 		mov	r0, #0
ARM GAS  C:\Users\Lenovo\AppData\Local\Temp\ccBukUSZ.s 			page 7


 297 012e 2A49     		ldr	r1, .L10
 298 0130 FFF7FEFF 		bl	pow
 299 0134 0246     		mov	r2, r0
 300 0136 0B46     		mov	r3, r1
 301 0138 1046     		mov	r0, r2
 302 013a 1946     		mov	r1, r3
 303 013c FFF7FEFF 		bl	__aeabi_d2uiz
 304 0140 0346     		mov	r3, r0
 305 0142 1A46     		mov	r2, r3
 306 0144 4FF00003 		mov	r3, #0
 307 0148 D7E90201 		ldrd	r0, [r7, #8]
 308 014c FFF7FEFF 		bl	__aeabi_uldivmod
 309 0150 1446     		mov	r4, r2
 310 0152 1D46     		mov	r5, r3
 311 0154 FB7D     		ldrb	r3, [r7, #23]	@ zero_extendqisi2
 312 0156 013B     		subs	r3, r3, #1
 313 0158 1846     		mov	r0, r3
 314 015a FFF7FEFF 		bl	__aeabi_i2d
 315 015e 0246     		mov	r2, r0
 316 0160 0B46     		mov	r3, r1
 317 0162 4FF00000 		mov	r0, #0
 318 0166 1C49     		ldr	r1, .L10
 319 0168 FFF7FEFF 		bl	pow
 320 016c 0246     		mov	r2, r0
 321 016e 0B46     		mov	r3, r1
 322 0170 1046     		mov	r0, r2
 323 0172 1946     		mov	r1, r3
 324 0174 FFF7FEFF 		bl	__aeabi_d2uiz
 325 0178 0346     		mov	r3, r0
 326 017a 1A46     		mov	r2, r3
 327 017c 4FF00003 		mov	r3, #0
 328 0180 D7E90201 		ldrd	r0, [r7, #8]
 329 0184 FFF7FEFF 		bl	__aeabi_uldivmod
 330 0188 A41A     		subs	r4, r4, r2
 331 018a 65EB0305 		sbc	r5, r5, r3
 332 018e FB7D     		ldrb	r3, [r7, #23]	@ zero_extendqisi2
 333 0190 013B     		subs	r3, r3, #1
 334 0192 1846     		mov	r0, r3
 335 0194 FFF7FEFF 		bl	__aeabi_i2d
 336 0198 0246     		mov	r2, r0
 337 019a 0B46     		mov	r3, r1
 338 019c 4FF00000 		mov	r0, #0
 339 01a0 0D49     		ldr	r1, .L10
 340 01a2 FFF7FEFF 		bl	pow
 341 01a6 0246     		mov	r2, r0
 342 01a8 0B46     		mov	r3, r1
 343 01aa 1046     		mov	r0, r2
 344 01ac 1946     		mov	r1, r3
 345 01ae FFF7FEFF 		bl	__aeabi_d2uiz
 346 01b2 0346     		mov	r3, r0
 347 01b4 1A46     		mov	r2, r3
 348 01b6 4FF00003 		mov	r3, #0
 349 01ba 2046     		mov	r0, r4
 350 01bc 2946     		mov	r1, r5
 351 01be FFF7FEFF 		bl	__aeabi_uldivmod
 352 01c2 0246     		mov	r2, r0
 353 01c4 0B46     		mov	r3, r1
ARM GAS  C:\Users\Lenovo\AppData\Local\Temp\ccBukUSZ.s 			page 8


 354 01c6 D3B2     		uxtb	r3, r2
 355 01c8 43F03003 		orr	r3, r3, #48
 356 01cc DBB2     		uxtb	r3, r3
 357 01ce 3370     		strb	r3, [r6]
  44:.\Utils.c     **** }
 358              		.loc 1 44 0
 359 01d0 1C37     		adds	r7, r7, #28
 360              		.cfi_def_cfa_offset 20
 361 01d2 BD46     		mov	sp, r7
 362              		.cfi_def_cfa_register 13
 363              		@ sp needed
 364 01d4 F0BD     		pop	{r4, r5, r6, r7, pc}
 365              	.L11:
 366 01d6 00BF     		.align	2
 367              	.L10:
 368 01d8 00002440 		.word	1076101120
 369              		.cfi_endproc
 370              	.LFE1:
 371              		.size	B78AD90CF552D9B30A, .-B78AD90CF552D9B30A
 372              		.section	.text.PSTRBUFFTOGG,"ax",%progbits
 373              		.align	2
 374              		.global	PSTRBUFFTOGG
 375              		.thumb
 376              		.thumb_func
 377              		.type	PSTRBUFFTOGG, %function
 378              	PSTRBUFFTOGG:
 379              	.LFB2:
  45:.\Utils.c     **** 
  46:.\Utils.c     **** //@Created By: HIJH
  47:.\Utils.c     **** //@Date: Septembre de 2016
  48:.\Utils.c     **** void PSTRBUFFTOGG(uint8 *pbuffer, uint8 buffersize)
  49:.\Utils.c     **** {
 380              		.loc 1 49 0
 381              		.cfi_startproc
 382              		@ args = 0, pretend = 0, frame = 16
 383              		@ frame_needed = 1, uses_anonymous_args = 0
 384              		@ link register save eliminated.
 385 0000 80B4     		push	{r7}
 386              		.cfi_def_cfa_offset 4
 387              		.cfi_offset 7, -4
 388 0002 85B0     		sub	sp, sp, #20
 389              		.cfi_def_cfa_offset 24
 390 0004 00AF     		add	r7, sp, #0
 391              		.cfi_def_cfa_register 7
 392 0006 7860     		str	r0, [r7, #4]
 393 0008 0B46     		mov	r3, r1
 394 000a FB70     		strb	r3, [r7, #3]
  50:.\Utils.c     ****     uint8 valndx = 0x00;
 395              		.loc 1 50 0
 396 000c 0023     		movs	r3, #0
 397 000e 7B73     		strb	r3, [r7, #13]
  51:.\Utils.c     ****     FOR(uint8 index0 = 0, index0 < (buffersize - 1), index0++)
 398              		.loc 1 51 0
 399 0010 0023     		movs	r3, #0
 400 0012 FB73     		strb	r3, [r7, #15]
 401 0014 27E0     		b	.L13
 402              	.L16:
ARM GAS  C:\Users\Lenovo\AppData\Local\Temp\ccBukUSZ.s 			page 9


 403              	.LBB2:
  52:.\Utils.c     ****     {
  53:.\Utils.c     ****         valndx = pbuffer[buffersize - 1];
 404              		.loc 1 53 0
 405 0016 FB78     		ldrb	r3, [r7, #3]	@ zero_extendqisi2
 406 0018 013B     		subs	r3, r3, #1
 407 001a 7A68     		ldr	r2, [r7, #4]
 408 001c 1344     		add	r3, r3, r2
 409 001e 1B78     		ldrb	r3, [r3]
 410 0020 7B73     		strb	r3, [r7, #13]
  54:.\Utils.c     ****         FOR(int8 index1 = (buffersize - 2), index1 >= index0, index1--)
 411              		.loc 1 54 0
 412 0022 FB78     		ldrb	r3, [r7, #3]
 413 0024 023B     		subs	r3, r3, #2
 414 0026 DBB2     		uxtb	r3, r3
 415 0028 BB73     		strb	r3, [r7, #14]
 416 002a 0FE0     		b	.L14
 417              	.L15:
  55:.\Utils.c     ****             pbuffer[index1 + 1] = pbuffer[index1];
 418              		.loc 1 55 0 discriminator 3
 419 002c 97F90E30 		ldrsb	r3, [r7, #14]
 420 0030 0133     		adds	r3, r3, #1
 421 0032 7A68     		ldr	r2, [r7, #4]
 422 0034 1344     		add	r3, r3, r2
 423 0036 97F90E20 		ldrsb	r2, [r7, #14]
 424 003a 7968     		ldr	r1, [r7, #4]
 425 003c 0A44     		add	r2, r2, r1
 426 003e 1278     		ldrb	r2, [r2]	@ zero_extendqisi2
 427 0040 1A70     		strb	r2, [r3]
  54:.\Utils.c     ****         FOR(int8 index1 = (buffersize - 2), index1 >= index0, index1--)
 428              		.loc 1 54 0 discriminator 3
 429 0042 BB7B     		ldrb	r3, [r7, #14]	@ zero_extendqisi2
 430 0044 DBB2     		uxtb	r3, r3
 431 0046 013B     		subs	r3, r3, #1
 432 0048 DBB2     		uxtb	r3, r3
 433 004a BB73     		strb	r3, [r7, #14]
 434              	.L14:
  54:.\Utils.c     ****         FOR(int8 index1 = (buffersize - 2), index1 >= index0, index1--)
 435              		.loc 1 54 0 is_stmt 0 discriminator 1
 436 004c 97F90E20 		ldrsb	r2, [r7, #14]
 437 0050 FB7B     		ldrb	r3, [r7, #15]	@ zero_extendqisi2
 438 0052 9A42     		cmp	r2, r3
 439 0054 EADA     		bge	.L15
  56:.\Utils.c     **** 
  57:.\Utils.c     ****         pbuffer[index0] = valndx;
 440              		.loc 1 57 0 is_stmt 1 discriminator 2
 441 0056 FB7B     		ldrb	r3, [r7, #15]	@ zero_extendqisi2
 442 0058 7A68     		ldr	r2, [r7, #4]
 443 005a 1344     		add	r3, r3, r2
 444 005c 7A7B     		ldrb	r2, [r7, #13]
 445 005e 1A70     		strb	r2, [r3]
 446              	.LBE2:
  51:.\Utils.c     ****     {
 447              		.loc 1 51 0 discriminator 2
 448 0060 FB7B     		ldrb	r3, [r7, #15]	@ zero_extendqisi2
 449 0062 0133     		adds	r3, r3, #1
 450 0064 FB73     		strb	r3, [r7, #15]
ARM GAS  C:\Users\Lenovo\AppData\Local\Temp\ccBukUSZ.s 			page 10


 451              	.L13:
  51:.\Utils.c     ****     {
 452              		.loc 1 51 0 is_stmt 0 discriminator 1
 453 0066 FA7B     		ldrb	r2, [r7, #15]	@ zero_extendqisi2
 454 0068 FB78     		ldrb	r3, [r7, #3]	@ zero_extendqisi2
 455 006a 013B     		subs	r3, r3, #1
 456 006c 9A42     		cmp	r2, r3
 457 006e D2DB     		blt	.L16
  58:.\Utils.c     ****     }
  59:.\Utils.c     **** }
 458              		.loc 1 59 0 is_stmt 1
 459 0070 1437     		adds	r7, r7, #20
 460              		.cfi_def_cfa_offset 4
 461 0072 BD46     		mov	sp, r7
 462              		.cfi_def_cfa_register 13
 463              		@ sp needed
 464 0074 5DF8047B 		ldr	r7, [sp], #4
 465              		.cfi_restore 7
 466              		.cfi_def_cfa_offset 0
 467 0078 7047     		bx	lr
 468              		.cfi_endproc
 469              	.LFE2:
 470              		.size	PSTRBUFFTOGG, .-PSTRBUFFTOGG
 471 007a 00BF     		.section	.text.DLSDBCDBUFF2HEX,"ax",%progbits
 472              		.align	2
 473              		.global	DLSDBCDBUFF2HEX
 474              		.thumb
 475              		.thumb_func
 476              		.type	DLSDBCDBUFF2HEX, %function
 477              	DLSDBCDBUFF2HEX:
 478              	.LFB3:
  60:.\Utils.c     **** 
  61:.\Utils.c     **** //@Created By: HIJH
  62:.\Utils.c     **** //@Date: Septembre de 2016
  63:.\Utils.c     **** double DLSDBCDBUFF2HEX(PNEAR_BYTE_PTR pbuffer, uint16 buffersize)
  64:.\Utils.c     **** {
 479              		.loc 1 64 0
 480              		.cfi_startproc
 481              		@ args = 0, pretend = 0, frame = 24
 482              		@ frame_needed = 1, uses_anonymous_args = 0
 483 0000 B0B5     		push	{r4, r5, r7, lr}
 484              		.cfi_def_cfa_offset 16
 485              		.cfi_offset 4, -16
 486              		.cfi_offset 5, -12
 487              		.cfi_offset 7, -8
 488              		.cfi_offset 14, -4
 489 0002 86B0     		sub	sp, sp, #24
 490              		.cfi_def_cfa_offset 40
 491 0004 00AF     		add	r7, sp, #0
 492              		.cfi_def_cfa_register 7
 493 0006 7860     		str	r0, [r7, #4]
 494 0008 0B46     		mov	r3, r1
 495 000a 7B80     		strh	r3, [r7, #2]	@ movhi
  65:.\Utils.c     ****     double retval = 0.0;
 496              		.loc 1 65 0
 497 000c 4FF00002 		mov	r2, #0
 498 0010 4FF00003 		mov	r3, #0
ARM GAS  C:\Users\Lenovo\AppData\Local\Temp\ccBukUSZ.s 			page 11


 499 0014 C7E90423 		strd	r2, [r7, #16]
  66:.\Utils.c     ****     FOR(uint8 index = 0, index < buffersize, index++)
 500              		.loc 1 66 0
 501 0018 0023     		movs	r3, #0
 502 001a FB73     		strb	r3, [r7, #15]
 503 001c 27E0     		b	.L18
 504              	.L19:
  67:.\Utils.c     ****         retval += pow10(index)*(pbuffer[index] & 0x0F);
 505              		.loc 1 67 0 discriminator 3
 506 001e FB7B     		ldrb	r3, [r7, #15]	@ zero_extendqisi2
 507 0020 1846     		mov	r0, r3
 508 0022 FFF7FEFF 		bl	__aeabi_ui2d
 509 0026 0246     		mov	r2, r0
 510 0028 0B46     		mov	r3, r1
 511 002a 1046     		mov	r0, r2
 512 002c 1946     		mov	r1, r3
 513 002e FFF7FEFF 		bl	pow10
 514 0032 0446     		mov	r4, r0
 515 0034 0D46     		mov	r5, r1
 516 0036 FB7B     		ldrb	r3, [r7, #15]	@ zero_extendqisi2
 517 0038 7A68     		ldr	r2, [r7, #4]
 518 003a 1344     		add	r3, r3, r2
 519 003c 1B78     		ldrb	r3, [r3]	@ zero_extendqisi2
 520 003e 03F00F03 		and	r3, r3, #15
 521 0042 1846     		mov	r0, r3
 522 0044 FFF7FEFF 		bl	__aeabi_i2d
 523 0048 0246     		mov	r2, r0
 524 004a 0B46     		mov	r3, r1
 525 004c 2046     		mov	r0, r4
 526 004e 2946     		mov	r1, r5
 527 0050 FFF7FEFF 		bl	__aeabi_dmul
 528 0054 0246     		mov	r2, r0
 529 0056 0B46     		mov	r3, r1
 530 0058 D7E90401 		ldrd	r0, [r7, #16]
 531 005c FFF7FEFF 		bl	__aeabi_dadd
 532 0060 0246     		mov	r2, r0
 533 0062 0B46     		mov	r3, r1
 534 0064 C7E90423 		strd	r2, [r7, #16]
  66:.\Utils.c     ****     FOR(uint8 index = 0, index < buffersize, index++)
 535              		.loc 1 66 0 discriminator 3
 536 0068 FB7B     		ldrb	r3, [r7, #15]	@ zero_extendqisi2
 537 006a 0133     		adds	r3, r3, #1
 538 006c FB73     		strb	r3, [r7, #15]
 539              	.L18:
  66:.\Utils.c     ****     FOR(uint8 index = 0, index < buffersize, index++)
 540              		.loc 1 66 0 is_stmt 0 discriminator 1
 541 006e FB7B     		ldrb	r3, [r7, #15]	@ zero_extendqisi2
 542 0070 9BB2     		uxth	r3, r3
 543 0072 7A88     		ldrh	r2, [r7, #2]
 544 0074 9A42     		cmp	r2, r3
 545 0076 D2D8     		bhi	.L19
  68:.\Utils.c     ****         
  69:.\Utils.c     ****     return retval;
 546              		.loc 1 69 0 is_stmt 1
 547 0078 D7E90423 		ldrd	r2, [r7, #16]
  70:.\Utils.c     **** }
 548              		.loc 1 70 0
ARM GAS  C:\Users\Lenovo\AppData\Local\Temp\ccBukUSZ.s 			page 12


 549 007c 1046     		mov	r0, r2
 550 007e 1946     		mov	r1, r3
 551 0080 1837     		adds	r7, r7, #24
 552              		.cfi_def_cfa_offset 16
 553 0082 BD46     		mov	sp, r7
 554              		.cfi_def_cfa_register 13
 555              		@ sp needed
 556 0084 B0BD     		pop	{r4, r5, r7, pc}
 557              		.cfi_endproc
 558              	.LFE3:
 559              		.size	DLSDBCDBUFF2HEX, .-DLSDBCDBUFF2HEX
 560 0086 00BF     		.section	.text.LSDBCDBUFF2HEX,"ax",%progbits
 561              		.align	2
 562              		.global	LSDBCDBUFF2HEX
 563              		.thumb
 564              		.thumb_func
 565              		.type	LSDBCDBUFF2HEX, %function
 566              	LSDBCDBUFF2HEX:
 567              	.LFB4:
  71:.\Utils.c     **** 
  72:.\Utils.c     **** //@Created By: HIJH
  73:.\Utils.c     **** //@Date: Septembre de 2016
  74:.\Utils.c     **** uint32 LSDBCDBUFF2HEX(PNEAR_BYTE_PTR pbuffer, uint16 buffersize)
  75:.\Utils.c     **** {
 568              		.loc 1 75 0
 569              		.cfi_startproc
 570              		@ args = 0, pretend = 0, frame = 16
 571              		@ frame_needed = 1, uses_anonymous_args = 0
 572 0000 B0B5     		push	{r4, r5, r7, lr}
 573              		.cfi_def_cfa_offset 16
 574              		.cfi_offset 4, -16
 575              		.cfi_offset 5, -12
 576              		.cfi_offset 7, -8
 577              		.cfi_offset 14, -4
 578 0002 84B0     		sub	sp, sp, #16
 579              		.cfi_def_cfa_offset 32
 580 0004 00AF     		add	r7, sp, #0
 581              		.cfi_def_cfa_register 7
 582 0006 7860     		str	r0, [r7, #4]
 583 0008 0B46     		mov	r3, r1
 584 000a 7B80     		strh	r3, [r7, #2]	@ movhi
  76:.\Utils.c     ****     uint32 retval = 0x00000000;
 585              		.loc 1 76 0
 586 000c 0023     		movs	r3, #0
 587 000e FB60     		str	r3, [r7, #12]
  77:.\Utils.c     ****     FOR(uint8 index = 0, index < buffersize, index++)
 588              		.loc 1 77 0
 589 0010 0023     		movs	r3, #0
 590 0012 FB72     		strb	r3, [r7, #11]
 591 0014 34E0     		b	.L22
 592              	.L23:
  78:.\Utils.c     ****         retval += pow10(index)*(pbuffer[index] & 0x0F);
 593              		.loc 1 78 0 discriminator 3
 594 0016 FB7A     		ldrb	r3, [r7, #11]	@ zero_extendqisi2
 595 0018 1846     		mov	r0, r3
 596 001a FFF7FEFF 		bl	__aeabi_ui2d
 597 001e 0246     		mov	r2, r0
ARM GAS  C:\Users\Lenovo\AppData\Local\Temp\ccBukUSZ.s 			page 13


 598 0020 0B46     		mov	r3, r1
 599 0022 1046     		mov	r0, r2
 600 0024 1946     		mov	r1, r3
 601 0026 FFF7FEFF 		bl	pow10
 602 002a 0446     		mov	r4, r0
 603 002c 0D46     		mov	r5, r1
 604 002e FB7A     		ldrb	r3, [r7, #11]	@ zero_extendqisi2
 605 0030 7A68     		ldr	r2, [r7, #4]
 606 0032 1344     		add	r3, r3, r2
 607 0034 1B78     		ldrb	r3, [r3]	@ zero_extendqisi2
 608 0036 03F00F03 		and	r3, r3, #15
 609 003a 1846     		mov	r0, r3
 610 003c FFF7FEFF 		bl	__aeabi_i2d
 611 0040 0246     		mov	r2, r0
 612 0042 0B46     		mov	r3, r1
 613 0044 2046     		mov	r0, r4
 614 0046 2946     		mov	r1, r5
 615 0048 FFF7FEFF 		bl	__aeabi_dmul
 616 004c 0246     		mov	r2, r0
 617 004e 0B46     		mov	r3, r1
 618 0050 1446     		mov	r4, r2
 619 0052 1D46     		mov	r5, r3
 620 0054 F868     		ldr	r0, [r7, #12]
 621 0056 FFF7FEFF 		bl	__aeabi_ui2d
 622 005a 0246     		mov	r2, r0
 623 005c 0B46     		mov	r3, r1
 624 005e 1046     		mov	r0, r2
 625 0060 1946     		mov	r1, r3
 626 0062 2246     		mov	r2, r4
 627 0064 2B46     		mov	r3, r5
 628 0066 FFF7FEFF 		bl	__aeabi_dadd
 629 006a 0246     		mov	r2, r0
 630 006c 0B46     		mov	r3, r1
 631 006e 1046     		mov	r0, r2
 632 0070 1946     		mov	r1, r3
 633 0072 FFF7FEFF 		bl	__aeabi_d2uiz
 634 0076 0346     		mov	r3, r0
 635 0078 FB60     		str	r3, [r7, #12]
  77:.\Utils.c     ****     FOR(uint8 index = 0, index < buffersize, index++)
 636              		.loc 1 77 0 discriminator 3
 637 007a FB7A     		ldrb	r3, [r7, #11]	@ zero_extendqisi2
 638 007c 0133     		adds	r3, r3, #1
 639 007e FB72     		strb	r3, [r7, #11]
 640              	.L22:
  77:.\Utils.c     ****     FOR(uint8 index = 0, index < buffersize, index++)
 641              		.loc 1 77 0 is_stmt 0 discriminator 1
 642 0080 FB7A     		ldrb	r3, [r7, #11]	@ zero_extendqisi2
 643 0082 9BB2     		uxth	r3, r3
 644 0084 7A88     		ldrh	r2, [r7, #2]
 645 0086 9A42     		cmp	r2, r3
 646 0088 C5D8     		bhi	.L23
  79:.\Utils.c     ****         
  80:.\Utils.c     ****     return retval;
 647              		.loc 1 80 0 is_stmt 1
 648 008a FB68     		ldr	r3, [r7, #12]
  81:.\Utils.c     **** }
 649              		.loc 1 81 0
ARM GAS  C:\Users\Lenovo\AppData\Local\Temp\ccBukUSZ.s 			page 14


 650 008c 1846     		mov	r0, r3
 651 008e 1037     		adds	r7, r7, #16
 652              		.cfi_def_cfa_offset 16
 653 0090 BD46     		mov	sp, r7
 654              		.cfi_def_cfa_register 13
 655              		@ sp needed
 656 0092 B0BD     		pop	{r4, r5, r7, pc}
 657              		.cfi_endproc
 658              	.LFE4:
 659              		.size	LSDBCDBUFF2HEX, .-LSDBCDBUFF2HEX
 660              		.section	.text.MSDBCDBUFF2HEX,"ax",%progbits
 661              		.align	2
 662              		.global	MSDBCDBUFF2HEX
 663              		.thumb
 664              		.thumb_func
 665              		.type	MSDBCDBUFF2HEX, %function
 666              	MSDBCDBUFF2HEX:
 667              	.LFB5:
  82:.\Utils.c     **** 
  83:.\Utils.c     **** //@Created By: HIJH
  84:.\Utils.c     **** //@Date: Septembre de 2016
  85:.\Utils.c     **** uint32 MSDBCDBUFF2HEX(PNEAR_BYTE_PTR pbuffer, uint16 buffersize)
  86:.\Utils.c     **** {
 668              		.loc 1 86 0
 669              		.cfi_startproc
 670              		@ args = 0, pretend = 0, frame = 16
 671              		@ frame_needed = 1, uses_anonymous_args = 0
 672 0000 B0B5     		push	{r4, r5, r7, lr}
 673              		.cfi_def_cfa_offset 16
 674              		.cfi_offset 4, -16
 675              		.cfi_offset 5, -12
 676              		.cfi_offset 7, -8
 677              		.cfi_offset 14, -4
 678 0002 84B0     		sub	sp, sp, #16
 679              		.cfi_def_cfa_offset 32
 680 0004 00AF     		add	r7, sp, #0
 681              		.cfi_def_cfa_register 7
 682 0006 7860     		str	r0, [r7, #4]
 683 0008 0B46     		mov	r3, r1
 684 000a 7B80     		strh	r3, [r7, #2]	@ movhi
  87:.\Utils.c     ****     uint32 retval = 0x00000000;
 685              		.loc 1 87 0
 686 000c 0023     		movs	r3, #0
 687 000e FB60     		str	r3, [r7, #12]
  88:.\Utils.c     ****     FOR(int8 index = (buffersize - 1), index >= 0, index--)
 688              		.loc 1 88 0
 689 0010 7B88     		ldrh	r3, [r7, #2]	@ movhi
 690 0012 DBB2     		uxtb	r3, r3
 691 0014 013B     		subs	r3, r3, #1
 692 0016 DBB2     		uxtb	r3, r3
 693 0018 FB72     		strb	r3, [r7, #11]
 694 001a 38E0     		b	.L26
 695              	.L27:
  89:.\Utils.c     ****         retval += pow10(index)*(pbuffer[index] & 0x0F);
 696              		.loc 1 89 0 discriminator 3
 697 001c 97F90B30 		ldrsb	r3, [r7, #11]
 698 0020 1846     		mov	r0, r3
ARM GAS  C:\Users\Lenovo\AppData\Local\Temp\ccBukUSZ.s 			page 15


 699 0022 FFF7FEFF 		bl	__aeabi_i2d
 700 0026 0246     		mov	r2, r0
 701 0028 0B46     		mov	r3, r1
 702 002a 1046     		mov	r0, r2
 703 002c 1946     		mov	r1, r3
 704 002e FFF7FEFF 		bl	pow10
 705 0032 0446     		mov	r4, r0
 706 0034 0D46     		mov	r5, r1
 707 0036 97F90B30 		ldrsb	r3, [r7, #11]
 708 003a 7A68     		ldr	r2, [r7, #4]
 709 003c 1344     		add	r3, r3, r2
 710 003e 1B78     		ldrb	r3, [r3]	@ zero_extendqisi2
 711 0040 03F00F03 		and	r3, r3, #15
 712 0044 1846     		mov	r0, r3
 713 0046 FFF7FEFF 		bl	__aeabi_i2d
 714 004a 0246     		mov	r2, r0
 715 004c 0B46     		mov	r3, r1
 716 004e 2046     		mov	r0, r4
 717 0050 2946     		mov	r1, r5
 718 0052 FFF7FEFF 		bl	__aeabi_dmul
 719 0056 0246     		mov	r2, r0
 720 0058 0B46     		mov	r3, r1
 721 005a 1446     		mov	r4, r2
 722 005c 1D46     		mov	r5, r3
 723 005e F868     		ldr	r0, [r7, #12]
 724 0060 FFF7FEFF 		bl	__aeabi_ui2d
 725 0064 0246     		mov	r2, r0
 726 0066 0B46     		mov	r3, r1
 727 0068 1046     		mov	r0, r2
 728 006a 1946     		mov	r1, r3
 729 006c 2246     		mov	r2, r4
 730 006e 2B46     		mov	r3, r5
 731 0070 FFF7FEFF 		bl	__aeabi_dadd
 732 0074 0246     		mov	r2, r0
 733 0076 0B46     		mov	r3, r1
 734 0078 1046     		mov	r0, r2
 735 007a 1946     		mov	r1, r3
 736 007c FFF7FEFF 		bl	__aeabi_d2uiz
 737 0080 0346     		mov	r3, r0
 738 0082 FB60     		str	r3, [r7, #12]
  88:.\Utils.c     ****     FOR(int8 index = (buffersize - 1), index >= 0, index--)
 739              		.loc 1 88 0 discriminator 3
 740 0084 FB7A     		ldrb	r3, [r7, #11]	@ zero_extendqisi2
 741 0086 DBB2     		uxtb	r3, r3
 742 0088 013B     		subs	r3, r3, #1
 743 008a DBB2     		uxtb	r3, r3
 744 008c FB72     		strb	r3, [r7, #11]
 745              	.L26:
  88:.\Utils.c     ****     FOR(int8 index = (buffersize - 1), index >= 0, index--)
 746              		.loc 1 88 0 is_stmt 0 discriminator 1
 747 008e 97F90B30 		ldrsb	r3, [r7, #11]
 748 0092 002B     		cmp	r3, #0
 749 0094 C2DA     		bge	.L27
  90:.\Utils.c     ****         
  91:.\Utils.c     ****     return retval;
 750              		.loc 1 91 0 is_stmt 1
 751 0096 FB68     		ldr	r3, [r7, #12]
ARM GAS  C:\Users\Lenovo\AppData\Local\Temp\ccBukUSZ.s 			page 16


  92:.\Utils.c     **** }
 752              		.loc 1 92 0
 753 0098 1846     		mov	r0, r3
 754 009a 1037     		adds	r7, r7, #16
 755              		.cfi_def_cfa_offset 16
 756 009c BD46     		mov	sp, r7
 757              		.cfi_def_cfa_register 13
 758              		@ sp needed
 759 009e B0BD     		pop	{r4, r5, r7, pc}
 760              		.cfi_endproc
 761              	.LFE5:
 762              		.size	MSDBCDBUFF2HEX, .-MSDBCDBUFF2HEX
 763              		.section	.text.ISVALIDBCD,"ax",%progbits
 764              		.align	2
 765              		.global	ISVALIDBCD
 766              		.thumb
 767              		.thumb_func
 768              		.type	ISVALIDBCD, %function
 769              	ISVALIDBCD:
 770              	.LFB6:
  93:.\Utils.c     **** 
  94:.\Utils.c     **** //@Created By: HIJH
  95:.\Utils.c     **** //@Date: Septembre de 2016
  96:.\Utils.c     **** bool ISVALIDBCD(PNEAR_BYTE_PTR pbuffer, uint16 buffersize)
  97:.\Utils.c     **** {
 771              		.loc 1 97 0
 772              		.cfi_startproc
 773              		@ args = 0, pretend = 0, frame = 16
 774              		@ frame_needed = 1, uses_anonymous_args = 0
 775              		@ link register save eliminated.
 776 0000 80B4     		push	{r7}
 777              		.cfi_def_cfa_offset 4
 778              		.cfi_offset 7, -4
 779 0002 85B0     		sub	sp, sp, #20
 780              		.cfi_def_cfa_offset 24
 781 0004 00AF     		add	r7, sp, #0
 782              		.cfi_def_cfa_register 7
 783 0006 7860     		str	r0, [r7, #4]
 784 0008 0B46     		mov	r3, r1
 785 000a 7B80     		strh	r3, [r7, #2]	@ movhi
  98:.\Utils.c     ****     bool retval = true;
 786              		.loc 1 98 0
 787 000c 0123     		movs	r3, #1
 788 000e FB73     		strb	r3, [r7, #15]
  99:.\Utils.c     ****     FOR(uint8 index = 0, index < buffersize, index++)
 789              		.loc 1 99 0
 790 0010 0023     		movs	r3, #0
 791 0012 BB73     		strb	r3, [r7, #14]
 792 0014 0DE0     		b	.L30
 793              	.L33:
 100:.\Utils.c     ****     {
 101:.\Utils.c     ****         if((pbuffer[index] & 0x0F) > 0x09 || (pbuffer[index] & 0x0F) < 0x00)
 794              		.loc 1 101 0
 795 0016 BB7B     		ldrb	r3, [r7, #14]	@ zero_extendqisi2
 796 0018 7A68     		ldr	r2, [r7, #4]
 797 001a 1344     		add	r3, r3, r2
 798 001c 1B78     		ldrb	r3, [r3]	@ zero_extendqisi2
ARM GAS  C:\Users\Lenovo\AppData\Local\Temp\ccBukUSZ.s 			page 17


 799 001e 03F00F03 		and	r3, r3, #15
 800 0022 092B     		cmp	r3, #9
 801 0024 02DD     		ble	.L31
 102:.\Utils.c     ****         {
 103:.\Utils.c     ****             retval = false;
 802              		.loc 1 103 0
 803 0026 0023     		movs	r3, #0
 804 0028 FB73     		strb	r3, [r7, #15]
 104:.\Utils.c     ****             break;
 805              		.loc 1 104 0
 806 002a 07E0     		b	.L32
 807              	.L31:
  99:.\Utils.c     ****     {
 808              		.loc 1 99 0 discriminator 2
 809 002c BB7B     		ldrb	r3, [r7, #14]	@ zero_extendqisi2
 810 002e 0133     		adds	r3, r3, #1
 811 0030 BB73     		strb	r3, [r7, #14]
 812              	.L30:
  99:.\Utils.c     ****     {
 813              		.loc 1 99 0 is_stmt 0 discriminator 1
 814 0032 BB7B     		ldrb	r3, [r7, #14]	@ zero_extendqisi2
 815 0034 9BB2     		uxth	r3, r3
 816 0036 7A88     		ldrh	r2, [r7, #2]
 817 0038 9A42     		cmp	r2, r3
 818 003a ECD8     		bhi	.L33
 819              	.L32:
 105:.\Utils.c     ****         }
 106:.\Utils.c     ****     }
 107:.\Utils.c     ****     return retval;
 820              		.loc 1 107 0 is_stmt 1
 821 003c FB7B     		ldrb	r3, [r7, #15]	@ zero_extendqisi2
 108:.\Utils.c     **** }
 822              		.loc 1 108 0
 823 003e 1846     		mov	r0, r3
 824 0040 1437     		adds	r7, r7, #20
 825              		.cfi_def_cfa_offset 4
 826 0042 BD46     		mov	sp, r7
 827              		.cfi_def_cfa_register 13
 828              		@ sp needed
 829 0044 5DF8047B 		ldr	r7, [sp], #4
 830              		.cfi_restore 7
 831              		.cfi_def_cfa_offset 0
 832 0048 7047     		bx	lr
 833              		.cfi_endproc
 834              	.LFE6:
 835              		.size	ISVALIDBCD, .-ISVALIDBCD
 836              		.global	__aeabi_d2iz
 837              		.global	__aeabi_dsub
 838              		.global	__aeabi_dcmplt
 839 004a 00BF     		.section	.text.Ceil,"ax",%progbits
 840              		.align	2
 841              		.global	Ceil
 842              		.thumb
 843              		.thumb_func
 844              		.type	Ceil, %function
 845              	Ceil:
 846              	.LFB7:
ARM GAS  C:\Users\Lenovo\AppData\Local\Temp\ccBukUSZ.s 			page 18


 109:.\Utils.c     **** 
 110:.\Utils.c     **** double Ceil(double val)
 111:.\Utils.c     **** {
 847              		.loc 1 111 0
 848              		.cfi_startproc
 849              		@ args = 0, pretend = 0, frame = 16
 850              		@ frame_needed = 1, uses_anonymous_args = 0
 851 0000 80B5     		push	{r7, lr}
 852              		.cfi_def_cfa_offset 8
 853              		.cfi_offset 7, -8
 854              		.cfi_offset 14, -4
 855 0002 84B0     		sub	sp, sp, #16
 856              		.cfi_def_cfa_offset 24
 857 0004 00AF     		add	r7, sp, #0
 858              		.cfi_def_cfa_register 7
 859 0006 C7E90001 		strd	r0, [r7]
 112:.\Utils.c     ****     int32 retval = (int32)val;
 860              		.loc 1 112 0
 861 000a D7E90001 		ldrd	r0, [r7]
 862 000e FFF7FEFF 		bl	__aeabi_d2iz
 863 0012 0346     		mov	r3, r0
 864 0014 FB60     		str	r3, [r7, #12]
 113:.\Utils.c     ****     return ((retval - val) < 0)? (retval + 1): retval;
 865              		.loc 1 113 0
 866 0016 F868     		ldr	r0, [r7, #12]
 867 0018 FFF7FEFF 		bl	__aeabi_i2d
 868 001c 0246     		mov	r2, r0
 869 001e 0B46     		mov	r3, r1
 870 0020 1046     		mov	r0, r2
 871 0022 1946     		mov	r1, r3
 872 0024 D7E90023 		ldrd	r2, [r7]
 873 0028 FFF7FEFF 		bl	__aeabi_dsub
 874 002c 0246     		mov	r2, r0
 875 002e 0B46     		mov	r3, r1
 876 0030 1046     		mov	r0, r2
 877 0032 1946     		mov	r1, r3
 878 0034 4FF00002 		mov	r2, #0
 879 0038 4FF00003 		mov	r3, #0
 880 003c FFF7FEFF 		bl	__aeabi_dcmplt
 881 0040 0346     		mov	r3, r0
 882 0042 002B     		cmp	r3, #0
 883 0044 07D0     		beq	.L41
 884              		.loc 1 113 0 is_stmt 0 discriminator 1
 885 0046 FB68     		ldr	r3, [r7, #12]
 886 0048 0133     		adds	r3, r3, #1
 887 004a 1846     		mov	r0, r3
 888 004c FFF7FEFF 		bl	__aeabi_i2d
 889 0050 0246     		mov	r2, r0
 890 0052 0B46     		mov	r3, r1
 891 0054 04E0     		b	.L38
 892              	.L41:
 893              		.loc 1 113 0 discriminator 2
 894 0056 F868     		ldr	r0, [r7, #12]
 895 0058 FFF7FEFF 		bl	__aeabi_i2d
 896 005c 0246     		mov	r2, r0
 897 005e 0B46     		mov	r3, r1
 898              	.L38:
ARM GAS  C:\Users\Lenovo\AppData\Local\Temp\ccBukUSZ.s 			page 19


 114:.\Utils.c     **** }
 899              		.loc 1 114 0 is_stmt 1 discriminator 4
 900 0060 1046     		mov	r0, r2
 901 0062 1946     		mov	r1, r3
 902 0064 1037     		adds	r7, r7, #16
 903              		.cfi_def_cfa_offset 8
 904 0066 BD46     		mov	sp, r7
 905              		.cfi_def_cfa_register 13
 906              		@ sp needed
 907 0068 80BD     		pop	{r7, pc}
 908              		.cfi_endproc
 909              	.LFE7:
 910              		.size	Ceil, .-Ceil
 911 006a 00BF     		.section	.text.RGB216BITS,"ax",%progbits
 912              		.align	2
 913              		.global	RGB216BITS
 914              		.thumb
 915              		.thumb_func
 916              		.type	RGB216BITS, %function
 917              	RGB216BITS:
 918              	.LFB8:
 115:.\Utils.c     **** 
 116:.\Utils.c     **** uint16 RGB216BITS(uint8 r, uint8 g, uint8 b)
 117:.\Utils.c     **** {
 919              		.loc 1 117 0
 920              		.cfi_startproc
 921              		@ args = 0, pretend = 0, frame = 16
 922              		@ frame_needed = 1, uses_anonymous_args = 0
 923              		@ link register save eliminated.
 924 0000 80B4     		push	{r7}
 925              		.cfi_def_cfa_offset 4
 926              		.cfi_offset 7, -4
 927 0002 85B0     		sub	sp, sp, #20
 928              		.cfi_def_cfa_offset 24
 929 0004 00AF     		add	r7, sp, #0
 930              		.cfi_def_cfa_register 7
 931 0006 0346     		mov	r3, r0
 932 0008 FB71     		strb	r3, [r7, #7]
 933 000a 0B46     		mov	r3, r1
 934 000c BB71     		strb	r3, [r7, #6]
 935 000e 1346     		mov	r3, r2
 936 0010 7B71     		strb	r3, [r7, #5]
 118:.\Utils.c     ****     uint16 code = 0x0000;
 937              		.loc 1 118 0
 938 0012 0023     		movs	r3, #0
 939 0014 FB81     		strh	r3, [r7, #14]	@ movhi
 119:.\Utils.c     ****     
 120:.\Utils.c     ****     code = (r & 0x1f) << 11;
 940              		.loc 1 120 0
 941 0016 FB79     		ldrb	r3, [r7, #7]	@ zero_extendqisi2
 942 0018 DB02     		lsls	r3, r3, #11
 943 001a FB81     		strh	r3, [r7, #14]	@ movhi
 121:.\Utils.c     ****     code |= (g & 0x3f) << 5;
 944              		.loc 1 121 0
 945 001c BB79     		ldrb	r3, [r7, #6]	@ zero_extendqisi2
 946 001e 03F03F03 		and	r3, r3, #63
 947 0022 5B01     		lsls	r3, r3, #5
ARM GAS  C:\Users\Lenovo\AppData\Local\Temp\ccBukUSZ.s 			page 20


 948 0024 9AB2     		uxth	r2, r3
 949 0026 FB89     		ldrh	r3, [r7, #14]
 950 0028 1343     		orrs	r3, r3, r2
 951 002a 9BB2     		uxth	r3, r3
 952 002c FB81     		strh	r3, [r7, #14]	@ movhi
 122:.\Utils.c     ****     code |= (b & 0x1f) << 0;
 953              		.loc 1 122 0
 954 002e 7B79     		ldrb	r3, [r7, #5]	@ zero_extendqisi2
 955 0030 9BB2     		uxth	r3, r3
 956 0032 03F01F03 		and	r3, r3, #31
 957 0036 9AB2     		uxth	r2, r3
 958 0038 FB89     		ldrh	r3, [r7, #14]
 959 003a 1343     		orrs	r3, r3, r2
 960 003c 9BB2     		uxth	r3, r3
 961 003e FB81     		strh	r3, [r7, #14]	@ movhi
 123:.\Utils.c     ****     
 124:.\Utils.c     ****     return code;
 962              		.loc 1 124 0
 963 0040 FB89     		ldrh	r3, [r7, #14]
 125:.\Utils.c     **** }
 964              		.loc 1 125 0
 965 0042 1846     		mov	r0, r3
 966 0044 1437     		adds	r7, r7, #20
 967              		.cfi_def_cfa_offset 4
 968 0046 BD46     		mov	sp, r7
 969              		.cfi_def_cfa_register 13
 970              		@ sp needed
 971 0048 5DF8047B 		ldr	r7, [sp], #4
 972              		.cfi_restore 7
 973              		.cfi_def_cfa_offset 0
 974 004c 7047     		bx	lr
 975              		.cfi_endproc
 976              	.LFE8:
 977              		.size	RGB216BITS, .-RGB216BITS
 978 004e 00BF     		.section	.text.ISASCIIPRNBLE,"ax",%progbits
 979              		.align	2
 980              		.global	ISASCIIPRNBLE
 981              		.thumb
 982              		.thumb_func
 983              		.type	ISASCIIPRNBLE, %function
 984              	ISASCIIPRNBLE:
 985              	.LFB9:
 126:.\Utils.c     **** 
 127:.\Utils.c     **** //@Created By: HIJH
 128:.\Utils.c     **** //@Date: Septembre de 2016
 129:.\Utils.c     **** bool ISASCIIPRNBLE(PNEAR_BYTE_PTR pbuffer, uint8 buffersize)
 130:.\Utils.c     **** {
 986              		.loc 1 130 0
 987              		.cfi_startproc
 988              		@ args = 0, pretend = 0, frame = 16
 989              		@ frame_needed = 1, uses_anonymous_args = 0
 990              		@ link register save eliminated.
 991 0000 80B4     		push	{r7}
 992              		.cfi_def_cfa_offset 4
 993              		.cfi_offset 7, -4
 994 0002 85B0     		sub	sp, sp, #20
 995              		.cfi_def_cfa_offset 24
ARM GAS  C:\Users\Lenovo\AppData\Local\Temp\ccBukUSZ.s 			page 21


 996 0004 00AF     		add	r7, sp, #0
 997              		.cfi_def_cfa_register 7
 998 0006 7860     		str	r0, [r7, #4]
 999 0008 0B46     		mov	r3, r1
 1000 000a FB70     		strb	r3, [r7, #3]
 131:.\Utils.c     ****     bool retval = true;
 1001              		.loc 1 131 0
 1002 000c 0123     		movs	r3, #1
 1003 000e FB73     		strb	r3, [r7, #15]
 132:.\Utils.c     ****     FOR(uint8 index = 0, index < buffersize, index++)
 1004              		.loc 1 132 0
 1005 0010 0023     		movs	r3, #0
 1006 0012 BB73     		strb	r3, [r7, #14]
 1007 0014 0BE0     		b	.L45
 1008              	.L48:
 133:.\Utils.c     ****     {
 134:.\Utils.c     ****         //This is approximately the range of printable ASCII characters that we require
 135:.\Utils.c     ****         if(pbuffer[index] < 0x20)        
 1009              		.loc 1 135 0
 1010 0016 BB7B     		ldrb	r3, [r7, #14]	@ zero_extendqisi2
 1011 0018 7A68     		ldr	r2, [r7, #4]
 1012 001a 1344     		add	r3, r3, r2
 1013 001c 1B78     		ldrb	r3, [r3]	@ zero_extendqisi2
 1014 001e 1F2B     		cmp	r3, #31
 1015 0020 02D8     		bhi	.L46
 136:.\Utils.c     ****         {
 137:.\Utils.c     ****             retval = false;
 1016              		.loc 1 137 0
 1017 0022 0023     		movs	r3, #0
 1018 0024 FB73     		strb	r3, [r7, #15]
 138:.\Utils.c     ****             break;
 1019              		.loc 1 138 0
 1020 0026 06E0     		b	.L47
 1021              	.L46:
 132:.\Utils.c     ****     {
 1022              		.loc 1 132 0 discriminator 2
 1023 0028 BB7B     		ldrb	r3, [r7, #14]	@ zero_extendqisi2
 1024 002a 0133     		adds	r3, r3, #1
 1025 002c BB73     		strb	r3, [r7, #14]
 1026              	.L45:
 132:.\Utils.c     ****     {
 1027              		.loc 1 132 0 is_stmt 0 discriminator 1
 1028 002e BA7B     		ldrb	r2, [r7, #14]	@ zero_extendqisi2
 1029 0030 FB78     		ldrb	r3, [r7, #3]	@ zero_extendqisi2
 1030 0032 9A42     		cmp	r2, r3
 1031 0034 EFD3     		bcc	.L48
 1032              	.L47:
 139:.\Utils.c     ****         }
 140:.\Utils.c     ****     }
 141:.\Utils.c     ****     return retval;
 1033              		.loc 1 141 0 is_stmt 1
 1034 0036 FB7B     		ldrb	r3, [r7, #15]	@ zero_extendqisi2
 142:.\Utils.c     **** }
 1035              		.loc 1 142 0
 1036 0038 1846     		mov	r0, r3
 1037 003a 1437     		adds	r7, r7, #20
 1038              		.cfi_def_cfa_offset 4
ARM GAS  C:\Users\Lenovo\AppData\Local\Temp\ccBukUSZ.s 			page 22


 1039 003c BD46     		mov	sp, r7
 1040              		.cfi_def_cfa_register 13
 1041              		@ sp needed
 1042 003e 5DF8047B 		ldr	r7, [sp], #4
 1043              		.cfi_restore 7
 1044              		.cfi_def_cfa_offset 0
 1045 0042 7047     		bx	lr
 1046              		.cfi_endproc
 1047              	.LFE9:
 1048              		.size	ISASCIIPRNBLE, .-ISASCIIPRNBLE
 1049              		.text
 1050              	.Letext0:
 1051              		.file 2 "Generated_Source\\PSoC5/cytypes.h"
 1052              		.file 3 ".\\GlobalDefinitions.h"
 1053              		.section	.debug_info,"",%progbits
 1054              	.Ldebug_info0:
 1055 0000 2A040000 		.4byte	0x42a
 1056 0004 0400     		.2byte	0x4
 1057 0006 00000000 		.4byte	.Ldebug_abbrev0
 1058 000a 04       		.byte	0x4
 1059 000b 01       		.uleb128 0x1
 1060 000c 1C010000 		.4byte	.LASF43
 1061 0010 01       		.byte	0x1
 1062 0011 A3020000 		.4byte	.LASF44
 1063 0015 67000000 		.4byte	.LASF45
 1064 0019 00000000 		.4byte	.Ldebug_ranges0+0
 1065 001d 00000000 		.4byte	0
 1066 0021 00000000 		.4byte	.Ldebug_line0
 1067 0025 02       		.uleb128 0x2
 1068 0026 01       		.byte	0x1
 1069 0027 06       		.byte	0x6
 1070 0028 AD020000 		.4byte	.LASF0
 1071 002c 02       		.uleb128 0x2
 1072 002d 01       		.byte	0x1
 1073 002e 08       		.byte	0x8
 1074 002f 0E010000 		.4byte	.LASF1
 1075 0033 02       		.uleb128 0x2
 1076 0034 02       		.byte	0x2
 1077 0035 05       		.byte	0x5
 1078 0036 6E020000 		.4byte	.LASF2
 1079 003a 02       		.uleb128 0x2
 1080 003b 02       		.byte	0x2
 1081 003c 07       		.byte	0x7
 1082 003d 32020000 		.4byte	.LASF3
 1083 0041 02       		.uleb128 0x2
 1084 0042 04       		.byte	0x4
 1085 0043 05       		.byte	0x5
 1086 0044 95020000 		.4byte	.LASF4
 1087 0048 02       		.uleb128 0x2
 1088 0049 04       		.byte	0x4
 1089 004a 07       		.byte	0x7
 1090 004b F6000000 		.4byte	.LASF5
 1091 004f 02       		.uleb128 0x2
 1092 0050 08       		.byte	0x8
 1093 0051 05       		.byte	0x5
 1094 0052 45020000 		.4byte	.LASF6
 1095 0056 02       		.uleb128 0x2
ARM GAS  C:\Users\Lenovo\AppData\Local\Temp\ccBukUSZ.s 			page 23


 1096 0057 08       		.byte	0x8
 1097 0058 07       		.byte	0x7
 1098 0059 FC010000 		.4byte	.LASF7
 1099 005d 03       		.uleb128 0x3
 1100 005e 04       		.byte	0x4
 1101 005f 05       		.byte	0x5
 1102 0060 696E7400 		.ascii	"int\000"
 1103 0064 02       		.uleb128 0x2
 1104 0065 04       		.byte	0x4
 1105 0066 07       		.byte	0x7
 1106 0067 E4010000 		.4byte	.LASF8
 1107 006b 04       		.uleb128 0x4
 1108 006c 78020000 		.4byte	.LASF9
 1109 0070 02       		.byte	0x2
 1110 0071 3801     		.2byte	0x138
 1111 0073 2C000000 		.4byte	0x2c
 1112 0077 04       		.uleb128 0x4
 1113 0078 C2010000 		.4byte	.LASF10
 1114 007c 02       		.byte	0x2
 1115 007d 3901     		.2byte	0x139
 1116 007f 3A000000 		.4byte	0x3a
 1117 0083 04       		.uleb128 0x4
 1118 0084 DD010000 		.4byte	.LASF11
 1119 0088 02       		.byte	0x2
 1120 0089 3A01     		.2byte	0x13a
 1121 008b 48000000 		.4byte	0x48
 1122 008f 04       		.uleb128 0x4
 1123 0090 C9010000 		.4byte	.LASF12
 1124 0094 02       		.byte	0x2
 1125 0095 3B01     		.2byte	0x13b
 1126 0097 25000000 		.4byte	0x25
 1127 009b 04       		.uleb128 0x4
 1128 009c 08010000 		.4byte	.LASF13
 1129 00a0 02       		.byte	0x2
 1130 00a1 3D01     		.2byte	0x13d
 1131 00a3 41000000 		.4byte	0x41
 1132 00a7 02       		.uleb128 0x2
 1133 00a8 04       		.byte	0x4
 1134 00a9 04       		.byte	0x4
 1135 00aa D0000000 		.4byte	.LASF14
 1136 00ae 02       		.uleb128 0x2
 1137 00af 08       		.byte	0x8
 1138 00b0 04       		.byte	0x4
 1139 00b1 AA010000 		.4byte	.LASF15
 1140 00b5 04       		.uleb128 0x4
 1141 00b6 43000000 		.4byte	.LASF16
 1142 00ba 02       		.byte	0x2
 1143 00bb 4401     		.2byte	0x144
 1144 00bd 56000000 		.4byte	0x56
 1145 00c1 04       		.uleb128 0x4
 1146 00c2 F0000000 		.4byte	.LASF17
 1147 00c6 02       		.byte	0x2
 1148 00c7 4901     		.2byte	0x149
 1149 00c9 CD000000 		.4byte	0xcd
 1150 00cd 02       		.uleb128 0x2
 1151 00ce 01       		.byte	0x1
 1152 00cf 08       		.byte	0x8
ARM GAS  C:\Users\Lenovo\AppData\Local\Temp\ccBukUSZ.s 			page 24


 1153 00d0 9E020000 		.4byte	.LASF18
 1154 00d4 02       		.uleb128 0x2
 1155 00d5 04       		.byte	0x4
 1156 00d6 07       		.byte	0x7
 1157 00d7 29020000 		.4byte	.LASF19
 1158 00db 02       		.uleb128 0x2
 1159 00dc 08       		.byte	0x8
 1160 00dd 04       		.byte	0x4
 1161 00de B1010000 		.4byte	.LASF20
 1162 00e2 05       		.uleb128 0x5
 1163 00e3 CE010000 		.4byte	.LASF21
 1164 00e7 03       		.byte	0x3
 1165 00e8 50       		.byte	0x50
 1166 00e9 ED000000 		.4byte	0xed
 1167 00ed 06       		.uleb128 0x6
 1168 00ee 04       		.byte	0x4
 1169 00ef 6B000000 		.4byte	0x6b
 1170 00f3 07       		.uleb128 0x7
 1171 00f4 2C000000 		.4byte	.LASF33
 1172 00f8 01       		.byte	0x1
 1173 00f9 11       		.byte	0x11
 1174 00fa B5000000 		.4byte	0xb5
 1175 00fe 00000000 		.4byte	.LFB0
 1176 0102 CA000000 		.4byte	.LFE0-.LFB0
 1177 0106 01       		.uleb128 0x1
 1178 0107 9C       		.byte	0x9c
 1179 0108 53010000 		.4byte	0x153
 1180 010c 08       		.uleb128 0x8
 1181 010d 53020000 		.4byte	.LASF22
 1182 0111 01       		.byte	0x1
 1183 0112 11       		.byte	0x11
 1184 0113 ED000000 		.4byte	0xed
 1185 0117 02       		.uleb128 0x2
 1186 0118 91       		.byte	0x91
 1187 0119 5C       		.sleb128 -36
 1188 011a 08       		.uleb128 0x8
 1189 011b F1010000 		.4byte	.LASF23
 1190 011f 01       		.byte	0x1
 1191 0120 11       		.byte	0x11
 1192 0121 6B000000 		.4byte	0x6b
 1193 0125 02       		.uleb128 0x2
 1194 0126 91       		.byte	0x91
 1195 0127 5B       		.sleb128 -37
 1196 0128 08       		.uleb128 0x8
 1197 0129 D6000000 		.4byte	.LASF24
 1198 012d 01       		.byte	0x1
 1199 012e 11       		.byte	0x11
 1200 012f 6B000000 		.4byte	0x6b
 1201 0133 02       		.uleb128 0x2
 1202 0134 91       		.byte	0x91
 1203 0135 5A       		.sleb128 -38
 1204 0136 09       		.uleb128 0x9
 1205 0137 E9000000 		.4byte	.LASF25
 1206 013b 01       		.byte	0x1
 1207 013c 13       		.byte	0x13
 1208 013d B5000000 		.4byte	0xb5
 1209 0141 02       		.uleb128 0x2
ARM GAS  C:\Users\Lenovo\AppData\Local\Temp\ccBukUSZ.s 			page 25


 1210 0142 91       		.byte	0x91
 1211 0143 68       		.sleb128 -24
 1212 0144 09       		.uleb128 0x9
 1213 0145 68020000 		.4byte	.LASF26
 1214 0149 01       		.byte	0x1
 1215 014a 14       		.byte	0x14
 1216 014b 6B000000 		.4byte	0x6b
 1217 014f 02       		.uleb128 0x2
 1218 0150 91       		.byte	0x91
 1219 0151 67       		.sleb128 -25
 1220 0152 00       		.byte	0
 1221 0153 0A       		.uleb128 0xa
 1222 0154 00000000 		.4byte	.LASF28
 1223 0158 01       		.byte	0x1
 1224 0159 23       		.byte	0x23
 1225 015a 00000000 		.4byte	.LFB1
 1226 015e DC010000 		.4byte	.LFE1-.LFB1
 1227 0162 01       		.uleb128 0x1
 1228 0163 9C       		.byte	0x9c
 1229 0164 93010000 		.4byte	0x193
 1230 0168 08       		.uleb128 0x8
 1231 0169 13020000 		.4byte	.LASF27
 1232 016d 01       		.byte	0x1
 1233 016e 23       		.byte	0x23
 1234 016f B5000000 		.4byte	0xb5
 1235 0173 02       		.uleb128 0x2
 1236 0174 91       		.byte	0x91
 1237 0175 58       		.sleb128 -40
 1238 0176 08       		.uleb128 0x8
 1239 0177 53020000 		.4byte	.LASF22
 1240 017b 01       		.byte	0x1
 1241 017c 23       		.byte	0x23
 1242 017d ED000000 		.4byte	0xed
 1243 0181 02       		.uleb128 0x2
 1244 0182 91       		.byte	0x91
 1245 0183 54       		.sleb128 -44
 1246 0184 09       		.uleb128 0x9
 1247 0185 68020000 		.4byte	.LASF26
 1248 0189 01       		.byte	0x1
 1249 018a 25       		.byte	0x25
 1250 018b 6B000000 		.4byte	0x6b
 1251 018f 02       		.uleb128 0x2
 1252 0190 91       		.byte	0x91
 1253 0191 67       		.sleb128 -25
 1254 0192 00       		.byte	0
 1255 0193 0B       		.uleb128 0xb
 1256 0194 5B020000 		.4byte	.LASF29
 1257 0198 01       		.byte	0x1
 1258 0199 30       		.byte	0x30
 1259 019a 00000000 		.4byte	.LFB2
 1260 019e 7A000000 		.4byte	.LFE2-.LFB2
 1261 01a2 01       		.uleb128 0x1
 1262 01a3 9C       		.byte	0x9c
 1263 01a4 F9010000 		.4byte	0x1f9
 1264 01a8 08       		.uleb128 0x8
 1265 01a9 53020000 		.4byte	.LASF22
 1266 01ad 01       		.byte	0x1
ARM GAS  C:\Users\Lenovo\AppData\Local\Temp\ccBukUSZ.s 			page 26


 1267 01ae 30       		.byte	0x30
 1268 01af ED000000 		.4byte	0xed
 1269 01b3 02       		.uleb128 0x2
 1270 01b4 91       		.byte	0x91
 1271 01b5 6C       		.sleb128 -20
 1272 01b6 08       		.uleb128 0x8
 1273 01b7 F1010000 		.4byte	.LASF23
 1274 01bb 01       		.byte	0x1
 1275 01bc 30       		.byte	0x30
 1276 01bd 6B000000 		.4byte	0x6b
 1277 01c1 02       		.uleb128 0x2
 1278 01c2 91       		.byte	0x91
 1279 01c3 6B       		.sleb128 -21
 1280 01c4 09       		.uleb128 0x9
 1281 01c5 7E020000 		.4byte	.LASF30
 1282 01c9 01       		.byte	0x1
 1283 01ca 32       		.byte	0x32
 1284 01cb 6B000000 		.4byte	0x6b
 1285 01cf 02       		.uleb128 0x2
 1286 01d0 91       		.byte	0x91
 1287 01d1 75       		.sleb128 -11
 1288 01d2 09       		.uleb128 0x9
 1289 01d3 13000000 		.4byte	.LASF31
 1290 01d7 01       		.byte	0x1
 1291 01d8 33       		.byte	0x33
 1292 01d9 6B000000 		.4byte	0x6b
 1293 01dd 02       		.uleb128 0x2
 1294 01de 91       		.byte	0x91
 1295 01df 77       		.sleb128 -9
 1296 01e0 0C       		.uleb128 0xc
 1297 01e1 16000000 		.4byte	.LBB2
 1298 01e5 4A000000 		.4byte	.LBE2-.LBB2
 1299 01e9 09       		.uleb128 0x9
 1300 01ea 1A000000 		.4byte	.LASF32
 1301 01ee 01       		.byte	0x1
 1302 01ef 36       		.byte	0x36
 1303 01f0 8F000000 		.4byte	0x8f
 1304 01f4 02       		.uleb128 0x2
 1305 01f5 91       		.byte	0x91
 1306 01f6 76       		.sleb128 -10
 1307 01f7 00       		.byte	0
 1308 01f8 00       		.byte	0
 1309 01f9 07       		.uleb128 0x7
 1310 01fa 85020000 		.4byte	.LASF34
 1311 01fe 01       		.byte	0x1
 1312 01ff 3F       		.byte	0x3f
 1313 0200 AE000000 		.4byte	0xae
 1314 0204 00000000 		.4byte	.LFB3
 1315 0208 86000000 		.4byte	.LFE3-.LFB3
 1316 020c 01       		.uleb128 0x1
 1317 020d 9C       		.byte	0x9c
 1318 020e 4B020000 		.4byte	0x24b
 1319 0212 08       		.uleb128 0x8
 1320 0213 53020000 		.4byte	.LASF22
 1321 0217 01       		.byte	0x1
 1322 0218 3F       		.byte	0x3f
 1323 0219 E2000000 		.4byte	0xe2
ARM GAS  C:\Users\Lenovo\AppData\Local\Temp\ccBukUSZ.s 			page 27


 1324 021d 02       		.uleb128 0x2
 1325 021e 91       		.byte	0x91
 1326 021f 5C       		.sleb128 -36
 1327 0220 08       		.uleb128 0x8
 1328 0221 F1010000 		.4byte	.LASF23
 1329 0225 01       		.byte	0x1
 1330 0226 3F       		.byte	0x3f
 1331 0227 77000000 		.4byte	0x77
 1332 022b 02       		.uleb128 0x2
 1333 022c 91       		.byte	0x91
 1334 022d 5A       		.sleb128 -38
 1335 022e 09       		.uleb128 0x9
 1336 022f E9000000 		.4byte	.LASF25
 1337 0233 01       		.byte	0x1
 1338 0234 41       		.byte	0x41
 1339 0235 AE000000 		.4byte	0xae
 1340 0239 02       		.uleb128 0x2
 1341 023a 91       		.byte	0x91
 1342 023b 68       		.sleb128 -24
 1343 023c 09       		.uleb128 0x9
 1344 023d 68020000 		.4byte	.LASF26
 1345 0241 01       		.byte	0x1
 1346 0242 42       		.byte	0x42
 1347 0243 6B000000 		.4byte	0x6b
 1348 0247 02       		.uleb128 0x2
 1349 0248 91       		.byte	0x91
 1350 0249 67       		.sleb128 -25
 1351 024a 00       		.byte	0
 1352 024b 07       		.uleb128 0x7
 1353 024c 1A020000 		.4byte	.LASF35
 1354 0250 01       		.byte	0x1
 1355 0251 4A       		.byte	0x4a
 1356 0252 83000000 		.4byte	0x83
 1357 0256 00000000 		.4byte	.LFB4
 1358 025a 94000000 		.4byte	.LFE4-.LFB4
 1359 025e 01       		.uleb128 0x1
 1360 025f 9C       		.byte	0x9c
 1361 0260 9D020000 		.4byte	0x29d
 1362 0264 08       		.uleb128 0x8
 1363 0265 53020000 		.4byte	.LASF22
 1364 0269 01       		.byte	0x1
 1365 026a 4A       		.byte	0x4a
 1366 026b E2000000 		.4byte	0xe2
 1367 026f 02       		.uleb128 0x2
 1368 0270 91       		.byte	0x91
 1369 0271 64       		.sleb128 -28
 1370 0272 08       		.uleb128 0x8
 1371 0273 F1010000 		.4byte	.LASF23
 1372 0277 01       		.byte	0x1
 1373 0278 4A       		.byte	0x4a
 1374 0279 77000000 		.4byte	0x77
 1375 027d 02       		.uleb128 0x2
 1376 027e 91       		.byte	0x91
 1377 027f 62       		.sleb128 -30
 1378 0280 09       		.uleb128 0x9
 1379 0281 E9000000 		.4byte	.LASF25
 1380 0285 01       		.byte	0x1
ARM GAS  C:\Users\Lenovo\AppData\Local\Temp\ccBukUSZ.s 			page 28


 1381 0286 4C       		.byte	0x4c
 1382 0287 83000000 		.4byte	0x83
 1383 028b 02       		.uleb128 0x2
 1384 028c 91       		.byte	0x91
 1385 028d 6C       		.sleb128 -20
 1386 028e 09       		.uleb128 0x9
 1387 028f 68020000 		.4byte	.LASF26
 1388 0293 01       		.byte	0x1
 1389 0294 4D       		.byte	0x4d
 1390 0295 6B000000 		.4byte	0x6b
 1391 0299 02       		.uleb128 0x2
 1392 029a 91       		.byte	0x91
 1393 029b 6B       		.sleb128 -21
 1394 029c 00       		.byte	0
 1395 029d 07       		.uleb128 0x7
 1396 029e 58000000 		.4byte	.LASF36
 1397 02a2 01       		.byte	0x1
 1398 02a3 55       		.byte	0x55
 1399 02a4 83000000 		.4byte	0x83
 1400 02a8 00000000 		.4byte	.LFB5
 1401 02ac A0000000 		.4byte	.LFE5-.LFB5
 1402 02b0 01       		.uleb128 0x1
 1403 02b1 9C       		.byte	0x9c
 1404 02b2 EF020000 		.4byte	0x2ef
 1405 02b6 08       		.uleb128 0x8
 1406 02b7 53020000 		.4byte	.LASF22
 1407 02bb 01       		.byte	0x1
 1408 02bc 55       		.byte	0x55
 1409 02bd E2000000 		.4byte	0xe2
 1410 02c1 02       		.uleb128 0x2
 1411 02c2 91       		.byte	0x91
 1412 02c3 64       		.sleb128 -28
 1413 02c4 08       		.uleb128 0x8
 1414 02c5 F1010000 		.4byte	.LASF23
 1415 02c9 01       		.byte	0x1
 1416 02ca 55       		.byte	0x55
 1417 02cb 77000000 		.4byte	0x77
 1418 02cf 02       		.uleb128 0x2
 1419 02d0 91       		.byte	0x91
 1420 02d1 62       		.sleb128 -30
 1421 02d2 09       		.uleb128 0x9
 1422 02d3 E9000000 		.4byte	.LASF25
 1423 02d7 01       		.byte	0x1
 1424 02d8 57       		.byte	0x57
 1425 02d9 83000000 		.4byte	0x83
 1426 02dd 02       		.uleb128 0x2
 1427 02de 91       		.byte	0x91
 1428 02df 6C       		.sleb128 -20
 1429 02e0 09       		.uleb128 0x9
 1430 02e1 68020000 		.4byte	.LASF26
 1431 02e5 01       		.byte	0x1
 1432 02e6 58       		.byte	0x58
 1433 02e7 8F000000 		.4byte	0x8f
 1434 02eb 02       		.uleb128 0x2
 1435 02ec 91       		.byte	0x91
 1436 02ed 6B       		.sleb128 -21
 1437 02ee 00       		.byte	0
ARM GAS  C:\Users\Lenovo\AppData\Local\Temp\ccBukUSZ.s 			page 29


 1438 02ef 0D       		.uleb128 0xd
 1439 02f0 21000000 		.4byte	.LASF37
 1440 02f4 01       		.byte	0x1
 1441 02f5 60       		.byte	0x60
 1442 02f6 41030000 		.4byte	0x341
 1443 02fa 00000000 		.4byte	.LFB6
 1444 02fe 4A000000 		.4byte	.LFE6-.LFB6
 1445 0302 01       		.uleb128 0x1
 1446 0303 9C       		.byte	0x9c
 1447 0304 41030000 		.4byte	0x341
 1448 0308 08       		.uleb128 0x8
 1449 0309 53020000 		.4byte	.LASF22
 1450 030d 01       		.byte	0x1
 1451 030e 60       		.byte	0x60
 1452 030f E2000000 		.4byte	0xe2
 1453 0313 02       		.uleb128 0x2
 1454 0314 91       		.byte	0x91
 1455 0315 6C       		.sleb128 -20
 1456 0316 08       		.uleb128 0x8
 1457 0317 F1010000 		.4byte	.LASF23
 1458 031b 01       		.byte	0x1
 1459 031c 60       		.byte	0x60
 1460 031d 77000000 		.4byte	0x77
 1461 0321 02       		.uleb128 0x2
 1462 0322 91       		.byte	0x91
 1463 0323 6A       		.sleb128 -22
 1464 0324 09       		.uleb128 0x9
 1465 0325 E9000000 		.4byte	.LASF25
 1466 0329 01       		.byte	0x1
 1467 032a 62       		.byte	0x62
 1468 032b 41030000 		.4byte	0x341
 1469 032f 02       		.uleb128 0x2
 1470 0330 91       		.byte	0x91
 1471 0331 77       		.sleb128 -9
 1472 0332 09       		.uleb128 0x9
 1473 0333 68020000 		.4byte	.LASF26
 1474 0337 01       		.byte	0x1
 1475 0338 63       		.byte	0x63
 1476 0339 6B000000 		.4byte	0x6b
 1477 033d 02       		.uleb128 0x2
 1478 033e 91       		.byte	0x91
 1479 033f 76       		.sleb128 -10
 1480 0340 00       		.byte	0
 1481 0341 02       		.uleb128 0x2
 1482 0342 01       		.byte	0x1
 1483 0343 02       		.byte	0x2
 1484 0344 BE020000 		.4byte	.LASF38
 1485 0348 07       		.uleb128 0x7
 1486 0349 B9020000 		.4byte	.LASF39
 1487 034d 01       		.byte	0x1
 1488 034e 6E       		.byte	0x6e
 1489 034f AE000000 		.4byte	0xae
 1490 0353 00000000 		.4byte	.LFB7
 1491 0357 6A000000 		.4byte	.LFE7-.LFB7
 1492 035b 01       		.uleb128 0x1
 1493 035c 9C       		.byte	0x9c
 1494 035d 7E030000 		.4byte	0x37e
ARM GAS  C:\Users\Lenovo\AppData\Local\Temp\ccBukUSZ.s 			page 30


 1495 0361 0E       		.uleb128 0xe
 1496 0362 76616C00 		.ascii	"val\000"
 1497 0366 01       		.byte	0x1
 1498 0367 6E       		.byte	0x6e
 1499 0368 AE000000 		.4byte	0xae
 1500 036c 02       		.uleb128 0x2
 1501 036d 91       		.byte	0x91
 1502 036e 68       		.sleb128 -24
 1503 036f 09       		.uleb128 0x9
 1504 0370 E9000000 		.4byte	.LASF25
 1505 0374 01       		.byte	0x1
 1506 0375 70       		.byte	0x70
 1507 0376 9B000000 		.4byte	0x9b
 1508 037a 02       		.uleb128 0x2
 1509 037b 91       		.byte	0x91
 1510 037c 74       		.sleb128 -12
 1511 037d 00       		.byte	0
 1512 037e 0D       		.uleb128 0xd
 1513 037f C5000000 		.4byte	.LASF40
 1514 0383 01       		.byte	0x1
 1515 0384 74       		.byte	0x74
 1516 0385 77000000 		.4byte	0x77
 1517 0389 00000000 		.4byte	.LFB8
 1518 038d 4E000000 		.4byte	.LFE8-.LFB8
 1519 0391 01       		.uleb128 0x1
 1520 0392 9C       		.byte	0x9c
 1521 0393 CA030000 		.4byte	0x3ca
 1522 0397 0E       		.uleb128 0xe
 1523 0398 7200     		.ascii	"r\000"
 1524 039a 01       		.byte	0x1
 1525 039b 74       		.byte	0x74
 1526 039c 6B000000 		.4byte	0x6b
 1527 03a0 02       		.uleb128 0x2
 1528 03a1 91       		.byte	0x91
 1529 03a2 6F       		.sleb128 -17
 1530 03a3 0E       		.uleb128 0xe
 1531 03a4 6700     		.ascii	"g\000"
 1532 03a6 01       		.byte	0x1
 1533 03a7 74       		.byte	0x74
 1534 03a8 6B000000 		.4byte	0x6b
 1535 03ac 02       		.uleb128 0x2
 1536 03ad 91       		.byte	0x91
 1537 03ae 6E       		.sleb128 -18
 1538 03af 0E       		.uleb128 0xe
 1539 03b0 6200     		.ascii	"b\000"
 1540 03b2 01       		.byte	0x1
 1541 03b3 74       		.byte	0x74
 1542 03b4 6B000000 		.4byte	0x6b
 1543 03b8 02       		.uleb128 0x2
 1544 03b9 91       		.byte	0x91
 1545 03ba 6D       		.sleb128 -19
 1546 03bb 09       		.uleb128 0x9
 1547 03bc BD010000 		.4byte	.LASF41
 1548 03c0 01       		.byte	0x1
 1549 03c1 76       		.byte	0x76
 1550 03c2 77000000 		.4byte	0x77
 1551 03c6 02       		.uleb128 0x2
ARM GAS  C:\Users\Lenovo\AppData\Local\Temp\ccBukUSZ.s 			page 31


 1552 03c7 91       		.byte	0x91
 1553 03c8 76       		.sleb128 -10
 1554 03c9 00       		.byte	0
 1555 03ca 0D       		.uleb128 0xd
 1556 03cb DB000000 		.4byte	.LASF42
 1557 03cf 01       		.byte	0x1
 1558 03d0 81       		.byte	0x81
 1559 03d1 41030000 		.4byte	0x341
 1560 03d5 00000000 		.4byte	.LFB9
 1561 03d9 44000000 		.4byte	.LFE9-.LFB9
 1562 03dd 01       		.uleb128 0x1
 1563 03de 9C       		.byte	0x9c
 1564 03df 1C040000 		.4byte	0x41c
 1565 03e3 08       		.uleb128 0x8
 1566 03e4 53020000 		.4byte	.LASF22
 1567 03e8 01       		.byte	0x1
 1568 03e9 81       		.byte	0x81
 1569 03ea E2000000 		.4byte	0xe2
 1570 03ee 02       		.uleb128 0x2
 1571 03ef 91       		.byte	0x91
 1572 03f0 6C       		.sleb128 -20
 1573 03f1 08       		.uleb128 0x8
 1574 03f2 F1010000 		.4byte	.LASF23
 1575 03f6 01       		.byte	0x1
 1576 03f7 81       		.byte	0x81
 1577 03f8 6B000000 		.4byte	0x6b
 1578 03fc 02       		.uleb128 0x2
 1579 03fd 91       		.byte	0x91
 1580 03fe 6B       		.sleb128 -21
 1581 03ff 09       		.uleb128 0x9
 1582 0400 E9000000 		.4byte	.LASF25
 1583 0404 01       		.byte	0x1
 1584 0405 83       		.byte	0x83
 1585 0406 41030000 		.4byte	0x341
 1586 040a 02       		.uleb128 0x2
 1587 040b 91       		.byte	0x91
 1588 040c 77       		.sleb128 -9
 1589 040d 09       		.uleb128 0x9
 1590 040e 68020000 		.4byte	.LASF26
 1591 0412 01       		.byte	0x1
 1592 0413 84       		.byte	0x84
 1593 0414 6B000000 		.4byte	0x6b
 1594 0418 02       		.uleb128 0x2
 1595 0419 91       		.byte	0x91
 1596 041a 76       		.sleb128 -10
 1597 041b 00       		.byte	0
 1598 041c 0F       		.uleb128 0xf
 1599 041d 4A000000 		.4byte	.LASF46
 1600 0421 03       		.byte	0x3
 1601 0422 52       		.byte	0x52
 1602 0423 6B000000 		.4byte	0x6b
 1603 0427 05       		.uleb128 0x5
 1604 0428 03       		.byte	0x3
 1605 0429 00000000 		.4byte	HoseDispenser
 1606 042d 00       		.byte	0
 1607              		.section	.debug_abbrev,"",%progbits
 1608              	.Ldebug_abbrev0:
ARM GAS  C:\Users\Lenovo\AppData\Local\Temp\ccBukUSZ.s 			page 32


 1609 0000 01       		.uleb128 0x1
 1610 0001 11       		.uleb128 0x11
 1611 0002 01       		.byte	0x1
 1612 0003 25       		.uleb128 0x25
 1613 0004 0E       		.uleb128 0xe
 1614 0005 13       		.uleb128 0x13
 1615 0006 0B       		.uleb128 0xb
 1616 0007 03       		.uleb128 0x3
 1617 0008 0E       		.uleb128 0xe
 1618 0009 1B       		.uleb128 0x1b
 1619 000a 0E       		.uleb128 0xe
 1620 000b 55       		.uleb128 0x55
 1621 000c 17       		.uleb128 0x17
 1622 000d 11       		.uleb128 0x11
 1623 000e 01       		.uleb128 0x1
 1624 000f 10       		.uleb128 0x10
 1625 0010 17       		.uleb128 0x17
 1626 0011 00       		.byte	0
 1627 0012 00       		.byte	0
 1628 0013 02       		.uleb128 0x2
 1629 0014 24       		.uleb128 0x24
 1630 0015 00       		.byte	0
 1631 0016 0B       		.uleb128 0xb
 1632 0017 0B       		.uleb128 0xb
 1633 0018 3E       		.uleb128 0x3e
 1634 0019 0B       		.uleb128 0xb
 1635 001a 03       		.uleb128 0x3
 1636 001b 0E       		.uleb128 0xe
 1637 001c 00       		.byte	0
 1638 001d 00       		.byte	0
 1639 001e 03       		.uleb128 0x3
 1640 001f 24       		.uleb128 0x24
 1641 0020 00       		.byte	0
 1642 0021 0B       		.uleb128 0xb
 1643 0022 0B       		.uleb128 0xb
 1644 0023 3E       		.uleb128 0x3e
 1645 0024 0B       		.uleb128 0xb
 1646 0025 03       		.uleb128 0x3
 1647 0026 08       		.uleb128 0x8
 1648 0027 00       		.byte	0
 1649 0028 00       		.byte	0
 1650 0029 04       		.uleb128 0x4
 1651 002a 16       		.uleb128 0x16
 1652 002b 00       		.byte	0
 1653 002c 03       		.uleb128 0x3
 1654 002d 0E       		.uleb128 0xe
 1655 002e 3A       		.uleb128 0x3a
 1656 002f 0B       		.uleb128 0xb
 1657 0030 3B       		.uleb128 0x3b
 1658 0031 05       		.uleb128 0x5
 1659 0032 49       		.uleb128 0x49
 1660 0033 13       		.uleb128 0x13
 1661 0034 00       		.byte	0
 1662 0035 00       		.byte	0
 1663 0036 05       		.uleb128 0x5
 1664 0037 16       		.uleb128 0x16
 1665 0038 00       		.byte	0
ARM GAS  C:\Users\Lenovo\AppData\Local\Temp\ccBukUSZ.s 			page 33


 1666 0039 03       		.uleb128 0x3
 1667 003a 0E       		.uleb128 0xe
 1668 003b 3A       		.uleb128 0x3a
 1669 003c 0B       		.uleb128 0xb
 1670 003d 3B       		.uleb128 0x3b
 1671 003e 0B       		.uleb128 0xb
 1672 003f 49       		.uleb128 0x49
 1673 0040 13       		.uleb128 0x13
 1674 0041 00       		.byte	0
 1675 0042 00       		.byte	0
 1676 0043 06       		.uleb128 0x6
 1677 0044 0F       		.uleb128 0xf
 1678 0045 00       		.byte	0
 1679 0046 0B       		.uleb128 0xb
 1680 0047 0B       		.uleb128 0xb
 1681 0048 49       		.uleb128 0x49
 1682 0049 13       		.uleb128 0x13
 1683 004a 00       		.byte	0
 1684 004b 00       		.byte	0
 1685 004c 07       		.uleb128 0x7
 1686 004d 2E       		.uleb128 0x2e
 1687 004e 01       		.byte	0x1
 1688 004f 3F       		.uleb128 0x3f
 1689 0050 19       		.uleb128 0x19
 1690 0051 03       		.uleb128 0x3
 1691 0052 0E       		.uleb128 0xe
 1692 0053 3A       		.uleb128 0x3a
 1693 0054 0B       		.uleb128 0xb
 1694 0055 3B       		.uleb128 0x3b
 1695 0056 0B       		.uleb128 0xb
 1696 0057 27       		.uleb128 0x27
 1697 0058 19       		.uleb128 0x19
 1698 0059 49       		.uleb128 0x49
 1699 005a 13       		.uleb128 0x13
 1700 005b 11       		.uleb128 0x11
 1701 005c 01       		.uleb128 0x1
 1702 005d 12       		.uleb128 0x12
 1703 005e 06       		.uleb128 0x6
 1704 005f 40       		.uleb128 0x40
 1705 0060 18       		.uleb128 0x18
 1706 0061 9642     		.uleb128 0x2116
 1707 0063 19       		.uleb128 0x19
 1708 0064 01       		.uleb128 0x1
 1709 0065 13       		.uleb128 0x13
 1710 0066 00       		.byte	0
 1711 0067 00       		.byte	0
 1712 0068 08       		.uleb128 0x8
 1713 0069 05       		.uleb128 0x5
 1714 006a 00       		.byte	0
 1715 006b 03       		.uleb128 0x3
 1716 006c 0E       		.uleb128 0xe
 1717 006d 3A       		.uleb128 0x3a
 1718 006e 0B       		.uleb128 0xb
 1719 006f 3B       		.uleb128 0x3b
 1720 0070 0B       		.uleb128 0xb
 1721 0071 49       		.uleb128 0x49
 1722 0072 13       		.uleb128 0x13
ARM GAS  C:\Users\Lenovo\AppData\Local\Temp\ccBukUSZ.s 			page 34


 1723 0073 02       		.uleb128 0x2
 1724 0074 18       		.uleb128 0x18
 1725 0075 00       		.byte	0
 1726 0076 00       		.byte	0
 1727 0077 09       		.uleb128 0x9
 1728 0078 34       		.uleb128 0x34
 1729 0079 00       		.byte	0
 1730 007a 03       		.uleb128 0x3
 1731 007b 0E       		.uleb128 0xe
 1732 007c 3A       		.uleb128 0x3a
 1733 007d 0B       		.uleb128 0xb
 1734 007e 3B       		.uleb128 0x3b
 1735 007f 0B       		.uleb128 0xb
 1736 0080 49       		.uleb128 0x49
 1737 0081 13       		.uleb128 0x13
 1738 0082 02       		.uleb128 0x2
 1739 0083 18       		.uleb128 0x18
 1740 0084 00       		.byte	0
 1741 0085 00       		.byte	0
 1742 0086 0A       		.uleb128 0xa
 1743 0087 2E       		.uleb128 0x2e
 1744 0088 01       		.byte	0x1
 1745 0089 3F       		.uleb128 0x3f
 1746 008a 19       		.uleb128 0x19
 1747 008b 03       		.uleb128 0x3
 1748 008c 0E       		.uleb128 0xe
 1749 008d 3A       		.uleb128 0x3a
 1750 008e 0B       		.uleb128 0xb
 1751 008f 3B       		.uleb128 0x3b
 1752 0090 0B       		.uleb128 0xb
 1753 0091 27       		.uleb128 0x27
 1754 0092 19       		.uleb128 0x19
 1755 0093 11       		.uleb128 0x11
 1756 0094 01       		.uleb128 0x1
 1757 0095 12       		.uleb128 0x12
 1758 0096 06       		.uleb128 0x6
 1759 0097 40       		.uleb128 0x40
 1760 0098 18       		.uleb128 0x18
 1761 0099 9642     		.uleb128 0x2116
 1762 009b 19       		.uleb128 0x19
 1763 009c 01       		.uleb128 0x1
 1764 009d 13       		.uleb128 0x13
 1765 009e 00       		.byte	0
 1766 009f 00       		.byte	0
 1767 00a0 0B       		.uleb128 0xb
 1768 00a1 2E       		.uleb128 0x2e
 1769 00a2 01       		.byte	0x1
 1770 00a3 3F       		.uleb128 0x3f
 1771 00a4 19       		.uleb128 0x19
 1772 00a5 03       		.uleb128 0x3
 1773 00a6 0E       		.uleb128 0xe
 1774 00a7 3A       		.uleb128 0x3a
 1775 00a8 0B       		.uleb128 0xb
 1776 00a9 3B       		.uleb128 0x3b
 1777 00aa 0B       		.uleb128 0xb
 1778 00ab 27       		.uleb128 0x27
 1779 00ac 19       		.uleb128 0x19
ARM GAS  C:\Users\Lenovo\AppData\Local\Temp\ccBukUSZ.s 			page 35


 1780 00ad 11       		.uleb128 0x11
 1781 00ae 01       		.uleb128 0x1
 1782 00af 12       		.uleb128 0x12
 1783 00b0 06       		.uleb128 0x6
 1784 00b1 40       		.uleb128 0x40
 1785 00b2 18       		.uleb128 0x18
 1786 00b3 9742     		.uleb128 0x2117
 1787 00b5 19       		.uleb128 0x19
 1788 00b6 01       		.uleb128 0x1
 1789 00b7 13       		.uleb128 0x13
 1790 00b8 00       		.byte	0
 1791 00b9 00       		.byte	0
 1792 00ba 0C       		.uleb128 0xc
 1793 00bb 0B       		.uleb128 0xb
 1794 00bc 01       		.byte	0x1
 1795 00bd 11       		.uleb128 0x11
 1796 00be 01       		.uleb128 0x1
 1797 00bf 12       		.uleb128 0x12
 1798 00c0 06       		.uleb128 0x6
 1799 00c1 00       		.byte	0
 1800 00c2 00       		.byte	0
 1801 00c3 0D       		.uleb128 0xd
 1802 00c4 2E       		.uleb128 0x2e
 1803 00c5 01       		.byte	0x1
 1804 00c6 3F       		.uleb128 0x3f
 1805 00c7 19       		.uleb128 0x19
 1806 00c8 03       		.uleb128 0x3
 1807 00c9 0E       		.uleb128 0xe
 1808 00ca 3A       		.uleb128 0x3a
 1809 00cb 0B       		.uleb128 0xb
 1810 00cc 3B       		.uleb128 0x3b
 1811 00cd 0B       		.uleb128 0xb
 1812 00ce 27       		.uleb128 0x27
 1813 00cf 19       		.uleb128 0x19
 1814 00d0 49       		.uleb128 0x49
 1815 00d1 13       		.uleb128 0x13
 1816 00d2 11       		.uleb128 0x11
 1817 00d3 01       		.uleb128 0x1
 1818 00d4 12       		.uleb128 0x12
 1819 00d5 06       		.uleb128 0x6
 1820 00d6 40       		.uleb128 0x40
 1821 00d7 18       		.uleb128 0x18
 1822 00d8 9742     		.uleb128 0x2117
 1823 00da 19       		.uleb128 0x19
 1824 00db 01       		.uleb128 0x1
 1825 00dc 13       		.uleb128 0x13
 1826 00dd 00       		.byte	0
 1827 00de 00       		.byte	0
 1828 00df 0E       		.uleb128 0xe
 1829 00e0 05       		.uleb128 0x5
 1830 00e1 00       		.byte	0
 1831 00e2 03       		.uleb128 0x3
 1832 00e3 08       		.uleb128 0x8
 1833 00e4 3A       		.uleb128 0x3a
 1834 00e5 0B       		.uleb128 0xb
 1835 00e6 3B       		.uleb128 0x3b
 1836 00e7 0B       		.uleb128 0xb
ARM GAS  C:\Users\Lenovo\AppData\Local\Temp\ccBukUSZ.s 			page 36


 1837 00e8 49       		.uleb128 0x49
 1838 00e9 13       		.uleb128 0x13
 1839 00ea 02       		.uleb128 0x2
 1840 00eb 18       		.uleb128 0x18
 1841 00ec 00       		.byte	0
 1842 00ed 00       		.byte	0
 1843 00ee 0F       		.uleb128 0xf
 1844 00ef 34       		.uleb128 0x34
 1845 00f0 00       		.byte	0
 1846 00f1 03       		.uleb128 0x3
 1847 00f2 0E       		.uleb128 0xe
 1848 00f3 3A       		.uleb128 0x3a
 1849 00f4 0B       		.uleb128 0xb
 1850 00f5 3B       		.uleb128 0x3b
 1851 00f6 0B       		.uleb128 0xb
 1852 00f7 49       		.uleb128 0x49
 1853 00f8 13       		.uleb128 0x13
 1854 00f9 3F       		.uleb128 0x3f
 1855 00fa 19       		.uleb128 0x19
 1856 00fb 02       		.uleb128 0x2
 1857 00fc 18       		.uleb128 0x18
 1858 00fd 00       		.byte	0
 1859 00fe 00       		.byte	0
 1860 00ff 00       		.byte	0
 1861              		.section	.debug_aranges,"",%progbits
 1862 0000 64000000 		.4byte	0x64
 1863 0004 0200     		.2byte	0x2
 1864 0006 00000000 		.4byte	.Ldebug_info0
 1865 000a 04       		.byte	0x4
 1866 000b 00       		.byte	0
 1867 000c 0000     		.2byte	0
 1868 000e 0000     		.2byte	0
 1869 0010 00000000 		.4byte	.LFB0
 1870 0014 CA000000 		.4byte	.LFE0-.LFB0
 1871 0018 00000000 		.4byte	.LFB1
 1872 001c DC010000 		.4byte	.LFE1-.LFB1
 1873 0020 00000000 		.4byte	.LFB2
 1874 0024 7A000000 		.4byte	.LFE2-.LFB2
 1875 0028 00000000 		.4byte	.LFB3
 1876 002c 86000000 		.4byte	.LFE3-.LFB3
 1877 0030 00000000 		.4byte	.LFB4
 1878 0034 94000000 		.4byte	.LFE4-.LFB4
 1879 0038 00000000 		.4byte	.LFB5
 1880 003c A0000000 		.4byte	.LFE5-.LFB5
 1881 0040 00000000 		.4byte	.LFB6
 1882 0044 4A000000 		.4byte	.LFE6-.LFB6
 1883 0048 00000000 		.4byte	.LFB7
 1884 004c 6A000000 		.4byte	.LFE7-.LFB7
 1885 0050 00000000 		.4byte	.LFB8
 1886 0054 4E000000 		.4byte	.LFE8-.LFB8
 1887 0058 00000000 		.4byte	.LFB9
 1888 005c 44000000 		.4byte	.LFE9-.LFB9
 1889 0060 00000000 		.4byte	0
 1890 0064 00000000 		.4byte	0
 1891              		.section	.debug_ranges,"",%progbits
 1892              	.Ldebug_ranges0:
 1893 0000 00000000 		.4byte	.LFB0
ARM GAS  C:\Users\Lenovo\AppData\Local\Temp\ccBukUSZ.s 			page 37


 1894 0004 CA000000 		.4byte	.LFE0
 1895 0008 00000000 		.4byte	.LFB1
 1896 000c DC010000 		.4byte	.LFE1
 1897 0010 00000000 		.4byte	.LFB2
 1898 0014 7A000000 		.4byte	.LFE2
 1899 0018 00000000 		.4byte	.LFB3
 1900 001c 86000000 		.4byte	.LFE3
 1901 0020 00000000 		.4byte	.LFB4
 1902 0024 94000000 		.4byte	.LFE4
 1903 0028 00000000 		.4byte	.LFB5
 1904 002c A0000000 		.4byte	.LFE5
 1905 0030 00000000 		.4byte	.LFB6
 1906 0034 4A000000 		.4byte	.LFE6
 1907 0038 00000000 		.4byte	.LFB7
 1908 003c 6A000000 		.4byte	.LFE7
 1909 0040 00000000 		.4byte	.LFB8
 1910 0044 4E000000 		.4byte	.LFE8
 1911 0048 00000000 		.4byte	.LFB9
 1912 004c 44000000 		.4byte	.LFE9
 1913 0050 00000000 		.4byte	0
 1914 0054 00000000 		.4byte	0
 1915              		.section	.debug_line,"",%progbits
 1916              	.Ldebug_line0:
 1917 0000 D8010000 		.section	.debug_str,"MS",%progbits,1
 1917      02005D00 
 1917      00000201 
 1917      FB0E0D00 
 1917      01010101 
 1918              	.LASF28:
 1919 0000 42373841 		.ascii	"B78AD90CF552D9B30A\000"
 1919      44393043 
 1919      46353532 
 1919      44394233 
 1919      304100
 1920              	.LASF31:
 1921 0013 696E6465 		.ascii	"index0\000"
 1921      783000
 1922              	.LASF32:
 1923 001a 696E6465 		.ascii	"index1\000"
 1923      783100
 1924              	.LASF37:
 1925 0021 49535641 		.ascii	"ISVALIDBCD\000"
 1925      4C494442 
 1925      434400
 1926              	.LASF33:
 1927 002c 42434450 		.ascii	"BCDPositiveValueToUInt\000"
 1927      6F736974 
 1927      69766556 
 1927      616C7565 
 1927      546F5549 
 1928              	.LASF16:
 1929 0043 75696E74 		.ascii	"uint64\000"
 1929      363400
 1930              	.LASF46:
 1931 004a 486F7365 		.ascii	"HoseDispenser\000"
 1931      44697370 
 1931      656E7365 
ARM GAS  C:\Users\Lenovo\AppData\Local\Temp\ccBukUSZ.s 			page 38


 1931      7200
 1932              	.LASF36:
 1933 0058 4D534442 		.ascii	"MSDBCDBUFF2HEX\000"
 1933      43444255 
 1933      46463248 
 1933      455800
 1934              	.LASF45:
 1935 0067 433A5C55 		.ascii	"C:\\Users\\Lenovo\\Documents\\GitHub\\CorEx-MUX-Ker"
 1935      73657273 
 1935      5C4C656E 
 1935      6F766F5C 
 1935      446F6375 
 1936 0095 6E656C2D 		.ascii	"nel-Enhanced\\Workspace01\\CorEx-Mux-Kernel.cydsn\000"
 1936      456E6861 
 1936      6E636564 
 1936      5C576F72 
 1936      6B737061 
 1937              	.LASF40:
 1938 00c5 52474232 		.ascii	"RGB216BITS\000"
 1938      31364249 
 1938      545300
 1939              	.LASF14:
 1940 00d0 666C6F61 		.ascii	"float\000"
 1940      7400
 1941              	.LASF24:
 1942 00d6 6D61736B 		.ascii	"mask\000"
 1942      00
 1943              	.LASF42:
 1944 00db 49534153 		.ascii	"ISASCIIPRNBLE\000"
 1944      43494950 
 1944      524E424C 
 1944      4500
 1945              	.LASF25:
 1946 00e9 72657476 		.ascii	"retval\000"
 1946      616C00
 1947              	.LASF17:
 1948 00f0 63686172 		.ascii	"char8\000"
 1948      3800
 1949              	.LASF5:
 1950 00f6 6C6F6E67 		.ascii	"long unsigned int\000"
 1950      20756E73 
 1950      69676E65 
 1950      6420696E 
 1950      7400
 1951              	.LASF13:
 1952 0108 696E7433 		.ascii	"int32\000"
 1952      3200
 1953              	.LASF1:
 1954 010e 756E7369 		.ascii	"unsigned char\000"
 1954      676E6564 
 1954      20636861 
 1954      7200
 1955              	.LASF43:
 1956 011c 474E5520 		.ascii	"GNU C 4.9.3 20150303 (release) [ARM/embedded-4_9-br"
 1956      4320342E 
 1956      392E3320 
 1956      32303135 
ARM GAS  C:\Users\Lenovo\AppData\Local\Temp\ccBukUSZ.s 			page 39


 1956      30333033 
 1957 014f 616E6368 		.ascii	"anch revision 221220] -mcpu=cortex-m3 -mthumb -g -O"
 1957      20726576 
 1957      6973696F 
 1957      6E203232 
 1957      31323230 
 1958 0182 30202D66 		.ascii	"0 -ffunction-sections -ffat-lto-objects\000"
 1958      66756E63 
 1958      74696F6E 
 1958      2D736563 
 1958      74696F6E 
 1959              	.LASF15:
 1960 01aa 646F7562 		.ascii	"double\000"
 1960      6C6500
 1961              	.LASF20:
 1962 01b1 6C6F6E67 		.ascii	"long double\000"
 1962      20646F75 
 1962      626C6500 
 1963              	.LASF41:
 1964 01bd 636F6465 		.ascii	"code\000"
 1964      00
 1965              	.LASF10:
 1966 01c2 75696E74 		.ascii	"uint16\000"
 1966      313600
 1967              	.LASF12:
 1968 01c9 696E7438 		.ascii	"int8\000"
 1968      00
 1969              	.LASF21:
 1970 01ce 504E4541 		.ascii	"PNEAR_BYTE_PTR\000"
 1970      525F4259 
 1970      54455F50 
 1970      545200
 1971              	.LASF11:
 1972 01dd 75696E74 		.ascii	"uint32\000"
 1972      333200
 1973              	.LASF8:
 1974 01e4 756E7369 		.ascii	"unsigned int\000"
 1974      676E6564 
 1974      20696E74 
 1974      00
 1975              	.LASF23:
 1976 01f1 62756666 		.ascii	"buffersize\000"
 1976      65727369 
 1976      7A6500
 1977              	.LASF7:
 1978 01fc 6C6F6E67 		.ascii	"long long unsigned int\000"
 1978      206C6F6E 
 1978      6720756E 
 1978      7369676E 
 1978      65642069 
 1979              	.LASF27:
 1980 0213 6E756D62 		.ascii	"number\000"
 1980      657200
 1981              	.LASF35:
 1982 021a 4C534442 		.ascii	"LSDBCDBUFF2HEX\000"
 1982      43444255 
 1982      46463248 
ARM GAS  C:\Users\Lenovo\AppData\Local\Temp\ccBukUSZ.s 			page 40


 1982      455800
 1983              	.LASF19:
 1984 0229 73697A65 		.ascii	"sizetype\000"
 1984      74797065 
 1984      00
 1985              	.LASF3:
 1986 0232 73686F72 		.ascii	"short unsigned int\000"
 1986      7420756E 
 1986      7369676E 
 1986      65642069 
 1986      6E7400
 1987              	.LASF6:
 1988 0245 6C6F6E67 		.ascii	"long long int\000"
 1988      206C6F6E 
 1988      6720696E 
 1988      7400
 1989              	.LASF22:
 1990 0253 70627566 		.ascii	"pbuffer\000"
 1990      66657200 
 1991              	.LASF29:
 1992 025b 50535452 		.ascii	"PSTRBUFFTOGG\000"
 1992      42554646 
 1992      544F4747 
 1992      00
 1993              	.LASF26:
 1994 0268 696E6465 		.ascii	"index\000"
 1994      7800
 1995              	.LASF2:
 1996 026e 73686F72 		.ascii	"short int\000"
 1996      7420696E 
 1996      7400
 1997              	.LASF9:
 1998 0278 75696E74 		.ascii	"uint8\000"
 1998      3800
 1999              	.LASF30:
 2000 027e 76616C6E 		.ascii	"valndx\000"
 2000      647800
 2001              	.LASF34:
 2002 0285 444C5344 		.ascii	"DLSDBCDBUFF2HEX\000"
 2002      42434442 
 2002      55464632 
 2002      48455800 
 2003              	.LASF4:
 2004 0295 6C6F6E67 		.ascii	"long int\000"
 2004      20696E74 
 2004      00
 2005              	.LASF18:
 2006 029e 63686172 		.ascii	"char\000"
 2006      00
 2007              	.LASF44:
 2008 02a3 2E5C5574 		.ascii	".\\Utils.c\000"
 2008      696C732E 
 2008      6300
 2009              	.LASF0:
 2010 02ad 7369676E 		.ascii	"signed char\000"
 2010      65642063 
 2010      68617200 
ARM GAS  C:\Users\Lenovo\AppData\Local\Temp\ccBukUSZ.s 			page 41


 2011              	.LASF39:
 2012 02b9 4365696C 		.ascii	"Ceil\000"
 2012      00
 2013              	.LASF38:
 2014 02be 5F426F6F 		.ascii	"_Bool\000"
 2014      6C00
 2015              		.ident	"GCC: (GNU Tools for ARM Embedded Processors) 4.9.3 20150303 (release) [ARM/embedded-4_9-br
