#***************************************************************************

#sjplacer

#Version:            1.1

#Build Date:         Oct  1 2015 13:46:59

#File Generated:     May 4 2017 14:01:08

#Purpose:            

#Copyright (C) 2010-2011 by Softjin Technologies Pvt Ltd. All rights reserved.

#***************************************************************************

Executing : C:\Program Files (x86)\Cypress\PSoC Creator\3.3\PSoC Creator\bin/sjplacer.exe --proj-name CorEx-Mux-Kernel --netlist-vh2 CorEx-Mux-Kernel_p.vh2 --arch-file C:\Program Files (x86)\Cypress\PSoC Creator\3.3\PSoC Creator\dev/arch/p35_udb4x6.ark --rrg-file C:\Program Files (x86)\Cypress\PSoC Creator\3.3\PSoC Creator\dev/psoc5/psoc5lp/route_arch-rrg.cydata --irq-file C:\Program Files (x86)\Cypress\PSoC Creator\3.3\PSoC Creator\dev/psoc5/psoc5lp/irqconn.cydata --drq-file C:\Program Files (x86)\Cypress\PSoC Creator\3.3\PSoC Creator\dev/psoc5/psoc5lp/dmaconn.cydata --dsi-conn-file C:\Program Files (x86)\Cypress\PSoC Creator\3.3\PSoC Creator\dev/psoc5/psoc5lp/dsiconn.cydata --pins-file pins_100-TQFP.xml --lib-file CorEx-Mux-Kernel_p.lib --sdc-file CorEx-Mux-Kernel.sdc --io-pcf CorEx-Mux-Kernel.pci --outdir .

		Softjin Techologies Placer, Version 1.1

Build Date : Oct  1 2015	13:44:59

D2004: Option and Settings Summary
=============================================================
Netlist vh2 file          - CorEx-Mux-Kernel_p.vh2
Architecture file         - C:\Program Files (x86)\Cypress\PSoC Creator\3.3\PSoC Creator\dev/arch/p35_udb4x6.ark
Package                   - 
Defparam file             - 
SDC file                  - CorEx-Mux-Kernel.sdc
Output directory          - .
Timing library            - CorEx-Mux-Kernel_p.lib
IO Placement file         - CorEx-Mux-Kernel.pci

D2050: Starting reading inputs for placer
=============================================================
D2065: Reading netlist file : "CorEx-Mux-Kernel_p.vh2"
D2065: Reading arch file : "C:\Program Files (x86)\Cypress\PSoC Creator\3.3\PSoC Creator\dev/arch/p35_udb4x6.ark"
D2051: Reading of inputs for placer completed successfully

D2053: Starting placement of the design
=============================================================

Phase 2
Phase 3

Design Statistics after Packing
    Number of Combinational MCs 	:	45
    Number of Sequential MCs    	:	84
    Number of DPs               	:	21
    Number of Controls          	:	16
    Number of Status            	:	15
    Number of SyncCells         	:	7
    Number of count7cells       	:	5

Device Utilization Summary after Packing
    Macrocells                  :	129/192
    UDBS                        :	22/24
    IOs                         :	15/72


D2088: Phase 3, elapsed time : 0.3 (sec)

Phase 4
D2088: Phase 4, elapsed time : 0.0 (sec)

Phase 5
D2088: Phase 5, elapsed time : 0.0 (sec)

Phase 6

######################################################################
Placement Timing Summary

The timing summary is based on estimated routing delays after
placement. For final timing report, please carry out the timing
analysis after routing.
======================================================================

######################################################################
                     Clock Summary 
======================================================================
Number of clocks: 14
Clock: Clock_Printer        | Frequency:  41.4 MHz | Target:   0.1 MHz
Clock: Clock_Pump           | Frequency:  39.5 MHz | Target:   0.0 MHz
Clock: CyBUS_CLK            | Frequency:  35.9 MHz | Target:  60.0 MHz
Clock: CyBUS_CLK(fixed-function) | Frequency: N/A       | Target:  60.0 MHz
Clock: CyILO                | Frequency: N/A       | Target:   0.0 MHz
Clock: CyIMO                | Frequency: N/A       | Target:   3.0 MHz
Clock: CyMASTER_CLK         | Frequency: N/A       | Target:  60.0 MHz
Clock: CyPLL_OUT            | Frequency: N/A       | Target:  60.0 MHz
Clock: Display1_IntClock    | Frequency:  51.6 MHz | Target:   0.5 MHz
Clock: Display2_IntClock    | Frequency:  42.2 MHz | Target:   0.5 MHz
Clock: RF_Physical_IntClock | Frequency:  37.9 MHz | Target:   0.1 MHz
Clock: timer_clock          | Frequency:  50.0 MHz | Target:   1.0 MHz
Clock: timer_clock_1        | Frequency: N/A       | Target:   1.0 MHz
Clock: timer_clock_1(fixed-function) | Frequency: N/A       | Target:   1.0 MHz

======================================================================
                     End of Clock Summary
######################################################################

D2088: Phase 6, elapsed time : 0.5 (sec)

Phase 7
######################################################################
                     Clock Summary 
======================================================================
Number of clocks: 14
Clock: Clock_Printer        | Frequency:  41.9 MHz | Target:   0.1 MHz
Clock: Clock_Pump           | Frequency:  37.9 MHz | Target:   0.0 MHz
Clock: CyBUS_CLK            | Frequency:  39.4 MHz | Target:  60.0 MHz
Clock: CyBUS_CLK(fixed-function) | Frequency: N/A       | Target:  60.0 MHz
Clock: CyILO                | Frequency: N/A       | Target:   0.0 MHz
Clock: CyIMO                | Frequency: N/A       | Target:   3.0 MHz
Clock: CyMASTER_CLK         | Frequency: N/A       | Target:  60.0 MHz
Clock: CyPLL_OUT            | Frequency: N/A       | Target:  60.0 MHz
Clock: Display1_IntClock    | Frequency:  51.4 MHz | Target:   0.5 MHz
Clock: Display2_IntClock    | Frequency:  47.8 MHz | Target:   0.5 MHz
Clock: RF_Physical_IntClock | Frequency:  41.0 MHz | Target:   0.1 MHz
Clock: timer_clock          | Frequency:  52.1 MHz | Target:   1.0 MHz
Clock: timer_clock_1        | Frequency: N/A       | Target:   1.0 MHz
Clock: timer_clock_1(fixed-function) | Frequency: N/A       | Target:   1.0 MHz

======================================================================
                     End of Clock Summary
######################################################################
D2088: Phase 7, elapsed time : 6.8 (sec)

Final Design Statistics
    Number of Combinational MCs 	:	45
    Number of Sequential MCs    	:	84
    Number of DPs               	:	21
    Number of Controls          	:	16
    Number of Status            	:	15
    Number of SyncCells         	:	7
    Number of count7cells       	:	5
    Number of IOs       	:	15

Device Utilization Summary
    Macrocells                  :	129/192
    IOs                         :	15/72



######################################################################
Placement Timing Summary

The timing summary is based on estimated routing delays after
placement. For final timing report, please carry out the timing
analysis after routing.
======================================================================


######################################################################
                     Clock Summary 
======================================================================
Number of clocks: 14
Clock: Clock_Printer        | Frequency:  57.2 MHz | Target:   0.1 MHz
Clock: Clock_Pump           | Frequency:  48.5 MHz | Target:   0.0 MHz
Clock: CyBUS_CLK            | Frequency:  41.2 MHz | Target:  60.0 MHz
Clock: CyBUS_CLK(fixed-function) | Frequency: N/A       | Target:  60.0 MHz
Clock: CyILO                | Frequency: N/A       | Target:   0.0 MHz
Clock: CyIMO                | Frequency: N/A       | Target:   3.0 MHz
Clock: CyMASTER_CLK         | Frequency: N/A       | Target:  60.0 MHz
Clock: CyPLL_OUT            | Frequency: N/A       | Target:  60.0 MHz
Clock: Display1_IntClock    | Frequency:  44.9 MHz | Target:   0.5 MHz
Clock: Display2_IntClock    | Frequency:  51.9 MHz | Target:   0.5 MHz
Clock: RF_Physical_IntClock | Frequency:  51.9 MHz | Target:   0.1 MHz
Clock: timer_clock          | Frequency:  59.7 MHz | Target:   1.0 MHz
Clock: timer_clock_1        | Frequency: N/A       | Target:   1.0 MHz
Clock: timer_clock_1(fixed-function) | Frequency: N/A       | Target:   1.0 MHz

======================================================================
                     End of Clock Summary
######################################################################

Phase 8
D2088: Phase 8, elapsed time : 0.0 (sec)

D2054: Placement of the design completed successfully

I2076: Total run-time: 11.1 sec.

